q ' u c h u m a t a
m u n t
i m x t
a n a t
y a t t a
q ' u c h u m a n a k a t a
j u y k h
q i n t u s
q ' u c h u m a n a k a t a k i
a n a t t
p a r a x
q i r a r
s i k i l
i q t ' t
p a r a m
p a r a p
y a t i j a
p u l u x
p u l u p
m u n a ñ a
a l k a t i
i q t a s i
j a r i t u
y a t i t u
a j s u y i
m u n i t a
j a r a j a
i q t ' t a
q ' u p s t
p ' i y a r i
i m x i s t a
p ' i y a r t
y a t i s t a
y a t i n i
l a q a t u
p u l u n i
i n k u r t a
m u n i s t a
i n k u r a n
c h ' u s a x
c h ' u s a p
q i r a r i m
a l k a t t a
p a n t a r i
s i k i l i m
i m x a n i
q h u p i r t
i q t ' t a n
i q t ' a j a
a j s u y a ñ a
c h ' i q i y i
c h ' i q i y t
a n a t a ñ a
j a y s t a n
a j s u y t a n
j a y s s ñ a
q ' a c h a s t
q ' a c h a s i
a j s u y i t u
a n u   q a l l
p a r a p u r a
q ' u c h u x a
k ' u s i l l o
a n a t a p a
i n a m u k t a
p a l l t i r i
q ' u c h u p a
j a y s a j a
c h ' u s i t u
a p t h a p t a
a l l t h a p i
i n k u r a ñ a
q ' u c h s ñ a
q ' u c h u t a
q i r a r i x a
c h ' u s a s a
c h ' u s a j a
q i r a r i s a
p a r a n a k
c h ' u s a ñ a
a l k a t t a n
a l k a t s ñ a
a l k a t a j a
i q t a s i t u
t u r k a q t a
i q t a s i m a
s i k i l i t a
j a y s i s t u
p a r a x a r u
j a r a j a t a
m u n a t a n a
q h u p i r a n
q a w i t a n i
i q t a s i j a
i q t ' t a m a
i q t ' i s t u
q ' u c h u n i
p a r a k a m a
a n a t a n a k a n a
m u n i t a n i
q ' u c h u j a
p a n t a r t a
p a n t a r a n
a c h j a y a ñ a
j u y k h u t a
j u y k h u x a
j u y k h u r u
a n a t a k a m a
j u y k h u n i
a n a t a t a n a
j a m p ' a t t a
p a l l t i r i s
p ' i y a r i t u
p ' i y a r a n i
p ' i y a r t a n
q ' u c h j a m a
k a l l k a t t a
i n a m u k t a n
p a l l t i r i x
p u l u x a n a
p u l u x a r u
p u l u s a r u
p u l u x a t a
p u l u m a t a
q i n t u m a t a
q i n t u p a t a
y a t i y i r i
i m x i t a s m a
k a t u s x a j a
q h u p i r i t u
q i n t u s j a m a
q ' a c h a s t a n
p u l p a c h a
p a l l t i r i p
m u n a t a y t a
m u n i r k a t a
i n k u r a t a m
l a k j a t p a n
l a k j a t a y t
q i r a r i m p i
c h ' u s a s m a
a l k a t i s t a
a l k a t t a m a
c h ' u s a t a m
p a r a p j a m a
i q t a s t a m a
c h ' u s i s t a
j a l a k a t t a
a n a t a p u r a
s i k i l i m p i
a l k a t i s t u
i m x i r k a t a
a n u   q a l l u m
a n a t p a c h a
q h u p i r t a n
a n a t a s m a
q a w i t j a m a
p a n t a r s ñ a
i q t ' a m a m a
i q t ' a t a n a
a t i p x a ñ a p a
t u r k a q i t a
j a r a t a y s i t u
y a t i t a s p a
a j s u y a t a m
q ' u p s u r k i
q ' u p s u s t a
q i n t u m a r u
q ' u p s u r i k t a
m u n s i t a n i
q u r p a n i n i
t u r k a q s ñ a
p a n t a r i t a
i n k u r i r k i
p a n t a r t a n
q ' u c h u s m a
s u q ' u s a m a
a n a t a n a k a
i n a m u k u m a
q ' u p s u t a m
q i n t p a c h a
j a m p ' a t s ñ a
s i k i l j a m a
q ' u c h u p a t a
q ' u c h u p a n i
a n a t i r i k t a
p ' i y a r a t a m
a j s u y a t a y t
c h ' i q i y a j a
a j s u y a j a t a
l a q a t u n a k
t u m a y k u x a
t u r k a q a s m a
p u l u m j a m a
p u l u s a n a k
p a n t a r a j a
l a k j s a p a n a
y a t i y i r i x
a n a t a x a r u
j a c h k a t s ñ a
a p t h a p i r k i
p a r a p a t a k i
j a m p ' a t i m a
a j s u y a m a m a
i q t ' s i t a n i
i m x a t a y s m a
l a k j a s m a n a
p a n p a c h a s t a
m u n i r i k s m a
i n k u r a t a y t
m u n i r i k s t a
i n k u r i t a n i
q ' u c h u t a n a
q i r a r i x a t a
q i r a r i k a m a
q i r a r i t a k i
c h ' a w a n i m a
k ' u s i l l o t a
a l k a t i t a t a
c h ' a w a n i j a
a l k a t a m a m a
a l k a t a t p a n
a l k a t i t a n i
i q t a s i m a m a
k ' u s i l l o m a
q i r a r i s a n i
c h ' u s a k a m a
k ' u s i l l o x a
k ' u s i l l o s a
c h ' u s a j a t a
q ' u c h u s a r u
c h ' a w a n i t u
c h ' u s a t a n a
s i k i l i x a t a
q ' u c h u m a m p i
k ' u s i l l o n i
c h u q i l l a t a
i m x a t a y t a
q i n t u s a n a k
p a n t a r i r k i
c h ' u s p a c h a
l a k j i r k a t a
j a y s i r i k t a
l a k j i r i k t a
a j s u y t a m a
a j s u y a t a n a
j a y s i t a s p a
q a w i t a m a n i
s i k i l i m a r u
q h u p i r i s t a
