l u l l u   c h ' u q i x a n a k a k a m a
l u l l u   c h ' u q i p a n a k a p u r a
a l k a t a y i r i m a n a k p a c h a
k a l l a q a y a s i r k a t a m a n a
a l k a t a y i r i s a n a k a k a t a
a l k a t a y i r i p a n a k a t a k i
a l k a t a y i r i s a n a k a p u r a
l u l l u   c h ' u q i p a n a k j a m a
l u l l u   c h ' u q i x a n a k a r u
l u l l u   c h ' u q i s a n a k a r u
c h a l l m u ñ a x a n a k a l a y k u
l l u x l l a n t i r k a t a m a n a
q ' a t h a w i c h i r i k s i t a n a
a n u   q a l l u s a n a k a l a y k u
k a l l a q a y a s i r k a s m a n a
a l k a t a y i r i m a n a k a m p i
a l k a t a y i r i n a k a l a y k u
p a l l t i r i m a n a k a l a y k u
a t i p x a ñ a p a n a k a l a y k u
l u l l u   c h ' u q i n a k j a m a
c h a l l m u ñ a m a n a k a k a m a
c h a l l m u ñ a s a n a k p a c h a
c h a l l m u ñ a m a n a k a t a k i
a l k a t a y i r i n a k p a c h a
s u q ' u s a x a n a k a l a y k u
a n u   q a l l u p a n a k a k a m a
a n u   q a l l u m a n a k a k a m a
q u r p a n i s a n a k a l a y k u
q u r p a n i x a n a k a l a y k u
t u m a y k u x a n a k a l a y k u
a n u   q a l l u x a n a k a p u r a
a t i p x a ñ a p a n a k a k a t a
a t i p x a ñ a x a n a k a k a t a
a t i p x a ñ a p a n a k a m p i
c h ' a w a n i r k i t a s m a n a
c h u q i l l a p a n a k a p u r a
k ' u s i l l o p a n a k a t a k i
k ' u s i l l o s a n a k a t a k i
k ' u s i l l o x a n a k a p u r a
a l k a t a y i r i m a n a k a r u
a l k a t a y i r i x a n a k a n a
q ' a t h a w i c h i r k a s m a n a
a t i p x a ñ a m a n a k a k a t a
l u l l u   c h ' u q i m a k a m a
l u l l u   c h ' u q i x a t a k i
l u l l u   c h ' u q i s p a c h a
l u l l u   c h ' u q i n a k a n i
y a t i y i r i x a n a k a k a t a
y a t i y i r i x a n a k a m p i
c h a l l m u ñ a n a k a l a y k u
a t i p x a ñ a x a n a k a m p i
p a l l t i r i m a n a k a p u r a
p a l l t i r i x a n a k a k a m a
p a l l t i r i x a n a k a k a t a
i n a m u k u r k i t a s m a n a
t u m a y k u s a n a k p a c h a
p a l l t i r i m a n a k a t a k i
l l u x l l a n t a t a y s i t u
s u q ' u s a p a n a k a k a m a
a t i p x a ñ a m a n a k a m p i
s u q ' u s a x a n a k a k a t a
q ' a t h a w i c h a t a y s i t u
s u q ' u s a s a n a k a p u r a
a n u   q a l l u m a n a k j a m a
s u q ' u s a p a n a k a t a k i
q u r p a n i s a n a k p a c h a
y a t i y i r i x a n a k a l a y k u
a n u   q a l l u x a n a k j a m a
t u r k a q i r k i t a s m a n a
q u r p a n i s a n a k a k a t a
q u r p a n i s a n a k a p u r a
t u m a y k u x a n a k a k a m a
l a q a t u p a n a k a l a y k u
s u q ' u s a p a n a k p a c h a
k a l l k a t i r k i t a s m a n a
c h u q i l l a m a n a k a p u r a
a t i p x a ñ a x a n a k a n i
a l l t h a p i r i k s i t a n a
c h u q i l l a n a k a l a y k u
k ' u s i l l o x a n a k a m p i
q ' u c h u m a n a k a l a y k u
a l k a t a y i r i m a l a y k u
a t i p x a ñ a m a n a k p a c h a
p a l l t i r i s a n a k a m p i
q i r a r i x a n a k a l a y k u
q i r a r i s a n a k a l a y k u
l u l l u   c h ' u q i p a p u r a
l u l l u   c h ' u q i m a m p i
l u l l u   c h ' u q i x a n a k
l u l l u   c h ' u q i l a y k u
j a m p ' a t i r k a t a m a n a
q i r a r i m a n a k p a c h a
c h ' u s a x a n a k a l a y k u
c h a l l m u ñ a s a n a k a n a
c h a l l m u ñ a p a n a k a t a
a n u   q a l l u s a n a k a m a
c h a l l m u ñ a s a n a k a t a
c h a l l m u ñ a m a n a k a n i
l l u x l l a n t i t a y i t u
y a t i y i r i m a n a k p a c h a
l l u x l l a n t a t a m a n a
y a t i y i r i m a n a k a n i
y a t i y i r i p a p a c h a
j u y k h u m a n a k a p u r a
j u y k h u m a n a k a k a m a
j u y k h u p a n a k a k a t a
s u q ' u s a m a n a k j a m a
s u q ' u s a m a n a k a m p i
s u q ' u s a p a n a k a m p i
q ' u c h u x a n a k a k a m a
a n u   q a l l u n a k a k a t a
q u r p a n i p a n a k j a m a
a n u   q a l l u s a n a k a t a
a n u   q a l l u s a n a k a n a
q u r p a n i x a n a k a m p i
q ' a t h a w i c h a n i t p a n
y a t i y i r i s a n a k a m p i
a n u   q a l l u p a n a k a n a
a n u   q a l l u n a k a p u r a
a n u   q a l l u m a n a k a n i
l a q a t u x a n a k a k a m a
l a q a t u s a n a k a t a k i
l a q a t u p a n a k a k a m a
a n u   q a l l u x a n a k a n a
l a q a t u s a n a k a k a t a
l a q a t u x a n a k a p u r a
l a q a t u p a n a k a p u r a
q ' a t h a w i c h a t a y s m a
t u m a y k u x a n a k j a m a
a n u   q a l l u p a n a k a r u
l a q a t u x a n a k p a c h a
y a t i y i r i p a n a k a n i
a l k a t a y i r i x p a c h a
q ' u p s u r k i t a s m a n a
a t i p x a ñ a p a n a k a n i
i n a m u k u r i k s i t a n a
q i n t u x a n a k a l a y k u
c h u q i l l a n a k a t a k i
c h u q i l l a s a n a k a n i
c h u q i l l a s a n a k a t a
c h u q i l l a n a k a k a t a
c h u q i l l a p a n a k a r u
c h u q i l l a n a k a p u r a
c h ' a w a n i s i t a s p h a
k a l l a q a y a s i t a y t a
c h ' u s a x a n a k p a c h a
c h ' u s a s a n a k a t a k i
c h ' u s a p a n a k a t a k i
c h ' u s a m a n a k a p u r a
c h ' u s a p a n a k a k a t a
c h ' u s a p a n a k a p u r a
k ' u s i l l o p a n a k a n a
q ' u c h u m a n a k a p u r a
q u r p a n i s a n a k a m a
s i k i l i s a n a k a p u r a
j a l a k a t i r k a s m a n a
a l k a t a y i r i x a k a m a
a l k a t a y i r i m a k a m a
s i k i l i p a n a k a p u r a
s i k i l i m a n a k a t a k i
a l k a t a y i r i x a p u r a
s i k i l i p a n a k a t a k i
a l k a t a y i r i m a n a k a
a l k a t a y i r i x a n a k a
a c h j a y i r i k s i t a n a
p a l l t i r i s a n a k a m a
p a l l t i r i s a n a k a r u
p a l l t i r i s a n a k a t a
p a l l t i r i p a n a k a n a
k ' u s i l l o n a k a k a t a
a t i p x a ñ a n a k a k a t a
q i r a r i m a n a k a t a k i
q i r a r i x a n a k a p u r a
q a w i t a m a n a k a k a t a
l u l l u   c h ' u q i p j a m a
l u l l u   c h ' u q i p a n a k
l u l l u   c h ' u q i x a t a
k a t u s x i r i k s i t a n a
l u l l u   c h ' u q i s a r u
j a m p ' a t i r k a s m a n a
a t i p x a ñ a s a n a k a t a
p u l u x a n a k a l a y k u
a n u   q a l l u n a k j a m a
c h a l l m u ñ a m a l a y k u
p a l l t i r i x a n a k a t a
c h a l l m u ñ a n a k a m p i
y a t i y i r i m a n a k a r u
q i n t u m a n a k a l a y k u
l l u x l l a n t i r k a t a
l l u x l l a n t a t a y t a
l l u x l l a n t a s m a n a
l l u x l l a n t s i t a n i
j u y k h u n a k a l a y k u
s u q ' u s a m a n a k a n a
s u q ' u s a n a k a p u r a
s u q ' u s a p a n a k a t a
q ' u c h u m a n a k j a m a
q u r p a n i m a n a k a t a
q u r p a n i p a n a k a n a
q u r p a n i s a n a k a t a
y a t i y i r i s a n a k a r u
q u r p a n i x a n a k a t a
q u r p a n i m a n a k a n i
q u r p a n i x a n a k a n i
t u m a y k u m a n a k a n a
t u m a y k u m a n a k a n i
t u m a y k u n a k a k a t a
t u m a y k u s a n a k a m a
t u m a y k u s a n a k a r u
l a q a t u p a n a k a m p i
l a q a t u s a n a k a m p i
a l k a t a y i r p a c h a
c h ' i q i y a s i t a s p h a
s u q ' u s a n a k a k a t a
c h ' i q i y i r k a s m a n a
c h ' i q i y i r k a s m a n a
a t i p x a ñ a n a k a k a m a
q ' u c h u r i k s i t a n a
j a c h k a t a t a y t a m a
y a t i y i r i m p a c h a
q i n t u x a n a k p a c h a
l l u x l l a n t s a p a n a
y a t i y i r i p a l a y k u
c h u q i l l a p a l a y k u
c h ' u s i r i k s i t a n a
k a l l a q a y a s i t a t a
k a l l a q a y a s i t a n a
a t i p x a ñ a s a n a k a m a
k a l l a q a y a s i j a t a
a c h j a y a s i t a s p h a
c h a l l m u ñ a p a t a k i
a t i p x a ñ a x a p u r a
k ' u s i l l o m a l a y k u
a l k a t a y i r i m j a m a
a l k a t a y i r i p j a m a
a l k a t a y i r i x a m p i
p a r a x a n a k a t a k i
j a l a k a t a t a y s i t u
a c h j a y i r k a s m a n a
i n k u r i r i k s i t a n a
a l k a t a y i r i x a n a k
q i r a r i p a n a k a m p i
p a n t a r i r k i t a n a
q a w i t a x a n a k j a m a
j u y k h u n a k p a c h a
p a n t a r a t a y t a m a
p a r a s a n a k a l a y k u
a t i p x a ñ a n a k a n i
k a t u s x a s i t a s p h a
l u l l u   c h ' u q i m p i
