y a t i r k a t a m a n a
p a r p a c h a
l a q a t u p u r a
q ' u p s u ñ a
s i k i l i s p a c h a
c h u q i l l a p a n a k a t a k i
c h ' u s a x a l a y k u
t u m a y k u m p i
q a w i t a s p a c h a
s u q ' u s a m a n a k a r u
q i n t u x a n a k a p u r a
y a t i y i r i x a n a k j a m a
p u l u m a n a
y a t i y i r i p a r u
l a q a t u s a n a k j a m a
p a r a p a
q i r a r i m a k a m a
c h ' u s a n a k a n i
s i k i l i s a n a k a n a
a n a t a m a t a
m u n t a m a
a l k a t a s m a
q u r p a n i m a n a k a m p i
j a y s i t a n i
l l u x l l a n t s ñ a
q h u p i r a t a y t a n a
q ' u c h u r k a s m a n a
c h ' u s a n a k a t a k i
a t i p x a ñ a m a n a k a n a
p a r a m a n a
a n a t a p a r u
c h ' i q i y t
q ' u c h u n a k a l a y k u
c h ' i q i y i t a n a
l l u x l l a n t i t u
s i k i l i p a t a k i
c h u q i l l a s a r u
c h ' u s a p a n i
i m x a s m a
c h a l l m u ñ a p j a m a
a t i p x a ñ a p a n a k a t a
s i k i l i x j a m a
s i k i l i m a n a k a k a t a
a c h j a y a t a n a
q i n t u p a r u
a p t h a p t
l a q a t u m a t a
j u y k h u s a
j a r i t a s p a
l l u x l l a n t i r i k s m a
k ' u s i l l o s a n a k a m p i
l a q a t u m p a c h a
p a l l t i r i m a k a t a
p a l l t i r i x a p u r a
a n u   q a l l u x a n a k p a c h a
a l l t h a p i t a n a
k a l l a q a y a s s i t a n i
l u l l u   c h ' u q i s a n a k a t a k i
y a t i y i r i p a n a k p a c h a
p a r a s a r u
a t i p x a ñ a s a n a k a
q i r a r i p a n a k
a l k a t a y i r i p a n a k p a c h a
q i r a r i m p a c h a
a l l t h a p i m a
c h ' a w a n i r i k s i t a n a
l l u x l l a n t a m a m a
a l k a t a y i r i p a n a k a n i
p a r a x a n a k a l a y k u
l a k j a t a m a n a
i q t ' i t a n i
j u y k h u p a n a k a r u
q h u p i r i r i k s i t a n a
q u r p a n i x a n a k p a c h a
j a c h k a t i r k a t a n a
q u r p a n i m a n i
a n u   q a l l u s a r u
p a n t a r a m a
c h ' i q i y t a
p a l l t i r i t a
j a l a k a t a t p a n
p ' i y a r i r k i t a n a
l u l l u   c h ' u q i s a n i
k a l l k a t a ñ a
l u l l u   c h ' u q i m a n a k a n a
q ' a t h a w i c h i t a
j a l a k a t a s m a n a
q ' u c h u l a y k u
a n u   q a l l u m p i
m u n i t a n a
p a n p a c h a s i t a n i
j a y s a t a m
j a l a k a t i t a
a n a t a x a l a y k u
j u y k h u x a n a k j a m a
q ' u p s s ñ a
q ' u c h
q ' u p s u m a
a n u   q a l l u m a n a k a t a k i
a l k a t a y i r i r u
