q ' u c h u t a s m a
p a n p a c h a s i t a m
q ' u p s u t a y s t a
a l l t h a p i t a y t a n a
a n u   q a l l u m a n a k a r u
q ' u c h u m a r u
q ' u c h u m a n a k a k a t a
c h ' u s a k a t a
c h u q i l l a m
a n u   q a l l u p a n a k a l a y k u
a n u   q a l l u r u
s u q ' u s a x a n a k a t a k i
p a r a m a k a m a
y a t i y i r i s
a n a t a n a k j a m a
q ' u c h u t a
q h u p i r i t a t a
q i r a r i s a n a k j a m a
j a c h k a t i t u
q ' a t h a w i c h t
p a l l t i r i p a n a k
q ' u c h u t a n i
p a r a m a n a k a t a
k a l l a q a y a s i t a
c h ' i q i y a t a n a
c h ' u s a n a k a t a
a n a t a m a n a k a t a
t u m a y k u p a m p i
q a w i t a s a n a k a m p i
q u r p a n i x a m p i
t u r k a q a t p a n
k ' u s i l l o m a n a k a k a t a
j a m p ' a t i s t a
k a l l a q a y a s i t a y n a
a l k a t a y i r i p a n a k
a l k a t a y i r i s a n a k a l a y k u
q a w i t a n a k a m p i
c h a l l m u ñ a s a t a k i
p u l u l a y k u
a n u   q a l l u s a n a k a p u r a
q ' u c h u n a k a n a
q ' a c h a s i r i k s i t a n a
j u y k h u n a
l a q a t u p
l l u x l l a n t i s t a
l u l l u   c h ' u q i x a n a k a
j a y s i r k a t a m a n a
q u r p a n i m a k a m a
p a l l t i r i s a n a k a n i
q i r a r i m a n a k a
y a t i y i r i p a n a k a t a
k ' u s i l l o s a n a k a m a
q i r a r i s a n a k a
q h u p i r i r i k t a
q ' a t h a w i c h i r k a s m a n a
i q t a s i n i t p a n
q i r a r i m a n a k a n i
s u q ' u s a p a n a k a r u
i q t a s t
y a t i y i r i x a t a k i
k ' u s i l l o x a n a k
k a l l k a t a j a
q ' a c h a s i r k a n a
t u r k a q i t a t a
k a t u s x a n i t p a n
p a n p a c h a s s ñ a
l u l l u   c h ' u q i x a n a k a n i
q ' a c h a s i r k a s m a n a
p a n t a r i r k a t a m a n a
q u r p a n i x a n a k a p u r a
a j s u y a t a y s t a
t u m a y k u p a n a k a t a k i
q ' u c h u p a n a k a r u
c h u q i l l a p a n a k a
a n a t a m a m a
q ' a c h a s i t a m a n a
a l k a t a y i r i m a t a
l a k j t a n
c h a l l m u ñ a l a y k u
i n k u r s ñ a
l a k j a s i t a s p h a
q ' u c h u t a m a n a
c h u q i l l a p a n a k p a c h a
a c h j a y a s m a
m u n a t a y t
y a t i y i r i m a n i
s u q ' u s a s a n a
j u y k h u x a k a t a
j a r i t a n i
j a m p ' a t i s m a
c h a l l m u ñ a m j a m a
i q t a s i t a y s m a
p a l l t i r i s a n a k a
i n a m u k u r i k t a m
l l u x l l a n t a s i t a s p h a
k a l l a q a y a s i r i k s m a
p u l u m a n a k a m p i
j a y s i r k a s m a n a
c h ' u s a n a
l a q a t u x j a m a
