c h u q i l l a s a n a k a
q i r a r i m a n a k a n a
a n a t a m a n a k a k a m a
a l k a t a y i r i s a n a k a t a k i
p a r a s p a c h a
l u l l u   c h ' u q i s a n a k j a m a
q ' u c h u m a p u r a
p a n t a r i r i k t a
l a q a t u m
p a l l t i r i s a t a
j a c h k a t t
a l k a t i r i k s t a
j u y k h u m a n a k
p a l l t i r i m a t a k i
c h a l l m u ñ a m a n a k a k a t a
a n a t i r k a t a
s i k i l i x a n a k a
t u r k a q i r k a s m a n a
j a l a k a t i r k i t a s m a n a
y a t i s m a
j a r i r k i t a n a
t u m a y k u x a l a y k u
m u n s a p a n a
a t i p x a ñ a s a k a t a
a c h j a y s i t a n i
c h a l l m u ñ a k a m a
c h ' u s a m a n a k p a c h a
j a m p ' a t i n i
j a c h k a t a t a y s i t u
q u r p a n i r u
p u l u m a n a k a r u
q a w i t a x a m p i
i q t ' i r k i t a s m a n a
p a l l t i r i s a l a y k u
q u r p a n i s a
t u m a y k u s a n a k a p u r a
q ' u c h u s a p u r a
k a t u s x i t a n i
p ' i y a r a t a m a n a
i q t a s i t a y s i t u
s i k i l i s a k a t a
a p t h a p i t a s m a
l a q a t u s a n a k p a c h a
c h a l l m u ñ a x j a m a
c h ' i q i y t a m a
s u q ' u s a m a n a k
l a q a t u t a k i
q ' a c h a s i t a y n a
y a t t
k a l l k a t i t a y i t u
y a t i y i r i s a
s i k i l i x a n a k a n a
l a q a t u m a m p i
j a r i r k i
c h a l l m u ñ a s a m p i
p ' i y a r a s m a
s u q ' u s a p a p a c h a
a l k a t i r i k s m a
m u n i t a t a
y a t i s t u
c h ' u s i t a y i t u
i n a m u k t a m a
c h u q i l l a x a n a k a n a
p u l u x a p u r a
s u q ' u s a k a m a
q a w i t a p a n a k a t a
k ' u s i l l o m a t a
p a r a p a n a k j a m a
i n k u r i t a s m a
l l u x l l a n t a s m a
j a y s i r i k s m a
c h u q i l l a p a n a k a k a t a
l u l l u   c h ' u q i x a n a k a p u r a
c h u q i l l a s a n a k p a c h a
s i k i l i p u r a
y a t i y i r i p a t a
a n a t a x a t a
s u q ' u s a m a k a m a
q a w i t a m a n a k a m p i
t u m a y k u s a n a k a l a y k u
s u q ' u s a n a k
a c h j a y i r i k s t a
q i r a r i x a n a k a
i n a m u k u r k a t a n a
q i n t u m a k a t a
p u l u s a n a k a
a n u   q a l l u x a
q a w i t a m a n a k a n a
p ' i y a r i r k a t a m a n a
l u l l u   c h ' u q i m a n a k a
a n a t a m p a c h a
l a k j t a
q ' u c h u p a n a k p a c h a
q i n t
p a r a m a m p i
i q t ' a s m a
q a w i t a n a
a l k a t a y i r i p a n a
s u q ' u s a s a n i
q i r a r i p a n a k a k a t a
