t u m a y k u t a k i
l a q a t u m a
y a t i y i r i m a r u
q ' u c h u s j a m a
i q t ' i r k a t a m a n a
k ' u s i l l o m a k a t a
y a t i y i r i s a n a k a n i
k a l l a q a y a s t
q i n t u x a n a k a n i
q i r a r i s p a c h a
k a l l k a t t a m a
k ' u s i l l o p a n a k
c h ' u s a n a k a p u r a
j a l a k a t a t a y t a m a
q ' u c h u n i
c h ' u s a x a n a k a k a t a
q u r p a n i n a k a l a y k u
a c h j a y i s t a
j u y k h u p u r a
j a c h k a t a s m a
j a l a k a t i r i k t a m
a n a t a t a y t
l l u x l l a n t i r i k s i t a n a
j a l a k a t a s i t a s p h a
c h ' u s a x a n a k a t a
q ' u c h u x a n a k a m p i
l a q a t u p a r u
q ' a t h a w i c h i t u
q a w i t a x a n a k a k a t a
c h ' i q i y i t a n i
c h ' u s a s a n a k a p u r a
l u l l u   c h ' u q i x a
j a l a k a t i r i k s t a
j a m p ' a t i t a y t a
a n a t a s a n a k
a n u   q a l l u x a k a t a
c h a l l m u 単 a m a n a k j a m a
y a t i y i r i s a r u
a l k a t t
i n k u r i r i k t a m
i n k u r i t a n i
l u l l u   c h ' u q i m a n a k a t a
p ' i y a r i r i k t a m
q h u p i r i r k a n a
c h u q i l l a m a n a k a t a
a l k a t a y i r i s a k a t a
l u l l u   c h ' u q i m a k a t a
t u m a y k u p a n a k a t a
l u l l u   c h ' u q i s a m p i
c h ' u s a n a k a m p i
a p t h a p i s i t a s p h a
j a m p ' a t i j a t a
p a n t a r i r k a s m a n a
s i k i l i n a k a
q i n t u x a n i
t u m a y k u x a k a t a
q u r p a n i p a l a y k u
a l k a t a y i r i x a n a
a l k a t a y i r i p a n a k a m p i
y a t i y i r i m j a m a
a l k a t a y i r i m a m p i
c h ' a w a n i t a s p a
t u m a y k u n a k a r u
q h u p i r s i t a n i
l a q a t u m a n a
a l k a t a t a y t
p a r a p a n a k a n i
p a l l t i r i p a n a k j a m a
q i n t u n a k p a c h a
j a m p ' a t i r k i t a n a
q a w i t a x a n a k a k a m a
y a t i y i r
a j s u y i t a
t u r k a q a 単 a
m u n i t u
p a l l t i r i p a m p i
s i k i l i x a n a k a t a
a l k a t a y i r i s a
q a w i t a
a l k a t a y i r i m a n a
q i n t u x a n a
a n u   q a l l j a m a
c h u q i l l a m a n a k a k a m a
q a w i t a m a p u r a
k a l l a q a y a s i t a y t a m a
q h u p i r i t a n i
j a r a t a y n a
s i k i l i p a n a k
q ' a c h a s i r k i
i n k u r a m a m a
y a t i s m a n a
q u r p a n i m a n a k a p u r a
c h ' i q i y a t a m a n a
a l l t h a p i t a s m a
c h a l l m u 単 a m a n a k a p u r a
a t i p x a 単 a m a n a k a k a m a
q a w i t a n a k a l a y k u
j u y k h u m p i
y a t i y i r i s a n a k a t a k i
q i n t u s a n a k a r u
