a t i p x a 単 a p a t a
q i n t u x a n a k a r u
q a w i t a p a t a
l a q a t u m a n a k a r u
p a r a n a k a
m u n i r k a n a
q ' u c h u m a
q i n t u m a n a k a t a k i
j a m p ' a t i t a y s i t u
t u m a y k u p a n a k j a m a
a n a t a p a n a k a k a m a
c h ' i q i y i t a y i t u
a p t h a p i j a
c h ' u s a s a k a t a
y a t i y i r i s a n a k a l a y k u
a n a t a s i t a s p h a
a l k a t a y i r i x j a m a
t u r k a q a t a m a n a
q ' u c h u x a p u r a
c h ' u s a x a n a k a t a k i
q a w i t a m a
k a l l k a t i t a n a
y a t i y i r i x a r u
y a t i y i r i m a n a k a k a m a
k a t u s x t a
s i k i l i s a n a k a m p i
k ' u s i l l o r u
q i r a r i s
j u y k h u n a k
a n a t a n a
s u q ' u s a s a k a t a
p a r a x a k a t a
k a t u s x a t a y t a m a
q i r a r i n a
t u m a y k u n i
q u r p a n i p a n a k a t a k i
c h ' a w a n i t a y n a
l l u x l l a n t i r i k t a
a n u   q a l l u s a k a t a
q i r a r i x a n a k a k a m a
q ' u c h u s a n a k a p u r a
s i k i l i x
p u l u n a k j a m a
q a w i t a m a n a k a n i
q i n t u m p a c h a
s i k i l i p a t a
c h u q i l l a l a y k u
l u l l u   c h ' u q i x a k a m a
q ' u c h u m p a c h a
p u l u m p i
p a r a s a t a k i
k ' u s i l l o x a k a t a
a j s u y a s m a
t u m a y k u k a m a
q i r a r i s a n a k a t a
q a w i t a m a n a k a r u
a c h j a y t a
q ' u c h u n a k j a m a
c h ' a w a n i t a y t a
q ' u c h u r k i
p u l u s j a m a
q i n t u x a r u
q u r p a n i n a k a k a m a
j a l a k a t i t a s p a
q i n t u m a k a m a
i m x i r k a s m a n a
j a l a k a t a t a m
a p t h a p i r k a t a m a n a
s u q ' u s a s a k a m a
q h u p i r s 単 a
i q t ' i t a
j u y k h u n a k a k a m a
k ' u s i l l o s a t a k i
q i r a r i p a l a y k u
c h ' u s a m a m a
c h u q i l l a s a k a t a
q u r p a n i x a n a k a r u
k a l l k a t i t a
a t i p x a 単 a p a p a c h a
q i n t u s a n a k a
c h ' u s a m j a m a
s u q ' u s a s a n a k a l a y k u
j a r i t a n i
l u l l u   c h ' u q i s a l a y k u
a j s u y s a p a n a
p ' i y a r t a m a
i q t ' s a p a n a
s u q ' u s a n a k a k a m a
q ' u p s t a
a t i p x a 単 a p a n a k a r u
j a y s i s t a
a n u   q a l l u x a n a k a r u
p a n p a c h a s i r i k t a
c h ' u s a s a n a k a r u
a c h j a y i r k a n a
t u m a y k u m a k a t a
s u q ' u s a s a t a k i
q i r a r i m a n a k a m p i
l a q a t u m a n i
q i n t u m a n a k p a c h a
