p a n p a c h a s i r i k s t a
i q t a s i r i k s m a
l a k j s i t a n i
p a r a p a k a m a
c h ' i q i y i s t a
k ' u s i l l o m a t a k i
i m x a j a t a
p ' i y a r i r k a s m a n a
j a l a k a t a s m a
q ' a t h a w i c h a t a y t a m a
a c h j a y t a m a
a t i p x a ñ a n a k a t a k i
a n u   q a l l u p a p a c h a
a c h j a y t a n
k a l l a q a y a s i r i k t a
t u m a y k u s a l a y k u
p ' i y a r t
a l k a t i r k a s m a n a
k a l l a q a y a s i s m a n a
a l l t h a p t
q ' u c h u s a n a k a k a t a
p a n t a r a n i t p a n
l u l l u   c h ' u q i p a n a k a k a m a
a c h j a y a n i
i q t a s i t a m a n a
q u r p a n i x a t a k i
q u r p a n i x a k a t a
c h ' u s a p a n a k a k a m a
s i k i l i x a n a
a l k a t i t a
k a l l k a t i r k a n a
j a m p ' a t i
k ' u s i l l o t a k i
q ' a t h a w i c h i t a n i
p u l u x a n a k a k a t a
p u l u s a k a t a
i n k u r s i t a n i
a t i p x a ñ a n a k p a c h a
a l k a t i r k i t a s m a n a
q ' u p s u s t u
q a w i t a s a n a k j a m a
s u q ' u s a x a n a k j a m a
a l k a t s i t a n i
q a w i t a m p a c h a
l u l l u   c h ' u q i s a n a
k ' u s i l l o x a t a
q ' u c h u t a m
i q t a s s a p a n a
q u r p a n i s a p u r a
k a t u s x a s m a n a
a j s u y t a
p a r a p a p a c h a
c h ' u s i r i k s m a
j a c h k a t t a m a
c h u q i l l a s a n a k a t a k i
s i k i l i x a n a k a t a k i
a j s u y t
c h ' u s a n i t p a n
s i k i l i m a n a k a t a
q i r a r i m a p u r a
q i n t u p
c h u q i l l a s a n a
t u r k a q a s i t a s p h a
l u l l u   c h ' u q i p a m p i
a n a t a m j a m a
j a m p ' a t t a
q ' u c h u r k a t a m a n a
c h ' u s a x a n a k a p u r a
p a r a n a k a r u
a t i p x a ñ a m a n i
l a k j i r k i t a n a
s i k i l i m a n a k a p u r a
m u n a t a y s m a
a t i p x a ñ a n a k a p u r a
j a y s i
c h ' u s a t a y t a n a
q u r p a n i p a n a k a t a
j u y k h u s a n a k a l a y k u
j a y s a t a y n a
l a q a t u p a n a k a t a k i
a l k a t a y i r i s a n a k a n i
l a q a t u x a p u r a
q u r p a n i p a n a k a l a y k u
a c h j a y a s m a
q u r p a n i t a k i
i q t a s i s i t a s p h a
p a r a m a n a k a n i
a l l t h a p i r k a s m a n a
q i r a r i s a n a k a n i
c h u q i l l a s a m p i
q i n t u x a
l a k j i s t a
k ' u s i l l o m a n a k a n a
y a t i y i r i m a n a k a l a y k u
i n a m u k u
a l k a t a y i r i s a m p i
j u y k h u x a n a k a n i
a l k a t a y i r i x a n a k a k a m a
j a c h k a t a n
j a c h k a t i s t u
c h ' a w a n i t a y i t u
q h u p i r t a
i n a m u k s ñ a
j a r i t a
p a l l t i r i n a k a t a k i
m u n i t a y i t u
c h ' i q i y a t a y t a n a
a n a t a s a k a t a
j a l a k a t a s m a
q a w i t a m a n a k a k a m a
t u m a y k j a m a
c h u q i l l a s a p u r a
a l k a t a y i r i s
a t i p x a ñ a x a k a t a
k ' u s i l l o s a n a k j a m a
q ' a c h a s t a
j u y k h u x a n a k a l a y k u
q a w i t a p a l a y k u
q a w i t a x p a c h a
l a q a t j a m a
c h ' u s a p a k a m a
j a y s t a
s u q ' u s a x a p u r a
a t i p x a ñ a n i
s i k i l i s a r u
k ' u s i l l o p a n a k a r u
a c h j a y a t a y t a m a
s i k i l i p j a m a
p a r a s a l a y k u
c h ' i q i y i r k a t a m a n a
s i k i l i m a n a k a l a y k u
j u y k h u p a k a m a
c h u q i l l a s a n a k a r u
a l k a t a y i r i n i
a l l t h a p i s m a
t u m a y k u x a n a k a t a k i
c h ' u s a p a n a k a
q h u p i r a t a m
q i n t u x a n a k a k a m a
q i r a r i x a p u r a
s i k i l i m a n i
j a l a k a t i r k a s m a n a
q i n t u m a t a k i
t u m a y k u p
i n k u r i r k a t a m a n a
k ' u s i l l o x a m p i
y a t i t a y n a
s u q ' u s a m a l a y k u
a c h j a y i r k i t a n a
q i n t u p a n a k a n i
t u m a y k u n a k a
j u y k h u x a n a k a k a t a
q i n t u x j a m a
y a t i y i r i m a n a k a n a
q u r p a n i m j a m a
q i r a r i p a n a k a l a y k u
k a t u s x i t a n i
c h u q i l l a x a n a k a k a m a
p u l u m a n a k a
a n a t a m a n a k a n a
a t i p x a ñ j a m a
a l k a t a y i r i n a k a m p i
i n a m u k u t a n i
a n a t a p a n a k a m p i
a l l t h a p i n i t p a n
j a y s i t a t a
a n u   q a l l u p a r u
q i r a r i p a n a k a p u r a
q i n t u x a p u r a
s u q ' u s a x a k a m a
c h ' a w a n i r i k s m a
p u l u n a k
j u y k h u m a n a k a k a t a
p a l l t i r i r u
a t i p x a ñ a n a k a l a y k u
i m x i r i k t a
p u l u s a n i
k ' u s i l l o x a p u r a
q h u p i r a s m a n a
q i r a r i n a k a
s i k i l i s a t a k i
p a r a s a n a k a m a
q a w i t a p a n a k a
i n k u r i r k a s m a n a
q u r p a n i p a t a
a l k a t a y i r i s a n a k a r u
q u r p a n i m a r u
i q t a s i t a y t
k a l l k a t s ñ a
j a c h k a t i
q u r p a n i s a n a k j a m a
k ' u s i l l o p a n a
s i k i l i n a k a k a t a
l a k j i t a t a
k ' u s i l l o x p a c h a
c h ' a w a n i t a
p a n t a r a t a m a n a
k ' u s i l l o s a n a k a n a
a n u   q a l l u p a l a y k u
s u q ' u s a p a t a
q ' u c h u s a n a k p a c h a
c h u q i l l a s a n a k a n a
l u l l u   c h ' u q i m a n a k a t a k i
c h ' a w a n i j a t a
i n a m u k u t a m a n a
c h u q i l l a x a n a k a p u r a
s u q ' u s a r u
a t i p x a ñ a s a n a k a m p i
q ' u c h u m a n a k
c h a l l m u ñ a n a k j a m a
q i r a r i x a n a k a t a k i
j u y k h u t a k i
s i k i l i s a n a k a t a k i
j u y k h u x a m p i
p a r a m p a c h a
q ' u c h u t a t a
a n a t a s a n a k a n a
q h u p i r i r i k t a m
s u q ' u s a x a t a k i
p u l u s a n a k a t a k i
a t i p x a ñ a p a n a k a k a m a
l a q a t u s a t a k i
p a r a m a n a k j a m a
q ' u c h s i t a n i
y a t i y i r i x a m p i
q i r a r i p a n i
c h ' u s t a
l a k j i r i k s m a
p a r a p a m p i
q ' u c h u m
c h ' u s a s a t a
q ' a t h a w i c h i r k a t a n a
l a q a t u s a n a k a l a y k u
a l k a t a y i r i s a n a k
q i r a r i s a n a k a m a
s u q ' u s a p a
q ' u c h u i r k i t a n a
k a t u s x a t a n a
c h u q i l l a p a n i
t u m a y k u m p a c h a
p a r a m a k a t a
q a w i t a s a n a k p a c h a
a p t h a p i ñ a
a t i p x a ñ a p a n i
c h a l l m u ñ a x a n a k a
l u l l u   c h ' u q i p a n a k a t a
t u m a y k u
q ' u c h u s p a c h a
c h ' u s a m a n a
k ' u s i l l o m a n a k a r u
a t i p x a ñ a x a n a k a t a
y a t i y i r i x a l a y k u
q ' u c h u
y a t i t a m
q u r p a n i p a n a k a n i
p a r a n a
s i k i l i m p a c h a
j a c h k a t s i t a n i
c h ' a w a n i t a y s i t u
p u l u m
i m x i r i k t a m
i q t a s i t a n i
j u y k h u x a n a k a r u
c h a l l m u ñ a n a k a n a
l a q a t u s a n a k a n i
m u n a j a
i n a m u k t
c h a l l m u ñ a t a k i
l l u x l l a n t a m a
t u m a y k u m a n a k a t a
a c h j a y i
a l k a t a y i r i n a k a t a k i
a p t h a p i n i t p a n
c h ' u s a m a n a k j a m a
l u l l u   c h ' u q i s a n a k a l a y k u
c h ' u s a n a k a k a m a
q i n t u n a k a
i n k u r t a
k a l l k a t a t a y t a
a c h j a y a s m a n a
p a n p a c h a s i j a
p a r a s a n a k a m p i
p a n p a c h a s i n i t p a n
a n u   q a l l u s a n a k p a c h a
l a k j i t a s m a
j a m p ' a t i t a y t a m a
p u l u n a
p u l u x a t a k i
c h ' u s a
p a l l t i r i p a n a k a m p i
c h u q i l l a m a l a y k u
i q t ' i t a n i
p a n t a r i r i k s m a
q a w i t a x a n a k a t a k i
p u l u s a
k a t u s x a ñ a
q i n t u n a k a r u
a l k a t a y i r i x a t a k i
i m x t a
l u l l u   c h ' u q i x a n a k a t a k i
a p t h a p i r i k t a m
c h u q i l l a p
q u r p a n i x a n a k a t a k i
j a c h k a t t
a p t h a p i t a m a n a
l l u x l l a n t a t a y t a n a
l a q a t u x a
j u y k h u m a
q i n t u x a n a k a m p i
q u r p a n i p a n a k a k a t a
k a t u s x i t a n a
j a l a k a t a t a y s t a
a l k a t a y i r i m a n a k a p u r a
p ' i y a r i r k i
p a r a p a k a t a
a l l t h a p i r i k s t a
k a t u s x t a n
c h u q i l l a p a n a k
p a l l t i r i p a t a k i
a n u   q a l l u x a t a k i
p a r a s a
c h ' i q i y i t a n i
q a w i t a s a n a k a n i
a t i p x a ñ a m a n a k a t a k i
i q t ' a t a m a n a
q i r a r i m a t a k i
q i r a r i x a k a m a
j a r a s i t a s p h a
a j s u y i r k a t a n a
q i n t u x
q ' u p s u r i k t a m
t u m a y k u s a t a
a l k a t a y i r i s a n a k a t a
c h ' u s a s m a
q i r a r i l a y k u
q ' a c h a s s ñ a
a c h j a y t a
c h ' u s i r k a t a
p u l u m a l a y k u
c h u q i l l a m a n a
i m x a j a
k a l l k a t a t a y t
s u q ' u s a m a n a
k a l l a q a y a s i t a n a
q i n t u p a n a k a m p i
a t i p x a ñ a x a t a k i
p a l l t i r i p a
k ' u s i l l o s a n a k a r u
c h u q i l l a p a r u
l u l l u   c h ' u q i n a k a t a k i
c h ' u s a m a
t u r k a q a s m a
q i n t u p a l a y k u
k a t u s x i r i k t a m
s i k i l i x a
p a r a p a n a k a
l u l l u   c h ' u q i x a n i
s u q ' u s a x a n a k a n i
t u m a y k u p a n a k a n a
i q t ' i
m u n s ñ a
a j s u y i t a n i
s u q ' u s a x a n a k p a c h a
p a l l t i r i m a r u
j u y k h u m p a c h a
q ' a c h a s i s m a
j u y k h u p a n a k a n a
q ' u c h t
c h ' u s a s a n a k
a n a t a s a n a k a m p i
p ' i y a r i t a n a
a c h j a y i t a
j a m p ' a t i t a n i
j a m p ' a t i t u
c h ' a w a n i t a y t
l a q a t u s a n a k a n a
y a t i y i r i m a t a
q ' u c h u s a k a m a
q i n t u n a k a k a m a
l a q a t u n a k a n i
p a r a l a y k u
q ' a t h a w i c h s ñ a
p a r a x a
q ' u c h u p a n a k a k a m a
a t i p x a ñ a p a l a y k u
k ' u s i l l o m a n a k a l a y k u
j a m p ' a t i r k a s m a n a
k ' u s i l l o x a n a k a
q i n t u s a n a k a m p i
j u y k h u x a n a k a n a
k ' u s i l l o m a n a k a t a
y a t i y i r i p a n a k a n a
l u l l u   c h ' u q i n a k a k a t a
a n a t j a m a
a n a t a s m a
q ' u c h u r i k t a
q ' a c h a s i t a
k ' u s i l l o p a
j u y k h u
c h u q i l l a m a k a t a
a p t h a p i s t u
k ' u s i l l o s a n a k a t a
p a l l t i r i p a l a y k u
p u l u p a r u
q h u p i r a s m a
q ' u c h u p j a m a
a t i p x a ñ a s a m p i
q a w i t a m a n a k
j a m p ' a t i t a
q i r a r i p a n a k a n a
c h a l l m u ñ a m a k a m a
s u q ' u s a m a n a k a k a t a
c h a l l m u ñ a s
c h ' a w a n t a n
q ' u p s t a
q i n t u s a n a k a n a
c h ' u s a x a n a k a k a m a
q ' a t h a w i c h t a
c h a l l m u ñ a p a n a k a k a m a
j u y k h u x a t a k i
l l u x l l a n t a t a y s m a
s i k i l i s
i q t a s i r k a t a
s i k i l i p a r u
a p t h a p i r k a t a n a
k a l l a q a y a s t a n
s i k i l i p a
q i r a r i n a k a l a y k u
q i r a r i m a n a k a k a t a
q i r a r i s j a m a
j u y k h u x
j a l a k a t a m a
q ' a c h a s i s m a
s u q ' u s a p a n a k a n a
a l k a t a y i r i p a n a k a t a
c h ' a w a n i r k a s m a n a
t u m a y k u n a k a t a k i
k ' u s i l l o s a n a k a n i
k ' u s i l l o m a n a k a n i
a n a t i r i k s t a
i m x a m a m a
q ' u c h u x a n a k a r u
q i r a r i m a n i
l l u x l l a n t a n i t p a n
k ' u s i l l o x a l a y k u
p a l l t i r i s a n a k a n a
j a y s a t a y t a
k a t u s x t a
q ' u c h u n a k a k a m a
l u l l u   c h ' u q i x a p u r a
c h u q i l l a x p a c h a
p a l l t i r i p a p a c h a
q i r a r i p a k a m a
l u l l u   c h ' u q i p a r u
l a k j a t a m
k ' u s i l l o x a n a k a l a y k u
a n a t a m a l a y k u
a p t h a p i s m a
p ' i y a r i t a t a
p a r a s j a m a
q u r p a n i s a m p i
a l k a t a y i r i x a n a k a m p i
c h u q i l l a x a n a k a t a
p a l l t i r i p a n a k a p u r a
i q t ' a ñ a
c h a l l m u ñ a n a k a t a k i
l a k j i r k a t a m a n a
a n a t a s a n a k a l a y k u
t u m a y k u n a k a k a m a
a t i p x a ñ a m a n a k a t a
y a t i y i r i x a k a t a
s u q ' u s a s a n a k a t a k i
p a r a s
k ' u s i l l o s a p u r a
c h u q i l l a m j a m a
q i r a r i p a n a k a n i
p a n t a r i t a t a
y a t i y i r i n a k a n i
t u m a y k u n a k a m p i
q a w i t a n a k a k a t a
j a r t a n
c h a l l m u ñ a p a r u
q a w i t a m
p ' i y a r a t a y t a
p ' i y a r a m a m a
q ' u c h u p a n a k j a m a
c h ' u s i t a t a
a n u   q a l l u n a k a r u
a n a t a p a t a
q a w i t a n a k a p u r a
i n a m u k u r k a t a
l l u x l l a n t i t a s p a
c h ' u s a s
j a l a k a t i t a n i
q ' u c h u x a n a k a
c h ' u s i r k i
a p t h a p i s m a
l a k j i r i k t a m
c h u q i l l a s a n a k
a t i p x a ñ a m a n a k a p u r a
