p á y
s i r o
t ə w g e
t ə w s i
t ə w s i
l a k ʔ í
t ə w g e
t ə w g e
p h ə y
s i r e
h á y r o
p h ə y
u b ə d ə
l ə y t e
h á y r o
h é k l i
h á y d e
n ó h ó y
h é k ʔ i
y á w n ə
s i b ə
m ə ́ h ə y
y e ŋ n ə
y á w n ə
s i b ə
p á y r ə b í
t h ó k ʔ u
m ə ́ h ə y
h á y d e
t ə w b í
k i r e
ə ́ n í r o
h á y y u
č ə ́ t l o
h á y y u
h á y r e
t ə w b í
h ə w r o
h á y d e
h é k l i
h á y y u
h á y r e
m ə ́ y a m
y á w b ə
h á y r i
o y r ə
h ə w r o
h á y y u
m ə ́ č á
m ə ́ h ə y
h á y r e
m ə ́ h ə y
h á y r e
h é k ʔ o
h á y r i s i
h á y r i s i
t ə w b í
s i b ə
t h ə m m u
h á y r i
h á y d e
h é k ʔ o
l ə y t ə n ə
h á p p ə
l a k i n i
h ə y t e
h á y b r o
l a k t e
l ə y t ə n ə
h é k ʔ o
h á y b ə b u
t o k ʔ o
h á y r ə b
h á y b r o
l ə y b ə g i
l ə y b ə g i
l a k i n i
t ə w b í
l ə y b ə g i
k h ə ́ n k h r e
y e ŋ í
ə y u k
h á y r ə k ʔ í
y o n b ə
l a k t e
t ə w r ə k ʔ o
t á n b ə b u
h á y b ə b u
h á y b ə b u
y e ŋ í
č ə ́ t l o
t ú m d r i
l a k t e
h á y d e
í t a w b u
h á y d e
č ə ́ t l o
h á y r ə b
h ə w r e
p á y b ə
t a r ə m b ə
h á y r ə b
k h ó k l e
h á y b ə b u
č á g e
l ə y k h i
y á w d r ə d i
h é k l ə
t ə w b ə d ə
l ə ́ y b ə
n ó y g i
h á y b r o
h á y b r ə b ə
č á g e
l ə y k h i
n ə ́ m g e
č ə ́ t k h i
t ə w b ə d ə
h á y r ə b
h á y r ə k ʔ í
h á y r ə b
o y n ə b ə
h á y r ə b
č ə ́ t k h i
h á y r ə k ʔ í
h ə w r e
y e ŋ ŋ u k ó
h á y b ə b u
h á y b ə b u
ə d u n a
h ə w r e
h ə ́ w r o y
h á y r ə b
l o y r e
h á y b ə b u
y á w d r ə d i
t ə w k h i d e
č ə ́ t k h i
ə d u n a
k h ə ́ ŋ b ə
í m á n ə
h ə w r e
h á y b ə d i
t ə w r u b ə
t h ə m m e
h á y t r e
h é k l ə
t ə w r u b ə
t ú m d e
h á y b ə d i
t ə w g e n ə
l a k ʔ e n e
t ə w e b ə
t ə w r ə k ʔ o
t ə w e b ə
p a m m i
h á y b ə d i
ə ́ s í d ə
t ə w e b ə
h á y r i s i
h á y b ə d i
t a r ə m b ə
t ə w r ə k ʔ o
h ə n ú b í
t ə w r e b ə
č ə ́ t p r a
h á y r ə b ə d ə
h ə ́ w r o y
t ə w r ə r o y
h ə n ú b í
ə d u g ə
s i k h i b ə
s i k h i b ə
t ə w r ə r o y
h á y b ə d i
h ə n ú b í
t ə w b ə d ə
h á y t r e
l ə y t ə b ə
č ə ́ t k h i
t h ə m m u
h á y b r ə b ə
č ə ́ t k h i g e
t ə w r ə r o y
p h ə y d ə ́
k h ə ́ ŋ b ə
l ə y t ə b ə
k h ə ́ ŋ b ə
ə ́ h a w b ə
č ə ́ t k h i g e
h á y r ə r o y
ə ́ h u m n i
y e ŋ ŋ í
l ə y t ə b ə
y á w r ə m m í
y e ŋ ŋ u k ó
h á y r ə r o y
t ə w r e b ə
t ə m m ə
h á y y e b ə
ə ́ h u m n i
k i b ə n ə
t ə w r u b ə
ə ́ h u m n i
h á y r ə r o y
p h ə ŋ b ə
p h ó ŋ g e
k a d ú n ə
t ə w k h i d e
h á y t r e
t ə w k h i d e
l ə ́ y b ə
h á y r ə m m í
h á y r ə r o y
p h ə ́ m m e
h á y r ə k ʔ e
w á k ə ́ t l e
s i n g e b ə
n ə ́ č á n ə
s i k h i b ə
k h ə ́ ŋ b ə
k h á ŋ b ə
č ə ́ t l u g e
t ə m g ə d ə b ə
č o ŋ ŋ í
y a b r a
u b ə d u d ə
h ə n ú b ə
č ə ́ t l u g e
ə ́ h i ŋ
h á y y e b ə
ŋ a y r ə m m e
t ə w r ə ́ b ə
č ə ́ t l u g e
t ə w s ə n s i
t ə w r ə ́ b ə
t h e ŋ n ə d e
t ə w r ə ́ b ə
k ə ́ r ə m ~ h á y n ə
p ə ́ ŋ s a w d ə ́ ~ s a w d ú n ə
p h ə ŋ b r o
k ə w r ə m m í
k ə ́ r ə m ~ h á y n ə
h á y r ə m m í
h á y r ə b ə d ə
m ə k ó k
t ə w r ə ́ b ə
t h e ŋ n ə d e
t h ə w b ə d ə
h á y r ə b ə d ə
