t ə w r ə k p ə
h ə ́ w r ə k e
k ə ́ p p ə n ə
t a k h r e
t ə m b i r i
h é k l ə ́ g ə
ə ́ s í g i
p a m m i
t ə m n i ŋ n ə
l ə y r i s i d i
t ə m m o
h á y r ə k ʔ í
ə ́ h u m n ə
č ə ́ t m a n e
s i r e n e h é
h á p l i b ə
h á y r ə m m í
l ə y r i s i d i
h á y b ə d i
č ə ́ t m a n e
t a b ə d ə g i
t ə w r e b ə
t ə m m ə
n a b ə n e
t ə w r e b ə
č ə ́ t k ə n i
k ə w w í
l ə y r i b ə
č ə ́ t p ə d ə
t ə w r ə ́ b ə s u
k a d ú n ə
č ə ́ t k ə n i
k o n n ə
s é m b ə
l ə y r i b ə
t ə w s ə n s i
l ə y r i s i d i
h ə n l ə k č ə w
l ə y r i b ə
t ə w s ə n s i
t ə w r ə k p ə
t a r i b ə
t ə w k h r ə g e
h á y r ə k ʔ í
k ə w w í
č ə ́ ŋ ə k ʔ e
h á y r i b ə s i
č ə ́ t m a n e
h á y r ə k t e
h ə n ú b í s i
t ə w b ə n i n a
č ə ́ t p ə d ə
č á g e d ə ́ n ə
p á y b í
t ə w b ə d u d ə
č ə ́ t k ə n i
l o y r ə ́ g ə
h á y d ú n ə
h á y r i b ə s i
t ə w r ə k p ə g i
m á ŋ n i n ə
t ə w r i s i d i
t ə w b ə b u d i
h á y r ə k t e
t ə m g ə d ə b ə
č a w r ə ́ b ə
ə d ə y d ə
l ə y r ə ́ b ə
t ə w b ə b u d i
t ə w r ə k p ə g i
h á y b ə n ə d i
t h a n l ə ́ b ə
č ə ́ t p ə d ə
k h ə ŋ d e d ə
k ə w b i y u
h á y b ə n ə d i
l a k p ə s i g i
t ə w r ə g e d o
t ə w r ə m b ə g i
h ə n ú b ə
t ə w r i b n i
h á y r ə b ə d ə
t ə w r ə g e d o
h á y r ə k t e
h á y d ú n ə
h á y r ə m m í
s i r ə ́ b ə n i
t ə w r i s i d i
l ə y r ə ́ b ə
t ə w k h r ə g e
t ə w b ə b u d i
t ə w r ə k p ə g i
h á y r ə b ə d ə
h ə n ú b í g i
t ə w k h r ə g e
l ə y r ə ́ b ə
h á y r ə b ə d ə
h é k n ə ́ b ə
h á y r ə k t e
t ə w b ə n i n a
t ə w r ə ́ b ə s u
č ə ́ t k h i g e
k e n g e
t ə w b ə b u d i
č ə ́ ŋ d ú n ə
č ə ́ ŋ d ə b ə
h á y b ə d ə g i
t ə w r i s i d i
t ə w r i b n i
y á w r ə m m o
ə p h ə ́ b ə
h ə n ú b í s i
m ə č ə ́ t k h í
h á y b ə d ə g i
t ə w r ə k p ə
č ə ́ t k h i g e
č ə ́ t k h i g e
č ə ́ ŋ d ú n ə
l ə y d ə ́ n ə
m ə č á d u b u
t ə w r i b ə
h á y d ú n ə
l ə y d ə ́ n ə
h á y d ú n ə
l é ŋ ŋ o
h ə n ú b ə s i
t ə w b ə d u d ə
h á y d ú n ə
s i r ə d ə w n i
l a k p ə s i g i
t ə w r i b ə
t ə w r i b ə
h ə ́ w r ə m b ə
t ə w r ə m b ə g i
h ə n ú b ə n ə
h ə w r ə m m í
t ə w r ə m b ə g i
h á y b ə d ə g i
h á y r i b ə d o
p h ə ́ r ə b ə d i
l ə y d ə ́ n ə
h á y r i b ə d o
t ə w b ə d u d ə
č ə ́ t k h i g e
m ə ́ y a m d i
t ə w k h r ə g e
m ə ́ k h ó y s ú
l a k ʔ ə g e b ə
č ə ́ t ə w r i b ə
h á y r i b ə d o
k h ə ́ ŋ ŋ e
t ə w r i b ə
h ə n ú b ə s i
t ə w r ə ́ g ə n e
h ə w r ə m m í
č ə ́ t m a n e
p á y r ə ́ g ə
l o y r ə ́ b ə
h á y r ə d ə w n i
k h ə ŋ d e d ə
t ə w r ə g e d o
m ə s á n ə
n ə ́ k h ó y g i
h á y r ə r ə n i
h ə l l ə k p ə g i
h á y d ú n ə
č ə ́ t n i ŋ b o y
t ə w r i b ə n e
h á y r ə r ə n i
h á y r ə r ə n i
k h ə ŋ d e d ə
k h ə ŋ d e
k h ə ́ ŋ ŋ e
t ə w r i b ə n e
h á y b ə d ə g i
t ə w r i b ə n e
č ə ́ ŋ l ə k p ə
č ə ́ t p ə d i
y e ŋ b i r u n u
č ə ́ t l ə g e n e
h ə w r ə m m í
t ə m g ə d ə b ə
h ə n ú b ə n ə
h á y r ə d ə w n i
t ə w r ə m d o y n o
t ə w r ə m d o y n o
h a y d ə n ə
t ə w r ə ́ g ə n e
t ə w r i b ə n e
t ə w r ə g e d o
ə ́ h u m n ə
y á w r i b ə n i
h á p l ə ́ g ə
t ə w r i b ə n e
h ə n ú b ə n ə
m á ŋ b ə d ə g i
h á y r ə r ə n i
ə ́ y a m d u
n u ŋ ŋ a y b r a
p h ə ́ r ə ́ g ə
y e ŋ b i r u n u
t ə w r ə ́ b ə s u
č ə ́ t t ə ́ n ə
t ə w r i b ə d u b u
l ə y b ə n i n ə
h á p l ə ́ g ə
t ə m g ə d ə b ə
y á w h ə n l o y
l ə ́ y r ə ́ b ə n i
č ə ́ t l ə g e n e
k ə w r e
y á n i ŋ d e d ə ́
h á y r ə d ə w n i
č ə ́ t l ə g e n e
t ə w r ə ́ b ə s u
l ə ́ y r ə ́ b ə s i
t ə w r i b ə d u b u
m í r ə ~ h á y d ə ́ n ə
y e ŋ l ə m m í
t ə w r i b ə d u b u
l ə ́ w r ə ́ g ə
y á w h ə n l o y
m ə ́ d ə ́ y d i
č ə ́ ŋ l ə k p ə
í m á n ə
l ə ́ w d ə ́ n ə
l ə y b ə n i n ə
č ə ́ ŋ ə k ʔ i b ə
s i z i n b i r e
m ə k h o y b u
t ə w r ə k p ə n i
m ə č ə ́ t k h í
h a y g ə t l ə k ʔ e
č ə ́ t l ə ́ b ə
č ə ́ t l ə ́ b ə
l ə ́ y r ə ́ b ə n i
č ə ́ t l ə g e n e
h á y r ə k k ə n i
h á y b ə s i n ə
ə ́ s é ŋ b ə d u
p h ə ́ m d ə ́ n ə
ə ́ s i d ə y d ə
h á y b ə s i n ə
y e ŋ b ə s i d ə
h á p š ə n k h r ə s i
h á y b ə s i n ə
č ə ́ t ə w r i b ə
k h á m m í
h á y r ə k p ə s i d ə
ə d u d ə b u
y e ŋ b ə s i d ə
l ə y b ə d ú n ə n i
t h ə m m ə ́ g ə
č ə ́ t n i ŋ b ə n ə
h á y b ə s i n ə
l ə ́ y r ə ́ b ə n i
n u ŋ ŋ a y t ə r e
l ə ́ y r ə ́ b ə g i
č ə ́ t ə w r i b ə
l ə ́ w n ə ́ b ə
h á y b ə s i n ə
t h ó k t ú n ə
č ə ́ t ə w r i b ə
č ó t p ə d u d ə
t ə m b ə n i n ə
n ú p í ~ h á y b ə
č ə ́ t n ə y d ə ́ n ə
p h ə ́ m b i y u
l ə ́ y r ə ́ b ə s i
l ə y b ə d ú n ə n i
l ə y b ə d ú n ə n i
l ə ́ y r ə ́ b ə s i
l ə ́ y r ə ́ b ə s i
č ə ́ t p ə s i d ə
h á y r i b ə d u d i
p a m m i b ə
l ə y r ə d ə ́ n ə
h á p š ə n k h r ə s i
k a l i m u b í
h á y r i b ə d u b u
h á p k ə n i b ə ́
č ə ́ t ə w r i b ə
l ə y r ə d ə ́ n ə
h ə y b ə
t ə w r ə k p ə n i
y á w r ə m m ə n e b ə
l ə y r ə d ə ́ n ə
l ə y r ə d ə ́ n ə
h á y b ə s i n ə
m ə č ə ́ t k h í
h á y r i b ə d u d i
č ə ́ t k h r ə ́ g ə
h á y r i b ə d u b u
k h ə ́ ŋ ŋ e
h ə w n ə d e b ə ́
č ə ́ t p ə s i d ə
h á y r i b ə d u b u
h á y r i b ə d u b u
m ə s i d ə
s i r ə m g ə n i d ə ́
h á y b ə s i n ə
h á y r i b ə d u d i
č ə ́ t k h i b ə d ə
h ə w n ə d e b ə ́
h á y r i b ə d u d i
h ə w n ə d e b ə ́
h a y g ə t l ə k ʔ e
č ə ́ t l u b ə d ə g i
t ə m m i n n ə b r ə
č ə ́ t n i ŋ b ə n ə
l ə ́ y r ə ́ b ə s i
č ə ́ t l u b ə d ə g i
h ə w n ə d e b ə ́
s i r e n e h é
č ə ́ t k h i b ə d ə
m ə ́ s í d ə g i
č ə ́ t l u b ə d ə g i
h é k ʔ ə d ə ́ n ə
k á d r ə ́ g ə s ú
n ú p í ~ h á y b ə
h á y r i b ə d u d i
č ə ́ t k h r ə ́ g ə
č ə ́ t n i ŋ b ə n ə
l ə ́ y r ə ́ b ə s i
h ə n ú b í d u n a
ŋ á w d ə ́ n ə
č ə ́ t t o y n o
s a r ə k p ə
m í r ə ~ h á y d ə ́ n ə
t ə w r ə m d o y n o
l ə y b ə d ú n ə n i
m ə č ə ́ t k h í
t ə w r ə m d o y n o
s i r e n e h é
l ə ́ y r ə ́ b ə g i
h á y r ə k k ə n i
m a n n ə r ə m m í
h á p k ə n i b ə ́
h á y r ə k k ə n i
k i r i b ə
t ə w d e n e h é
t ú m k h r ə ́ b ə
l ə ́ y r ə ́ g ə d i
č ə ́ t k h i b ə s i
h á y r ə k p ə s i d ə
č ə ́ t k h i b ə s i
č ə ́ t t o y n o
č ə ́ t k h i b ə s i
h á y r ə d ə w n i
h á y r i b ə d u d i
l o y n ə m ə ́ k
l ə ́ y r u g h i n i
h ə ́ w n ə b ə r o
č ə ́ t n i ŋ b ə n ə
t h u ŋ ŋ ə ́ b ə
h á y b ə s i n ə
h á y r ə k p ə s i d ə
n u ŋ ŋ a y r e d o
k i r e
n ə ́ č á n ə
t ú m i n l ə y r o
č ə ́ t k h r ə ́ g ə
s a n n ə r ə m m í
h á y r ə k p ə s i d ə
l ə ́ y r u g h i n i
ə ́ s í g i
l ə y b ə d ú n ə n i
o y r i ŋ ə y
l ə ŋ g ə d ə b ə n i
h ə n ǰ ə n ~ h ə n ǰ ə n
č ə ́ ŋ ə k ʔ i b ə
t h ə w r ə k p ə d ə
í h a n ~ h a n b ə
t ə m b i b ə
h á y r i b ə d u d i
m í r ə ~ h á y d ə ́ n ə
č ə ́ t t o y n o
m ə ́ k h ó y s ú
l ə y b ə d ú n ə n i
l ə ́ w d ə b ə r a
č i ŋ n ə ́ b ə
h á p k ə n i b ə ́
h a y d ə n ə
č ə ́ t k h i b ə s i
k h ə ́ ŋ d r ə b ə n i
č ə ́ t k h i b ə s i
í t ə ́ t ~ t ə ́ t t ə ́ n ə
í t ə n d ə ́ ~ t ə n d ə ́ n ə
h á y r i b ə d u d i
s a t r ə s i ŋ s u
t h ó k k h ə r e
h á p k ə d ə b ə n i
s é t č á r ə d ú n ə
k h ə ŋ ŋ i p ó t n i
k á d r ə ́ g ə s ú
t h ó k p ə n i d ə ́ n ə
m ə t h ə ́ ŋ
y á w r ə m m ə n e b ə
p h ə ŋ n i ŋ b ə g i
t h ó k k h ə r e
u h ə ́ y š i ŋ
t h ə m m ə m m í
č ə ́ t p ə d u d ə
k h ə ́ ŋ d r ə b ə n i
h ə ́ w g ə t l ə ́
k h ə ́ ŋ l e
p h ə ́ m b i y u
l e y r ə m b ə d ə g i
h a y d ə n ə
m í r ə ~ h á y d ə ́ n ə
p h ə ́ t ʔ e
č é n k h r ə ́ g ə
l e y r ə m b ə d ə g i
p a b ə d ə
s a t r ə s i ŋ n ə
h ə n ú b í d u n a
k h ə ŋ ŋ i p ó t n i
h á p k h ə t l ə ́ g ə
h á y b ə d u d ə n e
s a t r ə s i ŋ n ə
h á y b ə s i d i n e
h á y b ə d u d ə n e
t h ə w d u n a
h á y b ə d u d ə n e
h á y b ə s i d i n e
č í k k ə d ə b ə n i
h á p k h ə t l ə ́ g ə
h á y b ə s i d i n e
m a k h o y n ə
l ə ́ y r u g h i n i
h ə ́ w n ə b r ə n e
h á y b ə d u d ə n e
h ə w g ə t l ə ́ g ə
k h ə ŋ b r a
s u m ~ l ə y b ə s i
l e y h ə w r ə m m í
t ə m m i n n ə b r ə
h á p č ə n p ə
t ə w r i b ə ǰ a t n o d ə
h á y b ə d u d ə n e
l e y r ə m b ə d ə g i
m í t h o y ~ m í h e n b ə
t h a d o r ə k ʔ e
h ə n ǰ ə n ~ h ə n ǰ ə n
t á r ə g ə d i
l ə ́ y r ə ́ b ə d u n ə
h á y b ə s i d i n e
h á y b ə s i d i n e
č ə ́ ŋ k h r b ə n e
l e y r ə m b ə d ə g i
n ə ́ k h ó y g i
č a w r ə k l ə ́ b ə
s u m ~ l ə y b ə s i
l e y r ə m b ə d ə g i
l e y r i ŋ e y d u d ə
m ə ́ k h ó y s i
t h e ŋ n ə b ə s i d ə
h ə ́ w g ə t l ə k p ə
s a t r ə s i ŋ g i
p h ə ́ m b i y u
t ə w r i b ə ǰ a t n o d ə
n ə ́ m s i n d ú n ə
h á p č i l l e r ə ́ g ə
ə ́ ŋ á ŋ s i ŋ
s a t r ə s i ŋ g i
t ə w r i b ə ǰ a t n o d ə
l o y t h o k k h r e
t ə w r ə k p ə n i n ə
h ə w r ə k p ə d ə g i
h á y m ə l l ə d ə ́ n ə
l ə ́ w b ə d ú n ə n i
t h a l l ə ́ b ə
h á p k h ə t l ə ́ g ə
t ə w r ə k p ə n i n ə
l ə ́ y r ə ́ b ə d u n ə
ə ́ d ú g u m b ə
p h ə r ə ́ b ə
č ə ́ ŋ k h r b ə n e
k h ó ŋ n ə
k h u n l ə k l i b ə
t ə w r ə k p ə n i n ə
l ə ́ y h ə w d ə r e
p u ~ č ə ́ t p ə d ə
í n l ə m m i
k ə ́ r ə m ~ h á y n ə
t h ə m k h r ə ́ b ə n i
l ə ́ y r ə ́ b ə d u n ə
ə ́ d ú d ə d i
í n k h ə t l ə ́ g ə
p u ~ č ə ́ t p ə d ə
p h ə ́ t ʔ e
k h ə ́ ŋ d r ə ́ b ə n ə n i
k á k h ə t l ə ́ g ə
l e y r i ŋ e y d u d ə
č ə ́ t k h i r e
n u ŋ a y t ə d ə n ə
m ə n í ŋ t h ó ŋ d ə
h á p s i n b ə
m ə ́ y ú m s i d ə
l e y r i ŋ e y d u d ə
h a y d o k k h i d ə ́ n ə
y á w k h r ə ́ b n i n e
t h e ŋ ǰ ə n b ə d ə g i
h á y m ə l l ə d ə ́ n ə
h a y d o k k h i d ə ́ n ə
l e y r i ŋ e y d u d ə
h a y d o k k h i d ə ́ n ə
ǰ i b ə s i ŋ d u
s a r ə k p ə
y á w k h r ə ́ b n i n e
h á y m ə l l ə d ə ́ n ə
m ə ́ s á ~ m ə ́ s á n ə
h á y m ə l l ə d ə ́ n ə
t h e ŋ n ə d r ə ́ b ə d ə
l ə y h ə w d o y n i k o
h á p s i n b ə
h á p č ə n p ə
l e y r i ŋ e y d u d ə
y á w g ə d ə w r i b ə n o d ə
h ə w b i r e
ə ́ r a ŋ b ə d u
h á p s i n b ə
h á p č ə n p ə
h á y m ə l l ə d ə ́ n ə
l ə y r ə m d ə d ə ́ n ə
m a k h o y n ə
h á y m ə l l ə d ə ́ n ə
l ə y r ə m d ə d ə ́ n ə
h ə n ǰ i l l ə k p ə s i d ə
l ə ́ y h ə w d ə r e
l e y r i ŋ e y d u d ə
y á w k h r ə ́ b n i n e
t h e ŋ n ə b ə s i d ə
m ə ́ y a s i
s i n n ə k h r ə ́ b ə n i
m ə ́ y á n ə
h á p č ə n l ə m m í
w á n ə
n u ŋ ŋ a y r ə d ə w n i
k h ə ŋ l ə m l ə b ə d i
h á p č ə n l ə m m í
t h ó k h ə n d ú n ə
h á y m ə l l ə d ə ́ n ə
n u ŋ ŋ a y r ə d ə w n i
t a n č a b ə n i
t ə m i n n ə d r e d ə ́ n a
k h ə ŋ l ə m l ə b ə d i
h ə ́ w g ə t l ə k p ə
h á p č ə n l ə m m í
h ə n ǰ i l l ə k p ə s i d ə
h á p č ə n l ə m m í
h a y d o k k h i d ə ́ n ə
n u ŋ ŋ a y r ə d ə w n i
t h ó k h ə n d ú n ə
h á p č i n l ə ́ g ə
p h ə ́ t ʔ e
h á p č ə l l ə ́ g ə
l ə y h ə w d o y n i k o
h a y d o k k h i d ə ́ n ə
h á p č i n l ə ́ g ə
ə d u g i r o
k á r ə m m e d ə ́ n ə
l ə ́ y r ə k k ə d ə b ə s i
y á w g ə d ə w r i b ə n o d ə
h a y d o k k h i d ə ́ n ə
t h á ŋ g ə y s é ŋ b ə
s í ǰ i n n ə b ə g i
l ə ́ w s i l l ə ́ g ə
t ə w r ə m b ə d u d ə y d i
č í r ə k p ə d ə g i
t ə w g ə d ə w r i b ə n o d ə
t ú m m ə m ŋ ə y s i d ə
t ə w g ə d ə w r i b ə n o d ə
l a w t h o k ʔ e
ŋ á w š ə n n ə ́ y
k ə ́ p k ə d ə g e
h á p č ə l l ə ́ g ə
m ə ́ n ə m d o
h a y d o k k h i d ə ́ n ə
n u ŋ ŋ a y ǰ ə r i n i d ə ́
k h ə ́ ŋ d r e
t h e ŋ ǰ i l l ə ́ g ə
t h e ŋ ǰ i l l ə ́ g ə
k h u n g ə t t ú n ə
t ə m m i n n ə ́ y
ə n i ~ t h ó k n ə
h ə ŋ b ə d ə
h ə y t ə d ə ́ n ə
n a m ə n l ə d ə ́ n ə
l ə ́ y r ə k k ə d ə b ə s i
t ə m m i n n ə ́ y y e
t ə m m i n n ə ́ y
n ə ́ k h ó y
m a y b ə s i n ə
í n k h ə t l ə k ʔ e
t h ó k k h ə r e
č a w k h r ə ́ b ə d u d a
k e k r ú h ə n ǰ ə b ə n i
t h o ŋ ə d ə ́ n ə
h é l ó y s i ŋ n ə
s i n n ə k h r ə ́ b ə n i
č ə ́ ŋ š ə l l ə m m í
k h ə ́ ŋ n ə r ə ́ b ə n i n ə
t é y t h o k l ə ́ g ə
č ə ́ t p ə
t h ó r ə k ʔ ə m m í
p ə ́ ŋ č ə ́ t t ə ́ ~ č ə ́ t l e
m ə ́ s í g i d i
k á k h ə t l ə k ʔ ə ́ g ə
p ə ́ ŋ č ə ́ t t ə ́ ~ č ə ́ t l e
t h ó k č ə n n ə k h r ə ́ g ə
t ə m m u r i b ə
m ə ́ s í d ə y d i
ə y k h o y s u
n ə m t h í k h r e d á
k ú m l ə k l ə m m í
n u ŋ ŋ a y n ə ~ n u ŋ ŋ a y n ə
t h a ŋ ə ́ k ʔ e
k h ə ́ n n ə ́ b ə
h ú r á l l i ǰ a t l ə n e
t a w u d ə ́
k e k r ú h ə n ǰ ə b ə s i n ə
č ə ́ t k h r ə b ə n i n ə
s ú k y a m n ə
ə y g i s i s u
ə y k h o y s u
h ú r á n b ə s i
m ə ́ m á s ú
n ə m t h í k h r e d á
l a w t h ə r ə m m í
ə ́ k ó y b ə d u d ə
s ú d r i b ə n i
ə m ə t ʔ ə d i
m ə ́ r ó n d ə
p ə ́ ŋ č ə y ~ č ə y b i b ə b o
t é k ʔ e d ə ́ n ə
h ə ŋ b ə ~ k a n s i d ə
p ə ́ ŋ č ə ́ t t ə ́ ~ č ə ́ t l ə m m í
p ə ́ ŋ č ə ́ t t ə ́ ~ č ə ́ t l ə m m í
p ú m l ə ŋ ~ l ə ŋ k h r e
p ə ́ ŋ č ə ́ t t ə ́ ~ č ə ́ t l ə m m í
m ə ́ t ə m d ə d ə d i
t h ə ́ w r ə k ʔ ə ́ g ə
h ə y n i ŋ d r ə b ə
h ə y ǰ ə n i ŋ d r ə b ə ́
t ə m h ə n g ə d ə w r i b ə n o
t ə m n i ŋ d r ə b ə
k h u n k ə t p i r ə m m í
č ə y b i r i s i b o
ə m ə d i
p ú m l ə ŋ ~ l ə ŋ k h r e
l é ŋ b i r ə k p ə b o
p h ə m m ə ́ g ə
p a l l ə b ə
p a l l ə m m i
m ə ́ t ə ́ y ~ m ə ́ n a w
č ə ́ t l e
č ə ́ t l ə k t e
č ə ́ t n i ŋ d ə b o y
č ə ́ t l u b ə d i
č ə ́ t l u b ə d ə y
č ə ́ t k h i b ə d ə g i d i
č ə ́ t n ə n ə ́ b ə
č ə ́ t k h i d e
č ə ́ t l e n ə
č ə ́ t t a r ə d i
č ə ́ t k h r i b ə
l ə ́ w b i r o y d ə b ə r a
ə d u g i r o
m á d ə ŋ d i
p h ə ŋ ŋ ə m m o y d r ə
p h ə ŋ b ə s ú
č é n t h o k k h i b ə
k h ə ́ ŋ d ə d ú n ə
ó n i ŋ k h ə r e
n ú p á m ə ́ č á d u g i
k e k r ú h ə n ǰ ə b ə š i s ú
h ə w b i k h o
h u n ǰ ə n b i d r ə ́ b ə s u
h u n k ə t p ə d ə g i d i
t ə m b u ~ t ə m n i ŋ d ə b ə ǰ a t n i
n ə ́ t t e k ó
l ə ́ w b i r o y d ə b ə r a
k h u m m ə k ʔ u
k h u m d r ə ́ b ə d i
k h u m m ə k p o y r e
l ə ́ w t h o k ʔ ə m m ə n i
y a r ə r o y
m ə ́ d ú d i
t á k p ə d ə g i
k h ú d o n b í d ə
m a n n ə ́ y
í m a n n ə b ə
m a n n ə d e ʔ ə b ə
k e k r ú h ə n ǰ ə b ə s i d ə
k e k r ú h ə n ǰ ə b ə d a
m ə ́ m a ŋ ŋ ə y d ə
s é g a y k h r ə ́ b ə n i n ə
s é g a y d ú n ə
s é m g ə t p ə
p h á r ə k u
s é t t o k ʔ ə ́ g ə
t ə w r ə m b ə d u d ə y d i
m ə ́ s í g i d i
t h ə ́ w w i d ə ́ n ə k ó
k ə y d ə w d ə w r i b ə n o
k ə y n o m ə
p h ó ŋ d o k k ə d ə y
ǰ i b ə p a n b ə
l ə ́ w d ə ~ y a d e
m ə ́ n a t o n d u d ə
t h u ŋ n ə ́ b n ə
í m a ŋ s i d ə
m á ŋ g ə d r a
m ə r ə y r ə b ə ́
p h ə ́ m l ə ́ y
p h ú d h ə r o
k ú m t h ə r ə k p ə s i d ə
k ú m t h ə r ə k ʔ e
ə ́ h a w ~ ə ́ h a w b ə
ə p h á w ~ ə p h á w b ə
í t a w g i d ə
í t a w s i b o
m ó y g i d i
m ó y s i
h a n n ə g i
h á n t h ə r ə ʔ l i b ə s i n i n e
ŋ a n t h o k p i r o
ə ́ h i ŋ s i d ə
h ə l l ə k ʔ e b ə
í n á k k h u n n i ŋ b ə g i
t é y t h o k l ə ́ g ə
t h ó r ə k t ú n ə
č í n n ə
h ə l l ə k ʔ e b ə
ə r ó n ~ ə t h ú p t u
p h ó ŋ d o k k ə d ə y
ŋ a n t h o k p i r o
m á d ə ŋ d i
h ə n d o k t ə b ə
h ə n ú b í n i n ə
s a ǰ ə d ə ́ n ə
p h ə g ə d ə b ə s i d i
k h ə z í k t ə ŋ
n a m ə l l ə k ʔ ə d ə ́ n ə
h ə ́ w r ə k k h i b ə
n ə ́ m g ə d ə w r i b ə
y ə w d r i ŋ ə y d u d ə
č ə y b i r i s i b o
k h ó ŋ g o y n ə r e
