k h ó ŋ g o y n ə r e
č ə y b i r i s i b o
y ə w d r i ŋ ə y d u d ə
n ə ́ m g ə d ə w r i b ə
h ə ́ w r ə k k h i b ə
n a m ə l l ə k ʔ ə d ə ́ n ə
k h ə z í k t ə ŋ
p h ə g ə d ə b ə s i d i
s a ǰ ə d ə ́ n ə
h ə n ú b í n i n ə
h ə n d o k t ə b ə
m á d ə ŋ d i
ŋ a n t h o k p i r o
p h ó ŋ d o k k ə d ə y
ə r ó n ~ ə t h ú p t u
h ə l l ə k ʔ e b ə
č í n n ə
t h ó r ə k t ú n ə
t é y t h o k l ə ́ g ə
í n á k k h u n n i ŋ b ə g i
h ə l l ə k ʔ e b ə
ə ́ h i ŋ s i d ə
ŋ a n t h o k p i r o
h a n n ə g i
h á n t h ə r ə ʔ l i b ə s i n i n e
m ó y s i
m ó y g i d i
í t a w g i d ə
í t a w s i b o
ə p h á w ~ ə p h á w b ə
ə ́ h a w ~ ə ́ h a w b ə
k ú m t h ə r ə k ʔ e
k ú m t h ə r ə k p ə s i d ə
p h ú d h ə r o
p h ə ́ m l ə ́ y
m ə r ə y r ə b ə ́
m á ŋ g ə d r a
í m a ŋ s i d ə
t h u ŋ n ə ́ b n ə
m ə ́ n a t o n d u d ə
l ə ́ w d ə ~ y a d e
ǰ i b ə p a n b ə
p h ó ŋ d o k k ə d ə y
k ə y d ə w d ə w r i b ə n o
k ə y n o m ə
t h ə ́ w w i d ə ́ n ə k ó
m ə ́ s í g i d i
t ə w r ə m b ə d u d ə y d i
s é t t o k ʔ ə ́ g ə
p h á r ə k u
s é g a y d ú n ə
s é m g ə t p ə
s é g a y k h r ə ́ b ə n i n ə
m ə ́ m a ŋ ŋ ə y d ə
k e k r ú h ə n ǰ ə b ə s i d ə
k e k r ú h ə n ǰ ə b ə d a
í m a n n ə b ə
m a n n ə ́ y
m a n n ə d e ʔ ə b ə
k h ú d o n b í d ə
t á k p ə d ə g i
m ə ́ d ú d i
y a r ə r o y
l ə ́ w t h o k ʔ ə m m ə n i
k h u m m ə k p o y r e
k h u m d r ə ́ b ə d i
k h u m m ə k ʔ u
l ə ́ w b i r o y d ə b ə r a
n ə ́ t t e k ó
t ə m b u ~ t ə m n i ŋ d ə b ə ǰ a t n i
h u n ǰ ə n b i d r ə ́ b ə s u
h u n k ə t p ə d ə g i d i
h ə w b i k h o
k e k r ú h ə n ǰ ə b ə š i s ú
n ú p á m ə ́ č á d u g i
ó n i ŋ k h ə r e
k h ə ́ ŋ d ə d ú n ə
č é n t h o k k h i b ə
p h ə ŋ b ə s ú
p h ə ŋ ŋ ə m m o y d r ə
m á d ə ŋ d i
ə d u g i r o
l ə ́ w b i r o y d ə b ə r a
č ə ́ t l e
č ə ́ t k h r i b ə
č ə ́ t k h i b ə d ə g i d i
č ə ́ t t a r ə d i
č ə ́ t k h i d e
č ə ́ t l u b ə d i
č ə ́ t l ə k t e
č ə ́ t l u b ə d ə y
č ə ́ t n ə n ə ́ b ə
č ə ́ t n i ŋ d ə b o y
č ə ́ t l e n ə
m ə ́ t ə ́ y ~ m ə ́ n a w
p a l l ə m m i
p a l l ə b ə
p h ə m m ə ́ g ə
l é ŋ b i r ə k p ə b o
p ú m l ə ŋ ~ l ə ŋ k h r e
ə m ə d i
č ə y b i r i s i b o
k h u n k ə t p i r ə m m í
t ə m h ə n g ə d ə w r i b ə n o
t ə m n i ŋ d r ə b ə
h ə y n i ŋ d r ə b ə
h ə y ǰ ə n i ŋ d r ə b ə ́
t h ə ́ w r ə k ʔ ə ́ g ə
m ə ́ t ə m d ə d ə d i
p ə ́ ŋ č ə ́ t t ə ́ ~ č ə ́ t l ə m m í
p ú m l ə ŋ ~ l ə ŋ k h r e
p ə ́ ŋ č ə ́ t t ə ́ ~ č ə ́ t l ə m m í
p ə ́ ŋ č ə ́ t t ə ́ ~ č ə ́ t l ə m m í
h ə ŋ b ə ~ k a n s i d ə
t é k ʔ e d ə ́ n ə
p ə ́ ŋ č ə y ~ č ə y b i b ə b o
m ə ́ r ó n d ə
ə m ə t ʔ ə d i
s ú d r i b ə n i
ə ́ k ó y b ə d u d ə
l a w t h ə r ə m m í
n ə m t h í k h r e d á
m ə ́ m á s ú
h ú r á n b ə s i
ə y k h o y s u
ə y g i s i s u
s ú k y a m n ə
č ə ́ t k h r ə b ə n i n ə
k e k r ú h ə n ǰ ə b ə s i n ə
t a w u d ə ́
h ú r á l l i ǰ a t l ə n e
k h ə ́ n n ə ́ b ə
t h a ŋ ə ́ k ʔ e
n u ŋ ŋ a y n ə ~ n u ŋ ŋ a y n ə
k ú m l ə k l ə m m í
n ə m t h í k h r e d á
ə y k h o y s u
m ə ́ s í d ə y d i
t ə m m u r i b ə
t h ó k č ə n n ə k h r ə ́ g ə
p ə ́ ŋ č ə ́ t t ə ́ ~ č ə ́ t l e
k á k h ə t l ə k ʔ ə ́ g ə
m ə ́ s í g i d i
p ə ́ ŋ č ə ́ t t ə ́ ~ č ə ́ t l e
t h ó r ə k ʔ ə m m í
č ə ́ t p ə
t é y t h o k l ə ́ g ə
k h ə ́ ŋ n ə r ə ́ b ə n i n ə
č ə ́ ŋ š ə l l ə m m í
s i n n ə k h r ə ́ b ə n i
h é l ó y s i ŋ n ə
t h o ŋ ə d ə ́ n ə
k e k r ú h ə n ǰ ə b ə n i
č a w k h r ə ́ b ə d u d a
t h ó k k h ə r e
í n k h ə t l ə k ʔ e
m a y b ə s i n ə
n ə ́ k h ó y
t ə m m i n n ə ́ y
t ə m m i n n ə ́ y y e
l ə ́ y r ə k k ə d ə b ə s i
n a m ə n l ə d ə ́ n ə
h ə y t ə d ə ́ n ə
h ə ŋ b ə d ə
ə n i ~ t h ó k n ə
t ə m m i n n ə ́ y
k h u n g ə t t ú n ə
t h e ŋ ǰ i l l ə ́ g ə
t h e ŋ ǰ i l l ə ́ g ə
k h ə ́ ŋ d r e
n u ŋ ŋ a y ǰ ə r i n i d ə ́
h a y d o k k h i d ə ́ n ə
m ə ́ n ə m d o
h á p č ə l l ə ́ g ə
k ə ́ p k ə d ə g e
ŋ á w š ə n n ə ́ y
l a w t h o k ʔ e
t ə w g ə d ə w r i b ə n o d ə
t ú m m ə m ŋ ə y s i d ə
t ə w g ə d ə w r i b ə n o d ə
č í r ə k p ə d ə g i
t ə w r ə m b ə d u d ə y d i
l ə ́ w s i l l ə ́ g ə
s í ǰ i n n ə b ə g i
t h á ŋ g ə y s é ŋ b ə
h a y d o k k h i d ə ́ n ə
y á w g ə d ə w r i b ə n o d ə
l ə ́ y r ə k k ə d ə b ə s i
k á r ə m m e d ə ́ n ə
ə d u g i r o
h á p č i n l ə ́ g ə
h a y d o k k h i d ə ́ n ə
l ə y h ə w d o y n i k o
h á p č ə l l ə ́ g ə
p h ə ́ t ʔ e
h á p č i n l ə ́ g ə
t h ó k h ə n d ú n ə
n u ŋ ŋ a y r ə d ə w n i
h a y d o k k h i d ə ́ n ə
h á p č ə n l ə m m í
h ə n ǰ i l l ə k p ə s i d ə
h á p č ə n l ə m m í
h ə ́ w g ə t l ə k p ə
k h ə ŋ l ə m l ə b ə d i
t ə m i n n ə d r e d ə ́ n a
t a n č a b ə n i
n u ŋ ŋ a y r ə d ə w n i
h á y m ə l l ə d ə ́ n ə
t h ó k h ə n d ú n ə
h á p č ə n l ə m m í
k h ə ŋ l ə m l ə b ə d i
n u ŋ ŋ a y r ə d ə w n i
w á n ə
h á p č ə n l ə m m í
m ə ́ y á n ə
s i n n ə k h r ə ́ b ə n i
m ə ́ y a s i
t h e ŋ n ə b ə s i d ə
y á w k h r ə ́ b n i n e
l e y r i ŋ e y d u d ə
l ə ́ y h ə w d ə r e
h ə n ǰ i l l ə k p ə s i d ə
l ə y r ə m d ə d ə ́ n ə
h á y m ə l l ə d ə ́ n ə
m a k h o y n ə
l ə y r ə m d ə d ə ́ n ə
h á y m ə l l ə d ə ́ n ə
h á p č ə n p ə
h á p s i n b ə
ə ́ r a ŋ b ə d u
h ə w b i r e
y á w g ə d ə w r i b ə n o d ə
l e y r i ŋ e y d u d ə
h á p s i n b ə
h á p č ə n p ə
l ə y h ə w d o y n i k o
t h e ŋ n ə d r ə ́ b ə d ə
h á y m ə l l ə d ə ́ n ə
m ə ́ s á ~ m ə ́ s á n ə
h á y m ə l l ə d ə ́ n ə
y á w k h r ə ́ b n i n e
s a r ə k p ə
ǰ i b ə s i ŋ d u
h a y d o k k h i d ə ́ n ə
l e y r i ŋ e y d u d ə
h a y d o k k h i d ə ́ n ə
h á y m ə l l ə d ə ́ n ə
t h e ŋ ǰ ə n b ə d ə g i
y á w k h r ə ́ b n i n e
h a y d o k k h i d ə ́ n ə
