t ə w r ə k p ə n i n ə
h ú g ə t l e
n ə ́ m s i n d ú n ə
k i m ə n d ə ́ n ə
m ə ́ y a m s i n ə
h á p č ə l l ə ́ g ə
h á y r ə k ʔ e
m ə k h á
m ə ́ n í ŋ g i
m ə ́ h ə y
č ə ́ t m a n e
l a k ʔ ə n i
y á w g ə d ə w r i b ə n o d ə
t h ó r ə k p ə
t a b ə n e
č ə ́ t l u g e
p á y b ə g ə
p á y t h o k t ə ́ n ə
m ə s i d ə
l ə y r i b ə
s á r i b ə d o
t a r ə ́ g ə
t ə w r ə r o y
h á y r ə r ə n i
l ə y t ə b ə
h e y d o k ʔ e
m í r ə ~ h á y d ə ́ n ə
h á y b ə d ə g i
č ə ́ t l u g e
l ə y r i s i d i
h á y r i b ə d o
l ə y b ə n i n ə
t ə w b ə n i n a
l ə y b ə n i n ə
t ə w r i b ə
k ú m t h ə r ə k ʔ i
p h ə ́ t r ə ́ g ə
l é k p i k h o
í m á d ə
k h ə ́ ŋ h ə l l e
s i r ə m g ə n i d ə ́
l ə ́ y b ə
č ə ́ t k h i
t h ó k p ə n i
ə ́ s é ŋ b ə d u
t a r ə m b ə
l ə ŋ b ə
h á y b r ə b ə
l ə y r i s i d i
m ə ́ y ú m
h á y r i b ə d u b u
n u ŋ ŋ a y ǰ ə r i n i d ə ́
t u s i n l ə m m í
k á d r ə ́ g ə s ú
m ə s á d ə
í n k h ə t t ə ́ n ə
h é k ʔ ə ́ g ə
t ə w k h i d e
h á y r ə k k ə n i
h a y d ə n ə
ə ́ h u m n ə
t ə w s i
n u ŋ ŋ a y n ə ~ n u ŋ ŋ a y n ə
y á w r i b ə n i
k h ə ́ l l e b ə
č ə ́ t t o y n o
ə ́ y a m b ə
t h ə w r i b ə
h a y g ə t l ə k ʔ e
l ə ́ w r o y
č ə ́ t l u
t ə m n i ŋ d r i b ə s i d ə
h ə y t r e
č ə ́ t l ú y
s a t r a ~ s a t r i s i ŋ g i d ə m ə k t ə ́ d i
h é k ʔ e
n ú p í ~ h á y b ə
n u ŋ š i n ə ́ y
h á p k ə t l ə ́ g ə
h á y d ú n ə
t a g e
h á y t r e
č a w r ə k l ə ́ b ə
m ə č ə ́ t k h í
h á y r ə k k ə n i
p h ó ŋ d o k k ə d ə y
ə d ə ́ y
h á y b ə n ə d i
l ə ́ y r u g h i n i
y á w h ə n l o y
ə s i
h á p č i l l e r ə ́ g ə
t ə w b ə d u d ə
s a w r ə n u
č ə ́ t p ə d ə
h ə n ú b í s i g i
č a w g ə ~ č a w r e
h á y d e
t ə w d ə ́ n ə
t ə w b ə d u d ə
