l a k t e
u p p ə d u s u
ə ́ m ə m ə m
t ə w b ə d u d ə
h á y b ə b u
í k u d i
ə ́ h u m k h ə k n ə
h á y b r ə b ə
č ə ́ t l o
s a t r a ~ s a t r i s i ŋ n i
y e ŋ d u n ə
h ú r á n b ə d u n i
h á p k ə d ə b ə n i
č ə ́ t k h i b ə s i
t ə m g e
l ə y b ə n i n ə
p h ə b ə y
h á y y u
č ə ́ t k ə n i
p h ə ŋ d ú n ə
l ə y r ə ́ g ə
l ə ́ y b ə
y e ŋ ŋ e
t ə w b ə n i n a
l ə y k h i
ə d u g ə n e
h á y y u
k ə ́ r ə m ~ h á y n ə
h ə n ú b í g i
p u ~ č ə ́ t p ə d ə
l ə ́ y b ə
m ə k h o y g i
h á y b ə b u
m ə t h ə w n i
k ə w b i y u
m í r ə ~ h á y d ə ́ n ə
y á w d ə b ə
t h o y d o k p ə
m ə ́ y ú m s i
l é k t ə b ə
y e ŋ l u b ə d ə d i
k ə y d ə w d e
p ə ́ ŋ č ə ́ t t ə ́ ~ č ə ́ t l ə m m í
h ə ́ w r ə k e
p ə ́ ŋ s í t ~ s í t k ə d ə b ə
h á y r i b ə s i
h ú r á n b ə d o
h ə ́ w d ó ŋ t ó k p ə
h ə n ú b í d u n a
y á w r ə m m o
č a w r ə ́ b ə
h é k ʔ o
h é k l i
t ə w r i b ə d u b u
h é k l ə ́ g ə
l ə y r ə m d ə d ə ́ n ə
k e k r ú h ə n ǰ ə b ə n i
t ə w r u b ə
k h u n b ə
m í r ə ~ h á y d ə ́ n ə
t h e ŋ n ə r e
m ə r ə ́ k t ə d i
t h ə w r ə k p ə d ə g i
h á y b ə d u d ə n e
č ə ́ t p ə s i d ə
í k á y b ə n ə
p á y r ə b í
k u y d r i y e
k h ə ́ ŋ d r ə ́ b ə n ə n i
m ə ́ d ú n ə
k h ə ́ ŋ n ə r ə ́ b ə n i n ə
h é k l ə ́ g ə
t á r ə g ə d i
t ə w b ə b u d i
h ə w n ə d e b ə ́
t h ó k ʔ i b ə s i n i
h á y r i b ə d o
s i n n ə k h r ə ́ b ə n i
h ə l l ə k p ə ́ y
ə y s u
y e ŋ b ə s i d ə
t h ə w r ə
t ə w r i b ə n e
l ə ŋ ŋ u
m ə k h o y n ə s u n e
l o y n ə m ə ́ k
y á w r ə m m í
t ə w r ə r o y
y a r ə k t r e
ə ́ s é ŋ b ə d i
t ə w r ə m b ə g i
č ə ́ t ə w r i b ə
l e y h ə w r ə m m í
h ə w g ə t p i r ə m m í
í k ó y ~ k ó y n ə
h á y b ə s i n ə
p h ə t t ə b ə
h á y y u
h á y b r ə b ə
y á w r ə m m í
