t ə w b ə d u d ə
k ə ́ p p í
p h ə ́ r ə b ə d i
h á p č ə n p ə
l é ŋ s i n b i r o
k h ə ́ ŋ ŋ e
l ə ́ y r u g h i n i
h á y r i b ə d u d i
č ə ́ t l u
p h ə ŋ b r o
m ə n á w ~ n u p i g ə
t ə w r ə k ʔ o
l ə y r ə d ə ́ n ə
h a y d ə n ə
h á y b r o
t ə w g e
h á y r i b ə d u b u
t a r i b ə
p ə ́ ŋ č ə ́ t t ə ́ ~ č ə ́ t l e
m á y á d ə
h á y b ə n ə d i
y e ŋ n ə n i
w á k ə ́ t l e
l ə ́ y h ə w d ə r e
l ə ́ m b á n n i n ə
í h a n ~ h a n b ə
h á y r ə k ʔ e
y e ŋ ŋ í
č ə ́ t m a n e
p h ə ŋ ŋ ə m g ə d r ə
t h ó k p ə n i
t a g e
k h ə ́ n d ú n ə
ŋ á ŋ n ə r e
h á y t r e
m ə ́ h ə y
t a r ə b ə d i
l é ŋ ŋ e d o
t ə w r ə m b ə d u d ə y d i
y e ŋ ŋ í
h á y b ə s i n ə
h á y d e
s i z i n b i r e
t h e ŋ ǰ ə n b ə d ə g i
k e k r ú h ə n ǰ ə b ə n a
u h ə ́ y š i ŋ
h ə ́ w r o y
t ə m m i n n ə ́ y y e
t ə w r ə k p ə n i
h ə n ú b í s i n ə
č ə ́ ŋ d ú n ə
l a w d ú n ə
h á p č ə n l ə m m í
t ə w e b ə
m a n n ə r ə b ə n i
p á y d ə ́ n ə
n u ŋ a y t ə d ə n ə
l ə y r ə ́ g ə
t ə w b ə d ə
l ə ́ y r ə k k ə d ə b ə s i
h ə n ú b ə
p h ə ŋ h ə w r i b ə d u d i
č ə ́ ŋ š ə l l ə m m í
y e ŋ n ə
h á y t r e
t ə w k h r ə g e
k h ə ́ ŋ n ə r ə k p ə d ə g i d i
l ə ́ y r ə ́ b ə g i
k ə ́ r ə m ~ h á y n ə
l ə ́ y r ə ́ g ə d i
t ə w r i b ə ǰ a t n o d ə
č é n š i n
t h á ŋ g ə t p i r ə ́ g ə
y á w g ə d ə w r i b ə n o d ə
k h ə ́ ŋ h ə l l e
n ə ́ m g e
t ə w r ə g e d o
t a r ə m m í
č ə ́ t p ə s i d ə
t ə w r i s i d i
m ə ́ t ə m d u g i
t h o ŋ b ə
t ə w d ə ́ n ə
h á y b r o
h á y r i b ə d o
t á b ə d ə
t ú m m ə m ŋ ə y s i d ə
m ə y u m d ə s u
č ə ́ ŋ ŋ ə k ʔ ə ́ g ə
p h ə z ə y
h á y y u
y á w w í
m í r ə ~ h á y d ə ́ n ə
y e ŋ n ə
n ú p í ~ h á y b ə
l é ŋ s ə l l u
t ə m n i ŋ n ə
h ə n n ə ~ h ə n n ə
k i n ə d ə ́ n ə
p h ə ŋ b ə
