s i z i n b i r e
m á ŋ n ə ́ b ə
p ə ́ ŋ č ə ́ t t ə ́ ~ č ə ́ t l ə m m í
y á w w í
m ə č ə ́ t k h í
h á y r ə r ə n i
l ə y k h i
n ə m d ə r e
k h ə ́ ŋ d ə b ə
h u n k ə t l e
h á y r ə r o y
ə n i r ə k t ə ŋ
h á y r i s i
k h ə ́ ŋ n ə r ə ́ b ə n i n ə
č ə ́ t k h i
h a y g ə t l ə k ʔ e
h á y y e b ə
l a k t e
t ə w r ə ́ b ə s u
l ə y b ə g i
m ə ́ p ú k n i ŋ g i
t ə w s ə n s i
h á y r i b ə s i
k h ə ́ ŋ d ə b ə
t h ó k p ə
l ə y h ə w d o y n i k o
y á w d r ə d i
č é n k h ə t k h i d ú n ə
č o ŋ t h o k ʔ ə ́ g ə
s i r ə ́ b ə n i
h á y r i s i
l a w n ə ~ l a w n ə
k h ə ́ ŋ ŋ ə d ə ́ n ə
h á y r i b ə d u d i
ə ́ s é ŋ b ə d i
h á y r i
p h ə ́ b r ə
č ə ́ t k h r ə ́ g ə
h á p k ə d ə b ə n i
k h ə ́ ŋ d r ə ́ b ə n ə n i
h á y r i b ə d o
h á y r e
t ə w r ə ́ g ə n e
p h ə ́ t ʔ e
l ə y t e
t ə w r ə k p ə n i n ə
p h ə t t e n e
m í ó y b ə s e
t ə w r ə k p ə g i
m a n b ə
č ə ́ ŋ d ə b ə
s í t k ə n i
k á d r ə ́ g ə s ú
h á y b ə b u
h ə ́ w r ə k e
č ə ́ t n i ŋ b ə n ə
ŋ a y h á k t ə ŋ
t ə w e b ə
p h ə ́ t ə b ə n e
l ə ́ m h e n b í
m ə ́ w á
s a w s ə n n ə g e
h á y r ə k ʔ e
t ə w b ə n i n a
l ə ŋ b ə d ə g i
m á y t h í b ə
h á y r o
l ə ́ w b ə r a
m ə n í ŋ t h ó ŋ d ə
t ə w r i b n i
h á y r ə k ʔ í
h é k l i b ə
t a r ə ́ g ə
t ə w r ə k ʔ o
í n k h ə t t ə ́ n ə
t h ǝ m d ú n ǝ
č ə ́ t t ə ́ n ə
s a t r ə s i ŋ g i
č ə ́ t k h i b ə d u
ŋ á k t ə ́ n i n ə
l ə ́ y r ə ́ b ə g i
t h ə ́ w r e
č a n n ə ~ č í n n ə n ə
k h u m d ə w n i
í k á y r ə d ə ́ n ə
h á y r i
y e ŋ í
l ə y h ə w d o y n i k o
m ə ́ s é
n ó y ~ n ə ́ k h ó y
t h e ŋ n ə d r ə ́ b ə d ə
p ə ́ ŋ č ə ́ t t ə ́ ~ č ə ́ t l e
l ə ́ y r ə ́ b ə g i
s a t r a ~ s a t r i s i ŋ n i
l ə y r ə d ə ́ n ə
h á y r i s i
h á p l i b ə
l e y r i ŋ e y d u d ə
l ə ́ y r ə ́ b ə d u n ə
t á k č ə g e
