h ə n n ə ~ h ə n n ə
l ə ́ y r ə ́ b ə n i
p u ~ č ə ́ t p ə d ə
l ə y r ə d ə ́ n ə
m a d ú n ə
t h á ŋ g ə y s é ŋ b ə
h ə ́ w g ə t l ə k p ə
l ə y r ə ́ b ə
l ə ́ y r ə ́ b ə n i
h ú r á n b ə d u n ə
h ə n ǰ i l l ə k p ə s i d ə
h a y d o k k h i d ə ́ n ə
h á y r i b ə s i
h á y b ə d i
n u ŋ ŋ a y t ə r e
y á w d r ə d i
i m u ŋ g i
č ə ́ t n ə y d ə ́ n ə
ə ́ s é ŋ b ə d o
s í ǰ i n n ə b ə g i
t h á d ú n ə
n u ŋ ŋ a y b r a
t ə n b ə
p h ə t t ə b ə n i n a
č ə ́ t k h i b ə s i
ŋ ə m d ə r ə d ə ́ n ə
k á p p ə m b ə n e
t ə w r ə m b ə g i
m ə s á g i
t ə w r ə k ʔ o
l ə ́ y r ə ́ b ə d u n ə
t ə w r i b n i
k á b ə n a
h á y r ə m m í
m á ŋ ŋ e d ə ́ n ə
s u m ~ l ə y b ə s i
t ə w r i b n i
m ə ́ s á b u
m ə č ə ́ t k h í
h á y r ə k p ə s i d ə
č ə ́ t n i ŋ b ə n ə
l ə ́ y r ə k k ə d ə b ə s i
p ə ́ ŋ č ə ́ t t ə ́ ~ č ə ́ t l e
h á y r ə k t e
n ə m d ə r e
l ə ́ y r ə ́ b ə g i
m ə ́ n í ŋ g i
ə ́ h u m s i
h á y b r ə b ə
m á ŋ t h o k k h r e
h á y d e
h á y r i s i
m ə ́ p u r ó y b ə d ə g i
h á y r i
t ə w d e n e h é
č ə ́ t t ə ́ n ə
t ə w d e n e h é
l ə y d ə ́ n ə
l ə ́ y r ə ́ b ə d u n ə
t u b ə d u
ə m ə t ʔ ə ́
č ə ́ t p r a
l ə y k h i
h a w r e
č ə ́ ŋ ŋ ə k ʔ ə ́ g ə
y e ŋ ŋ u k ó
m ə ́ t h ə ́ k t ə d ə ́
č ə ́ t n i ŋ b o y
n u ŋ ŋ a y t ə n ə
t ə m g ə d ə w r i b ə
ə ́ d u m ə
m ə ́ h ə y
l ə ŋ ǰ ə g e
h á y r ə r o y
k á k h ə t l ə k ʔ ə ́ g ə
l a w r ə m m ə ́ g ə
s a t r a ~ s a t r i s i ŋ n ə
p h ə ́ t ə b ə n e
n ə ́ m g e
p h ə m n a y b ə s i ŋ d u n ə
h á y r ə k ʔ e
t ə w g e n ə
l a k ʔ ə g e b ə
h á y r ə m m í
h á y b ə s i n ə
h á y r i b ə d u b u
t h a l l ə k a n d ə
p ə ́ ŋ č ə ́ t t ə ́ ~ č ə ́ t l e
k h ə ́ l l i d i
y á w r ə m m í
h á p č i n l ə ́ g ə
k h ə ́ ŋ h ə l l e
í n k h ə t l ə k ʔ ə ́ g ə
h á y r ə r o y
n u ŋ š i n ə ́ y
l ə ́ m ǰ i ŋ b ə d i
h á y r ə m m í
č ə ́ t k h i g e
s a w r ə n u
h á p č i n l ə m m í
