l ə ́ y r ə ́ b ə g i
k ú y n ə
č ə ́ t k h r ə ́ g ə
k h ə ́ ŋ d ə b ə
l ə y h ə w d o y n i k o
t ə w r ə k p ə g i
č ə ́ t k e
h é k l ə
p u ~ č ə ́ t p ə d ə
l ə ́ y r ə ́ b ə s i
t h ə t k ə n i
t h e ŋ n ə r e
k h ə ŋ ǰ ə d ə d ú n ə
h á p č ə n p ə
t ə w r ə k p ə n i
h á y r e
l á p p ə n n i n ə
t ə w s ə n s i
k o y b ə
č ə ́ t l u
č í k p ə
ə ́ r o y b ə s i
h a y d ə n ə
m ə ́ s í d ə g i
t ə w d ə ́ n ə
s u m ~ l ə y b ə s i
s i n n ə k h r ə ́ b ə n i
č ə ́ t p ə d ə
h á y b ə s i n ə
n u ŋ ŋ a y r e d o
t ə m i n n ə d r e d ə ́ n a
t ə w b ə n i n a
s i z i n b i r e
m ə ́ m a ŋ
ə ́ h ə l l ə m ə n n ə
y á w d r ə d i
t ə w r i b ə ǰ a t n o d ə
k ú m t h ə r ə k p ə n i
t ə w s ə n s i
p u ~ č ə ́ t p ə d ə
l ə ́ y r ə ́ b ə s i
t h á ŋ g ə t p i r ə ́ g ə
h á y r i s i
m a k h o y
h á y b ə s i d i n e
h á y r ə k ʔ e
s i k h r e
s i r ə ́ b ə n i
h á y r ə m m í
s u m ~ l ə y b ə s i
s u m ~ l ə y b ə s i
p h ə m n a y b ə s i ŋ d u n ə
í t a w g i s i
u h ə w d r e
n i p a m ə č á
č ə ́ t l u b ə d ə g i
m a y b ə s i n ə
t h á d ú n ə
t é k ʔ ə ́ g ə
s ú k y a m n ə
p á y r e
č ə y d ú n ə
y e ŋ ŋ í
y á w ʔ i
m a d ú n ə
h á y b r ə b ə
n o ŋ ŋ a l l ə k p ə d ə
t h ə w r ə k p ə d ə g i
k á b ə n a
h á y r o
l ə ́ y r ə ́ b ə s i
k h ú d o m b í d u
t h ə w ə k p ə s i d ə
h ə ́ w g ə t l ə k p ə
t ú m k h r ə ́ b ə
t ə m n i ŋ ŋ e
k o n n ə
l ə y r i b ə
h á y b ə d ə g i
č ə ́ t ə w r i b ə
č ə ́ t l u b ə d ə g i
n u ŋ ŋ a y t ə r e
l ə y b ə d ú n ə n i
t ə w r ə k p ə g i
s i r ə d ə w n i
y ó m m i b ə n i
č ə ́ t m a n e
l ə ŋ d ə w r i b ə
h á y b r o
t ə w d ə ́ n ə
ə ́ h ə n b ə
t ə w s i
u b ə d u d ə y d ə
t ə w r i b ə
h á y r i s i
n ə ́ t a w d o
y á w g ə d ə w r i b ə n o d ə
h é k ʔ i
t ə w k h i d e
t ə w d ə ́ n ə
h á y d ú n ə
l a k p ə d e y
k a d ú n ə
h a y d o k k h i d ə ́ n ə
p h ə ́ r ə ́ g ə
m ə ́ d ú n ə
h á y d ú n ə
ə ́ h u m d u n ə
t h a ŋ ə ́ k ʔ ə ́ g ə
p h ə ́ t ʔ e
m ə ́ s ú d u n ə
t h e ŋ n ə d e
y a r ə g ə n i
t ə w d e n e h é
h á y r i b ə s i
č ə ́ t p ə s i d ə
n u ŋ ŋ a y t ə r e
h á p č i n l ə ́ g ə
h á p č i n l ə m m í
t ə w r ə m d o y n o
s i r ə ́ b ə n i
h á y r ə k k ə n i
h ú r á n b ə s i n ə
ə ́ m ə g i
o y š ə n n ə ́ b ə
m ə ́ r ə ́ k t ə g i
t ə w b ə d u d ə
p h ə ́ m d ə ́ n ə
t h ə w r ə k ʔ e
h á y r ə b ə d ə
t ə w r ə m d o y n o
ə ́ y a m b ə
h é k l ə
h á y r ə m m í
h ə n d o k t r o
h á y b r ə b ə
p ə ́ ŋ č ə ́ t t ə ́ ~ č ə ́ t l e
h á y r i b ə d o
l ə y h ə w d o y n i k o
h ə y t r ə ́ b ə n i
ə ́ m ə n e
h a y d ə n ə
p h ə z ə n ə
t ə w r i b ə d u b u
l ə ́ y r ə ́ g ə d i
h á y y e b ə
l ə y r i s i d i
l é ŋ b ə n ə
s a t r ə s i ŋ s u
t ə w g e
č ə ́ t k ə n i
č á k k ə w b ə
č á s i
h á p č i n l ə m m í
h a y d ə n ə
l u d r ə ́ b ə
m ə y u m d ə
t h a d o r ə k ʔ e
t ə w r ə m b ə g i
p h ə ŋ n i ŋ b ə g i
t ə w g ə d ə w r i b ə n o d ə
t ə w e b ə
m ə č ə ́ t k h í
k h ə ́ ŋ h ə n d ə b ə g i
y e ŋ ə ́ b ə
t ə w r i b ə d u b u
t h e ŋ ǰ i l l ə ́ g ə
h á y t r e
y e ŋ n ə n i
m ə ́ y a m d i
l ə ́ w d ú n ə
t ə w r i b ə ǰ a t n o d ə
y á w ʔ i
ə ́ d ú g u m b ə
h ə n ú b ə
t h ə w r ə k p e y n e
t ə w r ə m b ə g i
t ə w n e n ə
t ə w d e n e h é
h á y r ə r o y
h ə ́ w n ə b r ə n e
t ə w b ə n i n a
t ə w r ə k p ə
t h a r i b ə d u
t ə w r ə r o y
t á n ə r e
m a k h o y s u
y e ŋ n ə
č ə ́ t l u b ə d ə g i
k h u m d e n e
k h ə ́ ŋ n ə r ə ́ b ə n i n ə
l ə ́ y r ə ́ b ə s i
p á y n ə
n ə k h o y s u
p h ə ŋ b ə
k h ə ŋ ŋ i p ó t n i
t h ó k ʔ ə n u
k h a m k h r e
t a r ə ́ g ə
y ó m b i r o
k á k h ə t l e
t ə w b ə d ə
l a w r e
h á y y e b ə
h á y r ə k ʔ í
k h ó t p ə
n ə m d ə r e
h á p p ə
m ə ́ n ə m d u
t ə w d ə ́ n ə
l ə y d ə ́ n ə
t h é ŋ ǰ i l l ə k ʔ e
t h ó k ʔ i
t h ǝ m d ú n ǝ
t a g e
t ə w r i b ə n e
k h ə ́ ŋ d ə b ə n i n ə
k ə ́ r ə m ~ h á y n ə
t ə w b í
l ə ́ w t h o k h ə w r e
t ə w b ə d ə
o y r ə
n ə ́ n a y d i
h á y b ə d u d ə n e
h á y b r ə b ə
h á y r ə b
t ə w e b ə
k h ə ́ ŋ h ə l l e
t h a g e
t ə w d ə ́ n ə
h á y b ə d ə g i
h á y r ə k p ə s i d ə
t ə w r ə m d o y n o
h á y r ə r o y
ŋ ə m m ə ́ b ə d i
t a r ə b ə d i
t ə w r ə m d o y n o
č ə ́ t l u b ə d ə g i
l ə y t ə b ə
h ə n ú b í s i
í n á k k h u n b ə d ə
h á y b ə n ə d i
h ə w r e
t h ǝ m d ú n ǝ
l ə y b ə d ú n ə n i
p ə ́ ŋ č ə ́ t t ə ́ ~ č ə ́ t l ə m m í
t ə w r ə k p ə g i
č ə ́ t p r a
h á y t r e
l o y r ə ~ m ə ́ t ə m
t ə w r ə k p ə n i
m ə ́ p ó k ŋ ə y g i
m á ŋ g ə n i
m ə ́ s ú d u n ə
l e y r i ŋ e y d u d ə
l é ŋ ŋ o
l ə y h ə w d o y n i k o
ə ́ s í d i
t a b ə d ə g i
t ə w r ə g e d o
p á y t h o k k h i d ə ́ n ə
n ú p í ~ h á y b ə
t ə w r ə k p ə n i
m ə ́ k h u m
k h ə ́ n ǰ i n l e
y á w r ə m m o
í m á d ə
t h ó k ʔ e
č ə ́ t l o
y á w d r ə d i
m ə ́ h ə y
m ə ́ y ú m ~ m ə ́ k ə ́ y
ə ́ s ú k k i m ə ́ t í k
t ə w r ə k p ə
č ə ́ t ə w r i b ə
s a w r ə r o y
y á r o y b ə n i
t ə w r ə m b ə d u d ə y d i
ə ́ h u m n i
t ə w b ə d u d ə
h á y y e b ə
u b ə d ə g i
t ə w s i
h u n b ə d ə
l ə y d ə ́ n ə
p h ə ́ m l i b ə
l ə ́ y r ə ́ g ə d i
m ə ́ k h a d ə
h a y d ə n ə
h á y r ə k p ə s i d ə
t h ó k p ə n i
t ə w r i s i d i
h á p č i l l e r ə ́ g ə
t h ə ́ b ə ́ k s u
y e ŋ ŋ u n e
k h ə ́ ŋ d r ə b ə n i
t ə w r i b ə n e
h á y r o
h ə n ú b í d u g i
č ə ́ t l u b ə d ə g i
h á y r i
i p ú n ə
h á y r ə k k ə n i
l ə ́ w d ə n ə
č ə ́ t n ə b í d ə
k h u n g ə t t ú n ə
l o y b ə
č ə ́ t k h i b ə d ə
l ə y r ə ́ b ə
h ə n n ə ~ h ə n n ə
m í r ə ~ h á y d ə ́ n ə
í m á b u
t ə w g ə d ə w r i b ə n o d ə
t h ə m m e
h ə y t e
t ə w r ə m b ə d u d ə y d i
č ə ́ t l o
u b ə d u d ə y d ə
č é n k h ə t k h i d ú n ə
l ə ́ y b ə
l ə y b ə d ú n ə n i
n u ŋ ŋ a y t ə r e
s a n n ə r ə m m í
k h ú n k ə t l e
t h ó k t ə b ə
h ə ŋ ŋ u
č ə ́ t l u
t ə w e b ə
t h ó k h ə l l i b ə
h á y r i b ə d u d i
n ú p í ~ h á y b ə
h á y r ə k p ə s i d ə
t ə w r ə m d o y n o
l ə y b ə g i
s a t r ə s i ŋ b u
h á y b r o
m ə č ə ́ t k h í
ó n t h o k p ə
ə ́ d ú d ə d i
t h ə m m ə m m í
t h ó k ʔ u
l u b ə n i
h á y r ə k k ə n i
k h ə ́ ŋ b ə d ə g i d i
č ə ́ t k h i b ə d ə
l a k p ə s i g i
č ə ́ t k h r ə ́ b ə
s i r e
č ə ́ t ə w r i b ə
t ə m i n n ə d r e d ə ́ n a
h á y b ə d ə g i
h á y r i
u p p ə d u s u
č é n s i l l ə ́ g ə
ə d u g ə n e
l ə y b ə d ú n ə n i
h á y r ə b ə d ə
h ə y r ə ́ b o d i
l ə ́ y h ə w d ə r e
y á w d ə b ə
y á w r ə m m í
p h ə g ə d ə b ə s i d i
k ə w w í d o
č ə ́ t l ú y
l ə ́ w k h r ə d ə w n i
í k ó y ~ k ó y š ə l l e
h á p s i n b ə
t ə w b í
č ə ́ t k h i b ə d ə
l a k ʔ í
h á p k ə t l ə ́ g ə
h ə ́ w n ə b r ə n e
h a y d o k k h i d ə ́ n ə
č ə ́ t p ə d ə
l ə ́ y h ə w d ə r e
h á y d e
h á p l ə ́ g ə
č ə ́ t k h i b ə s i
s a n n ə b ə
h á p s i n b ə
s i r ə m g ə n i d ə ́
č ə ́ t ə w r i b ə
t ə w r ə k p ə g i
t h ə w r ə k p ə d ə
h á y m ə l l ə d ə ́ n ə
h á y r e
h á y r i b ə d u b u
č ə ́ t l ə g e n e
t ə w b ə n i n a
t ə w r ə r o y
h á y r ə r o y
y á w d ə b ə
l ə y k h i
h á y r ə d ə w n i
h a y d o k k h i d ə ́ n ə
t h e ŋ ǰ i l l ə ́ g ə
n a m ə
č ə ́ t ə w r i b ə
u h ə ́ y š i ŋ
h é k l i
č ə ́ t l ú y
y e ŋ n ə n i
t h a ŋ d o r ə k ʔ í
h á y r ə m m í
č á ~ t a r e d ə ́ n ə
m ə ́ m á n ə
t h a ŋ ə ́ k ʔ e
l é ŋ ŋ o
s í ǰ i n n ə b ə g i
m ə ́ m á s i d ə
h á p č i n l ə m m í
č ə ́ t k h i g e
ə ́ w á b ə s ú
l ə ŋ ŋ i b ə g i
č ə ́ t p r a
w á n ə
t u k h r e
k h ə ́ ŋ n ə r ə ́ b ə n i n ə
h á y r i b ə s i
k h ə ́ ŋ b ə
t ə w s i
m a n l i
k h ú n k ə t l e
č ə ́ t k h i g e
h á y y u
n ú p á m ə č á d u g ə
m ə ́ č á š i ŋ
p u ~ č ə ́ t p ə d ə
s i r e
t ə w k h r ə g e
h á y r ə k ʔ e
h á y r ə b
l a w t h ə r ə m m í
h á p l ə ́ g ə
h ú r á n b ə d u n ə
t h e ŋ ǰ ə n b ə d ə g i
l ə y r i b ə
č ə ́ t p ə d ə
t ə w d e n e h é
l é ŋ ŋ ə k p ə d i
k h ə ́ ŋ d r ə ́ b ə n ə n i
h á y r ə k k ə n i
h á y m ə l l ə d ə ́ n ə
h á y r o
s i k h r e
m ə ́ h ə y
w á d ə ́ n ə
m ə ́ s ú d u
h á y r ə d ə w n i
h á y r i b ə d u b u
y á n i ŋ d r i b ə ́
k h ə ́ n b i g ə d ə b ə n i
k ə w ʔ e
t ə w r i b ə n e
t ə w r i s i d i
h á y r i b ə d u d i
h á y r i
h á y r ə k ʔ í
č ə ́ t h ə l l ə ́ g ə d ə d ə ́
k ə ́ r ə m ~ h á y n ə
n ú p á m ə ́ č á d u n ə
ə d u g ə
h á y r ə k p ə s i d ə
í n l ə m m i
t h ó r ə k t ə ́ n ə
h á y b ə s i n ə
č ə ́ ŋ ŋ ə k ʔ ə ́ g ə
s a t r ə s i ŋ s u
t u r i ŋ ə i
n o ŋ ŋ a l l e
l a k l ə m m i
s i r e n e h é
h á y r i b ə s i
k h ə ́ ŋ ŋ ə d ə ́ n ə
p h ə y
s í t k ə n i
t ə w r ə ́ b ə
k á d r ə ́ g ə s ú
l ə y k h i
č á k k ə w b ə
h á y r i
h ə n l ə k č ə w
č ə ́ t n ə y d ə ́ n ə
t ə w r u b ə
m í r ə ~ h á y d ə ́ n ə
l é k p i k h o
m á ŋ ŋ o y
l é ŋ s ə l l u
l ə y r ə ́ b ə
m ə č ə ́ t k h í
h ə w g ə t t ú n ə
h á p l i b ə
m a n d ə b ə d ə
h á y b ə d i
t ə m m i n n ə b r ə
ə y ú k t a
h á y b r o
k h ə ́ n b ə s i
p h ó ŋ l i b ə
h é k ʔ e
