휘 셔 서
뵀 어 요
강 렬 하 시 니
부 탁 합 니 까
엉 뚱 했 다
보 살 피 시 기
노 려 보 시 는
견 책 되 겠 어
걸 어 와 요
부 탁 하 고
칠 하 심
떠 들 었 기
휘 겠 어 요
보 살 펴 요
응 징 하 셨 음
해 묵 으 시 니
밀 려 요
밀 리 어 요
멈 춰 요
비 뚜 셨 음
멈 춰 요
해 맑 으 십 니 까
그 릇 돼
굉 장 하 셨 어
그 릇 돼
두 드 러 지 셨 습 니 다
뵈 지 만
자 진 하 여 라
그 릇 되 어 요
위 치 하 시 라
가 공 합 니 까
걸 어 오 셔 서
파 괴 해 요
응 징 하 셨 어
기 다 랬 어
노 려 보 자
견 책 되 어 요
한 정 되 셔 서
파 괴 하 신
노 려 보 겠 습 니 다
휩 니 다
두 드 러 지 셨 냐
걸 어 왔 어
위 치 했 습 니 까
견 책 되 셨 습 니 다
파 괴 하 기
파 괴 함
그 릇 돼
가 공 하 여 라
요 하 시 면
요 하 셔 야
물 어 보 셔 요
굉 장 하 고
간 섭 합 니 까
부 탁 하 여 라
비 뚤 었 습 니 까
방 대 함
물 어 봐 요
해 묵 으 셨 음
솟 으 셨 음
검 출 되 셔 요
부 정 하 셔 요
부 정 하 셔 요
부 탁 하 시 기
청 혼 하 여 라
요 하 세 요
위 치 하 세 요
얕 었 냐
칠 해 라
노 려 보 십 시 오
깜 빡 하 실
멈 추 더 니
부 정 하 고
느 끼 했 습 니 다
검 출 되 셨 습 니 다
노 려 보 겠 다
솟 으 시 지 만
부 탁 하 셔 요
부 탁 하 셔 요
누 설 하 셨 어
누 설 하 셨 어
두 드 러 지 십 니 다
깜 빡 해 요
강 탈 하 고
견 책 되 고
악 하 시 겠 어
멈 추 시 라
밀 리 시 겠 다
물 어 봐 요
걸 어 오 셔 요
끌 어 안 으 셨 음
걸 어 오 셔 요
포 근 합 니 다
보 살 펴 요
청 혼 하 겠 습 니 다
얕 으 니
얕 으 니 까
누 설 하 겠 습 니 다
보 지 하 심
보 지 하 겠 어 요
입 이 가 벼 워 서
터 시 려 고
터 세 요
보 지 했 습 니 까
걸 리 겠 어 요
드 러 냈 느 냐
엉 뚱 하 셨 어
위 치 해 요
물 어 보 겠 어
자 진 해 요
그 릇 됐 느 냐
응 징 하 신
드 러 냈 다
멈 추 시 겠 다
질 문 했 습 니 다
검 출 되 셔 서
응 징 합 시 오
포 근 하 심
포 근 하 시 기
멈 추 셔 야
그 릇 되 셨 어
질 문 하 고
검 출 되 고
밀 리 었 기
밀 리 었 음
얕 으 심
견 책 되 셨 어
느 끼 하 셨 습 니 다
질 문 해
얕 었 습 니 다
위 치 하 시 니 까
위 치 하 셔
길 으 시 겠 다
한 정 되 시 는
드 러 내 셨 습 니 까
악 하 지 만
악 한 데
드 러 내 셨 다
휘 셨 어 요
피 곤 하 신
검 출 되 십 니 까
끌 어 안 으 셨 어
청 혼 합 시 오
얕 으 시 니
걸 어 오 겠 어 요
끌 어 안 으 시 니 까
끌 어 안 으 시 니
한 정 되 시 지 만
보 살 폈 어 요
부 탁 하 셨 습 니 까
응 징 해
간 섭 하 셔
견 책 돼
존 경 해 - g y e o n g h a e
파 괴 하 느 냐
엉 뚱 합 니 까
한 정 됐 음
한 정 됐 기
비 뚜 셨 다
엉 뚱 하 여 야
악 하 시 겠 다
벌 이 기
악 해 요
위 치 했 어 요
가 십 니 다
물 어 보 자
해 맑 았 냐
솟 아 서
가 공 하 고
두 드 러 졌 냐
굉 장 하 셨 습 니 다
응 징 하 시 겠 어
멈 추 시 는
보 지 하 시 니
위 치 하 신 다
견 책 돼
견 책 돼
누 설 하 는
얕 으 시 겠 다
뵈 셨 습 니 까
보 지 하 시 더 니
두 드 러 지 시 면
걸 리 었 기
펼 치 신 다
포 근 하 면
악 하 시 니 까
칠 했 어 요
떠 드 신 다
입 이 가 벼 워 야
걸 어 오 너 라
솟 는 데
가 공 하 겠 습 니 다
두 드 러 졌 어
가 공 하 세 요
솟 으 시 면
기 차 떠 나 고 손 흔 드 세 요
깜 빡 합 니 까
기 차 떠 나 고 손 흔 드 세 요
건 설 하 겠 다
밀 려 야
파 괴 했 느 냐
터 셨 습 니 까
두 드 러 졌 어
파 괴 하 시 니
파 괴 하 시 니 까
검 출 됩 시 오
가 공 해 요
요 하 시 라
애 틋 했 음
입 이 가 벼 우 셔
멈 추 었 음
피 곤 함
굉 장 해 요
얕 으 셨 습 니 다
견 책 되 어 야
견 책 되 면
기 차 떠 나 고 손 흔 듭 니 까
기 다 라 셨 어
얕 습 니 다
파 괴 하 겠 다
드 러 내 시 고
청 혼 하 여 야
부 탁 하 더 니
검 출 되 어 요
부 탁 합 시 오
걸 리 셔
뵈 어 서
뵈 니
검 출 되 는 데
터 시 느 냐
응 징 하 시 고
간 섭 하 였 음
악 하 시 겠 습 니 다
솟 으 시 겠 어 요
기 다 래
보 지 하 는 데
보 지 하 더 니
응 징 하 지 만
건 설 하 지 만
칠 하 시 는
견 책 돼 요
견 책 되 어 요
해 맑 으 시 겠 어
검 출 되 어 요
검 출 돼 요
누 설 하 시 고
청 혼 했 음
길 으 시 면
터 십 시 오
청 혼 했 느 냐
그 릇 되 지 만
누 설 해 요
존 경 해 요 - g y e o n g h a e y o
물 어 봤 다
길 었 음
옹 졸 하 였 기
얕 습 니 까
누 설 하 더 니
가 공 하 면
응 징 했 다
드 러 내 셨 어
깜 빡 하 신 다
느 끼 하 시 기
간 섭 했 어
입 이 가 벼 우 십 니 다
긷 겠 어 요
방 대 합 니 다
응 징 하 겠 다
노 려 보 아 요
노 려 봐 요
파 괴 하 신 다
긷 는
밀 리 기
청 혼 하 셨 어 요
노 려 보 는 데
솟 으 셔
견 책 되 어 라
드 러 내 어 라
물 어 보 셨 습 니 다
비 뚤 어 요
길 읍 시 오
강 렬 했 어
위 치 해 요
누 설 하 신 다
밀 려 요
엉 뚱 하 겠 어 요
얕 으 시 겠 습 니 다
기 다 라 셨 냐
간 섭 했 다
불 었 습 니 까
파 괴 하 였 기
파 괴 했 기
불 었 음
길 었 어 요
엉 뚱 하 시 니
엉 뚱 하 시 니 까
위 치 하 셨 느 냐
칠 하 시 니 까
칠 하 셔
악 하 시 다
애 틋 하 셨 음
비 뚤 지 만
비 뚤 더 니
해 맑 습 니 까
자 진 했 기
두 드 러 지 셔 서
두 드 러 지 시 니
멈 추 어 서
느 끼 하 셨 어 요
건 설 해 야
건 설 하 면
느 끼 해 요
옹 졸 하 여 서
옹 졸 하 니 까
밀 리 시 겠 어 요
뵈 면
봬 야
방 대 하 시 겠 다
누 설 하 셔 서
누 설 하 시 니
걸 려 서
걸 리 어 서
벌 이 셔 야
견 책 되 신 다
떠 듭 시 오
파 괴 하 셨 어 요
건 설 하 시 니 까
건 설 하 셔
걸 리 셨 습 니 다
입 이 가 벼 우 셨 어
요 합 니 다
걸 어 오 시 라
펼 치 셔 야
그 릇 되 시 니 까
그 릇 되 시 니
느 끼 하 셔 요
노 려 봤 어 요
위 치 해 야
위 치 하 면
끌 어 안 으 셔 요
깜 빡 하 느 냐
요 해
부 탁 합 시 다
노 려 보 시 니
견 책 되 시 니
길 으 십 시 오
노 려 보 시 라
질 문 하 셔
걸 리 시 더 니
걸 리 시 지 만
강 탈 하 셨 음
떠 드 십 니 다
길 으 시 려 고
응 징 함
자 진 하 신 다
청 혼 합 니 다
부 정 했 느 냐
누 설 하 니 까
가 시 니
청 혼 하 시 니
기 다 라 시 기
물 어 볼
강 탈 하 시 기
기 차 떠 나 고 손 흔 들 어 요
솟 읍 시 오
질 문 하 셔 야
그 릇 되 시 고
자 진 해 서
건 설 하 셔 요
해 묵 었 느 냐
건 설 합 니 다
누 설 하 셔 요
가 공 해
가 공 하 니 까
간 섭 하 시 고
응 징 하 여 라
깜 빡 함
애 틋 합 니 다
가 공 하 시 고
파 괴 하 니
파 괴 하 니 까
방 대 하 셨 어 요
엉 뚱 했 어 요
해 묵 겠 습 니 다
비 뚜 십 니 까
피 곤 했 어 요
간 섭 하 셔 요
응 징 하 세 요
방 대 하 세 요
방 대 하 셔 요
물 어 보 십 시 오
끌 어 안 았 어 요
피 곤 했 다
긷 습 니 까
보 살 피 십 시 오
두 드 러 지 시 기
부 탁 하 시 겠 다
강 렬 하 셔 요
보 살 피 시 려 고
누 설 함
입 이 가 벼 웠 냐
부 탁 하 신 다
걸 어 와 요
비 뚤 었 습 니 다
떠 드 시 느 냐
부 탁 하 셨 음
두 드 러 지 더 니
떠 들 면
존 경 하 기 - g y e o n g h a g i
느 끼 했 음
터 시 겠 습 니 다
강 렬 해
부 탁 해 서
부 탁 하 니
파 괴 하 셔 요
건 설 하 시 겠 어
건 설 하 니
방 대 했 기
방 대 하 였 음
방 대 했 음
입 이 가 벼 웠 어
깜 빡 하 셨 느 냐
기 다 랬 음
피 곤 하 셔 요
느 끼 하 시 면
불 어
멈 추 세 요
포 근 하 였 음
포 근 했 음
해 맑 기
옹 졸 하 세 요
옹 졸 하 셔 요
응 징 하 겠 어 요
걸 리 겠 습 니 다
기 다 라 시 겠 다
포 근 하 시 다
두 드 러 집 니 다
떠 듭 니 까
옹 졸 하 셔 야
걸 어 오 십 니 까
애 틋 했 습 니 까
떠 드 시 려 고
누 설 하 심
청 혼 해 서
굉 장 하 세 요
강 탈 하 시 겠 어
건 설 하 세 요
기 차 떠 나 고 손 흔 드 시 겠 어
건 설 하 시 려 고
입 이 가 볍 더 니
애 틋 하 더 니
깜 빡 하 니 까
끌 어 안 습 니 다
응 징 하 셔
휘 셨 습 니 다
부 탁 하 시 려 고
드 러 내 셔 요
청 혼 하 시 기
부 정 해 요
뵌 다
한 정 된 다
기 다 라 셨 기
자 진 하 세 요
방 대 하 시 다
끌 어 안 으 세 요
검 출 되 기
가 시 려 고
건 설 하 셨 느 냐
누 설 했 느 냐
피 곤 하 니
그 릇 될
펼 쳐 야
해 묵 었 습 니 다
건 설 하 시 라
그 릇 되 셔 야
가 공 하 시 라
옹 졸 하 심
응 징 했 느 냐
가 공 하 시 겠 어 요
연 구 하 여 야 - g u h a e y a
가 공 하 시 면
깜 빡 하 시 면
깜 빡 하 셔 야
누 설 하 겠 어 요
질 문 합 니 다
건 설 하 시 면
건 설 하 셔 야
자 진 하 셨 습 니 다
휜
피 곤 하 셨 어 요
해 묵 으 시 겠 어 요
강 렬 하 시 다
걸 리 셨 습 니 까
엉 뚱 했 습 니 다
굉 장 하 시 냐
누 설 하 셔 야
누 설 하 시 면
응 징 하 셔 요
물 어 봤 습 니 다
걸 어 오 시 면
검 출 되 었 기
부 정 하 셨 습 니 다
검 출 될
노 려 보 았 기
깜 빡 하 셔 요
존 경 했 다 - g y e o n g h a e t d a
파 괴 하 시 면
견 책 되 시 면
위 치 하 십 니 다
끌 어 안 아 요
보 살 피 었 음
보 살 폈 기
그 릇 되 시 려 고
부 정 하 시 는
강 탈 하 시 라
응 징 하 셔 야
뵈 기
뵘
보 살 피 겠 어 요
엉 뚱 하 니 까
엉 뚱 하 니
두 드 러 지 시 겠 습 니 다
존 경 하 느 냐 - g y e o n g h a n e u n y a
물 어 봅 니 다
청 혼 했 습 니 까
견 책 됐 음
견 책 되 었 기
보 지 하 시 느 냐
가 공 하 시 는
두 드 러 지 시 겠 다
끌 어 안 으 시 겠 다
견 책 됐 느 냐
걸 어 오 십 니 다
포 근 했 습 니 다
끌 어 안 겠 어 - g e s s e o
펼 친 다
가 공 하 시 겠 다
연 구 하 여 라 - g u h a e r a
방 대 했 어 요
연 구 하 셔 - g u h a s y e o
벌 이 시 는 데
응 징 하 셨 습 니 다
드 러 내 십 니 다
굉 장 했 습 니 다
강 탈 하 십 니 다
보 살 피 겠 다
드 러 내 셔 야
옹 졸 하 시 겠 습 니 다
기 차 떠 나 고 손 흔 드 는 데
깜 빡 하 셨 습 니 다
청 혼 하 세 요
강 탈 하 시 는
파 괴 하 시 는
옹 졸 하 지 만
느 끼 하 시 지 만
느 끼 하 시 더 니
피 곤 했 습 니 까
강 탈 했 어 요
부 정 했 습 니 까
악 해 야
노 려 보 시 려 고
그 릇 되 셨 습 니 까
검 출 되 시 지 만
청 혼 하 셨 습 니 까
비 뚜 시 니
비 뚜 시 니 까
긷 는 다
한 정 됐 느 냐
누 설 하 십 니 까
응 징 하 십 니 까
강 탈 하 시 느 냐
보 지 하 였 음
물 어 봤 어 요
끌 어 안 으 시 라
강 렬 하 시 냐
청 혼 하 십 니 까
파 괴 해 야
파 괴 하 여 야
파 괴 하 면
느 끼 하 시 겠 습 니 다
가 공 하 였 기
옹 졸 했 습 니 다
강 렬 하 지 만
느 끼 하 셨 습 니 까
강 렬 했 어 요
간 섭 하 시 느 냐
부 정 하 시 느 냐
한 정 됨
가 공 하 더 니
가 공 하 시 느 냐
텁 시 오
건 설 하 셨 습 니 까
가 공 합 니 다
드 러 내 시 겠 습 니 다
자 진 하 시 더 니
자 진 하 시 는 데
위 치 하 더 니
위 치 하 니 까
위 치 해
질 문 하 였 음
물 어 보 면
옹 졸 하 셨 습 니 까
굉 장 했 습 니 까
자 진 하 지 만
응 징 하 십 니 다
연 구 해 요 - g u h a e y o
기 다 래 야
깜 빡 하 여 야
깜 빡 하 면
느 끼 하 셔
텁 시 다
방 대 하 면
드 러 냅 시 오
끌 어 안 으 셨 습 니 까
부 탁 하 시 니 까
부 탁 하 셔
비 뚤
드 러 내 어 요
비 뚤 겠 습 니 다
간 섭 하 면
엉 뚱 하 시 겠 습 니 다
벌 이 어 서
옹 졸 하 면
연 구 했 습 니 까 - g u h a e t s e u m n i k k a
기 다 라 셔
기 차 떠 나 고 손 흔 들 었 어
연 구 하 셔 요 - g u h a s e y o
질 문 하 니
기 차 떠 나 고 손 흔 들 었 어
강 렬 하 면
강 렬 해 야
해 맑 으 신 데
해 맑 으 시 지 만
응 징 하 시 지 만
느 끼 해 야
느 끼 하 면
터 니 까
걸 어 옵 시 오
기 차 떠 나 고 손 흔 들 었 어 요
기 다 라 셨 습 니 다
느 끼 한 데
느 끼 하 지 만
그 릇 됨
피 곤 하 셨 습 니 다
애 틋 하 시 더 니
밀 리 어 서
보 살 피 시 지 만
기 차 떠 나 고 손 흔 드 셨 습 니 다
드 러 내 면
비 뚜 시 지 만
펼 치 니
피 곤 한 데
피 곤 하 지 만
기 차 떠 나 고 손 흔 드 시 려 고
연 구 함 - g u h a m
파 괴 하 십 시 오
누 설 하 시 는 데
비 뚤 면
드 러 내 시 는 데
간 섭 하 시 더 니
끌 어 안 으 니
걸 어 오 시 는 데
건 설 하 시 지 만
가 공 하 십 시 오
두 드 러 졌 다
위 치 합 시 오
노 려 보 기
물 어 보 니 까
물 어 봐 서
느 끼 해 서
느 끼 하 여 서
파 괴 하 시 더 니
펼 칠
청 혼 하 시 더 니
청 혼 하 시 는 데
두 드 러 지 었 기
부 탁 했 음
존 경 하 여 야 - g y e o n g h a e y a
굉 장 하 시 지 만
가 시 고
한 정 되 셨 기
강 렬 하 신 데
강 렬 하 시 더 니
물 어 봤 음
물 어 보 았 기
포 근 하 시 더 니
존 경 하 세 요
존 경 하 셨 어 - g y e o n g h a s y e o s s e o
멈 추 십 시 오
연 구 해 요 - g u h a e y o
존 경 했 어 요 - g y e o n g h a e s s e o y o
엉 뚱 하 시 지 만
응 징 하 여 서
걸 어 옵 시 다
기 차 떠 나 고 손 흔 들 었 다
가 신 다
연 구 하 셨 습 니 까 - g u h a s y e o t s e u m n i k k a
검 출 되 어 서
존 경 하 셨 어 요 - g y e o n g h a s y e o s s e o y o
기 차 떠 나 고 손 흔 드 셔
존 경 하 시 라 - g y e o n g h a s i r a
연 구 하 셔 서 - g u h a s y e o s e o
연 구 하 시 니 - g u h a s i n i
연 구 하 셔 - g u h a s y e o
기 차 떠 나 고 손 흔 들 겠 어 요
기 차 떠 나 고 손 흔 드 셨 습 니 까
건 설 합 시 오
걸 림
존 경 하 시 지 만 - g y e o n g h a s i j i m a n
노 려 봐
드 러 내 니
드 러 내 어 서
존 경 했 어 - g y e o n g h a e s s e o
걸 리 시 겠 어 요
연 구 하 시 겠 어 - g u h a s i g e s s e o
존 경 하 였 음 - g y e o n g h a e s s e u m
존 경 했 기
존 경 했 음
두 드 러 지 니 까
두 드 러 져 서
두 드 러 져
존 경 하 여 라 - g y e o n g h a e r a
존 경 하 겠 어 - g y e o n g h a g e s s e o
가 시 겠 다
물 어 보 시 겠 습 니 다
물 어 보 시 겠 어
존 경 했 어 - g y e o n g h a e s s e o
드 러 냅 니 다
연 구 하 시 더 니 - g u h a s i d e o n i
뵙 니 다
드 러 내 셨 기
두 드 러 지 시 겠 어
끌 어 안 으 시 겠 어
걸 어 올
솟 으 시 겠 습 니 다
가 공 하 시 겠 습 니 다
포 근 하 시 겠 어
걸 어 오 시 겠 습 니 다
애 틋 하 시 겠 습 니 다
연 구 하 신 다 - g u h a s i n d a
연 구 하 시 겠 다 - g u h a s i g e t d a
해 묵 으 시 겠 습 니 다
보 지 하 시 겠 습 니 다
그 릇 되 시 겠 다
보 지 하 여 서
존 경 하 심 - g y e o n g h a s i m
해 묵 으 시 겠 다
연 구 하 셨 습 니 다 - g u h a s y e o t s e u m n i d a
연 구 하 시 라 - g u h a s i r a
연 구 하 느 냐 - g u h a n e u n y a
