연 구 하 느 냐 - g u h a n e u n y a
연 구 하 시 라 - g u h a s i r a
연 구 하 셨 습 니 다 - g u h a s y e o t s e u m n i d a
해 묵 으 시 겠 다
존 경 하 심 - g y e o n g h a s i m
보 지 하 여 서
그 릇 되 시 겠 다
보 지 하 시 겠 습 니 다
해 묵 으 시 겠 습 니 다
연 구 하 시 겠 다 - g u h a s i g e t d a
연 구 하 신 다 - g u h a s i n d a
애 틋 하 시 겠 습 니 다
걸 어 오 시 겠 습 니 다
포 근 하 시 겠 어
가 공 하 시 겠 습 니 다
솟 으 시 겠 습 니 다
걸 어 올
끌 어 안 으 시 겠 어
두 드 러 지 시 겠 어
드 러 내 셨 기
뵙 니 다
연 구 하 시 더 니 - g u h a s i d e o n i
드 러 냅 니 다
존 경 했 어 - g y e o n g h a e s s e o
물 어 보 시 겠 어
물 어 보 시 겠 습 니 다
가 시 겠 다
존 경 하 겠 어 - g y e o n g h a g e s s e o
존 경 하 여 라 - g y e o n g h a e r a
두 드 러 져 서
두 드 러 져
두 드 러 지 니 까
존 경 했 음
존 경 했 기
존 경 하 였 음 - g y e o n g h a e s s e u m
연 구 하 시 겠 어 - g u h a s i g e s s e o
걸 리 시 겠 어 요
존 경 했 어 - g y e o n g h a e s s e o
드 러 내 어 서
드 러 내 니
노 려 봐
존 경 하 시 지 만 - g y e o n g h a s i j i m a n
걸 림
건 설 합 시 오
기 차 떠 나 고 손 흔 드 셨 습 니 까
기 차 떠 나 고 손 흔 들 겠 어 요
연 구 하 시 니 - g u h a s i n i
연 구 하 셔 서 - g u h a s y e o s e o
연 구 하 셔 - g u h a s y e o
존 경 하 시 라 - g y e o n g h a s i r a
기 차 떠 나 고 손 흔 드 셔
존 경 하 셨 어 요 - g y e o n g h a s y e o s s e o y o
검 출 되 어 서
연 구 하 셨 습 니 까 - g u h a s y e o t s e u m n i k k a
가 신 다
기 차 떠 나 고 손 흔 들 었 다
걸 어 옵 시 다
응 징 하 여 서
엉 뚱 하 시 지 만
존 경 했 어 요 - g y e o n g h a e s s e o y o
연 구 해 요 - g u h a e y o
멈 추 십 시 오
존 경 하 셨 어 - g y e o n g h a s y e o s s e o
존 경 하 세 요
포 근 하 시 더 니
물 어 보 았 기
물 어 봤 음
강 렬 하 신 데
강 렬 하 시 더 니
한 정 되 셨 기
가 시 고
굉 장 하 시 지 만
존 경 하 여 야 - g y e o n g h a e y a
부 탁 했 음
두 드 러 지 었 기
청 혼 하 시 더 니
청 혼 하 시 는 데
펼 칠
파 괴 하 시 더 니
느 끼 하 여 서
느 끼 해 서
물 어 보 니 까
물 어 봐 서
노 려 보 기
위 치 합 시 오
두 드 러 졌 다
가 공 하 십 시 오
건 설 하 시 지 만
걸 어 오 시 는 데
끌 어 안 으 니
간 섭 하 시 더 니
드 러 내 시 는 데
비 뚤 면
누 설 하 시 는 데
파 괴 하 십 시 오
연 구 함 - g u h a m
기 차 떠 나 고 손 흔 드 시 려 고
피 곤 한 데
피 곤 하 지 만
펼 치 니
비 뚜 시 지 만
드 러 내 면
기 차 떠 나 고 손 흔 드 셨 습 니 다
보 살 피 시 지 만
밀 리 어 서
애 틋 하 시 더 니
피 곤 하 셨 습 니 다
그 릇 됨
느 끼 한 데
느 끼 하 지 만
기 다 라 셨 습 니 다
기 차 떠 나 고 손 흔 들 었 어 요
걸 어 옵 시 오
터 니 까
느 끼 해 야
느 끼 하 면
응 징 하 시 지 만
해 맑 으 신 데
해 맑 으 시 지 만
강 렬 해 야
강 렬 하 면
기 차 떠 나 고 손 흔 들 었 어
질 문 하 니
연 구 하 셔 요 - g u h a s e y o
기 차 떠 나 고 손 흔 들 었 어
기 다 라 셔
연 구 했 습 니 까 - g u h a e t s e u m n i k k a
옹 졸 하 면
벌 이 어 서
엉 뚱 하 시 겠 습 니 다
간 섭 하 면
비 뚤 겠 습 니 다
드 러 내 어 요
비 뚤
부 탁 하 시 니 까
부 탁 하 셔
끌 어 안 으 셨 습 니 까
드 러 냅 시 오
방 대 하 면
텁 시 다
느 끼 하 셔
깜 빡 하 여 야
깜 빡 하 면
기 다 래 야
연 구 해 요 - g u h a e y o
응 징 하 십 니 다
자 진 하 지 만
굉 장 했 습 니 까
옹 졸 하 셨 습 니 까
물 어 보 면
질 문 하 였 음
위 치 해
위 치 하 니 까
위 치 하 더 니
자 진 하 시 는 데
자 진 하 시 더 니
드 러 내 시 겠 습 니 다
가 공 합 니 다
건 설 하 셨 습 니 까
텁 시 오
가 공 하 시 느 냐
가 공 하 더 니
한 정 됨
부 정 하 시 느 냐
간 섭 하 시 느 냐
강 렬 했 어 요
느 끼 하 셨 습 니 까
강 렬 하 지 만
옹 졸 했 습 니 다
가 공 하 였 기
느 끼 하 시 겠 습 니 다
파 괴 하 여 야
파 괴 해 야
파 괴 하 면
청 혼 하 십 니 까
강 렬 하 시 냐
끌 어 안 으 시 라
물 어 봤 어 요
보 지 하 였 음
강 탈 하 시 느 냐
응 징 하 십 니 까
누 설 하 십 니 까
한 정 됐 느 냐
긷 는 다
비 뚜 시 니 까
비 뚜 시 니
청 혼 하 셨 습 니 까
검 출 되 시 지 만
그 릇 되 셨 습 니 까
노 려 보 시 려 고
악 해 야
부 정 했 습 니 까
강 탈 했 어 요
피 곤 했 습 니 까
느 끼 하 시 더 니
느 끼 하 시 지 만
옹 졸 하 지 만
파 괴 하 시 는
강 탈 하 시 는
청 혼 하 세 요
깜 빡 하 셨 습 니 다
기 차 떠 나 고 손 흔 드 는 데
옹 졸 하 시 겠 습 니 다
드 러 내 셔 야
보 살 피 겠 다
강 탈 하 십 니 다
굉 장 했 습 니 다
드 러 내 십 니 다
응 징 하 셨 습 니 다
벌 이 시 는 데
연 구 하 셔 - g u h a s y e o
방 대 했 어 요
연 구 하 여 라 - g u h a e r a
가 공 하 시 겠 다
펼 친 다
끌 어 안 겠 어 - g e s s e o
포 근 했 습 니 다
걸 어 오 십 니 다
견 책 됐 느 냐
끌 어 안 으 시 겠 다
두 드 러 지 시 겠 다
가 공 하 시 는
보 지 하 시 느 냐
견 책 되 었 기
견 책 됐 음
청 혼 했 습 니 까
물 어 봅 니 다
존 경 하 느 냐 - g y e o n g h a n e u n y a
두 드 러 지 시 겠 습 니 다
엉 뚱 하 니 까
엉 뚱 하 니
보 살 피 겠 어 요
뵘
뵈 기
응 징 하 셔 야
강 탈 하 시 라
부 정 하 시 는
그 릇 되 시 려 고
보 살 피 었 음
보 살 폈 기
끌 어 안 아 요
위 치 하 십 니 다
견 책 되 시 면
파 괴 하 시 면
존 경 했 다 - g y e o n g h a e t d a
깜 빡 하 셔 요
노 려 보 았 기
검 출 될
부 정 하 셨 습 니 다
검 출 되 었 기
