악 한
뵈 어 라
칠 할
악 하 시 기
뵈 셨 어
벌 이 어 라
터 셔
뵀 어
휘 고
요 하 셔
얕 으 실
펼 치 자
얕 은
칠 한
칠 하 신
보 지 하 신
밀 리 자
악 하 셨 습 니 다
악 하 고
요 했 습 니 다
휨
휘 신
벌 이 더 니
뵈 겠 다
밀 리 겠 어
얕 으 신
불 음
밀 리 신
밀 리 셨 어
떠 들 어
솟 는
휘 어
밀 리 셨 어
휘 어
털 자
벌 이 시 기
불 으 신
뵈 시 겠 다
휠
칠 하 십 시 오
길 어
멈 추 셔
보 살 피 셨 어
벌 였 어
떠 드 신
뵈 느 냐
벌 입 니 까
요 하 고
깜 빡 하 셨 기
포 근 해
악 해
걸 어 오 셔
해 맑 고
요 하 느 냐
보 살 피 자
불 으 셔
비 뚤 어
길 을
느 끼 하 신
떠 드 는
비 뚦
칠 하 셨 어 요
요 하 셨 음
해 맑 으 셔
멈 추 겠 어
뵈 셨 음
해 맑 으 실
보 살 펴
불 으 셨 어
펼 쳤 어
칠 하 셨 어
가 공 한
펼 쳤 느 냐
칠 하 셨 어
청 혼 하 셔
얕 었 어
솟 으 면
터 셨 어
휘 신 다
걸 렸 어
털 어 요
파 괴 해
부 정 하 자
끌 어 안 으 실
벌 이 십 시 오
떠 들 자
솟 을
펼 치 셨 다
요 하 기
물 어 보 셔
한 정 되 신
비 뚤 었 어
깜 빡 한
뵈 시 는
얕 어
요 합 니 까
벌 여
솟 기
엉 뚱 했 어
해 묵 어
칠 해 요
요 하 셨 어
한 정 되 는
멈 추 겠 다
포 근 하 다
밀 리 셨 느 냐
벌 이 시 는
옹 졸 해
보 지 해
강 렬 해
떠 들 겠 다
가 공 할
보 지 할
간 섭 하 자
끌 어 안 으 신
불 었 어
뵈 어 요
위 치 해
파 괴 할
얕 어 요
불 으 셨 어 요
비 뚜 셨 냐
비 뚜 셔
걸 어 오 셨 어
옹 졸 하 냐
휘 셨 어
얕 으 냐
부 탁 하 셨 다
부 탁 해
보 지 하 셨 음
얕 으 시 고
불 어 요
위 치 하 셨 다
굉 장 할
그 릇 된
해 맑 으 셨 냐
자 진 하 셨 어
요 하 셨 기
질 문 하 실
멈 추 시 겠 어
옹 졸 할
자 진 하 셨 어
벌 이 셔 요
굉 장 했 어
청 혼 하 셨 어
보 지 해 요
한 정 되 자
청 혼 해
포 근 하 기
휘 시 겠 어 요
기 차 떠 나 고 손 흔 들 기
강 탈 하 느 냐
검 출 되 신
밀 렸 느 냐
요 하 지 만
솟 으 셨 어
불 으 셨 어
휘 셔 야
멈 추 어 요
물 어 봐
요 해
강 탈 하 셔
보 지 하 신 다
부 탁 하 셔
가 공 하 셨 어 요
깜 빡 하 셔
걸 리 겠 다
터 심
청 혼 하 고
강 렬 할
방 대 할
포 근 했 냐
보 지 했 어 요
애 틋 하 실
가 공 하 셔
뵈 시 면
요 하 셨 다
한 정 되 셨 다
보 지 하 셔 요
한 정 되 겠 다
벌 입 시 오
요 하 세 요
응 징 했 어
두 드 러 지 냐
요 하 여 라
파 괴 하 자
그 릇 되 셔
누 설 했 어
건 설 하 고
가 공 하 셔
위 치 하 셔
드 러 내 셔
검 출 돼
부 탁 했 어
애 틋 하 냐
질 문 합 시 오
솟 으 세 요
떠 들 어 요
응 징 하 셔
터 셔 요
터 세 요
벌 였 어 요
펼 치 는 데
견 책 되 셔
검 출 되 셨 기
길 으 시 니 까
길 으 셔 서
파 괴 했 다
피 곤 하 실
칠 했 느 냐
애 틋 하 셔
위 치 하 시 겠 어
질 문 하 기
자 진 했 다
보 살 피 시 니 까
가 공 하 기
걸 어 오 느 냐
휘 었 어 요
검 출 되 셨 어 요
걸 어 오 면
한 정 되 는 데
자 진 했 어
간 섭 하 려 고
드 러 내 신
강 탈 하 겠 어 요
솟 으 십 니 까
솟 으 신 다
요 했 어 요
휘 시 지 만
악 했 어 요
건 설 하 셨 음
깜 빡 하 셨 어
자 진 하 겠 어 요
휘 셔 요
위 치 하 시 겠 다
드 러 내 는
끌 어 안 아 라
애 틋 하 다
부 탁 하 셨 어
휘 셨 음
질 문 하 겠 다
얕 으 셔 요
그 릇 됐 다
요 해 요
옹 졸 해 요
물 어 보 셨 기
불 으 셔 야
칠 했 음
요 하 셨 습 니 다
펼 쳤 어 요
