걸 어 오 시 면
물 어 봤 습 니 다
응 징 하 셔 요
누 설 하 셔 야
누 설 하 시 면
굉 장 하 시 냐
엉 뚱 했 습 니 다
걸 리 셨 습 니 까
강 렬 하 시 다
해 묵 으 시 겠 어 요
피 곤 하 셨 어 요
휜
자 진 하 셨 습 니 다
건 설 하 시 면
건 설 하 셔 야
질 문 합 니 다
누 설 하 겠 어 요
깜 빡 하 셔 야
깜 빡 하 시 면
가 공 하 시 면
연 구 하 여 야 - g u h a e y a
가 공 하 시 겠 어 요
응 징 했 느 냐
옹 졸 하 심
가 공 하 시 라
그 릇 되 셔 야
건 설 하 시 라
해 묵 었 습 니 다
펼 쳐 야
그 릇 될
피 곤 하 니
누 설 했 느 냐
건 설 하 셨 느 냐
가 시 려 고
검 출 되 기
끌 어 안 으 세 요
방 대 하 시 다
자 진 하 세 요
기 다 라 셨 기
한 정 된 다
뵌 다
부 정 해 요
청 혼 하 시 기
드 러 내 셔 요
부 탁 하 시 려 고
휘 셨 습 니 다
응 징 하 셔
끌 어 안 습 니 다
깜 빡 하 니 까
애 틋 하 더 니
입 이 가 볍 더 니
건 설 하 시 려 고
기 차 떠 나 고 손 흔 드 시 겠 어
건 설 하 세 요
강 탈 하 시 겠 어
굉 장 하 세 요
청 혼 해 서
누 설 하 심
떠 드 시 려 고
애 틋 했 습 니 까
걸 어 오 십 니 까
옹 졸 하 셔 야
떠 듭 니 까
두 드 러 집 니 다
포 근 하 시 다
기 다 라 시 겠 다
걸 리 겠 습 니 다
응 징 하 겠 어 요
옹 졸 하 세 요
옹 졸 하 셔 요
해 맑 기
포 근 했 음
포 근 하 였 음
멈 추 세 요
불 어
느 끼 하 시 면
피 곤 하 셔 요
기 다 랬 음
깜 빡 하 셨 느 냐
입 이 가 벼 웠 어
방 대 하 였 음
방 대 했 음
방 대 했 기
건 설 하 니
건 설 하 시 겠 어
파 괴 하 셔 요
부 탁 하 니
부 탁 해 서
강 렬 해
터 시 겠 습 니 다
느 끼 했 음
존 경 하 기 - g y e o n g h a g i
떠 들 면
두 드 러 지 더 니
부 탁 하 셨 음
떠 드 시 느 냐
비 뚤 었 습 니 다
걸 어 와 요
부 탁 하 신 다
입 이 가 벼 웠 냐
누 설 함
보 살 피 시 려 고
강 렬 하 셔 요
부 탁 하 시 겠 다
두 드 러 지 시 기
보 살 피 십 시 오
긷 습 니 까
피 곤 했 다
끌 어 안 았 어 요
물 어 보 십 시 오
방 대 하 셔 요
방 대 하 세 요
응 징 하 세 요
간 섭 하 셔 요
피 곤 했 어 요
비 뚜 십 니 까
해 묵 겠 습 니 다
엉 뚱 했 어 요
방 대 하 셨 어 요
파 괴 하 니 까
파 괴 하 니
가 공 하 시 고
애 틋 합 니 다
깜 빡 함
응 징 하 여 라
간 섭 하 시 고
가 공 해
가 공 하 니 까
누 설 하 셔 요
건 설 합 니 다
해 묵 었 느 냐
건 설 하 셔 요
자 진 해 서
그 릇 되 시 고
질 문 하 셔 야
솟 읍 시 오
기 차 떠 나 고 손 흔 들 어 요
강 탈 하 시 기
물 어 볼
기 다 라 시 기
청 혼 하 시 니
가 시 니
누 설 하 니 까
부 정 했 느 냐
청 혼 합 니 다
자 진 하 신 다
응 징 함
길 으 시 려 고
떠 드 십 니 다
강 탈 하 셨 음
걸 리 시 지 만
걸 리 시 더 니
질 문 하 셔
노 려 보 시 라
길 으 십 시 오
견 책 되 시 니
노 려 보 시 니
부 탁 합 시 다
요 해
깜 빡 하 느 냐
끌 어 안 으 셔 요
위 치 하 면
위 치 해 야
노 려 봤 어 요
느 끼 하 셔 요
그 릇 되 시 니
그 릇 되 시 니 까
펼 치 셔 야
걸 어 오 시 라
요 합 니 다
입 이 가 벼 우 셨 어
걸 리 셨 습 니 다
건 설 하 시 니 까
건 설 하 셔
파 괴 하 셨 어 요
떠 듭 시 오
견 책 되 신 다
벌 이 셔 야
걸 려 서
걸 리 어 서
누 설 하 셔 서
누 설 하 시 니
방 대 하 시 겠 다
봬 야
뵈 면
밀 리 시 겠 어 요
옹 졸 하 여 서
옹 졸 하 니 까
느 끼 해 요
건 설 하 면
건 설 해 야
느 끼 하 셨 어 요
멈 추 어 서
두 드 러 지 시 니
두 드 러 지 셔 서
자 진 했 기
해 맑 습 니 까
비 뚤 지 만
비 뚤 더 니
애 틋 하 셨 음
악 하 시 다
칠 하 시 니 까
칠 하 셔
위 치 하 셨 느 냐
엉 뚱 하 시 니 까
엉 뚱 하 시 니
길 었 어 요
불 었 음
파 괴 했 기
파 괴 하 였 기
불 었 습 니 까
간 섭 했 다
기 다 라 셨 냐
얕 으 시 겠 습 니 다
엉 뚱 하 겠 어 요
밀 려 요
누 설 하 신 다
위 치 해 요
강 렬 했 어
길 읍 시 오
비 뚤 어 요
물 어 보 셨 습 니 다
드 러 내 어 라
견 책 되 어 라
솟 으 셔
노 려 보 는 데
청 혼 하 셨 어 요
밀 리 기
긷 는
파 괴 하 신 다
노 려 보 아 요
노 려 봐 요
응 징 하 겠 다
방 대 합 니 다
긷 겠 어 요
입 이 가 벼 우 십 니 다
간 섭 했 어
느 끼 하 시 기
깜 빡 하 신 다
드 러 내 셨 어
응 징 했 다
가 공 하 면
누 설 하 더 니
얕 습 니 까
옹 졸 하 였 기
길 었 음
물 어 봤 다
존 경 해 요 - g y e o n g h a e y o
누 설 해 요
그 릇 되 지 만
청 혼 했 느 냐
터 십 시 오
길 으 시 면
청 혼 했 음
누 설 하 시 고
검 출 돼 요
검 출 되 어 요
해 맑 으 시 겠 어
견 책 되 어 요
견 책 돼 요
칠 하 시 는
건 설 하 지 만
응 징 하 지 만
보 지 하 더 니
보 지 하 는 데
기 다 래
솟 으 시 겠 어 요
악 하 시 겠 습 니 다
간 섭 하 였 음
응 징 하 시 고
터 시 느 냐
검 출 되 는 데
뵈 어 서
뵈 니
걸 리 셔
부 탁 합 시 오
검 출 되 어 요
부 탁 하 더 니
청 혼 하 여 야
드 러 내 시 고
파 괴 하 겠 다
얕 습 니 다
기 다 라 셨 어
기 차 떠 나 고 손 흔 듭 니 까
견 책 되 어 야
견 책 되 면
얕 으 셨 습 니 다
굉 장 해 요
피 곤 함
멈 추 었 음
입 이 가 벼 우 셔
애 틋 했 음
요 하 시 라
가 공 해 요
검 출 됩 시 오
파 괴 하 시 니
파 괴 하 시 니 까
두 드 러 졌 어
터 셨 습 니 까
파 괴 했 느 냐
밀 려 야
건 설 하 겠 다
기 차 떠 나 고 손 흔 드 세 요
깜 빡 합 니 까
기 차 떠 나 고 손 흔 드 세 요
솟 으 시 면
가 공 하 세 요
두 드 러 졌 어
가 공 하 겠 습 니 다
솟 는 데
걸 어 오 너 라
입 이 가 벼 워 야
떠 드 신 다
칠 했 어 요
악 하 시 니 까
포 근 하 면
펼 치 신 다
걸 리 었 기
두 드 러 지 시 면
보 지 하 시 더 니
뵈 셨 습 니 까
얕 으 시 겠 다
누 설 하 는
견 책 돼
견 책 돼
위 치 하 신 다
보 지 하 시 니
멈 추 시 는
응 징 하 시 겠 어
굉 장 하 셨 습 니 다
두 드 러 졌 냐
가 공 하 고
솟 아 서
해 맑 았 냐
물 어 보 자
가 십 니 다
위 치 했 어 요
악 해 요
벌 이 기
악 하 시 겠 다
엉 뚱 하 여 야
비 뚜 셨 다
한 정 됐 기
한 정 됐 음
엉 뚱 합 니 까
파 괴 하 느 냐
존 경 해 - g y e o n g h a e
견 책 돼
간 섭 하 셔
응 징 해
부 탁 하 셨 습 니 까
보 살 폈 어 요
한 정 되 시 지 만
끌 어 안 으 시 니
끌 어 안 으 시 니 까
걸 어 오 겠 어 요
얕 으 시 니
청 혼 합 시 오
끌 어 안 으 셨 어
검 출 되 십 니 까
피 곤 하 신
휘 셨 어 요
드 러 내 셨 다
악 하 지 만
악 한 데
드 러 내 셨 습 니 까
한 정 되 시 는
길 으 시 겠 다
위 치 하 시 니 까
위 치 하 셔
얕 었 습 니 다
질 문 해
느 끼 하 셨 습 니 다
견 책 되 셨 어
얕 으 심
밀 리 었 기
밀 리 었 음
검 출 되 고
질 문 하 고
그 릇 되 셨 어
멈 추 셔 야
포 근 하 심
포 근 하 시 기
응 징 합 시 오
검 출 되 셔 서
질 문 했 습 니 다
멈 추 시 겠 다
드 러 냈 다
응 징 하 신
그 릇 됐 느 냐
자 진 해 요
물 어 보 겠 어
위 치 해 요
엉 뚱 하 셨 어
드 러 냈 느 냐
걸 리 겠 어 요
보 지 했 습 니 까
터 세 요
터 시 려 고
입 이 가 벼 워 서
보 지 하 겠 어 요
보 지 하 심
누 설 하 겠 습 니 다
얕 으 니 까
얕 으 니
청 혼 하 겠 습 니 다
보 살 펴 요
포 근 합 니 다
걸 어 오 셔 요
끌 어 안 으 셨 음
걸 어 오 셔 요
물 어 봐 요
밀 리 시 겠 다
멈 추 시 라
악 하 시 겠 어
견 책 되 고
강 탈 하 고
깜 빡 해 요
두 드 러 지 십 니 다
누 설 하 셨 어
누 설 하 셨 어
부 탁 하 셔 요
부 탁 하 셔 요
솟 으 시 지 만
노 려 보 겠 다
검 출 되 셨 습 니 다
느 끼 했 습 니 다
부 정 하 고
멈 추 더 니
깜 빡 하 실
노 려 보 십 시 오
칠 해 라
얕 었 냐
위 치 하 세 요
요 하 세 요
청 혼 하 여 라
부 탁 하 시 기
부 정 하 셔 요
부 정 하 셔 요
검 출 되 셔 요
솟 으 셨 음
해 묵 으 셨 음
물 어 봐 요
방 대 함
비 뚤 었 습 니 까
부 탁 하 여 라
간 섭 합 니 까
굉 장 하 고
물 어 보 셔 요
요 하 셔 야
요 하 시 면
가 공 하 여 라
그 릇 돼
파 괴 하 기
파 괴 함
견 책 되 셨 습 니 다
위 치 했 습 니 까
걸 어 왔 어
두 드 러 지 셨 냐
휩 니 다
노 려 보 겠 습 니 다
파 괴 하 신
한 정 되 셔 서
견 책 되 어 요
노 려 보 자
기 다 랬 어
응 징 하 셨 어
파 괴 해 요
걸 어 오 셔 서
가 공 합 니 까
위 치 하 시 라
그 릇 되 어 요
자 진 하 여 라
뵈 지 만
두 드 러 지 셨 습 니 다
그 릇 돼
굉 장 하 셨 어
그 릇 돼
해 맑 으 십 니 까
멈 춰 요
비 뚜 셨 음
멈 춰 요
밀 리 어 요
밀 려 요
해 묵 으 시 니
응 징 하 셨 음
보 살 펴 요
휘 겠 어 요
떠 들 었 기
칠 하 심
부 탁 하 고
걸 어 와 요
견 책 되 겠 어
노 려 보 시 는
보 살 피 시 기
엉 뚱 했 다
부 탁 합 니 까
강 렬 하 시 니
뵀 어 요
휘 셔 서
펼 쳤 어 요
요 하 셨 습 니 다
칠 했 음
불 으 셔 야
물 어 보 셨 기
옹 졸 해 요
요 해 요
그 릇 됐 다
얕 으 셔 요
질 문 하 겠 다
휘 셨 음
부 탁 하 셨 어
애 틋 하 다
끌 어 안 아 라
드 러 내 는
위 치 하 시 겠 다
휘 셔 요
자 진 하 겠 어 요
깜 빡 하 셨 어
건 설 하 셨 음
악 했 어 요
휘 시 지 만
요 했 어 요
솟 으 신 다
솟 으 십 니 까
강 탈 하 겠 어 요
드 러 내 신
간 섭 하 려 고
자 진 했 어
한 정 되 는 데
걸 어 오 면
검 출 되 셨 어 요
휘 었 어 요
걸 어 오 느 냐
가 공 하 기
보 살 피 시 니 까
자 진 했 다
질 문 하 기
위 치 하 시 겠 어
애 틋 하 셔
칠 했 느 냐
피 곤 하 실
파 괴 했 다
길 으 시 니 까
길 으 셔 서
검 출 되 셨 기
견 책 되 셔
펼 치 는 데
벌 였 어 요
터 세 요
터 셔 요
응 징 하 셔
떠 들 어 요
솟 으 세 요
질 문 합 시 오
애 틋 하 냐
부 탁 했 어
검 출 돼
드 러 내 셔
위 치 하 셔
가 공 하 셔
건 설 하 고
누 설 했 어
그 릇 되 셔
파 괴 하 자
요 하 여 라
두 드 러 지 냐
응 징 했 어
요 하 세 요
벌 입 시 오
한 정 되 겠 다
보 지 하 셔 요
한 정 되 셨 다
요 하 셨 다
뵈 시 면
가 공 하 셔
애 틋 하 실
보 지 했 어 요
포 근 했 냐
방 대 할
강 렬 할
청 혼 하 고
터 심
걸 리 겠 다
깜 빡 하 셔
가 공 하 셨 어 요
부 탁 하 셔
보 지 하 신 다
강 탈 하 셔
요 해
물 어 봐
멈 추 어 요
휘 셔 야
불 으 셨 어
솟 으 셨 어
요 하 지 만
밀 렸 느 냐
검 출 되 신
강 탈 하 느 냐
기 차 떠 나 고 손 흔 들 기
휘 시 겠 어 요
포 근 하 기
청 혼 해
한 정 되 자
보 지 해 요
청 혼 하 셨 어
굉 장 했 어
벌 이 셔 요
자 진 하 셨 어
옹 졸 할
멈 추 시 겠 어
질 문 하 실
요 하 셨 기
자 진 하 셨 어
해 맑 으 셨 냐
그 릇 된
굉 장 할
위 치 하 셨 다
불 어 요
얕 으 시 고
보 지 하 셨 음
부 탁 해
부 탁 하 셨 다
얕 으 냐
휘 셨 어
옹 졸 하 냐
걸 어 오 셨 어
비 뚜 셔
비 뚜 셨 냐
불 으 셨 어 요
얕 어 요
파 괴 할
위 치 해
뵈 어 요
불 었 어
끌 어 안 으 신
간 섭 하 자
보 지 할
가 공 할
떠 들 겠 다
강 렬 해
보 지 해
옹 졸 해
벌 이 시 는
밀 리 셨 느 냐
포 근 하 다
멈 추 겠 다
한 정 되 는
요 하 셨 어
칠 해 요
해 묵 어
엉 뚱 했 어
솟 기
벌 여
요 합 니 까
얕 어
뵈 시 는
깜 빡 한
비 뚤 었 어
한 정 되 신
물 어 보 셔
요 하 기
펼 치 셨 다
솟 을
떠 들 자
벌 이 십 시 오
끌 어 안 으 실
부 정 하 자
파 괴 해
털 어 요
걸 렸 어
휘 신 다
터 셨 어
솟 으 면
얕 었 어
청 혼 하 셔
칠 하 셨 어
펼 쳤 느 냐
가 공 한
칠 하 셨 어
펼 쳤 어
불 으 셨 어
보 살 펴
해 맑 으 실
뵈 셨 음
멈 추 겠 어
해 맑 으 셔
요 하 셨 음
칠 하 셨 어 요
비 뚦
떠 드 는
느 끼 하 신
길 을
비 뚤 어
불 으 셔
보 살 피 자
요 하 느 냐
해 맑 고
걸 어 오 셔
악 해
포 근 해
깜 빡 하 셨 기
요 하 고
벌 입 니 까
뵈 느 냐
떠 드 신
벌 였 어
보 살 피 셨 어
멈 추 셔
길 어
칠 하 십 시 오
휠
뵈 시 겠 다
불 으 신
벌 이 시 기
털 자
휘 어
밀 리 셨 어
휘 어
솟 는
떠 들 어
밀 리 셨 어
밀 리 신
불 음
얕 으 신
밀 리 겠 어
뵈 겠 다
벌 이 더 니
휘 신
휨
요 했 습 니 다
악 하 고
악 하 셨 습 니 다
밀 리 자
보 지 하 신
칠 하 신
칠 한
얕 은
펼 치 자
얕 으 실
요 하 셔
휘 고
뵀 어
터 셔
벌 이 어 라
뵈 셨 어
악 하 시 기
칠 할
뵈 어 라
악 한
