펼 쳤 습 니 까
강 탈 하 십 니 까
두 드 러 지 어 야
보 지 하 시 지 만
솟 으 셨 느 냐
기 다 라 셔
누 설 하 시 더 니
느 끼 하 니
휘 었 어 요
자 진 하 셨 다
가 공 하 셨 어
부 탁 하 실
얕 겠 습 니 다
걸 리 냐
기 차 떠 나 고 손 흔 듭 니 다
벌 였 습 니 다
노 려 보 겠 어
가 공 했 어 요
밀 림
터 셔 야
요 해
피 곤 했 습 니 다
강 탈 하 겠 어
물 어 보 시 더 니
보 살 피 셨 어 요
물 어 보 지 만
해 묵 는 다
부 정 하 니 까
간 섭 하 셔
옹 졸 한 데
응 징 합 니 다
입 이 가 벼 웠 어 요
견 책 되 겠 어 요
견 책 되 셔
보 지 하 셨 어 요
옹 졸 해 서
가 공 하 셨 습 니 다
해 묵 으 셔
누 설 하 자
존 경 해 - g y e o n g h a e
위 치 하 시 기
봬 요
걸 어 왔 기
포 근 하 셨 기
펼 치 세 요
누 설 했 습 니 다
걸 리 니
응 징 했 어 요
떠 들 어 서
불 으 세 요
멈 추 었 기
벌 인
가 셔 야
솟 으 십 시 오
연 구 하 였 음 - g u h a e s s e u m
떠 드 시 고
자 진 해
강 탈 하 시 는 데
포 근 하 시 겠 습 니 다
응 징 하 셨 다
불 으 셨 습 니 까
건 설 하 시 기
해 맑 았 다
부 정 하 면
입 이 가 벼 우 시 겠 어 요
요 하 셨 어
터 셨 음
입 이 가 볍 습 니 까
위 치 하 였 기
펼 치 셨 어 요
요 한
휘 셨 습 니 까
검 출 되 십 니 다
굉 장 하 십 니 까
펼 치 셔
부 정 하 실
끌 어 안 을
걸 어 온
떠 듦
펼 치 니 까
청 혼 하 니 까
기 차 떠 나 고 손 흔 드 시 겠 다
검 출 되 셔 야
펼 치 실
간 섭 하 시 기
기 다 라 실
강 렬 하 셨 다
솟 으 시 라
끌 어 안 으 셨 다
깜 빡 하 셨 어 요
가 공 해 요
견 책 되 실
멈 추 었 습 니 까
부 탁 하 는 데
멈 추 신 다
누 설 하 시 니 까
걸 리 셨 기
펼 쳐 서
응 징 하 셔 서
해 맑 으 셨 음
