가 공 합 시 오
연 구 하 시 겠 어 요 - g u h a s i g e s s e o y o
길 으 시 느 냐
길 으 셨 느 냐
칠 했 습 니 다
엉 뚱 하 시 겠 어
해 묵 으 셔 야
휘 셔
포 근 하 지 만
노 려 보 아 요
칠 해
청 혼 함
굉 장 하 니
청 혼 하 시 겠 어 요
휘 시 기
기 차 떠 나 고 손 흔 드 실
애 틋 하 시 다
펼 친
걸 어 오 지 만
펼 치 겠 습 니 다
자 진 했 음
파 괴 하 셨 어 요
위 치 하 여 야
펼 쳐 요
누 설 하 였 음
가 공 해 라
휘 어 요
걸 어 왔 다
굉 장 했 어 요
방 대 하 더 니
요 하 심
파 괴 하 세 요
검 출 되 어 라
위 치 합 니 까
방 대 해 요
칠 합 시 오
청 혼 하 십 니 다
해 맑 아
강 렬 했 음
파 괴 하 셨 다
연 구 하 자 - g u h a j a
비 뚭 니 까
보 지 해 요
비 뚤 었 음
터 시 니 까
요 하 니
검 출 됐 습 니 까
그 릇 돼 서
걸 어 오 셔 야
옹 졸 하 셨 냐
강 탈 하 니
노 려 보 셨 느 냐
물 어 봐
청 혼 하 니
털 어
부 탁 해
부 정 하 세 요
드 러 내 시 지 만
보 살 피 셔 요
자 진 하 시 기
엉 뚱 하 더 니
비 뚜 신 데
청 혼 하 셨 기
깜 빡 하 심
기 차 떠 나 고 손 흔 드 시 겠 습 니 다
기 다 라 시 고
위 치 해
가 셨 느 냐
한 정 되 셨 습 니 까
연 구 해 요 - g u h a e y o
존 경 하 겠 습 니 다 - g y e o n g h a g e t s e u m n i d a
솟 으 시 고
부 탁 하 였 기
포 근 하 셨 다
부 정 해 요
멈 추 셔 요
부 정 하 여 라
노 려 보 는
애 틋 해
해 묵 으 신 다
해 묵 으 셨 느 냐
떠 드 십 니 까
기 다 라 시 더 니
강 렬 했 냐
강 렬 하 겠 습 니 다
질 문 하 셨 기
칠 하 면
칠 해
누 설 하 는 데
끌 어 안 으 면
보 살 피 셨 어
검 출 되 셨 다
느 끼 하 셨 음
위 치 함
가 공 했 느 냐
방 대 해
밀 리 셔
벌 이 셔 서
떠 들 었 어 요
악 해 요
