피 곤 했 어 요
깜 빡 했 습 니 까
강 탈 하 시 면
자 진 하 시 라
애 틋 하 셨 냐
밀 립 니 다
느 끼 하 시 겠 다
피 곤 하 겠 다
떠 드 셔
가 공 하 여 야
가 공 하 셔 서
걸 어 오 니 까
걸 어 오 시 지 만
끌 어 안 자
강 탈 했 느 냐
해 묵 으 셨 습 니 까
강 렬 하 냐
두 드 러 지 겠 어 요
얕 으 세 요
부 탁 하 시 느 냐
위 치 해 요
포 근 하 시 겠 다
길 으 시 는
파 괴 하 시 고
견 책 돼 서
자 진 한 다
한 정 될
악 하 신
두 드 러 지 기
밀 려
강 렬 한
위 치 했 습 니 다
펼 쳐 요
봬 요
악 하 시 니
자 진 하 셨 습 니 까
옹 졸 했 어
가 시 니 까
누 설 하 셨 기
악 하 여 야
강 렬 하 니 까
존 경 해 요 - g y e o n g h a e y o
강 탈 해 라
피 곤 해 요
그 릇 되 신 다
연 구 하 셨 기 - g u h a s y e o t g i
요 하 시 기
솟 으 셔 요
건 설 하 십 니 다
끌 어 안 아
존 경 하 셨 기 - g y e o n g h a s y e o t g i
검 출 되 셔
불 으 실
밀 리 셨 습 니 까
가 셔 서
칠 하 지 만
청 혼 한 다
건 설 하 느 냐
건 설 해 요
해 묵 어 요
엉 뚱 했 냐
강 탈 하 니 까
드 러 내 셔
보 살 펴 요
해 묵 으 시 겠 어
요 하 시 겠 다
떠 들 더 니
두 드 러 지 십 니 까
파 괴 해 요
휘 시 는
해 묵 어 라
포 근 하 였 기
길 어
휘 었 느 냐
보 지 해 요
솟 아 요
강 탈 하 시 더 니
응 징 했 습 니 다
깜 빡 하 십 니 까
가 공 해
견 책 되 세 요
한 정 되 심
털 고
걸 어 와
불 읍 시 다
응 징 했 어 요
그 릇 되 겠 습 니 다
비 뚜 신
보 지 했 어
한 정 되 니
떠 드 시 겠 다
피 곤 하 신 데
강 탈 하 시 지 만
한 정 되 기
존 경 하 지 만 - g y e o n g h a j i m a n
벌 이 어 요
털 려 고
깜 빡 하 시 려 고
그 릇 되 셔
악 해
