보 지 함
견 책 되 니 까
피 곤 하 시 기
간 섭 해 야
부 탁 하 시 라
견 책 되 셔 요
끌 어 안 읍 시 오
길 어 서
두 드 러 지 신
펼 쳤 다
해 묵 으 시 는
피 곤 하 니 까
떠 들 어
떠 들 었 습 니 다
드 러 내 시 면
응 징 하 고
부 탁 하 시 니
떠 들 려 고
솟 았 느 냐
파 괴 하 시 지 만
요 하 여 서
보 살 피 셔
그 릇 되 셔
해 맑 겠 습 니 다
비 뚜 시 기
검 출 되 셨 어 요
누 설 해 야
응 징 했 습 니 까
솟 으 셔 야
질 문 하 는
기 차 떠 나 고 손 흔 든 다
건 설 하 자
검 출 되 십 시 오
밀 리 시 면
기 다 라 시 면
엉 뚱 하 셔
위 치 한 다
걸 리 셔 서
간 섭 합 시 다
걸 어 오 셔
누 설 한 다
얕 으 셨 어
멈 춥 니 다
응 징 해
누 설 했 어 요
굉 장 하 셔
파 괴 하 여 서
응 징 하 시 니
부 정 하 셨 어 요
방 대 하 시 고
포 근 하 겠 어 요
강 렬 하 여 서
악 하 셔
불 으 셔
해 묵 으 셨 어 요
부 탁 함
불 으 십 니 까
부 정 하 셨 어 요
애 틋 하 심
검 출 됐 다
드 러 내 시 느 냐
가 시 면
그 릇 되 어 야
검 출 되 시 면
길 었 어
입 이 가 벼 우 시 고
검 출 되 어 요
벌 이 시 니
애 틋 했 습 니 다
두 드 러 지 겠 습 니 다
검 출 됐 음
굉 장 해
가 공 해 요
위 치 했 어
두 드 러 짐
엉 뚱 하 겠 습 니 다
간 섭 했 음
연 구 하 시 니 까 - g u h a s i n i k k a
누 설 하 시 지 만
입 이 가 볍 겠 어 요
요 하 시 는 데
가 공 하 셔
옹 졸 하 시 기
강 렬 하 세 요
엉 뚱 해
밀 린 다
부 정 하 시 겠 어 요
해 묵 어 요
강 렬 하 니
가 십 시 오
보 지 했 습 니 다
휘 어
물 어 보 셨 어 요
기 다 랗 고
깜 빡 하 겠 습 니 다
피 곤 하 시 겠 어
휘 실
휘 었 습 니 까
해 묵 으 세 요
끌 어 안 으 시 려 고
