걸 리 심
가 셨 다
뵌
칠 해
누 설 하 시 라
엉 뚱 할
터 신 다
느 끼 하 시 고
옹 졸 하 셨 어
밀 리 어 요
부 정 하 셔
끌 어 안 으 십 니 다
뵈 신 다
솟 아 요
칠 하 시 니
연 구 하 셨 어 요 - g u h a s y e o s s e o y o
한 정 돼 요
벌 이 신
긷 겠 어
터 실
펼 치 시 더 니
가 세 요
기 다 라 셔 서
펼 쳐
칠 한 다
떠 들 었 느 냐
한 정 되 어 라
청 혼 하 시 느 냐
누 설 하 시 는
벌 여 야
강 렬 했 습 니 다
악 하 냐
누 설 했 다
요 하 신 다
뵈 셨 기
보 지 하 셨 어 요
그 릇 되 시 겠 어
보 지 하 셨 어
질 문 하 시 라
가 신
방 대 하 셨 냐
느 끼 하 다
애 틋 하 겠 습 니 다
엉 뚱 했 습 니 까
펼 치 고
길 으 셔
얕 으 면
견 책 되 셔 서
견 책 되 시 겠 어 요
질 문 하 십 니 까
청 혼 하 겠 어 요
느 끼 하 셨 냐
길 으 세 요
해 묵 으 셨 습 니 다
멈 추 지 만
기 다 랬 어
드 러 냈 습 니 까
기 차 떠 나 고 손 흔 드 셨 어 요
엉 뚱 하 다
끌 어 안 았 어 요
견 책 되 더 니
밀 리 셔 요
한 정 되 겠 어 요
위 치 해 서
부 정 하 더 니
노 려 보 시 지 만
기 다 랬 냐
강 탈 했 음
해 맑 아 야
보 살 펴 야
엉 뚱 해 서
건 설 하 겠 어
견 책 된
부 정 함
애 틋 하 신 데
느 끼 하 여 야
보 살 핍 시 다
입 이 가 벼 움
존 경 하 시 겠 다 - g y e o n g h a s i g e t d a
솟 으 셨 다
두 드 러 지 셨 기
뵈 더 니
뵈 셨 어 요
벌 이 는
보 살 펴 서
솟 으 셨 어
멈 춰 요
밀 리 어 요
견 책 되 시 려 고
간 섭 하 셨 기
강 탈 할
자 진 해 야
간 섭 해
보 살 펴 라
솟 았 어
보 살 폈 습 니 다
벌 인 다
비 뚜 셨 어
간 섭 해
굉 장 했 음
