보 지 한
길 으 시 겠 습 니 다
뵈 셨 느 냐
기 차 떠 나 고 손 흔 들 어 라
물 어 보 시 니 까
강 탈 해
해 맑 았 습 니 까
걸 리 셨 음
해 묵 고
봬 요
털 어
긷 겠 다
간 섭 하 셔 요
강 탈 하 였 기
요 하 시 려 고
한 정 되 시 겠 어 요
밀 렸 습 니 다
요 해 요
강 렬 하 셔
방 대 하 시 겠 어
길 어 야
해 묵 을
자 진 해
연 구 했 어 요 - g u h a e s s e o y o
드 러 내 시 기
노 려 봅 니 까
벌 이 자
드 러 내 는 데
떠 들 기
피 곤 했 냐
검 출 되 시 겠 어
물 어 보 셨 어 요
뵐
노 려 보 신
건 설 했 다
부 탁 해
옹 졸 해
파 괴 하 는
털 었 어
피 곤 하 십 니 까
칠 하 겠 어
비 뚜 셔 서
굉 장 했 기
해 맑 습 니 다
그 릇 돼 라
뵀 어
존 경 하 시 겠 습 니 다 - g y e o n g h a s i g e t s e u m n i d a
파 괴 하 십 니 까
한 정 돼 요
포 근 하 시 겠 어 요
물 어 보 셔
벌 이 겠 어 요
애 틋 하 시 겠 어 요
굉 장 하 시 다
한 정 되 지 만
굉 장 하 시 기
엉 뚱 함
견 책 돼 야
존 경 해 요 - g y e o n g h a e y o
해 묵 어 야
얕 었 음
간 섭 하 니 까
악 하 심
칠 합 니 다
깜 빡 하 자
뵈 세 요
펼 쳤 음
길 으 니
존 경 하 셨 습 니 까 - g y e o n g h a s y e o t s e u m n i k k a
휘 어 요
한 정 돼
기 차 떠 나 고 손 흔 드 셔
그 릇 되 려 고
그 릇 되 시 겠 습 니 다
자 진 하 였 기
가 셔 요
텁 니 까
가 공 하 셨 습 니 까
건 설 합 시 다
자 진 하 세 요
견 책 되 시 는 데
옹 졸 하 였 음
기 차 떠 나 고 손 흔 드 시 면
터 시 기
보 살 피 십 니 다
자 진 하 시 니
부 정 합 니 다
해 묵 기
물 어 보 신 다
포 근 하 시 냐
악 하 겠 어 요
가 공 해
느 끼 하 셔 서
노 려 보 셨 다
기 차 떠 나 고 손 흔 들
청 혼 해 야
턴 다
존 경 합 니 다 - g y e o n g h a m n i d a
엉 뚱 하 시 더 니
한 정 되 셨 느 냐
강 탈 하 여 야
끌 어 안 으 셨 기
뵈 십 시 오
뵈 셨 다
검 출 되 자
비 뚜 니 까
방 대 했 냐
해 묵 으 면
휘 느 냐
파 괴 해 요
방 대 하 여 야
비 뚤 었 냐
보 살 피 시 겠 습 니 다
보 살 피 시 겠 다
응 징 하 시 라
느 끼 하 세 요
끌 어 안 는 데
부 정 하 겠 다
보 살 피 신 다
질 문 하 였 기
걸 리 시 냐
보 살 피 셨 어 요
기 다 랗 다
포 근 하 셨 냐
견 책 되 셨 다
자 진 했 어 요
해 묵 는 데
펼 치 시 지 만
기 다 랗 습 니 다
솟 더 니
솟 으 시 려 고
악 하 겠 습 니 다
노 려 보 시 기
느 끼 하 니 까
부 정 해
방 대 하 셨 습 니 까
펼 치 셨 어
위 치 하 신
가 공 하 는 데
벌 여
간 섭 하 세 요
자 진 하 셨 기
입 이 가 벼 우 시 다
펼 치 셔
보 살 피 겠 습 니 다
펼 치 었 음
한 정 됩 니 다
기 차 떠 나 고 손 흔 들 어
떠 들 어 요
입 이 가 벼 우 심
한 정 되 시 겠 어
부 정 하 였 음
칠 하 셨 어 요
붇 겠 어
자 진 하 는 데
비 뚤 겠 다
굉 장 하 십 니 다
털 어 라
가 시 겠 어
검 출 됐 기
그 릇 되 심
요 합 시 오
자 진 하 시 지 만
건 설 했 느 냐
건 설 했 기
두 드 러 져 야
청 혼 했 습 니 다
터 시 겠 다
해 묵 어 서
물 어 보 는
엉 뚱 하 시 냐
자 진 하 니
해 묵 었 다
간 섭 해
걸 어 옵 니 다
밀 리 셨 어 요
파 괴 했 어
얕 으 시 겠 어
부 정 하 셨 어
물 어 보 세 요
방 대 했 어 요
견 책 되 겠 습 니 다
불 으 시 니 까
불 으 시 겠 습 니 다
응 징 하 였 음
터 셨 기
존 경 한 다 - g y e o n g h a n d a
해 맑 으 시 더 니
악 하 겠 어
응 징 해 야
걸 어 와 요
기 다 라 셨 습 니 까
엉 뚱 했 어 요
애 틋 하 셨 습 니 까
칠 하 시 지 만
비 뚜 니
부 정 하 니
그 릇 되 셔 서
떠 드 시 는 데
응 징 했 음
견 책 됩 시 다
위 치 하 지 만
휘 기
깜 빡 하 여 라
견 책 되 시 느 냐
피 곤 하 시 면
물 어 보 세 요
기 다 래 서
멈 추 었 어
입 이 가 벼 우 시 지 만
누 설 한
칠 하 느 냐
텁 니 다
벌 이 시 면
칠 했 기
느 끼 한
칠 하 시 려 고
길 으 셨 어
강 탈 하 셨 어 요
솟 으 십 니 다
칠 함
청 혼 하 셔
부 정 해
벌 이 시 더 니
부 탁 하 셨 어 요
파 괴 하 세 요
칠 하 셨 습 니 다
걸 리 어 요
걸 리 시 다
불 으 시 기
악 하 면
걸 리 어 요
자 진 하 세 요
굉 장 하 셨 냐
부 정 하 십 니 다
요 하 려 고
솟 으 셨 어 요
파 괴 했 음
펼 치 겠 다
얕 으 십 니 까
악 하 시 겠 어 요
질 문 하 시 겠 어
한 정 되 시 더 니
누 설 하 면
간 섭 하 시 겠 어 요
견 책 됐 습 니 까
드 러 내 지 만
떠 드 시 겠 어 요
칠 하 셔 요
건 설 하 시 겠 어 요
멈 추 셨 습 니 다
해 묵 으 셔
기 다 랗 기
기 차 떠 나 고 손 흔 드 심
비 뚜 시 더 니
길 으 십 니 까
보 살 피 시 겠 어
가 시 는
얕 더 니
솟 아
기 차 떠 나 고 손 흔 드 셔 야
드 러 내
청 혼 하 셔 요
포 근 하 더 니
강 렬 하 셨 어 요
청 혼 하 려 고
보 살 피 어 요
자 진 하 자
떠 들 겠 어
보 살 피 셔 서
자 진 했 어 요
부 정 해 서
보 지 하 시 겠 어 요
걸 리 시 겠 습 니 다
걸 리 시 니 까
털 어 요
얕 으 셨 기
휘 면
펼 치 지 만
걸 렸 다
보 살 폈 다
파 괴 하 셨 기
방 대 하 시 기
불 었 느 냐
건 설 했 어
해 맑 으 세 요
떠 드 셨 습 니 까
떠 들 었 습 니 까
기 다 라 시 겠 어 요
밀 릴
느 끼 했 어
부 정 하 세 요
검 출 되 시 니 까
깜 빡 하 였 기
보 지 하 셨 습 니 다
한 정 돼
자 진 함
벌 이 어 요
턺
보 지 하 느 냐
질 문 하 세 요
방 대 했 습 니 다
애 틋 하 겠 어 요
부 정 했 음
파 괴 해
펼 치 시 느 냐
끌 어 안 기 - g i
걸 어 오 려 고
연 구 했 기
노 려 보 더 니
견 책 되 어 요
위 치 하 기
질 문 하 셨 어 요
자 진 하 셔
포 근 한
터 시 니
그 릇 되 셨 어 요
깜 빡 하 시 라
가 셨 습 니 다
노 려 보 겠 어 요
끌 어 안 으 셔
휘 어 요
해 묵 으 니
질 문 하 셨 습 니 까
보 살 피 신
가 시 겠 습 니 다
검 출 돼 요
응 징 해
자 진 하 실
멈 추 셨 어
해 맑 았 습 니 다
해 묵 으 셨 기
청 혼 했 어
청 혼 한
밀 리 시 지 만
터 십 니 다
해 묵 으 시 니 까
벌 였 기
존 경 하 세 요
건 설 하 셔
걸 려 야
요 하 셨 느 냐
질 문 해
강 렬 하 겠 어
걸 어 왔 어 요
청 혼 하 시 려 고
터 십 니 까
자 진 해
위 치 하 시 지 만
파 괴 한 다
길 으 셔
응 징 해 요
입 이 가 벼 웠 어
간 섭 할
봬
건 설 하 셨 기
포 근 하 세 요
노 려 보 아 요
걸 리 시 기
밀 리 겠 다
입 이 가 벼 워
두 드 러 지 셔 요
존 경 해 - g y e o n g h a e
자 진 하 신
질 문 하 십 니 다
해 맑 으 시 고
피 곤 하 더 니
걸 어 왔 음
청 혼 하 십 시 오
포 근 했 어
엉 뚱 하 냐
부 정 했 어
한 정 되 시 고
응 징 한
연 구 해 - g u h a e
파 괴 하 셨 어
멈 추 려 고
불 으 시 니
밀 리 시 기
칠 하 세 요
강 탈 했 다
질 문 해 요
검 출 돼 요
떠 드 셨 어
검 출 되 시 겠 습 니 다
간 섭 하 셨 음
밀 리 니 까
누 설 하 겠 어
드 러 내
보 살 펴
터 시 겠 어
칠 하 여 서
해 묵 겠 다
강 렬 하 시 겠 다
요 해 라
파 괴 하 겠 습 니 다
입 이 가 볍 습 니 다
솟 으 셨 습 니 까
방 대 하 시 니
엉 뚱 하 지 만
가 공 하 시 기
간 섭 하 셨 어
청 혼 해 요
자 진 하 는
칠 하 였 기
요 해
방 대 하 겠 어
그 릇 돼
그 릇 되 세 요
깜 빡 할
끌 어 안 으 셨 어 요
보 살 피 었 기
보 살 피 세 요
검 출 됩 니 다
벌 이 니 까
휘 십 니 까
휘 었 기
파 괴 해 서
걸 려
누 설 하 여 라
보 지 하 셨 다
연 구 하 겠 어 - g u h a g e s s e o
부 정 했 습 니 다
애 틋 하 셔 야
강 탈 하 겠 습 니 다
뵈 셨 습 니 다
질 문 했 느 냐
위 치 하 여 서
걸 어 오 셨 습 니 까
드 러 내 서
붇 겠 다
노 려 봐 서
부 탁 하 심
가 공 하 시 지 만
그 릇 되 십 니 까
건 설 하 시 고
기 다 라 시 다
피 곤 하 십 니 다
밀 리 려 고
그 릇 되 신
벌 이 시 지 만
부 탁 할
간 섭 하 느 냐
멈 추 니
옹 졸 한
펼 치 면
걸 리 니 까
보 지 합 니 다
강 렬 하 였 음
물 어 보 셔 서
굉 장 하 겠 다
입 이 가 벼 우 니
한 정 됐 어 요
입 이 가 볍 고
기 다 랬 어 요
파 괴 하 시 겠 습 니 다
요 하 자
자 진 했 습 니 다
깜 빡 하 셔
연 구 하 시 기 - g u h a s i g i
끌 어 안 았 습 니 까
요 하 겠 다
물 어 보 겠 다
가 세 요
칠 하 십 니 다
해 묵 으 시 기
밀 렸 어
누 설 하 시 려 고
펼 치 겠 어 요
질 문 하 셔 요
멈 추 시 면
가 셨 어
요 했 다
간 섭 하 셨 다
보 지 하 자
느 끼 하 셨 다
보 살 피 시 는 데
애 틋 하 십 니 까
끌 어 안 으 셨 습 니 다
떠 들 어 요
건 설 하 였 음
견 책 되 시 는
엉 뚱 하 시 면
깜 빡 하 십 시 오
기 차 떠 나 고 손 흔 들 었 어 요
길 으 세 요
그 릇 되 느 냐
멈 춤
깜 빡 하 셔
노 려 보 십 니 까
노 려 보 세 요
존 경 하 시 면 - g y e o n g h a s i m y e o n
두 드 러 지 었 음
입 이 가 벼 웠 기
옹 졸 하 겠 어 요
해 묵 으 시 는 데
가 공 하 시 는 데
질 문 했 기
한 정 됐 어
악 하 다
