a n k e n k e t s a s h i r e e
t s e n t e t a a n t s i
p i y o s h i p i r i n k e t e p e e k i
n o t s a m p o b a t s a t e p e e k i
n o t s a m p o b a t s a t e p e e k i
n o s h i r a m p a r i t e p e e k i
n o m a s h i c h a i k i t e p e e k i
p i m a s h i c h a i k i t e p e e k i
p i m a t s o n t s o r i t e p e e k i
n o s h i r a m p a r i t e p e e k i
o m a s h i c h a i k i t e p e e k i
p i t s i p a b i n t s a r e p e e k i
a m a s h i c h a i k i t e p e e k i
o t s a m p o b a t s a t e p e e k i
p i s h i r a m p a r i t e p e e k i
p i s h i r a m p a r i t e p e e k i
p i s h i r a m p a r i t e p e e k i
n o t s i p a b i n t s a r e p e e k i
n o t s i p a b i n t s a r e p e e k i
t o n k a m e n t o t s i p e e k i
o t s i p a b i n t s a r e p e e k i
p i t s i m e n k i t o t e p e e k i
n o t s i m e n k i t o t e p e e k i
n o t s i m e n k i t o t e p e e k i
n o t s i m e n k i t o t e p e e k i
n o t s i t s i b a r o t e p e e k i
a t s i t s i m e n k i t e p e e k i
p i t s i t s i b a r o t e p e e k i
n o t s i t s i b a r o t e p e e k i
n o t s i t s i b a r o t e p e e k i
o t s i p a b i n t s a r e p e e k i
k o s h i p i r i n k e p e e k i
k o s h i p i r i n k e p e e k i
n o t s i r e r o t i t e p e e k i
k o s h i p i r i n k e p e e k i
o t s i m e n k i t o t e p e e k i
a s h i r a m p a r i t e p e e k i
o s h i r a m p a r i t e p e e k i
o s h i r a m p a r i t e p e e k i
i y o s h i p i r i n k e t e k i
a y o s h i p i r i n k e t e k i
i t s i m e n k i t o t e p e e k i
n o y a t i t o r i t e p e e k i
p i t s i r e r o t i t e p e e k i
i m a s h i c h a i k i t e p e e
a t s i t s i b a r o t e p e e k i
p i k e n k e t s a s h i r e a j a
n o s h a n k o r o t e p e e k i
n o t s a m p o b a t s a t e k i
p i s h a n k o r o t e p e e k i
p i t s i p a b i n t s a r e p e e
n o t s a m p o b a t s a t e k i
p i t s i t e n i r i t e p e e k i
n o s h e m i t o t e p e e k i
s h i m p o k i n t s i p e e k i
t s i p a b i n t s a r e n t s i k i
n o s h i r a m p a r i t e k i
n o s h i r a m p a r i t e k i
t s i p a b i n t s a r e n t s i k i
n o k e n k e t s a s h i r e a k a
a k e n k e t s a s h i r e a k a
n o k e n k e t s a s h i r e a k a
n o s a m e n t o t e p e e k i
p i s a m e n t o t e p e e k i
p i s a m e n t o t e p e e k i
o k e n k e t s a s h i r e a k a
i y a t i t o r i t e p e e k i
t s o m o n t e n t s i p e e k i
n o y e m p i t i t e p e e k i
n o m a s h i c h a i k i t e k i
a t o n k a m e n t o p e e k i
p i m a s h i c h a i k i t e k i
o m a k o b a b a t e p e e k i
o t s i r e r o t i t e p e e k i
m a s h i c h a i k i p e e k i
i n k e n k e t s a s h i r e a k e
p i t s i p a b i n t s a r e k i
n o t s i p a b i n t s a r e k i
n o s h e m i t o t e p e e k i
n o t s i p a b i n t s a r e k i
n o s h e m i t o t e p e e k i
p i s h e m i t o t e p e e k i
n o s h e m i t o t e p e e k i
o m a s h i c h a i k i t e k i
t s i p a b i n t s a r e n t s i
o m a s h i c h a i k i t e k i
b a r i t s a n t s i p e e k i
a t s i t e n i r i t e p e e k i
i m a s h i c h a i k i t e k i
i t s i t e n i r i t e p e e k i
i t s i t e n i r i t e p e e k i
n o s h i r a m p a r i t e p e e
t s a m p o b a t s a p e e k i
a t s a m p o b a t s a t e k i
a t s a m p o b a t s a t e k i
k e m p i t a n t s i p e e k i
t s a m p o b a t s a p e e k i
n o t s i m e n k i t o t e p e e
k i t s a a r e n t s i p e e k i
n o m a k o b a b a t e p e e k i
n o j a n a n e k i t e p e e k i
n o m a k o b a b a t e p e e k i
n o m a k o b a b a t e p e e k i
n o t s i t s i m e n k i t e k i
n o t s i t s i m e n k i t e k i
n o t s i t s i m e n k i t e k i
n o b o m p o r i t e p e e k i
n o b o m p o r i t e p e e k i
i j a n a n e k i t e p e e k i
i t s i r e r o t i t e p e e k i
n o t s i t s i r i t e p e e k i
m e s h i n a n t s i p e e k i
a b o m p o r i t e p e e k i
a t s i r e r o t i t e p e e k i
o t s i r e r o t i t e p e e k i
o t s i r e r o t i t e p e e k i
p o b a n e k i t e p e e k i
o s a m e n t o t e p e e k i
o s a m e n t o t e p e e k i
a s a m e n t o t e p e e k i
a s a m e n t o t e p e e k i
i s a m e n t o t e p e e k i
n o y a j e b i t e p e e k i
n o t s i r e r o t i t e p e e
n o y a j e b i t e p e e k i
n o y a j e b i t e p e e k i
i r o s h e r o t e p e e k i
i r o s h e r o t e p e e k i
s h i m o r e n t s i p e e k i
s h i m o r e n t s i p e e k i
n o n k a t s i i n k a t a k e
p i s h i r a m p a r i t e k i
a t s i p a b i n t s a r e k i
o s h e m i t o t e p e e k i
c h o p e n a n t s i p e e k i
a y e m p i t i t e p e e k i
c h o p e n a n t s i p e e k i
o y e m p i t i t e p e e k i
n o t s i m e r i t e p e e k i
s h i r a m p a r i p e e k i
n o b a n e k i t e p e e k i
p i t s i m e r i t e p e e k i
m e r e k i n t s i p e e k i
n o s h a n k o r o t e p e e
a b a i c h i t e p e e k i
i b a i c h i t e p e e k i
n o t s i m e n k i t o t e k i
m e r e k i n t s i p e e k i
a t s i t s i m e n k i t e k i
o t s i t s i m e n k i t e k i
i r a s a n k a n e p e e k i
i r a s a n k a n e p e e k i
p i n k a t s i i n k a t a j e
p i s h i m p o k i p e e k i
a b o m p o r i t e p e e k i
n o s a m a n i t e p e e k i
p i s a m a n i t e p e e k i
p i b i t i r o t e p e e k i
n o t s a m p o b a t s a t e
p i t s i t s i b a r o t e k i
i t s i p a b i n t s a r e k i
n o t s o m o n t e p e e k i
p i s h a n k o r o t e p e e
p i s a b i r i t e p e e k i
a s h i r a m p a r i t e p e e
a m a n i t i t e p e e k i
p i t a b a r i t e p e e k i
n o t a b a r i t e p e e k i
n o s h i m p o k i p e e k i
i b o m p o r i t e p e e k i
n o y a t i t o r i t e k i
o s h i r a m p a r i t e k i
o s h i r a m p a r i t e k i
i s a m a n i t e p e e k i
n o s h e r i n e p e e k i
n o s h e r i n e p e e k i
o y a j e b i t e p e e k i
p i y a t i t o r i t e k i
n o y a p e s h i p e e k i
n o b a m e n t o p e e k i
n o b a i c h i t e p e e k i
n o y e m p i t a p e e k i
p i y e m p i t a p e e k i
p i y e m p i t a p e e k i
n o t a b a r i t e p e e k i
a t s i m e n k i t o t e k i
i t o n k a m e n t o p e e
p i t s o m o n t e p e e k i
i j a n a n e k i t e p e e
o j a n a n e k i t e p e e
a j a n a n e k i t e p e e
t s i m e n k i t o p e e k i
n o s h e r o t e p e e k i
k o s h i p i r i n k e k i
a n k a t s i i n k a t a j e
o t s i r e r o t i t e p e e
n o t o n k a m e n t o k i
t s i t e n i r i p e e k i
a t o n k a m e n t o p e e
o t o n k a m e n t o p e e
m a s h i c h a i k i p e e
i n k e n k e t s a s h i r e e
a t s a m p o b a t s a t e
o t s a m p o b a t s a t e
p i t s i r e r o t i t e k i
o t s i m e r i t e p e e k i
n o b a i c h i t e p e e k i
s h i m p o k i n t s i k i
o t a b a r i t e p e e k i
i s h a n k o r o t e p e e
i r o s e r o t e p e e k i
n o y o r i o t e p e e k i
p i y a p e s h i p e e k i
n o y o r i o t e p e e k i
t s a m p o b a t s a p e e
p a s a n k a n e p e e k i
n o s a b i r i t e p e e k i
n o p e m p e t e p e e k i
i t s i t s i b a r o t e k i
i t s i m e r i t e p e e k i
p i t s i t e n i r i t e k i
p i t s i t e n i r i t e k i
p i t o n k a m e n t o k i
m e s h i n a n t s i p e e
i t a b a r i t e p e e k i
a s h i m p o k i p e e k i
o s h a n k o r o t e p e e
i r o b a m e n t o p e e k i
n o s a m e n t o t e k i
a s h a n k o r o t e k i
a s h a n k o r o t e k i
n o c h o p e n a p e e k i
i y a t i t o r i t e k i
n o t s i t e n i r i t e k i
n o t s i t e n i r i t e k i
i m a k o b a b a t e k i
a s h e r i n e p e e k i
a y o r i o t e p e e k i
n o k e n k e t s a s h i r e a
p i y e m p i t i t e p e e
o s h e r o t e p e e k i
p i y o b i t e p e e k i
n o y a j e n e p e e k i
i j a n a n e k i t e k i
o j a n a n e k i t e k i
n o y e m p i t i t e k i
n o y e m p i t i t e k i
n o s e r o t e p e e k i
o b a m e n t o p e e k i
n o s e r o t e p e e k i
