a a b i n t i
p i i t s a a r e p e e k i
i i s h i p e e
a m i
o i s h i k i
i r a k o s a n o r i k i
a s h i a j a
a a b i n t a k e
i i s h i p e e k i
a y a s a n t o t e
a m e
p i i s h i p e e k i
n o i s h i p e e k i
a k o s a n o r i k i
n a a b i n t a r o k i
n a a b i n t a r o k i
p a a b i n t a r o k i
p a a b i n t a r o k i
n a a b i n t a r o k i
n a a b i n t a r o k i
a a b i n t a r o k i
a k o s a n o r i p e e
i r o p e m p e t e
i i t s a a r e p e e k i
p e a
o i t s a a r e p e e k i
o y a s a n t o t e k i
k a t s i i r e n t s i p e e
a k o s a n o r i p e e k i
a k o s a n o r i p e e k i
a y a s a n t o t e p e e k i
o y a s a n t o t e p e e k i
a a b i n t a r o n t s i p e e
o s e r o
a a b i n t a r o n t s i k i
o y o s h i p i r i n k e t e p e e k i
i y o s h i p i r i n k e t e p e e k i
a a b i n t a r o n t s i p e e k i
a a b i n t a r o n t s i p e e k i
k a t s i i r e n t s i p e e k i
o n e p e e
i n e p e e
k a j e
a i s h i
k o b i t i
a s o t a
i s o t a
o y o n a
i t s o b i
y a a b i n t e
n a m a j e
a m a s h i
n a m e t a
o m p e s h e
t s i t s i r i
p i i s h i p e e
k o t s i r o p e e
a m a k e
p a a b i n t a j i
a k o s a n o r i
n a a b i n t a j i
p a a b i n t a r o
n e t s i p e e k i
n o y o n a
n a a b i n t a k e
o i t s a a r e k i
o i t s a a r e k i
a i t s a a r e k i
a m a a t e
p a i c h i
n o s o t a
a m a j i
a m e t e a
p i r a j a
i p o s h i
a j e b a r e
o m i i s h i t e
o m p e s a k e
p i t s o b i
i t o n k i
t s i m e r i
o b a n k o
i y o t s i r o t e
a n e k i
k a p e s h i p e e
a y o t s i r o t e
i y a j e b i t e
i p i t s i t a j a
o n i n a t i
p i p o s h i
o p i t s i t a j a
y a m e t a
m a t a t s i
p e a k i
a m i s h i t i
p a m a k e
o n e k i
i n e k i
i n e k i
y a m a k e
p i b e a r e
o m i i s h i t e k i
a y a t s i i r e k i
p i i t s a a r e k i
i m a t a k i
i y a t s i i r e k i
o y a t s i i r e k i
y a m a a t e
t s i t s i b a r o k i
i y o t s i r o t e k i
p o m p o r i
a y o t s i r o t e k i
t s o b i t s i
o b i t o k i
k a s a n t o
o m a t a k i
i y a j e n e
p a k o s a n o r i k i
n a k o s a n o r i k i
n o j e b a r e
n o j e b a r e
n a k o s a n o r i k i
n o b a n k o
s a m e n t o
o b i t o p e e
p a k o s a n o r i p e e
i y a t s i i r e p e e k i
o m e s h i n a
a k a t s i i n k a t a k e
o k a t s i i n k a t a j i
a m i i s h i t e p e e k i
i t s o b i k i
o s o t a k i
a y a t s i i r e p e e k i
t s i t s i b a r o p e e k i
t s i t s i b a r o p e e k i
o m p i t s i t e a
n o i t s a a r e p e e k i
o y o t s i r o t e p e e k i
a n i n a t e
i m a t s o n t s o r i t e k i
k o r i o k i
a y o n a p e e
o b a n e k i
i m a t s o n t s o r i t e k i
i r a a b i n t a r o p e e k i
i r a a b i n t a r o p e e k i
i y o m a r o
p i b a n k o
a s h i a k a
i p o s a k e
n o y o b i t e
e t i n i k i
o y a j e n e
a s o t a k i
p a n k o t s i
n a m p i i t e
a m a t s o n t s o r i t e p e e k i
o m a t s o n t s o r i t e p e e k i
n o p i t s i t a j a
a b e a n e p e e
n o p i t s i t a j a
i b i t o p e e
i r i r a j a
a i s h i p e e
a b i t o p e e
a t s i p a t a
o t s o b i k i
o t s o b i k i
n a m a j a t i
i r a j a p e e
p o s e r o t e
n o n e k i
n o n e k i
p i n e k i
a s h i a j e
o m a t i k a j e
p i s h i a j a
o t o n k i k i
o t o n k i k i
p a s a a n k i
a b i s a k e
n a m a j a t e
n o m a t i k e
a j i b a t e a
a m e t a k e a
n a m a j a t e
m a s h i t s i
n o m i i s h i t e p e e k i
o t s i t s i r i t e k i
o b a m e n t o
o s e r o k i
o b a m e n t o
a m a t i k a j e
p i y a t s i i r e k i
n o b e a r e k i
o p e m p e t e k i
o p e m p e t e k i
n o y a j e n e
k o b i t i k i
k o b i t i k i
p i s h i a k a
n a s a a n k i
n o y a t s i i r e p e e
n a s a a n k i
p i y a t s i i r e p e e
n o n i n a t e
p i p o t e t i
o m a t a p e e
n o y o t s i r o t e k i
p i c h o p e n a
a s h i t a r e i
n o b a n k o k i
k a t i t o r i
n o b a n k o k i
p i p o s a k e
a m a a t a j e
a m a a t a k e
o c h e r a k i
i m p o s a j e
a c h e r a k i
k a j e b i k i
i c h o p e n a
i r a k o s a n o r i k i
n o y a t s i i r e p e e k i
n o y a t s i i r e p e e k i
n o y a t s i i r e p e e k i
n o y a t s i i r e p e e k i
p i y a t s i i r e p e e k i
s o t a t s i p e e
a t s i t s i r i t e p e e k i
n a s a n k a n e
n o m p i t s i t e a
o m a s h i p e e
n o y o t s i r o t e p e e k i
n o y o t s i r o t e p e e k i
o t a b a r i t e
p a m e t a k a
n o m a s h i k i
n o y o m a r o
p i m a t s o n t s o r i t e k i
o n t s i p a t e a
a m a a t a k e
s a m a n i k i
i m a s h i k i
n o m a t i k a k e
o c h e r a k i
a n t s i p a t a k e a
a n t s i p a t a j e a
n o s o t a k i
