p i y a s a n t o t e k i
a y e m p i t i t e p e e
a k a t s i i n k a t a j i
a b i t i r o t e p e e
o t o n k i p e e
a y o s h i p i r i n k e t e p e e
n o p o t e t a j i
p o m p o r i p e e k i
n a m e t e a
a s h i t a r e a n t s i
n o p e s a k e
p a s a a n k a k e
n o t s i t s i m e n k i t e k i
n o t o n k i p e e k i
a y o b i t e k i
i b a r i t s a
o m a t i k a k e
i k e n k e t s a s h i r e a
o s a m e n t o t e p e e
i r a j a k i
o y a t i t o r i t e p e e k i
i t s o m o n t e k i
n o t a b a r i t e k i
i y e m p i t i t e p e e k i
n a m a k e
a m a a n t s i
p i s h i m o r e k i
o n t s i n a k e
n o n k a t s i i n k a t a k e
i y o s h i p i r i n k e t e p e e k i
t o n k a m e n t o t s i p e e k i
p i t s i m e r i t e k i
a c h e r a p e e k i
a j e b a r o p e e
i s h a n k o r o t e p e e k i
o j e b a r o p e e
n o y o t s i r o t e k i
n o y a j e n e k i
n o m e r e k i p e e k i
p i m a t i k a k e
n o b i t o k i
i b i t o p e e k i
i b e a n e p e e k i
a m a s h i c h a i k i t e k i
n o b o m p o r i t e k i
o y o b i t e p e e
a k e m i t y o n k i
n o i t s a a r e k i
n o y o b i t e p e e k i
m i i s h i p e e
p o t e t a a n t s i
o t s a m p o b a t s a t e p e e
n o t s i t s i m e n k i t e p e e
n o y e m p i t i t e p e e k i
n o k a t s i i n k a t a k e
p i m a k o b a b a t e
n o s h i m p o k i k i
o b a i c h i t e p e e k i
n o y a j e n e p e e k i
p i p i t s i t a k a
n o m e s h i n a k i
n o i s h i k i
p i b a i c h i t e k i
i s h e r i n e p e e k i
a a b i n t a r o p e e k i
i m p i t s i t a j e a
i n t s i m a n k e
n o m p o t e t a j e
t s i m e r i p e e k i
n a m p i t s a t a
m e s h i n a n t s i k i
a t s i t s i b a r o t e p e e k i
a k e n k e t s a s h i r e a
i t s o b i k i
p i b a i c h i t e k i
n o t s e n t e t i
i y o s h i p i r i n k e t e p e e k i
n o n i n a t e
a s h i r a m p a r i t e k i
o b i t i r o t e
p i n k a t s i i n k a t a k e
p i m e s h i n a k i
n o j a n a n e k i t e p e e k i
c h e r a t s i p e e k i
i b e a r e
k e n k e t s a s h i r e a a n t i
k e m p i t a n t s i k i
p i y a j e n e k i
i s h i r a m p a r i t e p e e k i
e t i n i t e
p a b i s h e
p i s h i m o r e p e e k i
n o c h o p e n a p e e
a y a j e n e k i
a s a m e n t o t e
i t s i t e n i r i t e p e e
i b e a r e p e e k i
n i r a j a p e e
a n e p e e k i
n o s h i m p o k i
