a m a t a p e e k i
n o t s i p a t a
a s a n k a n e p e e k i
p i m a t i k a j i
i t s i r e r o t i t e k i
p i m a n i t i t e k i
n o t s i p a t a k a
a s a n k a n e p e e k i
n o s o t a p e e k i
n o y o n a p e e k i
a s a m a n i t e k i
p i s a m a n i t e p e e k i
p i n e k i
p i t s i t s i m e n k i t e k i
j i b a t a a n t s i
a y o n a
p i m a t a p e e k i
n o j i b a t a j e a
n o p o t e t a k e
p o b a n e k i t e k i
a t s i m a n k a k e
n a p i i t a j i
a s a m e n t o t e p e e k i
o t s i m e r i t e p e e k i
m a s h i t s i k i
p i t s o m o n t e k i
i n i n a t i
p i m a s h i k i
o t s i m e r i t e k i
n a s a n k a n e p e e k i
p a p i i t i
i b o m p o r i t e k i
p i y a t s i i r e p e e k i
j a n a n e k i k i
n o y o m a r o p e e k i
p i t s i r e r o t i t e
o b a m e n t o t s i p e e
a m i t a k o t a a n t s i
i t s a m p o b a t s a t e k i
p i t s i r e r o t i t e p e e k i
n o b a n e k i t e k i
a a b i n t a r o k i
p i y o n a p e e k i
n o s h i m o r e p e e k i
a t s o b i p e e k i
i y o n a p e e k i
a t s i m e n k i t o t e p e e k i
n o y a j e n e p e e k i
p e a r e n t s i
o b a n k o k i
n o s h i a j e
i s h i r a m p a r i t e k i
n o y a t i t o r i t e p e e
n a s a a n k a k e
o s a m a n i t e k i
o s h i m p o k i p e e k i
a m e r e k i p e e k i
j e b a r o n t s i k i
n o t s i m e r i t e
i p a s e k a t a j a
n o y a t i t o r i t e k i
s h e r i k i
n a k o s a n o r i p e e k i
i i s h i k i
n o b a n e k i t e k i
a p e s a k e
a j e b a r o p e e k i
a m a a t e
n o y e m p i t a p e e k i
p i j e b a r e k i
k a p e s h i k i
a s a n k a n e n t s i k i
y a a b i n t a j e
p i y a j e b i t e k i
n o b i t o
p i y a t i t o r i t e k i
p i m a t s o n t s o r i t e k i
n a m p i t s a t a j e a
n o b a r i t s a p e e k i
o b a n e k i p e e
n o s h a n k o r o t e k i
a n e
n o m i i s h i t e k i
p i i s h i p e e k i
i t s i m e r i t e k i
p i s h e m i t o t e
a m a j a t e
a i t s a a r e
n o n k a t s i i n k a t e
n o t s i m e n k i t o t e p e e k i
a t s i n a k i
n o b a r i t s a k i
m a k o b a b a
i s h i r a m p a r i t e k i
p i b a n k o p e e
n o s e r o t e p e e
i t s i t s i m e n k i t e k i
n a m p i i t a k e
i t o n k a m e n t o k i
n o y o n a p e e k i
