n o b e a n e k i
o b a n e k i k i
k a t s i i r e n t s i k i
p i m i i s h i t e k i
n o m a t a p e e k i
n o s o t a
i m a s h i k i
n o t a b a r i t e k i
i n i n a t a j i
o s h i m p o k i p e e
p i j a n a n e k i t e
s a b i r i k i
o j e b a r e p e e k i
p i b i t i r o t e
n a m p i i t a j e
a y o r i o t e p e e k i
n o y o s h i p i r i n k e t e p e e k i
o y a j e b i t e p e e k i
i t s i t s i m e n k i t e p e e k i
n o k e m i t y o n k a k e
i s h e r i n e p e e k i
p i t s e n t e t i
o s h e r o p e e
p i t s i m e r i t e p e e k i
t o n k i t s i k i
i r o s e r o t e k i
p i t s i m e n k i t o t e k i
a b a i c h i t e p e e k i
i m a s h i c h a i k i t e k i
i m i s h i t i
n o i t s a a r e p e e
i r a a b i n t a r o
e t i n i t e k i
t s i r e r o t i p e e k i
a n k i c h o j a j e
n o b a m e t a j i
n o n k i c h o j e
n a s h i t a r e e
i t s o m o n t e
o b a m e n t o p e e
a y o m a r o p e e k i
o n i n a t a k e
n o c h o p e n a p e e k i
i m a s h i c h a i k i t e k i
n o y e m p i t i t e p e e
n o b i t o p e e
n o s h e r i n e k i
o t a b a r i t e p e e
i y o r i o t e k i
a b a r i t s a k i
o b a r i t s a k i
o t s i m e r i t e
a n i n a t a j e
n o s h i a k a
m a n i t i p e e k i
p i y e m p i t a k i
n e t i n i t e p e e
n a s a a n k a j e
o t s i t s i m e n k i t e p e e
p e a k i
i y a j e b i t e k i
n a a b i n t a k e
i m p i t s i t a k e a
o y o b i t e p e e k i
p i b a n k o p e e k i
o m a s h i c h a i k i t e p e e k i
i s h i a j a
a b o m p o r i t e p e e k i
a m p i t s i t e a
a b e a r e p e e k i
a t o n k a m e n t o p e e k i
o n t s i m a n k a j e
i t s i t e n i r i t e k i
a t s i m e r i t e
i j i b a t a
o t s o b i p e e k i
e t i n i t e k i
p i s a m e n t o t e p e e k i
n o t s i r e r o t i t e k i
n o t s i t s i m e n k i t e p e e k i
n o p e s h i
i m a t s o n t s o r i t e p e e k i
i b a i c h i t e p e e
a p o t e t a k e
i s h e r i n e k i
a t s a r o t a j i
n o t s i r e r o t i t e k i
a k o s a n o r i k i
s h i m o r e n t s i k i
k a j e p e e
a i s h i k i
n o t s o b i
i j e b a r o p e e
a y o n a p e e k i
s o t a t s i k i
p i s h a n k o r o t e k i
n a a b i n t i
a y a t i t o r i t e
n o t s i p a b i n t s a r e p e e k i
i s h a n k o r o t e p e e k i
