n o c h o p e n a k i
p i y o m a r o
a m i i s h i t e k i
o m a s h i k i
a n i n a t a j i
o y o m a r o k i
p i n t s e n t e t e
n o s e r o t e
n o c h e r a k i
a t s i t s i r i t e p e e k i
t s a m p o b a t s a p e e k i
i b o m p o r i t e p e e k i
o y a j e n e p e e k i
n o i t s a a r e k i
n o y o s h i p i r i n k e t e k i
n o t s i r e r o t i t e p e e k i
o t s i n a k i
o t s a m p o b a t s a t e k i
a m a a t a j i
o s h e m i t o t e k i
p i b o m p o r i t e p e e k i
n o y a s a n t o t e p e e k i
a n k i c h o j e
o y a j e b i t e
s a m a n i p e e k i
n o b e a n e k i
i s h e r i n e
n o s h e r o t e p e e k i
n o s h a n k o r o t e k i
i m p o t e t e
t s i t e n i r i p e e
i y a p e s h i p e e k i
p i s h i r a m p a r i t e
n o s o t a p e e k i
p i y a t i t o r i t e p e e k i
o t s i t s i b a r o t e p e e k i
k o r i o p e e k i
p i m e r e k i
p a k o s a n o r i
n a m a k e
a s a a n k a a n t s i
o s h i r a m p a r i t e k i
p i t s o m o n t e k i
y a m a j i
n o b a n e k i t e
a y a p e s h i
n o i t s a a r e k i
a t a b a r i t e p e e k i
a t s i m e r i t e k i
o m p o t e t e
s a m e n t o p e e k i
k a j e b i p e e k i
n o y o b i t e k i
n o b a n e k i t e k i
a s h i m o r e p e e k i
i t s i p a b i n t s a r e p e e k i
b a r i t s a n t s i p e e k i
a s h a n k o r o t e p e e k i
n o m p o s a j e
n o s a m e n t o t e p e e k i
p i t s i t s i r i t e k i
i r o p e m p e t e p e e k i
n o t s a m p o b a t s a t e p e e
n o t s o b i k i
a t s i t e n i r i t e
o t s i t s i b a r o t e p e e
i y a p e s h i k i
o b e a n e p e e k i
n o j a n a n e k i t e
e t i n i t e k i
o m p i t s i t a j e a
n a m i t a k o t a j i
i i t s a a r e k i
p a a b i n t a r o p e e
n a m p a s e k a t e a
a a b i n t e
n o m a t s o n t s o r i t e k i
n o t o n k a m e n t o p e e
n o m i i s h i t e p e e k i
a n k e m i t y o n k a j e
n o s o t a k i
n o m a n i t i t e p e e k i
k a j e b i p e e k i
p i y a j e n e p e e k i
o t s o m o n t e p e e k i
p i m a t a p e e k i
n o n i n a t a k e
i c h e r a
p i b i t o k i
a c h o p e n a k i
n o t s i p a t a
n o y a t s i i r e k i
i t o n k a m e n t o k i
o t o n k a m e n t o p e e k i
j a n a n e k i p e e k i
n o m a s h i c h a i k i t e k i
a b e a n e p e e k i
i s h i m o r e p e e
p i y o n a k i
n o j e b a r o k i
