a t s i n a k a k e
n o m i i s h i t e p e e k i
o s h a n k o r o t e p e e k i
y a m p i t s a t a
y a m a j a t a k e
o p o s a j i
p i n k e m i t y o n k e
n o m a s h i k i
o n e p e e k i
n o t s a m p o b a t s a t e p e e k i
n o s e r o t e k i
y a b i s h e
n o b a n e k i t e p e e k i
n a s h i t a r e i
n a m a j i
n a a b i n t e
n o m p o t e t e
a m p o t e t a k e
n o y a p e s h i k i
i r e t i n i t e p e e k i
n o y o m a r o p e e
m a n i t i p e e
p i b i t i r o t e p e e
a a b i n t a r o p e e k i
o y o s h i p i r i n k e t e k i
i r o b a n e k i t e k i
n o t s i t s i b a r o t e p e e
k i s h i t s i p e e k i
n o k a t s i i n k a t i
a c h o p e n a p e e k i
n o b a m e t a k e
o y o m a r o p e e k i
n o b a r i t s a p e e k i
p i t s o b i p e e k i
y a m p i i t a k e
a s h i m p o k i
n o y o t s i r o t e p e e k i
t s o b i t s i k i
p i y a s a n t o t e k i
n a m a j a t a k e
o b e a n e k i
o j e b a r e k i
p a s a n k a n e p e e
p i y o b i t e p e e k i
o m i i s h i t e p e e k i
p i m e r e k i k i
o y a t s i i r e p e e k i
i t s i t s i b a r o t e p e e k i
n o t s a m p o b a t s a t e p e e k i
i m a n i t i t e
p i m i s h i t a k e
o y o t s i r o t e p e e
p i y e m p i t a
o k i c h o j a k e
o t s e n t e t i
a y o b i t e
o p e m p e p e e k i
a t a b a r i t e k i
o y o t s i r o t e
s o t a t s i p e e k i
p o b a n e k i t e k i
p i k a t s i i n k a t a k e
n o y e m p i t a
n o j e b a r o
n o y o r i o t e p e e k i
n o n t s e n t e t e
n o n k e n k e t s a s h i r e a k e
t s i t e n i r i k i
n o k i c h o j i
i b a n k o p e e
n a a b i n t a r o k i
a t s i m e r i t e p e e k i
n o y o m a r o k i
n o b o m p o r i t e k i
p i t s i t s i r i t e p e e k i
i s h e r i n e k i
n o b i t i r o t e p e e k i
a t s i t s i r i t e
n o c h e r a
n o y o b i t e k i
i y a j e b i t e p e e k i
a b o m p o r i t e k i
n o b a m e n t o
n o s h i r a m p a r i t e p e e k i
p i t o n k a m e n t o
a y e m p i t a p e e k i
n o t s i m a n k a k e
p i i t s a a r e p e e
a m a t s o n t s o r i t e
o s e r o t e k i
n a m p i i t e
a m p e s h e
i b a i c h i t e
n o p o s a j i
n o s h e r i n e k i
n o y o s h i p i r i n k e t e p e e k i
i m a k o b a b a t e p e e k i
n o y a t i t o r i t e p e e k i
o c h e r a p e e
p i i s h i
