p i s h i m o r e k i
n o b a m e n t o p e e
b a r i t s a n t s i k i
t s i p a t a a n t s i
i t s i t e n i r i t e k i
i s h i r a m p a r i t e p e e k i
p a s a n k a n e k i
p i n t s a r o t e
s o t a t s i k i
i m a n i t i t e p e e
n o y a p e s h i p e e k i
p i y a j e n e p e e
n o y o s h i p i r i n k e t e p e e k i
a t s o b i p e e k i
i r a s a n k a n e k i
n a p i i t i
i b i t o
a y o b i t e p e e k i
p i s h a n k o r o t e k i
n o j a n a n e k i t e p e e
n o p o s h i
a y a s a n t o t e k i
s a m a n i p e e k i
n o s h i m p o k i k i
i p e s h i
n a m p a s e k a t a k e a
p i c h e r a p e e k i
n o m a n i t i t e p e e
n o s a b i r i t e
p i t a b a r i t e p e e k i
n o b a r i t s a k i
a m a j a t a k e
a s h i m p o k i p e e k i
n o y o b i t e k i
o s e r o t e p e e
y a m a a t a j i
n o y a s a n t o t e
n o m a s h i
p i m a s h i
o s h i m o r e p e e k i
o s h e r o t e p e e k i
n o y o r i o t e k i
n o n t s i n a k a j e
p i y o s h i p i r i n k e t e k i
n o m p e s h e
p i m a s h i c h a i k i t e k i
a t s a m p o b a t s a t e p e e
o m e r e k i p e e
n o t s o b i p e e
n a s h i t a r e a k e
a m e t a j a
i r a j a n t s i k i
y a p i i t i
n o m a s h i c h a i k i t e p e e
n o t s o m o n t e k i
n o t s i t s i b a r o t e k i
o m p i t s i t a k e a
n o j e b a r e p e e
n o y o n a k i
a y e m p i t a p e e
a m e t e a
p i s h i e
p i t s a r o t i
n o y o t s i r o t e
n e t s i
a s h e m i t o t e p e e
o p e m p e k i
n o b a n k o k i
n o s h i r a m p a r i t e p e e
p i y e m p i t i t e k i
k e m p i t i p e e k i
a j e b a r e p e e
a m p e s a j e
p i c h e r a p e e k i
p i y o t s i r o t e p e e k i
n o s a m a n i t e k i
i y e m p i t a p e e k i
k e m p i t a n t s i k i
n a m p i t s a t a j a
i t s i t e n i r i t e k i
p a s h i t a r e a k e
o m i i s h i t e p e e k i
n o b e a n e k i
p i s h e r i n e p e e
s h i r a m p a r i k i
n o n k e n k e t s a s h i r e a j e
i s o t a p e e k i
o y a p e s h i k i
p i t s i m e n k i t o t e p e e k i
a s h i m p o k i k i
y a p i i t a j i
t s i t s i m e n k i p e e k i
n o i t s a a r e
n o t s i t e n i r i t e p e e k i
p i s h e m i t o t e p e e
n o b a r i t s a p e e k i
i t o n k i p e e k i
n o j a n a n e k i t e k i
i c h e r a p e e k i
n o s a m e n t o t e k i
k e m p i t i p e e
a t s i p a b i n t s a r e p e e k i
i i t s a a r e p e e
p i y o t s i r o t e p e e k i
p i p i t s i t a j a
p i m a k o b a b a t e p e e k i
e t i n i t e
n o s h i a k a
i m i s h i t e
p i m i s h i t a j i
a t o n k i k i
p i s h e r i n e p e e k i
n o b e a n e p e e k i
a n t a b e e t e
n o t s i p a b i n t s a r e p e e
i y o m a r o k i
i t s o b i p e e k i
p i p a s e k a t a j a
i n k a t s i i n k a t a j e
p a a b i n t e
n o b a m e n t o p e e
s h i r a m p a r i p e e k i
n o t o n k a m e n t o p e e k i
n o t s o m o n t e p e e
a m p o s h e
i t s a m p o b a t s a t e k i
p i j a n a n e k i t e k i
n a n t a b e e t a j e
i r i r a j a k i
a m a n i t i t e p e e k i
a b i s h e
n o y a t i t o r i t e p e e
n o b e a r e
a i t s a a r e k i
a t s e n t e t a j i
n o t s i p a b i n t s a r e
n o b a n k o k i
n o y e m p i t a p e e k i
s h e m i t o p e e k i
n o y a j e b i t e k i
i y o s h i p i r i n k e t e p e e
n o k a t s i i n k a t a j i
n e t s i k i
n o p e s a k e
a m e r e k i k i
a t s e n t e t a k e
n o t s a m p o b a t s a t e
n o c h o p e n a p e e k i
n o m i i s h i t e p e e k i
e t i n i p e e
o m p o t e t a j e
a j i b a t a
i y a j e n e k i
a j a n a n e k i t e p e e k i
a s h e r i n e
a s h i m o r e p e e
p i y a s a n t o t e p e e
i t s a m p o b a t s a t e k i
a t s i t s i b a r o t e k i
n o y a p e s h i p e e k i
n o b i t i r o t e p e e k i
i m e s h i n a p e e k i
n o j e b a r e p e e k i
n o y o b i t e p e e k i
a y o t s i r o t e p e e k i
k a s a n t o p e e
n o m a n i t i t e p e e k i
n o y o r i o t e k i
n o s h i m p o k i p e e k i
o n i n a t e
m a t s o n t s o r i k i
a b o m p o r i t e k i
i c h o p e n a k i
n o y e m p i t a k i
i t s i t e n i r i t e p e e k i
n o m i i s h i t e p e e k i
n o t s i m e r i t e k i
i y a j e n e p e e k i
n o m a s h i c h a i k i t e k i
p a a b i n t a k e
o s h i m o r e p e e k i
n o m p e s h e
n o t o n k a m e n t o p e e k i
n o t s i t s i r i t e k i
p i y e m p i t i t e p e e k i
n o i s h i p e e k i
a s o t a p e e k i
n o y o r i o t e
n o t s i m e r i t e k i
e t i n i p e e k i
n o s a m a n i t e p e e k i
a i s h i p e e k i
o b a m e n t o t s i k i
p i y a t s i i r e k i
n o t s i m e r i t e p e e k i
k e m p i t i p e e k i
a k i c h o j a k e
n o m a s h i k i
s h i m p o k i n t s i k i
a m a k o b a b a t e p e e k i
i m i i s h i t e p e e
c h e r a t s i p e e k i
a t s o b i k i
a b a i c h i t e p e e
a s h i m p o k i p e e k i
p i y o t s i r o t e k i
a j a n a n e k i t e
o m a t s o n t s o r i t e p e e
o b a n e k i t e p e e
o s h i m p o k i k i
b a r i t s a n t s i p e e
o s h e r o k i
p i n i n a t a k e
o m a n i t i t e k i
n o m a k o b a b a t e p e e k i
o y a p e s h i p e e k i
p i m p o s h e
n o y o n a p e e k i
n o y o t s i r o t e k i
n a n t a b e e t e
p i y o m a r o p e e
p i j e b a r e
n o s h e m i t o t e k i
a m a a t i
n o s h i m o r e k i
n o t s o m o n t e
n e t s i p e e k i
a y o r i o t e
o t s i t e n i r i t e p e e k i
i j e b a r e p e e k i
n o b a r i t s a k i
y a b i s a j e
t s i p a b i n t s a r e n t s i p e e k i
o m a s h i c h a i k i t e p e e k i
a a b i n t a r o p e e k i
p i m i i s h i t e p e e k i
p i b e a r e k i
p i y o n a
o m i i s h i t e p e e
n i r a j a p e e
j e b a r e n t s i
i r a j a p e e
o s a m e n t o t e k i
a n t a b e e t i
p a m a a t a k e
a s a n k a n e n t s i k i
p o s e r o t e k i
i r o b a n e k i t e
i s h a n k o r o t e p e e k i
p i b a r i t s a k i
i s h i m p o k i p e e
s a m e n t o k i
n o t s i t s i r i t e p e e k i
n o j e b a r e p e e k i
p o b a m e n t o p e e k i
n o b a r i t s a k i
p i y a p e s h i k i
p a n k o t s i k i
p i n k e n k e t s a s h i r e a j e
p i m a s h i p e e k i
n o s h e r i n e p e e k i
t s i m a n k a a n t s i
p i b a m e t a k e
a y o m a r o
n o s h i m p o k i p e e
a c h e r a
p i s a m e n t o t e p e e
n o s h i m p o k i p e e k i
o j a n a n e k i t e
a j a n a n e k i t e k i
p i m a t a k i
n o m a k o b a b a t e k i
n o y o m a r o p e e k i
i t s a r o t a j i
i y o s h i p i r i n k e t e k i
p a m a j a t e
i s a m a n i t e p e e
n o m e s h i n a p e e
p i n t s i m a n k a k e
s h i a a n t s i
n o t s i n a k i
p i s h i m p o k i k i
p i m p a s e k a t a j e a
a y o t s i r o t e p e e
i b o m p o r i t e k i
k a t s i i r e n t s i k i
o i s h i
p i r a j a p e e k i
p i n k e n k e t s a s h i r e e
a k o s a n o r i p e e k i
o m a t s o n t s o r i t e k i
n o s h e m i t o t e k i
p i s a m e n t o t e
o n t s i n a k a k e
i r o s h e r o t e k i
a b a n k o p e e
p i y o r i o t e
n o s h e r i n e p e e
a m e t a j e a
n o b o m p o r i t e
a s o t a p e e
n o m e s h i n a k i
o m i i s h i t e p e e k i
a y a j e n e k i
s h e m i t o
i s h a n k o r o t e k i
p i s a b i r i t e
n o b a n e k i t e
n o b a i c h i t e p e e k i
p i s h e r i n e k i
n o s h i a j a
n o p i t s i t a k a
n o i s h i k i
p a m p i t s a t a
o t o n k a m e n t o
p i y a p e s h i p e e k i
n o i t s a a r e p e e k i
a b a n k o k i
o m a n i t i t e p e e k i
n e t i n i t e p e e k i
i t s i t s i r i t e p e e k i
p i t s o m o n t e
k o r i o p e e
n o y e m p i t i t e p e e k i
a b e a n e
n a a b i n t a r o p e e k i
k o t s i r o
t o n k a m e n t o t s i p e e k i
t o n k i t s i k i
n o n t s i m a n k a k e
n o b a i c h i t e k i
p i m p i t s i t a k e a
i m p e s a k e
n o s h a n k o r o t e
n a a b i n t a r o
a s h i t a r e e
n a a b i n t a r o p e e
i m e r e k i p e e k i
i b o m p o r i t e p e e k i
o p e m p e t e p e e k i
s a b i r i k i
i t s i t s i b a r o t e
a s h i a
p a s a n k a n e
i s a b i r i t e p e e k i
a a b i n t a r o n t s i
p i n t s i p a t e a
n o t o n k i k i
p i s h i m p o k i k i
o t s i t s i r i t e p e e
i t s i m e n k i t o t e p e e k i
n o n t s a r o t e
a y e m p i t a
n o y a s a n t o t e
p i y o b i t e k i
o y o s h i p i r i n k e t e p e e k i
n a s a n k a n e p e e
i c h e r a p e e
n o m e r e k i k i
i m e r e k i p e e
i b o m p o r i t e
p i t s i t e n i r i t e p e e
n o m a n i t i t e k i
i r o s h e r o t e
i t o n k a m e n t o
n e t i n i t e
e t i n i t e p e e k i
n o m i s h i t a k e
o y a j e n e k i
n o b i t o p e e
o s e r o t e p e e k i
n o m a t i k i
i m a t a k i
o m i s h i t a k e
i b a m e t a j e
a n t s e n t e t e
p o m p o r i k i
o s a m a n i t e
a s a b i r i t e k i
i n k e m i t y o n k a j e
n o t s i t s i m e n k i t e p e e k i
n o t o n k i p e e k i
a y a j e n e p e e k i
n o b e a n e p e e k i
n a m i
n o m e s h i n a p e e
n o p e s h i
i b a n k o k i
j e b a r e n t s i p e e k i
n o m a n i t i t e k i
p i t s a m p o b a t s a t e p e e k i
a b a m e t a j i
p i t i r o
o s a b i r i t e p e e k i
p i m a k o b a b a t e k i
a k o s a n o r i k i
a s a a n k a k e
o m p o s a k e
a j i b a t a j a
a m a j a t i
y a n t a b e e t a k e
n o m a n i t i t e p e e k i
p i t o t s i p e e
k o s h i p i r i n k e k i
p i b o m p o r i t e k i
i s h i m p o k i
s h e m i t o p e e
a y e m p i t a k i
m a k o b a b a p e e k i
o n e
i r a s a n k a n e k i
a n t s i n a k a k e
p i m a n i t i t e p e e k i
a n i n a t a k e
n o k e m i t y o n k a j i
i p e s a k e
t s o b i t s i p e e k i
i y o m a r o p e e k i
o s a m e n t o t e
n o t s i n a k a k e
o k a t s i i n k a t i
n o t o n k i p e e
n o s a m e n t o t e p e e k i
k a j e b i p e e
n o m a t i k a k e
n o m e s h i n a p e e k i
o y a t i t o r i t e k i
n o c h o p e n a k i
p i y o m a r o p e e k i
o m a n i t i t e p e e k i
i n k e m i t y o n k e
o b a m e t i
n i r a j a k i
n o s h i m p o k i p e e k i
n o k e n k e t s a s h i r e a j a
a y a t i t o r i t e p e e k i
n o n t s i m a n k e
o m a t i k a k e
a m i s h i t a k e
n o y a s a n t o t e k i
p i t s a m p o b a t s a t e k i
n o m a t s o n t s o r i t e k i
n a a b i n t a j i
a m a k o b a b a t e p e e k i
n o n k e m i t y o n k a k e
n o p e m p e t e k i
i y a j e n e p e e
n e t s i p e e k i
i r o b a n e k i t e p e e k i
o y e m p i t i t e p e e k i
n o b a r i t s a p e e k i
p i j e b a r o k i
n o b e a n e k i
m a t a t s i p e e k i
p e t i n i t e k i
p i t o t s i k i
n o s h e r o t e p e e k i
k i t s a a r e n t s i p e e
o y a j e n e p e e
p i p i t s i t a
p i t o n k a m e n t o p e e k i
p i m a n i t i t e p e e
i t s i t s i m e n k i t e k i
p i t s i m a n k a j i
a y a t s i i r e p e e k i
o s e r o t e k i
n a n t a b e e t a k e
p o b a m e n t o k i
a a b i n t a r o k i
n o s e r o t e k i
p i s h e r i n e k i
p a m e t e a
i r e t i n i t e k i
y a n t a b e e t i
o s o t a k i
i n t s a r o t a j e
o b a n e k i t e k i
o m a n i t i t e k i
i r o s h e r o t e k i
a t s o m o n t e p e e k i
t s o m o n t e n t s i p e e k i
o s e r o p e e k i
i s h e m i t o t e p e e k i
o b a m e n t o t s i k i
o y e m p i t a p e e k i
n o y o t s i r o t e k i
o s a m a n i t e k i
n o y o s h i p i r i n k e t e k i
o s h e r o t e p e e k i
n o p e m p e t e k i
o b a m e n t o k i
a s h i t a r e a j i
o s h e r o t e k i
n o y a j e b i t e p e e k i
n o m p i t s i t a k e a
n o b a i c h i t e k i
n a m e t a j a
k a j e b i k i
a y e m p i t i t e k i
k e m p i t a n t s i p e e k i
