n o b e a r e p e e k i
n o b e a r e k i
p i t s i t s i m e n k i t e k i
p e t i n i t e p e e k i
p a m i t a k o t a j i
i y o t s i r o t e k i
n o b a m e n t o p e e k i
p i b i t i r o t e p e e k i
t a b a r i p e e k i
p i t s i p a b i n t s a r e p e e k i
i n t s i m a n k a k e
o y o r i o t e k i
a m a a t a a n t s i
o p e m p e t e p e e
n o t s i t s i m e n k i t e p e e k i
n o m a s h i p e e k i
a b a i c h i t e k i
n o y e m p i t a
a t s i p a b i n t s a r e p e e k i
n o s a b i r i t e p e e k i
p i p e s a j i
n o y o s h i p i r i n k e t e p e e
o s h e r o t e k i
n o y o s h i p i r i n k e t e k i
p i n i n a t a k e
n a m p a s e k a t a j e a
p i t s i n a k a j i
o n k i c h o j e
e t i n i t e p e e k i
n o t s a m p o b a t s a t e k i
n o t o n k i
a s a n k a n e p e e k i
m e r e k i n t s i p e e
i t s i r e r o t i t e
o t s i t s i r i t e p e e k i
a p i i t a a n t s i
k a p e s h i p e e k i
n a m p i i t a k e
p i t s i t s i m e n k i t e p e e k i
i t s i m e r i t e k i
n o b a r i t s a
i t o n k i k i
p i b i t o k i
i j i b a t a j e a
s a m a n i
i y a t i t o r i t e k i
p i j a n a n e k i t e p e e k i
n o t o n k i p e e k i
k i s h i t s i k i
i r o s e r o t e p e e
a n i n a t i
p i p o t e t a j i
i k i c h o j i
i r o b a m e n t o k i
m e r e k i n t s i k i
t o n k a m e n t o t s i k i
p a k o s a n o r i k i
a a b i n t a r o k i
o s h e r i n e p e e k i
i t s a r o t i
n o b o m p o r i t e k i
p i y a t i t o r i t e k i
p i s a b i r i t e k i
y a m e
i m a s h i k i
m a k o b a b a p e e k i
i c h o p e n a p e e
a y o s h i p i r i n k e t e k i
o m a t s o n t s o r i t e
p a m e t a j e a
e t i n i t e p e e k i
o t s i r e r o t i t e k i
n o p o s a k e
n a s h i t a r e a j i
n o b i t o p e e k i
a m p i t s a t a j e a
i m i i s h i t e p e e k i
i t s o b i p e e k i
k o m a r o n t s i
p i t s i t e n i r i t e p e e k i
i t s i r e r o t i t e k i
n o b i t o
o s h a n k o r o t e p e e k i
n o n t s i n a k e
n o j e b a r e k i
p a n t a b e e t a j e
n a n t a b e e t e
a s a m e n t o t e k i
n o y e m p i t a k i
i m i s h i t a k e
a n t s a r o t a j e
a y o s h i p i r i n k e t e k i
a i t s a a r e p e e k i
a m e r e k i k i
a s a n k a n e n t s i k i
o k e n k e t s a s h i r e a j a
n o m a s h i c h a i k i t e p e e k i
i m e s h i n a k i
n a b i s a k e
o p i t s i t a k a
t s i t s i m e n k i
a m a a t a j e
i s h i r a m p a r i t e k i
i m a t a p e e
o s e r o t e k i
i r a j a k i
o t s i r e r o t i t e k i
t s i n a k a a n t s i
o s e r o t e k i
y a b i s a k e
j e b a r e n t s i k i
a s h a n k o r o t e k i
a m i i s h i t e p e e
n o s a b i r i t e
i t s i p a b i n t s a r e k i
o t a b a r i t e p e e k i
a s h e r i n e k i
n o y a p e s h i k i
p i m a k o b a b a t e p e e k i
p i t s i r e r o t i t e k i
a b e a n e p e e k i
p i t o n k a m e n t o p e e k i
n o s e r o t e
a s h i t a r e a j e
p i n k i c h o j a j e
i y o t s i r o t e p e e
a p o s a j i
o t s i n a k a j i
y a s a a n k e
i k e n k e t s a s h i r e a k a
k a j e b i
p i s a b i r i t e p e e k i
i n e k i
a s a b i r i t e p e e k i
n o m a t s o n t s o r i t e
m e s h i n a n t s i p e e k i
i t o n k a m e n t o p e e k i
p i t s o b i k i
n o t s i t s i r i t e
n o m p o s a j e
a y o s h i p i r i n k e t e
i j e b a r e
a m a t a k i
m a s h i c h a i k i
n o p o t e t i
n a s a n k a n e k i
o y e m p i t a k i
i s o t a k i
e t i n i k i
n o m e s h i n a p e e k i
a m p i t s a t a
i y e m p i t a p e e k i
p i b a r i t s a p e e k i
p i m a t s o n t s o r i t e p e e k i
o t s a m p o b a t s a t e k i
e t i n i t e k i
n o m a k o b a b a t e p e e k i
i b i t o p e e k i
i b i t i r o t e k i
n a s a a n k a j i
n o t o n k a m e n t o k i
o y e m p i t i t e k i
p a m a k e
p i t o t s i p e e k i
a m e s h i n a p e e k i
n a m p a s e k a t a j e a
p o p e m p e t e p e e
p i m e s h i n a p e e k i
p i y o s h i p i r i n k e t e p e e k i
n o b a n k o p e e k i
o p e m p e k i
o b e a r e p e e
i r o s e r o t e
o t o n k i
p i y a p e s h i p e e
i s h i a j e
n o m e r e k i k i
o j e b a r e p e e
o b a n k o p e e k i
p i m i i s h i t e
n a p i i t a k e
o y o n a p e e
o s h i m o r e k i
n a m a k e
i y o r i o t e
i k a t s i i n k a t a k e
o t s i t s i b a r o t e k i
o y o r i o t e k i
n o n i n a t a j e
a y a s a n t o t e p e e k i
i r a k o s a n o r i p e e
i s h i r a m p a r i t e
n o t s i t s i r i t e p e e k i
p i t s i t e n i r i t e p e e k i
p o p e m p e t e k i
p o p e m p e t e p e e k i
a t s o b i p e e
p i y o r i o t e p e e k i
n o m e s h i n a p e e k i
n o s h i m o r e p e e k i
n o b a i c h i t e p e e k i
n o y a t i t o r i t e p e e k i
n a m a j a t a k e
p a k o s a n o r i p e e k i
p a s a n k a n e p e e k i
n o s h i m p o k i p e e k i
o n t s a r o t e
i s h e r i n e k i
a n t s i p a t e a
n o n e p e e
n o y e m p i t a p e e k i
p i c h e r a k i
o i t s a a r e
a k o s a n o r i p e e k i
p i b a n k o p e e k i
n o b e a n e p e e k i
o j e b a r o
o m p o s a j e
p a m a a t a j e
n o t a b a r i t e p e e
c h o p e n a n t s i k i
m a s h i t s i p e e k i
a t a b a r i t e p e e k i
p i b e a r e p e e
s h i m p o k i n t s i p e e
n o t s i t s i r i t e p e e k i
p i b i t o p e e
n o t s o b i p e e k i
p a i c h i k i
i y o t s i r o t e p e e k i
n a m a a t a k e
n o m a t a k i
n o t s o b i k i
p i m p a s e k a t e a
o b i t o k i
n o y o r i o t e k i
a m p o t e t e
a m a s h i k i
m e r e k i n t s i p e e k i
a n t a b e e t a k e
n o m a k o b a b a t e p e e k i
n o b e a n e k i
o p e m p e p e e
o s h i m o r e p e e k i
n a m e t a j e a
i r a j a n t s i
p i y a j e b i t e p e e k i
i y o n a k i
a m e r e k i k i
i c h e r a k i
a j a n a n e k i t e k i
o b a m e n t o p e e k i
p i y e m p i t i t e k i
a s a n k a n e p e e k i
i b a r i t s a p e e k i
a s a n k a n e p e e k i
n o s h e m i t o t e k i
a y e m p i t a p e e k i
a t o n k a m e n t o k i
a t o n k a m e n t o k i
t s i t e n i r i p e e k i
n e t i n i t e p e e k i
n o y a j e b i t e p e e
p i m e r e k i p e e k i
p e t i n i t e p e e k i
o p e m p e t e p e e k i
o p e m p e t e p e e k i
o p e m p e t e p e e k i
n o j a n a n e k i t e k i
n o j a n a n e k i t e k i
p e a r e n t s i p e e k i
n o y a p e s h i p e e k i
m a s h i c h a i k i k i
i s h a n k o r o t e k i
n a s a n k a n e p e e k i
m a t s o n t s o r i p e e
p i c h o p e n a p e e k i
i t s o m o n t e p e e k i
i t s o m o n t e p e e k i
i r o b a n e k i t e k i
i s h i m o r e p e e k i
i s h i m o r e p e e k i
n o t s i m e r i t e p e e
i s h a n k o r o t e k i
p i m e s h i n a p e e k i
o t s i t e n i r i t e k i
y a m p i t s a t a j e a
n o b i t i r o t e p e e
y a m p a s e k a t a j e a
a s a n k a n e n t s i p e e k i
a s h i m o r e p e e k i
p a m i t a k o n a k e
p o m p o r i p e e k i
p i n k a t s i i n k a t e
s h a n k o r o p e e k i
o y a p e s h i p e e k i
t s i r e r o t i p e e k i
o b a r i t s a p e e k i
o m a k o b a b a t e k i
n o n k e m i t y o n k e
i c h o p e n a p e e k i
p i j e b a r e p e e k i
o t o n k a m e n t o k i
k a t i t o r i p e e k i
t s a m p o b a t s a k i
t s a m p o b a t s a k i
i s a m e n t o t e k i
i s a m e n t o t e k i
c h o p e n a n t s i k i
m e s h i n a n t s i k i
p i s a m a n i t e p e e
n o s a b i r i t e p e e
a t s i r e r o t i t e k i
a t s i r e r o t i t e k i
n o b a r i t s a p e e k i
n o m a n i t i t e p e e
a s a m e n t o t e k i
s h i r a m p a r i k i
a y a j e n e p e e k i
n o y a j e b i t e k i
n o y a j e b i t e k i
p i m a n i t i t e k i
p i m a n i t i t e k i
o s e r o t e p e e k i
o s e r o t e p e e k i
o s e r o t e p e e k i
i y a j e n e p e e k i
p i s a m a n i t e k i
o j e b a r o p e e k i
n o b i t i r o t e k i
p i b e a n e p e e k i
o j e b a r o p e e k i
p i n t s e n t e t a k e
i j e b a r o p e e k i
o j e b a r e p e e k i
o j e b a r e p e e k i
i j e b a r o p e e k i
n o t s i r e r o t i t e
a m e r e k i p e e k i
e t i n i t e p e e k i
i r o p e m p e t e k i
n o m e s h i n a p e e k i
j e b a r e n t s i p e e
m a k o b a b a p e e k i
n o m e r e k i p e e k i
n o m e r e k i p e e k i
n o m e r e k i p e e k i
a y a j e b i t e p e e
p i y o r i o t e p e e
p i m i i s h i t e p e e k i
p i m i i s h i t e p e e k i
p a n t a b e e t a k e
o m e s h i n a p e e k i
k e m p i t a n t s i k i
a m a n i t i t e p e e
p i t s i m e r i t e k i
n o m p i t s i t a j e a
m a t s o n t s o r i k i
i s h e m i t o t e k i
i y e m p i t i t e k i
p i t a b a r i t e k i
p i t a b a r i t e k i
t s o b i t s i p e e k i
n o t o n k i p e e k i
p i n k i c h o j a k e
p i m a s h i p e e k i
p i t o n k i p e e k i
p i t o n k i p e e k i
a m e s h i n a p e e k i
a t s i m e n k i t o t e
p a m p i t s a t a j e a
y a m i t a k o t a k e
n o t s i r e r o t i t e k i
p i t s i t e n i r i t e
o s h i r a m p a r i t e
s o t a t s i p e e k i
p i m a s h i p e e k i
k o s h i p i r i n k e
n o t s i m e r i t e k i
n a s h i t a r e a k e
n o j e b a r o p e e k i
n o j e b a r o p e e k i
y a m p a s e k a t e a
p o s h e r o t e p e e
p i k e m i t y o n k i
p i n t s i m a n k a j e
k o m a r o n t s i k i
o n k e m i t y o n k e
i r i r a j a p e e k i
i r i r a j a p e e k i
i m e r e k i p e e k i
a t s i t s i r i t e k i
n o t s o m o n t e k i
i b a i c h i t e k i
i b a n k o p e e k i
o b a i c h i t e k i
a b a n k o p e e k i
i b a n k o p e e k i
y a m p i t s a t a k a
n a n t a b e e t a j i
n o y a p e s h i k i
n a m i t a k o t a k e
n a m i t a k o t a k e
n o s h i m p o k i k i
n o s h i m p o k i k i
n o y a p e s h i k i
n o p a s e k a t a j a
n o n k i c h o j a j e
n o n k i c h o j a k e
p i t s e n t e t a j i
p i y e m p i t a p e e
n o c h o p e n a p e e
a y a j e b i t e k i
n o s h e r i n e k i
n o t s i t e n i r i t e
a y a j e b i t e k i
i s a m a n i t e k i
i r o s e r o t e k i
o t a b a r i t e k i
n o b a m e n t o k i
p o s h e r o t e k i
k i t s a a r e n t s i k i
n o t s i m a n k a j i
a m a n i t i t e k i
n a n t a b e e t a k e
a s a m a n i t e k i
p i y e m p i t a k i
o b a n e k i t e k i
p i y e m p i t a k i
n a m p i t s a t a j a
i p a s e k a t a k a
n o p e m p e t e k i
p o p e m p e t e k i
n o p e m p e t e k i
p o p e m p e t e k i
k o n a t s i p e e k i
p a n t a b e e t a j i
n o b e a n e p e e k i
p a s h i t a r e a k e
t s i m e n k i t o k i
n o b e a n e p e e k i
k o n a t s i p e e k i
p i n t s e n t e t a j e
p i b o m p o r i t e
n o b i t i r o t e k i
i j a n a n e k i t e
p i t i r o p e e k i
n o k e m i t y o n k i
p i t i r o p e e k i
n o k e m i t y o n k i
s a b i r i p e e k i
e t i n i t e p e e k i
i s a b i r i t e k i
p i t s o m o n t e k i
n o n t s a r o t a k e
n o t s o m o n t e k i
p i n t s i p a t a j e a
p i n t s i p a t a k e a
o p e m p e p e e k i
a t o n k i p e e k i
o t o n k i p e e k i
a t o n k i p e e k i
n o k i c h o j a k e
a n t a b e e t a k e
n o k i c h o j a j i
n a s h i t a r e a k e
a s a n k a n e n t s i p e e
s h i m o r e n t s i p e e
p a i c h i p e e k i
a t o n k a m e n t o
n a m p i t s a t a k a
o s h e r o t e p e e
n o s h e m i t o t e
k o t s i r o p e e k i
a n t s i m a n k a k e
p a i c h i p e e k i
t a b a r i p e e k i
p i m p o t e t a k e
n a m p a s e k a t e a
i t s o m o n t e p e e
p i t s o b i p e e k i
t s i m e r i p e e k i
a c h e r a p e e k i
s h a n k o r o k i
s h a n k o r o k i
n o n t s i p a t a k e a
n o s h i m o r e k i
n o n t s i n a k a k e
n o b a i c h i t e k i
a n t a b e e t a j e
n o b e a r e p e e k i
s a m a n i p e e k i
a n t a b e e t a j i
a n t a b e e t a j i
i r o b a m e n t o k i
k o b i t i p e e k i
n o j i b a t a k e a
n i r a j a p e e k i
i s h i m p o k i k i
o s h i m p o k i k i
i n t s e n t e t a j e
n o c h e r a p e e k i
o n t s i p a t a j e a
n o c h e r a p e e k i
o n t s i p a t a k e a
p i y o n a p e e k i
o b a n k o p e e k i
a m i i s h i t e k i
o b e a r e p e e k i
a p a s e k a t a j a
n i r a j a p e e k i
n o y o n a p e e k i
n a s a n k a n e k i
a s h e r i n e p e e
p a s a n k a n e k i
n o y e m p i t a k i
o s h e r i n e p e e
n o m a s h i p e e k i
j e b a r o n t s i p e e k i
o c h o p e n a k i
o b a m e n t o k i
n o y o m a r o k i
a m i t a k o t a j i
c h o p e n a n t s i
a m i t a k o t a k e
p e a r e n t s i k i
p e a r e n t s i k i
n o y o b i t e p e e
o b a m e n t o t s i
i s h e r i n e p e e
a s h i m p o k i k i
n o m i s h i t a j e
i m i i s h i t e k i
m i i s h i p e e k i
a b a r i t s a p e e
p i s o t a p e e k i
p a n k o t s i p e e
n o b a n k o p e e k i
p o s e r o t e p e e
n o c h o p e n a k i
n o y o b i t e k i
n o y o b i t e k i
a s a n k a n e k i
a s a n k a n e k i
p i m e r e k i k i
p i m e r e k i k i
i r o b a m e n t o k i
i s h i m o r e k i
i y o r i o t e k i
i s h i m o r e k i
i s h i m o r e k i
a t s i m a n k a j i
o p e m p e t e k i
i s a m e n t o t e
o s h e r o t e k i
n e t i n i t e p e e
a s a n k a n e n t s i
p o b a n e k i t e
o s h a n k o r o t e
n o y e m p i t a k i
n o y e m p i t a k i
n o s e r o t e k i
i t s o m o n t e k i
o s a b i r i t e k i
a t s o m o n t e k i
y a s a a n k a j i
a s a b i r i t e k i
a k i c h o j a j i
k a t i t o r i k i
n o m e r e k i k i
a m p i t s a t a k a
y a m p i t s a t e a
n e t i n i t e k i
n o m e s h i n a k i
a n t a b e e t a j e
m a s h i t s i p e e
n o m e s h i n a k i
p i b a i c h i t e
n a s a a n k a k e
a m p o t e t a j e
i y e m p i t a p e e
k o r i o p e e k i
i y a p e s h i k i
o t s o b i p e e k i
o y e m p i t a p e e
i j i b a t a k e a
p a s a a n k a k e
a i s h i p e e k i
a m a s h i p e e k i
o y o n a p e e k i
o y o n a p e e k i
n o m a n i t i t e
i r a j a p e e k i
n o b i t o p e e k i
p a m p i t s a t e a
n o b i t o p e e k i
o n t s a r o t a j e
n o m a t a p e e k i
n o b i t i r o t e
a y a p e s h i k i
a y a p e s h i k i
n o n t s i m a n k e
i r a j a n t s i k i
i r a j a p e e k i
y a s h i t a r e i
o y a p e s h i k i
i b i t o p e e k i
n o t s i n a k a k e
a s a n k a n e k i
p i j e b a r e p e e
y a s h i t a r e e
n o t s o m o n t e
o s e r o t e p e e
i t s a r o t a k e
n o m a t i k a k e
a n t s a r o t a k e
i n t s i n a k a j e
i r i r a j a k i
a j e b a r o k i
a y o m a r o k i
a y o m a r o k i
i y o m a r o k i
n o j i b a t a j e a
o b o m p o r i t e
i y a j e n e k i
n a m a j a t a j i
p a m a j a t a j i
n a m a j a t a k e
n a s a a n k a j i
o t s i p a t a j a
a s o t a p e e k i
o s o t a p e e k i
p a m p i i t a j e
n o n i n a t a j i
p i j i b a t a j a
p i b a m e t a j i
p i b a m e t a j e
i r i r a j a k i
a j e b a r o k i
i j e b a r o k i
p i b a n k o k i
i j e b a r e k i
n o n e p e e k i
o y a j e n e k i
s h e m i t o k i
a n i n a t a k e
p i b e a n e k i
n a m i t a k o t e
i s a b i r i t e
o t s i p a t a k a
i t s i p a t a k a
e t i n i t e k i
e t i n i t e k i
a s a a n k a k e
n o p a s e k a t a
o m i s h i t a j e
e t i n i t e p e e
n o j e b a r e k i
o m e s h i n a k i
n o b e a r e p e e
i m a t i k a k e
m a k o b a b a k i
a y e m p i t a k i
a p a s e k a t a
o b a n e k i t e
n o b i t i r o t e
p i t o n k i k i
s h i r a m p a r i
i b a m e t a j i
t s i m e r i p e e
n o j e b a r e k i
n o j e b a r e k i
o n i n a t a k e
a s a a n k a k e
i m a t i k a j e
a s a a n k a j i
p a p i i t a j i
a s a a n k a j e
a b i t i r o t e
k i s h i t s i p e e
p a s h i t a r e e
c h e r a t s i k i
a y o n a p e e k i
a y o n a p e e k i
i r e t i n i t e p e e
a t s e n t e t i
n o m a t i k a k e
a b a r i t s a k i
p i t i r o p e e
n a p i i t a j i
n o j e b a r o k i
n o m i s h i t a j i
k e m p i t i k i
k e m p i t i k i
n o b a n k o k i
o j e b a r o k i
y a p i i t a k e
j e b a r o n t s i
n o m a t i k a j e
t a b a r i p e e
n o t s a r o t i
n i n a t a a n t s
n o s h e r o t e
n o s o t a p e e
n o y o n a p e e
n a n t a b e e t i
o s h e r o k i
o s h e r o k i
n o s h i m o r e
a b a i c h i t e
p a n t a b e e t i
n o s h e r i n e
o p e m p e k i
p i b a r i t s a
m a t a t s i k i
i m a s h i p e e
n o j i b a t e a
k o n a t s i k i
p a b i s a k e
y a b i s a j i
i n k i c h o j e
p i m p i t s i t a j e a
o b a m e t a k e
n o b a m e t a j e
a b a n k o k i
i b e a r e k i
i b a n k o k i
a b e a n e k i
a m a a t a k e
i b e a n e k i
i b e a n e k i
i t s e n t e t i
p i m i s h i t e
p i r a j a p e e
o s h e r o t e
n a m a a t a j e
o b a m e t a k e
n o m i s h i t e
n o m a t s o n t s o r i t e p e e k i
o t s i t s i m e n k i t e p e e k i
o t s i t s i m e n k i t e p e e k i
a p a s e k a t a
n o m i s h i t i
n a m e t a j e a
n o m a t s o n t s o r i t e p e e
n o n e p e e k i
p i r a j a k i
n o n e p e e k i
p i y o n a p e e
n o s o t a k i
n o s o t a k i
a n t s i p a t a j e a
a n t s i p a t a k e a
o c h e r a k i
n o m a t i k a k e
i m a s h i k i
s a m a n i k i
a m a a t a k e
o n t s i p a t e a
p i m a t s o n t s o r i t e k i
n o y o m a r o
n o m a s h i k i
p a m e t a k a
o t a b a r i t e
n o y o t s i r o t e p e e k i
n o y o t s i r o t e p e e k i
o m a s h i p e e
n o m p i t s i t e a
n a s a n k a n e
a t s i t s i r i t e p e e k i
s o t a t s i p e e
p i y a t s i i r e p e e k i
n o y a t s i i r e p e e k i
n o y a t s i i r e p e e k i
n o y a t s i i r e p e e k i
n o y a t s i i r e p e e k i
i r a k o s a n o r i k i
i c h o p e n a
k a j e b i k i
a c h e r a k i
i m p o s a j e
o c h e r a k i
a m a a t a k e
a m a a t a j e
p i p o s a k e
n o b a n k o k i
k a t i t o r i
n o b a n k o k i
a s h i t a r e i
p i c h o p e n a
n o y o t s i r o t e k i
o m a t a p e e
p i p o t e t i
n o n i n a t e
p i y a t s i i r e p e e
n a s a a n k i
n o y a t s i i r e p e e
n a s a a n k i
p i s h i a k a
k o b i t i k i
k o b i t i k i
n o y a j e n e
o p e m p e t e k i
o p e m p e t e k i
n o b e a r e k i
p i y a t s i i r e k i
a m a t i k a j e
o b a m e n t o
o s e r o k i
o b a m e n t o
o t s i t s i r i t e k i
n o m i i s h i t e p e e k i
m a s h i t s i
n a m a j a t e
a m e t a k e a
a j i b a t e a
n o m a t i k e
n a m a j a t e
a b i s a k e
p a s a a n k i
o t o n k i k i
o t o n k i k i
p i s h i a j a
o m a t i k a j e
a s h i a j e
p i n e k i
n o n e k i
n o n e k i
p o s e r o t e
i r a j a p e e
n a m a j a t i
o t s o b i k i
o t s o b i k i
a t s i p a t a
a b i t o p e e
a i s h i p e e
i r i r a j a
i b i t o p e e
n o p i t s i t a j a
a b e a n e p e e
n o p i t s i t a j a
o m a t s o n t s o r i t e p e e k i
a m a t s o n t s o r i t e p e e k i
n a m p i i t e
p a n k o t s i
a s o t a k i
o y a j e n e
e t i n i k i
n o y o b i t e
i p o s a k e
a s h i a k a
p i b a n k o
i y o m a r o
i r a a b i n t a r o p e e k i
i r a a b i n t a r o p e e k i
i m a t s o n t s o r i t e k i
o b a n e k i
a y o n a p e e
k o r i o k i
i m a t s o n t s o r i t e k i
a n i n a t e
o y o t s i r o t e p e e k i
n o i t s a a r e p e e k i
o m p i t s i t e a
t s i t s i b a r o p e e k i
t s i t s i b a r o p e e k i
a y a t s i i r e p e e k i
o s o t a k i
i t s o b i k i
a m i i s h i t e p e e k i
o k a t s i i n k a t a j i
a k a t s i i n k a t a k e
o m e s h i n a
i y a t s i i r e p e e k i
p a k o s a n o r i p e e
o b i t o p e e
s a m e n t o
n o b a n k o
n a k o s a n o r i k i
n o j e b a r e
n o j e b a r e
n a k o s a n o r i k i
p a k o s a n o r i k i
i y a j e n e
o m a t a k i
k a s a n t o
o b i t o k i
t s o b i t s i
a y o t s i r o t e k i
p o m p o r i
i y o t s i r o t e k i
t s i t s i b a r o k i
y a m a a t e
o y a t s i i r e k i
i y a t s i i r e k i
i m a t a k i
p i i t s a a r e k i
a y a t s i i r e k i
o m i i s h i t e k i
p i b e a r e
y a m a k e
i n e k i
i n e k i
o n e k i
p a m a k e
a m i s h i t i
p e a k i
m a t a t s i
y a m e t a
o p i t s i t a j a
p i p o s h i
o n i n a t i
i p i t s i t a j a
i y a j e b i t e
a y o t s i r o t e
k a p e s h i p e e
a n e k i
i y o t s i r o t e
o b a n k o
t s i m e r i
i t o n k i
p i t s o b i
o m p e s a k e
o m i i s h i t e
a j e b a r e
i p o s h i
p i r a j a
a m e t e a
a m a j i
n o s o t a
p a i c h i
a m a a t e
a i t s a a r e k i
o i t s a a r e k i
o i t s a a r e k i
n a a b i n t a k e
n o y o n a
n e t s i p e e k i
p a a b i n t a r o
n a a b i n t a j i
a k o s a n o r i
p a a b i n t a j i
a m a k e
k o t s i r o p e e
p i i s h i p e e
t s i t s i r i
o m p e s h e
n a m e t a
a m a s h i
n a m a j e
y a a b i n t e
i t s o b i
o y o n a
i s o t a
a s o t a
k o b i t i
a i s h i
k a j e
i n e p e e
o n e p e e
k a t s i i r e n t s i p e e k i
a a b i n t a r o n t s i p e e k i
a a b i n t a r o n t s i p e e k i
i y o s h i p i r i n k e t e p e e k i
o y o s h i p i r i n k e t e p e e k i
a a b i n t a r o n t s i k i
o s e r o
a a b i n t a r o n t s i p e e
o y a s a n t o t e p e e k i
a y a s a n t o t e p e e k i
a k o s a n o r i p e e k i
a k o s a n o r i p e e k i
k a t s i i r e n t s i p e e
o y a s a n t o t e k i
o i t s a a r e p e e k i
p e a
i i t s a a r e p e e k i
i r o p e m p e t e
a k o s a n o r i p e e
a a b i n t a r o k i
n a a b i n t a r o k i
n a a b i n t a r o k i
p a a b i n t a r o k i
p a a b i n t a r o k i
n a a b i n t a r o k i
n a a b i n t a r o k i
a k o s a n o r i k i
n o i s h i p e e k i
p i i s h i p e e k i
a m e
a y a s a n t o t e
i i s h i p e e k i
a a b i n t a k e
a s h i a j a
i r a k o s a n o r i k i
o i s h i k i
a m i
i i s h i p e e
p i i t s a a r e p e e k i
a a b i n t i
