જ શ ે
આ વ ુ ં
જ ઉ ં
આ વ ો
આ વ ો
એ ર ે
આ વ ી એ
ઓ ર ડ ા
વ ા મ ો
આ પ ી
ન   જ મ !
મ ર ે
ન દ ી
મ ર ો
મ ર ો
ઓ ર ડ ા એ
ન   જ ણ !
વ ા ં ચ ે
ર મ ી એ
ન   અ ટ ક ો !
ન શ ે
ન શ ે
ન શ ો
ડ ર ે
મ ર ે
ધ ડ ા
ક ર ી
જ ઈ શ
વ ધ ી
ત ર ે
ર ડ ે
બ ન ત
ખ ે ડ ી એ
ત ર વ ા ન ુ ં
ગ મ વ ા ન ુ ં
ધ ડ ે
ન ા ક ુ ં
આ થ મ ી એ
ઓ ર ડ ા ઓ
આ પ ત
આ ટ ે
ન હ ી ં   ત ર ે
હ ા ર ી
ડ ર શ ો
પ ડ ત ુ ં   હ ો ત
ન   સ ડ ો
મ ો ં ઘ વ ા ર ી
ધ ડ ે
ર ડ ી એ !
ઘ ો ડ ી ઓ એ
મ ો ં ઘ વ ા ર ી ઓ
ફ ૂ દ ા ં ઓ
ડ ર ી એ
ક ો ળ ા ં ઓ
મ ર શ ો
ન હ ી ં   વ ા મ ે
ત ર !
શ ક જ ો
મ ો ં ઘ વ ા ર ી ઓ એ
ર મ ે
ન   ઉ થ લ ા વ !
ત ર ે
ગ મ ુ ં
પ ડ ો
ગ મ ો
ત ર ત ુ ં   હ ો ત
ન હ ી ં   ક ર ે
ન ૈ ય ા ં ઓ
ન ૈ ય ા ં
ન   જ મ ે
ન   બ ન ે
ન હ ી ં   ન ા ખ ો
વ ધ ા ઈ એ
લ ા વ ે
સ ડ શ ો
હ ા ર ો
લ ા વ ે
ક ી ડ ા
ર મ શ ો
આ વ ત ુ ં   હ ો ત
ન ડ ે
ન ા હ ા
ડ ર ા ય
ન ડ ા ય
હ ગ !
ધ ડ ે
જ ણ ે
હ ૈ ય ે
ર મ ે
વ ધ !
ર ડ !
ન ા ખ ે
ન ા ખ ે
ત ર ો
સ ડ !
ઘ ો ડ ી
ર મ ો
ક ર શ ો
ન ડ ો
વ ા વ ે
ન   જ ઉ ં
હ ા ર ે
જ ણ ો
ન   ર મ ો
ત ર શ ો
ક ી ડ ો
ન હ ી ં   હ ં ક ા ર ે
ન હ ી ં   વ ા ં ચ ો
ન હ ી ં   હ ક ા લ ો
ન   ત ર ે
ન હ ી ં   ક ો ત ર ે
વ ખ ા ણ ે
વ ખ ા ણ ો
ચ ે લ ી
ક ી ડ ે
ન હ ી ં   ન િ ખ ા ર ો
જ ણ ી શ
બ ન જ ો
વ ા મ ી
ત ર ે
ચ ે લ ે
ઝ ઘ ડ ી
ર ડ ુ ં
અ ટ ક ે
દ ો ર ે
ન   હ ગ ો
વ ધ ી શ
સ ળ ગ ત
જ ણ ે
ન   આ પ ુ ં
મ ર શ ે
ન   આ મ ળ ો
અ ટ ક ો
પ ૂ છ ો
પ ૂ છ !
ક ર ો !
પ ગ ર ખ ે
બ ં બ ે
ડ ર ુ ં
આ ટ ા ઓ
ડ ો ક ે
મ ર ુ ં
ચ ે લ ી
વ ધ વ ા ન ુ ં
જ મ ી ન ે
હ ક ા લ ા ય
ફ ૂ લ ે
સ ળ ગ ો
આ વ ડ ો
દ ો ડ ી
ર ં દ ે
ચ મ ચ ે
ચ મ ચ ે
આ મ ળ ે
ન   ત ર ો
ન હ ા ય
ડ ૂ બ ી
આ મ ળ ે
ન ડ જ ે
ન ા ખ ો
બ ો લ ો
દ ો ર ો
ન   શ ક ો
ડ ૂ બ ો
સ મ જ ે
સ મ જ ે
મ ી ઠ ા ં ઓ
હ ગ ો !
ન   સ મ જ ો
ત પ ા સ ે
વ ખ ા ણ ે
ન   સ મ જ ે
ન   સ મ જ ે
શ ક ી ન ે
એ ર ા ં
ન   ન ડ ો
ફ ૂ લ ે
ર મ જ ે
ન   હ ા ર ુ ં
વ ખ ા ણ ત
બ ો લ ે
આ પ શ ે
બ ન ી ન ે
આ મ ળ ે
ત ર ી ન ે
દ ો ડ ત
પ ી છ ે
ન   વ ધ ે
જ ન ્ મ ે
જ ન ્ મ ે
ભ ા ળ ે
આ મ ળ ો
ન   આ વ ડ ે
ન ા ચ ો
મ ર ી એ
થ ા પ ા ઓ
ન   બ ો લ ી એ
દ ો ર !
જ ડ બ ે
ડ ા ઘ ા
ન   બ ગ ડ !
ન   દ ો ડ ો
ર મ ક ડ ુ ં
છ ૂ ં દ ે
ન ા ચ !
ગ ા ં જ ો
પ ડ ઘ ા
ન ો ર ત ા
દ ો ડ ા ય
ડ ૂ બ ત
ક ા ં ઠ ે
ન   ડ ૂ બ ે
ન   પ ડ ો !
ર ૂ પ ા ં એ
પ ી ં છ ે
વ ર ્ ત ત
ન ા ચ શ ો
ત પ ા સ ુ ં
થ ૂ ં ક ો
અ ટ ક શ ો
ન ા ચ ે
ન ા ક ે
ગ ો ળ ે
હ ગ શ ે
ન ા ખ ે
વ ી મ ે
ર મ ુ ં
ગ વ ૈ ય ો
આ થ મ !
આ વ ડ ે
ન   જ મ ો !
ધ ા ર ે
છ ા ર ે
સ મ જ ા વ ી એ
ચ ૂ ન ે
ન ક ા ર ે
ફ ે ફ સ ા
ખ ે ડ ો
પ ડ ઘ ા ઓ
છ ા ર ુ ં
સ ડ ી ન ે
આ થ મ શ ો
ઝ ઘ ડ ે
થ ા ળ ી ઓ
વ ા વ ે
મ ો જ ા
ક ો ળ ા
બ પ ૈ ય ો
સ ળ ગ જ ે
ચ ર ખ ો
