ભ ા વ વ ધ ા ર ા
વ ા ં ચ ી શ ુ ં
ઉ પ ા ડ ે   છ ે
અ થ ા ણ ા ં ઓ
અ થ ા ણ ા ં
ન હ ી ં   આ પ ી એ
સ ળ ગ ત ુ ં   હ ો ત
વ ા વ ુ ં   છ ુ ં
ક ૂ ત ર ા એ
અ ફ ી ણ િ ય ા ઓ
ન હ ી ં   મ ર ી એ
અ પ ા ડ ે   છ ે
વ િ ચ ા ર ી શ
ન ા ખ ુ ં   છ ુ ં
ર ડ ્ ય ુ ં
ન હ ી ં   ઝ ઘ ડ ો
આ પ ્ ય ુ ં
ન   વ ા ં ચ ી એ
વ ખ ા ણ ્ ય ુ ં
ક ો ગ ળ િ ય ે
જ ત ુ ં   હ ો વ ુ ં
ન   શ ણ ગ ા ર ો !
ક ો ગ ળ િ ય ે
જ ી વ ડ ા ં ઓ
સ ૂ ં ઘ ો   છ ો
એ ર ં ડ િ ય ા
ગ મ ્ ય ુ ં
ન ા ખ ી   શ ક વ ુ ં
સ ળ ગ ી શ ુ ં
ક ો ત ર ુ ં
બ ો લ ી   શ ક વ ુ ં
ક ર વ ૈ ય ા ઓ
ક ર વ ૈ ય ા
અ ટ ક વ ા ન ુ ં
હ ી ં ચ ક ા ઓ
ન હ ી ં   આ વ ડ ો
ન ડ ત ુ ં   હ ત ુ ં
પ પ ૈ ય ા ં ઓ
આ મ ળ ી શ ુ ં
ન   સ ્ વ ી ક ા ર !
છ ે ક ણ ી એ
અ ફ ી ણ િ ય ે
ન હ ી ં   ક ર ી એ
જ ન ્ મ ી એ !
એ ર ં ડ િ ય ે
દ ા ં ત િ ય ે
ક ે દ ખ ા ન ે
ન ા હ ા
વ ખ ણ ા ય
શ ે લ ડ ી ઓ એ
ર ં ગ ર ખ ુ ં
ન હ ી ં   હ ગ ી એ
મ ા ં ડ વ ે
પ ્ ય ા લ ા એ
હ ગ ી શ ુ ં
ન િ ખ ા ર જ ો
ન થ ી   જ ત ુ ં
ન   હ ં ક ા ર ો !
વ ર ્ ત ે   છ ે
ન િ ખ ા ર ુ ં
પ ે ચ િ ય ા ં એ
ઘ સ િ ય ા
ન   ઉ થ લ ા વ ે
અ પ ા ડ જ ો
બ ો લ વ ા ન ુ ં
હ ં ક ા ર ુ ં
હ ગ ુ ં   છ ુ ં
ઉ થ લ ા વ ો !
ડ ૂ બ ી શ ુ ં
ચ ુ ક ા દ ા એ
જ ન ્ મ ે   છ ે
જ ન ્ મ ે   છ ે
પ ડ છ ા ય ા
ખ ટ ા ર ા એ
પ ૈ ડ ા ં
ત બ ક ્ ક ે
ક ા ં સ ક ા
ચ ુ ક ા દ ો
ન ો ર ત ા ં ઓ
શ ણ ગ ા ર જ ે
વ િ ચ ા ર ા ય
ન   શ ણ ગ ા ર ે
ર ૂ પ ા ં
ક ા ં સ ક ો
શ ણ ગ ા ર ુ ં
ચ ા ડ િ ય ા
સ ૂ ં ઘ શ ે
શ ણ ગ ા ર ી એ
પ ડ છ ા ય ે
ન ા ખ વ ા ન ુ ં
શ ણ ગ ા ર ો !
અ પ ા ડ ી ન ે
અ પ ા ડ શ ે
વ ં શ ા વ ળ ી
ચ િ ચ ો ડ ા એ
ન થ ી   વ ધ ત ુ ં
ઝ ઘ ડ ે   છ ે
વ ી જ આ ં ચ ક ે
ન   અ પ ા ડ ો !
ક ં સ ા ર ા ઓ
આ ં ચ ક ા
વ ા પ ર ુ ં
સ મ જ ા વ શ ે
ઉ થ લ ા વ ુ ં
ન ચ વ ૈ ય ે
ન ક ા ર વ ા ન ુ ં
બ ો લ ે   છ ે
આ વ ડ ુ ં
ખ ે ડ ે   છ ે
બ ગ ડ ે   છ ે
ન હ ી ં   ત ર ી એ
ન   ડ ૂ બ ી એ !
વ ા પ ર શ ે
ન હ ા ય ુ ં
વ ધ ુ ં   છ ુ ં
ન હ ી ં   ર ડ ી એ
ક ો ત ર શ ે
ઘ ર વ ે ર ા એ
ઉ થ લ ા વ શ ો
હ ા ડ ક ુ ં
જ ઈ   શ ક વ ુ ં
શ ક ુ ં   છ ુ ં
ન   ન ા ખ ી એ !
ભ ા ળ ી એ !
ડ ા ળ ી એ
પ ગ દ ડ ા
ઢ ો ક ળ ા ં એ
ત પ ા સ ો   છ ો
થ ૂ ં ક ે   છ ે
ન   ન ડ ી એ
ઉ પ ા ડ ી શ
સ મ જ ા વ ુ ં
ક ઠ િ ય ા ર ે
ન હ ી ં   ડ ર ે
ખ ે ડ ો !
વ િ ચ ા ર ો !
વ ી જ બ ત ્ ત ી
ગ ા ં જ ા
ગ ા ં જ ા ઓ
વ ા ં ચ ે   છ ે
ન   લ ા વ ી એ !
ન   સ મ જ ુ ં
વ ી જ આ ં ચ ક ે
ન હ ી ં   મ ર ો
જ ડ બ ા ં એ
ક ા ં સ ક ે
પ ે ચ િ ય ે
ન િ ભ ા ડ ો
ન ચ વ ૈ ય ે
ન હ ી ં   આ પ ે
ર સ ી ઓ એ
ઝ ઘ ડ ો   છ ો
ન   આ વ ી એ !
બ ા જ ર ા
ન ા ચ ે   છ ે
ક ં સ ા ર ે
વ ા મ ે   છ ે
અ થ ા ણ ા ં ઓ
દ ો ર ો   છ ો
ચ ે વ ડ ા ઓ
ઝ ઘ ડ ી એ !
બ ા ં ક ડ ે
ન ા ચ ે   છ ે
વ ા મ ે   છ ે
ચ િ ચ ો ડ ા
અ ં ગ ૂ ઠ ો
ન ા ચ ુ ં
ન િ ભ ા ડ ે
ઈ ં ટ વ ા ડ ા
સ ં ભ ા ર ણ ે
હ ં ક ા ર શ ો
સ ં ભ ા ર ણ ે
બ ો લ ો   છ ો
ન   ઉ પ ા ડ ે
મ ો ર િ ય ે
ન   વ િ ચ ા ર ે
ફ ે ર િ ય ે
ઉ પ ા ડ ો !
સ મ જ શ ે
ન   વ ા ં ચ ુ ં
હ ક ા લ શ ે
વ ર ્ ત શ ે
શ ક ી શ ુ ં
ન સ ક ો ર ા
શ ણ ગ ા ર શ ે
ન   વ િ ચ ા ર !
સ ૂ ં ઘ શ ે
વ ા ં ચ જ ો
ન હ ા ય   છ ે
ચ ૂ ન ા ઓ
ચ િ ત ્ ત ા એ
આ પ ી એ !
ભ ા ળ શ ે
પ ૂ છ ો   છ ો
ક ી ડ ા
છ ો ક ર ા ઓ
બ ા જ ર ા એ
પ ી છ ા ં ઓ
ત પ ા સ જ ો
ઈ ં ટ વ ા ડ ે
હ ં ક ા ર શ ે
વ ા વ ો   છ ો
ન   ત પ ા સ ી એ
ત ક િ ય ા ઓ
થ ૂ ં ક ી ન ે
ફ ુ વ ા ર ે
સ ્ વ વ ી મ ે
ન   બ ગ ડ ુ ં
પ ે ચ િ ય ા
ક ચ ક ડ ા ં એ
ટ ો ક ળ ા ઓ
ન   ન ડ ી એ !
ન હ ી ં   જ મ ે
પ ગ ર ખ ા ં એ
ન ા ખ જ ો
હ ક ા લ ી એ !
ન   આ થ મ ો !
દ ે ડ ક ા ઓ
ફ ુ વ ા ર ા એ
જ ન ્ મ ો !
ફ ે ર િ ય ા
ફ ૂ લ ા ં ઓ
ન િ ભ ા ડ ે
જ ન ્ મ ી એ
ન   સ ળ ગ ો !
ન હ ી ં   ર ડ ે
અ પ ા ડ જ ે
ન હ ી ં   ર ડ ે
ઊ ં બ ર ો ે
દ ો ર ત ુ ં   હ ો ત
ન હ ી ં   હ ગ ે
ત પ ા સ ો !
ઝ ઘ ડ ી શ
હ ં ક ા ર ો
જ ન ્ મ ી શ
ફ ે ફ સ ા ં ઓ
ચ ં પ ા ઓ
ન   ત ર ો !
બ ા ં ક ડ ા
ન   હ ક ા લ ી એ
હ ા ડ ક ા ં ઓ
ન   લ ા વ ો !
પ ર મ િ ય ે
જ ી વ ન   વ ી મ ે
બ ગ ડ શ ે
ઢ ો ક ળ ુ ં
ગ ા ં જ ા એ
પ ી છ ુ ં
ન   ન િ ખ ા ર ે
પ ી ણ ુ ં
ન સ ક ો ર ે
ક ો ત ર ી શ
ટ ા મ ે ટ ે
આ થ મ ત ુ ં   હ ો ત
પ ર ો ણ ા એ
ઝ ઘ ડ ુ ં
સ ં ઘ ા ડ ો
ન   અ પ ા ડ ે
ફ ે ર િ ય ા ઓ
ન સ ક ો ર ે
ન   વ ા પ ર ે
હ ા ર ુ ં
ખ ે ડ ુ ં
ન   વ ા પ ર !
છ ો ક ર ુ ં
ન   ન ા ચ ે
બ ો લ ી શ
હ ગ ે   છ ે
ક ર ી એ
ન   અ પ ા ડ ુ ં
સ ળ ગ ી ન ે
જ ી વ ન   વ ી મ ા એ
ડ ો ક ા ં ઓ
ઉ પ ા ડ ી એ
હ ુ ં પ ણ ા ં એ
જ ઈ એ   છ ી એ
જ મ ી શ ુ ં
લ ા વ શ ે
લ ા વ ી શ
પ ૂ છ ત ુ ં   હ ો ત
ધ ા ર ા ઓ
થ ૂ ં ક ુ ં
ન   ન ા ચ !
હ ા ડ ક ા ં એ
ન   પ ૂ છ ી એ
ચ ે વ ડ ા
અ ટ ક શ ે
અ ટ ક ી શ
ન હ ી ં   આ વ ે
ન િ ખ ા ર શ ે
દ ે ડ ક ા ં ઓ
શ ણ ગ ા ર ો
બ ગ ડ ી એ
ઘ ર વ ે ર ા
ફ ુ ગ ા વ ે
ક ો શ ે ટ ા ઓ
વ ખ ા ણ ી શ
ન   અ ટ ક ી એ
છ ત પ ં ખ ે
છ ો ક ર ા
પ ડ છ ા ય ે
ક ં સ ા ર ે
દ ા ય ક ા ઓ
શ ણ ગ ા ર ે
પ ડ છ ા ય ે
આ વ ડ ી એ
ન   વ ા વ ો
ન   ન હ ા ય
લ ા વ ે   છ ે
ખ ે ડ શ ે
ડ ૂ બ ુ ં
હ ા ર ે   છ ે
ખ ે વ ૈ ય ો
ન   ન ા ખ !
ઊ ં ટ ડ ા ઓ
વ િ ચ ા ર ો
ન   હ ક ા લ ે
ન   ખ ે ડ ો !
સ ં ઘ ા ડ ે
અ ર ી સ ા ઓ
ન   દ ો ર ો !
વ ચ ગ ા ળ ે
ન હ ી ં   બ ન ે
દ ો ર ુ ં
ન   હ ક ા લ !
સ ળ ગ શ ે
ન ક ા ર ી ન ે
ન હ ી ં   વ ધ ો
ન હ ી ં   વ ધ ે
ન   ન ા ચ ો
ટ ો ક ળ ે
સ ં ઘ ા ડ ે
દ ો ડ જ ો
સ ડ ે   છ ે
વ િ ચ ા ર ુ ં
ક ચ ક ડ ે
જ ણ ્ ય ુ ં
ન   ન ા ખ ો
ક ર વ ૈ ય ે
હ ગ ો   છ ો
ક ૂ ત ર ા
ઢ ો ક ળ ે
ન   થ ૂ ં ક !
ઢ ો ક ળ ે
ફ ગ િ ય ો
જ ણ ો !
ન   ક ો ત ર ો
પ ડ વ ા ન ુ ં
ત પ ા સ શ ો
થ ૂ ં ક ી એ
ત ક િ ય ે
ન   સ ળ ગ ી એ
હ ક ા લ શ ો
ન ક ા ર ી એ
અ પ ા ડ ો
ર ડ ો   છ ો
સ ૂ ં ઘ ે
વ ા વ વ ા ન ુ ં
વ ા પ ર ે
ર ં દ ા ઓ
બ ગ ડ વ ા ન ુ ં
સ લ ા ડ ે
વ ા પ ર ે
આ પ ી શ ુ ં
ર ં ગ ર ખ ે
ઉ પ ા ડ ે
ખ ે ડ ત ુ ં   હ ો ત
ભ ા ળ જ ો
અ પ ા ડ ે
લ ા વ જ ો
ચ હ ે ર ે
હ ક ા લ ે
પ ા ક વ ી મ ે
હ ી ં ચ ક ા ઓ
ઉ પ ા ડ ે
ક ો ત ર ે
પ ર ો ણ ે
પ ર ો ણ ે
ફ ુ વ ા ર ો
ત ર ે   છ ે
ર મ ક ડ ે
ગ મ ે   છ ે
આ મ ળ જ ો
વ ર ્ ત ી શ
બ ો લ ત ુ ં   હ ો ત
દ ે ડ ક ે
ન   સ ડ ી એ
ન ૈ ય ુ ં
બ ા જ ર ો
ન   વ ા ં ચ ો
ન   ડ ર ી એ !
જ મ ી એ
આ મ ળ ો !
ફ ગ િ ય ા
ભ ા ળ વ ા ન ુ ં
ચ હ ે ર ો
હ ક ા લ ત
દ ા ય ક ા
સ ળ ગ ો !
ઝ ા ં પ ા
ક ો ત ર ો
ર સ ી ઓ
ક ા ં ઠ ા એ
ઉ પ ા ડ ત
છ ત પ ં ખ ા
ન   જ મ ી એ !
સ મ જ ો !
બ ા જ ર ા
ત ડ ક ા
પ ગ દ ડ ે
મ ો જ ે
હ ા ર ો !
સ મ જ ા વ ી શ
ન   દ ો ર ુ ં
છ ા ર ા ં ઓ
ચ ે વ ડ ો
ચ ં પ ા ઓ
સ ડ શ ે
ક ચ ક ડ ા
ફ ૂ લ ુ ં
ઝ ા ડ ા ઓ
ન   વ ા ં ચ !
ખ ે ડ ા ય
ન   પ ડ ુ ં
વ ા મ જ ો
ભ મ ર ડ ા
અ પ ૈ ય ો
ફ ે ફ સ ુ ં
ન ા ખ ી ન ે
ન ર ગ ો ટ ા
ન હ ા ઉ ં
જ ી ં જ વ ો
ક ા ં દ ા ઓ
ચ ૂ ન ા
ર ડ શ ે
જ ન ્ મ ી
બ પ ૈ ય ા એ
ત ર શ ે
ડ ા ઘ ા
દ ે ડ ક ા
આ ં ક ડ ો
બ ો લ ો !
અ પ ૈ ય ે
ખ ે ડ !
હ ગ શ ે
સ ં ત ર ે
આ મ ળ ા એ
બ ન ત ુ ં   હ ો ત
ન ો ર ત ે
ઊ ં ટ ડ ે
પ ડ ઘ ા ઓ
ફ ે ફ સ ે
શ ક ી   શ ક વ ુ ં
બ ન શ ે
વ ર ્ ત ી એ
ગ વ ૈ ય ે
જ મ ત ુ ં   હ ો ત
ન હ ા જ ો
ન ા ચ ી શ
ન   વ ા વ ુ ં
આ ં ક ડ ે
ઢ ો ક ળ ા
સ મ જ જ ો
ચ મ ચ ા
ક ર ુ ં
હ ી ં ચ ક ે
બ ો લ ી શ
ન   ન ડ ે
હ ગ ુ ં
વ ા ં ચ જ ે
દ ી પ ડ ે
પ ૈ ડ ે
ક ો ળ ે
ચ ે વ ડ ે
ખ ે ડ ી શ
છ ક ડ ે
ન   ખ ે ડ ે
છ ક ડ ે
ઘ ો ડ ે
ર મ ત ુ ં   હ ો ત
વ પ ર ા ય
વ ા મ ુ ં
વ ધ ી એ
જ ન ્ મ ો
ઝ ા ડ ા એ
પ ૂ છ શ ે
ગ ા ં જ ા
ક ચ ક ડ ે
ખ ે ડ શ ો
દ ી પ ડ ા ઓ
શ ે લ ડ ી એ
પ ી છ ા
વ ા મ શ ો
ચ ૂ ન ો
ઉ પ ા ડ ુ ં
પ ડ જ ો
દ ો ડ શ ો
ત ા ર ો
ન   શ ક ુ ં
શ ે લ ડ ી
ચ ર ખ ો
સ ળ ગ જ ે
બ પ ૈ ય ો
ક ો ળ ા
મ ો જ ા
વ ા વ ે
થ ા ળ ી ઓ
ઝ ઘ ડ ે
આ થ મ શ ો
સ ડ ી ન ે
છ ા ર ુ ં
પ ડ ઘ ા ઓ
ખ ે ડ ો
ફ ે ફ સ ા
ન ક ા ર ે
ચ ૂ ન ે
સ મ જ ા વ ી એ
છ ા ર ે
ધ ા ર ે
ન   જ મ ો !
આ વ ડ ે
આ થ મ !
ગ વ ૈ ય ો
ર મ ુ ં
વ ી મ ે
ન ા ખ ે
હ ગ શ ે
ગ ો ળ ે
ન ા ક ે
ન ા ચ ે
અ ટ ક શ ો
થ ૂ ં ક ો
ત પ ા સ ુ ં
ન ા ચ શ ો
વ ર ્ ત ત
પ ી ં છ ે
ર ૂ પ ા ં એ
ન   પ ડ ો !
ન   ડ ૂ બ ે
ક ા ં ઠ ે
ડ ૂ બ ત
દ ો ડ ા ય
ન ો ર ત ા
પ ડ ઘ ા
ગ ા ં જ ો
ન ા ચ !
છ ૂ ં દ ે
ર મ ક ડ ુ ં
ન   દ ો ડ ો
ન   બ ગ ડ !
ડ ા ઘ ા
જ ડ બ ે
દ ો ર !
ન   બ ો લ ી એ
થ ા પ ા ઓ
મ ર ી એ
ન ા ચ ો
ન   આ વ ડ ે
આ મ ળ ો
ભ ા ળ ે
જ ન ્ મ ે
જ ન ્ મ ે
ન   વ ધ ે
પ ી છ ે
દ ો ડ ત
ત ર ી ન ે
આ મ ળ ે
બ ન ી ન ે
આ પ શ ે
બ ો લ ે
વ ખ ા ણ ત
ન   હ ા ર ુ ં
ર મ જ ે
ફ ૂ લ ે
ન   ન ડ ો
એ ર ા ં
શ ક ી ન ે
ન   સ મ જ ે
ન   સ મ જ ે
વ ખ ા ણ ે
ત પ ા સ ે
ન   સ મ જ ો
હ ગ ો !
મ ી ઠ ા ં ઓ
સ મ જ ે
સ મ જ ે
ડ ૂ બ ો
ન   શ ક ો
દ ો ર ો
બ ો લ ો
ન ા ખ ો
ન ડ જ ે
આ મ ળ ે
ડ ૂ બ ી
ન હ ા ય
ન   ત ર ો
આ મ ળ ે
ચ મ ચ ે
ચ મ ચ ે
ર ં દ ે
દ ો ડ ી
આ વ ડ ો
સ ળ ગ ો
ફ ૂ લ ે
હ ક ા લ ા ય
જ મ ી ન ે
વ ધ વ ા ન ુ ં
ચ ે લ ી
મ ર ુ ં
ડ ો ક ે
આ ટ ા ઓ
ડ ર ુ ં
બ ં બ ે
પ ગ ર ખ ે
ક ર ો !
પ ૂ છ !
પ ૂ છ ો
અ ટ ક ો
ન   આ મ ળ ો
મ ર શ ે
ન   આ પ ુ ં
જ ણ ે
સ ળ ગ ત
વ ધ ી શ
ન   હ ગ ો
દ ો ર ે
અ ટ ક ે
ર ડ ુ ં
ઝ ઘ ડ ી
ચ ે લ ે
ત ર ે
વ ા મ ી
બ ન જ ો
જ ણ ી શ
ન હ ી ં   ન િ ખ ા ર ો
ક ી ડ ે
ચ ે લ ી
વ ખ ા ણ ો
વ ખ ા ણ ે
ન હ ી ં   ક ો ત ર ે
ન   ત ર ે
ન હ ી ં   હ ક ા લ ો
ન હ ી ં   વ ા ં ચ ો
ન હ ી ં   હ ં ક ા ર ે
ક ી ડ ો
ત ર શ ો
ન   ર મ ો
જ ણ ો
હ ા ર ે
ન   જ ઉ ં
વ ા વ ે
ન ડ ો
ક ર શ ો
ર મ ો
ઘ ો ડ ી
સ ડ !
ત ર ો
ન ા ખ ે
ન ા ખ ે
ર ડ !
વ ધ !
ર મ ે
હ ૈ ય ે
જ ણ ે
ધ ડ ે
હ ગ !
ન ડ ા ય
ડ ર ા ય
ન ા હ ા
ન ડ ે
આ વ ત ુ ં   હ ો ત
ર મ શ ો
ક ી ડ ા
લ ા વ ે
હ ા ર ો
સ ડ શ ો
લ ા વ ે
વ ધ ા ઈ એ
ન હ ી ં   ન ા ખ ો
ન   બ ન ે
ન   જ મ ે
ન ૈ ય ા ં
ન ૈ ય ા ં ઓ
ન હ ી ં   ક ર ે
ત ર ત ુ ં   હ ો ત
ગ મ ો
પ ડ ો
ગ મ ુ ં
ત ર ે
ન   ઉ થ લ ા વ !
ર મ ે
મ ો ં ઘ વ ા ર ી ઓ એ
શ ક જ ો
ત ર !
ન હ ી ં   વ ા મ ે
મ ર શ ો
ક ો ળ ા ં ઓ
ડ ર ી એ
ફ ૂ દ ા ં ઓ
મ ો ં ઘ વ ા ર ી ઓ
ઘ ો ડ ી ઓ એ
ર ડ ી એ !
ધ ડ ે
મ ો ં ઘ વ ા ર ી
ન   સ ડ ો
પ ડ ત ુ ં   હ ો ત
ડ ર શ ો
હ ા ર ી
ન હ ી ં   ત ર ે
આ ટ ે
આ પ ત
ઓ ર ડ ા ઓ
આ થ મ ી એ
ન ા ક ુ ં
ધ ડ ે
ગ મ વ ા ન ુ ં
ત ર વ ા ન ુ ં
ખ ે ડ ી એ
બ ન ત
ર ડ ે
ત ર ે
વ ધ ી
જ ઈ શ
ક ર ી
ધ ડ ા
મ ર ે
ડ ર ે
ન શ ો
ન શ ે
ન શ ે
ન   અ ટ ક ો !
ર મ ી એ
વ ા ં ચ ે
ન   જ ણ !
ઓ ર ડ ા એ
મ ર ો
મ ર ો
ન દ ી
મ ર ે
ન   જ મ !
આ પ ી
વ ા મ ો
ઓ ર ડ ા
આ વ ી એ
એ ર ે
આ વ ો
આ વ ો
જ ઉ ં
આ વ ુ ં
જ શ ે
