સ ા હ િ ત ્ ય ચ ો ર વ ુ ં   હ ો વ ુ ં
સ ા હ િ ત ્ ય ચ ો ર ી શ ુ ં
અ પ ા ક ર ્ ષ ત ુ ં   હ ો વ ુ ં
સ ા હ િ ત ્ ય ચ ો ર ુ ં   છ ુ ં
અ પ ા ક ર ્ ષ વ ુ ં   હ ો વ ુ ં
જ ી વ ન સ ં ધ ્ ય ા એ
ન હ ો ત ુ ં   વ િ ચ ા ર ્ ય ુ ં
સ ા હ િ ત ્ ય ચ ો ર ો   છ ો
ન હ ો ત ુ ં   જ ન ્ મ ્ ય ુ ં
જ ી વ ન સ ં ધ ્ ય ા ઓ એ
ન હ ો ત ુ ં   આ મ ળ ્ ય ુ ં
ઉ થ લ ા વ ત ુ ં   હ ો વ ુ ં
સ ં પ ૂ ર ્ ણ પ ણ ા ં
ચ ૂ ં ટ ણ ી ઢ ં ઢ ે ર ા ઓ
અ પ ા ક ર ્ ષ ી એ   છ ી એ
સ ા હ િ ત ્ ય ચ ો ર ી ન ે
છ ત ્ ર ી વ ા જ ુ ં ા ં એ
સ ૂ ં ઘ ત ુ ં   હ ો વ ુ ં
ન હ ો ત ુ ં   વ ા વ ્ ય ુ ં
અ બ ા બ ી લ   લ ટ ો ર ે
ન હ ો ત ુ ં   લ ા વ ્ ય ુ ં
ન   સ ા હ િ ત ્ ય ચ ો ર ી એ !
ન હ ો ત ુ ં   બ ો લ ્ ય ુ ં
સ ા હ િ ત ્ ય ચ ો ર ા ય
સ ા હ િ ત ્ ય ચ ો ર શ ો
ન હ ી ં   સ ્ વ ી ક ા ર ે
વ ા પ ર ત ુ ં   હ ો વ ુ ં
ન   સ ા હ િ ત ્ ય ચ ો ર ે
સ મ જ ત ુ ં   હ ો વ ુ ં
થ ૂ ં ક ત ુ ં   હ ત ુ ં
વ િ લ ા ય ત ી   મ ી ઠ ા ં ઓ
સ ા હ િ ત ્ ય ચ ો ર જ ે
વ ખ ા ણ ત ુ ં   હ ો વ ુ ં
ન ક ા ર ત ુ ં   હ ત ુ ં
વ ા મ ત ુ ં   હ ો વ ુ ં
ન હ ો ત ુ ં   આ વ ડ ્ ય ુ ં
ભ ા ળ ત ુ ં   હ ત ુ ં
ન ડ ત ુ ં   હ ો વ ુ ં
ન હ ો ત ુ ં   પ ડ ્ ય ુ ં
ઉ થ લ ા વ ત ુ ં   હ ો વ ુ ં
મ ા થ ે મ ી ં ડ ા ં ઓ
હ ક ા લ ત ુ ં   હ ત ુ ં
બ ન ત ુ ં   હ ો વ ુ ં
વ ા ં ચ ત ુ ં   હ ત ુ ં
છ ત ્ ર ી વ ા જ ુ ં ે
મ ર ત ુ ં   હ ો વ ુ ં
હ ં ક ા ર ત ુ ં   હ ો વ ુ ં
પ ુ સ ્ ત ક મ ે ળ ા ઓ
વ િ ચ ા ર ત ુ ં   હ ો વ ુ ં
અ પ ા ક ર ્ ષ ્ ય ુ ં
પ ૂ છ ત ુ ં   હ ો વ ુ ં
સ ં પ ૂ ર ્ ણ પ ણ ે
આ પ ત ુ ં   હ ો વ ુ ં
સ ં પ ૂ ર ્ ણ પ ણ ે
આ ં બ ા વ ા ડ િ ય ા
ર મ વ ુ ં   હ ો વ ુ ં
ન હ ી ં   હ ં ક ા ર ી એ
હ ૈ ય ા બ ળ ા પ ા એ
બ ો લ વ ુ ં   હ ો વ ુ ં
દ ો ડ ત ુ ં   હ ો વ ુ ં
પ ડ ત ુ ં   હ ો વ ુ ં
સ મ ુ દ ્ ર ક ા ં ઠ ે
ત ા વ ડ ી વ ા જ ા ં ઓ
ન થ ી   વ િ ચ ા ર ત ુ ં
ન હ ી ં   ઉ થ લ ા વ ુ ં
અ પ ા ક ર ્ ષ ો   છ ો
અ પ ા ક ર ્ ષ ે   છ ે
ર ા જ ી ન ા મ ા ં
સ ળ ગ ત ુ ં   હ ત ુ ં
અ ઠ વ ા ડ િ ય ા ં
અ પ ા ક ર ્ ષ ી એ !
ઉ ટ ા ં ટ િ ય ા ં એ
ગ મ વ ુ ં   હ ો વ ુ ં
વ ી જ થ ા ં ભ લ ા એ
વ ા ં ચ ત ુ ં   હ ો વ ુ ં
હ ા ર ી   શ ક વ ુ ં
ક ા ન દ ટ ્ ટ ા ઓ
ક ો ત ર ત ુ ં   હ ો વ ુ ં
વ િ લ ા ય ત ી   મ ી ઠ ે
ઉ થ લ ા વ ્ ય ુ ં
ઝ ઘ ડ ત ુ ં   હ ત ુ ં
ન િ ખ ા ર ી એ   છ ી એ
વ િ ચ ા ર ી એ   છ ી એ
ન હ ી ં   ન િ ખ ા ર ુ ં
સ ્ વ ી ક ા ર ી શ ુ ં
મ ે હ ુ લ િ ય ા
ન હ ી ં   શ ણ ગ ા ર ુ ં
દ ો ડ ્ ય ુ ં
સ ્ વ ી ક ા ર ી શ
ટ ો પ લ ી દ ડ ા એ
ર ા જ ી ન ા મ ુ ં
ક ળ ી ચ ૂ ન ા ં
વ ા વ ા ઝ ો ડ ા ં ઓ
ન હ ી ં   સ મ જ ા વ ે
વ ા પ ર ત ુ ં   હ ો ત
હ ં ક ા ર ુ ં   છ ુ ં
વ ં ટ ો ળ િ ય ા
બ ન ત ુ ં   હ ત ુ ં
અ પ ા ક ર ્ ષ જ ો
સ મ જ ા વ ુ ં   છ ુ ં
સ ા બ ુ દ ા ણ ા
ન હ ી ં   ઉ પ ા ડ ી એ
ન હ ી ં   ત પ ા સ ી એ
ન િ શ ા ળ િ ય ા
વ ર ્ ત ી   શ ક વ ુ ં
સ ્ વ ી ક ા ર શ ે
જ હ ા જ વ ા ડ ા ઓ
ચ ા દ ા ન ી ઓ એ
અ પ ા ક ર ્ ષ શ ે
સ ્ વ ી ક ા ર ી શ
અ ઠ વ ા ડ િ ય ા ં ઓ
ન   અ પ ા ક ર ્ ષ ુ ં
શ ક વ ુ ં   હ ો વ ુ ં
સ ૂ ં ઘ ્ ય ુ ં
વ ા વ ી   શ ક વ ુ ં
ન હ ી ં   અ પ ા ડ ુ ં
ન હ ી ં   ઉ થ લ ા વ ે
પ ર બ ી ડ િ ય ા ં ઓ
ન હ ી ં   હ ક ા લ ુ ં
જ ન ્ મ ી એ   છ ી એ
ઉ પ ા ડ ્ ય ુ ં
ઝ ઘ ડ ી   શ ક વ ુ ં
સ ્ વ ી ક ા ર ી એ
ન ા ખ વ ુ ં   હ ો વ ુ ં
ન િ શ ા ળ િ ય ુ ં
ન હ ી ં   અ પ ા ડ ી એ
ન હ ી ં   સ ૂ ં ઘ ે
ત ા વ ડ ી વ ા જ ે
શ ણ ગ ા ર ી શ ુ ં
ન હ ી ં   દ ો ર ી એ
ભ ા વ વ ધ ા ર ા એ
હ ક ા લ ુ ં   છ ુ ં
પ થ ્ થ ર મ ા ર ા ઓ
ન હ ી ં   પ ૂ છ ુ ં
જ હ ા જ વ ા ડ ા એ
દ ા ં ત િ ય ા
આ વ ડ ્ ય ુ ં
હ ક ા લ ી એ   છ ી એ
વ ી જ બ ત ્ ત ી ઓ
ન ક ા ર વ ુ ં   હ ો વ ુ ં
ન હ ી ં   જ ન ્ મ ો
પ થ ્ થ ર મ ા ર ા
સ ્ વ ી ક ા ર ી એ !
સ ળ ગ ી   શ ક વ ુ ં
ચ ા ં ચ િ ય ા ઓ
ન હ ી ં   અ પ ા ડ ે
ર ા જ ી ન ા મ ે
ન હ ી ં   ત પ ા સ ુ ં
સ ા બ ુ દ ા ણ ા એ
ન હ ી ં   વ ા ં ચ ુ ં
બ ો લ ત ુ ં   હ ો વ ુ ં
સ ા બ ુ દ ા ણ ા ઓ
મ ે હ ુ લ િ ય ો
દ ો ર ી એ   છ ી એ
દ ો ડ ી એ   છ ી એ
પ ે ચ િ ય ા ં
પ ે ચ િ ય ા ં ઓ
ન હ ી ં   જ ન ્ મ ે
ટ િ ં ગ ણ િ ય ા
સ ્ વ ી ક ા ર ો
ન   ન િ ખ ા ર ી એ !
ન થ ી   ન ા ચ ત ુ ં
ન હ ી ં   સ ળ ગ ી એ
વ િ ચ ા ર ્ ય ુ ં
અ પ ા ક ર ્ ષ ત
જ ન ્ મ ુ ં   છ ુ ં
સ મ જ ા વ ો   છ ો
પ થ ્ થ ર મ ા ર ે
થ ૂ ં ક ુ ં   છ ુ ં
પ ત ં ગ િ ય ા ં એ
પ થ ્ થ ર મ ા ર ો
પ થ ્ થ ર મ ા ર ે
ક ો ગ ળ િ ય ુ ં
ઉ ટ ા ં ટ િ ય ે
હ ં ક ા ર ી શ ુ ં
હ ક ા લ ી   શ ક વ ુ ં
ર ં ગ ર ખ ા ં એ
બ ગ ડ ્ ય ુ ં
સ મ જ ા વ ે   છ ે
સ ્ વ ી ક ા ર ત
સ ા ગ ુ દ ા ણ ા
ન હ ી ં   થ ૂ ં ક ે
શ ણ ગ ા ર ત ુ ં   હ ો ત
ન હ ી ં   લ ા વ ી એ
સ ૂ ં ઘ ી   શ ક વ ુ ં
ન   અ પ ા ક ર ્ ષ !
ન ા વ ણ િ ય ા ં ઓ
ન   ઉ પ ા ડ ી એ !
ન હ ી ં   હ ક ા લ ે
ક ે દ ખ ા ન ા ં ઓ
ટ િ ં ગ ણ િ ય ે
વ ા પ ર વ ા ન ુ ં
સ ્ વ ી ક ા ર ી
અ પ ા ક ર ્ ષ !
પ ત ં ગ િ ય ુ ં
દ ો ડ ુ ં   છ ુ ં
ન િ શ ા ળ િ ય ે
ન હ ી ં   આ મ ળ ી એ
ન હ ી ં   બ ો લ ુ ં
અ ગ ન ગ ો ળ ા એ
ન   હ ં ક ા ર ી એ !
ક ઠ િ ય ા ર ા
જ ી ભ ડ ી એ
ન થ ી   આ પ ત ુ ં
સ ા ગ ુ દ ા ણ ે
પ ર મ િ ય ા
આ વ ડ ી   શ ક વ ુ ં
ઉ થ લ ા વ શ ે
મ ર ી   શ ક વ ુ ં
ન થ ી   શ ક ત ુ ં
ન હ ી ં   ક ર ુ ં
પ ૂ છ ી એ !
ન હ ી ં   અ ટ ક ે
લ ા વ ી એ   છ ી એ
જ ી ં જ વ ા
જ ી ં જ વ ા ઓ
ન હ ી ં   ઝ ઘ ડ ુ ં
અ ટ ક ્ ય ુ ં
ન હ ી ં   મ ર ુ ં
બ ા ળ   લ ક વ ે
ન થ ી   મ ર ત ુ ં
હ ક ા લ ે   છ ે
ન હ ી ં   બ ગ ડ ુ ં
હ ક ા લ વ ા ન ુ ં
ક ે દ ખ ા ન ે
ક ો ત ર ે   છ ે
ભ ા ળ ્ ય ુ ં
ન ા હ ા એ
ક ો ત ર ે   છ ે
ન િ ખ ા ર ી એ !
સ ળ ગ ્ ય ુ ં
સ લ ા ડ ા ં ઓ
વ ધ ્ ય ુ ં
ભ ા વ વ ધ ા ર ે
ન હ ી ં   વ ા મ ુ ં
ક ો શ ે ટ ા ઓ
ન   ઉ થ લ ા વ ુ ં
ભ ા વ વ ધ ા ર ે
જ હ ા જ વ ા ડ ે
ન ા ચ ુ ં   છ ુ ં
ડ ૂ બ ુ ં   છ ુ ં
ન ળ િ ય ા ં
જ હ ા જ વ ા ડ ે
સ ં ત ર ા ં
સ ં ભ ા ર ણ ા ં ઓ
સ મ જ ત ુ ં   હ ો ત
થ ૂ ં ક ી   શ ક વ ુ ં
ઝ ઘ ડ ુ ં   છ ુ ં
ન   થ ૂ ં ક ી એ !
ન થ ી   સ ડ ત ુ ં
