શ ે લ ડ ી
ન   શ ક ુ ં
ત ા ર ો
દ ો ડ શ ો
પ ડ જ ો
ઉ પ ા ડ ુ ં
ચ ૂ ન ો
વ ા મ શ ો
પ ી છ ા
શ ે લ ડ ી એ
દ ી પ ડ ા ઓ
ખ ે ડ શ ો
ક ચ ક ડ ે
ગ ા ં જ ા
પ ૂ છ શ ે
ઝ ા ડ ા એ
જ ન ્ મ ો
વ ધ ી એ
વ ા મ ુ ં
વ પ ર ા ય
ર મ ત ુ ં   હ ો ત
ઘ ો ડ ે
છ ક ડ ે
ન   ખ ે ડ ે
છ ક ડ ે
ખ ે ડ ી શ
ચ ે વ ડ ે
ક ો ળ ે
પ ૈ ડ ે
દ ી પ ડ ે
વ ા ં ચ જ ે
હ ગ ુ ં
ન   ન ડ ે
બ ો લ ી શ
હ ી ં ચ ક ે
ક ર ુ ં
ચ મ ચ ા
સ મ જ જ ો
ઢ ો ક ળ ા
આ ં ક ડ ે
ન   વ ા વ ુ ં
ન ા ચ ી શ
ન હ ા જ ો
જ મ ત ુ ં   હ ો ત
ગ વ ૈ ય ે
વ ર ્ ત ી એ
બ ન શ ે
શ ક ી   શ ક વ ુ ં
ફ ે ફ સ ે
પ ડ ઘ ા ઓ
ઊ ં ટ ડ ે
ન ો ર ત ે
બ ન ત ુ ં   હ ો ત
આ મ ળ ા એ
સ ં ત ર ે
હ ગ શ ે
ખ ે ડ !
અ પ ૈ ય ે
બ ો લ ો !
આ ં ક ડ ો
દ ે ડ ક ા
ડ ા ઘ ા
ત ર શ ે
બ પ ૈ ય ા એ
જ ન ્ મ ી
ર ડ શ ે
ચ ૂ ન ા
ક ા ં દ ા ઓ
જ ી ં જ વ ો
ન હ ા ઉ ં
ન ર ગ ો ટ ા
ન ા ખ ી ન ે
ફ ે ફ સ ુ ં
અ પ ૈ ય ો
ભ મ ર ડ ા
વ ા મ જ ો
ન   પ ડ ુ ં
ખ ે ડ ા ય
ન   વ ા ં ચ !
ઝ ા ડ ા ઓ
ફ ૂ લ ુ ં
ક ચ ક ડ ા
સ ડ શ ે
ચ ં પ ા ઓ
ચ ે વ ડ ો
છ ા ર ા ં ઓ
ન   દ ો ર ુ ં
સ મ જ ા વ ી શ
હ ા ર ો !
મ ો જ ે
પ ગ દ ડ ે
ત ડ ક ા
બ ા જ ર ા
સ મ જ ો !
ન   જ મ ી એ !
છ ત પ ં ખ ા
ઉ પ ા ડ ત
ક ા ં ઠ ા એ
ર સ ી ઓ
ક ો ત ર ો
ઝ ા ં પ ા
સ ળ ગ ો !
દ ા ય ક ા
હ ક ા લ ત
ચ હ ે ર ો
ભ ા ળ વ ા ન ુ ં
ફ ગ િ ય ા
આ મ ળ ો !
જ મ ી એ
ન   ડ ર ી એ !
ન   વ ા ં ચ ો
બ ા જ ર ો
ન ૈ ય ુ ં
ન   સ ડ ી એ
દ ે ડ ક ે
બ ો લ ત ુ ં   હ ો ત
વ ર ્ ત ી શ
આ મ ળ જ ો
ગ મ ે   છ ે
ર મ ક ડ ે
ત ર ે   છ ે
ફ ુ વ ા ર ો
પ ર ો ણ ે
પ ર ો ણ ે
ક ો ત ર ે
ઉ પ ા ડ ે
હ ી ં ચ ક ા ઓ
પ ા ક વ ી મ ે
હ ક ા લ ે
ચ હ ે ર ે
લ ા વ જ ો
અ પ ા ડ ે
ભ ા ળ જ ો
ખ ે ડ ત ુ ં   હ ો ત
ઉ પ ા ડ ે
ર ં ગ ર ખ ે
આ પ ી શ ુ ં
વ ા પ ર ે
સ લ ા ડ ે
બ ગ ડ વ ા ન ુ ં
ર ં દ ા ઓ
વ ા પ ર ે
વ ા વ વ ા ન ુ ં
સ ૂ ં ઘ ે
ર ડ ો   છ ો
અ પ ા ડ ો
ન ક ા ર ી એ
હ ક ા લ શ ો
ન   સ ળ ગ ી એ
ત ક િ ય ે
થ ૂ ં ક ી એ
ત પ ા સ શ ો
પ ડ વ ા ન ુ ં
ન   ક ો ત ર ો
જ ણ ો !
ફ ગ િ ય ો
ઢ ો ક ળ ે
ન   થ ૂ ં ક !
ઢ ો ક ળ ે
ક ૂ ત ર ા
હ ગ ો   છ ો
ક ર વ ૈ ય ે
ન   ન ા ખ ો
જ ણ ્ ય ુ ં
ક ચ ક ડ ે
વ િ ચ ા ર ુ ં
સ ડ ે   છ ે
દ ો ડ જ ો
સ ં ઘ ા ડ ે
ટ ો ક ળ ે
ન   ન ા ચ ો
ન હ ી ં   વ ધ ે
ન હ ી ં   વ ધ ો
ન ક ા ર ી ન ે
સ ળ ગ શ ે
ન   હ ક ા લ !
દ ો ર ુ ં
ન હ ી ં   બ ન ે
વ ચ ગ ા ળ ે
ન   દ ો ર ો !
અ ર ી સ ા ઓ
સ ં ઘ ા ડ ે
ન   ખ ે ડ ો !
ન   હ ક ા લ ે
વ િ ચ ા ર ો
ઊ ં ટ ડ ા ઓ
ન   ન ા ખ !
ખ ે વ ૈ ય ો
હ ા ર ે   છ ે
ડ ૂ બ ુ ં
ખ ે ડ શ ે
લ ા વ ે   છ ે
ન   ન હ ા ય
ન   વ ા વ ો
આ વ ડ ી એ
પ ડ છ ા ય ે
શ ણ ગ ા ર ે
દ ા ય ક ા ઓ
ક ં સ ા ર ે
પ ડ છ ા ય ે
છ ો ક ર ા
છ ત પ ં ખ ે
ન   અ ટ ક ી એ
વ ખ ા ણ ી શ
ક ો શ ે ટ ા ઓ
ફ ુ ગ ા વ ે
ઘ ર વ ે ર ા
બ ગ ડ ી એ
શ ણ ગ ા ર ો
દ ે ડ ક ા ં ઓ
ન િ ખ ા ર શ ે
ન હ ી ં   આ વ ે
અ ટ ક ી શ
અ ટ ક શ ે
ચ ે વ ડ ા
ન   પ ૂ છ ી એ
હ ા ડ ક ા ં એ
ન   ન ા ચ !
થ ૂ ં ક ુ ં
ધ ા ર ા ઓ
પ ૂ છ ત ુ ં   હ ો ત
લ ા વ ી શ
લ ા વ શ ે
જ મ ી શ ુ ં
જ ઈ એ   છ ી એ
હ ુ ં પ ણ ા ં એ
ઉ પ ા ડ ી એ
ડ ો ક ા ં ઓ
જ ી વ ન   વ ી મ ા એ
સ ળ ગ ી ન ે
ન   અ પ ા ડ ુ ં
ક ર ી એ
હ ગ ે   છ ે
બ ો લ ી શ
ન   ન ા ચ ે
છ ો ક ર ુ ં
ન   વ ા પ ર !
ખ ે ડ ુ ં
હ ા ર ુ ં
ન   વ ા પ ર ે
ન સ ક ો ર ે
ફ ે ર િ ય ા ઓ
ન   અ પ ા ડ ે
સ ં ઘ ા ડ ો
ઝ ઘ ડ ુ ં
પ ર ો ણ ા એ
આ થ મ ત ુ ં   હ ો ત
ટ ા મ ે ટ ે
ક ો ત ર ી શ
ન સ ક ો ર ે
પ ી ણ ુ ં
ન   ન િ ખ ા ર ે
પ ી છ ુ ં
ગ ા ં જ ા એ
ઢ ો ક ળ ુ ં
બ ગ ડ શ ે
જ ી વ ન   વ ી મ ે
પ ર મ િ ય ે
ન   લ ા વ ો !
હ ા ડ ક ા ં ઓ
ન   હ ક ા લ ી એ
બ ા ં ક ડ ા
ન   ત ર ો !
ચ ં પ ા ઓ
ફ ે ફ સ ા ં ઓ
જ ન ્ મ ી શ
હ ં ક ા ર ો
ઝ ઘ ડ ી શ
ત પ ા સ ો !
ન હ ી ં   હ ગ ે
દ ો ર ત ુ ં   હ ો ત
ઊ ં બ ર ો ે
ન હ ી ં   ર ડ ે
અ પ ા ડ જ ે
ન હ ી ં   ર ડ ે
ન   સ ળ ગ ો !
જ ન ્ મ ી એ
ન િ ભ ા ડ ે
ફ ૂ લ ા ં ઓ
ફ ે ર િ ય ા
જ ન ્ મ ો !
ફ ુ વ ા ર ા એ
દ ે ડ ક ા ઓ
ન   આ થ મ ો !
હ ક ા લ ી એ !
ન ા ખ જ ો
પ ગ ર ખ ા ં એ
ન હ ી ં   જ મ ે
ન   ન ડ ી એ !
ટ ો ક ળ ા ઓ
ક ચ ક ડ ા ં એ
પ ે ચ િ ય ા
ન   બ ગ ડ ુ ં
સ ્ વ વ ી મ ે
ફ ુ વ ા ર ે
થ ૂ ં ક ી ન ે
ત ક િ ય ા ઓ
ન   ત પ ા સ ી એ
વ ા વ ો   છ ો
હ ં ક ા ર શ ે
ઈ ં ટ વ ા ડ ે
ત પ ા સ જ ો
પ ી છ ા ં ઓ
બ ા જ ર ા એ
છ ો ક ર ા ઓ
ક ી ડ ા
પ ૂ છ ો   છ ો
ભ ા ળ શ ે
આ પ ી એ !
ચ િ ત ્ ત ા એ
ચ ૂ ન ા ઓ
ન હ ા ય   છ ે
વ ા ં ચ જ ો
સ ૂ ં ઘ શ ે
ન   વ િ ચ ા ર !
શ ણ ગ ા ર શ ે
ન સ ક ો ર ા
શ ક ી શ ુ ં
વ ર ્ ત શ ે
હ ક ા લ શ ે
ન   વ ા ં ચ ુ ં
સ મ જ શ ે
ઉ પ ા ડ ો !
ફ ે ર િ ય ે
ન   વ િ ચ ા ર ે
મ ો ર િ ય ે
ન   ઉ પ ા ડ ે
બ ો લ ો   છ ો
સ ં ભ ા ર ણ ે
હ ં ક ા ર શ ો
સ ં ભ ા ર ણ ે
ઈ ં ટ વ ા ડ ા
ન િ ભ ા ડ ે
ન ા ચ ુ ં
અ ં ગ ૂ ઠ ો
ચ િ ચ ો ડ ા
વ ા મ ે   છ ે
ન ા ચ ે   છ ે
બ ા ં ક ડ ે
ઝ ઘ ડ ી એ !
ચ ે વ ડ ા ઓ
દ ો ર ો   છ ો
અ થ ા ણ ા ં ઓ
વ ા મ ે   છ ે
ક ં સ ા ર ે
ન ા ચ ે   છ ે
બ ા જ ર ા
ન   આ વ ી એ !
ઝ ઘ ડ ો   છ ો
ર સ ી ઓ એ
ન હ ી ં   આ પ ે
ન ચ વ ૈ ય ે
ન િ ભ ા ડ ો
પ ે ચ િ ય ે
ક ા ં સ ક ે
જ ડ બ ા ં એ
ન હ ી ં   મ ર ો
વ ી જ આ ં ચ ક ે
ન   સ મ જ ુ ં
ન   લ ા વ ી એ !
વ ા ં ચ ે   છ ે
ગ ા ં જ ા ઓ
ગ ા ં જ ા
વ ી જ બ ત ્ ત ી
વ િ ચ ા ર ો !
ખ ે ડ ો !
ન હ ી ં   ડ ર ે
ક ઠ િ ય ા ર ે
સ મ જ ા વ ુ ં
ઉ પ ા ડ ી શ
ન   ન ડ ી એ
થ ૂ ં ક ે   છ ે
ત પ ા સ ો   છ ો
ઢ ો ક ળ ા ં એ
પ ગ દ ડ ા
ડ ા ળ ી એ
ભ ા ળ ી એ !
ન   ન ા ખ ી એ !
શ ક ુ ં   છ ુ ં
જ ઈ   શ ક વ ુ ં
હ ા ડ ક ુ ં
ઉ થ લ ા વ શ ો
ઘ ર વ ે ર ા એ
ક ો ત ર શ ે
ન હ ી ં   ર ડ ી એ
વ ધ ુ ં   છ ુ ં
ન હ ા ય ુ ં
વ ા પ ર શ ે
ન   ડ ૂ બ ી એ !
ન હ ી ં   ત ર ી એ
બ ગ ડ ે   છ ે
ખ ે ડ ે   છ ે
આ વ ડ ુ ં
બ ો લ ે   છ ે
ન ક ા ર વ ા ન ુ ં
ન ચ વ ૈ ય ે
ઉ થ લ ા વ ુ ં
સ મ જ ા વ શ ે
વ ા પ ર ુ ં
આ ં ચ ક ા
ક ં સ ા ર ા ઓ
ન   અ પ ા ડ ો !
વ ી જ આ ં ચ ક ે
ઝ ઘ ડ ે   છ ે
ન થ ી   વ ધ ત ુ ં
ચ િ ચ ો ડ ા એ
વ ં શ ા વ ળ ી
અ પ ા ડ શ ે
અ પ ા ડ ી ન ે
શ ણ ગ ા ર ો !
ન ા ખ વ ા ન ુ ં
પ ડ છ ા ય ે
શ ણ ગ ા ર ી એ
સ ૂ ં ઘ શ ે
ચ ા ડ િ ય ા
શ ણ ગ ા ર ુ ં
ક ા ં સ ક ો
ર ૂ પ ા ં
ન   શ ણ ગ ા ર ે
વ િ ચ ા ર ા ય
શ ણ ગ ા ર જ ે
ન ો ર ત ા ં ઓ
ચ ુ ક ા દ ો
ક ા ં સ ક ા
ત બ ક ્ ક ે
પ ૈ ડ ા ં
ખ ટ ા ર ા એ
પ ડ છ ા ય ા
જ ન ્ મ ે   છ ે
જ ન ્ મ ે   છ ે
ચ ુ ક ા દ ા એ
ડ ૂ બ ી શ ુ ં
ઉ થ લ ા વ ો !
હ ગ ુ ં   છ ુ ં
હ ં ક ા ર ુ ં
બ ો લ વ ા ન ુ ં
અ પ ા ડ જ ો
ન   ઉ થ લ ા વ ે
ઘ સ િ ય ા
પ ે ચ િ ય ા ં એ
ન િ ખ ા ર ુ ં
વ ર ્ ત ે   છ ે
ન   હ ં ક ા ર ો !
ન થ ી   જ ત ુ ં
ન િ ખ ા ર જ ો
હ ગ ી શ ુ ં
પ ્ ય ા લ ા એ
મ ા ં ડ વ ે
ન હ ી ં   હ ગ ી એ
ર ં ગ ર ખ ુ ં
શ ે લ ડ ી ઓ એ
વ ખ ણ ા ય
ન ા હ ા
ક ે દ ખ ા ન ે
દ ા ં ત િ ય ે
એ ર ં ડ િ ય ે
જ ન ્ મ ી એ !
ન હ ી ં   ક ર ી એ
અ ફ ી ણ િ ય ે
છ ે ક ણ ી એ
ન   સ ્ વ ી ક ા ર !
આ મ ળ ી શ ુ ં
પ પ ૈ ય ા ં ઓ
ન ડ ત ુ ં   હ ત ુ ં
ન હ ી ં   આ વ ડ ો
હ ી ં ચ ક ા ઓ
અ ટ ક વ ા ન ુ ં
ક ર વ ૈ ય ા
ક ર વ ૈ ય ા ઓ
બ ો લ ી   શ ક વ ુ ં
ક ો ત ર ુ ં
સ ળ ગ ી શ ુ ં
ન ા ખ ી   શ ક વ ુ ં
ગ મ ્ ય ુ ં
એ ર ં ડ િ ય ા
સ ૂ ં ઘ ો   છ ો
જ ી વ ડ ા ં ઓ
ક ો ગ ળ િ ય ે
ન   શ ણ ગ ા ર ો !
જ ત ુ ં   હ ો વ ુ ં
ક ો ગ ળ િ ય ે
વ ખ ા ણ ્ ય ુ ં
ન   વ ા ં ચ ી એ
આ પ ્ ય ુ ં
ન હ ી ં   ઝ ઘ ડ ો
ર ડ ્ ય ુ ં
ન ા ખ ુ ં   છ ુ ં
વ િ ચ ા ર ી શ
અ પ ા ડ ે   છ ે
ન હ ી ં   મ ર ી એ
અ ફ ી ણ િ ય ા ઓ
ક ૂ ત ર ા એ
વ ા વ ુ ં   છ ુ ં
સ ળ ગ ત ુ ં   હ ો ત
ન હ ી ં   આ પ ી એ
અ થ ા ણ ા ં ઓ
અ થ ા ણ ા ં
ઉ પ ા ડ ે   છ ે
વ ા ં ચ ી શ ુ ં
ભ ા વ વ ધ ા ર ા
ન થ ી   સ ડ ત ુ ં
ન   થ ૂ ં ક ી એ !
ઝ ઘ ડ ુ ં   છ ુ ં
થ ૂ ં ક ી   શ ક વ ુ ં
સ મ જ ત ુ ં   હ ો ત
સ ં ભ ા ર ણ ા ં ઓ
સ ં ત ર ા ં
જ હ ા જ વ ા ડ ે
ન ળ િ ય ા ં
ડ ૂ બ ુ ં   છ ુ ં
ન ા ચ ુ ં   છ ુ ં
જ હ ા જ વ ા ડ ે
ભ ા વ વ ધ ા ર ે
ન   ઉ થ લ ા વ ુ ં
ક ો શ ે ટ ા ઓ
ન હ ી ં   વ ા મ ુ ં
ભ ા વ વ ધ ા ર ે
વ ધ ્ ય ુ ં
સ લ ા ડ ા ં ઓ
સ ળ ગ ્ ય ુ ં
ન િ ખ ા ર ી એ !
ક ો ત ર ે   છ ે
ન ા હ ા એ
ભ ા ળ ્ ય ુ ં
ક ો ત ર ે   છ ે
ક ે દ ખ ા ન ે
હ ક ા લ વ ા ન ુ ં
ન હ ી ં   બ ગ ડ ુ ં
હ ક ા લ ે   છ ે
ન થ ી   મ ર ત ુ ં
બ ા ળ   લ ક વ ે
ન હ ી ં   મ ર ુ ં
અ ટ ક ્ ય ુ ં
ન હ ી ં   ઝ ઘ ડ ુ ં
જ ી ં જ વ ા
જ ી ં જ વ ા ઓ
લ ા વ ી એ   છ ી એ
ન હ ી ં   અ ટ ક ે
પ ૂ છ ી એ !
ન હ ી ં   ક ર ુ ં
ન થ ી   શ ક ત ુ ં
મ ર ી   શ ક વ ુ ં
ઉ થ લ ા વ શ ે
આ વ ડ ી   શ ક વ ુ ં
પ ર મ િ ય ા
સ ા ગ ુ દ ા ણ ે
ન થ ી   આ પ ત ુ ં
જ ી ભ ડ ી એ
ક ઠ િ ય ા ર ા
ન   હ ં ક ા ર ી એ !
અ ગ ન ગ ો ળ ા એ
ન હ ી ં   બ ો લ ુ ં
ન હ ી ં   આ મ ળ ી એ
ન િ શ ા ળ િ ય ે
દ ો ડ ુ ં   છ ુ ં
પ ત ં ગ િ ય ુ ં
અ પ ા ક ર ્ ષ !
સ ્ વ ી ક ા ર ી
વ ા પ ર વ ા ન ુ ં
ટ િ ં ગ ણ િ ય ે
ક ે દ ખ ા ન ા ં ઓ
ન હ ી ં   હ ક ા લ ે
ન   ઉ પ ા ડ ી એ !
ન ા વ ણ િ ય ા ં ઓ
ન   અ પ ા ક ર ્ ષ !
સ ૂ ં ઘ ી   શ ક વ ુ ં
ન હ ી ં   લ ા વ ી એ
શ ણ ગ ા ર ત ુ ં   હ ો ત
ન હ ી ં   થ ૂ ં ક ે
સ ા ગ ુ દ ા ણ ા
સ ્ વ ી ક ા ર ત
સ મ જ ા વ ે   છ ે
બ ગ ડ ્ ય ુ ં
ર ં ગ ર ખ ા ં એ
હ ક ા લ ી   શ ક વ ુ ં
હ ં ક ા ર ી શ ુ ં
ઉ ટ ા ં ટ િ ય ે
ક ો ગ ળ િ ય ુ ં
પ થ ્ થ ર મ ા ર ે
પ થ ્ થ ર મ ા ર ો
પ ત ં ગ િ ય ા ં એ
થ ૂ ં ક ુ ં   છ ુ ં
પ થ ્ થ ર મ ા ર ે
સ મ જ ા વ ો   છ ો
જ ન ્ મ ુ ં   છ ુ ં
અ પ ા ક ર ્ ષ ત
વ િ ચ ા ર ્ ય ુ ં
ન હ ી ં   સ ળ ગ ી એ
ન થ ી   ન ા ચ ત ુ ં
ન   ન િ ખ ા ર ી એ !
સ ્ વ ી ક ા ર ો
ટ િ ં ગ ણ િ ય ા
ન હ ી ં   જ ન ્ મ ે
પ ે ચ િ ય ા ં
પ ે ચ િ ય ા ં ઓ
દ ો ડ ી એ   છ ી એ
દ ો ર ી એ   છ ી એ
મ ે હ ુ લ િ ય ો
સ ા બ ુ દ ા ણ ા ઓ
બ ો લ ત ુ ં   હ ો વ ુ ં
ન હ ી ં   વ ા ં ચ ુ ં
સ ા બ ુ દ ા ણ ા એ
ન હ ી ં   ત પ ા સ ુ ં
ર ા જ ી ન ા મ ે
ન હ ી ં   અ પ ા ડ ે
ચ ા ં ચ િ ય ા ઓ
સ ળ ગ ી   શ ક વ ુ ં
સ ્ વ ી ક ા ર ી એ !
પ થ ્ થ ર મ ા ર ા
ન હ ી ં   જ ન ્ મ ો
ન ક ા ર વ ુ ં   હ ો વ ુ ં
વ ી જ બ ત ્ ત ી ઓ
હ ક ા લ ી એ   છ ી એ
આ વ ડ ્ ય ુ ં
દ ા ં ત િ ય ા
જ હ ા જ વ ા ડ ા એ
ન હ ી ં   પ ૂ છ ુ ં
પ થ ્ થ ર મ ા ર ા ઓ
હ ક ા લ ુ ં   છ ુ ં
ભ ા વ વ ધ ા ર ા એ
ન હ ી ં   દ ો ર ી એ
શ ણ ગ ા ર ી શ ુ ં
ત ા વ ડ ી વ ા જ ે
ન હ ી ં   સ ૂ ં ઘ ે
ન હ ી ં   અ પ ા ડ ી એ
ન િ શ ા ળ િ ય ુ ં
ન ા ખ વ ુ ં   હ ો વ ુ ં
સ ્ વ ી ક ા ર ી એ
ઝ ઘ ડ ી   શ ક વ ુ ં
ઉ પ ા ડ ્ ય ુ ં
જ ન ્ મ ી એ   છ ી એ
ન હ ી ં   હ ક ા લ ુ ં
પ ર બ ી ડ િ ય ા ં ઓ
ન હ ી ં   ઉ થ લ ા વ ે
ન હ ી ં   અ પ ા ડ ુ ં
વ ા વ ી   શ ક વ ુ ં
સ ૂ ં ઘ ્ ય ુ ં
શ ક વ ુ ં   હ ો વ ુ ં
ન   અ પ ા ક ર ્ ષ ુ ં
અ ઠ વ ા ડ િ ય ા ં ઓ
સ ્ વ ી ક ા ર ી શ
અ પ ા ક ર ્ ષ શ ે
ચ ા દ ા ન ી ઓ એ
જ હ ા જ વ ા ડ ા ઓ
સ ્ વ ી ક ા ર શ ે
વ ર ્ ત ી   શ ક વ ુ ં
ન િ શ ા ળ િ ય ા
ન હ ી ં   ત પ ા સ ી એ
ન હ ી ં   ઉ પ ા ડ ી એ
સ ા બ ુ દ ા ણ ા
સ મ જ ા વ ુ ં   છ ુ ં
અ પ ા ક ર ્ ષ જ ો
બ ન ત ુ ં   હ ત ુ ં
વ ં ટ ો ળ િ ય ા
હ ં ક ા ર ુ ં   છ ુ ં
વ ા પ ર ત ુ ં   હ ો ત
ન હ ી ં   સ મ જ ા વ ે
વ ા વ ા ઝ ો ડ ા ં ઓ
ક ળ ી ચ ૂ ન ા ં
ર ા જ ી ન ા મ ુ ં
ટ ો પ લ ી દ ડ ા એ
સ ્ વ ી ક ા ર ી શ
દ ો ડ ્ ય ુ ં
ન હ ી ં   શ ણ ગ ા ર ુ ં
મ ે હ ુ લ િ ય ા
સ ્ વ ી ક ા ર ી શ ુ ં
ન હ ી ં   ન િ ખ ા ર ુ ં
વ િ ચ ા ર ી એ   છ ી એ
ન િ ખ ા ર ી એ   છ ી એ
ઝ ઘ ડ ત ુ ં   હ ત ુ ં
ઉ થ લ ા વ ્ ય ુ ં
વ િ લ ા ય ત ી   મ ી ઠ ે
ક ો ત ર ત ુ ં   હ ો વ ુ ં
ક ા ન દ ટ ્ ટ ા ઓ
હ ા ર ી   શ ક વ ુ ં
વ ા ં ચ ત ુ ં   હ ો વ ુ ં
વ ી જ થ ા ં ભ લ ા એ
ગ મ વ ુ ં   હ ો વ ુ ં
ઉ ટ ા ં ટ િ ય ા ં એ
અ પ ા ક ર ્ ષ ી એ !
અ ઠ વ ા ડ િ ય ા ં
સ ળ ગ ત ુ ં   હ ત ુ ં
ર ા જ ી ન ા મ ા ં
અ પ ા ક ર ્ ષ ે   છ ે
અ પ ા ક ર ્ ષ ો   છ ો
ન હ ી ં   ઉ થ લ ા વ ુ ં
ન થ ી   વ િ ચ ા ર ત ુ ં
ત ા વ ડ ી વ ા જ ા ં ઓ
સ મ ુ દ ્ ર ક ા ં ઠ ે
પ ડ ત ુ ં   હ ો વ ુ ં
દ ો ડ ત ુ ં   હ ો વ ુ ં
બ ો લ વ ુ ં   હ ો વ ુ ં
હ ૈ ય ા બ ળ ા પ ા એ
ન હ ી ં   હ ં ક ા ર ી એ
ર મ વ ુ ં   હ ો વ ુ ં
આ ં બ ા વ ા ડ િ ય ા
સ ં પ ૂ ર ્ ણ પ ણ ે
આ પ ત ુ ં   હ ો વ ુ ં
સ ં પ ૂ ર ્ ણ પ ણ ે
પ ૂ છ ત ુ ં   હ ો વ ુ ં
અ પ ા ક ર ્ ષ ્ ય ુ ં
વ િ ચ ા ર ત ુ ં   હ ો વ ુ ં
પ ુ સ ્ ત ક મ ે ળ ા ઓ
હ ં ક ા ર ત ુ ં   હ ો વ ુ ં
મ ર ત ુ ં   હ ો વ ુ ં
છ ત ્ ર ી વ ા જ ુ ં ે
વ ા ં ચ ત ુ ં   હ ત ુ ં
બ ન ત ુ ં   હ ો વ ુ ં
હ ક ા લ ત ુ ં   હ ત ુ ં
મ ા થ ે મ ી ં ડ ા ં ઓ
ઉ થ લ ા વ ત ુ ં   હ ો વ ુ ં
ન હ ો ત ુ ં   પ ડ ્ ય ુ ં
ન ડ ત ુ ં   હ ો વ ુ ં
ભ ા ળ ત ુ ં   હ ત ુ ં
ન હ ો ત ુ ં   આ વ ડ ્ ય ુ ં
વ ા મ ત ુ ં   હ ો વ ુ ં
ન ક ા ર ત ુ ં   હ ત ુ ં
વ ખ ા ણ ત ુ ં   હ ો વ ુ ં
સ ા હ િ ત ્ ય ચ ો ર જ ે
વ િ લ ા ય ત ી   મ ી ઠ ા ં ઓ
થ ૂ ં ક ત ુ ં   હ ત ુ ં
સ મ જ ત ુ ં   હ ો વ ુ ં
ન   સ ા હ િ ત ્ ય ચ ો ર ે
વ ા પ ર ત ુ ં   હ ો વ ુ ં
ન હ ી ં   સ ્ વ ી ક ા ર ે
સ ા હ િ ત ્ ય ચ ો ર શ ો
સ ા હ િ ત ્ ય ચ ો ર ા ય
ન હ ો ત ુ ં   બ ો લ ્ ય ુ ં
ન   સ ા હ િ ત ્ ય ચ ો ર ી એ !
ન હ ો ત ુ ં   લ ા વ ્ ય ુ ં
અ બ ા બ ી લ   લ ટ ો ર ે
ન હ ો ત ુ ં   વ ા વ ્ ય ુ ં
સ ૂ ં ઘ ત ુ ં   હ ો વ ુ ં
છ ત ્ ર ી વ ા જ ુ ં ા ં એ
સ ા હ િ ત ્ ય ચ ો ર ી ન ે
અ પ ા ક ર ્ ષ ી એ   છ ી એ
ચ ૂ ં ટ ણ ી ઢ ં ઢ ે ર ા ઓ
સ ં પ ૂ ર ્ ણ પ ણ ા ં
ઉ થ લ ા વ ત ુ ં   હ ો વ ુ ં
ન હ ો ત ુ ં   આ મ ળ ્ ય ુ ં
જ ી વ ન સ ં ધ ્ ય ા ઓ એ
ન હ ો ત ુ ં   જ ન ્ મ ્ ય ુ ં
સ ા હ િ ત ્ ય ચ ો ર ો   છ ો
ન હ ો ત ુ ં   વ િ ચ ા ર ્ ય ુ ં
જ ી વ ન સ ં ધ ્ ય ા એ
અ પ ા ક ર ્ ષ વ ુ ં   હ ો વ ુ ં
સ ા હ િ ત ્ ય ચ ો ર ુ ં   છ ુ ં
અ પ ા ક ર ્ ષ ત ુ ં   હ ો વ ુ ં
સ ા હ િ ત ્ ય ચ ો ર ી શ ુ ં
સ ા હ િ ત ્ ય ચ ો ર વ ુ ં   હ ો વ ુ ં
