ન   વ ધ ી એ
ઉ પ ા ડ ો
મ ી ઠ ા વ ે ર ા ઓ
આ વ ડ ત ુ ં   હ ો ત
ત ા ર ા એ
ન   વ ર ્ ત !
પ ડ ો   છ ો
ન   સ ૂ ં ઘ ો !
અ પ ા ડ વ ુ ં   હ ો વ ુ ં
આ મ ળ ી   શ ક વ ુ ં
જ ણ ત
દ ો ર વ ા ન ુ ં
ન હ ી ં   શ ક ે
વ ર ્ ત ત ુ ં   હ ો વ ુ ં
ત પ ા સ ે   છ ે
આ ટ ા ઓ
ફ ૂ લ ા ં ઓ
ન   લ ા વ !
અ પ ા ક ર ્ ષ ત ુ ં   હ ો ત
અ પ ૈ ય ા
ક ર ે
ગ મ ત ુ ં   હ ો વ ુ ં
પ ટ ો ળ ા ં ઓ
ત ર ત ુ ં   હ ો વ ુ ં
છ ક ડ ુ ં
મ હ િ ન ે
ન ક ા ર ત ુ ં   હ ો વ ુ ં
વ ખ ા ણ ત ુ ં   હ ત ુ ં
વ ા પ ર !
ન   મ ર ે
પ ટ ો ળ ે
ન   ખ ે ડ ુ ં
આ પ વ ુ ં   હ ો વ ુ ં
ન   હ ા ર ે
લ ા વ જ ે
ન હ ી ં   પ ૂ છ ી એ
ત બ ક ્ ક ે
ન હ ી ં   શ ણ ગ ા ર ે
આ વ ી શ
ભ ા ળ ી   શ ક વ ુ ં
મ ે હ ુ લ િ ય ા ઓ
હ ા ડ ક ે
સ મ જ ે   છ ે
ધ િ ર ા ણ   વ ી મ ે
મ ો ર િ ય ા ઓ
ન િ ખ ા ર ી શ ુ ં
સ ળ ગ ે   છ ે
ન ો ર ત ે
ક ૂ ત ર ે
પ ૂ છ ુ ં   છ ુ ં
ન   પ ૂ છ ો
પ ર મ િ ય ા ઓ
વ ધ ી ન ે
જ ણ શ ે
ઝ ા ં પ ે
ન   આ પ ો !
ન હ ી ં   ન ક ા ર ે
સ મ જ ા વ ે
હ ૈ ય ા બ ળ ા પ ે
ન   જ ણ ી એ
જ મ ા ય
સ ં ભ ા ર ણ ા ં ઓ
ન હ ી ં   વ ા પ ર ે
ડ ર ી શ
ક ો ત ર જ ો
હ િ ં ડ ો ળ ા ઓ
હ ો વ ા પ ણ ે
ન થ ી   ડ ર ત ુ ં
સ ં ભ ા ર ણ ુ ં
જ મ ો   છ ો
મ ચ ુ ં ગ ા ઓ
છ ો ક ર ા ં ઓ
દ ો ડ ે
ધ ા ર ા ઓ
વ ખ ા ણ ી શ
ડ ૂ બ ી શ
શ ણ ગ ા ર ુ ં
પ ા ક વ ી મ ે
ટ ા મ ે ટ ે
ક ર ી શ
પ ૂ છ ો !
ન હ ો ત ુ ં   સ ળ ગ ્ ય ુ ં
એ ર ં ડ િ ય ે
ઘ ર વ ે ર ો
મ ો ર િ ય ે
ક ા ં દ ા એ
ટ િ ં ગ ણ િ ય ા ં એ
ટ ા મ ે ટ ુ ં
ઊ ં બ ર ો ા
ર મ ે
બ ન ત ુ ં   હ ો વ ુ ં
અ ટ ક ી શ
ન હ ો ત ુ ં   બ ગ ડ ્ ય ુ ં
દ ો ડ !
વ ા પ ર ી એ !
ન િ ખ ા ર ી એ
અ ર ી સ ા ઓ
સ ૂ ં ઘ ે   છ ે
સ ા હ િ ત ્ ય ચ ો ર ત ુ ં   હ ો વ ુ ં
ત ા ર ે
ન હ ી ં   વ ા પ ર ુ ં
હ ૈ ય ા ં એ
ત ર વ ુ ં   હ ો વ ુ ં
વ િ ચ ા ર ો   છ ો
ઝ ા ડ ા
ન હ ા શ ો
દ ે ડ ક ે
પ ડ ત
બ ગ ડ ે
ન ળ િ ય ા ં ઓ
છ ા ર ે
ન ા ચ ી એ !
દ ી પ ડ ે
ન   ક ો ત ર ી એ
ન હ ા ઈ
ન િ ભ ા ડ ા
ખ ટ ા ર ે
ચ િ ચ ો ડ ે
સ ળ ગ શ ે
અ પ ા ક ર ્ ષ ી ન ે
વ ધ ે
વ િ ચ ા ર ી   શ ક વ ુ ં
આ થ મ શ ે
ન હ ી ં   સ ળ ગ ે
ડ ર ી શ
ર મ શ ે
ન   આ મ ળ ુ ં
ન હ ી ં   હ ગ ે
ન   ત પ ા સ ુ ં
ન ર ગ ો ટ ા
ન હ ી ં   ત પ ા સ ે
ક ુ ં વ ા ર પ ા ઠ ે
આ વ ી ન ે
ઝ ઘ ડ ત ુ ં   હ ો ત
જ મ ે
વ ા મ ી શ
સ ડ જ ો
ડ ૂ બ શ ે
ન થ ી   બ ન ત ુ ં
ભ ા ળ ે   છ ે
વ ા પ ર શ ો
ર ં દ ા ઓ
ન   પ ડ !
ખ ે લ ા ડ ી ઓ
ડ ૂ બ ી એ
ઉ થ લ ા વ !
ઉ થ લ ા વ ુ ં   છ ુ ં
ન   ર ડ ો
દ ો ર ો !
પ ડ ી શ ુ ં
ન   હ ક ા લ ી એ !
આ મ ળ ે
ઢ ગ ર ા ં
ન ા ખ ી એ
આ મ ળ ા
ન   હ ક ા લ ે
ર ડ ા ય
હ ા ર ી શ ુ ં
વ ધ ો
સ ા મ ે
બ ા જ ર ે
આ થ મ ી   શ ક વ ુ ં
ન હ ી ં   પ ૂ છ ો
પ ડ છ ા ય ા ઓ
આ વ ડ ે
ગ ો ળ ે
ન   ન િ ખ ા ર ે
પ ૈ ડ ે
વ િ જ ે ત ા
દ ો ર જ ો
પ ર ો ણ ે
ચ ા ડ િ ય ા ઓ
બ ગ ડ ત
ઘ ો ડ ા ઓ
ન થ ી   ઝ ઘ ડ ત ુ ં
ન િ ખ ા ર ી શ
આ થ મ ી શ
બ ો લ ો
આ મ ળ ુ ં   છ ુ ં
દ ી ં ટ ુ ં
થ ૂ ં ક ી શ
ન   જ ઈ એ
ગ મ ી ન ે
સ ા હ િ ત ્ ય ચ ો ર ી શ
ઓ ર ડ ે
બ ર ફ ગ ો ળ ા
ક ુ ં વ ા ર પ ા ઠ ા ં ઓ
ન થ ી   સ ૂ ં ઘ ત ુ ં
હ ં ક ા ર ે
ખ ે ડ ો   છ ો
અ પ ૈ ય ા
ન હ ી ં   સ ડ ી એ
અ પ ા ક ર ્ ષ ો !
ન   આ વ ડ ુ ં
ન હ ા ઓ   છ ો
ન   બ ગ ડ ે
જ ન ્ મ વ ુ ં   હ ો વ ુ ં
અ પ ા ડ ે   છ ે
ઊ ં ટ ડ ા ઓ
ર ૂ પ ા ં ઓ
ન   બ ન ો
પ ુ સ ્ ત ક મ ે ળ ા
વ ધ ી એ
ન હ ો ત ુ ં   ભ ા ળ ્ ય ુ ં
ન હ ી ં   પ ડ ી એ
જ ન ્ મ ી એ
ડ ા ઘ ે
ન ા ખ ત ુ ં   હ ો ત
ભ ા ળ ો
સ ડ ુ ં   છ ુ ં
ન   ર ડ ે
સ ા ગ ુ દ ા ણ ા એ
આ મ ળ ી એ   છ ી એ
પ ી ય ે
ન થ ી   ઉ પ ા ડ ત ુ ં
આ પ ી   શ ક વ ુ ં
વ ા મ શ ે
હ ં ક ા ર ે
અ ઠ વ ા ડ િ ય ા
ડ ૂ બ જ ો
દ ો ર ી
ભ મ ર ડ ા એ
ઝ ા ડ ે
હ ી ં ચ ક ો
આ ટ ા
ખ ે વ ૈ ય ે
સ મ જ ા વ ત ુ ં   હ ત ુ ં
જ ી વ ડ ા ં
ન   ક ર ી એ !
ક ઠ િ ય ા ર ા એ
એ ર ે
ર ડ ી એ   છ ી એ
શ ે લ ડ ી એ
ન થ ી   આ વ ત ુ ં
ક ર ુ ં   છ ુ ં
એ ર ે
વ ા ં ચ ી શ
ડ ર !
બ ન ી એ
ઉ થ લ ા વ ત ુ ં   હ ો ત
આ પ જ ે
ન   વ ધ ી એ !
ન   આ થ મ ી એ !
અ પ ા ક ર ્ ષ શ ે
પ ી ય ા ઓ
સ ા બ ુ દ ા ણ ો
ન હ ી ં   અ પ ા ક ર ્ ષ ે
ન હ ી ં   સ ્ વ ી ક ા ર ુ ં
દ ો ર ી ન ે
હ ગ ે   છ ે
આ પ ત ુ ં   હ ો વ ુ ં
ન   સ ા હ િ ત ્ ય ચ ો ર ુ ં
બ ન ્ ય ુ ં
ન   આ થ મ ો
ન હ ી ં   વ ા વ ુ ં
હ ક ા લ ત ુ ં   હ ો વ ુ ં
એ ર ં ડ િ ય ે
ચ િ ચ ો ડ ો
આ પ ો !
જ હ ા જ વ ા ડ ા ઓ
પ ર મ િ ય ે
વ ા મ જ ે
આ થ મ ો !
અ પ ા ડ ે
શ ક ે
મ ર ી શ ુ ં
અ ટ ક ુ ં
ન ા ચ ી શ
મ ે હ ુ લ િ ય ે
જ ી વ ડ ા ં ઓ
ચ ે લ ી એ
શ ણ ગ ા ર ે
લ ા વ ી   શ ક વ ુ ં
જ મ ે
ન ો ર ત ે
હ ા ર ુ ં
સ ા મ ા ઓ
ફ િ ર સ ્ ત ે
વ ધ ા ઈ એ
બ ગ ડ ત ુ ં   હ ત ુ ં
દ ો ર ી એ
ન   આ વ !
ડ ૂ બ વ ા ન ુ ં
હ ક ા લ ત ુ ં   હ ો વ ુ ં
આ ં ચ ક ા ઓ
વ ખ ા ણ વ ા ન ુ ં
ન ર ગ ો ટ ે
ન   ક ર ો
ન   સ ડ ો !
થ ૂ ં ક ો   છ ો
હ ી ં ચ ક ા
ચ ં પ ા
ઉ થ લ ા વ ી એ
ન   લ ા વ ે
ક ા ં સ ક ે
શ ે ર ડ ી ઓ
હ ગ વ ા ન ુ ં
ર ો ક ડ િ ય ા ઓ
ન   હ ક ા લ ુ ં
ગ મ ી એ
આ થ મ ે   છ ે
અ પ ા ક ર ્ ષ ત ુ ં   હ ો વ ુ ં
પ ી ં છ ે
ભ ા ળ ત ુ ં   હ ો વ ુ ં
ન િ ખ ા ર ી
મ ી ઠ ે
લ ા વ ત ુ ં   હ ો વ ુ ં
ગ વ ૈ ય ા એ
ડ ૂ બ ા ય
પ ા ક વ ી મ ા એ
સ મ જ ્ ય ુ ં
સ મ જ ો
જ મ ુ ં   છ ુ ં
દ ે ડ ક ા
ચ મ ચ ા
મ ો જ ુ ં
અ ઠ વ ા ડ િ ય ા ં ઓ
પ ૂ છ વ ુ ં   હ ો વ ુ ં
ન ા ખ ી શ
પ ૈ ડ ુ ં
અ ગ ન ગ ો ળ ો
સ ુ ફ ર િ ય ા
ર મ ુ ં
હ ગ ે
લ ા વ શ ે
ન ક ા ર ત
વ ર ્ ત ો   છ ો
ન ક ા ર ી એ !
જ ન ્ મ ે
વ ા વ ા ઝ ો ડ ા
ન ર ઘ ા ં એ
ટ િ ં ગ ણ િ ય ે
સ ળ ગ ે
આ પ ો   છ ો
દ ે ડ ક ી ઓ
ઉ પ ા ડ જ ો
ન હ ો ત ુ ં   ત પ ા સ ્ ય ુ ં
પ ે ચ િ ય ા ં ઓ
ચ ૂ ં ઈ
આ મ ળ ો
ન   સ મ જ !
આ ટ ા
ખ ટ ા ર ા ઓ
જ ી વ ડ ે
સ મ જ ુ ં
ન   વ ર ્ ત ે
ન હ ો ત ુ ં   શ ક ્ ય ુ ં
હ ગ ી એ   છ ી એ
વ ર ્ ત ો !
વ ા મ વ ુ ં   હ ો વ ુ ં
વ ી મ ા ઓ
ખ ં ભ ે
અ પ ા ડ ત ુ ં   હ ો વ ુ ં
ન હ ી ં   ગ મ ુ ં
ચ ે લ ે
ટ ો પ લ ી દ ડ ા
બ જ વ ૈ ય ે
સ ળ ગ ી શ
હ ક ા લ ો   છ ો
બ પ ૈ ય ે
આ થ મ ે   છ ે
વ ર ્ ત ે   છ ે
થ ૂ ં ક ા ા ય
ચ ં પ ો
ધ ં ધ ે
શ ક ા ય
જ મ ત
ન   ઝ ઘ ડ ુ ં
દ ે ડ ક ા ં
ગ મ ો
આ મ ળ ત ુ ં   હ ો વ ુ ં
વ ા વ ો !
સ મ જ શ ો
વ ર ્ ત ુ ં
અ ર ી સ ા
ચ ે લ ી ઓ
વ ી જ આ ં ચ ક ા એ
ઉ પ ા ડ ી એ !
ન હ ી ં   આ થ મ ે
વ િ ચ ા ર ે
ન થ ી   વ ા ં ચ ત ુ ં
બ પ ૈ ય ે
ન ા ક ા ં
વ ા વ ત ુ ં   હ ો વ ુ ં
ન હ ી ં   ખ ે ડ ો
જ મ ત ુ ં   હ ત ુ ં
ન ક ા ર શ ો
સ ુ ફ ર િ ય ુ ં
દ ો ર વ ુ ં   હ ો વ ુ ં
સ મ જ ા વ વ ા ન ુ ં
ફ ગ િ ય ા એ
ન ા ખ શ ે
અ ં ગ ૂ ઠ ે
વ ા પ ર જ ે
ન   ડ ૂ બ ુ ં
જ ી ભ ડ ી ઓ
ન   જ ન ્ મ ી એ !
દ ો ડ ત ુ ં   હ ત ુ ં
ધ ા ર ો
ફ ુ વ ા ર ા ઓ
વ ધ વ ુ ં   હ ો વ ુ ં
વ િ ચ ા ર જ ે
મ ચ ુ ં ગ ા ઓ
ત ા ર ા ઓ
ન   ન ક ા ર ે
ત ા વ ડ ી વ ા જ ે
ડ ર વ ુ ં   હ ો વ ુ ં
ઢ ગ ર ે
દ ે ડ ક ે
વ ધ ી એ !
જ ી વ ન   વ ી મ ે
ન હ ો ત ુ ં   ન ડ ્ ય ુ ં
ન હ ા ઈ ન ે
ત ર ી એ
ચ ૂ ન ા એ
ન હ ી ં   સ ૂ ં ઘ ે
પ ી ળ ા પ ણ ે
સ ા ગ ુ દ ા ણ ો
ન હ ો ત ુ ં   વ ા ં ચ ્ ય ુ ં
ઉ પ ા ડ !
ન ડ ી એ !
ઝ ઘ ડ ત ુ ં   હ ો વ ુ ં
સ મ જ ા વ ી એ
આ વ ડ ો
અ ટ ક શ ે
બ ગ ડ જ ે
ન હ ી ં   લ ા વ ો
પ ર મ િ ય ે
ઢ ો ક ળ ા ં
ર ો ક ડ િ ય ા એ
પ ર ો ણ ા ઓ
ઘ ો ડ ી ઓ
પ ગ દ ડ ા ઓ
હ ા ડ ક ે
મ ો જ ા ં
દ ો ડ ો
આ પ ે
ડ ા ળ ી
ગ મ ો   છ ો
આ વ ડ ી એ   છ ી એ
વ ધ ત ુ ં   હ ો વ ુ ં
બ ન જ ે
દ ો ડ ુ ં
આ વ ડ ત ુ ં   હ ો વ ુ ં
ક ા ન દ ટ ્ ટ ે
અ પ ા ડ ો !
ક ો ત ર ુ ં   છ ુ ં
પ ુ સ ્ ત ક મ ે ળ ે
ભ મ ર ડ ે
હ ા ર ી ન ે
ન હ ી ં   દ ો ર ે
આ થ મ જ ે
ટ ો ક ળ ા એ
દ ે ડ ક ી
વ ા ં ચ ુ ં   છ ુ ં
ડ ૂ બ ી શ
ક ઠ િ ય ા ર ા ઓ
ન   ન હ ા ઓ !
ચ િ ચ ો ડ ા
ઊ ં બ ર ો ા ઓ
અ પ ા ક ર ્ ષ ુ ં
જ ય   છ ે
પ ડ ી એ !
વ ર ્ ત ી
ડ ર ી એ !
પ ી ણ ે
ર મ ક ડ ા ં ઓ
થ ૂ ં ક ી એ
સ ળ ગ ે
ન   સ મ જ ા વ ી એ !
લ ા વ ી
આ પ ુ ં
ખ ે ડ ી એ
ક ો ળ ા ં ઓ
ન થ ી   સ ા હ િ ત ્ ય ચ ો ર ત ુ ં
વ ા મ ી એ
વ ા મ ત ુ ં   હ ો ત
ન હ ા ત ુ ં   હ ત ુ ં
ન ા ખ ો   છ ો
વ ર ્ ત ો
ચ હ ે ર ા એ
ચ ુ ક ા દ ે
વ ખ ા ણ ે   છ ે
ર ડ વ ુ ં   હ ો વ ુ ં
ન હ ો ત ુ ં   સ ડ ્ ય ુ ં
સ મ જ ે
ક ા ં સ ક ા એ
ન હ ી ં   વ ખ ા ણ ો
ન હ ી ં   થ ૂ ં ક ો
દ ા ય ક ા ઓ
ન થ ી   દ ો ર ત ુ ં
વ ા વ ુ ં
ટ િ ં ગ ણ િ ય ુ ં
ર સ ી એ
બ ગ ડ ત ુ ં   હ ો વ ુ ં
પ ટ ો ળ ુ ં
ન   આ મ ળ ી એ
બ ો લ ્ ય ુ ં
અ પ ા ડ ્ ય ુ ં
સ મ જ ી
ન િ ખ ા ર ી એ
આ વ ડ ી એ !
ન ડ ો !
સ ુ ફ ર િ ય ા ં એ
શ ણ ગ ા ર વ ુ ં   હ ો વ ુ ં
પ ી ં છ ા ં ઓ
પ ે ચ િ ય ે
ન થ ી   ન ક ા ર ત ુ ં
પ ી ણ ા ં ઓ
પ ૈ ડ ે
ન હ ી ં   ઉ પ ા ડ ે
ન   થ ૂ ં ક ી એ
જ ન ્ મ શ ે
ક ા ં દ ે
ક ો ત ર ી શ
પ ુ સ ્ ત ક મ ે ળ ે
આ પ ી એ
બ ગ ડ ે
ક ા ં સ ક ા ઓ
વ ા ં ચ ી
જ મ ો
આ વ ી શ ુ ં
બ ો લ ી
ચ ા ં ચ િ ય ો
ન ા હ ે
સ ળ ગ ી
જ મ શ ે
આ વ ત ુ ં   હ ત ુ ં
વ ા મ ો
પ ૂ છ ત ુ ં   હ ો વ ુ ં
જ મ ત ુ ં   હ ો વ ુ ં
ન િ ખ ા ર ્ ય ુ ં
ન થ ી   શ ણ ગ ા ર ત ુ ં
ન   જ ણ ે
અ પ ૈ ય ા ઓ
મ ે હ ુ લ િ ય ા ઓ
બ ા ળ   લ ક વ ા ઓ
વ વ ા ય
બ ો લ ી એ
ઝ ા ડ ા ઓ
ડ ર ે
ફ ુ વ ા ર ા
ન ા ખ ી એ !
ત ા ર ે
જ ણ ી એ   છ ી એ
ન ડ ી શ
થ ૂ ં ક વ ુ ં   હ ો વ ુ ં
સ ડ ત ુ ં   હ ત ુ ં
ન ર ગ ો ટ ા એ
ન   જ મ ે
ન હ ી ં   ન ક ા ર ી એ
ન   અ પ ા ડ !
સ ્ વ વ ી મ ા
અ પ ા ક ર ્ ષ ી શ ુ ં
સ મ જ ા વ જ ે
ડ ર ો   છ ો
ઝ ા ડ ે
ન   ક ો ત ર ો !
ન ા ચ ી શ ુ ં
ન   ભ ા ળ ી એ !
સ ્ વ ી ક ા ર ી ન ે
ત ર ત ુ ં   હ ત ુ ં
ન હ ી ં   ભ ા ળ ે
ન ળ િ ય ુ ં
વ ખ ા ણ ી શ ુ ં
ડ ર ે   છ ે
અ પ ા ક ર ્ ષ ો
ન ડ ી
ચ ા ડ િ ય ા એ
પ ી ય ા
જ મ જ ે
ન ચ વ ૈ ય ા
ન   ગ મ ી એ
ન   ન ા ખ ો !
દ ી ં ટ ા
ત બ ક ્ ક ા એ
ક ુ ં વ ા ર પ ા ઠ ા
છ ત ્ ર ી વ ા જ ુ ં ા ં
થ ા પ ા એ
ન   ઝ ઘ ડ ો !
ન હ ી ં   સ મ જ ો
ન હ ી ં   શ ણ ગ ા ર ે
પ ર બ ી ડ િ ય ા ં ઓ
અ પ ા ડ !
ઝ ઘ ડ શ ે
દ ો ડ વ ા ન ુ ં
ન હ ી ં   ન ડ ો
અ ફ ી ણ િ ય ો
આ વ ડ ી
ચ ૂ ન ે
સ ા મ ા
ન   ત પ ા સ !
વ ા વ !
ન   શ ણ ગ ા ર ો
ગ ા ં જ ે
હ ા ર જ ો
વ ચ ગ ા ળ ા ઓ
ચ મ ચ ી ઓ એ
ન થ ી   દ ો ડ ત ુ ં
આ ં ચ ક ો
ર ડ ત
મ ર શ ે
ન હ ી ં   આ વ ે
ન   ર ડ ુ ં
વ ા વ વ ુ ં   હ ો વ ુ ં
ન િ ખ ા ર ે
આ થ મ ો
ફ ૂ દ ુ ં
વ ધ ુ ં
દ સ ક ા
દ ે ડ ક ે
જ મ વ ા ન ુ ં
સ ળ ગ ી એ
ન   પ ડ ો
દ ો ડ ત ુ ં   હ ો ત
ચ ા મ ા ચ ી ડ િ ય ા ં એ
ન થ ી   ક ર ત ુ ં
ક ર વ ૈ ય ો
મ ચ ુ ં ગ ે
ક ી ડ ે
સ મ જ ત ુ ં   હ ો વ ુ ં
ડ ર વ ા ન ુ ં
જ મ જ ો
વ િ ચ ા ર ી
છ ો ક ર ા
ક ર ત ુ ં   હ ો ત
ક ચ ક ડ ુ ં
આ વ ે
ન   વ ખ ા ણ ે
આ વ ડ ી ન ે
મ ો ં ઘ વ ા ર ી એ
સ ા હ િ ત ્ ય ચ ો ર ે
ડ ા ઘ ે
સ મ જ ા વ ત
ન   બ ો લ ુ ં
ત ક િ ય ા એ
પ ડ ે
ધ ર ત ી
ન   દ ો ડ ે
વ ં ટ ો ળ િ ય ા ઓ
આ થ મ ી એ
ન   ઉ પ ા ડ ો !
જ ય
ચ િ ચ ો ડ ા ઓ
મ હ િ ન ા
ક ો ત ર ો !
પ ૂ છ જ ો
જ ન ્ મ ી ન ે
ન હ ા જ ે
ચ ર ખ ા ઓ
વ ં ટ ો ળ િ ય ે
ક ર વ ુ ં   હ ો વ ુ ં
ન   પ ૂ છ ી એ !
ન હ ી ં   ઉ થ લ ા વ ી એ
પ પ ૈ ય ા ં એ
દ ી પ ડ ા ઓ
ન હ ી ં   આ વ ો
ન ા ચ વ ુ ં   હ ો વ ુ ં
ચ મ ચ ો
આ વ ડ વ ા ન ુ ં
ન ક ા ર ે   છ ે
વ ખ ા ણ ો   છ ો
પ ડ જ ે
અ પ ા ડ ી શ
થ ૂ ં ક ે   છ ે
ન હ ી ં   બ ન ે
અ પ ા ડ શ ે
અ બ ા બ ી લ   લ ટ ો ર ા ઓ
ખ ે વ ૈ ય ા ઓ
સ મ જ ો
ડ ર ત ુ ં   હ ત ુ ં
પ ી ં છ ા ં એ
આ થ મ ે
બ ગ ડ ુ ં
ડ ા ઘ ા ઓ
ખ ટ ા ર ો
થ ૂ ં ક ી એ   છ ી એ
ન હ ી ં   ન હ ા ઓ
હ ો વ ા પ ણ ા ં ઓ
હ ક ા લ શ ે
શ ણ ગ ા ર ે   છ ે
મ ો જ ા ં એ
અ છ ૂ ત પ ણ ે
વ ર ્ ત ત ુ ં   હ ો ત
ન   હ ં ક ા ર ી એ
ધ ડ ા ઓ
હ ં ક ા ર જ ે
મ ી ઠ ા વ ે ર ા ઓ
ન ા ચ ો !
ન િ શ ા ળ િ ય ે
ન હ ી ં   ક ો ત ર ે
સ ૂ ં ઘ ો
સ ળ ગ ે
હ ં ક ા ર ો
વ ર ્ ત શ ો
શ ક ો   છ ો
ક ચ ક ડ ા ં
આ ં બ ા વ ા ડ િ ય ા ં એ
વ ા પ ર ી ન ે
વ ી જ થ ા ં ભ લ ે
ચ મ ચ ા એ
પ ી ણ ા
ચ ા ડ િ ય ો
અ બ ા બ ી લ   લ ટ ો ર ે
ન   વ ખ ા ણ ે
બ ન ો   છ ો
ન ળ િ ય ા ં ઓ
બ ન ે
શ ક ી એ   છ ી એ
ન િ ખ ા ર ો
ન હ ી ં   ન ા ચ ે
ન હ ી ં   વ ા મ ો
ઉ થ લ ા વ ો
હ ક ા લ ુ ં
પ ી ળ ા પ ણ ા ં ઓ
વ ખ ા ણ ી   શ ક વ ુ ં
ન ક ા ર જ ે
ઝ ઘ ડ ી એ   છ ી એ
ન   વ ા પ ર ો
બ ગ ડ ી   શ ક વ ુ ં
ફ ુ ગ ા વ ો
ક ુ ં વ ા ર પ ા ઠ ુ ં
ક ઠ િ ય ા ર ે
વ ા પ ર ે   છ ે
આ પ ત ુ ં   હ ો ત
ન   બ ગ ડ ી એ !
છ ો ક ર ે
ન િ ખ ા ર ે
ઉ પ ા ડ ી   શ ક વ ુ ં
ન હ ો ત ુ ં   જ મ ્ ય ુ ં
ચ ૂ ં ટ ણ ી ઢ ં ઢ ે ર ે
ધ િ ર ા ણ   વ ી મ ો
ર મ ી શ
થ ૂ ં ક ે
બ ા ળ   લ ક વ ા
મ હ િ ન ે
ન   આ વ ે
ત પ ા સ ા ય
દ ો ર શ ો
ચ મ ચ ે
હ ો વ ા પ ણ ુ ં
ઉ પ ા ડ વ ુ ં   હ ો વ ુ ં
વ ી જ થ ા ં ભ લ ા ઓ
આ મ ળ શ ે
ન   શ ણ ગ ા ર ુ ં
ડ ૂ બ વ ુ ં   હ ો વ ુ ં
હ ગ ત ુ ં   હ ત ુ ં
વ ચ ગ ા ળ ો
મ ચ ુ ં ગ ે
ચ ે લ ા ં એ
બ ા ં ક ડ ા એ
વ ા વ ી એ
ઢ ગ ર ા ં એ
છ ૂ ં દ ા
ખ ે લ ા ડ ી એ
ન હ ી ં   બ ગ ડ ે
હ ૈ ય ા ં ઓ
ખ ે લ ા ડ ી ઓ એ
ન   સ ા હ િ ત ્ ય ચ ો ર ો !
વ ર ્ ત ી ન ે
ઘ ો ડ ી ઓ
ઝ ા ં પ ા એ
ન   સ ્ વ ી ક ા ર ે
ત ર ત ુ ં   હ ો વ ુ ં
મ ો ર િ ય ા એ
વ ધ શ ે
પ ી ં છ ા ં ઓ
ઘ ો ડ ી એ
આ ં બ ા વ ા ડ િ ય ા ં
ન થ ી   હ ા ર ત ુ ં
ક ૂ ત ર ા ઓ
ન હ ી ં   થ ૂ ં ક ુ ં
હ ગ ી
પ ડ ઘ ા
બ ન ી એ !
બ ન ે   છ ે
મ ા થ ે મ ી ં ડ ા ં
આ થ મ ી શ ુ ં
ઘ ર વ ે ર ા
જ ી વ ડ ા ં એ
આ વ ડ ત ુ ં   હ ત ુ ં
સ ૂ ં ઘ ુ ં
ન િ ખ ા ર શ ો
થ ા ળ ી વ ા જ ા ં ઓ
દ ે ડ ક ા એ
જ ત
ઉ થ લ ા વ ી એ
ખ ટ ા ર ા
ન   ગ મ !
ડ ૂ બ ી એ !
ન ા ખ શ ો
બ ગ ડ ે
ન થ ી   બ ો લ ત ુ ં
હ ં ક ા ર !
ડ ર જ ો
ડ ા ઘ ો
ઝ ઘ ડ ે
આ પ ી શ
આ વ ડ ી એ
અ છ ૂ ત પ ણ ા
ઈ ં ટ વ ા ડ ા એ
ર મ ી શ
પ ્ ય ા લ ો
ન   ઝ ઘ ડ ી એ !
ન   હ ગ ો !
ન   વ ખ ા ણ ુ ં
ન ા વ ણ િ ય ે
ર ો ક ડ િ ય ા
અ ં ગ ૂ ઠ ા ઓ
અ ર ી સ ા
પ ડ ો !
દ ા ય ક ે
સ ્ વ વ ી મ ા ઓ
વ ખ ા ણ ુ ં
જ ી વ ન   વ ી મ ા
વ ા વ ો
પ ત ં ગ િ ય ે
ન હ ી ં   ડ ૂ બ ુ ં
ન   વ ધ ો
ન હ ી ં   ડ ૂ બ ો
આ થ મ ી ન ે
જ વ ા ન ુ ં
ખ ં ભ ો
પ ગ ર ખ ા
વ ં શ ા વ ળ ી એ
ન હ ા શ ે
ફ ુ ગ ા વ ે
ન   ખ ે ડ ો
બ જ વ ૈ ય ા એ
પ ગ દ ડ ે
સ ડ ો
શ ક ી એ !
ચ ૂ ં ટ ણ ી ઢ ં ઢ ે ર ા ઓ
વ ર ્ ત ્ ય ુ ં
ન   વ ા મ ુ ં
વ ખ ા ણ ે
હ ગ ે
ધ િ ર ા ણ   વ ી મ ા ઓ
શ ક ી એ
વ ા પ ર ે   છ ે
ન હ ી ં   ભ ા ળ ો
ન ા ખ ો
વ મ ા ય
ચ ા મ ા ચ ી ડ િ ય ુ ં
સ મ જ ા વ ે
ઉ પ ા ડ ો   છ ો
ન હ ો ત ુ ં   અ ટ ક ્ ય ુ ં
ક ર ી શ ુ ં
વ ા પ ર ો
સ ડ ત ુ ં   હ ો ત
આ વ ુ ં   છ ુ ં
ન   ભ ા ળ ે
ત પ ા સ ે
ન િ ખ ર ા ય
ર મ શ ે
ન હ ો ત ુ ં   ક ર ્ ય ુ ં
ક ો ત ર જ ે
જ મ ે   છ ે
બ ન વ ુ ં   હ ો વ ુ ં
ન   બ ો લ ે
ન ચ વ ૈ ય ો
પ ર બ ી ડ િ ય ુ ં
ખ ે ડ ી શ
ટ ો પ લ ી દ ડ ે
છ ૂ ં દ ા એ
આ પ ો
ન થ ી   આ મ ળ ત ુ ં
થ ૂ ં ક શ ે
એ ર ુ ં
વ ખ ા ણ ી એ   છ ી એ
ન   સ ૂ ં ઘ ે
દ સ ક ા ઓ
ધ િ ર ા ણ   વ ી મ ે
વ ા મ ે
ક ો ત ર ી ન ે
ન ક ા ર ી   શ ક વ ુ ં
છ ત ્ ર ી વ ા જ ુ ં ે
વ ખ ા ણ શ ે
ધ ં ધ ો
પ ુ છ ા ય
ન ા ખ ી શ ુ ં
વ ા વ ો
વ ા વ ી એ
ન હ ી ં   વ ર ્ ત ે
જ મ ી   શ ક વ ુ ં
ગ વ ૈ ય ા
પ ર મ િ ય ા
ન હ ી ં   હ ગ ો
શ ણ ગ ા ર ત ુ ં   હ ો વ ુ ં
અ ટ ક ે   છ ે
ગ મ ી એ   છ ી એ
ન ચ વ ૈ ય ા ઓ
ડ ૂ બ ી એ
આ વ ી
ક ર જ ે
પ ડ ઘ ો
હ ૈ ય ા
સ ૂ ં ઘ ત ુ ં   હ ો ત
ક ા ં ઠ ા ઓ
મ ર ી શ
ક ી ડ ા ઓ
હ ગ ત
ત ા ર ે
ન ચ વ ૈ ય ા એ
દ ો ર ે
ન હ ી ં   સ ્ વ ી ક ા ર ો
જ ન ્ મ ્ ય ુ ં
દ સ ક ે
હ ક ા લ ો !
બ પ ૈ ય ે
ન   મ ર ો !
શ ણ ગ ા ર ી એ   છ ી એ
હ ુ ં પ ણ ુ ં
ન હ ો ત ુ ં   વ ર ્ ત ્ ય ુ ં
ન હ ી ં   આ થ મ ી એ
છ ક ડ ા ં એ
મ ર ી
પ ડ ઘ ે
વ ધ ત
વ ી જ આ ં ચ ક ા ઓ
ન હ ી ં   આ મ ળ ે
ન હ ી ં   વ ા પ ર ે
હ ી ં ચ ક ે
જ ન ્ મ જ ે
ર ડ ી
વ ા પ ર ત ુ ં   હ ત ુ ં
ક ુ ં વ ા ર પ ા ઠ ે
વ ી જ થ ા ં ભ લ ા
ડ ર ો
અ પ ા ડ ુ ં   છ ુ ં
ન હ ી ં   જ ન ્ મ ી એ
ન   ડ ર ે
ન   મ ર !
જ ી ભ ડ ી એ
વ િ ચ ા ર ી એ
પ ા ક વ ી મ ા ઓ
આ મ ળ ે   છ ે
પ ટ ો ળ ે
હ ગ ્ ય ુ ં
ન હ ી ં   દ ો ર ો
છ ત ્ ર ી વ ા જ ુ ં ુ ં
ખ ટ ા ર ા
સ ્ વ વ ી મ ે
ન હ ી ં   સ ૂ ં ઘ ુ ં
હ ા ર ્ ય ુ ં
સ ા હ િ ત ્ ય ચ ો ર ુ ં
ન   ર ડ !
મ ો ં ઘ વ ા ર ી
ન   પ ૂ છ ુ ં
હ ગ ત ુ ં   હ ો વ ુ ં
ગ ો ળ ા એ
સ મ જ ે   છ ે
એ ર ં ડ િ ય ા ં ઓ
વ ા મ શ ે
સ મ જ વ ા ન ુ ં
જ ી ં જ વ ે
મ ા ર દ ડ ા
ઘ ો ડ ા
ન   ખ ે ડ ે
ચ હ ે ર ા
ત પ ા સ ી શ
ન હ ી ં   સ મ જ ુ ં
આ ં ચ ક ે
વ ા પ ર ી શ ુ ં
ન ા ક ે
ન હ ી ં   ન િ ખ ા ર ી એ
ન   સ ૂ ં ઘ !
ક ર ી એ
ન હ ી ં   ન ા ચ ી એ
બ ો લ ી ન ે
ર મ ક ડ ા ં ઓ
સ ા ગ ુ દ ા ણ ા ઓ
ભ ળ ા ય
વ ધ ા ઈ
ત ડ ક ે
વ ધ ી શ ુ ં
ન હ ા ઓ !
ઉ થ લ ા વ ે   છ ે
સ મ જ ો   છ ો
ક ી ડ ા એ
ન ર ઘ ા ં ઓ
હ ૈ ય ા બ ળ ા પ ા
ત ડ ક ા એ
ઉ પ ા ડ વ ા ન ુ ં
ઉ પ ા ડ ી શ
ડ ૂ બ ્ ય ુ ં
ન ડ ી એ
વ ર ્ ત ી શ
ક ો ત ર ત ુ ં   હ ો વ ુ ં
થ ા પ ા
વ િ ચ ા ર ી એ !
સ ં ભ ા ર ણ ે
ન હ ી ં   ન ડ ુ ં
આ વ ડ ુ ં   છ ુ ં
ચ ૂ ં ટ ણ ી ઢ ં ઢ ે ર ે
શ ક ે   છ ે
સ ળ ગ શ ો
છ ો ક ર ા ં ઓ
ન   શ ણ ગ ા ર !
મ ા ર દ ડ ા
પ ૂ છ ે
ર મ ્ ય ુ ં
ટ ા મ ે ટ ા ં
મ ી ઠ ા વ ે ર ા
ઉ થ લ ા વ ે
મ ર ે   છ ે
છ ક ડ ા
લ ા વ ી એ
ફ ે ર િ ય ા એ
સ ્ વ ી ક ા ર ત ુ ં   હ ો વ ુ ં
બ ગ ડ ી શ ુ ં
વ ી જ આ ં ચ ક ે
જ ત ુ ં   હ ત ુ ં
આ વ ડ શ ો
ન   આ પ ી એ
છ ક ડ ે
ત ક િ ય ા
સ ડ જ ે
સ ૂ ં ઘ ી શ
ન િ ખ ા ર ુ ં
અ ટ ક ી ન ે
ક ો ત ર ે
મ ર ી એ   છ ી એ
ધ ર ત ી ઓ એ
હ ા ર ુ ં   છ ુ ં
બ ા ં ક ડ ે
ફ ે ર િ ય ે
પ ી ય ા
સ ૂ ં ઘ ી શ ુ ં
શ ક ે   છ ે
ન િ ખ ા ર ો !
ઉ થ લ ા વ વ ા ન ુ ં
જ ણ ુ ં
છ ૂ ં દ ા ઓ
બ ગ ડ ો
વ િ જ ે ત ા એ
વ ા ં ચ વ ા ન ુ ં
વ ા ં ચ ો
ડ ર ી   શ ક વ ુ ં
ખ ટ ા ર ા ઓ
ડ ૂ બ ો
ન િ ખ ા ર ત
છ ો ક ર ા
દ ો ડ ે   છ ે
દ ો ડ જ ે
વ ી મ ા
મ ા થ ે મ ી ં ડ ે
આ પ ે
ક ો શ ે ટ ા
વ ધ ે   છ ે
થ ા ળ ી ઓ
ડ ર ુ ં
ન   અ ટ ક !
અ ગ ન ગ ો ળ ે
ન િ શ ા ળ િ ય ે
ન   સ ૂ ં ઘ ુ ં
વ ધ ા ઈ
આ વ ે
ન હ ા ઈ એ   છ ી એ
સ ળ ગ ી એ   છ ી એ
ન   ત પ ા સ ો !
ન હ ી ં   હ ા ર ી એ
ઊ ં ટ ડ ા એ
ન   જ ણ ો !
હ ુ ં પ ણ ે
ઊ ં બ ર ો ા એ
ન હ ી ં   બ ો લ ો
ચ ૂ ં ઈ એ
પ ્ ય ા લ ે
ક ો ત ર ત ુ ં   હ ત ુ ં
આ થ મ ી એ   છ ી એ
વ ા મ ત ુ ં   હ ો વ ુ ં
વ િ ચ ા ર ી એ
ન ા ખ ત ુ ં   હ ો વ ુ ં
સ ૂ ં ઘ શ ો
ચ ૂ ન ા ઓ
ન ડ ી એ   છ ી એ
બ ગ ડ ે
દ ો ર ત ુ ં   હ ો વ ુ ં
દ ો ડ શ ે
ન   વ ખ ા ણ !
આ ં ક ડ ા એ
ન હ ી ં   સ ્ વ ી ક ા ર ી એ
ન ડ ્ ય ુ ં
ન   વ ા વ ી એ !
ડ ૂ બ ે   છ ે
શ ણ ગ ા ર ી શ
ન હ ો ત ુ ં   ક ો ત ર ્ ય ુ ં
ન   અ પ ા ક ર ્ ષ ી એ !
ન   ગ મ ી એ !
લ ા વ શ ો
જ ી વ ન   વ ી મ ા
સ મ ુ દ ્ ર ક ા ં ઠ ા ઓ
અ ં ગ ૂ ઠ ે
ન ર ઘ ે
આ થ મ ત ુ ં   હ ો વ ુ ં
હ ા ર ી એ   છ ી એ
ગ મ ી   શ ક વ ુ ં
અ પ ા ડ ી
ન હ ી ં   સ ૂ ં ઘ ો
દ ે ડ ક ા ં ઓ
વ ા ં ચ શ ે
ડ ર ી એ   છ ી એ
પ ્ ય ા લ ા ઓ
બ ન ી શ ુ ં
ચ મ ચ ી ઓ
આ વ ડ જ ો
ન ડ ે   છ ે
મ ર ત ુ ં   હ ત ુ ં
ચ િ ત ્ ત ા
પ ડ છ ા ય ા
થ ૂ ં ક ો !
આ પ ુ ં
ન હ ી ં   દ ો ડ ે
વ િ ચ ા ર શ ે
વ ધ ે
ન ડ વ ુ ં   હ ો વ ુ ં
પ થ ્ થ ર મ ા ર ા એ
ઉ થ લ ા વ ે
ન હ ી ં   દ ો ડ ી એ
પ ા ક વ ી મ ા ઓ
મ ી ઠ ા ં ઓ
શ ણ ગ ા ર ી શ
હ ા ર ી શ
હ ં ક ા ર ત ુ ં   હ ત ુ ં
થ ૂ ં ક વ ા ન ુ ં
ન હ ો ત ુ ં   આ પ ્ ય ુ ં
ન ા ખ ો !
ઉ થ લ ા વ જ ે
ફ ૂ દ ે
જ ણ વ ુ ં   હ ો વ ુ ં
ધ ં ધ ા ઓ
પ ી ણ ે
ર ડ ે   છ ે
જ ઈ એ
દ ે ડ ક ા ઓ
ર મ ી એ !
મ ર વ ા ન ુ ં
ક ા ં દ ા
અ પ ા ક ર ્ ષ ે
ફ ૂ લ ા ં એ
ન ા ખ !
ડ ર ી
ઓ ર ડ ા ઓ
છ ૂ ં દ ે
બ ો લ ત ુ ં   હ ત ુ ં
અ ટ ક ુ ં
ચ ુ ક ા દ ા ઓ
ન હ ા ઈ શ
વ ખ ા ણ ે   છ ે
ગ મ ી એ !
ચ ા મ ા ચ ી ડ િ ય ા
ન   ન ા ખ ે
હ ો વ ા પ ણ ા ં
આ પ ે
મ ે હ ુ લ િ ય ે
ત બ ક ્ ક ે
વ ા વ ી એ !
શ ક જ ે
ઝ ા ં પ ા
ન હ ી ં   થ ૂ ં ક ી એ
ન હ ી ં   ડ ર ી એ
ગ મ ત ુ ં   હ ત ુ ં
આ ં બ ા વ ા ડ િ ય ે
છ ૂ ં દ ા
ન ા ચ શ ે
પ ર મ િ ય ો
ઉ થ લ ા વ ા ય
ભ ા ળ ી ન ે
ન   ડ ૂ બ ી એ
આ ં ચ ક ા એ
જ ન ્ મ ત ુ ં   હ ો વ ુ ં
ઉ થ લ ા વ ી શ
ન િ ખ ા ર ી ન ે
સ ડ ી એ
બ ો લ શ ે
ત ર જ ે
ન હ ી ં   ત ર ો
આ વ ત ુ ં   હ ો વ ુ ં
ખ ે ડ ે
ભ ા ળ ે
ભ ા ળ !
અ પ ા ક ર ્ ષ ે   છ ે
ઝ ઘ ડ ે
પ ૂ છ વ ા ન ુ ં
ર ૂ પ ા
ખ ે વ ૈ ય ે
સ ળ ગ ી એ !
ભ ા ળ વ ુ ં   હ ો વ ુ ં
શ ણ ગ ા ર !
ત પ ા સ ે   છ ે
ર ં ગ ર ખ ા ં ઓ
વ ા વ ્ ય ુ ં
આ મ ળ ે
વ ા મ ી શ
અ ટ ક ે
બ ર ફ ગ ો ળ ે
જ ય ુ ં
ન હ ી ં   વ ધ ે
વ ા ં ચ ે
ન હ ો ત ુ ં   જ ણ ્ ય ુ ં
ખ ે ડ જ ે
આ મ ળ ી ન ે
ન   અ પ ા ડ ી એ
ન   હ ં ક ા ર ે
બ ા ળ   લ ક વ ો
ન ા વ ણ િ ય ા ં
ન હ ા વ ા ન ુ ં
ચ ે વ ડ ા ઓ
જ ઈ
ત ર ી શ
પ ે ચ િ ય ુ ં
હ ં ક ા ર વ ા ન ુ ં
થ ા ળ ી વ ા જ ા ં ઓ
બ પ ૈ ય ા ઓ
સ ડ ે
ક ર ે
વ ખ ા ણ ત ુ ં   હ ો ત
ઉ થ લ ા વ ી એ   છ ી એ
આ પ જ ો
વ ા મ ો   છ ો
ન િ ખ ા ર ે   છ ે
સ ્ વ ી ક ા ર ે
ચ મ ચ ી એ
મ ા ં ડ વ ે
શ ે લ ડ ી ઓ
અ ઠ વ ા ડ િ ય ા ં એ
ખ ે ડ ી એ !
ન   મ ર ો
શ ક ે
વ ા પ ર ત
ઢ ગ ર ા ં ઓ
ન   પ ડ ી એ
ન ા ક ા ં ઓ
ભ ા ળ ી શ
દ ા ય ક ા એ
ફ ૂ દ ા ં એ
ફ ુ ગ ા વ ા ઓ
ટ ો ક ળ ે
ક ર વ ૈ ય ા એ
ન   જ ઓ !
ન   ન િ ખ ા ર !
ક ર ત ુ ં   હ ત ુ ં
દ ા ં ત િ ય ા એ
ન   જ મ ો
વ ર ્ ત ે
ન   આ વ ડ ો
સ ડ ત
દ ો ડ ે
ક ી ડ ે
ન હ ી ં   હ ા ર ે
પ ી ં છ ે
ન હ ી ં   જ ન ્ મ ુ ં
ન   સ ળ ગ ે
ન થ ી   ર મ ત ુ ં
વ િ જ ે ત ા એ
ન   વ ખ ા ણ ો !
ન ા ચ ો   છ ો
આ થ મ ો
મ ી ઠ ા ં એ
પ થ ્ થ ર મ ા ર ા ઓ
ઉ પ ા ડ શ ો
આ ં બ ા વ ા ડ િ ય ા ં ઓ
આ વ ડ ુ ં
ન િ ખ ા ર વ ુ ં   હ ો વ ુ ં
ક ર વ ૈ ય ા
દ સ ક ે
ન   વ ા મ ી એ
ન હ ી ં   ર મ ે
ન હ ી ં   સ મ જ ા વ ુ ં
ન   ન ડ !
ન હ ો ત ુ ં   ડ ૂ બ ્ ય ુ ં
સ ડ ી શ
ન   અ પ ા ડ ે
ર ં ગ ર ખ ે
ન હ ો ત ુ ં   આ થ મ ્ ય ુ ં
ડ ર ે
વ િ જ ે ત ા ઓ
ન   દ ો ડ ુ ં
ત પ ા સ ત
ચ ર ખ ા
ન ા ક ા ં એ
શ ણ ગ ા ર ી એ !
દ ો ર ત ુ ં   હ ો વ ુ ં
ચ ં પ ે
જ ત ુ ં   હ ો ત
જ ી ભ ડ ી
ન   આ વ ડ ી એ
ક ૂ ત ર ા ઓ
ન   વ િ ચ ા ર ી એ !
ન હ ી ં   ક ો ત ર ુ ં
આ મ ળ ી શ
વ ા ં ચ શ ો
ન   હ ા ર ે
ન   વ ા વ ે
બ ન વ ા ન ુ ં
ભ ા ળ શ ો
ન   ન ા ખ ે
પ ડ શ ે
છ ત પ ં ખ ે
ત ર ુ ં
જ ી વ ન   વ ી મ ો
લ ા વ ી એ
ન હ ી ં   ન િ ખ ા ર ે
દ સ ક ે
ન હ ી ં   પ ડ ો
ટ ા મ ે ટ ા ં એ
પ ૂ છ ત ુ ં   હ ત ુ ં
ન હ ી ં   ડ ર ુ ં
ન   ગ મ ો
ક ો શ ે ટ ો
ન   ર ડ ો !
ડ ૂ બ ી ન ે
વ ા મ ો !
ન ર ઘ ા ં ઓ
સ ા હ િ ત ્ ય ચ ો ર ત ુ ં   હ ત ુ ં
ક ળ ી ચ ૂ ન ુ ં
ત ા ર ા
ન   સ ્ વ ી ક ા ર ી એ !
ક ૂ ત ર ા
વ ા ં ચ ત
હ ા ર ી શ
દ ા ય ક ા
ન   દ ો ડ ો !
ગ મ ુ ં
વ ા વ ી શ ુ ં
જ મ ે
થ ૂ ં ક ે
દ ો ડ ી શ
ડ ૂ બ ે   છ ે
ન હ ી ં   સ ા હ િ ત ્ ય ચ ો ર ો
સ ં પ ૂ ર ્ ણ પ ણ ા ં ઓ
ન હ ી ં   ક ર ે
ધ ર ત ી ઓ
ટ િ ં ગ ણ િ ય ા ં ઓ
સ ડ ી
શ ક ો !
ન   સ મ જ ા વ ે
ન હ ી ં   લ ા વ ે
ન ૈ ય ે
ડ ા ળ ી
ક ળ ી ચ ૂ ન ા ં ઓ
જ ી વ ન સ ં ધ ્ ય ા એ
વ િ ચ ા ર ી શ ુ ં
આ વ ડ ે
હ ૈ ય ા બ ળ ા પ ા ઓ
ન ૈ ય ે
ન   ન ક ા ર !
બ ન ા ય
સ ળ ગ ો   છ ો
એ ર ં ડ િ ય ા ં એ
ખ ટ ા ર ે
ન હ ી ં   બ ગ ડ ો
હ િ ં ડ ો ળ ો
આ મ ળ ા ઓ
પ ટ ો ળ ા ં
ટ ો ક ળ ા ઓ
જ ી ં જ વ ે
ન   ગ મ ુ ં
આ થ મ ે
અ પ ા ક ર ્ ષ વ ા ન ુ ં
સ ્ વ વ ી મ ો
સ ૂ ં ઘ વ ુ ં   હ ો વ ુ ં
ધ ં ધ ા
ન ા હ ા ઓ
ઉ પ ા ડ ી ન ે
ન   આ પ ે
પ ગ દ ડ ે
ન શ ા
ઉ થ લ ા વ ત ુ ં   હ ત ુ ં
બ ન ુ ં   છ ુ ં
હ ા ર ો
ત બ ક ્ ક ા ઓ
જ ણ ે
વ ી મ ે
શ ે ર ડ ી એ
ન   જ !
પ ી ય ા ઓ
ક ા ં ઠ ા ઓ
મ ર ્ ય ુ ં
ક ો ત ર ો
પ ડ છ ા ય ા ઓ
ક ો ત ર ી   શ ક વ ુ ં
પ ત ં ગ િ ય ા ં ઓ
ન હ ી ં   બ ન ો
ન   હ ા ર ી એ
બ ર ફ ગ ો ળ ે
ત પ ા સ ત ુ ં   હ ો ત
વ ર ્ ત જ ે
આ મ ળ ો
ન હ ી ં   હ ક ા લ ે
ક ા ં દ ે
હ ુ ં પ ણ ે
ટ િ ં ગ ણ િ ય ા ં
ન   જ ન ્ મ !
ન   ન ક ા ર ો
આ વ શ ો
ન   હ ં ક ા ર !
શ ે લ ડ ી ઓ એ
અ છ ૂ ત પ ણ ુ ં
ક ર ત ુ ં   હ ો વ ુ ં
વ ચ ગ ા ળ ા એ
મ ા ર દ ડ ો
ત ર ી શ ુ ં
સ મ જ ી એ !
ટ ો ક ળ ે
વ ા પ ર ે
જ મ શ ો
ન   સ ્ વ ી ક ા ર ો
દ ો ડ ે
આ વ ડ શ ે
ન હ ો ત ુ ં   જ ય ુ ં
આ મ ળ ી એ
ન ા વ ણ િ ય ુ ં
ન હ ી ં   આ મ ળ ે
ચ ૂ ં ઈ એ
ન   ઝ ઘ ડ ો
ન ડ ુ ં   છ ુ ં
વ ા પ ર ી
ર ૂ પ ે
આ મ ળ ત
ન થ ી   વ ા મ ત ુ ં
પ ડ વ ુ ં   હ ો વ ુ ં
ન   ભ ા ળ ુ ં
બ ા જ ર ા ઓ
પ ડ ુ ં   છ ુ ં
બ ગ ડ ુ ં   છ ુ ં
ક ા ન દ ટ ્ ટ ે
સ ૂ ં ઘ ો !
પ ર બ ી ડ િ ય ે
આ મ ળ ી
મ હ િ ન ા ઓ
ચ િ ત ્ ત ે
ઝ ઘ ડ ો
ન હ ી ં   દ ો ર ુ ં
ત પ ા સ શ ે
ન હ ી ં   અ ટ ક ે
બ ન ી   શ ક વ ુ ં
વ ધ ત ુ ં   હ ો ત
વ ી જ આ ં ચ ક ા
અ ટ ક ુ ં   છ ુ ં
ન હ ી ં   વ ા મ ી એ
જ ી વ ન સ ં ધ ્ ય ા ઓ
શ ક ત ુ ં   હ ો વ ુ ં
ન   દ ો ડ ી એ
ન   શ ણ ગ ા ર ી એ !
ન   ડ ર !
ન   દ ો ડ ી એ !
ક ો ત ર ે
બ ન ો !
ભ ા ળ ે   છ ે
જ મ ે   છ ે
સ ડ ત ુ ં   હ ો વ ુ ં
સ મ જ ા વ ે   છ ે
ડ ો ક ા ં ઓ
ધ િ ર ા ણ   વ ી મ ા
ન   ન ક ા ર ે
ગ મ ી શ
વ ર ્ ત ે
હ ી ં ચ ક ા એ
વ ખ ા ણ ી એ
સ ્ વ ી ક ા ર ્ ય ુ ં
ગ મ જ ે
થ ા ળ ી
ત પ ા સ ી શ
ન   ઉ પ ા ડ ી એ
ત ક િ ય ા ઓ
સ ં ત ર ા
ન ા ક ે
છ ક ડ ા ં ઓ
ન   બ ગ ડ ો
ત પ ા સ ુ ં   છ ુ ં
ન   અ પ ા ક ર ્ ષ ી એ
આ મ ળ !
ન હ ી ં   શ ક ી એ
જ મ ુ ં
જ ી વ ન   વ ી મ ા ઓ
ઊ ં ટ ડ ે
હ ક ા લ ે   છ ે
બ ો લ ુ ં
વ ં ટ ો ળ િ ય ે
ત પ ા સ ુ ં
સ ડ ે
વ ા ં ચ ો   છ ો
સ ુ ફ ર િ ય ે
ન   ડ ર ો
ન   બ ગ ડ ી એ
ર ં દ ો
ન હ ી ં   સ ડ ે
ન હ ી ં   ન ક ા ર ુ ં
ન હ ો ત ુ ં   વ ા પ ર ્ ય ુ ં
ક ા ન દ ટ ્ ટ ે
વ ા મ ી ન ે
હ ા ર ી એ !
પ ર ો ણ ા ઓ
ચ ૂ ં ટ ણ ી ઢ ં ઢ ે ર ા એ
થ ૂ ં ક ે
લ ા વ ્ ય ુ ં
જ જ ે
ક ૂ ત ર ો
ન   ન િ ખ ા ર ી એ
આ વ ી   શ ક વ ુ ં
ન હ ી ં   બ ો લ ે
છ ા ર ા ં
ન   આ પ ી એ !
વ ી મ ા ઓ
ન ા હ ે
ન   આ થ મ ુ ં
ન   વ ધ ો !
શ ે લ ડ ી ઓ
દ ી ં ટ ા ં એ
વ િ લ ા ય ત ી   મ ી ઠ ા ં
ક ો ત ર ી એ
ન હ ી ં   હ ા ર ુ ં
ખ ે ડ ત
ન હ ી ં   સ ડ ે
ન સ ક ો ર ે
ન થ ી   પ ૂ છ ત ુ ં
જ ણ જ ો
ન હ ી ં   દ ો ડ ુ ં
બ ા ં ક ડ ે
ક ો ત ર !
બ પ ૈ ય ા
પ ડ ઘ ે
વ ધ ો
ન   ન ા ચ ે
સ ા બ ુ દ ા ણ ા ઓ
ભ ા ળ ત ુ ં   હ ો વ ુ ં
ન થ ી   વ ા વ ત ુ ં
દ ો ર ુ ં
મ ર જ ો
ખ ં ભ ા
હ ા ર શ ો
ચ ૂ ન ા
ઢ ો ક ળ ે
સ લ ા ડ ે
ઢ ગ ર ે
ખ ે ડ ત ુ ં   હ ો વ ુ ં
ન હ ી ં   પ ૂ છ ે
વ ખ ા ણ શ ે
ન ા ખ ત ુ ં   હ ો વ ુ ં
જ ન ્ મ ો   છ ો
અ પ ા ડ ુ ં
અ પ ા ક ર ્ ષ ી
શ ણ ગ ા ર શ ે
સ ં ત ર ા ં ઓ
ન હ ો ત ુ ં   પ ૂ છ ્ ય ુ ં
ભ મ ર ડ ા
ગ ો ળ ે
ડ ૂ બ ુ ં
આ ટ ો
ખ ં ભ ા
ન   વ ર ્ ત ો
અ થ ા ણ ા ં એ
ખ ે લ ા ડ ી ઓ એ
ન હ ા ઈ એ
ન ક ા ર ુ ં
ન ડ ી એ
ક ે દ ખ ા ન ુ ં
ન   ર મ ી એ !
સ ા હ િ ત ્ ય ચ ો ર ી   શ ક વ ુ ં
ચ ા ં ચ િ ય ે
ન હ ી ં   આ વ ુ ં
સ ા હ િ ત ્ ય ચ ો ર ત
ક ર વ ા ન ુ ં
દ ે ડ ક ા
પ ર બ ી ડ િ ય ે
ન હ ો ત ુ ં   મ ર ્ ય ુ ં
અ પ ા ક ર ્ ષ ુ ં   છ ુ ં
થ ૂ ં ક !
શ ક શ ો
સ ળ ગ ી શ
ઉ થ લ ા વ વ ુ ં   હ ો વ ુ ં
શ ક ી શ
આ મ ળ ે   છ ે
ન   ન ડ ુ ં
જ ણ શ ે
ગ મ ા ય
આ થ મ ે
પ ા ક વ ી મ ા
સ ા હ િ ત ્ ય ચ ો ર વ ા ન ુ ં
મ ો જ ા ં ઓ
ખ ે ડ ત ુ ં   હ ો વ ુ ં
ફ ુ ગ ા વ ા
ન ૈ ય ે
પ ટ ો ળ ા ં એ
દ ો ર ે   છ ે
ઉ પ ા ડ ી
ફ ુ ગ ા વ ા એ
પ ી ળ ા પ ણ ા ં એ
છ ક ડ ા ં ઓ
હ ં ક ા ર ે
ન   શ ણ ગ ા ર ી એ
દ ા ય ક ે
સ ડ ી એ   છ ી એ
ન   આ મ ળ ો !
ત પ ા સ ત ુ ં   હ ો વ ુ ં
વ ા મ ે
સ ો ન ા ં એ
અ ગ ન ગ ો ળ ે
ન   ત ર ુ ં
ન થ ી   સ ળ ગ ત ુ ં
પ ડ ો
દ ો ડ ે   છ ે
ડ ૂ બ ત ુ ં   હ ો ત
ભ ા ળ શ ે
ન   વ ા મ ી એ !
ન   ક ર ે
દ ો ર ી શ ુ ં
ડ ર ્ ય ુ ં
વ ી જ થ ા ં ભ લ ે
ન હ ી ં   સ મ જ ે
ન   આ વ ડ ી એ !
છ ત ્ ર ી વ ા જ ુ ં ા ં ઓ
ઝ ા ં પ ે
હ ં ક ા ર ે
ક ર વ ૈ ય ે
ન   દ ો ડ ે
ન   મ ર ુ ં
ન હ ી ં   દ ો ર ે
ધ ડ ા એ
ક ો શ ે ટ ે
શ ક ત ુ ં   હ ો વ ુ ં
ન ર ગ ો ટ ે
જ ી ભ ડ ી ઓ એ
ન િ શ ા ળ િ ય ે
જ ન ્ મ ી   શ ક વ ુ ં
પ ડ !
હ ૈ ય ુ ં
સ ડ ી   શ ક વ ુ ં
ન   ન ક ા ર ી એ
સ મ જ ા વ ો !
ન હ ી ં   વ ા ં ચ ે
જ ઈ એ
ન   ર ડ ી એ
ન   જ ણ ો
ન   સ ા હ િ ત ્ ય ચ ો ર ે
સ ા બ ુ દ ા ણ ે
પ ી ય ે
ભ ા ળ ી શ
ક ા ં ઠ ે
ન   બ ો લ ો !
વ ા વ શ ે
ન   વ ધ ે
ગ મ ે
આ મ ળ શ ે
ન હ ી ં   ર મ ુ ં
શ ક શ ે
ન   ઉ થ લ ા વ ી એ !
સ ં ઘ ા ડ ા ઓ
સ ૂ ં ઘ ી એ
અ પ ા ય
ક ે દ ખ ા ન ા
બ જ વ ૈ ય ે
સ ં પ ૂ ર ્ ણ પ ણ ે
ઘ સ િ ય ા એ
અ ર ી સ ા એ
આ પ ે   છ ે
વ િ જ ે ત ા ઓ એ
ઝ ઘ ડ !
ન હ ી ં   શ ણ ગ ા ર ી એ
શ ક ત ુ ં   હ ો ત
જ ન ્ મ શ ો
દ ો ર ે
ન િ શ ા ળ િ ય ો
હ ં ક ા ર ી એ !
સ ડ ી એ
ન િ શ ા ળ િ ય ા ઓ
ન િ ભ ા ડ ા
હ ૈ ય ા બ ળ ા પ ા
ભ ા ળ ુ ં
આ મ ળ ી એ !
ન   વ ખ ા ણ ી એ !
સ ્ વ ી ક ા ર ત ુ ં   હ ત ુ ં
ન   સ મ જ ી એ !
જ ણ ી   શ ક વ ુ ં
વ ખ ા ણ ે
થ ા પ ો
વ િ જ ે ત ા ઓ
ન હ ી ં   સ ડ ો
ન હ ી ં   આ પ ો
ક ો ગ ળ િ ય ા ં
થ ૂ ં ક ત
પ ૂ છ ી
ડ ૂ બ ી એ   છ ી એ
ન   હ ગ !
ઉ પ ા ડ જ ે
વ ી જ થ ા ં ભ લ ે
ન હ ી ં   આ વ ી એ
ક ો ળ ે
વ ા વ ે   છ ે
ક ે દ ખ ા ન ા ં ઓ
આ થ મ ુ ં   છ ુ ં
આ વ ે
પ ા ક વ ી મ ો
આ વ ડ !
સ ા હ િ ત ્ ય ચ ો ર જ ો
લ ા વ ી શ ુ ં
પ ગ ર ખ ા ં ઓ
જ ન ્ મ ો
ખ ે વ ૈ ય ા ઓ
વ ા ં ચ ત ુ ં   હ ો વ ુ ં
ન હ ો ત ુ ં   અ પ ા ક ર ્ ષ ્ ય ુ ં
વ ી જ બ ત ્ ત ી ઓ એ
ખ ં ભ ે
સ સ લ ી ઓ
ન હ ી ં   બ ન ુ ં
અ ં ગ ૂ ઠ ા ઓ
ક ો શ ે ટ ે
ચ ા ં ચ િ ય ે
આ થ મ ુ ં
પ ગ દ ડ ા
બ ો લ જ ે
શ ણ ગ ા ર ો
ચ ા ં ચ િ ય ા
ન ક ા ર ત ુ ં   હ ો ત
બ ં બ ા એ
ન હ ી ં   જ ણ ુ ં
ત ક િ ય ો
ન હ ી ં   ન ા ખ ે
ટ ા મ ે ટ ા ં ઓ
ડ ા ળ ી ઓ એ
હ ા ર ત ુ ં   હ ત ુ ં
થ ૂ ં ક ુ ં
ન   લ ા વ ો
ન   ન ા ચ ો !
વ ધ ો !
ન   ગ મ ે
ન થ ી   ન િ ખ ા ર ત ુ ં
ડ ર ી ન ે
વ ા વ શ ો
હ ં ક ા ર ી એ
પ પ ૈ ય ે
ધ ં ધ ે
સ ા હ િ ત ્ ય ચ ો ર ુ ં
છ ો ક ર ે
સ ા હ િ ત ્ ય ચ ો ર શ ે
સ ્ વ ી ક ા ર ે   છ ે
ન   અ પ ા ડ ો
આ પ ી એ   છ ી એ
પ ડ ઘ ે
વ ા વ ી શ
ન   આ થ મ ે
વ ધ ો   છ ો
દ ી પ ડ ો
ન હ ી ં   અ પ ા ડ ે
સ ્ વ વ ી મ ા
ર મ ી
ગ મ જ ો
સ ા બ ુ દ ા ણ ે
જ ણ ે   છ ે
સ ં ઘ ા ડ ે
ન ડ ત ુ ં   હ ો ત
લ ા વ ો
ક ા ન દ ટ ્ ટ ા એ
ર ડ ી ન ે
વ ર ્ ત !
ન હ ી ં   વ ખ ા ણ ુ ં
ચ ૂ ં ટ ણ ી ઢ ં ઢ ે ર ો
છ ો ક ર ા ઓ
સ મ ુ દ ્ ર ક ા ં ઠ ા
ન   હ ક ા લ ો
ન ક ા ર ત ુ ં   હ ો વ ુ ં
ટ ા મ ે ટ ે
પ ડ ી એ
હ ં ક ા ર ો !
શ ક ો
ઢ ગ ર ા
સ ૂ ં ઘ ે
ન   અ પ ા ક ર ્ ષ ો !
છ ો ક ર ે
અ મ ળ ા ય
પ ર બ ી ડ િ ય ા
સ ા હ િ ત ્ ય ચ ો ર ત ુ ં   હ ો વ ુ ં
વ ા મ ી એ
દ ો ડ ો   છ ો
ઉ ટ ા ં ટ િ ય ે
પ ્ ય ા લ ા
ઈ ં ટ વ ા ડ ા ઓ
પ ડ ઘ ા એ
હ ગ જ ો
ન   જ ન ્ મ ે
ન દ ી ઓ એ
સ ા હ િ ત ્ ય ચ ો ર ી શ
ખ ે ડ ી શ ુ ં
અ છ ૂ ત પ ણ ા ં
જ ય   છ ે
લ ા વ !
ત બ ક ્ ક ા
પ ૂ છ ુ ં
વ ા પ ર વ ુ ં   હ ો વ ુ ં
ર મ ી એ   છ ી એ
ન હ ી ં   જ ણ ી એ
ન   જ ન ્ મ ી એ
સ ા બ ુ દ ા ણ ે
થ ા ળ ી એ
આ વ ડ ો   છ ો
સ ્ વ ી ક ા ર ા ય
વ િ ચ ા ર ે
ન હ ી ં   સ મ જ ા વ ી એ
અ પ ા ક ર ્ ષ ો
ન   વ ર ્ ત ી એ
ન ા ચ ી એ
ક ે દ ખ ા ન ા ં
ન સ ક ો ર ા ં ઓ
હ ા ડ ક ા ં ઓ
ન   હ ગ ી એ
સ ા હ િ ત ્ ય ચ ો ર શ ે
અ પ ા ડ ો
આ વ ત
દ ો ડ ો !
ન   સ મ જ ી એ
સ ા હ િ ત ્ ય ચ ો ર ે   છ ે
બ ો લ ે
સ સ લ ી
સ ળ ગ ે
ગ ા ં જ ા ઓ
ક ર વ ૈ ય ે
અ ઠ વ ા ડ િ ય ે
અ ં ગ ૂ ઠ ા
ફ િ ર સ ્ ત ા ઓ
ઈ ં ટ વ ા ડ ા ઓ
દ સ ક ા ઓ
વ ા પ ર ી એ
ચ ુ ક ા દ ે
ન હ ી ં   ક ો ત ર ો
ન ા ચ ી   શ ક વ ુ ં
શ ક ી શ
ચ િ ચ ો ડ ે
એ ર ં ડ િ ય ા ં ઓ
વ ખ ા ણ શ ો
સ મ જ શ ે
ર ડ જ ો
વ ા પ ર ી એ   છ ી એ
ત ડ ક ે
ન   સ મ જ ા વ ો
ન હ ા ઈ   શ ક વ ુ ં
ર મ ત
થ ા ળ ી ઓ એ
સ ળ ગ જ ો
ન થ ી   અ પ ા ક ર ્ ષ ત ુ ં
ફ ુ ગ ા વ ા
ત ડ ક ો
ન હ ો ત ુ ં   ડ ર ્ ય ુ ં
જ ણ જ ે
દ ો ડ ી શ
ન હ ી ં   સ ડ ુ ં
ત ર ત
ન ર ગ ો ટ ે
ન િ ખ ા ર !
ડ ર ી એ
દ સ ક ા એ
ત ા વ ડ ી વ ા જ ા
સ ા હ િ ત ્ ય ચ ો ર ી એ   છ ી એ
જ ડ બ ા
દ ો ર ી શ
વ ં શ ા વ ળ ી ઓ
સ મ જ ા વ જ ો
ઉ પ ા ડ ત ુ ં   હ ો વ ુ ં
અ ઠ વ ા ડ િ ય ે
ર ં ગ ર ખ ા ં
સ લ ા ડ ા
હ ા ર ે
ન હ ી ં   લ ા વ ુ ં
પ પ ૈ ય ા
સ લ ા ડ ા ં ઓ
આ મ ળ વ ુ ં   હ ો વ ુ ં
પ ડ છ ા ય ો
ચ ૂ ં ઈ ઓ
ક ર ે
પ ી ળ ા પ ણ ે
મ ર ુ ં
મ ર ે
ત પ ા સ જ ે
ત પ ા સ ી ન ે
ન ર ઘ ા
પ ગ ર ખ ા ં ઓ
ન   ન હ ા ઈ એ !
ત પ ા સ ે
છ ો ક ર ે
જ ન ્ મ ત ુ ં   હ ો ત
ન   ભ ા ળ ો !
હ ગ ા ય
ન   દ ો ર ે
પ ી છ ા ં એ
અ છ ૂ ત પ ણ ે
જ ી વ ન સ ં ધ ્ ય ા ઓ એ
ન થ ી   ક ો ત ર ત ુ ં
વ ર ્ ત ો
ન હ ો ત ુ ં   ઝ ઘ ડ ્ ય ુ ં
હ ં ક ા ર શ ે
ન હ ી ં   બ ો લ ી એ
આ મ ળ ે
પ ડ ્ ય ુ ં
ન થ ી   જ ણ ત ુ ં
ક ા ં ઠ ા
દ ો ડ ો
ન   ર મ ુ ં
થ ૂ ં ક ી શ
બ ગ ડ ત ુ ં   હ ો વ ુ ં
શ ણ ગ ા ર જ ો
હ ૈ ય ે
વ ર ્ ત ી એ   છ ી એ
વ ા મ ી   શ ક વ ુ ં
સ ા ગ ુ દ ા ણ ે
ર મ ક ડ ા
થ ા ળ ી વ ા જ ે
થ ા ળ ી
ન થ ી   ડ ૂ બ ત ુ ં
ન ા ખ ી એ
ઉ થ લ ા વ ી
પ ટ ો ળ ે
ક ો ત ર ત
ક ર ો   છ ો
વ ા મ ે
સ ો ન ા ં
દ ો ર શ ે
ન હ ી ં   મ ર ે
ન હ ો ત ુ ં   ર મ ્ ય ુ ં
ન થ ી   અ પ ા ડ ત ુ ં
ન હ ી ં   જ ન ્ મ ે
આ વ જ ો
ન   જ ન ્ મ ો
સ ્ વ ી ક ા ર ો !
પ ત ં ગ િ ય ા ં ઓ
ર મ ક ડ ે
આ પ ે
ન િ ખ ા ર ે
આ થ મ ી એ !
ન   જ ણ ુ ં
ડ ર ત ુ ં   હ ો વ ુ ં
ર મ ે   છ ે
જ મ ે
ન   બ ગ ડ ે
સ મ જ ી એ
દ ો ર ે
પ ુ સ ્ ત ક મ ે ળ ા એ
સ લ ા ડ ા ં એ
ડ ર ે
ક ો ત ર ુ ં
બ ા ં ક ડ ો
મ ર ો   છ ો
અ પ ા ડ ત ુ ં   હ ો વ ુ ં
બ ગ ડ ી શ
ન િ શ ા ળ િ ય ે
બ ર ફ ગ ો ળ ા ઓ
ન   અ પ ા ક ર ્ ષ ો
પ ડ ા ય
જ ડ બ ુ ં
બ ો લ જ ો
જ મ ી શ
શ ક ી
ઘ ર વ ે ર ે
હ ગ ો
સ મ જ ા વ ે
સ ુ ફ ર િ ય ા ં
પ ્ ય ા લ ા
હ િ ં ડ ો ળ ા એ
શ ણ ગ ા ર વ ા ન ુ ં
અ બ ા બ ી લ   લ ટ ો ર ે
બ ગ ડ ુ ં
ખ ે ડ ી એ   છ ી એ
લ ા વ વ ા ન ુ ં
ચ ૂ ં ઈ ઓ એ
ખ ે ડ ો
અ પ ૈ ય ે
ન   સ ડ ી એ !
ન   ક ો ત ર ી એ !
સ ્ વ ી ક ા ર ે
મ ા ં ડ વ ો
વ િ લ ા ય ત ી   મ ી ઠ ે
ન   બ ન ો !
આ પ ત ુ ં   હ ત ુ ં
ડ ો ક ા ં
ભ ા ળ ુ ં
ન   વ િ ચ ા ર ો
ન ડ શ ો
ડ ૂ બ ો !
આ થ મ ો   છ ો
ન   હ ગ ે
બ ગ ડ જ ો
ચ િ ત ્ ત ા
વ ા ં ચ ી એ   છ ી એ
વ િ લ ા ય ત ી   મ ી ઠ ા ં ઓ
ખ ે ડ ે
પ ૂ છ શ ો
ક ઠ િ ય ા ર ા
ન હ ી ં   ન ડ ે
છ ે ક ણ ી
મ ી ઠ ે
ન હ ી ં   ન ા ખ ે
પ ડ શ ો
ન હ ી ં   ઝ ઘ ડ ે
ઘ ર વ ે ર ે
ન   થ ૂ ં ક ુ ં
સ મ જ ા વ ી
હ ક ા લ ો
સ મ જ ુ ં
પ ૂ છ ી એ   છ ી એ
ન   સ ળ ગ ુ ં
ભ ા ળ જ ો
ન ા હ ા એ
વ ા મ ત ુ ં   હ ો વ ુ ં
ન   ઉ થ લ ા વ !
લ ા વ ે
પ પ ૈ ય ા ં ઓ
ન ડ ો
બ ગ ડ ી એ
આ વ ો
વ ા મ ે   છ ે
દ ે ડ ક ા ં ઓ
ન હ ી ં   હ ં ક ા ર ી એ
બ ા જ ર ા
દ ો ડ ત ુ ં   હ ો વ ુ ં
વ ખ ા ણ ે
ત બ ક ્ ક ે
ડ ો ક ા ં ઓ
ચ િ ત ્ ત ા એ
ત ા વ ડ ી વ ા જ ે
ફ ગ િ ય ો
સ ળ ગ ો !
વ ખ ા ણ ત ુ ં   હ ો વ ુ ં
ક ો ગ ળ િ ય ે
ન હ ી ં   અ પ ા ડ ે
ન   બ ન ે
હ ી ં ચ ક ે
થ ૂ ં ક ો
ન   વ િ ચ ા ર !
ઉ ટ ા ં ટ િ ય ા ં એ
ત પ ા સ જ ો
અ ઠ વ ા ડ િ ય ા ં ઓ
ડ ા ઘ ા
વ ા પ ર ત ુ ં   હ ો વ ુ ં
શ ણ ગ ા ર ો
વ ધ ્ ય ુ ં
વ ા પ ર વ ા ન ુ ં
મ ો ર િ ય ે
ન   પ ડ ો !
જ ઈ   શ ક વ ુ ં
ઘ ો ડ ે
ક ર ી
મ ર ો
ક ો ળ ા
ન   શ ણ ગ ા ર ે
ર મ શ ો
સ ા હ િ ત ્ ય ચ ો ર વ ુ ં   હ ો વ ુ ં
આ વ ત ુ ં   હ ો ત
આ થ મ !
મ ર ો
ન હ ી ં   સ મ જ ા વ ે
ઘ ો ડ ી ઓ એ
વ ધ વ ા ન ુ ં
ન હ ી ં   શ ણ ગ ા ર ુ ં
ધ ડ ે
જ ણ ે
જ ી વ ન   વ ી મ ા એ
છ ત પ ં ખ ા
બ ા જ ર ા
ક ા ં ઠ ે
ન   જ મ !
ક ૂ ત ર ા એ
જ ઉ ં
ક ા ં સ ક ા
ત ર !
અ ગ ન ગ ો ળ ા એ
બ ન ત ુ ં   હ ો વ ુ ં
ન હ ી ં   સ ્ વ ી ક ા ર ે
મ ર ુ ં
ગ ા ં જ ા
ન   ન ા ખ ી એ !
વ ધ ી એ
ન   ન ા ચ ે
ઢ ો ક ળ ુ ં
આ વ ો
દ ો ર !
સ ળ ગ ત ુ ં   હ ો ત
શ ે લ ડ ી ઓ એ
વ ા ં ચ ત ુ ં   હ ત ુ ં
સ ા હ િ ત ્ ય ચ ો ર ા ય
જ ન ્ મ ી એ !
ખ ે ડ શ ો
જ મ ી એ
અ ફ ી ણ િ ય ે
વ ર ્ ત ી શ
ટ ા મ ે ટ ે
ડ ૂ બ ુ ં
અ બ ા બ ી લ   લ ટ ો ર ે
છ ત પ ં ખ ે
બ ા ં ક ડ ે
જ હ ા જ વ ા ડ ા ઓ
ધ ા ર ા ઓ
ઝ ઘ ડ ુ ં
અ થ ા ણ ા ં
ઝ ઘ ડ ી
ન હ ી ં   ર ડ ે
થ ૂ ં ક ુ ં
ન   સ મ જ ુ ં
ન હ ી ં   ત ર ી એ
જ ન ્ મ ુ ં   છ ુ ં
ચ ૂ ન ે
ન ૈ ય ા ં ઓ
ન હ ી ં   અ પ ા ડ ી એ
આ મ ળ ે
ફ ૂ દ ા ં ઓ
ક ઠ િ ય ા ર ે
સ ં ભ ા ર ણ ે
વ ર ્ ત ત
વ ા પ ર ે
ન હ ી ં   ત ર ે
જ ી ં જ વ ા
વ ર ્ ત શ ે
ર ં દ ે
દ ી પ ડ ે
સ ્ વ ી ક ા ર ત
ન હ ી ં   ડ ર ે
સ ા હ િ ત ્ ય ચ ો ર ી ન ે
પ ર મ િ ય ા
ત પ ા સ ુ ં
પ ે ચ િ ય ા ં ઓ
ડ ા ઘ ા
સ ં પ ૂ ર ્ ણ પ ણ ે
ચ િ ચ ો ડ ા
પ ે ચ િ ય ા ં
દ ો ડ ી
ડ ૂ બ ત
ર ં ગ ર ખ ે
ન હ ી ં   ક ર ે
આ થ મ ી એ
વ ખ ા ણ ્ ય ુ ં
પ ા ક વ ી મ ે
શ ક ી શ ુ ં
સ ્ વ ી ક ા ર ી એ
ભ મ ર ડ ા
અ પ ૈ ય ે
ઉ થ લ ા વ ત ુ ં   હ ો વ ુ ં
ક ચ ક ડ ા ં એ
ઢ ો ક ળ ા ં એ
ન હ ી ં   બ ગ ડ ુ ં
ન ા ચ ે   છ ે
સ ડ ે   છ ે
હ ા ર ુ ં
ન ક ા ર ી ન ે
ન   ડ ૂ બ ે
બ ગ ડ ે   છ ે
બ ગ ડ ્ ય ુ ં
ઊ ં ટ ડ ા ઓ
ચ ે વ ડ ે
એ ર ા ં
ગ ા ં જ ો
ન   વ િ ચ ા ર ે
ન ળ િ ય ા ં
ન હ ી ં   વ ા મ ુ ં
ર સ ી ઓ
આ ં બ ા વ ા ડ િ ય ા
ક ં સ ા ર ે
વ િ લ ા ય ત ી   મ ી ઠ ા ં ઓ
હ ા ડ ક ા ં ઓ
ન   પ ૂ છ ી એ
વ ં ટ ો ળ િ ય ા
ન હ ી ં   ત પ ા સ ુ ં
સ મ જ ા વ ુ ં
જ ત ુ ં   હ ો વ ુ ં
અ પ ા ક ર ્ ષ ત
ચ ે લ ી
હ ગ શ ે
ચ ૂ ન ા ઓ
અ પ ા ક ર ્ ષ ્ ય ુ ં
આ મ ળ ા એ
ઝ ઘ ડ ી એ !
પ ે ચ િ ય ે
સ ્ વ ી ક ા ર ી એ !
ન થ ી   સ ડ ત ુ ં
ન હ ી ં   વ ા મ ે
સ ૂ ં ઘ ્ ય ુ ં
ચ ુ ક ા દ ા એ
ર મ જ ે
ઉ થ લ ા વ ્ ય ુ ં
ર મ ુ ં
ક ા ં સ ક ે
ન ડ ા ય
ફ ે ફ સ ે
ક ર ુ ં
ત ક િ ય ા ઓ
ઘ સ િ ય ા
ફ ુ ગ ા વ ે
વ ા ં ચ ે   છ ે
ન હ ી ં   પ ૂ છ ુ ં
ન િ ખ ા ર ી એ   છ ી એ
ત ર ી ન ે
જ ી વ ન સ ં ધ ્ ય ા એ
ત પ ા સ શ ો
ચ િ ચ ો ડ ા એ
ક ર ી એ
સ ૂ ં ઘ ત ુ ં   હ ો વ ુ ં
સ ડ શ ો
ન   ન ડ ો
ન િ શ ા ળ િ ય ે
ખ ે ડ ત ુ ં   હ ો ત
ન ા ખ ી   શ ક વ ુ ં
શ ક વ ુ ં   હ ો વ ુ ં
શ ણ ગ ા ર ત ુ ં   હ ો ત
ન   ત પ ા સ ી એ
થ ૂ ં ક ે   છ ે
અ પ ા ક ર ્ ષ વ ુ ં   હ ો વ ુ ં
મ ર શ ે
ત ર શ ો
ફ ૂ લ ા ં ઓ
ભ ા ળ ી એ !
છ ો ક ર ા
ન   ઉ થ લ ા વ ુ ં
જ ન ્ મ ો !
હ ી ં ચ ક ા ઓ
હ ક ા લ ત ુ ં   હ ત ુ ં
ન હ ી ં   હ ક ા લ ો
ન   પ ડ ુ ં
સ ળ ગ જ ે
જ હ ા જ વ ા ડ ે
વ ા મ જ ો
અ પ ા ક ર ્ ષ ો   છ ો
ન ચ વ ૈ ય ે
મ ા ં ડ વ ે
સ ા ગ ુ દ ા ણ ે
ન હ ી ં   જ ન ્ મ ો
ન હ ી ં   વ ધ ે
ન   જ ણ !
થ ૂ ં ક ી ન ે
વ પ ર ા ય
ન ડ ત ુ ં   હ ત ુ ં
વ ા વ ા ઝ ો ડ ા ં ઓ
ફ ુ વ ા ર ા એ
સ ં ભ ા ર ણ ા ં ઓ
ઉ થ લ ા વ ુ ં
ટ િ ં ગ ણ િ ય ા
સ ૂ ં ઘ શ ે
જ ન ્ મ ી શ
સ ા હ િ ત ્ ય ચ ો ર ુ ં   છ ુ ં
ન   જ ઉ ં
ઝ ઘ ડ ત ુ ં   હ ત ુ ં
ગ વ ૈ ય ે
ક ો ગ ળ િ ય ુ ં
સ ા ગ ુ દ ા ણ ા
બ ગ ડ વ ા ન ુ ં
ન શ ો
ન ો ર ત ે
પ ર ો ણ ે
ત ર ે
ન   હ ક ા લ ી એ
ગ ા ં જ ા એ
ન   વ ા ં ચ ી એ
પ ્ ય ા લ ા એ
ત ક િ ય ે
સ ળ ગ ી   શ ક વ ુ ં
ર મ ત ુ ં   હ ો ત
ન સ ક ો ર ા
ભ ા ળ ત ુ ં   હ ત ુ ં
ન ા વ ણ િ ય ા ં ઓ
ન ા ચ ે
વ ર ્ ત ે   છ ે
છ ા ર ા ં ઓ
છ ૂ ં દ ે
હ ક ા લ ે
ન હ ી ં   સ ળ ગ ી એ
જ ન ્ મ ે
સ ં ભ ા ર ણ ે
ન   ન ડ ે
ચ ે વ ડ ા
શ ણ ગ ા ર ી એ
હ ૈ ય ા બ ળ ા પ ા એ
ડ ો ક ે
ફ ૂ લ ે
ન ા ચ ો
વ ચ ગ ા ળ ે
હ ા ડ ક ા ં એ
પ ત ં ગ િ ય ુ ં
ન   આ વ ડ ે
ન િ ખ ા ર ી એ !
ન હ ી ં   થ ૂ ં ક ે
ક ો શ ે ટ ા ઓ
સ મ જ જ ો
ન સ ક ો ર ે
હ ી ં ચ ક ા ઓ
લ ા વ જ ો
ન હ ી ં   ઝ ઘ ડ ુ ં
મ ર શ ો
ન હ ો ત ુ ં   આ મ ળ ્ ય ુ ં
દ ો ર ત ુ ં   હ ો ત
શ ક ુ ં   છ ુ ં
મ ર ી   શ ક વ ુ ં
દ ો ડ ુ ં   છ ુ ં
ટ ો ક ળ ા ઓ
વ ા વ વ ા ન ુ ં
ન િ ખ ા ર શ ે
ન   હ ક ા લ ે
ઉ પ ા ડ ી એ
ક ર વ ૈ ય ા
ઉ થ લ ા વ ત ુ ં   હ ો વ ુ ં
છ ે ક ણ ી એ
ન હ ી ં   ન િ ખ ા ર ુ ં
ડ ર શ ો
જ ણ ો !
ક ો ળ ે
દ ે ડ ક ે
ન   આ થ મ ો !
ક ો ત ર ે   છ ે
બ ા જ ર ો
લ ા વ ે   છ ે
ન હ ી ં   દ ો ર ી એ
ન થ ી   આ પ ત ુ ં
અ ટ ક શ ો
હ ા ર ી   શ ક વ ુ ં
સ ં ત ર ે
ન િ શ ા ળ િ ય ા
ખ ટ ા ર ા એ
ન   દ ો ડ ો
ન   વ ા વ ુ ં
છ ો ક ર ા ઓ
ગ ો ળ ે
આ પ ત
ન હ ો ત ુ ં   જ ન ્ મ ્ ય ુ ં
પ ગ ર ખ ે
ઝ ઘ ડ ી   શ ક વ ુ ં
ન ા ખ ે
ટ ો પ લ ી દ ડ ા એ
ર ૂ પ ા ં એ
અ પ ા ક ર ્ ષ !
સ ્ વ વ ી મ ે
ન હ ો ત ુ ં   લ ા વ ્ ય ુ ં
ખ ે ડ ુ ં
આ મ ળ ો
ક ો ત ર ો
ક ી ડ ો
બ ો લ ો
દ ો ર ુ ં
અ પ ા ડ જ ે
વ ખ ણ ા ય
વ િ ચ ા ર ો !
પ ૂ છ શ ે
દ ો ડ જ ો
આ ં ક ડ ો
ચ ર ખ ો
ક ા ં સ ક ો
ર ડ ્ ય ુ ં
ર ં ગ ર ખ ા ં એ
અ પ ા ડ ે   છ ે
આ ં ક ડ ે
મ ો જ ા
ન હ ી ં   બ ન ે
પ ડ વ ા ન ુ ં
ક ળ ી ચ ૂ ન ા ં
વ ા મ શ ો
પ થ ્ થ ર મ ા ર ો
ન   શ ક ો
ક ર ો !
ઢ ો ક ળ ે
ન હ ા ય
ક ી ડ ે
મ ર ત ુ ં   હ ો વ ુ ં
વ િ ચ ા ર ો
ક ચ ક ડ ા
લ ા વ ી શ
વ ા ં ચ જ ો
ક ો ત ર ી શ
સ મ જ ા વ ો   છ ો
દ ો ર ો   છ ો
ન હ ી ં   ક ર ી એ
ઢ ો ક ળ ે
પ ડ ઘ ા ઓ
ન ડ જ ે
ન   અ પ ા ક ર ્ ષ ુ ં
થ ા ળ ી ઓ
પ ી ણ ુ ં
જ ન ્ મ ી એ
વ ા ં ચ ી શ ુ ં
અ પ ા ડ જ ો
ગ વ ૈ ય ો
ન   ઉ થ લ ા વ ે
ત ા ર ો
પ ત ં ગ િ ય ા ં એ
બ પ ૈ ય ો
ક ો શ ે ટ ા ઓ
સ ળ ગ શ ે
ક ી ડ ા
ઓ ર ડ ા એ
અ ટ ક ી શ
હ ગ ે   છ ે
ન ક ા ર વ ુ ં   હ ો વ ુ ં
દ ો ર ી એ   છ ી એ
સ ં ઘ ા ડ ો
ન   શ ણ ગ ા ર ો !
મ ા થ ે મ ી ં ડ ા ં ઓ
મ ો જ ે
પ ૂ છ ો
સ ા હ િ ત ્ ય ચ ો ર ી શ ુ ં
ભ ા વ વ ધ ા ર ા એ
થ ા પ ા ઓ
સ ્ વ ી ક ા ર ી શ
ચ ે વ ડ ા ઓ
ન ો ર ત ા ં ઓ
છ ક ડ ે
ગ ા ં જ ા ઓ
ન   સ ડ ો
પ ી છ ે
ન હ ો ત ુ ં   પ ડ ્ ય ુ ં
બ ો લ ી શ
સ ળ ગ ત
ખ ે ડ ી શ
ટ ો ક ળ ે
ક ો ત ર ે
સ મ જ ા વ ુ ં   છ ુ ં
સ ા બ ુ દ ા ણ ા ઓ
ગ ા ં જ ા
ન ા ખ વ ા ન ુ ં
દ ો ડ ્ ય ુ ં
હ ં ક ા ર ુ ં   છ ુ ં
બ ા જ ર ા એ
શ ણ ગ ા ર શ ે
વ ી જ આ ં ચ ક ે
ન શ ે
જ હ ા જ વ ા ડ ા એ
આ વ ડ ે
ખ ે વ ૈ ય ો
આ ટ ા ઓ
આ ટ ે
ચ ુ ક ા દ ો
ઝ ઘ ડ ુ ં   છ ુ ં
પ ગ ર ખ ા ં એ
ન ક ા ર ત ુ ં   હ ત ુ ં
ઉ પ ા ડ ે   છ ે
ન હ ી ં   વ ા ં ચ ુ ં
ચ ૂ ન ો
અ ટ ક ે
પ ગ દ ડ ા
ન હ ી ં   જ મ ે
ન ા ખ જ ો
ન હ ી ં   વ ધ ો
દ ો ડ ા ય
બ ો લ ી   શ ક વ ુ ં
ન   દ ો ર ો !
બ ો લ ો !
ન   દ ો ર ુ ં
ન ક ા ર ે
ન   વ ા વ ો
મ ી ઠ ા ં ઓ
વ ા ં ચ ત ુ ં   હ ો વ ુ ં
બ ો લ ત ુ ં   હ ો ત
સ મ જ ા વ ી શ
સ મ જ ત ુ ં   હ ો વ ુ ં
ઝ ા ડ ા ઓ
ઉ થ લ ા વ શ ે
બ ો લ ે
સ લ ા ડ ા ં ઓ
ખ ે ડ ા ય
ક ો ળ ા ં ઓ
ન થ ી   વ િ ચ ા ર ત ુ ં
પ ૈ ડ ા ં
ફ ે ફ સ ા
ન હ ો ત ુ ં   આ વ ડ ્ ય ુ ં
પ ૂ છ !
થ ૂ ં ક ુ ં   છ ુ ં
લ ા વ ે
આ પ ી એ !
ન   સ ા હ િ ત ્ ય ચ ો ર ી એ !
ન ા ચ ુ ં   છ ુ ં
પ ડ છ ા ય ા
વ ી મ ે
દ ે ડ ક ા ઓ
પ ડ જ ો
ત ા વ ડ ી વ ા જ ા ં ઓ
પ ી છ ુ ં
હ ુ ં પ ણ ા ં એ
હ ા ર ો
બ ન જ ો
આ વ ી એ
દ ા ય ક ા
સ ડ !
પ ૂ છ ી એ !
અ પ ા ક ર ્ ષ ી એ !
હ ં ક ા ર ત ુ ં   હ ો વ ુ ં
ન   અ ટ ક ો !
હ ક ા લ ત
ત ર શ ે
ઈ ં ટ વ ા ડ ે
ત ર ત ુ ં   હ ો ત
હ ક ા લ ુ ં   છ ુ ં
વ િ ચ ા ર ી શ
ન હ ી ં   ક ર ુ ં
ર મ ક ડ ુ ં
આ થ મ શ ો
ન હ ી ં   ત પ ા સ ી એ
ન   ન િ ખ ા ર ે
વ ી જ થ ા ં ભ લ ા એ
ર મ ી એ
ન હ ી ં   ઉ પ ા ડ ી એ
ર ડ ુ ં
વ િ લ ા ય ત ી   મ ી ઠ ે
પ ે ચ િ ય ા
ર મ ો
પ ડ છ ા ય ે
ચ હ ે ર ો
અ ટ ક ્ ય ુ ં
ર ૂ પ ા ં
ત ર વ ા ન ુ ં
દ ો ર ે
ફ ે ફ સ ુ ં
ચ ે વ ડ ો
ન હ ો ત ુ ં   વ ા વ ્ ય ુ ં
વ ા પ ર ત ુ ં   હ ો ત
ન   આ વ ી એ !
સ મ જ ે
વ ા પ ર શ ે
આ પ ી
સ ૂ ં ઘ ો   છ ો
ર મ ે
ન   ન ા ચ !
પ ડ છ ા ય ે
સ ્ વ ી ક ા ર ો
ન   ઉ પ ા ડ ે
ડ ર ી એ
છ ક ડ ે
ક ો ત ર ે   છ ે
સ ં પ ૂ ર ્ ણ પ ણ ે
ન   થ ૂ ં ક ી એ !
વ ા મ ી
સ ં ત ર ા ં
અ થ ા ણ ા ં ઓ
ગ મ ે   છ ે
ન   થ ૂ ં ક !
ભ ા ળ શ ે
થ ૂ ં ક ત ુ ં   હ ત ુ ં
વ ી જ આ ં ચ ક ે
પ ર બ ી ડ િ ય ા ં ઓ
પ ૂ છ ો   છ ો
જ ણ ે
જ હ ા જ વ ા ડ ે
પ ગ દ ડ ે
ન હ ી ં   હ ક ા લ ુ ં
ન હ ી ં   અ પ ા ડ ુ ં
અ પ ા ક ર ્ ષ ે   છ ે
ન   ખ ે ડ ો !
ઉ પ ા ડ ે
બ ન ત ુ ં   હ ો ત
હ ગ ી શ ુ ં
બ ો લ ો   છ ો
ન   સ મ જ ે
ન હ ી ં   ઉ થ લ ા વ ે
આ મ ળ ી શ ુ ં
ચ ં પ ા ઓ
પ ુ સ ્ ત ક મ ે ળ ા ઓ
ફ ે ર િ ય ે
ન હ ા ય ુ ં
ઝ ઘ ડ ે   છ ે
અ પ ા ક ર ્ ષ શ ે
ક ર વ ૈ ય ા ઓ
ડ ર ુ ં
વ ી જ બ ત ્ ત ી ઓ
ન   બ ગ ડ ુ ં
ઊ ં બ ર ો ે
ખ ે ડ ો !
હ ા ર ો !
ન હ ી ં   અ ટ ક ે
જ ઈ એ   છ ી એ
ન હ ી ં   બ ો લ ુ ં
ન ચ વ ૈ ય ે
ઉ પ ા ડ ે
સ ળ ગ ્ ય ુ ં
ન ા હ ા
ન   સ ા હ િ ત ્ ય ચ ો ર ે
ન હ ી ં   આ વ ડ ો
ઈ ં ટ વ ા ડ ા
ન ા ક ુ ં
ક ે દ ખ ા ન ે
ર સ ી ઓ એ
ન   અ પ ા ડ ે
ચ ા દ ા ન ી ઓ એ
અ પ ા ક ર ્ ષ ી એ   છ ી એ
બ ન ી ન ે
ન   અ ટ ક ી એ
ન હ ી ં   ન િ ખ ા ર ો
ટ િ ં ગ ણ િ ય ે
આ મ ળ ે
ર ા જ ી ન ા મ ા ં
પ ડ ત ુ ં   હ ો વ ુ ં
ન   ડ ર ી એ !
ડ ર ે
આ વ ડ ્ ય ુ ં
ન   જ મ ે
અ ર ી સ ા ઓ
જ ણ ી શ
પ ર મ િ ય ે
ન   હ ક ા લ !
ખ ે ડ !
બ પ ૈ ય ા એ
એ ર ં ડ િ ય ે
મ ર ે
શ ણ ગ ા ર ે
ર ં ગ ર ખ ુ ં
આ પ ત ુ ં   હ ો વ ુ ં
ન હ ી ં   સ ૂ ં ઘ ે
વ ા પ ર ુ ં
ક ર વ ૈ ય ે
ર મ વ ુ ં   હ ો વ ુ ં
ન   ન હ ા ય
ન િ ભ ા ડ ો
શ ણ ગ ા ર જ ે
થ ૂ ં ક ી   શ ક વ ુ ં
ન ા ખ ી ન ે
બ ન શ ે
ફ ૂ લ ે
હ ં ક ા ર ુ ં
વ િ ચ ા ર ા ય
પ ૈ ડ ે
હ ા ર ી
બ ો લ ે   છ ે
ડ ૂ બ ી
જ મ ી શ ુ ં
હ ગ ો !
સ ં ઘ ા ડ ે
જ ન ્ મ ે   છ ે
સ મ ુ દ ્ ર ક ા ં ઠ ે
ભ ા વ વ ધ ા ર ે
જ ડ બ ે
ફ ગ િ ય ા
ન થ ી   શ ક ત ુ ં
શ ે લ ડ ી એ
ન હ ી ં   મ ર ુ ં
બ ો લ ી શ
ન હ ા ય   છ ે
ન થ ી   વ ધ ત ુ ં
બ ં બ ે
આ વ ડ ુ ં
અ ફ ી ણ િ ય ા ઓ
ન હ ી ં   ઝ ઘ ડ ો
ન   વ ા ં ચ !
ગ મ વ ા ન ુ ં
વ િ ચ ા ર ી એ   છ ી એ
હ ા ર ે   છ ે
ચ હ ે ર ે
ન ા ચ શ ો
આ વ ડ ો
હ ગ !
છ ત ્ ર ી વ ા જ ુ ં ે
હ ક ા લ શ ે
જ ઈ શ
સ ં ઘ ા ડ ે
વ ં શ ા વ ળ ી
મ ર ી એ
મ ો ં ઘ વ ા ર ી ઓ એ
ર ં દ ા ઓ
આ વ ડ ી   શ ક વ ુ ં
ન   વ ા પ ર ે
ઓ ર ડ ા
ક ા ં દ ા ઓ
વ ા વ ે
ર ડ ી એ !
મ ે હ ુ લ િ ય ો
ચ ે લ ે
એ ર ે
હ ક ા લ શ ો
ન હ ા ઉ ં
આ થ મ ત ુ ં   હ ો ત
વ ા વ ી   શ ક વ ુ ં
છ ત ્ ર ી વ ા જ ુ ં ા ં એ
પ ર ો ણ ા એ
દ ો ડ ત
દ ા ય ક ા ઓ
જ ી વ ન   વ ી મ ે
દ ા ં ત િ ય ા
ન   સ મ જ ો
ર ડ ો   છ ો
આ વ ુ ં
ક ો ત ર ુ ં
ઝ ઘ ડ ે
હ ગ ુ ં   છ ુ ં
અ ં ગ ૂ ઠ ો
ફ ે ફ સ ા ં ઓ
મ ો ં ઘ વ ા ર ી
ન ા ચ ુ ં
ક ો ત ર શ ે
ઉ થ લ ા વ શ ો
ધ ડ ે
ઝ ા ં પ ા
શ ણ ગ ા ર ુ ં
વ ર ્ ત ી એ
વ ખ ા ણ ે
ઝ ઘ ડ ી શ
સ ડ શ ે
જ ી ભ ડ ી એ
ડ ૂ બ ુ ં   છ ુ ં
મ ર ે
ડ ર ા ય
ન ડ ત ુ ં   હ ો વ ુ ં
પ થ ્ થ ર મ ા ર ે
ક ે દ ખ ા ન ે
ન   હ ં ક ા ર ી એ !
સ મ જ ા વ ી એ
ખ ે ડ ી એ
ન િ ભ ા ડ ે
ક ો ગ ળ િ ય ે
મ ો ં ઘ વ ા ર ી ઓ
ર મ ક ડ ે
ત પ ા સ ો !
ચ મ ચ ા
ન િ શ ા ળ િ ય ુ ં
વ ધ ી શ
ન હ ી ં   આ મ ળ ી એ
વ ખ ા ણ ી શ
સ ડ ી ન ે
હ ગ શ ે
ન   વ ા ં ચ ુ ં
ન   સ ડ ી એ
ફ ૂ લ ુ ં
ન   ર મ ો
ક ા ન દ ટ ્ ટ ા ઓ
ન   જ મ ો !
પ ી છ ા
ન હ ી ં   મ ર ી એ
ન   ખ ે ડ ે
ન   સ મ જ ે
ન હ ી ં   ક ો ત ર ે
ન થ ી   મ ર ત ુ ં
ન   અ પ ા ડ ુ ં
પ ડ ઘ ા ઓ
હ ક ા લ ા ય
બ ન ત
ચ મ ચ ે
ભ ા ળ ્ ય ુ ં
ક ી ડ ા
સ મ જ ા વ શ ે
ન હ ી ં   હ ગ ે
વ િ ચ ા ર ુ ં
ન ા ખ ે
ન   લ ા વ ો !
ખ ે ડ ે   છ ે
હ ં ક ા ર ો
ઘ ો ડ ી
ઉ પ ા ડ ુ ં
સ મ જ ે
ન   ક ો ત ર ો
પ ી છ ા ં ઓ
જ ન ્ મ ી
હ ક ા લ ી   શ ક વ ુ ં
ઉ થ લ ા વ ો !
ઘ ર વ ે ર ા
થ ૂ ં ક ી એ
ન હ ી ં   લ ા વ ી એ
ન ા ચ ી શ
આ મ ળ જ ો
ન હ ી ં   હ ં ક ા ર ે
સ ્ વ ી ક ા ર ી શ
વ ખ ા ણ ો
ન ો ર ત ા
આ પ ી શ ુ ં
ઝ ા ડ ા એ
ન ક ા ર વ ા ન ુ ં
ચ મ ચ ે
ન   ન ડ ી એ !
ર મ ે
પ ૂ છ ત ુ ં   હ ો ત
ન ા હ ા
ધ ા ર ે
ન   અ પ ા ક ર ્ ષ !
લ ા વ ી એ   છ ી એ
શ ે લ ડ ી
બ ો લ ત ુ ં   હ ો વ ુ ં
શ ક ી   શ ક વ ુ ં
સ ્ વ ી ક ા ર ી શ ુ ં
ઉ પ ા ડ ો !
વ ા વ ો   છ ો
ન   હ ગ ો
ન ા ખ વ ુ ં   હ ો વ ુ ં
ઉ પ ા ડ ત
આ પ ્ ય ુ ં
ન   બ ગ ડ !
ધ ડ ા
ન   ત ર ો
પ ડ ત ુ ં   હ ો ત
જ ી ં જ વ ો
ઊ ં ટ ડ ે
ન હ ી ં   વ ા ં ચ ો
ખ ે ડ શ ે
અ પ ા ડ ે
સ મ જ ો !
ન   અ પ ા ડ ો !
ન   આ પ ુ ં
દ ે ડ ક ા
ન થ ી   ન ા ચ ત ુ ં
ડ ા ળ ી એ
ર ા જ ી ન ા મ ે
વ િ ચ ા ર ત ુ ં   હ ો વ ુ ં
અ પ ૈ ય ો
ન   શ ક ુ ં
ત ર ે   છ ે
હ ા ર ે
સ ા હ િ ત ્ ય ચ ો ર ો   છ ો
ન હ ી ં   જ ન ્ મ ે
મ ે હ ુ લ િ ય ા
વ ા મ ો
લ ા વ શ ે
ન ા ક ે
ન હ ા જ ો
જ ન ્ મ ે
શ ક જ ો
શ ક ી ન ે
ત ર ે
સ મ જ ા વ ે   છ ે
ત ર ે
ગ મ ો
ન ૈ ય ુ ં
ન હ ી ં   ઉ થ લ ા વ ુ ં
હ ગ ો   છ ો
દ ો ડ ી એ   છ ી એ
સ ળ ગ ત ુ ં   હ ત ુ ં
ઘ ર વ ે ર ા એ
ક ો ત ર ત ુ ં   હ ો વ ુ ં
ક ઠ િ ય ા ર ા
ઢ ો ક ળ ા
ન   સ ળ ગ ો !
પ ડ ો
અ ઠ વ ા ડ િ ય ા ં
એ ર ં ડ િ ય ા
ન દ ી
ચ ૂ ં ટ ણ ી ઢ ં ઢ ે ર ા ઓ
સ મ જ શ ે
ન   વ ા ં ચ ો
ન હ ી ં   આ પ ે
ન હ ી ં   ર ડ ી એ
ક ા ં ઠ ા એ
ન શ ે
વ ર ્ ત ી   શ ક વ ુ ં
ઉ પ ા ડ ી શ
હ ક ા લ ી એ !
સ ્ વ ી ક ા ર ી
ન હ ી ં   આ પ ી એ
ન હ ો ત ુ ં   વ િ ચ ા ર ્ ય ુ ં
ચ ૂ ન ા
ભ ા ળ ે
અ ટ ક વ ા ન ુ ં
હ ગ ુ ં
ન ા ખ ે
ન   લ ા વ ી એ !
વ ા ં ચ ે
જ ન ્ મ ી એ   છ ી એ
ન હ ી ં   મ ર ો
પ થ ્ થ ર મ ા ર ે
ધ ડ ે
જ ડ બ ા ં એ
સ ળ ગ ી ન ે
જ ન ્ મ ે   છ ે
જ ણ ્ ય ુ ં
ઉ પ ા ડ ્ ય ુ ં
વ ખ ા ણ ત
ન થ ી   જ ત ુ ં
ચ ે લ ી
હ ં ક ા ર શ ો
જ મ ત ુ ં   હ ો ત
ન   ત ર ે
ત ર ો
વ ા પ ર ે
ર ા જ ી ન ા મ ુ ં
પ ૂ છ ત ુ ં   હ ો વ ુ ં
ક ં સ ા ર ા ઓ
હ ં ક ા ર ી શ ુ ં
ન   ડ ૂ બ ી એ !
સ ૂ ં ઘ શ ે
ડ ૂ બ ી શ ુ ં
અ ટ ક શ ે
ત પ ા સ ો   છ ો
ક ે દ ખ ા ન ા ં ઓ
સ લ ા ડ ે
અ પ ા ક ર ્ ષ ત ુ ં   હ ો વ ુ ં
ક ચ ક ડ ે
સ ા બ ુ દ ા ણ ા
ઓ ર ડ ા ઓ
પ ી ં છ ે
પ ડ ઘ ા
હ ક ા લ વ ા ન ુ ં
આ મ ળ ે
ચ ા ં ચ િ ય ા ઓ
અ પ ા ડ ી ન ે
વ ધ !
ન ા ખ ો
સ મ જ ત ુ ં   હ ો ત
ભ ા ળ વ ા ન ુ ં
દ ી પ ડ ા ઓ
ઉ ટ ા ં ટ િ ય ે
હ ક ા લ ે   છ ે
ફ ુ વ ા ર ે
જ મ ી ન ે
સ ૂ ં ઘ ે
ન હ ી ં   ન ા ખ ો
ન   હ ં ક ા ર ો !
પ ડ છ ા ય ે
બ ન ત ુ ં   હ ત ુ ં
પ ર ો ણ ે
બ ગ ડ શ ે
શ ણ ગ ા ર ો !
જ ન ્ મ ો
ન હ ી ં   હ ક ા લ ે
દ ો ર ો
સ ં પ ૂ ર ્ ણ પ ણ ા ં
ન   ન ા ખ !
ન   ન ડ ી એ
અ પ ા ક ર ્ ષ જ ો
અ પ ા ડ શ ે
સ ્ વ ી ક ા ર શ ે
ર ડ !
ન   વ ધ ે
સ ા બ ુ દ ા ણ ા એ
ગ મ ુ ં
ન   જ મ ી એ !
ન હ ી ં   આ વ ે
ન   આ મ ળ ો
સ ળ ગ ો
ન હ ો ત ુ ં   બ ો લ ્ ય ુ ં
આ વ ડ ી એ
હ ા ડ ક ુ ં
જ શ ે
છ ા ર ુ ં
ભ ા વ વ ધ ા ર ે
ન   સ ્ વ ી ક ા ર !
ન   હ ા ર ુ ં
વ ી જ બ ત ્ ત ી
ચ ં પ ા ઓ
ન ડ ે
છ ા ર ે
ન હ ી ં   ર ડ ે
જ ી વ ન સ ં ધ ્ ય ા ઓ એ
ઝ ઘ ડ ો   છ ો
હ ં ક ા ર શ ે
ન   ત ર ો !
ક ં સ ા ર ે
ફ ુ વ ા ર ો
ન હ ી ં   હ ગ ી એ
ન   ન િ ખ ા ર ી એ !
અ પ ા ડ ો
ન ર ગ ો ટ ા
ન િ ભ ા ડ ે
ન   વ ા પ ર !
ન   બ ો લ ી એ
બ ા ળ   લ ક વ ે
ન   ન ા ખ ો
વ ા વ ુ ં   છ ુ ં
ન   ન ા ચ ો
અ ટ ક ો
હ ક ા લ ી એ   છ ી એ
વ ધ ી
ન ૈ ય ા ં
દ ા ં ત િ ય ે
સ ૂ ં ઘ ી   શ ક વ ુ ં
ક ૂ ત ર ા
આ ં ચ ક ા
પ થ ્ થ ર મ ા ર ા
બ ો લ વ ુ ં   હ ો વ ુ ં
ન ા ચ !
સ ા હ િ ત ્ ય ચ ો ર જ ે
ન   સ ળ ગ ી એ
ન ા ખ ુ ં   છ ુ ં
વ ા ં ચ જ ે
ક ર શ ો
વ ા મ ુ ં
ન િ ખ ા ર જ ો
ડ ૂ બ ો
ન   ઉ પ ા ડ ી એ !
ફ ે ર િ ય ા ઓ
વ ા વ ે
ચ ા ડ િ ય ા
ન ક ા ર ી એ
ર ડ શ ે
ક ચ ક ડ ે
બ ા ં ક ડ ા
ત પ ા સ ે
ગ મ વ ુ ં   હ ો વ ુ ં
ખ ે ડ ો
ગ મ ્ ય ુ ં
હ ૈ ય ે
ન િ ખ ા ર ુ ં
સ ા હ િ ત ્ ય ચ ો ર શ ો
આ પ શ ે
વ ધ ુ ં   છ ુ ં
ભ ા વ વ ધ ા ર ા
ન સ ક ો ર ે
અ થ ા ણ ા ં ઓ
જ ી ં જ વ ા ઓ
વ િ ચ ા ર ્ ય ુ ં
છ ો ક ર ુ ં
ર ડ ે
જ ણ ો
ફ ે ર િ ય ા
બ ો લ વ ા ન ુ ં
વ ા મ ે   છ ે
પ થ ્ થ ર મ ા ર ા ઓ
ત ડ ક ા
વ ધ ા ઈ એ
શ ણ ગ ા ર ી શ ુ ં
જ ી વ ડ ા ં ઓ
પ ે ચ િ ય ા ં એ
સ ળ ગ ી શ ુ ં
આ મ ળ ો !
ન ા ચ ે   છ ે
દ ો ડ શ ો
દ ો ડ શ ે
ન ા હ ે
ભ ા ળ જ ે
ચ ે લ ા
ફ ૂ દ ા ં ઓ
હ ા ર ે
ન   અ પ ા ડ ી એ !
ક ો ત ર ી એ !
ર મ ક ડ ા ં
ન હ ો ત ુ ં   અ પ ા ડ ્ ય ુ ં
સ સ લ ી ઓ એ
ન ા વ ણ િ ય ે
મ ા થ ે મ ી ં ડ ા
ન ો ર ત ા ં એ
દ ે ડ ક ા ં એ
લ ા વ ો !
ક ઠ િ ય ા ર ા ઓ
સ મ જ !
ન હ ી ં   અ પ ા ડ ો
સ ્ વ ી ક ા ર ો
ચ ા મ ા ચ ી ડ િ ય ા ં
ઘ સ િ ય ે
ભ ા ળ ે
ન   સ ળ ગ !
ર ડ ત ુ ં   હ ો વ ુ ં
ત ડ ક ા ઓ
ન હ ી ં   દ ો ડ ે
પ ગ દ ડ ો
આ વ ડ ા ય
ઉ પ ા ડ ે   છ ે
ન શ ા ઓ
ઝ ા ડ ે
આ વ ડ ો !
ન હ ી ં   ઝ ઘ ડ ે
જ ઈ એ !
જ ણ ા ય
ન ડ ુ ં
ન હ ી ં   અ પ ા ક ર ્ ષ ે
ક ઠ િ ય ા ર ો
હ ગ ે
છ ત પ ં ખ ા ઓ
ધ ા ર ે
ન   ડ ર ે
ઝ ા ડ ા
વ ા પ ર ો   છ ો
ર ો ક ડ િ ય ે
ન હ ી ં   ભ ા ળ ે
હ ક ા લ ે
ત ર ્ ય ુ ં
એ ર ા ં ઓ
ર ા જ ી ન ા મ ા
ક ર શ ે
ન   ઉ થ લ ા વ ો !
પ ી ય ે
ન   ઝ ઘ ડ ે
ચ ર ખ ા
ભ ા ળ ી એ   છ ી એ
વ ખ ા ણ ુ ં   છ ુ ં
ન   બ ન ુ ં
સ મ જ ા વ ી શ ુ ં
સ ો ન ે
હ ા ર ે   છ ે
ડ ો ક ા
ન ા ચ ે
ફ િ ર સ ્ ત ો
આ થ મ વ ા ન ુ ં
ન ા ચ જ ો
વ ર ્ ત ત ુ ં   હ ત ુ ં
સ ં ઘ ા ડ ા
ન ા ખ ્ ય ુ ં
વ ા ં ચ ો
સ મ જ ી   શ ક વ ુ ં
ન   ન ક ા ર ુ ં
ન   આ વ ો
હ ગ ી ન ે
ઉ થ લ ા વ શ ે
બ ા જ ર ે
પ ડ શ ે
પ ી છ ે
ન   પ ડ ે
ઝ ઘ ડ શ ો
ન   વ ા મ ો !
અ પ ા ક ર ્ ષ ી એ
શ ણ ગ ા ર ી એ
મ ો ર િ ય ે
વ ખ ા ણ ી એ !
ન   ત પ ા સ ે
અ પ ૈ ય ા એ
ચ ા ડ િ ય ા
થ ૂ ં ક ત ુ ં   હ ો વ ુ ં
જ ણ ત ુ ં   હ ો વ ુ ં
પ ૂ છ ્ ય ુ ં
ભ ા ળ ો !
ન થ ી   ગ મ ત ુ ં
ન હ ો ત ુ ં   દ ો ડ ્ ય ુ ં
ન   જ મ ુ ં
જ મ ુ ં
હ િ ં ડ ો ળ ે
ટ ો પ લ ી દ ડ ો
હ ો વ ા પ ણ ા ં ઓ
ન હ ી ં   ક ર ો
બ ં બ ો
અ ટ ક ત ુ ં   હ ો ત
ફ ે ર િ ય ે
બ પ ૈ ય ા
સ ો ન ા ં ઓ
ટ િ ં ગ ણ િ ય ા ં ઓ
ગ ો ળ ા
છ ત પ ં ખ ો
ન   વ ર ્ ત ુ ં
ન હ ી ં   ઉ પ ા ડ ુ ં
ઝ ઘ ડ શ ે
દ ા ં ત િ ય ે
વ િ ચ ા ર ી શ
ડ ૂ બ ે
અ ગ ન ગ ો ળ ા ઓ
બ ર ફ ગ ો ળ ા ઓ
મ ે હ ુ લ િ ય ે
ન ળ િ ય ે
ન હ ી ં   વ ર ્ ત ો
વ ી જ બ ત ્ ત ી ઓ એ
ન િ ખ ા ર જ ે
ઉ પ ા ડ ા ય
મ હ િ ન ા એ
ન ક ા ર !
દ ી ં ટ ા ં
શ ણ ગ ા ર ુ ં   છ ુ ં
સ ્ વ ી ક ા ર વ ુ ં   હ ો વ ુ ં
હ ક ા લ ુ ં
સ ા હ િ ત ્ ય ચ ો ર ે
સ સ લ ી ઓ
બ ો લ શ ે
જ ી ભ ડ ી ઓ
ઓ ર ડ ે
ઝ ઘ ડ ત ુ ં   હ ો વ ુ ં
વ િ ચ ા ર ે
ન હ ી ં   સ ળ ગ ુ ં
વ ા ં ચ ી ન ે
લ ા વ ો   છ ો
આ વ ો !
છ ો ક ર ે
વ ી જ થ ા ં ભ લ ો
ચ ા ં ચ િ ય ે
વ ધ ે
હ ં ક ા ર ી એ
વ ા મ વ ા ન ુ ં
ન હ ી ં   આ થ મ ે
ન   ભ ા ળ !
ન હ ી ં   જ ણ ે
વ ા મ !
ચ ા ં ચ િ ય ા એ
સ ડ ે
ક ા ં ઠ ા
પ ી છ ે
ન   ર મ ો !
ચ ા દ ા ન ી
ડ ૂ બ !
શ ણ ગ ા ર ે
ર ં દ ે
આ વ !
ક ા ં સ ક ા
ચ હ ે ર ા ઓ
આ મ ળ ત ુ ં   હ ો વ ુ ં
ગ મ ે
ફ ે ર િ ય ો
ન હ ી ં   સ મ જ ા વ ો
બ ો લ ે
ન હ ી ં   ભ ા ળ ી એ
અ થ ા ણ ે
ન હ ી ં   વ ખ ા ણ ે
અ ગ ન ગ ો ળ ે
સ ં ત ર ા ં ઓ
ન હ ા ત
ખ ે લ ા ડ ી
આ મ ળ ી શ
આ મ ળ ા ઓ
ન ર ઘ ે
સ મ ુ દ ્ ર ક ા ં ઠ ે
ન થ ી   ત પ ા સ ત ુ ં
ન   સ ૂ ં ઘ ો
ન હ ા ય
ન હ ી ં   ન ા ચ ુ ં
ન ા ચ ો
ક ુ ં વ ા ર પ ા ઠ ા ં ઓ
ન ા ચ ત ુ ં   હ ો વ ુ ં
ર મ ત ુ ં   હ ો વ ુ ં
ક ો ગ ળ િ ય ા
ચ ે લ ી એ
લ ા વ ી ન ે
શ ે ર ડ ી ઓ
ન   સ મ જ ા વ ી એ
ન ા ખ ી શ
મ ા ં ડ વ ા એ
ઉ થ લ ા વ ી   શ ક વ ુ ં
ગ મ ુ ં   છ ુ ં
હ ં ક ા ર વ ુ ં   હ ો વ ુ ં
જ ી ભ ડ ી ઓ એ
ન   મ ર ી એ !
મ ી ઠ ા વ ે ર ે
ન   શ ણ ગ ા ર ે
ન હ ો ત ુ ં   ર ડ ્ ય ુ ં
દ ો ર ો
હ ા ર !
ચ ે વ ડ ે
દ ે ડ ક ુ ં
વ ર ્ ત ી એ
વ ા પ ર ી શ
મ ર ે   છ ે
જ મ ો !
મ ો ં ઘ વ ા ર ી ઓ એ
ત ડ ક ે
ખ ે ડ ે   છ ે
ધ ા ર ા એ
ધ િ ર ા ણ   વ ી મ ા ઓ
અ પ ા ક ર ્ ષ ુ ં
અ ગ ન ગ ો ળ ા ઓ
પ ુ સ ્ ત ક મ ે ળ ે
વ ા મ ે
દ ે ડ ક ી ઓ એ
શ ક ો
પ થ ્ થ ર મ ા ર ા
ન થ ી   વ ર ્ ત ત ુ ં
ન હ ી ં   ખ ે ડ ુ ં
ન ા ચ ી એ   છ ી એ
ન   સ ્ વ ી ક ા ર ી એ
ભ ા વ વ ધ ા ર ા ઓ
ન ર ગ ો ટ ા ઓ
ત પ ા સ ી એ   છ ી એ
મ હ િ ન ા
પ ી ણ ા ં ઓ
પ પ ૈ ય ુ ં
શ ણ ગ ા ર ે   છ ે
મ ર ો !
છ ક ડ ા ં
ત પ ા સ ી એ
ઉ થ લ ા વ ુ ં
સ ૂ ં ઘ ે
ન   જ ણ ી એ !
ત ર શ ે
ચ ે લ ા ં
ઈ ં ટ વ ા ડ ે
ન   હ ા ર ો
ન   હ ં ક ા ર ો
હ ો વ ા પ ણ ા
વ ા ં ચ ી એ
ડ ર ત ુ ં   હ ો વ ુ ં
ન   વ ા વ !
ર ડ શ ો
ન િ શ ા ળ િ ય ા એ
અ પ ા ડ ત ુ ં   હ ો ત
મ ો ર િ ય ા
આ વ ી એ
ન   સ ળ ગ ી એ !
જ ન ્ મ ી શ
પ ્ ય ા લ ે
છ ૂ ં દ ે
ન િ ભ ા ડ ા ઓ
મ ા ર દ ડ ા ઓ
વ ા વ ુ ં
સ ્ વ ી ક ા ર ત ુ ં   હ ો વ ુ ં
શ ે ર ડ ી ઓ એ
ન   હ ા ર ો !
બ ગ ડ ી
મ ી ઠ ા વ ે ર ો
ન ા ખ ુ ં
બ ો લ ે
ર ડ શ ે
ઉ થ લ ા વ ે
શ ણ ગ ા ર ત ુ ં   હ ત ુ ં
વ િ ચ ા ર ુ ં
સ ્ વ ી ક ા ર ે   છ ે
પ ડ ી
મ ા ં ડ વ ા
ન   ત ર ી એ
ન   ઉ થ લ ા વ ો
ઉ થ લ ા વ જ ો
ચ ે લ ે
ર ો ક ડ િ ય ે
ન   જ ય
ન હ ી ં   આ વ ડ ે
સ ળ ગ ત ુ ં   હ ો વ ુ ં
વ ા પ ર ો !
ન હ ો ત ુ ં   ઉ થ લ ા વ ્ ય ુ ં
ચ ે લ ી ઓ એ
મ ચ ુ ં ગ ા
પ ૂ છ ી શ ુ ં
ન   સ ળ ગ ે
અ ટ ક ી એ   છ ી એ
સ ં ત ર ે
ન હ ી ં   વ િ ચ ા ર ો
અ પ ા ક ર ્ ષ ા ય
ઘ ો ડ ો
છ ત પ ં ખ ે
વ ા પ ર ે
સ ુ ફ ર િ ય ે
ખ ે વ ૈ ય ા
ન   અ પ ા ક ર ્ ષ ે
ન ક ા ર ે   છ ે
જ ઉ ં   છ ુ ં
દ ી પ ડ ે
હ ક ા લ ે
બ જ વ ૈ ય ા
આ ં ચ ક ા
સ ળ ગ ે   છ ે
ખ ે ડ શ ે
આ વ ડ શ ે
આ વ ડ ે
ઝ ઘ ડ વ ુ ં   હ ો વ ુ ં
આ પ ી ન ે
ર ૂ પ ે
પ પ ૈ ય ે
હ િ ં ડ ો ળ ે
છ ત પ ં ખ ા
ડ ો ક ે
હ ં ક ા ર ત ુ ં   હ ો ત
ન શ ા
ન હ ો ત ુ ં   શ ણ ગ ા ર ્ ય ુ ં
હ ં ક ા ર ી   શ ક વ ુ ં
સ ૂ ં ઘ ી શ
ન   શ ક !
અ પ ા ક ર ્ ષ ી શ
આ થ મ ત ુ ં   હ ો વ ુ ં
અ ં ગ ૂ ઠ ા
સ ં પ ૂ ર ્ ણ પ ણ ા ં એ
ન થ ી   વ ા પ ર ત ુ ં
વ ર ્ ત ુ ં
ન હ ી ં   વ ધ ી એ
ત ર ો
ન   વ િ ચ ા ર ો !
ન હ ી ં   વ ખ ા ણ ે
લ ા વ ુ ં
ન   આ વ ો !
ન   ડ ર ુ ં
જ મ ી એ   છ ી એ
ર સ ી
જ મ !
ર સ ી ઓ એ
સ ં પ ૂ ર ્ ણ પ ણ ા
અ ટ ક ે
ત ડ ક ા ઓ
દ ો ર ા ય
ન ક ા ર ો   છ ો
ન   સ ડ ુ ં
ખ ે વ ૈ ય ા એ
ક ં સ ા ર ા
બ ગ ડ શ ે
છ ા ર ે
દ ો ડ ી શ ુ ં
ક ળ ી ચ ૂ ન ા ં ઓ
ઉ પ ા ડ ત ુ ં   હ ત ુ ં
ન હ ી ં   વ ધ ુ ં
જ ય
વ ર ્ ત ત ુ ં   હ ો વ ુ ં
વ ી જ બ ત ્ ત ી
ક ર ્ ય ુ ં
ન   ત ર !
જ ી વ ડ ે
ન થ ી   હ ં ક ા ર ત ુ ં
ન હ ી ં   સ ા હ િ ત ્ ય ચ ો ર ુ ં
ન હ ી ં   ભ ા ળ ુ ં
બ ો લ ત
સ ્ વ ી ક ા ર ી એ   છ ી એ
ટ ો પ લ ી દ ડ ા
થ ૂ ં ક જ ે
ન   ડ ૂ બ ો !
ન ા ચ ત
ગ મ ી
સ ા મ ા એ
હ ક ા લ જ ો
ઉ થ લ ા વ ી શ ુ ં
ર મ ી   શ ક વ ુ ં
ક ર ે
શ ક !
વ ા પ ર ુ ં
ન   ઝ ઘ ડ ે
ન હ ી ં   જ ણ ે
ઉ થ લ ા વ ી એ !
મ ર ી એ
ઉ થ લ ા વ ો
મ ા ં ડ વ ા
પ ૂ છ ી શ
ન   ર મ ે
ન િ શ ા ળ િ ય ા ં ઓ
ન િ ખ ા ર ે
હ ૈ ય ા ં ઓ
ઉ પ ા ડ ત ુ ં   હ ો વ ુ ં
પ ૂ છ ી એ
ઉ થ લ ા વ ી ન ે
ન ડ !
ક ો ળ ુ ં
ન   ઉ થ લ ા વ ે
પ ૂ છ શ ે
ન ર ઘ ા ં
પ ર ો ણ ા
સ ં ત ર ે
બ ગ ડ ો
સ મ જ ા વ ત ુ ં   હ ો ત
ન હ ી ં   ન ક ા ર ો
ન   પ ૂ છ !
ઝ ા ડ ો
ર ડ ે
વ ી જ થ ા ં ભ લ ા ઓ
આ વ ડ જ ે
ન   ક ર ો !
જ ન ્ મ !
ન   ઝ ઘ ડ ી એ
સ મ જ ા ય
સ ્ વ ી ક ા ર ે
ન   ન હ ા ઈ એ
પ ગ દ ડ ા ઓ
આ પ ુ ં   છ ુ ં
બ ગ ડ ે   છ ે
બ ો લ ી એ   છ ી એ
ક ો ત ર શ ો
મ ર ી શ
દ ો ડ ત ુ ં   હ ો વ ુ ં
ન ા હ ા ઓ
ચ ૂ ં ટ ણ ી ઢ ં ઢ ે ર ા
ઘ સ િ ય ા ઓ
સ મ જ વ ુ ં   હ ો વ ુ ં
ધ ર ત ી ઓ એ
દ ા ય ક ો
ન હ ો ત ુ ં   હ ક ા લ ્ ય ુ ં
જ ત ુ ં   હ ો વ ુ ં
ન સ ક ો ર ુ ં
ન હ ી ં   ન ક ા ર ે
ધ ર ત ી
ન ા હ ો
ઓ ર ડ ો
ન   જ મ ી એ
જ શ ે
ન હ ી ં   વ ર ્ ત ુ ં
છ ત પ ં ખ ા એ
ઝ ઘ ડ ા ય
ર ડ ી એ
આ મ ળ ુ ં
બ ન ો
ભ ા ળ ત
વ ચ ગ ા ળ ા
ધ ં ધ ે
જ ણ ત ુ ં   હ ો ત
ન હ ી ં   ન ા ખ ુ ં
અ વ ા ય
ન ક ા ર શ ે
અ પ ા ડ ી એ
ફ ૂ લ ે
ન ા ખ ી
ઘ ો ડ ા ઓ
બ ા ળ   લ ક વ ે
ન   વ ા ં ચ ે
ત પ ા સ ી એ !
ન   જ ઈ એ !
વ ા ં ચ ી શ
વ િ ચ ા ર ત ુ ં   હ ો વ ુ ં
ઘ ર વ ે ર ે
હ િ ં ડ ો ળ ે
જ ણ !
સ ્ વ ી ક ા ર જ ે
ક ં સ ા ર ા ઓ
ન ડ શ ે
ક ળ ી ચ ૂ ન ે
ન હ ો ત ુ ં   સ મ જ ા વ ્ ય ુ ં
શ ે ર ડ ી ઓ એ
ન   આ થ મ ી એ
સ મ જ ુ ં   છ ુ ં
ક ર ી એ !
પ ડ ે
ફ ુ વ ા ર ે
જ ી વ ન સ ં ધ ્ ય ા
ડ ૂ બ શ ે
ન થ ી   ન હ ા ત ુ ં
ક ો ત ર ો   છ ો
ન ક ા ર ે
ફ ગ િ ય ે
બ ા ં ક ડ ા ઓ
સ ં ભ ા ર ણ ા
મ ી ઠ ા
મ ી ઠ ા વ ે ર ે
ક ા ન દ ટ ્ ટ ા
ક ર શ ે
ન ડ ત ુ ં   હ ો વ ુ ં
હ ૈ ય ા ં
ન ો ર ત ા ં ઓ
અ ટ ક ી
ટ ો પ લ ી દ ડ ા ઓ
ડ ૂ બ શ ો
ક ો ત ર ્ ય ુ ં
છ ે ક ણ ી ઓ એ
જ હ ા જ વ ા ડ ો
મ ો જ ા ં ઓ
બ ન ુ ં
ફ ગ િ ય ા ઓ
ચ ુ ક ા દ ા
અ ટ ક ી એ !
ઘ ો ડ ી ઓ એ
ફ ગ િ ય ે
ન   સ ડ !
અ પ ા ક ર ્ ષ ી એ
હ ં ક ા ર ે   છ ે
ત ા ર ા ઓ
ન   વ ા પ ર ો !
ન હ ી ં   જ ય
ન ક ા ર ી એ   છ ી એ
છ ા ર ા ં એ
બ ન ુ ં
વ ં શ ા વ ળ ી ઓ એ
દ ા ય ક ે
ન   ડ ૂ બ ે
હ િ ં ડ ો ળ ા
ન હ ી ં   જ મ ુ ં
વ ા વ ા ઝ ો ડ ા ં
ભ મ ર ડ ે
વ ધ જ ે
ક ો શ ે ટ ા
ન   આ વ ડ ો !
ન   બ ો લ !
છ ે ક ણ ી એ
ઊ ં બ ર ો ા
વ િ લ ા ય ત ી   મ ી ઠ ા ં એ
ન ડ ો   છ ો
દ ો ર શ ે
મ ો ં ઘ વ ા ર ી એ
ન ા વ ણ િ ય ે
ધ િ ર ા ણ   વ ી મ ા
ત ર ુ ં
આ ં ક ડ ા
ઊ ં ટ ડ ે
હ ં ક ા ર ી
સ સ લ ી ઓ એ
આ વ વ ા ન ુ ં
ઉ ટ ા ં ટ િ ય ા ં ઓ
અ પ ા ડ ી શ ુ ં
ન   ક ર !
ઘ ો ડ ી એ
ફ ૂ દ ા
ત પ ા સ ત ુ ં   હ ો વ ુ ં
ન   આ વ ડ !
સ ૂ ં ઘ ી ન ે
સ ડ વ ુ ં   હ ો વ ુ ં
ર મ ો   છ ો
ન હ ી ં   આ વ ડ ે
આ ં બ ા વ ા ડ િ ય ે
સ ડ ી શ
ક ો ત ર વ ુ ં   હ ો વ ુ ં
વ ધ ે   છ ે
આ ં બ ા વ ા ડ િ ય ુ ં
ન હ ી ં   સ મ જ ી એ
ઉ પ ા ડ ે
ન   મ ર ે
અ ર ી સ ે
ર ડ ુ ં   છ ુ ં
ન   વ િ ચ ા ર ે
ન િ ખ ા ર શ ે
સ ં ભ ા ર ણ ા ં
ન   ત પ ા સ ો
થ ા ળ ી એ
સ ા હ િ ત ્ ય ચ ો ર ે   છ ે
ક ો ત ર ી શ ુ ં
જ વ ા ય
દ ો ર ી એ !
અ ટ ક ત ુ ં   હ ત ુ ં
ટ ો પ લ ી દ ડ ે
થ ૂ ં ક ્ ય ુ ં
આ મ ળ શ ો
ક ુ ં વ ા ર પ ા ઠ ા ં એ
અ પ ા ડ ી   શ ક વ ુ ં
ફ િ ર સ ્ ત ે
ર સ ી
ન હ ી ં   ન િ ખ ા ર ે
ન   સ મ જ ા વ !
ત ર ો   છ ો
આ પ ી શ
દ ી ં ટ ા ં ઓ
ન   ક ો ત ર !
ન   આ વ ુ ં
ચ ે લ ા ં ઓ
હ ા ર વ ા ન ુ ં
સ લ ા ડ ા ં
ન હ ી ં   જ ય
ફ િ ર સ ્ ત ા
આ મ ળ ી એ
ન   વ ા મ !
ન હ ી ં   આ થ મ ુ ં
ન   વ ા મ ે
ર ડ ુ ં
ન હ ા વ ુ ં   હ ો વ ુ ં
આ થ મ શ ે
પ ૂ છ ત
આ વ ે   છ ે
ન   ઉ પ ા ડ !
ન હ ી ં   ન હ ા ય
ફ ૂ દ ે
વ ા મ ી શ ુ ં
ચ ં પ ા
જ ન ્ મ ા ય
ન ક ા ર ો
ન હ ી ં   ત ર ે
ન   હ ં ક ા ર ે
ર મ !
સ ્ વ ી ક ા ર ુ ં   છ ુ ં
ન   હ ક ા લ ો !
વ ર ્ ત શ ે
દ સ ક ા
વ ા વ ા ઝ ો ડ ા ં ઓ
ન   ર ડ ે
બ ો લ ે   છ ે
સ લ ા ડ ે
મ ર ી એ !
ન હ ી ં   જ ણ ો
બ ન ે
ટ ો ક ળ ો
શ ણ ગ ા ર ી   શ ક વ ુ ં
મ ા ર દ ડ ે
ક ો ળ ા ં એ
ન ક ા ર જ ો
લ ા વ વ ુ ં   હ ો વ ુ ં
ઉ ટ ા ં ટ િ ય ા
હ ં ક ા ર ્ ય ુ ં
ઉ પ ા ડ ી એ   છ ી એ
હ ી ં ચ ક ા
ધ ં ધ ા એ
વ ધ ી એ   છ ી એ
ન હ ા ત ુ ં   હ ો વ ુ ં
ધ ર ત ી ઓ
આ વ શ ે
ર ં દ ા એ
જ ન ્ મ ત ુ ં   હ ો વ ુ ં
ન   શ ક ે
ન   વ ધ ુ ં
ન હ ા ઈ એ !
ન થ ી   આ વ ડ ત ુ ં
ચ િ ત ્ ત ો
હ ગ ી એ !
ન િ ખ ા ર ો   છ ો
અ ઠ વ ા ડ િ ય ુ ં
ડ ૂ બ ે
ન હ ો ત ુ ં   ગ મ ્ ય ુ ં
વ ા ં ચ ે   છ ે
ચ ા દ ા ન ી એ
જ ી વ ન સ ં ધ ્ ય ા ઓ
ગ ો ળ ા ઓ
આ વ ી એ !
હ ં ક ા ર ુ ં
સ ડ શ ે
ક ર ી એ   છ ી એ
ન   આ મ ળ ે
વ ા વ શ ે
સ ્ વ ી ક ા ર ી એ
ભ મ ર ડ ે
આ વ ડ ત
ન   જ ઓ
ડ ર ે   છ ે
અ છ ૂ ત પ ણ ે
ન હ ી ં   જ ઓ
હ ગ ી એ
વ ધ ા ય
અ પ ા ડ ો   છ ો
થ ા ળ ી વ ા જ ે
ફ ૂ લ ા ં
ગ ો ળ ા ઓ
વ ર ્ ત ા ય
સ ળ ગ ા ય
સ ્ વ વ ી મ ે
પ ટ ો ળ ા
ચ ા મ ા ચ ી ડ િ ય ે
વ ં શ ા વ ળ ી ઓ એ
ડ ૂ બ ત ુ ં   હ ત ુ ં
ન હ ી ં   સ ા હ િ ત ્ ય ચ ો ર ે
ડ ૂ બ ી   શ ક વ ુ ં
ક ર ે   છ ે
અ ફ ી ણ િ ય ા ઓ
સ ૂ ં ઘ ા ય
સ ્ વ ી ક ા ર શ ો
ન હ ી ં   સ ળ ગ ે
ઉ પ ા ડ ી એ
ન હ ી ં   હ ં ક ા ર ે
ભ ા વ વ ધ ા ર ો
ત પ ા સ ી એ
વ ર ્ ત વ ુ ં   હ ો વ ુ ં
થ ૂ ં ક શ ો
વ ધ ે
હ ં ક ા ર ી એ   છ ી એ
વ ી મ ો
બ ો લ ી શ ુ ં
વ ા પ ર ુ ં   છ ુ ં
ડ ા ઘ ા ઓ
ક ે દ ખ ા ન ે
ત બ ક ્ ક ો
દ ા ં ત િ ય ા
ન ક ા ર ુ ં   છ ુ ં
ક ૂ ત ર ે
થ ા ળ ી વ ા જ ુ ં
વ િ જ ે ત ા ઓ એ
બ પ ૈ ય ા ઓ
ન ા ખ ી એ   છ ી એ
સ મ જ ી એ   છ ી એ
ડ ૂ બ ત ુ ં   હ ો વ ુ ં
ક ુ ં વ ા ર પ ા ઠ ા ં
ચ ે વ ડ ે
જ મ ્ ય ુ ં
ક ા ં સ ક ે
ન ર ગ ો ટ ા ઓ
સ ં ઘ ા ડ ા ઓ
સ ળ ગ વ ુ ં   હ ો વ ુ ં
સ ડ ત ુ ં   હ ો વ ુ ં
ડ ૂ બ જ ે
ન હ ી ં   સ ્ વ ી ક ા ર ે
ન હ ી ં   વ ા પ ર ી એ
હ ા ર ી એ
ઝ ઘ ડ ે
ધ ડ ો
ન   ગ મ ે
સ ્ વ ી ક ા ર જ ો
આ વ ો   છ ો
ન િ શ ા ળ િ ય ા
સ ં ઘ ા ડ ા એ
વ ા વ ી ન ે
ન હ ી ં   શ ણ ગ ા ર ો
ન હ ી ં   સ ળ ગ ો
ન થ ી   જ ન ્ મ ત ુ ં
હ ા ડ ક ે
અ પ ા ડ ી એ !
ક ર ત ુ ં   હ ો વ ુ ં
ત ર ી એ   છ ી એ
બ ા ળ   લ ક વ ા ઓ
ન થ ી   સ ્ વ ી ક ા ર ત ુ ં
હ ો વ ા પ ણ ા ં એ
ચ ર ખ ા ઓ
સ મ જ ત
શ ણ ગ ા ર ્ ય ુ ં
ડ ો ક ે
ન   લ ા વ ુ ં
ચ િ ચ ો ડ ે
અ ં ગ ૂ ઠ ે
ક ર ી ન ે
મ ો ર િ ય ા
વ ા ં ચ વ ુ ં   હ ો વ ુ ં
ક ા ં સ ક ા ઓ
એ ર ં ડ િ ય ુ ં
ર ા જ ી ન ા મ ા ં એ
સ ળ ગ ુ ં   છ ુ ં
ન   સ ળ ગ ો
આ પ ી એ
ન િ શ ા ળ િ ય ા
આ ટ ે
થ ા પ ા ઓ
ન   ન ડ ે
ચ ા ડ િ ય ે
દ ો ર ી શ
હ ૈ ય ા બ ળ ા પ ે
