વ ા વ ત ુ ં   હ ો વ ુ ં
હ ં ક ા ર ત ુ ં   હ ો વ ુ ં
પ ી ળ ા પ ણ ા ં ઓ
હ ા ર ત ુ ં   હ ો ત
ક ર ો
મ હ િ ન ે
બ ન શ ો
આ વ ી એ   છ ી એ
ચ ૂ ં ટ ણ ી ઢ ં ઢ ે ર ે
ચ મ ચ ી એ
ન ા ક ા
ન ા ચ ી એ
ન   ઉ પ ા ડ ે
વ ં ટ ો ળ િ ય ા ઓ
અ પ ા ક ર ્ ષ ત ુ ં   હ ત ુ ં
બ ન ી એ
હ ા ર ે
ન શ ે
અ પ ા ક ર ્ ષ ે
ગ મ ી એ
મ ો જ ે
ન   સ મ જ ા વ ુ ં
ટ ો ક ળ ા
ક ે દ ખ ા ન ા ં એ
પ ી છ ા ં
હ ા ર ો   છ ો
ચ િ ત ્ ત ા ઓ
આ મ ળ ્ ય ુ ં
સ મ જ ા વ ો
ક ા ં ઠ ે
ફ ે ફ સ ા ં ઓ
સ ળ ગ વ ા ન ુ ં
ન   બ ન ી એ !
ન ક ા ર ી શ ુ ં
ન હ ી ં   ઉ પ ા ડ ે
બ ન ી એ   છ ી એ
ન   સ મ જ ા વ ે
વ િ ચ ા ર ત ુ ં   હ ત ુ ં
ન ળ િ ય ા
ન   સ ્ વ ી ક ા ર ે
ન હ ો ત ુ ં   બ ન ્ ય ુ ં
આ ં ક ડ ે
છ ત ્ ર ી વ ા જ ુ ં ા ં ઓ
ખ ે ડ ુ ં
દ ે ડ ક ી
ઉ થ લ ા વ ી શ
વ ા ં ચ ુ ં
બ ં બ ા ઓ
ર ડ ત ુ ં   હ ો વ ુ ં
ત ર ી એ
ખ ે ડ વ ુ ં   હ ો વ ુ ં
વ ા વ જ ે
ન ક ા ર ્ ય ુ ં
ન હ ી ં   ન હ ા ય
છ ત ્ ર ી વ ા જ ુ ં ા
ન   આ પ !
વ ર ્ ત ે
ચ ુ ક ા દ ા
પ ા ક વ ી મ ે
હ ક ા લ જ ે
ચ ૂ ન ે
સ મ ુ દ ્ ર ક ા ં ઠ ા એ
પ ૈ ડ ા ં ઓ
આ થ મ ્ ય ુ ં
બ ગ ડ ી ન ે
ન ડ ી ન ે
ત ર ે
ન થ ી   સ મ જ ત ુ ં
ઘ ો ડ ે
ફ ુ ગ ા વ ા ઓ
ખ ે ડ ુ ં   છ ુ ં
ખ ે લ ા ડ ી
દ ે ડ ક ી એ
જ ી વ ડ ુ ં
અ થ ા ણ ે
છ ૂ ં દ ા ઓ
પ ા ક વ ી મ ા
જ ણ ી એ
અ ગ ન ગ ો ળ ા
ગ મ ી શ
અ બ ા બ ી લ   લ ટ ો ર ા ઓ
ફ ુ વ ા ર ા ઓ
ઊ ં ટ ડ ો
સ મ જ ા વ ્ ય ુ ં
વ ા પ ર ત ુ ં   હ ો વ ુ ં
ન હ ી ં   ક ો ત ર ી એ
પ ્ ય ા લ ે
ર મ ે
આ થ મ જ ો
આ ટ ે
અ ટ ક ો
ઈ ં ટ વ ા ડ ા
હ ા ર ી એ
ચ ર ખ ે
આ ં બ ા વ ા ડ િ ય ે
ન ડ શ ે
વ ધ ા ઈ ઓ
પ ડ છ ા ય ા એ
લ ા વ ુ ં
ક ં સ ા ર ા એ
