બ ન !
ન હ ી ં   ર ડ ો
પ ડ ે
ચ ં પ ે
સ ા હ િ ત ્ ય ચ ો ર ે
વ ધ ી   શ ક વ ુ ં
હ ં ક ા ર જ ો
ક ા ં ઠ ો
શ ક ુ ં
ગ મ !
ન હ ી ં   વ િ ચ ા ર ે
ક ો ગ ળ િ ય ા ં એ
વ િ ચ ા ર શ ે
બ ગ ડ ો !
સ ા હ િ ત ્ ય ચ ો ર ી એ !
ન હ ી ં   અ ટ ક ો
ર મ ી ન ે
ઝ ઘ ડ ્ ય ુ ં
અ ટ ક ે   છ ે
ન હ ી ં   ડ ૂ બ ી એ
ન થ ી   સ મ જ ા વ ત ુ ં
વ ી જ બ ત ્ ત ી એ
જ ન ્ મ ુ ં
સ ડ ે
ન ા ખ ે   છ ે
ન હ ા ઓ
ન   સ ડ ે
ન   આ મ ળ ી એ !
હ ા ર શ ે
થ ા પ ા
વ ી જ બ ત ્ ત ી ઓ
અ ર ી સ ે
જ ડ બ ા ં
દ ા ં ત િ ય ો
થ ા ળ ી વ ા જ ા ં એ
પ ી ળ ા પ ણ ા ં
હ ૈ ય ા બ ળ ા પ ો
ન હ ી ં   વ ા વ ી એ
બ ગ ડ ત ુ ં   હ ો ત
આ મ ળ વ ા ન ુ ં
ચ ા દ ા ન ી ઓ
ર ા જ ી ન ા મ ા ં ઓ
બ ો લ !
ન હ ી ં   જ મ ે
ન હ ો ત ુ ં   ન િ ખ ા ર ્ ય ુ ં
આ ં ક ડ ા
ફ ે ફ સ ા ં
લ ા વ ે
થ ા પ ે
જ મ વ ુ ં   હ ો વ ુ ં
સ ૂ ં ઘ ો
હ ૈ ય ા બ ળ ા પ ે
સ મ જ ી શ ુ ં
મ ા ર દ ડ ે
વ ા પ ર ી શ
પ ડ ત ુ ં   હ ો વ ુ ં
ક ો ગ ળ િ ય ે
વ ા ં ચ ્ ય ુ ં
ન   સ ૂ ં ઘ ે
ન હ ી ં   વ િ ચ ા ર ુ ં
ન હ ી ં   ખ ે ડ ે
ર મ જ ો
ન ર ઘ ુ ં
ડ ર ો
સ ડ ા ય
ન   ડ ૂ બ ો
ન ડ ુ ં
જ ન ્ મ વ ા ન ુ ં
બ ા જ ર ા ઓ
જ જ ો
ન િ ખ ા ર ત ુ ં   હ ત ુ ં
સ ં પ ૂ ર ્ ણ પ ણ ુ ં
અ ર ી સ ે
હ ક ા લ ી શ
ન   આ થ મ ે
ચ ે વ ડ ા
ખ ં ભ ા ઓ
ઝ ા ં પ ે
હ ક ા લ ્ ય ુ ં
ન ો ર ત ા ં
ખ ે લ ા ડ ી એ
ન હ ો ત ુ ં   સ ા હ િ ત ્ ય ચ ો ર ્ ય ુ ં
ન હ ી ં   હ ા ર ો
દ ો ર ી   શ ક વ ુ ં
સ સ લ ી એ
એ ર ં ડ િ ય ા ં
ન   સ ્ વ ી ક ા ર ુ ં
બ ન ે
આ મ ળ જ ે
અ ટ ક વ ુ ં   હ ો વ ુ ં
ન   ખ ે ડ ી એ
દ ે ડ ક ે
ચ ર ખ ે
ન થ ી   ઉ થ લ ા વ ત ુ ં
આ વ વ ુ ં   હ ો વ ુ ં
ફ િ ર સ ્ ત ા
પ ી ં છ ુ ં
ઈ ં ટ વ ા ડ ે
અ પ ા ડ ી એ
ખ ે ડ ે
