સ ા મ ો
ફ ુ વ ા ર ે
જ ી વ ન સ ં ધ ્ ય ા
બ ન ો
ત પ ા સ !
દ ો ર જ ે
સ મ જ ા વ શ ો
એ ર ા ં ઓ
ચ મ ચ ા ઓ
દ ો ડ ી એ
ભ ા ળ ી એ
ત પ ા સ વ ુ ં   હ ો વ ુ ં
અ ટ ક !
જ મ શ ે
દ ો ર ુ ં   છ ુ ં
ન ડ જ ો
ક ર ે   છ ે
ફ ૂ દ ા ં
ન થ ી   ન ા ખ ત ુ ં
આ મ ળ ત ુ ં   હ ત ુ ં
ધ િ ર ા ણ   વ ી મ ે
આ મ ળ ે
પ ત ં ગ િ ય ા ં
સ ા હ િ ત ્ ય ચ ો ર ી
ખ ં ભ ા એ
ન િ શ ા ળ િ ય ા ં એ
ન હ ા શ ે
ન   વ ા વ ો !
વ ા મ ત ુ ં   હ ત ુ ં
ચ મ ચ ી ઓ
અ પ ા ડ ી એ   છ ી એ
સ ૂ ં ઘ વ ા ન ુ ં
અ ટ ક ત ુ ં   હ ો વ ુ ં
ન   ભ ા ળ ે
ન ડ ે   છ ે
ક ો શ ે ટ ા એ
થ ૂ ં ક ો
હ ગ ી શ
સ મ જ ા વ ી એ !
ન િ ખ ા ર ી   શ ક વ ુ ં
ઘ સ િ ય ે
ન હ ી ં   અ ટ ક ી એ
હ ા ડ ક ા ં
આ ં ચ ક ા ઓ
ન હ ી ં   જ ઉ ં
ભ ા ળ ી શ ુ ં
છ ો ક ર ા ં એ
ગ ો ળ ો
વ ી મ ે
ત ર ો !
ન હ ી ં   આ મ ળ ો
આ વ ્ ય ુ ં
બ ં બ ા ઓ
હ ં ક ા ર ી ન ે
આ વ જ ે
સ સ લ ી
પ ર ો ણ ો
અ પ ા ક ર ્ ષ ી શ
ઘ સ િ ય ે
વ ા મ ી એ   છ ી એ
વ ા વ ી
જ !
સ ા હ િ ત ્ ય ચ ો ર ો !
સ ૂ ં ઘ ત ુ ં   હ ો વ ુ ં
વ ા મ ્ ય ુ ં
ન ા ચ ી
ન   સ ૂ ં ઘ ી એ !
શ ક શ ે
ન   હ ગ ે
વ ા ં ચ ુ ં
થ ા ળ ી વ ા જ ા ં
ન હ ા ઉ ં   છ ુ ં
ત પ ા સ ્ ય ુ ં
ર ડ ી શ
ચ ા દ ા ન ી
વ ધ ી શ
ખ ે ડ જ ો
ન ા ચ ી ન ે
ગ મ ે   છ ે
જ ડ બ ે
ભ ા વ વ ધ ા ર ા ઓ
ન હ ી ં   વ ા ં ચ ે
ઘ ો ડ ા એ
ન સ ક ો ર ા ં એ
દ ા ં ત િ ય ા ઓ
ધ ા ર ા
ભ ા વ વ ધ ા ર ા
ઉ ટ ા ં ટ િ ય ા ં ઓ
બ ન શ ે
ન   ત પ ા સ ી એ !
બ ા ળ   લ ક વ ા એ
પ ી ણ ે
હ ક ા લ ી એ
અ ર ી સ ો
વ ા ં ચ ી એ !
છ ે ક ણ ી
ન   પ ૂ છ ે
જ ણ ી શ
શ ક ત
લ ા વ ત ુ ં   હ ો ત
