ન   જ ણ ે
હ ા ર વ ુ ં   હ ો વ ુ ં
ખ ે ડ ી   શ ક વ ુ ં
ન હ ી ં   પ ડ ે
ન થ ી   ન ડ ત ુ ં
સ ળ ગ ત ુ ં   હ ો વ ુ ં
પ ર ો ણ ા
હ ગ ી એ
ન હ ી ં   ત પ ા સ ે
દ ી ં ટ ે
ઝ ઘ ડ ી ન ે
ન શ ા એ
પ ૂ છ ે   છ ે
પ ર બ ી ડ િ ય ે
સ ા હ િ ત ્ ય ચ ો ર ી એ
ક ળ ી ચ ૂ ન ા ં એ
છ ા ર ા
સ ો ન ે
ર ં ગ ર ખ ા ં ઓ
અ ટ ક ો   છ ો
સ ો ન ુ ં
ન ડ ો
પ ડ ે
ડ ા ળ ી ઓ એ
ન હ ી ં   વ ર ્ ત ે
ત પ ા સ વ ા ન ુ ં
પ ર બ ી ડ િ ય ા ં
ન ા ચ ત ુ ં   હ ો વ ુ ં
ન   ક ો ત ર ુ ં
ર ો ક ડ િ ય ે
ન િ શ ા ળ િ ય ા ં ઓ
દ ા ં ત િ ય ે
ર મ ો
ઓ ર ડ ા
હ ગ શ ો
મ ો જ ે
ન હ ી ં   સ મ જ ે
ન હ ો ત ુ ં   ઉ પ ા ડ ્ ય ુ ં
આ થ મ ી શ
ન હ ો ત ુ ં   ત ર ્ ય ુ ં
વ ખ ા ણ ો !
સ ા ગ ુ દ ા ણ ા ઓ
ર ૂ પ ા ં ઓ
પ ી ણ ા ં એ
ન   આ વ ડ ે
ન હ ા ત ુ ં   હ ો વ ુ ં
પ ર બ ી ડ િ ય ા ં એ
ઝ ઘ ડ જ ો
વ ર ્ ત ી એ !
ન   શ ક ી એ !
ન   બ ગ ડ ો !
ઝ ઘ ડ ો
ઝ ા ં પ ા ઓ
અ ઠ વ ા ડ િ ય ે
થ ા ળ ી ઓ એ
સ ૂ ં ઘ ી
વ િ લ ા ય ત ી   મ ી ઠ ુ ં
જ ડ બ ા ં ઓ
હ ર ા ય
ન હ ી ં   ઉ થ લ ા વ ે
વ ી જ આ ં ચ ક ા ઓ
ન ચ વ ૈ ય ે
ત પ ા સ ો
મ ા થ ે મ ી ં ડ ા ં ઓ
ચ ં પ ે
સ ૂ ં ઘ ી એ
ઊ ં બ ર ો ે
ક ો ગ ળ િ ય ા ં ઓ
ન થ ી   બ ગ ડ ત ુ ં
ન સ ક ો ર ા ં
વ ં શ ા વ ળ ી ઓ
ઘ ો ડ ી
ન ા વ ણ િ ય ા ં ઓ
ઈ ં ટ વ ા ડ ો
અ બ ા બ ી લ   લ ટ ો ર ો
ન હ ી ં   આ થ મ ો
ન હ ી ં   સ ા હ િ ત ્ ય ચ ો ર ે
બ ર ફ ગ ો ળ ો
ચ મ ચ ા ઓ
અ ટ ક ે
ચ ૂ ં ટ ણ ી ઢ ં ઢ ે ર ા
ત ા વ ડ ી વ ા જ ા ં ઓ
પ ડ ી ન ે
ભ મ ર ડ ા ઓ
જ ણ ી
ઘ ો ડ ા
ન   પ ડ ે
બ ગ ડ શ ો
જ ણ ો
સ ં ઘ ા ડ ા
ર ડ ત ુ ં   હ ો ત
આ વ ડ ી શ
ઉ પ ા ડ ુ ં
વ િ ચ ા ર શ ો
સ ં ભ ા ર ણ ા ં એ
ન હ ી ં   સ ૂ ં ઘ ી એ
ઉ થ લ ા વ ત
વ ં ટ ો ળ િ ય ા એ
પ ી ળ ા પ ણ ા
સ ુ ફ ર િ ય ે
