ન   અ ટ ક ે
ન   લ ા વ ે
સ મ જ ત ુ ં   હ ત ુ ં
અ પ ૈ ય ા ઓ
જ ડ બ ે
ત ા વ ડ ી વ ા જ ે
ત પ ા સ શ ે
ન   બ ન !
ક ો શ ે ટ ે
ડ ા ઘ ે
ન હ ી ં   હ ં ક ા ર ો
આ થ મ ી
ક ો ત ર ત ુ ં   હ ો ત
ન હ ી ં   બ ગ ડ ે
થ ૂ ં ક ી શ ુ ં
વ ા પ ર ્ ય ુ ં
પ પ ૈ ય ે
વ ધ ુ ં
થ ા ળ ી વ ા જ ા
સ ્ વ વ ી મ ા એ
હ ો વ ા પ ણ ે
અ પ ા ક ર ્ ષ જ ે
વ ા વ ત
ખ ે ડ વ ા ન ુ ં
ન ચ વ ૈ ય ા
સ ડ ી એ !
બ ગ ડ ી એ
ન   અ પ ા ક ર ્ ષ ે
આ વ ે
ન ળ િ ય ે
વ ખ ા ણ વ ુ ં   હ ો વ ુ ં
સ ળ ગ ો
ન હ ી ં   ન ા ચ ે
મ ા ર દ ડ ા એ
હ ં ક ા ર ત
આ થ મ ુ ં
ખ ે ડ ી
ઉ ટ ા ં ટ િ ય ા ં
ઢ ગ ર ે
થ ૂ ં ક ે
ન હ ી ં   વ ખ ા ણ ી એ
બ ગ ડ વ ુ ં   હ ો વ ુ ં
ન હ ા ઈ શ
ન ક ા ર ુ ં
ન હ ા ય   છ ે
ન હ ી ં   મ ર ે
ન હ ી ં   ડ ર ે
ન હ ા ય
ન િ ખ ા ર ો
ન   ર મ ે
ન ા ખ ત ુ ં   હ ત ુ ં
હ ો વ ા પ ણ ે
ન   બ ો લ ે
જ ી ં જ વ ે
ચ ા ડ િ ય ે
ન   પ ૂ છ ો !
પ ડ ત ુ ં   હ ત ુ ં
વ િ જ ે ત ા
હ ુ ં પ ણ ા ં
વ ા વ ા ઝ ો ડ ા ં એ
ન   ગ મ ો !
જ ી વ ડ ા
છ ત પ ં ખ ા ઓ
ભ મ ર ડ ો
ઉ પ ા ડ ો
ન   ન હ ા ય
ડ ર ુ ં   છ ુ ં
પ ડ ુ ં
સ ૂ ં ઘ ે   છ ે
વ ા વ ા ઝ ો ડ ે
થ ા ળ ી વ ા જ ે
ન થ ી   અ ટ ક ત ુ ં
ફ િ ર સ ્ ત ા એ
મ ર જ ે
ન હ ા ઈ શ ુ ં
ધ ં ધ ા ઓ
ભ ા ળ ી એ
મ ે હ ુ લ િ ય ા એ
ગ વ ૈ ય ા ઓ
વ ા વ ત ુ ં   હ ો ત
ન   હ ા ર ી એ !
ન હ ી ં   જ ઈ એ
ન   ન ક ા ર ી એ !
ક ા ં દ ો
જ ી ં જ વ ા
શ ક ્ ય ુ ં
આ ં ક ડ ા ઓ
ચ મ ચ ી ઓ એ
ન ૈ ય ા
વ ા પ ર શ ે
અ ગ ન ગ ો ળ ા
ચ ા મ ા ચ ી ડ િ ય ા ં ઓ
વ ખ ા ણ જ ે
ત ા ર ા
ન   સ ા હ િ ત ્ ય ચ ો ર !
આ ં ચ ક ે
પ ડ ે   છ ે
ન   વ ા પ ર ે
ન હ ી ં   ન ા ચ ો
ન િ ખ ા ર ી શ
