ન હ ી ં   ગ મ ે
બ ગ ડ ી શ
પ ૂ છ ી   શ ક વ ુ ં
દ ો ડ ી એ !
અ ટ ક ા ય
ક ો ત ર ી એ   છ ી એ
વ ધ શ ે
બ ો લ ુ ં   છ ુ ં
ન   સ ા હ િ ત ્ ય ચ ો ર ી એ
જ ણ ુ ં
આ મ ળ ત ુ ં   હ ો ત
ત પ ા સ ત ુ ં   હ ત ુ ં
જ ણ ુ ં   છ ુ ં
અ ટ ક ો !
અ છ ૂ ત પ ણ ા ં ઓ
સ મ જ ા વ શ ે
જ ણ ત ુ ં   હ ો વ ુ ં
શ ે ર ડ ી
અ બ ા બ ી લ   લ ટ ો ર ા એ
જ ડ બ ા ં ઓ
સ ળ ગ ી એ
વ ા વ ા ઝ ો ડ ે
ગ મ શ ે
જ ન ્ મ ે
ઓ ર ડ ે
ન દ ી ઓ
ન ડ ે
ન હ ો ત ુ ં   વ ધ ્ ય ુ ં
ધ ર ત ી એ
ન હ ી ં   ગ મ ો
ન હ ી ં   ઉ થ લ ા વ ો
હ ગ વ ુ ં   હ ો વ ુ ં
ત ા વ ડ ી વ ા જ ા ં
સ ં ત ર ુ ં
વ િ ચ ા ર વ ા ન ુ ં
ન   શ ક ી એ
દ ે ડ ક ો
ઊ ં બ ર ો ે
શ ક ી એ
હ ગ જ ે
પ ૈ ડ ા
ઝ ઘ ડ ી એ
ન હ ી ં   ઝ ઘ ડ ી એ
શ ણ ગ ા ર ો   છ ો
વ ા વ ી એ   છ ી એ
ઝ ઘ ડ ો !
ન ા ચ ત ુ ં   હ ત ુ ં
ક ર ત
આ વ ી શ
ન   ક ો ત ર ે
ન હ ી ં   જ મ ી એ
સ ો ન ા
સ ૂ ં ઘ ુ ં   છ ુ ં
ર સ ી એ
સ મ જ ા વ !
ન   બ ો લ ી એ !
મ ી ઠ ા વ ે ર ા એ
જ મ ી એ !
ક ચ ક ડ ા ં ઓ
ન થ ી   ખ ે ડ ત ુ ં
ન ખ ા ય
ઊ ં ટ ડ ા
ન ા વ ણ િ ય ા ં એ
હ ગ ી શ
ન   અ ટ ક ી એ !
ન ા ચ ્ ય ુ ં
વ ા ં ચ ે
જ ણ ત ુ ં   હ ત ુ ં
સ ો ન ે
ન   વ ા ં ચ ી એ !
ન   શ ક ો !
ર ડ ો
બ ગ ડ ા ય
વ ા વ ે
ક ો ત ર ી એ
ર ો ક ડ િ ય ા
વ ધ ા ઈ ઓ
પ પ ૈ ય ા ં
ત પ ા સ ો
ન હ ો ત ુ ં   હ ા ર ્ ય ુ ં
જ ઓ   છ ો
બ ો લ ી એ
ઝ ઘ ડ જ ે
ખ ટ ા ર ે
ન હ ા ય
ડ ૂ બ ત ુ ં   હ ો વ ુ ં
બ ા ં ક ડ ા ઓ
ન હ ી ં   અ ટ ક ુ ં
ન ડ ત
વ ી જ આ ં ચ ક ા
ભ ા વ વ ધ ા ર ે
જ ઓ
હ િ ં ડ ો ળ ા
ન   દ ો ર ો
ભ ા ળ ુ ં   છ ુ ં
આ પ વ ા ન ુ ં
ચ િ ત ્ ત ા ઓ
ન ડ ી શ
ક ળ ી ચ ૂ ન ે
મ ા થ ે મ ી ં ડ ે
ન હ ી ં   ત ર ુ ં
સ મ જ ી શ
ટ ા મ ે ટ ા ં ઓ
સ ૂ ં ઘ ી એ !
થ ૂ ં ક ત ુ ં   હ ો વ ુ ં
દ ો ડ ી   શ ક વ ુ ં
ટ ો પ લ ી દ ડ ા ઓ
ત પ ા સ ે
ન થ ી   પ ડ ત ુ ં
ફ ૂ લ ા
જ ી વ ડ ે
ગ વ ૈ ય ે
ન હ ી ં   આ વ ડ ુ ં
વ ા પ ર જ ો
ચ હ ે ર ે
ન હ ી ં   ગ મ ે
આ વ ડ ત ુ ં   હ ો વ ુ ં
ચ ે લ ી ઓ એ
દ ે ડ ક ે
વ ખ ા ણ જ ો
ન ા ચ ે
ક ઠ િ ય ા ર ે
પ ત ં ગ િ ય ે
ઉ ટ ા ં ટ િ ય ે
ન   જ ન ્ મ ુ ં
વ િ ચ ા ર વ ુ ં   હ ો વ ુ ં
ર ડ ત ુ ં   હ ત ુ ં
ડ ા ળ ી ઓ
દ ો ડ વ ુ ં   હ ો વ ુ ં
ન ક ા ર ો !
અ ફ ી ણ િ ય ે
ચ ર ખ ે
મ ચ ુ ં ગ ે
ક ં સ ા ર ો
શ ણ ગ ા ર ે
ર ા જ ી ન ા મ ા ં ઓ
ચ ા મ ા ચ ી ડ િ ય ા ં ઓ
ડ ો ક ુ ં
ર મ ો !
ન દ ી ઓ એ
વ ચ ગ ા ળ ા
પ ૂ છ ુ ં
ન હ ા !
વ ા ં ચ ો !
ન   ત ર ે
દ ો ડ ે
અ પ ા ડ શ ો
બ ન ે
ન હ ી ં   બ ગ ડ ી એ
વ િ ચ ા ર ે   છ ે
સ ા મ ે
ન   થ ૂ ં ક ો
ન હ ો ત ુ ં   આ વ ્ ય ુ ં
હ િ ં ડ ો ળ ા ઓ
ન   ન ા ખ ુ ં
વ ા પ ર ી   શ ક વ ુ ં
પ ી ં છ ા
પ ૂ છ ે   છ ે
શ ણ ગ ા ર ી ન ે
સ ્ વ ી ક ા ર વ ા ન ુ ં
વ ા ં ચ ે
ઊ ં બ ર ો ો
ઘ ર વ ે ર ા ઓ
ક ો ળ ે
ગ મ ત ુ ં   હ ો વ ુ ં
સ ડ વ ા ન ુ ં
આ વ ત ુ ં   હ ો વ ુ ં
ન દ ી ઓ
વ ં શ ા વ ળ ી એ
હ ં ક ા ર ે   છ ે
ર મ ક ડ ે
આ ં ક ડ ા ઓ
ર ૂ પ ુ ં
સ ડ ે   છ ે
મ હ િ ન ો
મ ર ત ુ ં   હ ો વ ુ ં
ર મ ે   છ ે
હ ુ ં પ ણ ા ં ઓ
વ ખ ા ણ !
પ ટ ો ળ ા ં ઓ
વ ચ ગ ા ળ ા ઓ
છ ત ્ ર ી વ ા જ ુ ં ે
આ ં બ ા વ ા ડ િ ય ા ં ઓ
ન હ ી ં   ખ ે ડ ે
ન સ ક ો ર ા ં ઓ
વ ા વ ા ઝ ો ડ ે
ર ડ ે   છ ે
હ ુ ં પ ણ ે
ફ ગ િ ય ા
ન હ ી ં   ન ડ ી એ
ન   ન ા ચ ુ ં
જ ી ં જ વ ા એ
ર મ ત ુ ં   હ ત ુ ં
ન ા ખ શ ે
ન િ ખ ા ર ે   છ ે
પ ૂ છ ી શ
ઉ ટ ા ં ટ િ ય ુ ં
મ ા થ ે મ ી ં ડ ે
અ ફ ી ણ િ ય ે
સ ા મ ા
જ ઈ શ
આ મ ળ ો   છ ો
ક ર ા ય
જ ઈ ન ે
ન ા ચ જ ે
લ ા વ ત ુ ં   હ ો વ ુ ં
જ ી વ ન   વ ી મ ે
છ ે ક ણ ી ઓ
પ ી ળ ા પ ણ ુ ં
આ વ ુ ં
ન િ ખ ા ર વ ા ન ુ ં
ચ ે લ ા ં ઓ
જ ણ ી એ !
ક ો ત ર ી
ન   આ થ મ !
ન   ક ર ુ ં
ર ડ ે
ન હ ી ં   વ િ ચ ા ર ી એ
ન   જ ન ્ મ ો !
બ ગ ડ ી એ   છ ી એ
ઝ ઘ ડ ી એ
આ વ ડ ે   છ ે
હ ગ ુ ં
ચ ા દ ા ન ી ઓ
ન   વ ર ્ ત ી એ !
અ પ ા ડ વ ા ન ુ ં
ક ર ી શ
ગ વ ૈ ય ા
ચ િ ત ્ ત ે
ર ો ક ડ િ ય ા ઓ
ન િ ભ ા ડ ે
સ ા ગ ુ દ ા ણ ા
હ ં ક ા ર ો   છ ો
ઝ ા ં પ ા ઓ
પ ૈ ડ ા ં ઓ
ન   ઉ થ લ ા વ ી એ
ક ો ત ર ે
આ પ શ ે
અ ટ ક ી એ
મ ચ ુ ં ગ ા
બ ા જ ર ે
હ ક ા લ ી ન ે
વ ા પ ર ી એ
ચ ં પ ા એ
જ ી ં જ વ ા ઓ
ન હ ો ત ુ ં   હ ં ક ા ર ્ ય ુ ં
ભ ા ળ ો   છ ો
ડ ર ી શ ુ ં
સ ા ગ ુ દ ા ણ ે
વ િ ચ ા ર ત ુ ં   હ ો ત
હ ા ર જ ે
ન ા ખ ે
વ િ ચ ા ર ો
આ પ ે   છ ે
ન   ભ ા ળ ી એ
બ ગ ડ ો   છ ો
ધ ડ ા
ફ ગ િ ય ા ઓ
ચ ુ ક ા દ ા ઓ
ન ક ા ર ી
વ ચ ગ ા ળ ે
ન હ વ ા ય
ક ર ુ ં
ન   હ ગ ી એ !
ટ ા મ ે ટ ા
બ ા ં ક ડ ા
ચ ે વ ડ ા એ
ર ડ ી શ ુ ં
આ પ !
વ ધ ા ઈ ઓ એ
દ ા ં ત િ ય ા ઓ
બ ન ી
ન   હ ગ ુ ં
દ ે ડ ક ી ઓ
મ ી ઠ ુ ં
ન િ ખ ા ર ત ુ ં   હ ો ત
વ ા ં ચ ત ુ ં   હ ો ત
દ ો ડ ી ન ે
સ ં પ ૂ ર ્ ણ પ ણ ા ં ઓ
ત ક િ ય ે
ન હ ી ં   ન હ ા ઉ ં
ઢ ગ ર ા ં ઓ
લ ા વ ો
ક ર ો
ક ળ ી ચ ૂ ન ા
અ પ ા ડ ી શ
ર મ વ ા ન ુ ં
મ ા ં ડ વ ા ઓ
થ ા પ ે
પ ી ળ ા પ ણ ે
ક ર !
સ મ જ ા વ વ ુ ં   હ ો વ ુ ં
આ થ મ ત
ન ા ચ વ ા ન ુ ં
ન ા ચ ત ુ ં   હ ો ત
સ ડ ુ ં
ન   સ ડ ે
ઉ પ ા ડ ત ુ ં   હ ો ત
ન હ ી ં   વ ર ્ ત ી એ
ઉ પ ા ડ ુ ં   છ ુ ં
ન ક ા ર ી શ
ન હ ી ં   સ મ જ ા વ ે
સ ્ વ ી ક ા ર !
ગ મ ી શ ુ ં
ચ ૂ ં ઈ ઓ
દ ો ર ત
ઘ સ િ ય ા ઓ
ન હ ી ં   શ ક ે
મ ા થ ે મ ી ં ડ ુ ં
પ થ ્ થ ર મ ા ર ે
ન દ ી એ
ન ર ઘ ે
વ ા વ જ ો
ચ ા મ ા ચ ી ડ િ ય ે
વ ા પ ર ો
ધ િ ર ા ણ   વ ી મ ા એ
ક ા ન દ ટ ્ ટ ા ઓ
મ ર ી ન ે
સ ૂ ં ઘ ત ુ ં   હ ત ુ ં
ક ર જ ો
ક ો ત ર વ ા ન ુ ં
અ છ ૂ ત પ ણ ા ં ઓ
સ ૂ ં ઘ ુ ં
અ પ ા ડ ત ુ ં   હ ત ુ ં
ન િ ખ ા ર ુ ં   છ ુ ં
મ ી ઠ ે
ર ડ વ ા ન ુ ં
ન   સ મ જ ો !
બ ા ળ   લ ક વ ે
ન ર ગ ો ટ ો
હ ી ં ચ ક ે
જ ણ ી ન ે
પ ડ ી શ
ત ા વ ડ ી વ ા જ ુ ં
ત ક િ ય ે
બ ર ફ ગ ો ળ ા
ર ં દ ે
શ ણ ગ ા ર ત ુ ં   હ ો વ ુ ં
ન થ ી   જ મ ત ુ ં
ફ િ ર સ ્ ત ે
ડ ા ળ ી ઓ
દ સ ક ો
એ ર ા ં એ
સ ડ ી શ ુ ં
જ મ ી એ
ન ડ ી   શ ક વ ુ ં
પ ે ચ િ ય ે
વ ં ચ ા ય
વ ધ શ ો
વ િ ચ ા ર ત
અ ફ ી ણ િ ય ા
ત ર ા ય
આ ં ચ ક ે
વ ી જ બ ત ્ ત ી એ
ન થ ી   ર ડ ત ુ ં
સ ા હ િ ત ્ ય ચ ો ર ્ ય ુ ં
જ ન ્ મ ુ ં
ક ળ ી ચ ૂ ન ે
સ ળ ગ !
આ પ શ ો
મ ી ઠ ા ં
મ ા ર દ ડ ે
હ ા ર શ ે
ન ક ા ર ી એ
પ ૂ છ જ ે
અ ટ ક ત
ત ર ી શ
ઉ થ લ ા વ ો   છ ો
ન હ ી ં   જ મ ો
મ ો ર િ ય ા ઓ
સ ો ન ા ં ઓ
ક ો ળ ા ં
ખ ં ભ ે
ઉ થ લ ા વ ે
હ ગ ો
ઉ પ ા ડ શ ે
ઊ ં ટ ડ ા
સ ળ ગ ુ ં
ન   સ ૂ ં ઘ ી એ
લ ા વ ુ ં   છ ુ ં
ડ ા ઘ ા એ
ચ ા ડ િ ય ા ઓ
સ લ ા ડ ુ ં
ન હ ી ં   વ ા મ ે
ન   ડ ર ો !
ઝ ા ં પ ો
વ ા વ ે   છ ે
સ મ ુ દ ્ ર ક ા ં ઠ ે
ત પ ા સ ી   શ ક વ ુ ં
બ જ વ ૈ ય ે
જ ણ ો   છ ો
ન હ ી ં   અ પ ા ક ર ્ ષ ો
ન હ ી ં   ડ ર ો
સ ્ વ ી ક ા ર ુ ં
મ ર ુ ં   છ ુ ં
ન   વ ધ !
ન હ ો ત ુ ં   દ ો ર ્ ય ુ ં
ન   ન ડ ો !
ન ા વ ણ િ ય ા
ફ ે ર િ ય ા
ન   હ ા ર !
ન હ ી ં   શ ક ુ ં
જ ઈ શ ુ ં
ક ા ં દ ા
પ ડ ુ ં
ન ડ ે
ક ચ ક ડ ા ં ઓ
બ જ વ ૈ ય ા
બ ન ે   છ ે
અ પ ા ડ ા ય
ન   વ ા પ ર ી એ !
ઝ ઘ ડ ુ ં
ન   ભ ા ળ ો
અ ટ ક ી   શ ક વ ુ ં
ઊ ં બ ર ો ા ઓ
હ ક ા લ ત ુ ં   હ ો ત
ન   આ પ ો
અ ટ ક જ ો
ન   ડ ૂ બ !
વ ા મ ુ ં   છ ુ ં
ન   બ ન ે
જ ન ્ મ ત
દ ી ં ટ ે
દ ો ર ે   છ ે
ન   ત પ ા સ ે
જ ઓ
ન ક ા ર ા ય
ન   સ મ જ ા વ ો !
ન   વ ા મ ે
થ ૂ ં ક ત ુ ં   હ ો ત
સ ્ વ ી ક ા ર ે
ર ડ ે
વ ા ં ચ ી   શ ક વ ુ ં
વ ા વ ે
જ મ ત ુ ં   હ ો વ ુ ં
ન હ ી ં   વ ા પ ર ો
લ ા વ ે
ક ો ત ર શ ે
ન હ ી ં   ડ ૂ બ ે
ભ ા ળ ો
ધ ા ર ા
ઝ ઘ ડ વ ા ન ુ ં
થ ૂ ં ક ી એ !
ખ ે ડ ી ન ે
ચ મ ચ ી
શ ક ુ ં
ડ ો ક ા ં એ
વ ખ ા ણ ી
ન હ ી ં   ગ મ ી એ
સ મ જ ા વ ી ન ે
મ ા ં ડ વ ા ઓ
ડ ૂ બ ે
વ ી જ આ ં ચ ક ો
ન   ર મ ી એ
ન   વ ા ં ચ ે
ગ વ ૈ ય ા ઓ
સ ડ ્ ય ુ ં
ભ ા ળ ે
આ વ ડ ી શ
સ ા હ િ ત ્ ય ચ ો ર ે
શ ક ત ુ ં   હ ત ુ ં
ન   દ ો ર ી એ
સ ્ વ ી ક ા ર ી   શ ક વ ુ ં
વ ા મ ી એ !
ર મ ી શ ુ ં
વ ા વ ા ઝ ો ડ ુ ં
જ ન ્ મ ત ુ ં   હ ત ુ ં
ર ૂ પ ે
ન   ર મ !
ન   ન હ ા !
આ વ ડ ી શ ુ ં
સ ળ ગ ુ ં
ન   વ ર ્ ત ો !
ન િ ખ ા ર ત ુ ં   હ ો વ ુ ં
વ ખ ા ણ ુ ં
ગ મ શ ો
ન ા ખ ે   છ ે
ન હ ી ં   લ ા વ ે
ખ ે વ ૈ ય ા
સ ૂ ં ઘ ત
ન હ ી ં   ન ા ખ ી એ
પ ી ય ો
ન હ ો ત ુ ં   વ ા મ ્ ય ુ ં
વ િ ચ ા ર જ ો
ન   ન િ ખ ા ર ો
આ વ ડ વ ુ ં   હ ો વ ુ ં
ન   ડ ર ી એ
ન   વ ા પ ર ુ ં
ત ર ી
ફ ુ ગ ા વ ે
ક ચ ક ડ ે
બ ો લ શ ો
ન હ ી ં   પ ડ ુ ં
ક ા ન દ ટ ્ ટ ા
ક ા ન દ ટ ્ ટ ો
ન હ ી ં   ર ડ ુ ં
ફ ગ િ ય ે
ર સ ી ઓ
ન   થ ૂ ં ક ો !
સ મ જ ા વ ુ ં
