i k ’ a
e x ʷ a
b o y ł i n
i k ’ a
r i k ’ ä s i
d ä z
r o ɣ o
n e x a
n e x a
ž e ž u q a y
b a n
d ä z
b e x u n
n e x a
d o w z
y a y n
y a y n
o c ä
e s o
b a y n
i s x o
y a y n
b a y n
i k ’ a
d i y ä
b i z a
r a y x
z o w n č ’ a
n e x n o
b o q x o
n e x n o
i q ä r u
n e x a n
n e x a
e s a
r a y x
b o y n
b a y x
b a n
b a y x
r a y x
b a y x
e s a n
b a y x
b a y x
b a y n
e x u ƛ
a q z a
r a y x
y o w x
o ɣ a n
b a y x
b e x a
e s i r o
y o w x
r o w a
e l ä y
o y s
r o y s
b o q x o
e ƛ i s
o ɣ n o
n e x a
r a y x
b a y x
y a y r n o
b o d i n
r a y x
a y s i
y o y x
ħ a l a
r a y x
b a y x
o y s
i z i x
b a y a
b a y n
r a y x
b a y a
b a y a
r i č i n
r a y x
a y s i
r a y n
r a y x
r a y r n o
n e x a n
a y s
y o d i x
n e x a n
r i s n o
b o ɣ n o
e x u x
b a y s
e s i x
o q n ä y
b o d i x
n e x a n
b o ɣ a
k u r x o
a q z a
o k ’ ł a
r i k ’ i x
i š n o
r a y n
b e s u x
b o q x o
b o d i x
y o d i x
b o q n o
a y r u
b e s u n
b a y x
y o d i x
b o d i x
b o d i s
r e x u n
y i ł a q
r i ħ i n
b o ɣ a
b a n
e q e r x o
y e t i n
r i y x
y e s u x
r e x u x
r i k ’ i n
r i s n o
r i ƛ i x
r o y x
b o d a n
r e x u n
e s i x
b a y s
a y ä s i
b o d i s
r o q n o
r i k ’ i x
o ɣ n o
b i k ’ i n
y e t i n
o q n ä y
y e s u n
r o ɣ n o
y i k ’ i x
e s u r s i
y o y x
b i k ’ i n
ž e d a ƛ
r i k ’ i n
e ƛ a c e
b o ɣ n o
b i k ’ u r
c a x n o
b a y s
o q ʷ a
x e c i n
r i k ’ i n
n e ƛ a n
r e g i n
o q a
a d i r u
r i k ’ i x
a y ä s i
r o ɣ n o
b o y ł i n
g u l u d e
k u r ä s i
b o d a n
r u t i r n o
ħ a ž i n
y o d a n
r i c i n
b a y z a
b e s u x
r o ɣ n o
b a y n o
b a y a
r i k ’ i n
b a y s
l a g i q
r i k ’ i n
b i z i n
u t i r a n
y i k ’ i n
r i k ’ i n
b i z i n
r o w a n
r i y x a
r o q a
i š a
b ä z i r u
n a z a
b i č i n
e g i r s i
b i z i n
r o ɣ x o
b a y ä s i
b a y ä s i
y a y r i n č ’ a
b a y ä s i
b a y z a
b o q n ä y
e x u n
x e d y a
r o ɣ x o
d e b e ƛ ’
n e ƛ a n
y a y r u
r i q i r a
y a y r u
l a g i s
b i q i x
b a y a c e
r i k ’ a n
r i k ’ a n
b o q n o a n u
e x u n
r a y r n o
r e s u r n o
r i z ä s i
r o y n ä y
b a y a c e
b a y a c e
m o ł i n
i k ’ i n
n e ƛ n o
r u ł i r n o
d o w x o r
b o q n o a n u
y o ɣ ä s i
r u k a y n
t e ƛ n o
n e ƛ n o
r o ž b i
y e x a s i
b o d i x ƛ i n
u ž i ƛ ’
r u k a d a
o d ä s i
b e g i r a
r o q a c e
r a y x
b a y n
k a m ä s i
y o y n č ’ i
r u ł i r n o
g o g a
b o q n o a n u
e s a c e
