ħ a ƛ i n
b a y a c e
a y a t o w
r e s u n
e q r ä s i
t a ƛ r u
n a ɣ o r
ƛ ä x u r u n
b ä k ’ i r u
b ä k ’ i r u
k u s a s
n a r e y
o ɣ o ƛ i n
ł i n a ƛ ’
o d ä s i
r o ƛ i x x o
z o w n a n u
r u t i n
r a x ƛ i n
z e w n
o ɣ o ƛ i n
c e y e z
ƛ ä x u r u
r u t i r n o
a y n ä y
y e s u s
r a q r u c e
b a r u z
y o x i r n o
n e x n ä y
r o d i ł i n
e s u n
r i č ä s i
u k a y z a
r a x ƛ i n
x a b a r y a y n
b u k a r a
n ä x z a z
y u k a d a
r o d i ł i n
r i k ’ ä s i
ƛ e x u n a
r o d ä w a
k u s a r
a y n ƛ i n
r i k ’ i n
c e y ä
ƛ ä x u r u n
i k ’ n o
ł ä ł x o r
ä ƛ i r u n
e s i w q a y
n e x e ł n o
i k ’ i n
r a ɣ ˤ i n
r i q i r a
r i k ’ ä s i
r i k ’ ä s i
b a y z a ƛ ’
y e t ’ u n
i k ’ i x o s i
e x u n
b i k ’ ä s i
g u l u z a r
r o d ä w a
b a y ä s i
b i k ’ ä s i
e x u r n o
d e b e q n o
r e s a t o w
b o q n ä y
y o q ä ƛ i n
b i š n o
b a d i r u n
b i k ’ ä s i
i q i r x o
r i q i r a
a y n ä y
r o d ä w a
b e t i x ƛ i n
d ä q ƛ i n
n ä x n o ƛ i n
r o y n ä y
z a w r u ł i
x u x i n
q o q o ƛ i n
k u r ä ƛ i n
r i k ’ i x ƛ i n
r a q r u n
r e g i r n o
i k ’ i ł i n
b a y n o s i
y e x u r n o
r o k ’ e r
z a w r u ł i
r ä s u z a
b e t i x ƛ i n
a ɣ ˤ u x
b o q n o a n u
b a k ’ r u
y o ɣ e ł n o
a y n ƛ i n
m e k o y n
b a y n o s i
y u k a d a
i č i z a q
r a x ƛ i n
ä s i r u
g u l u z a ł
b a y n o s i
i k ’ i ł i n
z o w ä s i
r o k ’ e r
a k i q
r e x a d a
b i k ’ i n ä y
i k ’ i n ƛ a x
y a y n g o n
b i k ’ i n ä y
o y n ƛ a x
b i k ’ ä s i
b o d a č ’ i n
o z z a t a w
d ä q ƛ i n
y u k a d a
b a y n o s i
b i k ’ i n ä y
r e ƛ ’ a b i
b a q r u n i
q e q a
o q n o ƛ a x
a y n ä y
y a y z a y
z o w n a n u
r o ɣ n o s i
r o d ä s i n
y i z i n
b a y n o s i
b a y x a n a
i k ’ i ł i n
ä č i r u
n ä x n o ƛ i n
r a x ƛ i n
i k ’ i x o s i
r o ɣ n o s i
r u k a y r u
i k ’ a č ’ i n
y o q a c e n
k u s a r
g u l u z a r
y o ɣ e ł n o
e s i n ƛ a x
b a y x a n a
y i q ä r u n
b a b i w ƛ ’
r i s ä ƛ i n
g u l u ƛ ’
r a ɣ ˤ ä s i
i k ’ i n ƛ a x
b a y n ƛ a x
g u l u q o r
o q s i ƛ i n
r i ħ u r n o
q ˤ a y z
e s u z a ƛ ’
k a m i n
n ä x n o ƛ i n
r a c ’ r u
b o x i r n o
b a y ƛ ’ o r ä y
y o q x o s i
d e b e r n o
r o y x o s i
r e s u n
r o x i r n o
n ä x n o ƛ i n
b i š i n
y a ƛ ’ ä r u
b ä k ’ i z a y
r u k a y x o w
r i k ’ i x ƛ i n
n ä x n o ƛ i n
ƛ e x u n
z o w n a n u
b a y n ƛ a x
o q x o s i
g u l u z a r
r a ɣ ˤ ä s i
b a y x a n a
r o d ä s i n
b ä c i r u n i
b a y z a ƛ ’
e t ’ n o
m a ħ i q o r
y a y o ƛ ƛ i n
b u k a y n
b i q a
y a y o ƛ ƛ i n
y a y o ƛ ƛ i n
b ä x u r u
i c i s ƛ i n
e q r o ƛ i n
r o d i n ä y
r o ž b i n
n e x e ł n o
i š x o s i
n e x ƛ ’ o r ä y
b o d i n o s i
b a y ƛ ’ o r ä y
b ä k ’ i z a y
y a y o ƛ ƛ i n
b a d i r u n
i k ’ i x ƛ i n
b a y x a n a
b o y x o s i
r o ƛ i x n o
l a g i q o r
e č ’ e r n o
b i k ’ i n o s i
i k ’ i n ƛ a x
y a q i n č ’ i
y i š a n
r a y r ä ƛ i n
ɣ u d ƛ ’ a y
d ä r t o w
n e ł a r n o
b ä k ’ i z a z
b u k a y r u n
b o d i n o s i
b o y ƛ ’ o r ä y
i k ’ i n a n u
b a y ƛ ’ o r ä y
d ä r ƛ i n
y o d i x o s i
r o ɣ r e r n o
y e z u r a
b a d i r u n
r o k ’ n o s i
y i k ’ ä ƛ i n
r o d i r n o
b ä k ’ i z a y
e ƛ a n ƛ i n
y o ɣ e ł n o
y e g i r a n
z a w r u n i
r o x i r n o
y i k ’ ä ƛ i n
k u s a
b ä c i r u n i
ä ƛ i r u n
b u k a y n
y a q i n č ’ i
i k ’ i n a n u
k ’ u k y o ƛ
x e d y o d e r
i k ’ i n ƛ a x
b i k ’ i x o z o
i c i s ƛ i n
b i k ’ i n o s i
b o y ƛ ’ o r e y
b i k ’ i x o z o
b ä č i n č ’ i
r o k ’ ƛ ’ o r
r o y n č ’ e y
c e k ’ ƛ ’ o r
d e b i k i n
e t i n a ƛ i n
b i k ’ i x o s i
r u k a y z a ƛ ’
y o w ä ƛ i n
i y n č ’ e y
r o d i n ä y
r e x u n ƛ i n
t a w a d i r
b i k ’ i x ƛ i n
ƛ e x u n a n u
n e ł ƛ ’ o r
b i c ’ n o
u k a y x a n u
y i k ’ i x o s i
e x u r n o
b i č i r n o
b i k ’ i n ƛ a x
b o ƛ i x n ä y
y i ž i n
ä k ’ i r u n t o w
x e d y o d e r
m a d a z a
b a q r u n i
o q a n ƛ i n
r o y n č ’ e y
b o d i x a n u s i
r i q ä ƛ i n
y o d i x o s i
r o d i r n o
b i k ’ i x o z o
b i k ’ i x ƛ i n
b i k ’ i x o s i
ä k ’ i r u n t o w
n e x a n ƛ i n
b u k a d ä s i
r e t i x a n u
b i k ’ i x o z o
e ƛ i s ƛ i n
b a y n o s i n
e g i r n o
i k ’ i n o s i n
r i k ’ i n ƛ a x
b o y z a ƛ ’
b i k ’ i n ƛ a x
i k ’ i s ƛ i n
z o w n a n u
y o w x o z o
i k ’ i ƛ ’ o r e y
b a š i ł
b i k ’ i x ƛ i n
y i k ’ i n o s i
i k ’ i s ƛ i n
y i k ’ i n o s i
b ä č i r u n i
y i z i n o s i
ħ u r ž e n y a
r o d i n o s i
l a ɣ e s
i y n č ’ e y
b a y r u n t o w
ƛ ’ i r ä z a
r o y z a ƛ ’ o r
y e c a s i
r o ɣ r e r n o
o q a n ƛ i n
b a y r u n t o w
r a y n ä ƛ i n
r o k ’ n o y ä
b i k ’ i x o z o
e s u n a n u
y e t i n ƛ i n
b a y n č ’ i n ä y
r o q x a ƛ i n
r a y r n ä y
k u r s i ƛ i n
r a y n ä ƛ i n
r a w r u n i
r o y z a ƛ ’ o r
r o q n o ƛ a x
n e x n ä y ƛ i n
r e t i n ä y
y i k ’ i x ƛ i n
x e d y o q a y
y a ɣ ˤ o ƛ i n
i ħ a d a
b i ħ u s ƛ i n
b o d a n ƛ i n
a y r u n t o w
b a y x a n u s i
q i z a n y o r
b o ɣ a n ƛ i n
b i k ’ i n ƛ a x
b o d i x ƛ i n
u ž i z a q o r
r a c ’ z a ƛ ’
m e k o d ä s i n
r e t i n č ’ e y
b o ɣ a n ƛ i n
b o d a n ƛ i n
n e ƛ x o ƛ i n
u k a y n č ’ a
r o y z a ƛ ’ o r
y o ƛ i x n o s i
b o ƛ ä x z a z
b a q r u n i
y i k ’ i x ƛ i n
r i k ’ i ƛ ’ o r ä y
o q ä ł i n č ’ i
a y r u n t o w
y i k ’ ä ƛ i n
r e t i n ä y
b a y z a ƛ ’ o r
h a q ’ u s
ä k ’ i n o ƛ i n
z o w n ƛ a x
r i q i ~ ƛ i q i r n o
b o d o ƛ i n
y a ł r u ł i
b a y z a ƛ ’ o r
y o d i x o s i
r a y n ä ƛ i n
n e x n ä y ƛ i n
r a y n ä ƛ i n
y a y o ƛ ƛ i n
ä k ’ i n o ƛ i n
r i k ’ i x ƛ i n
b i k ’ i x ƛ i n
b i k ’ i n ƛ a x
d ä r s i t o w
y a c ’ o ƛ i n
z i r u s n o
z o w n č ’ a
y a y r n o ƛ i n
y a y r u n t o w
r o k ’ x o s i
z e w n o ƛ a x
a y n č ’ i z a ƛ ’
t ä ƛ r u n i
r e s u n č ’ e y
b i k ’ i x ƛ i n
i ž i x ƛ i n
y i k ’ i x a ƛ i n
n e x ä s i ƛ i n
b ä k ’ i z a y
i y x a n u s i
t e ƛ i n č ’ e y
b i t i n č ’ u
r e s u n o s i
r o k ’ x o t o w
n e ł a c e g o n
b o ƛ ä x z a z
x e d y o s g o n
y a y o ƛ ƛ i n
b i k ’ a n ƛ i n
o q ä ł i n č ’ i
r e x u x a n u s i
ʕ a m o ƛ ’
ƛ e x u n ƛ i n
n u k a r q o
e n i ~ b a b i w z
b o d i n č ’ e y
n e x ä s i ƛ i n
o q z a ƛ ’ ƛ i n
b a y ä r u n i
d i d u r ƛ i n
o q i n č ’ e y
b o w n
n a r n o k i n
i k ’ i ł x o s i
b u t n o s
y i k ’ i x a ƛ i n
ħ i r o ƛ ’ o r
n e x ä s i ƛ i n
b i ħ a n a d a
z o w w ä ƛ i n
y ä č i z a y
i k ’ i ł x o s i
i k ’ i ł x o s i
b a y z a ƛ ’ o r
ł a ƛ ’ o r
d i d u r n o k i n
b a y n č ’ i n ä y
e s n o s i
y i č i r ä s i
b e s u r o z
y i c a l i n i
d o w q o
z o w w ä ƛ i n
ł i n a s n o t o w
b u k a y r u n
r a c ’ o ƛ i n
y i k ’ i s ƛ a x
l a g i ƛ
n e ƛ x o ƛ i n
ł i n a q o r
b o d i n č ’ i n ä y
a y z a ƛ ’ o r t o w
y i k ’ i s ƛ a x
b u t n o ƛ ’
b a y x a n u s i
m i c x i r y o s n o
n u k a r e s n o
b i ƛ i n
y i k ’ i s ƛ a x
y a y ƛ ’ o r ä y t o w
y i k ’ i s ƛ a x
y i k ’ i x a ƛ i n
ħ i r a r
y o w n ƛ a x
r i ž i n
r i c ’ a l i n i
r u k a r n o s i
b a y r u n t o w
b i y n č ’ e y n
n e x i n č ’ i n ä y
r e t i x a n u ƛ i n
r u k a y n o s i
e s u n a n u
g u l u z a ƛ ’ n o
r i c ’ x o t ’ a
b i ħ a n a y x
b a c ’ r u n
r o ɣ ł i n č ’ e y
o z a t a w
d o w ƛ ’ o r
e s n a z a ł
r i k ’ i ƛ ’ o r ä y
ƛ e x u n č ’ u
x a l q ’ i m o q
b e x a r u n i
r i k ’ i ƛ ’ o r ä y
b o d i x a n u s i
b a y n č ’ i n ä y
r e s u z a ƛ ’
r o ɣ ł i n č ’ e y
g u l u z a ł ä y g o n
y a ɣ ˤ i n ƛ i n
y o ƛ i x n o s i
ʕ i š q ’ a
y e x u r x o s i n
m e c r e ƛ ’ n o
n e x x a n u ƛ i n
z o w n č ’ e y
b a y n č ’ i n ä y
a y n č ’ u ƛ i n
r u k a r a n ƛ i n
y i c a l i n i
b a y n o s i g o n
b a y x a n u s i
n e x x a n u ƛ i n
b a y n č ’ i n ä y
y i k ’ i n č ’ e y
ł i n a ł a y n
a y n č ’ u ƛ i n
a y n č ’ u ƛ i n
y a y ƛ ’ o r ä y t o w
a y n č ’ i z a ƛ ’
r i k ’ i ƛ ’ o r ä y
y i k ’ i x a ƛ i n
y o q z a ƛ ’ o r
ł ä ł ä z a y
ħ a ž ƛ ’ a ɣ o r
b a y ä r u n i
n e x ƛ ’ o r ä y g o n
o q i n č ’ u ƛ i n
b a y n o s i g o n
d o w ƛ ’ a y g o n
y e x a s i
o z e r
y i ł a ƛ ’ n o
n e x ƛ ’ o r ä y g o n
r u t i x a n u s i
o z z a t a w
z e w n o ƛ a x
y e g i r a n ƛ i n
o q i n č ’ i z a ƛ ’
a y n č ’ i n ä y
a y n č ’ i n ä y
ħ u m u k u l i ƛ a
r o d i r n o
y a ɣ ˤ a n ƛ i n
g u l u ƛ ’ o r n o
r u k a y x a ƛ i n
r o ƛ i x x o
b o y x a n u ƛ i n
r u k a y x a ƛ i n
d o w z o ƛ ’ a y
y o q ƛ ’ o r e y
y a q z a y
i č i z a ƛ ’ o r
o q i n č ’ i z a ƛ ’
b a y ä r u n i
b i ħ a n a y n
o q i n č ’ i z a ƛ ’
ł i n a q o r
b o y x a n u ƛ i n
b o q x o s i n i
y o q z a ƛ ’ o r
e s i x a n u ƛ i n
z a w r u n i g o n
r o q i n č ’ u ƛ i n
b u c i ƛ ’ a y
z a w r u n i g o n
a y n č ’ i n ä y
n ä x i n č ’ i ƛ i n
e t i x a n a ƛ i n
b o y x a n u ƛ i n
d ä z t o w
b a q i n č ’ i ƛ i n
n a z o s n o
n ä x i n č ’ i ƛ i n
n e x i n č ’ i n ä y
n ä x i n č ’ i ƛ i n
y o ł ä s i ƛ i n
b e x a r u n i
b a q i n č ’ i ƛ i n
t e ł x o r n o
r i k ’ i ƛ ’ o r ä y
y e g i r n o ƛ a x
b o y n č ’ i n ä y
r a q i n č ’ i ƛ i n
r a q i n č ’ i ƛ i n
x e d i w q o r n o
č ’ a q ’ ˤ i r n o
o q z a ƛ ’ g o n
y e g i r a n ƛ i n
ä q i n č ’ i ƛ i n
z a w n č ’ u r u
h o w l o r t o w
m e k o y n o s i g o n
y i k ’ i n č ’ e y t o w
n e š i r u x a y t ’ a
y u k a y z a ƛ ’ o r
o q a č ’ i n ƛ i n
r a q i n č ’ i ƛ i n
b a q i n č ’ i ƛ i n
n u k a r z a s n o
b e c u r i n č ’ e y
s a ɣ y a t y o s
r a ƛ ’ m o ƛ ’ n o
e x u ~ e g i n č ’ e y
r o q x o n č ’ e ƛ i n
ɣ ʷ ˤ a d i r
b i k ’ i z a ƛ ’ o r t o w
r i ħ a n a y x o s i
t ’ a s m a ɣ o r
d o w z o ƛ ’ a y
t e ł ä y g o n
z o w n a n u ƛ a x
r o q i n č ’ i z a ƛ ’ ƛ i n
q ’ ˤ u r i ƛ ’ o r n o
c e y ł ä y
n ˤ o ƛ a ƛ ’ o r
z e r u y a ł e r
y u k a y n č ’ u ƛ i n
z o w n č ’ e y ƛ a x
q ’ ˤ u n ƛ ’ o r n o
e s i n č ’ i z a ƛ ’
y a y ƛ ’ o r ä y t o w
b o y n č ’ i n ä y
z a w n č ’ u r u
b i k ’ i z a ƛ ’ o r t o w
ł i ł i r o x n o
y a y ƛ ’ o r ä y t o w
ł i ł i r o ł
b o k ’ e k ’ i n č ’ e y
b e x u r ƛ ’ o r ä y s i
b e r c i n ł ä
k i k x o
b a q i n č ’ i ƛ i n
b a ƛ ’ ä r i n č ’ i ƛ i n
b a c ’ s i ƛ i n
t e ƛ i n č ’ u ƛ i n
y i k ’ i z a ƛ ’ o r t o w
y i k ’ i z a ƛ ’ o r t o w
y e x u r i n č ’ i n ä y
b e x u n č ’ i z a ƛ ’
b e s u r o z a ƛ ’ a y
y u k a y x a n u z o
b ä s u r u
ƛ ’ i r i r g o n
b i ħ a n a d a ƛ i n
b a q i n č ’ i ƛ i n
b ˤ o ƛ ’ u n
r a c ’ ł i n
ɣ ˤ a n a z a g o n
y i z i ł i n č ’ i z a ƛ ’
q ’ ˤ u n a d e r
ä k ’ i n č ’ i ƛ i n g o n
o ɣ ƛ ’ o r ä y
t a w a d i d ä ɣ o r
ž e d u d ä ɣ o r n o
y e x u r i n č ’ i n ä y
y i ł a z
y o ł ä s i w a
z o w n a n u ƛ a x
i š x a n u ƛ i n
b i q i n č ’ i z a ƛ ’
i š x o ƛ a x
g o g a ƛ ä z
k o ƛ ’ i n č ’ i n ä y
i k ’ ä ł i n č ’ ä č e y ƛ i n
b i q i n č ’ i z a ƛ ’
k ’ o ƛ i x
y u k a y x a n u z o
b a h a d u r z a s
y i z i ƛ ’ o r
e s i w ƛ ’ o r
r e t ’ u n
y i z i d ä y
m e k o y x n o
o ɣ ƛ ’ o r ä y
z a w n č ’ u r u
r e ƛ ’ i q o r
b o k ’ e k ’ ä s i
b o k ’ k ’ ä s i
e s n a z a d ä ɣ o r
y a ƛ ’ i r ä
r o k ’ u b i n
o z z ä ɣ o r
m u r o ƛ ’ o r n o
a ɣ ˤ ʷ a ɣ o r
h a l m a ɣ d ä ɣ o r
ł ä ł ä z a y
m a d u h a l z a s n o n a n
c ’ e r u c ’ a z
e r a l i
e r e r n o
b e č ’ x o s i
ž e k ’ a n č ’ e
b a ɣ ˤ i ł n o
b a z a r g a n z a q a y
b i t i r e r n o
r i t i r e r a č ’ i n ƛ i n
r i t ä r u n t o w
r i q i r n a
a ž d a ħ e z
m a d a z a r
m a ħ a z a y
m u h u z a ƛ ’ o r
i s t o w l i z a ƛ ’
d ä z t o w
y o ƛ ’ ˤ a r u
b ˤ o ƛ ’ i m o q o s i
i k ’ i ƛ ’ o r e y
e x u ~ e g i n č ’ e y
ħ i r o ƛ ’ ƛ i n
r a ƛ ’ m o ƛ x o r g o n
p a x r u d i n q o r
b e x u n č ’ i z a ƛ ’
r ä t i r u n t o w
r i č ’ o
r e g i r e ł x a n u w a ƛ i n
r e g i r i n č ’ e y ƛ i n
r e g i r n o s i
ˤ o ƛ ’ u n
r e c e n y o c e t ’ a
b a z a r g a n e s
e s n a z a d ä ɣ o r n o
ž i g o ƛ ’ a y ƛ i n
r e g i r n o ƛ i n
k ’ e k ’ e r ł i n
b o k ’ ä k ’ r u n i
y e t i x o z o
ž e k ’ a n č ’ e
b u k a r i n č ’ u w a
r u k a r i n č ’ i
ł i n a ~ ł i n a n
k a m i r x a n u ƛ i n
b e r t e n y o ł e r ƛ i n n o
a k i ł ä z a
b u t n o z a x a r n o
e s i n č ’ u
e s i ƛ ’
b e c ä n
b e ł i q a n e s
ƛ ’ i r ä z
b a c ’ r o ƛ i n n o
r a c ’ e ł x o
b i š a n ƛ i n
r i š e r n o
b a c ’ r u ł i
r a c ’ e r x o
r i š i n č ’ e y
