r e s u z a ƛ ’
b a y n č ’ i n ä y
b o d i x a n u s i
r i k ’ i ƛ ’ o r ä y
b e x a r u n i
x a l q ’ i m o q
ƛ e x u n č ’ u
r i k ’ i ƛ ’ o r ä y
e s n a z a ł
d o w ƛ ’ o r
o z a t a w
r o ɣ ł i n č ’ e y
b a c ’ r u n
b i ħ a n a y x
r i c ’ x o t ’ a
g u l u z a ƛ ’ n o
e s u n a n u
r u k a y n o s i
r e t i x a n u ƛ i n
n e x i n č ’ i n ä y
b i y n č ’ e y n
b a y r u n t o w
r u k a r n o s i
r i c ’ a l i n i
r i ž i n
y o w n ƛ a x
ħ i r a r
y i k ’ i x a ƛ i n
y i k ’ i s ƛ a x
y a y ƛ ’ o r ä y t o w
y i k ’ i s ƛ a x
b i ƛ i n
n u k a r e s n o
m i c x i r y o s n o
b a y x a n u s i
b u t n o ƛ ’
y i k ’ i s ƛ a x
a y z a ƛ ’ o r t o w
b o d i n č ’ i n ä y
ł i n a q o r
n e ƛ x o ƛ i n
l a g i ƛ
y i k ’ i s ƛ a x
r a c ’ o ƛ i n
b u k a y r u n
ł i n a s n o t o w
z o w w ä ƛ i n
d o w q o
y i c a l i n i
b e s u r o z
y i č i r ä s i
e s n o s i
b a y n č ’ i n ä y
d i d u r n o k i n
ł a ƛ ’ o r
b a y z a ƛ ’ o r
i k ’ i ł x o s i
i k ’ i ł x o s i
y ä č i z a y
z o w w ä ƛ i n
b i ħ a n a d a
n e x ä s i ƛ i n
ħ i r o ƛ ’ o r
y i k ’ i x a ƛ i n
b u t n o s
i k ’ i ł x o s i
n a r n o k i n
b o w n
o q i n č ’ e y
d i d u r ƛ i n
b a y ä r u n i
o q z a ƛ ’ ƛ i n
n e x ä s i ƛ i n
b o d i n č ’ e y
e n i ~ b a b i w z
n u k a r q o
ƛ e x u n ƛ i n
ʕ a m o ƛ ’
r e x u x a n u s i
o q ä ł i n č ’ i
b i k ’ a n ƛ i n
y a y o ƛ ƛ i n
x e d y o s g o n
b o ƛ ä x z a z
n e ł a c e g o n
r o k ’ x o t o w
r e s u n o s i
b i t i n č ’ u
t e ƛ i n č ’ e y
i y x a n u s i
b ä k ’ i z a y
n e x ä s i ƛ i n
y i k ’ i x a ƛ i n
i ž i x ƛ i n
b i k ’ i x ƛ i n
r e s u n č ’ e y
t ä ƛ r u n i
a y n č ’ i z a ƛ ’
z e w n o ƛ a x
r o k ’ x o s i
y a y r u n t o w
y a y r n o ƛ i n
z o w n č ’ a
z i r u s n o
y a c ’ o ƛ i n
d ä r s i t o w
b i k ’ i n ƛ a x
b i k ’ i x ƛ i n
r i k ’ i x ƛ i n
ä k ’ i n o ƛ i n
y a y o ƛ ƛ i n
r a y n ä ƛ i n
n e x n ä y ƛ i n
r a y n ä ƛ i n
y o d i x o s i
b a y z a ƛ ’ o r
y a ł r u ł i
b o d o ƛ i n
r i q i ~ ƛ i q i r n o
z o w n ƛ a x
ä k ’ i n o ƛ i n
h a q ’ u s
b a y z a ƛ ’ o r
r e t i n ä y
y i k ’ ä ƛ i n
a y r u n t o w
o q ä ł i n č ’ i
r i k ’ i ƛ ’ o r ä y
y i k ’ i x ƛ i n
b a q r u n i
b o ƛ ä x z a z
y o ƛ i x n o s i
r o y z a ƛ ’ o r
u k a y n č ’ a
n e ƛ x o ƛ i n
b o d a n ƛ i n
b o ɣ a n ƛ i n
r e t i n č ’ e y
m e k o d ä s i n
r a c ’ z a ƛ ’
u ž i z a q o r
b o d i x ƛ i n
b i k ’ i n ƛ a x
b o ɣ a n ƛ i n
q i z a n y o r
b a y x a n u s i
a y r u n t o w
b o d a n ƛ i n
b i ħ u s ƛ i n
i ħ a d a
y a ɣ ˤ o ƛ i n
x e d y o q a y
y i k ’ i x ƛ i n
r e t i n ä y
n e x n ä y ƛ i n
r o q n o ƛ a x
r o y z a ƛ ’ o r
r a w r u n i
r a y n ä ƛ i n
k u r s i ƛ i n
r a y r n ä y
r o q x a ƛ i n
b a y n č ’ i n ä y
y e t i n ƛ i n
e s u n a n u
b i k ’ i x o z o
r o k ’ n o y ä
r a y n ä ƛ i n
b a y r u n t o w
o q a n ƛ i n
r o ɣ r e r n o
y e c a s i
r o y z a ƛ ’ o r
ƛ ’ i r ä z a
b a y r u n t o w
i y n č ’ e y
l a ɣ e s
r o d i n o s i
ħ u r ž e n y a
y i z i n o s i
b ä č i r u n i
y i k ’ i n o s i
i k ’ i s ƛ i n
y i k ’ i n o s i
b i k ’ i x ƛ i n
b a š i ł
i k ’ i ƛ ’ o r e y
y o w x o z o
z o w n a n u
i k ’ i s ƛ i n
b i k ’ i n ƛ a x
b o y z a ƛ ’
r i k ’ i n ƛ a x
i k ’ i n o s i n
e g i r n o
b a y n o s i n
e ƛ i s ƛ i n
b i k ’ i x o z o
r e t i x a n u
b u k a d ä s i
n e x a n ƛ i n
ä k ’ i r u n t o w
b i k ’ i x o s i
b i k ’ i x ƛ i n
b i k ’ i x o z o
r o d i r n o
y o d i x o s i
r i q ä ƛ i n
b o d i x a n u s i
r o y n č ’ e y
o q a n ƛ i n
b a q r u n i
m a d a z a
x e d y o d e r
ä k ’ i r u n t o w
y i ž i n
b o ƛ i x n ä y
b i k ’ i n ƛ a x
b i č i r n o
e x u r n o
y i k ’ i x o s i
u k a y x a n u
b i c ’ n o
n e ł ƛ ’ o r
ƛ e x u n a n u
b i k ’ i x ƛ i n
t a w a d i r
r e x u n ƛ i n
r o d i n ä y
i y n č ’ e y
y o w ä ƛ i n
r u k a y z a ƛ ’
b i k ’ i x o s i
e t i n a ƛ i n
d e b i k i n
c e k ’ ƛ ’ o r
r o y n č ’ e y
r o k ’ ƛ ’ o r
b ä č i n č ’ i
b i k ’ i x o z o
b o y ƛ ’ o r e y
b i k ’ i n o s i
i c i s ƛ i n
b i k ’ i x o z o
i k ’ i n ƛ a x
x e d y o d e r
k ’ u k y o ƛ
i k ’ i n a n u
y a q i n č ’ i
b u k a y n
ä ƛ i r u n
b ä c i r u n i
k u s a
y i k ’ ä ƛ i n
r o x i r n o
z a w r u n i
y e g i r a n
y o ɣ e ł n o
e ƛ a n ƛ i n
b ä k ’ i z a y
r o d i r n o
y i k ’ ä ƛ i n
r o k ’ n o s i
b a d i r u n
y e z u r a
r o ɣ r e r n o
y o d i x o s i
d ä r ƛ i n
b a y ƛ ’ o r ä y
i k ’ i n a n u
b o y ƛ ’ o r ä y
b o d i n o s i
b u k a y r u n
b ä k ’ i z a z
n e ł a r n o
d ä r t o w
ɣ u d ƛ ’ a y
r a y r ä ƛ i n
y i š a n
y a q i n č ’ i
i k ’ i n ƛ a x
b i k ’ i n o s i
e č ’ e r n o
l a g i q o r
r o ƛ i x n o
b o y x o s i
b a y x a n a
i k ’ i x ƛ i n
b a d i r u n
y a y o ƛ ƛ i n
b ä k ’ i z a y
b a y ƛ ’ o r ä y
b o d i n o s i
n e x ƛ ’ o r ä y
i š x o s i
n e x e ł n o
r o ž b i n
r o d i n ä y
e q r o ƛ i n
i c i s ƛ i n
b ä x u r u
y a y o ƛ ƛ i n
y a y o ƛ ƛ i n
b i q a
b u k a y n
y a y o ƛ ƛ i n
m a ħ i q o r
e t ’ n o
b a y z a ƛ ’
b ä c i r u n i
r o d ä s i n
b a y x a n a
r a ɣ ˤ ä s i
g u l u z a r
o q x o s i
b a y n ƛ a x
z o w n a n u
ƛ e x u n
n ä x n o ƛ i n
r i k ’ i x ƛ i n
r u k a y x o w
b ä k ’ i z a y
y a ƛ ’ ä r u
b i š i n
n ä x n o ƛ i n
r o x i r n o
r e s u n
r o y x o s i
d e b e r n o
y o q x o s i
b a y ƛ ’ o r ä y
b o x i r n o
r a c ’ r u
n ä x n o ƛ i n
k a m i n
e s u z a ƛ ’
q ˤ a y z
r i ħ u r n o
o q s i ƛ i n
g u l u q o r
b a y n ƛ a x
i k ’ i n ƛ a x
r a ɣ ˤ ä s i
g u l u ƛ ’
r i s ä ƛ i n
b a b i w ƛ ’
y i q ä r u n
b a y x a n a
e s i n ƛ a x
y o ɣ e ł n o
g u l u z a r
k u s a r
y o q a c e n
i k ’ a č ’ i n
r u k a y r u
r o ɣ n o s i
i k ’ i x o s i
r a x ƛ i n
n ä x n o ƛ i n
ä č i r u
i k ’ i ł i n
b a y x a n a
b a y n o s i
y i z i n
r o d ä s i n
r o ɣ n o s i
z o w n a n u
y a y z a y
a y n ä y
o q n o ƛ a x
q e q a
b a q r u n i
r e ƛ ’ a b i
b i k ’ i n ä y
b a y n o s i
y u k a d a
d ä q ƛ i n
o z z a t a w
b o d a č ’ i n
b i k ’ ä s i
o y n ƛ a x
b i k ’ i n ä y
y a y n g o n
i k ’ i n ƛ a x
b i k ’ i n ä y
r e x a d a
a k i q
r o k ’ e r
z o w ä s i
i k ’ i ł i n
b a y n o s i
g u l u z a ł
ä s i r u
r a x ƛ i n
i č i z a q
y u k a d a
b a y n o s i
m e k o y n
a y n ƛ i n
y o ɣ e ł n o
b a k ’ r u
b o q n o a n u
a ɣ ˤ u x
b e t i x ƛ i n
r ä s u z a
z a w r u ł i
r o k ’ e r
y e x u r n o
b a y n o s i
i k ’ i ł i n
r e g i r n o
r a q r u n
r i k ’ i x ƛ i n
k u r ä ƛ i n
q o q o ƛ i n
x u x i n
z a w r u ł i
r o y n ä y
n ä x n o ƛ i n
d ä q ƛ i n
b e t i x ƛ i n
r o d ä w a
a y n ä y
r i q i r a
i q i r x o
b i k ’ ä s i
b a d i r u n
b i š n o
y o q ä ƛ i n
b o q n ä y
r e s a t o w
d e b e q n o
e x u r n o
b i k ’ ä s i
b a y ä s i
r o d ä w a
g u l u z a r
b i k ’ ä s i
e x u n
i k ’ i x o s i
y e t ’ u n
b a y z a ƛ ’
r i k ’ ä s i
r i k ’ ä s i
r i q i r a
r a ɣ ˤ i n
i k ’ i n
n e x e ł n o
e s i w q a y
ä ƛ i r u n
ł ä ł x o r
i k ’ n o
ƛ ä x u r u n
c e y ä
r i k ’ i n
a y n ƛ i n
k u s a r
r o d ä w a
ƛ e x u n a
r i k ’ ä s i
r o d i ł i n
y u k a d a
n ä x z a z
b u k a r a
x a b a r y a y n
r a x ƛ i n
u k a y z a
r i č ä s i
e s u n
r o d i ł i n
n e x n ä y
y o x i r n o
b a r u z
r a q r u c e
y e s u s
a y n ä y
r u t i r n o
ƛ ä x u r u
c e y e z
o ɣ o ƛ i n
z e w n
r a x ƛ i n
r u t i n
z o w n a n u
r o ƛ i x x o
o d ä s i
ł i n a ƛ ’
o ɣ o ƛ i n
n a r e y
k u s a s
b ä k ’ i r u
b ä k ’ i r u
ƛ ä x u r u n
n a ɣ o r
t a ƛ r u
e q r ä s i
r e s u n
a y a t o w
b a y a c e
ħ a ƛ i n
e s a c e
b o q n o a n u
g o g a
r u ł i r n o
y o y n č ’ i
k a m ä s i
b a y n
r a y x
r o q a c e
b e g i r a
o d ä s i
r u k a d a
u ž i ƛ ’
b o d i x ƛ i n
y e x a s i
r o ž b i
t e ƛ n o
n e ƛ n o
r u k a y n
y o ɣ ä s i
b o q n o a n u
d o w x o r
r u ł i r n o
n e ƛ n o
i k ’ i n
m o ł i n
b a y a c e
b a y a c e
r o y n ä y
r i z ä s i
r e s u r n o
r a y r n o
e x u n
b o q n o a n u
r i k ’ a n
r i k ’ a n
b a y a c e
b i q i x
l a g i s
y a y r u
r i q i r a
y a y r u
n e ƛ a n
d e b e ƛ ’
r o ɣ x o
x e d y a
e x u n
b o q n ä y
b a y z a
b a y ä s i
y a y r i n č ’ a
b a y ä s i
b a y ä s i
r o ɣ x o
b i z i n
e g i r s i
b i č i n
n a z a
b ä z i r u
i š a
r o q a
r i y x a
r o w a n
b i z i n
r i k ’ i n
y i k ’ i n
u t i r a n
b i z i n
r i k ’ i n
l a g i q
b a y s
r i k ’ i n
b a y a
b a y n o
r o ɣ n o
b e s u x
b a y z a
r i c i n
y o d a n
ħ a ž i n
r u t i r n o
b o d a n
k u r ä s i
g u l u d e
b o y ł i n
r o ɣ n o
a y ä s i
r i k ’ i x
a d i r u
o q a
r e g i n
n e ƛ a n
r i k ’ i n
x e c i n
o q ʷ a
b a y s
c a x n o
b i k ’ u r
b o ɣ n o
e ƛ a c e
r i k ’ i n
ž e d a ƛ
b i k ’ i n
y o y x
e s u r s i
y i k ’ i x
r o ɣ n o
y e s u n
o q n ä y
y e t i n
b i k ’ i n
o ɣ n o
r i k ’ i x
r o q n o
b o d i s
a y ä s i
b a y s
e s i x
r e x u n
b o d a n
r o y x
r i ƛ i x
r i s n o
r i k ’ i n
r e x u x
y e s u x
r i y x
y e t i n
e q e r x o
b a n
b o ɣ a
r i ħ i n
y i ł a q
r e x u n
b o d i s
b o d i x
y o d i x
b a y x
b e s u n
a y r u
b o q n o
y o d i x
b o d i x
b o q x o
b e s u x
r a y n
i š n o
r i k ’ i x
o k ’ ł a
a q z a
k u r x o
b o ɣ a
n e x a n
b o d i x
o q n ä y
e s i x
b a y s
e x u x
b o ɣ n o
r i s n o
n e x a n
y o d i x
a y s
n e x a n
r a y r n o
r a y x
r a y n
a y s i
r a y x
r i č i n
b a y a
b a y a
r a y x
b a y n
b a y a
i z i x
o y s
b a y x
r a y x
ħ a l a
y o y x
a y s i
r a y x
b o d i n
y a y r n o
b a y x
r a y x
n e x a
o ɣ n o
e ƛ i s
b o q x o
r o y s
o y s
e l ä y
r o w a
y o w x
e s i r o
b e x a
b a y x
o ɣ a n
y o w x
r a y x
a q z a
e x u ƛ
b a y n
b a y x
b a y x
e s a n
b a y x
r a y x
b a y x
b a n
b a y x
b o y n
r a y x
e s a
n e x a
n e x a n
i q ä r u
n e x n o
b o q x o
n e x n o
z o w n č ’ a
r a y x
b i z a
d i y ä
i k ’ a
b a y n
y a y n
i s x o
b a y n
e s o
o c ä
y a y n
y a y n
d o w z
n e x a
b e x u n
d ä z
b a n
ž e ž u q a y
n e x a
n e x a
r o ɣ o
d ä z
r i k ’ ä s i
i k ’ a
b o y ł i n
e x ʷ a
i k ’ a
