b a c ’ r u ł i
b i š a n ƛ i n
b a c ’ r o ƛ i n n o
r i š e r n o
r i š i n č ’ e y
r a c ’ e ł x o
r a c ’ e r x o
ƛ ’ i r ä z
b e ł i q a n e s
b e c ä n
e s i ƛ ’
e s i n č ’ u
b u t n o z a x a r n o
a k i ł ä z a
b e r t e n y o ł e r ƛ i n n o
k a m i r x a n u ƛ i n
ł i n a ~ ł i n a n
r u k a r i n č ’ i
b u k a r i n č ’ u w a
ž e k ’ a n č ’ e
y e t i x o z o
b o k ’ ä k ’ r u n i
k ’ e k ’ e r ł i n
r e g i r n o ƛ i n
ž i g o ƛ ’ a y ƛ i n
e s n a z a d ä ɣ o r n o
b a z a r g a n e s
r e c e n y o c e t ’ a
ˤ o ƛ ’ u n
r e g i r e ł x a n u w a ƛ i n
r e g i r i n č ’ e y ƛ i n
r e g i r n o s i
r i č ’ o
r ä t i r u n t o w
b e x u n č ’ i z a ƛ ’
p a x r u d i n q o r
r a ƛ ’ m o ƛ x o r g o n
ħ i r o ƛ ’ ƛ i n
e x u ~ e g i n č ’ e y
i k ’ i ƛ ’ o r e y
b ˤ o ƛ ’ i m o q o s i
y o ƛ ’ ˤ a r u
d ä z t o w
i s t o w l i z a ƛ ’
m u h u z a ƛ ’ o r
m a ħ a z a y
m a d a z a r
a ž d a ħ e z
r i q i r n a
r i t ä r u n t o w
b i t i r e r n o
r i t i r e r a č ’ i n ƛ i n
b a z a r g a n z a q a y
b a ɣ ˤ i ł n o
ž e k ’ a n č ’ e
b e č ’ x o s i
e r a l i
e r e r n o
c ’ e r u c ’ a z
m a d u h a l z a s n o n a n
ł ä ł ä z a y
h a l m a ɣ d ä ɣ o r
a ɣ ˤ ʷ a ɣ o r
m u r o ƛ ’ o r n o
o z z ä ɣ o r
r o k ’ u b i n
y a ƛ ’ i r ä
e s n a z a d ä ɣ o r
b o k ’ k ’ ä s i
b o k ’ e k ’ ä s i
r e ƛ ’ i q o r
z a w n č ’ u r u
o ɣ ƛ ’ o r ä y
m e k o y x n o
y i z i d ä y
r e t ’ u n
e s i w ƛ ’ o r
y i z i ƛ ’ o r
b a h a d u r z a s
y u k a y x a n u z o
k ’ o ƛ i x
b i q i n č ’ i z a ƛ ’
i k ’ ä ł i n č ’ ä č e y ƛ i n
k o ƛ ’ i n č ’ i n ä y
g o g a ƛ ä z
i š x o ƛ a x
b i q i n č ’ i z a ƛ ’
i š x a n u ƛ i n
z o w n a n u ƛ a x
y o ł ä s i w a
y i ł a z
y e x u r i n č ’ i n ä y
ž e d u d ä ɣ o r n o
t a w a d i d ä ɣ o r
o ɣ ƛ ’ o r ä y
ä k ’ i n č ’ i ƛ i n g o n
q ’ ˤ u n a d e r
y i z i ł i n č ’ i z a ƛ ’
ɣ ˤ a n a z a g o n
r a c ’ ł i n
b ˤ o ƛ ’ u n
b a q i n č ’ i ƛ i n
b i ħ a n a d a ƛ i n
ƛ ’ i r i r g o n
b ä s u r u
y u k a y x a n u z o
b e s u r o z a ƛ ’ a y
b e x u n č ’ i z a ƛ ’
y e x u r i n č ’ i n ä y
y i k ’ i z a ƛ ’ o r t o w
y i k ’ i z a ƛ ’ o r t o w
t e ƛ i n č ’ u ƛ i n
b a c ’ s i ƛ i n
b a ƛ ’ ä r i n č ’ i ƛ i n
b a q i n č ’ i ƛ i n
k i k x o
b e r c i n ł ä
b e x u r ƛ ’ o r ä y s i
b o k ’ e k ’ i n č ’ e y
ł i ł i r o ł
y a y ƛ ’ o r ä y t o w
ł i ł i r o x n o
b i k ’ i z a ƛ ’ o r t o w
z a w n č ’ u r u
b o y n č ’ i n ä y
y a y ƛ ’ o r ä y t o w
e s i n č ’ i z a ƛ ’
q ’ ˤ u n ƛ ’ o r n o
z o w n č ’ e y ƛ a x
y u k a y n č ’ u ƛ i n
z e r u y a ł e r
n ˤ o ƛ a ƛ ’ o r
c e y ł ä y
q ’ ˤ u r i ƛ ’ o r n o
r o q i n č ’ i z a ƛ ’ ƛ i n
z o w n a n u ƛ a x
t e ł ä y g o n
d o w z o ƛ ’ a y
t ’ a s m a ɣ o r
r i ħ a n a y x o s i
b i k ’ i z a ƛ ’ o r t o w
ɣ ʷ ˤ a d i r
r o q x o n č ’ e ƛ i n
e x u ~ e g i n č ’ e y
r a ƛ ’ m o ƛ ’ n o
s a ɣ y a t y o s
b e c u r i n č ’ e y
n u k a r z a s n o
b a q i n č ’ i ƛ i n
r a q i n č ’ i ƛ i n
o q a č ’ i n ƛ i n
y u k a y z a ƛ ’ o r
n e š i r u x a y t ’ a
y i k ’ i n č ’ e y t o w
m e k o y n o s i g o n
h o w l o r t o w
z a w n č ’ u r u
ä q i n č ’ i ƛ i n
y e g i r a n ƛ i n
o q z a ƛ ’ g o n
č ’ a q ’ ˤ i r n o
x e d i w q o r n o
r a q i n č ’ i ƛ i n
r a q i n č ’ i ƛ i n
b o y n č ’ i n ä y
y e g i r n o ƛ a x
r i k ’ i ƛ ’ o r ä y
t e ł x o r n o
b a q i n č ’ i ƛ i n
b e x a r u n i
y o ł ä s i ƛ i n
n ä x i n č ’ i ƛ i n
n e x i n č ’ i n ä y
n ä x i n č ’ i ƛ i n
n a z o s n o
b a q i n č ’ i ƛ i n
d ä z t o w
b o y x a n u ƛ i n
e t i x a n a ƛ i n
n ä x i n č ’ i ƛ i n
a y n č ’ i n ä y
z a w r u n i g o n
b u c i ƛ ’ a y
r o q i n č ’ u ƛ i n
z a w r u n i g o n
e s i x a n u ƛ i n
y o q z a ƛ ’ o r
b o q x o s i n i
b o y x a n u ƛ i n
ł i n a q o r
o q i n č ’ i z a ƛ ’
b i ħ a n a y n
b a y ä r u n i
o q i n č ’ i z a ƛ ’
i č i z a ƛ ’ o r
y a q z a y
y o q ƛ ’ o r e y
d o w z o ƛ ’ a y
r u k a y x a ƛ i n
b o y x a n u ƛ i n
r o ƛ i x x o
r u k a y x a ƛ i n
g u l u ƛ ’ o r n o
y a ɣ ˤ a n ƛ i n
r o d i r n o
ħ u m u k u l i ƛ a
a y n č ’ i n ä y
a y n č ’ i n ä y
o q i n č ’ i z a ƛ ’
y e g i r a n ƛ i n
z e w n o ƛ a x
o z z a t a w
r u t i x a n u s i
n e x ƛ ’ o r ä y g o n
y i ł a ƛ ’ n o
o z e r
y e x a s i
d o w ƛ ’ a y g o n
b a y n o s i g o n
o q i n č ’ u ƛ i n
n e x ƛ ’ o r ä y g o n
b a y ä r u n i
ħ a ž ƛ ’ a ɣ o r
ł ä ł ä z a y
y o q z a ƛ ’ o r
y i k ’ i x a ƛ i n
r i k ’ i ƛ ’ o r ä y
a y n č ’ i z a ƛ ’
y a y ƛ ’ o r ä y t o w
a y n č ’ u ƛ i n
a y n č ’ u ƛ i n
ł i n a ł a y n
y i k ’ i n č ’ e y
b a y n č ’ i n ä y
n e x x a n u ƛ i n
b a y x a n u s i
b a y n o s i g o n
y i c a l i n i
r u k a r a n ƛ i n
a y n č ’ u ƛ i n
b a y n č ’ i n ä y
z o w n č ’ e y
n e x x a n u ƛ i n
m e c r e ƛ ’ n o
y e x u r x o s i n
ʕ i š q ’ a
y o ƛ i x n o s i
y a ɣ ˤ i n ƛ i n
g u l u z a ł ä y g o n
r o ɣ ł i n č ’ e y
