y a q n o ƛ i n
n e ł a n
b a y ƛ ’ o r ä y
b a y n ƛ a x
a z b a r y a
b o d i x a n u s i
b i z a
m a ħ l a r
y i k ’ i s ƛ a x
x e d y o ƛ ’ o r
o q x a n u w a ƛ i n
b a y n
b i č i n ä y
r o k ’ n o
b o d i x ƛ i n
b a n
b i k ’ i x o z o
o n o č a d ä r
x e c a č ’ i n ƛ i n
u k a y n č ’ a
n e ƛ s i ƛ i n
u ž i b i
a y s i
b e t i x ƛ i n
n e x n ä y
b a c ’ ä s i
e s i w r
b a y ä s i
b a y a
b i k ’ ä s i
n e x n ä y ƛ i n
r i k ’ i x
e x u r x o s i
o q i n č ’ e y
y a c ’ n o s i
r o d i x a n u
b o q x o ƛ a x
t e ƛ n o
y o d a n
x e d y o s g o n
y i ħ a n a d a
o z a t a w n i
a ɣ ˤ ʷ a ɣ o r
q ˤ a y s
y i k ’ i n
r o y x o s i
r i č i n
b a y n ƛ a x
t ’ a ħ i n
b a y z a ƛ ’ o r
b o d i n č ’ e y
b i k ’ i x ƛ i n
ɣ ˤ a n a z a q
b u k a r n o s i
r u k a y x a n u ƛ a x
y ä č i z a y
ä k ’ i r u n t o w
r e x u n č ’ e y
n e x n o
r a y r n ä y
b i k ’ i x o s i
a y n č ’ i z a ƛ ’
b o x i r a
r o ɣ o
b o d i s
y e g i r ł i n
e s i n č ’ u ƛ i n
d e b i n
b o q n o
t e ƛ ƛ ’ o r ä y
r e x u n ƛ i n
b a y z a
d i g o n
b o q ä w a
k a m i r n o
i q i r n o
n e x ä s i ƛ i n
b i k ’ i x ƛ i n
a y s
ł a n a ł ä y n
ħ u r ž e n y a b i n
y a y r u
ž e d a d e g o n
a ɣ i q a y n
y o q ƛ ’ o r e y
q i z a n y o s
b a y n o s i
i k ’ i n o s i n
a ɣ ˤ ʷ a
r i y n č ’ e y
b o d i n č ’ e y
n e ƛ x o ƛ i n
i k ’ ä ł i n č ’ ä č e y ƛ i n
r i c i n o s i
y i š ä s i
r i š e r ƛ ’ o r ä y
e s u s
x ä c i z a
ž e d u s g o n
r o ɣ n o
