b i š ä s i
u k a y z a
b u k a y z a
ä k ’ i n č ’ i ƛ i n g o n
n e x e ł n o
a y n č ’ i n ä y
b i k ’ i z a ƛ ’ o r t o w
z o w n ƛ i n
y u k a d a
y i k ’ i x
b i z i n o s i
b ä c i r u
r o d a n ƛ i n
x e d y o d e r
y o q z a ƛ ’ o r
n e x n ä y
o x i r a
r u k a y n o s i
z o w ä s i
b a y n č ’ i n ä y
o d ä s i
b a y n ƛ a x
y a c ’ a n ƛ i n
r o w a n
y o y x
b a y n
ħ a ƛ u r n ä y
y i z i q o r
b i k ’ i n ä y
y i k ’ i n č ’ e y t o w
o q n o ƛ a x
r o d i ł i n
b u k a r n o
r o y x a n u
g u l u z a x o z o
b o q x o ƛ a x
e s i n a n u
r i k ’ i n ƛ a x
r i k ’ i x
ž e d a x a y
b a y r i n č ’ u ƛ i n
b o d i n č ’ i n ä y
y i k ’ i x ƛ i n
y a q n o
e s i n č ’ e y
a y n ƛ i n
g o g a z a ƛ ’ a ɣ o r n o
r i š a
b a y z a ƛ ’ o r
b a y a
y i k ’ i s ƛ i n
a y s
e s i s ƛ i n
e t i x
k ’ o ƛ o č o
i k ’ i x o s i
b e s u r o b i n
g u l u ƛ ’ n o
b i q i x
b a y n ƛ a x
u ž i ƛ ’ a y
n e x n o
b o y n č ’ i n ä y
e s i n o s i
b e t i n
y i k ’ i n
i k ’ i s ƛ i n
r o d i n o s i
b o c ’ ä g o n
y o d i x o s i
y o q x o s i
a y n ä y
b a y ƛ ’ o r ä y
r o k ’ e k ’ ä s i t ’ a
c ’ e r u c ’ a s
ä k ’ i n č ’ i ƛ i n g o n
b u k a y x a n ä
e l o z a g o n
r o ɣ ł i n č ’ e y
b o y n ä y
b o q n ä y
ħ u m u k u l i s
p o s u r ƛ ’ o r n o
n e x x a n u ƛ i n
h e m e ł ƛ ’ a z a
r i k ’ i n ƛ a x
b i š x o s i
d e b i k i n
y i k ’ i s ƛ a x
r i k ’ i x
b o d i n ä y ƛ i n
y o x i r a
g u l u ł g o n
y u k a y z a ƛ ’ o r
b a y n o
d i g o n
t e ƛ i n č ’ e y n
g u l u ƛ ’ o r n o
z o w s ƛ i n
b o q n o a n u
