ä ƛ i r u n i g o n
r o y x
y a y o ƛ ƛ i n
b o ɣ a n ƛ i n
y u k a y z a ƛ ’ o r
ä k ’ i n o ƛ i n
b o k ’ e k ’ a n ƛ i n
a y n č ’ u ƛ i n
r o q n o
o z z a t a w n i
b o q s i
a y s i
r o x i r n o s i
n a e y
b a y n o s i g o n
e ɣ u r n o
ħ i r o q
r o q a c e
y o q ä ƛ i n
e s i w s
i k ’ n o
b i s z a ƛ ’
y i q i r n o
l e l a b i n
x e d y a g o n
r a y n
r ä s u r u n i
i ž o ƛ i n n o
r a c ’ e r n o s i
b a k ’ i m a
b e s u n
d i d u r n o t o w
b a y d a n ƛ ’ o r
o q i n č ’ e y
d e b e r n o
z e w n
r e č ’ x o s i
y a y r u n t o w
y u k a r n o
k ’ e m o t y a
r u k a y x o w
h o w d a g o n
b a y r n ä y
b a y x a n a
x a b a r y a y n
n e x ƛ ’ o r ä y g o n
i š e r n o a n u
r i k ’ i n ƛ a x
a y a t o w
r u k a d a
n e x n ä y ƛ i n
e x u x
b u k a r e r n o
ƛ i r b a z a
n e ł a s
b i k ’ i n
m a d a x o s i n i
y a c ’ x o ƛ i n
r i q ä ƛ i n
ƛ ’ i r ä z a y
y i q ä r u ł i
b u d u m ä
b a d i r u n
y a c ’ r u n
b a y a c e
r o w n
n a y s i n ä n
r o ɣ ł i n č ’ e y
a c ~ m a d a ł ä z a
r e t i n č ’ e y
u k a y x a n u s i
a y r a n ƛ i n
ƛ e x u n
e s i n a n u
y a y n
e ƛ i x o s i
y a y o ƛ ƛ i n
y i q ä r u n
w a ħ a z
r o y x o s i
u k a y x a n u
ƛ e x a
ä s i n č ’ i ƛ i n
b o d i n č ’ e y
y a q z a y
ł i n a ł
d i k i n
y i k ’ i s ƛ i n
g a g i r u n
r a y r ä ƛ i n
b i k ’ i x ƛ i n
a y n ƛ i n
b o q n o
ä ƛ i r u n i
a ɣ ˤ u x
b a c ’ a
y a y z a y
b o w a
d i y ä
r i q i r n o
