b i k ’ i x ƛ i n
b a y ä r u n i
t e ƛ i n č ’ e y n
b o k ’ n o s i
n e x ä s i ƛ i n
r i s a
b e x a
d i d i w ƛ a
y e c u r n o
m a q ˤ i r ä y t o w
ä k ’ i n č ’ i ƛ i n
b e x a
b ä s n o
y a y r u n t o w
b o y x o s i
n e x e ł n o
r o q i n č ’ u ƛ i n
r a y r n o
n e ł a s n o
b a y n o s i n
r u t ’ i x ƛ i n
d e b e ƛ ’
r o ɣ x o
b i k ’ i n
c ’ i r d u x e s
r e s u n č ’ e y
r o w n o s i
r o ƛ i x x o
n e x n ä y ƛ i n
n e x ä s i ƛ i n
b o c ’ ƛ ’ o r
n e ł a ł t o w
b a y r x a n u s i ł i
e t i x a n a ƛ i n
r o ɣ o
y e x u r x o s i n
b a y n č ’ i n ä y
b ä k ’ i z a z
d e b i n
o k ’ e ł n o s i
b i k ’ i x ƛ i n
y a ɣ ˤ i ƛ ’ o r ä y
b o ƛ ä x z a z
b e x u n č ’ i z a ƛ ’
a ɣ e s
u k a y x a n u s i
m a ħ i x
a y z a ƛ ’ o r t o w
r o q x o n
y i k ’ i n o s i
b o d o ƛ i n
i š ƛ ’ o r ä y
n e x n ä y
b a y a
d i d u r t o w
b i c ’ r e r a ƛ i n
k ’ e m o t ’ y a y
n e ƛ a ƛ i n
m e k o y x
r o ɣ n o
b ä x u r u
r i t i r e r a
o q i n č ’ u ƛ i n
b ä x u r u
i y n a n u
y i k ’ i x
r i k ’ i n
r a y r n o
e x u x o s i
n e x ƛ ’ o r ä y g o n
b i č a
i k ’ i n
y e x u n
b o ɣ s i
n ä x n o ƛ i n
b o q a n ƛ i n
n a r e y
q ’ ˤ i m z o
r a y n
y i q ä r u n
r e s u r n o
i z i ł x a n u s i
i z i n č ’ i n ä y
b i k ’ a n ƛ i n
y e t a s
y i k ’ i x o s i
q ˤ a š a c e k i n
u ž i z
o q z a ƛ ’ g o n
q a c i s n i
y a y ä r u n i
m e k o y x o
r i k ’ i n ƛ a x
d o w ƛ ’ o r
m a d u h a l q a y
n e x n ä y ƛ i n
m i ƛ i n
b e š e r x o t o w
h o w d a
b o d a n
