e s i n č ’ u ƛ i n
b o d o ƛ i n
r o w a n
n u k a r e r
y a c ’ x o
b a y z a ƛ ’
y i k ’ i n o s i
r i k ’ a n
a y r u
a y r u n t o w
b a y n o s i
a y z a ƛ ’ o r t o w
z o w n č ’ e y ƛ a x
b a y x ƛ i n
n e ƛ x o s i
b a y n o s i n
b a y a c e
z o w s
y i k ’ i s ƛ i n
g u l u z a x o z a
ƛ e x u n
y i š x o
a y a t o w
d i d u r n o t o w
r o q n o
b o q ä w a
b u k a r x a n u ƛ i n
n a r c e
r o d a n ƛ i n
b o y x o s i
r i q i x o s i
y i k ’ i x ƛ i n
y a y r n o ƛ i n
r o d i x a n u
b e x u r i n č ’ e y
r a y x
r e t i x a n u
k o ƛ ’ i n č ’ e y ƛ i n
r o x i r n o
r u k a r ä s i
b e t i n ƛ i n
r o y x
y o q ä ƛ i n
b a y z a ƛ ’ o r
a y n ƛ i n
y ä č ’ i r u n i
r a y n
n ä x i n č ’ i ƛ i n
d i b i r q o r
n e ł a c e g o n
r o y x
b u k a y z a
e s i w r t o w
b a y a c e
b o q x o
i k ’ i z a ƛ ’
h u t ’ b i
q ˤ a y ä
g u g i s ƛ i n
e x u r s i ƛ i n
l a g i ł ä y
b a y n
m a q ˤ i r a y t o w
r o q x o
i k ’ i n a n u
b a y a c e
r e t i n č ’ e y
b ä k ’ i r u
r i q i r n o
i č ä s i
o q i n č ’ e y
r o w s ƛ i n
b o k ’ ä k ’ r u
h o b o l a y t o w
r o k ’ e k ’ n o
b o d a l i n i
z o w n a n u
r o w a n
o n o č a q o r
b o y n č ’ i n ä y
n a z o ƛ ’ n o
n e ƛ s i ƛ i n
b o d i n č ’ e y
r e g i s
b e x u r i n č ’ e y
a y ä s i
n e x a
o q a č ’ i n ƛ i n
r o k ’ x o s i
a y a t o w
b e s u n a n u
y i ł d e t o w
r o y n ä y
b a y z a ƛ ’ o r
m a ħ l a r n o
y e t a s
n e ł a t o w
ħ u r ž e n y a ɣ o r
r e s u n o s i
g u l a
