y i k ’ i n č ’ e y t o w
b o ɣ s i
r o q i n č ’ u ƛ i n
n a ɣ o r
b a y n o s i
d ä r ƛ a
ł i n a ł ä y
r o q x o n
d i d u r ä y ƛ a
k ’ u k y o r n o
z a w r u n i
b u k a d ä s i
d ä r ƛ i n
a ɣ e z
l a g i ł x o r
b e x u r a n i x ƛ i n
r a w r u n i
r o q n o
n a r n o k i n
b e t i n ƛ i n
ä k ’ i n o ƛ i n
p a š m a n ł i ƛ ’ w a
r a ħ n o
i k ’ i x ƛ i n
r i c ’ n o
b a y n o s i n
o y n ƛ a x
d i n
u k a y n
r o q x o n č ’ e ƛ i n
b i k ’ ä s i
b i š n o
u t i r n o
r o d i x a n u
c ’ o x x o s i
o ɣ o ƛ i n
a y n č ’ i z a ƛ ’
z o w s
b o q x o
y a y r i n č ’ a
ƛ e x u n a n u
n o c i ƛ ’ o r n o
n e x ƛ ’ o r ä y g o n
i y n a n u
n a z o s n o t o w
b a d i r u n
n e x i n č ’ i n ä y
r i t i r a
r a y x
b a y r u n t o w
b o k ’ e ł s i ƛ i n
b a y n o s i
y o y n č ’ i
a y n č ’ u ƛ i n
b e x u r x o
y o ł ä s i ƛ i n
b o q a n ƛ i n
t ’ i t ’ o r a q
y a ħ n a y n ƛ i n
b a c ’ i n č ’ e y
b i k ’ i x o z o
r i k ’ a n
b e x a
y i k ’ i n
y u t i r e ł n o
b a y a c e
b a q r u
s i r y o z
r a q r u c e
b a y x a n u s i
y i k ’ i s ƛ a x
b a y x ƛ i n
d e b e q n o
r e g i r i n č ’ e y
b o d a l i n i
r i c ’ s i
d e b e r
ä k ’ i n o ƛ i n
b o q ä w a
b a y x a n a
b e x u r i n č ’ e y
b i k ’ ä s i
a y r u
o y s
o w a
b a y r i n č ’ u ƛ i n
g e d m o q a y g o n
r i ž i n
y a y r u n t o w
y i q ä r u n
r e x u x a n u s i
b o q a n ƛ i n
e t i n a ƛ i n
ä k ’ i n č ’ i ƛ i n g o n
u k a y n
b o y ƛ ’ o r ä y
i k ’ i s ƛ i n
g a g i r u n
c i r a b i n
i k ’ i n a n u
i k ’ i ƛ ’ o r e y
o ɣ a n
n ä r
š a h a r y o z
n e x n ä y
b a y r n ä y
r i k ’ i x ƛ i n
s i r y o s
y i z i n
b ä k ’ i r u
r u k a d ä ƛ i n
d o w d e
y e t i n ƛ i n
y a y o ƛ ƛ i n
b o d a n ƛ i n
i k ’ i x ƛ i n
y o d i x o s i
b a y r x a n u s i ł i
r a y r n ä y
y i k ’ i ł n o a n u
e n i ~ b a b i w d e r g o n
o z a t a w n i z a
t e ƛ i n č ’ u ƛ i n
r o q x o
z e w n
b o w n č ’ e y
b a š i q n o
a y r u
z o w n č ’ e y
y a ł r u ł i
r i k ’ ä s i
b i k ’ i z a ƛ ’ o r t o w
b i z i r n o
b e s u x a n u ƛ i n
i q i r x o
y a y z a y
r o d i ł i n
b a y z a ƛ ’
y e t i n ƛ i n
y o k ’ e ł n o
r o ž e s
ɣ ˤ a n a z a c e w a
o d ä s i
a y n ƛ i n
o q z a ƛ ’ ƛ i n
n a ɣ o r
ä k ’ i r u n t o w
b e r t e n y o ł k i n
r i s n o a n u
c u c i k ’ n o
e x u ƛ
b a y n o s i n
r i k ’ i ƛ ’ o r ä y
b a y n o s i n
b o q s i
n ä x z a z
y i š ʷ a n i r ƛ i n
b a d i r u n
o q z a ƛ ’ ƛ i n
r e t i n ä y
r i s x a n u s i
m a ž g i t y a ɣ o r
ł e k ’ i ~ t u t i n
h i l m o ł ä z a y
r o y z a ƛ ’ o r
r i y n č ’ i z a ƛ ’
r o q x o n č ’ e ƛ i n
y i c ’ ä s i
e s u x
r i k ’ ä s i
y o ł ä s i n
z e r o q o z o
y i c i n
i k ’ a č ’ i n
r i k ’ a n
b o x ä r u n
d e b i y a
y i c ’ ä s i
i k ’ ä ł i n č ’ ä č e y ƛ i n
y a y ƛ ’ o r ä y t o w
b i k ’ i n o s i
r e t i s ƛ a x
n e ƛ a
a z b a r y o z
y i k ’ i n č ’ e y
ƛ e x u n a
b a c ’ n ä y
y a y ƛ ’ o r ä y t o w
d i d i w k i n
m a d ä r
b i q i x y o ł i ƛ i n
b o ƛ ä x z a
r o k ’ e ł s i
ä k ’ i n č ’ i ƛ i n
b o d i n
b a c ’ n o g o n
y o w o
r a q r u n
b i k ’ i x ƛ i n
a ɣ i ł
b o y n ä y
r i ž i n
z a w z a y
b i š e r n o
e s i y a g o n
n ä x z a z
y a y ä r u n i
y i č i n
u k a d a
b e x a s i n
a y r u n t o w
i y x ƛ i n
l a ɣ d e
y ä x u r u n i
b e x a r n o
b a y n
r u t i n
b i k ’ i n ä y
c e k ’ q o
d i c e g o
a y r u n t o w
b u k a y r u n
y u k a y z a ƛ ’ o r
b ä k ’ i z a z
r a y x
g i r i m a b i n
x e c i n č ’ u ƛ i n
m a d u h a l e s
b a y r x o ƛ a x
ħ a l a ƛ i n
r i k ’ i x
b o y ƛ ’ o r ä y
o z z a t a w n i
r a y x
n e ƛ n o
ƛ e x a s i ƛ i n
b e x a r u n i
a y n č ’ u ƛ i n
b i k ’ i n o s i
a k i ł n o s i
a y n ƛ i n
b e x u r ƛ ’ o r ä y s i
y a ɣ ˤ i ƛ ’ o r ä y
n e š i r u x a y
b a y r u n t o w
r o k ’ n o y ä
i c ’ n o
i z i ł x a n u s i
n e x i n č ’ i n ä y
b a y ä s i
m a d a x t o w
a c ~ m a d a x o r n o
t e ƛ n o
i k ’ n o
b a y a
b i z i z a q
ž e d u q ƛ i n
r i ž i n
b a y r i n č ’ u ƛ i n
r o k ’ ƛ ’ o s i t o w
i n s a n q o
i k ’ i ƛ ’ o r e y
i k ’ i s ƛ i n
u ž i z a q o r
e s i r ä
r u k a r x o
r u k a y r u
r a y n
b o d i x
y i k ’ i z a ƛ ’ o r t o w
y i č a n ƛ i n
r o y s
b a y n ƛ a x
y o ł ä s i
r o y z a ƛ ’ o r
b u t i n
y o k ’ e k ’ n o
b ˤ e ƛ ’ e z
b a y x ƛ i n
a y ä s i
e s i r x o
b o ƛ i x s i
n e x a n ƛ i n
n e ł a z
r u t i r a n
e x a s i
r o d i n o s i
b a y x
r o y x
n e x a n
n e x x a n u ƛ i n
ł i n a q
b o y n
i k ’ a č ’ i n
r i k ’ ä s i
b a y z a ƛ ’ o r
a y n č ’ u ƛ i n
s i p a t ~ s u r a t y o ƛ ’
k u s a q
b a y a c e
z o w n č ’ u ƛ i n
r i q i n č ’ e y
b o y ƛ ’ o r e y
r i k ’ i n
b ä k ’ i z a y
b i c ’ n o
y i q ä r u ł i
r i y x a n u
ž e
b o q n o a n u
y e g i r z a ƛ ’
x a l m o ƛ ’ o r
p u r ä z a
n ä x i n č ’ i ƛ i n
y o y n č ’ i
ɣ u d e ł n o
b a y z a ƛ ’
i k ’ i ƛ ’ o r e y
r i č a
b u t n a
o ɣ a n
o k ’ e k ’ n o
r e x a s i
b i s s i
y u k a y n
e t i x a n a ƛ i n
r ä q i r u
ʕ a r a b u z a n ä
d i d u r ƛ i n
b a c ’ ƛ ’ o r ä y
o ƛ i x i n č ’ e y
e s o ƛ i n
k u r o ƛ i n
q ’ ˤ u n e ł n o
b i k ’ i z a ƛ ’ o r t o w
r o y x a n u
b i š ƛ ’ o r ä y
b i ž i x ƛ i n
y a q z a y
r i ħ i n
ɣ e d u ƛ
b a y n ƛ a x
d ä r
y a y o ƛ ƛ i n
r a y n
b a ƛ ’ ä r u ł i
b a y ä s i
e s i s ƛ i n
b e g i r n o
r e s u x a n u ƛ i n
i x d a x o r
y i q ä r u n
r e x u r a
y o q ƛ ’ o r e y
y i k ’ i ł n o a n u
b a r u z n o
t e ł x o r t o w
d i d u r g o
b a y ä s i
r a y n
b i s o
y e s u n
n ä x z a z
e s n a z a d ä ɣ o r n o
o ɣ a n
y i k ’ i z a ƛ ’ o r t o w
a y s
a d i r u
b a y n
b i ħ a n a d a ƛ i n
b e x u r ƛ ’ o r ä y s i
b i k ’ i x o z o
a ž d a ħ a
y i k ’ i n o s i
b o d i n
d ä q ƛ i n
b o ƛ i x n ä y
r o y x
y o y n č ’ i
r o q x o
r e t i n
y i ł a d e
r u k a r e r n o
b e ł i q a n z a
b o d a l i n i
a y z a ƛ ’ o r t o w
r o w n o s i
b i š a
b e ł i q a n z a r
r i q i r n o
ł a ƛ ’ o r
b a z a r g a n b i n
r o d i x a n u
b a y r i n č ’ u ƛ i n
r i c ’ a
r i c i n
y i z i s
r e ɣ u ł x o
b u k a r z a ƛ ’
ħ u r a
a y n č ’ i z a ƛ ’
ƛ e x u n ƛ i n t ’ a
z e w n o ƛ a x
b a y r u n t o w
o d ä s i
n e x ä s i ƛ i n
d i k i n
b e x u r x o
b i z i n č ’ u
b e x u r n o
r e c u r x o
m a d a ƛ ä z
b e x a r u
r u k a y n o s i
e s i x a n u ƛ i n
i z i ł x a n u s i
n e ƛ n o
y e s u n o s i
a ɣ d e r n o
r a y n ä ƛ i n
ä k ’ i r u n t o w
b i k ’ i x o s i
k a m i r i n č ’ e y
r o q a c e
r o d i r n o
r u t i r n o
i k ’ i n ƛ a x
n ä x z a z
b o y n
b i t i r n ä y
ž i g o ƛ ’ a y g o n
r o q a c e
r i ħ u r n o
d i d u r ƛ i n
b e s u r o b i n
o z z a t a w
y i z i ł
b o d i s
r o ɣ n o
o q ä ł i n č ’ i
i k ’ i ƛ ’ o r e y
r u k a r n o
ł i n a ~ ł i n a n
e t ’ a ƛ i n
o k ’ ł a
n e x n o
r o y s
r a y r n o
b i č i n
o ɣ n o
y i k ’ i n o s i
y a y r u n t o w
g u l a
r o w s ƛ i n
b a y n
b e x u r n o
o q a n ƛ i n
b o y ł i n
a y ä s i
i ħ a n a y n
e x u n
b u k a r a n ƛ i n
b u t i r n o
y e x u r x o s i n
a ž d a ħ q o r
a y n č ’ u ƛ i n
o ɣ n o
b i ħ a n a y x
r o d i r n o
r a c ’ x o ƛ i n
ä k ’ i n o ƛ i n
s a ɣ y a t y o z a s
e ƛ i s ƛ i n
e x u n ä y
r i k ’ ä s i ƛ i n
d o w ƛ ’ o r
ž e d u q
u k a r n o
b ä k ’ i z a z
b ˤ a ƛ ’ u r u
r o d o ƛ i n
b ä k ’ i z a y
i y x
ƛ e x u z a ƛ ’ o r t o w
b a y a c e
e s u n
i s ä s i
b a y a c e
a y r u n t o w
t u š m a n b i n
y a q z a y
b o d a č ’ i n
r e s u n č ’ e y
r a y x
b o y x a n u ƛ i n
m a ħ a z a y z o
y a y n
y e s u n
a y a t o w
r i č ä s i
