ሼ ክ
ሞ ኝ
ሮ ጬ
ታ ዪ
እ ና ይ
ታ ይ
ሞ ኙ
መ ራ
ግ ፋ
መ ሪ
ጦ ሙ
ዋ ጡ
ጉ ዷ
ሆ ዷ
ሮ ጣ
ጠ ሉ
ላ ሟ
ም ጡ
ጦ ሙ
ግ ፉ
ጠ ቡ
ገ ቢ
ገ ፉ
ስ ራ
ጉ ድ
አ ፍ
ያ ዙ
አ ዞ
ሳ ተ
ይ ን ገ ዱ
እ ሥ ሬ
እ ኩ ል
ወ ፎ ቹ
ወ ፎ ች
መ ድ ቡ
እ በ ላ
ት ስ ቱ
አ ገ ባ
ሥ ን ቋ
እ መ ራ
ቢ ጫ ው
አ መ ራ
እ መ ራ
ል ተ ው
መ ወ ሰ ን
ዘ ይ ቴ
ዘ ዴ
ው ጥ ኗ
አ ሳ ዪ
ይ ቀ ይ ሩ
ተ ት ተ ው
አ ፀ ፋ
ይ መ ሩ
ገ ፆ ቹ
መ ዲ ና
እ ና ት
መ ሪ ዎ
ገ ፆ ቹ
እ ጠ ቃ
ት ገ ፋ
ያ ግ ቡ
ቀ ይ ር
ይ ጠ ጉ
በ ሮ ቿ
ያ ገ ቡ
ቀ ረ ጥ
ይ ቀ ላ
ጨ መ ሩ
ል ጠ ቃ
መ ጤ ው
ይ ጠ ጉ
ት ያ ዙ
ታ መ ሪ
አ ም ባ
ላ ግ ባ
ተ ት ቶ
እ ሥ ሯ
ፋ ን ታ
አ ወ ራ
በ ቀ ለ
አ የ ሁ
ላ ው ክ
ተ ላ ከ
ያ ሰ ኝ
ይ ላ ክ
ፋ ይ ዳ
ታ ገ ቢ
ታ ላ ቂ ቱ
ላ ሞ ቹ
ገ ፋ ህ
እ ላ ክ
መ ጣ ህ
ገ ፅ ህ
እ ሴ ቶ ቹ
ይ ር ገ ጡ
እ ን ብ ላ
እ ና ቶ ቿ
እ ን ጠ ጋ
እ ን ስ ት
እ ን ባ ው
እ ን ባ ው
ስ ቻ ለ ሁ
መ ጥ ተ ህ
እ ን መ ራ
ት ተ ው
እ ን ባ ሽ
ግ ማ ሾ ቼ
አ ይ ተ ህ
እ ን ጨ ቶ ቹ
ግ ማ ሾ ቹ
ታ ላ ቄ
በ ቅ ዬ
ወ ስ ኖ
እ ን ባ ዎ
መ ደ ፈ ር
ሰ ማ ዮ ቹ
በ ል ጬ
ል ቀ ይ ር
ይ ቀ ይ ር
ያ ተ ር ፉ
አ ግ ብ ታ
አ ግ ብ ቶ
ይ መ ድ ብ
እ ን ባ ዋ
ደ ም ስ ሳ
ወ ስ ኜ
ደ ር ሰ ና ል
አ ወ ክ ን
ት መ ድ ቢ
እ ና ት ዎ
ፈ ፅ ሚ
በ ት ኜ
ተ ጠ ጊ
ሴ ራ ች ሁ
ላ ማ ች ሁ
በ ቅ ለ ዋ ል
ደ ጋ ዎ ች
መ ራ ች ሁ
መ ድ በ ዋ ል
መ ዲ ና ዬ
ላ ት ር ፍ
ያ ስ ቆ ጣ
ጽ ዋ ዎ ቹ
ት በ ት ን
ት መ ድ ቡ
ቀ ይ ረ ን
ታ ሳ ዝ ን
ያ ው ካ ሉ
በ ረ ራ ው
መ ላ ዎ ቼ
እ ን ባ ዬ
ተ ት ተ ን
መ ሥ መ ሩ
ቀ ይ ረ ሽ
እ ን ሳ ት
አ ፎ ች ሽ
መ ደ ብ ን
መ ዲ ኖ ቹ
መ ዲ ኖ ቹ
እ ፀ ዋ ት
ተ ይ ዘ ህ
በ ራ ች ሁ
ፋ ን ታ ዬ
ት ደ ፈ ሪ
እ ሴ ት ህ
ተ ጠ ግ ቶ
ሮ ጣ ች ሁ
ወ ር ው ራ
ወ ር ው ሬ
ት ው ለ ድ
ው ጣ ች ሁ
ጩ ኸ ት ሽ
ቀ ዝ ቃ ዛ
መ ዲ ኖ ቿ
ገ ፍ ተ ህ
ተ ጠ ጋ ን
ተ ወ ጣ ን
አ ሳ ለ ፈ
ት መ ጪ
እ ን ሩ ጥ
በ ት ኑ
ዘ ዴ ዎ ቹ
ዘ ላ ቂ ዋ
ስ ሮ ቻ ች ሁ
ት ው ጪ
እ ን ጨ ም ር
እ ን ስ ራ
መ ሪ ዋ
እ ና ሳ ዝ ን
ገ ቢ ዎ ቻ ቸ ው
ስ ሮ ቹ
ያ ሳ ይ
ሀ ኪ ሜ
ድ ም ፃ ቸ ው
ላ ሞ ች
ስ ራ ው
ሰ በ ሩ
ገ ቢ ው
ይ በ ላ
ት ጠ ቃ
ይ ጠ ቃ
ት ወ ጪ
ጸ ሎ ቱ
ጸ ሎ ት
ይ ጠ ቁ
እ ዘ ኑ
መ ጥ ቼ
ጸ ሎ ቱ
አ ዘ ኑ
ግ ደ ል
ይ ቀ ር
ግ ረ ፍ
ቅ ባ ቱ
ጥ ቁ ር
ት ዳ ሬ
ረ ግ ጦ
ዓ ለ ት
ያ ዝ ኑ
ሀ ኪ ሙ
ተ በ ሉ
ግ ጥ ሙ
ሰ ብ ራ
ጨ ር ቁ
ት ጠ ጋ
ረ ገ ጡ
ይ ዋ ጡ
ታ መ ሩ
ያ ሳ ዩ
ግ ጥ ም
ይ ጠ ጋ
ወ ል ዳ
ያ መ ሩ
ት ዋ ጥ
ሰ ብ ሬ
ጨ ር ቅ
ጨ ም ሬ
ተ ጠ ጋ
ጸ ጥ ታ
እ ን ባ ቸ ው
ተ ጠ ቃ
ት ው ጥ
እ ዘ ን
ደ ር ሳ
መ ሎ ቿ
ት ያ ዝ
ው ለ ዱ
ሀ ኪ ሟ
ት ዘ ን
መ ያ ዝ
ቀ ይ ሮ
