አ ም ራ ቹ
ቅ ር ጼ
ተ ቀ ና ቃ ኟ
አ ዋ ር ጃ ለ ሁ
ወ ል ጃ ለ ሁ
ገ ጿ
ድ ም ጿ
ቤ ተ ክ ር ስ ቲ ያ ኖ ቻ ቸ ው
ቤ ተ ክ ር ስ ቲ ያ ን ዎ
ተ ተ ዋ ች ሁ
አ መ ቻ ቺ
ቤ ተ ክ ር ስ ቲ ያ ኖ ች ሽ
ት ከ ለ ክ ላ ላ ች ሁ
ቤ ተ ክ ር ስ ቲ ያ ኖ ች ህ
ቤ ተ ክ ር ስ ቲ ያ ና ቸ ው
አ መ ቻ ቻ ች ሁ
ተ ጠ ራ ጥ ረ ሀ ል
ድ ብ ደ ባ ዎ ቻ ች ሁ
ይ ገ ል ብ ጥ
ስ ፖ ር ተ ኞ ቻ ቸ ው
ደ ቡ ብ
ሽ ማ ግ ሌ ዎ ቻ ች ሁ
ቤ ተ ክ ር ስ ቲ ያ ኖ ቹ
ተ ቀ ና ቃ ኞ ቻ ቸ ው
ተ ከ ታ ት ላ ች ኋ ል
ተ ደ ፍ ረ ዋ ል
ቤ ተ ክ ር ስ ቲ ያ ን ህ
ፕ ሮ ግ ራ ሞ ቻ ች ሁ
ት በ ቅ ላ ላ ች ሁ
አ መ ቻ ች ታ ች ሁ
ት ወ ረ ው ሪ ያ ለ ሽ
አ ስ መ ጥ ታ ች ኋ ል
መ ስ ዋ ዕ ታ ች ሁ
ተ ጠ ራ ጠ ራ ች ሁ
ማ ኅ በ ሮ ቻ ቸ ው
ስ ፖ ር ተ ኛ ዎ ች ህ
ተ ጠ ራ ጥ ረ ዋ ል
ተ መ ዝ ግ ባ ች ኋ ል
እ ን ደ ም ስ ስ
ን ጹ ህ
ቤ ተ ክ ር ስ ቲ ያ ኗ
አ ስ ጠ ጥ ታ ለ ች
ት ደ መ ስ ሳ ላ ች ሁ
መ ዲ ና ዎ ቻ ች ሁ
ነ ፃ ነ ቶ ቻ ቸ ው
ደ ር ሼ
ጨ ካ ኞ ቹ
ስ ፖ ር ተ ኛ ዎ ቻ ቸ ው
ጠ ባ ቂ ዎ ቻ ች ሁ
አ ዝ ነ ሻ ል
እ ው ነ ታ ዎ ች ሽ
ጠ ረ ጴ ዛ ዎ ች ህ
ት ገ ር ፋ ላ ች ሁ
ማ መ ል ከ ቻ ዎ ች
ነ ግ ደ ዋ ል
እ ን ግ ዳ ዎ ች ህ
ት ወ ል ዳ ላ ች ሁ
ስ ብ ሰ ባ ዎ ች ሽ
ተ ጠ ን ቅ ቋ ል
ስ ፖ ር ተ ኞ ቻ ች ሁ
ስ ብ ሰ ባ ዎ ች ዎ
ት ነ ግ ዳ ላ ች ሁ
ፕ ሮ ግ ራ ማ ች ን
ተ ይ ዤ
ስ ፖ ር ተ ኛ ዎ ቿ
አ ስ መ ጥ ቻ ለ ሁ
ተ ል ከ ዋ ል
አ ግ ብ ታ ች ኋ ል
አ ባ ል ነ ት ዎ
አ ነ ስ ተ ኛ ዋ
አ ቁ ማ ዳ ዎ ቹ
ታ ተ ር ፊ ያ ለ ሽ
ስ ፖ ር ተ ኛ ዎ ቼ
ባ ለ ቤ ቶ ቻ ች ሁ
መ ሪ ዎ ቻ ች ን
አ ም ር ታ ች ሁ
ማ ስ ታ ወ ሻ ዎ ች
ተ ጠ ግ ታ ች ሁ
አ ም ር ተ ሀ ል
ት ጠ ቃ ላ ች ሁ
ከ ለ ከ ላ ች ሁ
ዘ ይ ቶ ቻ ች ሁ
ስ ብ ሰ ባ ች ን
ዓ ይ ነ ታ ች ን
ት ገ ፋ ላ ች ሁ
ም ግ ባ ራ ች ን
ሰ ነ ዶ ቻ ቸ ው
ሠ ው ነ ታ ች ን
ት መ ራ ላ ች ሁ
ተ በ ክ ለ ና ል
ጠ ባ ቂ ያ ች ሁ
ተ መ ር ተ ሀ ል
መ ሥ መ ሮ ቻ ች ን
ሰ ነ ዶ ቻ ች ሁ
እ ም ነ ታ ች ሁ
ድ ም ፆ ቻ ች ሁ
ማ መ ል ከ ቻ ዎ ቹ
ተ ቀ ና ቃ ኞ ቹ
ተ ደ ፈ ራ ች ሁ
አ ት ር ፈ ሻ ል
ታ ሳ ል ፋ ላ ች ሁ
ዕ ት ሞ ቻ ች ሁ
ደ ን ቦ ቻ ች ሁ
ተ ከ ታ ት ለ ን
ስ ራ ዎ ቻ ች ሁ
ተ በ ል ታ ለ ች
ግ ጥ ሚ ያ ች ን
አ ስ ጠ ጥ ቷ ል
እ ን ገ ር ፋ ለ ን
ተ ደ ፍ ራ ለ ች
ታ ስ መ ጣ ላ ች ሁ
መ ሥ መ ሮ ቻ ቸ ው
በ ት ነ ሀ ል
ታ ወ ራ ላ ች ሁ
ተ በ ል ተ ና ል
እ ሴ ቶ ቻ ቸ ው
ት ረ ግ ጫ ለ ሽ
ተ በ ክ ላ ች ኋ ል
ዘ ዴ ዎ ቻ ች ን
ት ደ ር ሳ ላ ች ሁ
ዘ ገ ቦ ቻ ች ሁ
እ ና መ ቻ ቻ ለ ን
ስ ፖ ር ተ ኛ ህ
ይ ወ ረ ው ራ ሉ
አ ግ ብ ተ ና ል
ተ ወ ጥ ተ ዋ ል
ተ መ ር ተ ዋ ል
አ ስ ጠ ጥ ተ ሻ ል
እ ን በ ቅ ላ ለ ን
ም ግ ባ ሮ ቻ ች ን
ተ መ ር ተ ና ል
አ ደ ነ ቃ ች ሁ
እ ገ ር ፋ ለ ሁ
እ ው ነ ቶ ቻ ች ን
ማ መ ል ከ ቾ ች ዎ
እ ን ገ ድ ላ ለ ን
ጨ ካ ኟ
ጉ ል በ ታ ች ሁ
አ ስ ገ ደ ደ ች
እ ጨ ም ራ ለ ሁ
እ ቀ ይ ራ ለ ሁ
እ ን ጨ ም ራ ለ ን
ት ወ ስ ኛ ለ ሽ
ስ ብ ሰ ባ ዎ ቹ
ገ ር ፌ ያ ለ ሁ
ማ ኅ በ ሮ ቻ ች ን
ባ ለ ቤ ት ዎ
ሀ ኪ ሞ ቻ ች ሁ
ቀ ጭ ኗ
እ ና ሳ ዝ ና ለ ን
ከ ብ ረ ሻ ል
ማ ኅ በ ራ ቸ ው
እ መ ዘ ገ ባ ለ ሁ
ት ነ ግ ዳ ለ ች
ጠ ባ ቅ ያ ች ን
ዘ ገ ባ ዎ ች ሽ
መ ሷ እ ታ ቸ ው
አ ስ ቆ ጥ ቷ ል
አ ሳ ል ፋ ለ ሁ
ደ ብ ዳ ቤ ያ ቸ ው
ደ ብ ዳ ቤ ዎ ቼ
ተ ወ ጥ ቻ ለ ሁ
ቅ ር ጻ ች ሁ
እ ጮ ኛ ዎ ች ህ
አ መ ቻ ች ተ ዋ ል
ታ ሳ ያ ለ ሽ
መ ዲ ና ዎ ቻ ች ን
ጠ ረ ጴ ዛ ዎ ቼ
አ ደ ነ ቅ ህ
ስ ፖ ር ተ ኛ ዋ
ስ ብ ሰ ባ ዎ ቼ
ት ወ ል ዳ ለ ች
ገ ር ፋ ች ኋ ል
ተ ጠ ራ ጠ ሪ
ፕ ሮ ግ ራ ሞ ቹ
ት ያ ዣ ለ ሽ
ቅ ር ጻ ች ን
አ ት ር ፈ ዋ ል
ት በ ቅ ላ ለ ች
ተ ገ ል ጋ ይ
አ ሳ ዝ ና ለ ሁ
ተ ቀ ና ቃ ኞ ቿ
ክ ሊ ኒ ኮ ቹ
መ ሥ መ ር ዎ
ገ ፍ ተ ሀ ል
ማ ኅ በ ራ ታ ች ሁ
መ ጠ ራ ጠ ር
ት ገ ር ፋ ለ ህ
እ ን ከ ታ ተ ል
ይ ደ በ ቅ
ሰ ብ ረ ሀ ል
ተ ስ ማ ም ተ ው
ተ መ ዘ ገ ብ ሽ
አ ደ ነ ቀ ች
ጠ ረ ጴ ዛ ው
አ ስ ጠ ጣ ች
ተ ያ ዝ ኩ
ፕ ሮ ግ ራ ሞ ቹ
አ ሳ ል ፈ ዋ ል
ግ ጥ ሚ ዮ ቹ
ት ገ ፊ ያ ለ ሽ
ወ ረ ወ ረ ች
ተ በ ል ተ ዋ ል
ተ በ ል ተ ሻ ል
ደ ብ ዳ ቤ ዋ
ማ መ ል ከ ቻ ዬ
ድ ብ ደ ባ ሽ
ስ ፖ ር ተ ኛ ዎ
ድ ብ ደ ባ ህ
ተ ጠ ራ ጠ ሩ
ተ ጠ ግ ተ ሽ
ት መ ዘ ገ ባ ለ ህ
አ ት ር ፈ ህ
አ መ ቻ ች ተ ው
አ ዝ ና ች ሁ
አ ው ር ተ ሽ
ወ ል ዳ ች ሁ
እ ን ከ ል ክ ል
ስ ብ ሰ ባ ህ
ጸ ጥ ታ ች ን
ረ ግ ጣ ች ሁ
ከ ብ ራ ች ሁ
ዘ ይ ታ ች ን
አ ሳ ይ ተ ሽ
ግ ጥ ሚ ዮ ቻ ቸ ው
መ ሥ መ ሮ ቿ
አ ም ር ተ ሽ
ፍ ር ስ ራ ሽ
እ ሥ ራ ች ን
ግ ማ ሾ ቻ ች ን
ው ለ ታ ች ን
እ ው ነ ታ ዬ
ም ግ ባ ሮ ቿ
ማ ስ ጠ ጣ ት
ነ ፃ ነ ቶ ቹ
ኮ ን ና ች ኋ ል
ት ጠ ራ ጠ ር
ተ ጠ ቅ ተ ን
አ ሳ ዝ ነ ዋ ል
ይ ደ ፈ ራ ሉ
ዘ ዴ ያ ች ን
ያ ስ ቆ ጣ ል
እ ሥ ራ ች ሁ
መ ሥ መ ሮ ቼ
እ ው ነ ታ ዎ
እ ም ነ ቶ ቼ
በ ት ና ች ሁ
ጠ ረ ጴ ዛ ዬ
አ ድ ን ቀ ን
ው ለ ታ ቸ ው
