አ ፎ ች ዎ
ተ ተ ው
ዘ ገ ባ ዎ ቻ ቸ ው
ው ለ ጂ
ከ ል ክ ለ ህ
መ ር ተ ሻ ል
ታ ተ ር ፍ
ተ ቋ ቁ ሞ
ይ ገ ለ ብ ጣ ል
ባ ለ ቤ ቶ ች ህ
አ ስ ገ ድ ጄ
ት በ ት ን
አ ሳ ል ፈ ሀ ል
ተ ት ተ ህ
ወ ር ው ረ ን
ዓ ይ ነ ቶ ቻ ች ሁ
ነ ግ ዳ ች ኋ ል
ተ በ ላ ን
ማ ር ዎ
ዓ ይ ነ ት ህ
ሰ ነ ዱ
አ ይ ተ ሻ ል
ሠ ይ ጣ ኖ ቹ
ደ ን ቦ ች ዎ
ል ዘ ዝ
መ ር ገ ጥ
ስ ታ ች ሁ
ታ መ ራ ለ ች
መ ብ ቀ ል
ፍ ራ ቻ ች ሁ
ነ ገ ዱ
እ ና ዝ
መ ሪ ዎ ቻ ች ሁ
ማ ድ ነ ቅ
መ ሪ ያ ች ሁ
ኮ ን ኜ
ድ ብ ደ ቦ ቻ ቸ ው
ሀ ገ ራ ቴ
እ ው ነ ቶ ቿ
ያ ዋ ር ድ
አ ስ ገ ድ ዷ ል
ያ ስ ጨ ል ም
ት በ ት ኛ ለ ሽ
ተ ደ በ ቀ
ተ መ ዝ ገ ብ
እ ን ግ ዶ ች ሽ
ግ ማ ሽ ህ
ስ ፖ ር ተ ኛ ዬ
ት ጨ ም ሩ
ታ ላ ቅ
እ ኮ ን ን
ታ ላ ቅ ህ
ት ወ ስ ኑ
መ ላ ክ
ዕ ብ ሪ ቷ
አ ም ር ቼ
ማ ራ ች ሁ
ው ለ ታ ው
መ ድ ባ ች ኋ ል
ት መ ራ
ተ ከ ታ ተ ሉ
ወ ቀ ሶ ቿ
አ ሳ ዘ ን ኩ
ፈ ረ ስ ህ
እ ክ ሉ
በ ል ተ ው
አ ት ር ፌ ያ ለ ሁ
ተ ጠ ግ ታ ለ ች
ደ ረ ስ ሽ
እ ው ነ ቶ ች ሽ
ደ ስ ታ ው
እ በ ል ጥ
አ ወ ከ
ደ ብ ዳ ቤ ዎ ች
አ መ ቻ ች ተ ሀ ል
ተ ላ ላ ፊ
ይ ቀ ይ ራ ሉ
ት ገ ፋ
እ ን ተ ው
እ ፈ ፅ ማ ለ ሁ
ተ መ ር ተ ህ
መ ም ሸ ት
ተ በ ክ ላ
አ ፍ ዎ
ል ግ ፋ
ያ ሳ ል ፉ
ት ደ ፈ ራ ለ ች
ኮ ን ነ ና ል
ቅ ባ ቶ ቹ
አ ተ ረ ፉ
ጸ ሎ ታ ች ን
ተ ጠ ግ ቷ ል
ፈ ፅ ሞ
ስ ብ ሰ ቦ ቿ
ት መ ድ ብ
እ ደ መ ስ ሳ ለ ሁ
አ ዋ ረ ድ ሽ
አ ተ ረ ፍ ን
ሥ ን ቃ ቸ ው
እ ጮ ኛ ሽ
ወ ል ጄ
ዘ ገ ባ ዎ ቼ
ት ን ሣ ኤ
አ ም ቦ ች ህ
ይ በ ሉ
አ ሳ ል ፈ ና ል
አ ያ ለ ሁ
ሰ ብ ረ ና ል
ወ ስ ኛ ለ ሁ
ደ ን ቧ
ቀ ይ ሪ
ጥ ቁ ሩ
ት ቀ ይ ራ ለ ች
ተ መ ዘ ገ ባ ች ሁ
አ ው ከ ሽ
መ ላ ሽ
ሳ ጥ ኖ ቻ ች ን
ገ ር ፋ
ተ በ ላ ች
ግ ጥ ሞ ቹ
ኮ ነ ነ ች
እ ን ግ ደ ል
ይ ጠ ቃ ል
እ ን ረ ግ ጥ
አ ህ ጉ ራ ች ን
ፍ ር ስ ራ ሹ
ፈ ፅ ም
ስ ሮ ቻ ቸ ው
ይ ግ ፋ
ታ ግ ባ
ይ ቀ ላ ል
ሳ ቱ
አ ሳ ዝ ና ች ኋ ል
አ ስ መ ጣ
ዕ ብ ሪ ቴ
ገ ር ፈ ው
ዕ ብ ሪ ት ዎ
ገ ቢ ዎ ቼ
አ ም ባ ዎ ቻ ች ሁ
ጠ ረ ጴ ዞ ች ሽ
ት ዳ ሩ
ወ ስ ኑ
ው ጠ ሽ
ከ ፍ ታ
ዘ ዴ ዋ
ስ ሮ ች ዎ
አ መ ቻ ች ታ
ተ ሸ ፍ ኗ ል
አ ሳ ዝ ነ ና ል
ጭ ን ቀ ታ ች ን
እ ን መ ጣ ለ ን
አ ወ ሩ
ክ ት ት ሉ
ገ ዳ ማ ቱ
መ ሽ ቶ
ስ ፖ ር ተ ኛ ው
ማ ስ ቆ ጣ ት
ታ ላ ቆ ች ህ
መ ር ታ ች ሁ
ተ ስ ማ ም ተ ዋ ል
ማ ሩ
ድ ረ ሺ
ይ ከ ለ ክ ላ ል
ታ ዛ ለ ች
አ ዋ ር ዳ ች ኋ ል
ቤ ተ ክ ር ስ ቲ ያ ኖ ቹ
አ ሳ ዝ ነ ሀ ል
እ ው ነ ታ ዎ ቿ
ያ ስ መ ጡ
ል ፈ ፅ ም
ጨ ም ረ ዋ ል
አ ን ጋ ፋ ዎ ች
አ ም ባ ዎ ች ዎ
ት ደ መ ስ ሱ
ግ ማ ሽ
ሰ ብ ሮ
ል ብ ቀ ል
ት በ ት ኑ
ወ ለ ዱ
ደ ረ ሰ ች
ሰ ው ነ ት
ቤ ተ ክ ር ስ ቲ ያ ና ች ሁ
ቢ ጫ
አ ዝ ኛ ለ ሁ
ጥ ቅ ሶ ች
ዕ ት ሟ
ፋ ን ታ ው
መ ሰ ረ ዝ
ስ ብ ሰ ባ ዎ ቿ
ባ ለ ቤ ታ ች ሁ
ነ ፃ ነ ት
መ ጥ ታ
ፈ ፅ ሙ
አ ው ከ ን
ት ደ ፈ ር
ይ ብ ለ ጡ
ም ድ ረ
መ ደ በ
እ ን ደ ር ስ
ከ ብ ራ ች ኋ ል
ተ ቀ ና ቃ ኝ ዎ
ቀ ብ ሬ
ሰ ለ ባ ዎ ቹ
አ ው ኪ
ት ም ጣ
ት ተ ዉ
ታ ስ ጠ ጣ
እ መ ዘ ገ ብ
አ ይ ተ ና ል
ጠ ባ ቂ ሽ
ት ገ ር ፊ
ማ ሩ
ት ጠ ጊ
አ ዘ ዙ
እ ም ነ ት
ወ ል ደ ን
ላ ሞ ች ዎ
ት ወ ጣ
ማ መ ል ከ ቾ ቿ
ጩ ኸ ቴ
መ ዓ ቶ ቹ
ጉ ል በ ቶ ቻ ች ሁ
ት ዳ ር
ያ ስ ጠ ጣ
ጠ ረ ጴ ዞ ቻ ች ሁ
ወ ስ ነ ን
ቅ ር ስ ህ
እ ም ነ ት ህ
ያ ደ ክ ማ ል
ተ መ ዝ ግ በ ና ል
ት ጠ ቃ
ታ ን ኮ ቹ
ጩ ኸ ት ዎ
አ ሳ ዝ ኑ
ሥ ን ቆ ቹ
እ ው ነ ታ ዋ
ታ ዋ ር ድ
ት በ ከ ላ ላ ች ሁ
መ ሷ እ ቱ
መ መ ራ ት
እ ገ ፋ
አ ባ ሎ ቿ
ደ ም ስ ሻ ለ ሁ
ይ መ ድ ባ ሉ
ታ ሳ ዝ ን
አ ፎ ቻ ቸ ው
ሩ ጥ
ተ ጠ ራ ጥ ረ ሻ ል
ከ ብ ራ ለ ች
ደ ብ ዳ ቤ ዎ ች ሽ
እ ን በ ላ
አ ስ ጠ ጥ ታ
ይ ገ ድ ል
ጠ ባ ቂ ዋ
መ ስ ዋ ዕ ቷ
አ ገ ባ
እ በ ላ ለ ሁ
ተ ጠ ቃ ን
ት በ ል ጪ
ተ ጠ ቅ ታ ለ ች
አ ት ር ፋ ች ኋ ል
ሰ ው ነ ታ ች ሁ
ተ ያ ዝ ሽ
ዙ ፋ ን
ያ ሰ ኝ
ማ ዕ ቀ ብ
ፀ ድ ቋ ል
ረ ገ ጥ ኩ
መ ላ ዎ ቻ ቸ ው
ግ ጥ ሚ ዮ ቻ ች ን
ት ቀ ይ ር
ው ጥ ና ች ን
መ ድ ቧ ል
አ ዟ ል
ይ ተ ው
ተ በ ሉ
ተ ቀ ረ
እ ጮ ኛ ዎ ች
እ ን ግ ዳ ዎ
ተ ጠ ራ ጥ ረ ሽ
ባ ሪ ያ ዎ ቻ ች ን
እ ደ መ ስ ስ
ተ ቀ ና ቃ ኝ ህ
ነ ግ ዳ ለ ች
ተ ጠ ቅ ታ ች ሁ
ም ግ ባ ሮ ች ህ
እ ና ገ ባ
ድ ብ ደ ባ ች ን
ል ጠ ራ ጠ ር
ይ መ ድ ባ ል
ተ ጠ ግ ቼ
ፈ ላ ጊ ው
ሞ ዮ ቹ
ግ ማ ሾ ቹ
ተ መ ራ
ያ ገ ባ ል
ቀ የ ር ኩ
ገ ር ፈ ዋ ል
ያ ስ ገ ድ ዳ ሉ
እ ም ነ ታ ች ን
በ ላ ሁ
ስ ታ
ዘ ዴ ዎ ቻ ች ሁ
ወ ቀ ሶ ቼ
መ ደ ብ ኩ
ጨ ም ር
መ ወ ጣ ት
ሳ ጥ ኖ ቼ
ማ ኅ በ ሮ ች ህ
ነ ፃ ነ ቶ ቼ
ተ ን ታ ኝ
ባ ለ ቤ ቱ
እ ን ግ ዶ ቹ
ተ መ ራ ሽ
መ ዲ ና ዎ ቿ
ፕ ሮ ግ ራ ሞ ቻ ች ን
መ ላ ች ን
ታ ው ኪ ያ ለ ሽ
በ ቅ ሎ
ፍ ራ ቻ ህ
አ ስ ጠ ጣ ለ ሁ
ር ገ ጡ
ይ ው ጥ
ት በ ከ ዪ
መ ዲ ና ዎ ች ሽ
ብ ድ ሮ ች
መ ር ተ ሽ
መ ጠ ን ቀ ቅ
ታ ደ ን ቃ ለ ህ
እ ም ነ ት ዎ
ቅ ር ጾ ቻ ች ሁ
ታ ት ር ፍ
ት መ ድ ባ ላ ች ሁ
ይ ፈ ፅ ማ ል
ተ ቀ ና ቃ ኛ ች ን
ሳ ት ክ
እ ና ታ ቸ ው
ታ ላ ቁ
ጨ ም ራ ለ ች
ት ጠ ጊ ያ ለ ሽ
እ ገ ር ፍ
ደ ጋ ዎ ቹ
ብ ድ ሮ ች ዎ
ታ ላ ቆ ቹ
ተ ላ ላ ፊ ው
ዘ ለ ቄ ታ ው
ም ጣ
አ ዋ ረ ደ
ወ ቀ ሳ ዬ
ይ ረ ግ ጥ
እ ን ፈ ፅ ም
ጨ ም ራ
ያ ዋ ር ድ
ከ ብ ረ ዋ ል
ቀ የ ረ ች
ተ ከ ፍ ሎ
ነ ፃ ነ ት ህ
አ ደ ነ ቅ ሁ
ይ ግ ረ ፍ
ተ ደ ፈ ረ
ሀ ቅ
መ ር ተ ዋ ል
ት በ ዪ
ተ ጠ ን ቅ ቆ
አ ቅ ሞ ቻ ቸ ው
ታ ሳ ዝ ና ላ ች ሁ
እ ና መ ቻ ች
ወ ል ደ ዋ ል
ያ ስ ገ ድ ዱ
ጉ ል በ ታ ች ን
አ ሳ ል ፉ
ይ ሰ ብ ሩ
ታ ስ መ ጣ ለ ች
ገ ፋ
ግ ጥ ሚ ያ ዎ ች ህ
ከ ል ክ ል
ያ ስ ጨ ል ማ ል
ፍ ራ ቻ ዋ
ተ በ ከ ል ክ
ት በ ከ ል
ጠ ረ ጴ ዛ
ት መ ዘ ገ ቢ
ት ተ ዋ ለ ች
አ ስ መ ጥ ቶ
ባ ለ ቤ ቷ
ወ ር ው ራ ለ ች
ነ ፃ ነ ቱ
ሰ ነ ዶ ች ዎ
ይ ያ ዙ
አ ዋ ር ደ ን
ተ ደ ፈ ር ን
ታ መ ራ
ተ ቀ ና ቃ ኞ ች ሽ
ት ሮ ጥ
ታ ሳ ይ
ል ይ
ሴ ሮ ቻ ቸ ው
ት ተ ዊ
ታ መ ቻ ች
እ ን ው ለ ድ
ባ ሪ ያ ዎ
ም ግ ባ ር ሽ
ጠ ረ ጴ ዛ ዎ ቻ ች ን
አ ዋ ር ደ ሻ ል
ሳ ጥ ና ች ን
ዓ ይ ነ ቶ ቹ
ይ መ ራ ል
ገ ቢ ዎ ቿ
መ ሥ መ ራ ቸ ው
ፕ ሮ ዤ
ታ ላ ቅ ዎ
ኋ ላ ህ
ቅ ር ጾ ቻ ች ን
ድ ብ ደ ቦ ቻ ች ሁ
አ ዋ ረ ድ ክ
ጠ ረ ጴ ዛ ዎ ች ሽ
አ ስ ቻ ለ
ዙ ፋ ኑ
ሰ ፋ ሪ
ባ ሪ ያ ዎ ቿ
ቀ ል ቡ
መ ስ ዋ ዕ ት
ት ቀ ይ ሪ ያ ለ ሽ
አ ት ር ፏ ል
ባ ለ ቤ ት
ዘ ገ ቦ ቹ
ብ ዪ
ነ ግ ዷ ል
ደ ር ሳ ች ሁ
እ ም ነ ት ሽ
ገ ረ ፍ ን
ነ ግ ደ ሽ
ሰ ባ ኪ
መ ሮ ጥ
አ ባ ሎ ቻ ቸ ው
ት በ ል ጫ ለ ሽ
ፉ ት ቦ ሉ
አ ስ ጠ ጡ
ሽ ማ ግ ሌ ዎ ቻ ች ን
ያ ደ ክ ም
ደ ጎ ች
ሽ ብ ር
ት በ ላ ለ ች
ያ ዝ ን
እ ሴ ቶ ቼ
መ ሽ ቷ ል
እ ን መ ራ
ሰ ነ ድ
እ ን ወ ጣ
ስ ፖ ር ተ ኛ ቸ ው
እ ን በ ላ
ላ ሞ ቹ
ላ ሞ ች ሽ
ሰ ነ ዶ ቻ ች ን
ጸ ጥ ታ ዋ
ላ ም ራ
ሴ ራ ዎ ቿ
ተ ጠ ቂ
አ ወ ክ ሽ
ሳ ጥ ን ሽ
መ ስ ዋ ዕ ት ህ
ግ ጥ ሚ ያ ዎ ቼ
ት መ ዝ ገ ብ
እ ን ወ ስ ን
ዋ ጪ
መ ዲ ኖ ች ዎ
ማ ሯ
በ ላ ን
አ ስ መ ጣ ች
ጠ ረ ጴ ዛ ዋ
አ ሳ የ ች
አ ሳ ለ ፋ ች ሁ
ሮ ጣ ች ኋ ል
ት ወ ረ ው ራ ለ ህ
ሆ ድ ሽ
ስ ብ ሰ ቦ ች ህ
እ ን መ ራ
መ ሰ ረ ታ ዊ ው
አ መ ቻ ች ታ ች ኋ ል
ባ ሪ ያ ው
ተ ይ ዘ ን
ጸ ጥ ታ ህ
ም ድ ረ ው
ብ ድ ር ህ
ት ራ ፊ ኮ ች
ተ ወ ጡ
ይ ደ ር ስ
ከ ል ክ ለ ና ል
ል ም ራ
ማ ኅ በ ሮ ች
እ በ ከ ላ ለ ሁ
አ ስ ገ ድ ደ ሻ ል
ደ ብ ዳ ቤ ዎ ቹ
ገ ፁ
ባ ሪ ያ ቸ ው
ተ በ ከ ለ
ደ መ ሰ ስ ን
ደ ን ቦ ቿ
ዋ ጥ ሽ
መ ላ ዎ ቻ ች ን
መ ዲ ኖ ች ህ
አ ፎ ች ህ
ጠ ረ ጴ ዛ ዎ ቹ
ተ ቀ ና ቃ ኞ ቹ
ግ ዙ ፊ ቱ
ው ጥ ኑ
አ ሳ ል ፌ ያ ለ ሁ
እ ም ነ ታ ቸ ው
ስ ብ ሰ ቦ ቻ ች ሁ
ይ ነ ግ ድ
ይ ወ ስ ኑ
ደ ም ስ ሶ
እ ጮ ኛ ዎ ቿ
ተ ወ ጥ ቶ
ቅ ር ሷ
ጠ ረ ጴ ዛ ዎ ች
ማ ኅ በ ሮ ቻ ች ሁ
ይ ግ ፉ
መ ጣ ች
ስ ሮ ቻ ች ን
ት ጠ ራ ጠ ራ ላ ች ሁ
ይ ነ ግ ዳ ል
ይ ጨ ም ሩ
ቅ ዱ ሳ ን
አ ሳ ለ ፈ ች
እ ና ዋ ር ድ
ከ ብ ሬ ያ ለ ሁ
አ ው ካ ች ሁ
ብ ድ ሮ ቹ
ዕ ድ ሜ ህ
ሰ ው ነ ቱ
ድ ብ ደ ባ ዎ ቹ
በ ሮ ቻ ቸ ው
ባ ሪ ዮ ች ዎ
ዘ ዴ ያ ች ሁ
ደ ብ ዳ ቤ ዎ
ታ ላ ቃ ቸ ው
ም ረ ቃ
መ ያ ዦ ቹ
ኮ ን ነ ን
አ ግ ባ
እ ን መ ዘ ገ ባ ለ ን
በ ተ ና ች ሁ
መ ሪ ዬ
ት ያ ዝ
እ ን ጠ ጋ ለ ን
ቀ ብ ራ ቸ ው
አ ባ ሎ ች ህ
ይ መ ጣ ል
ይ ሮ ጣ ል
ድ ም ፆ ቹ
ግ ማ ሿ
ዓ ይ ነ ታ ች ሁ
ፈ ፅ መ ዋ ል
ማ ኅ በ ሮ ች ሽ
ያ መ ራ ሉ
ጠ ረ ጴ ዞ ቹ
ተ ረ ቶ ች
ት መ ራ
እ ጮ ኛ ዎ ቼ
ጸ ሎ ታ ች ሁ
አ ም ባ ዎ ች ህ
ው ለ ታ ህ
ጦ ም ህ
ተ ጠ ቃ ች ሁ
ባ ሪ ያ ህ
ታ ስ ጠ ጣ
ቀ ብ ሩ
ታ ስ ጠ ጫ ለ ሽ
እ ጨ ም ር
ግ ዙ ፏ
እ ን ኮ ን ን
ና ሙ ና ው
ዳ ዋ ው
በ ቅ ላ ች ኋ ል
ም ግ ባ ሮ ች ሽ
ማ ዘ ን
ግ ጥ ሚ ያ ዬ
እ ም ነ ቷ
ሠ ው ነ ት ሽ
አ ቅ ሞ ቻ ች ን
ቤ ተ ክ ር ስ ቲ ያ ኖ ቻ ች ን
ከ በ ሩ
እ ጮ ኛ ው
ፋ ን ታ ህ
ት ከ ብ ሩ
ሴ ሮ ች ዎ
ቅ ር ጾ ቼ
አ ሳ ል ፈ ሽ
ተ ከ ታ ት ለ ና ል
ተ መ ር ታ ች ኋ ል
ታ ሳ ይ
ይ ሩ ጡ
ጨ ም ረ ና ል
ይ መ ራ
እ ን በ ከ ላ ለ ን
ት ሮ ጣ ለ ች
ተ ስ ማ ም ታ ች ኋ ል
እ ን ያ ዝ
ዘ ገ ባ ዎ
ት ሳ ት
አ ቅ ማ ች ን
ስ ቷ ል
አ ስ ጠ ጥ ታ ች ኋ ል
አ ም ር ተ ን
ረ ግ ጬ
ተ ገ ት ቷ ል
ያ መ ቻ ቻ ሉ
ዓ ይ ነ ቷ
ታ መ ቻ ቹ
ተ ት ተ ሀ ል
ይ ወ ጣ ሉ
ጨ ም ረ ው
ይ ከ ፈ ላ ል
ቅ መ ሙ
ባ ሪ ያ ች ን
ተ ሞ ክ ሮ
ይ ገ ድ ላ ል
ት ሰ ብ ር
አ ዛ
አ ዋ ረ ዳ ች ሁ
ሰ ነ ድ ሽ
ጥ ቁ ሮ ች
በ ል ጠ ሽ
ት ነ ግ ዱ
አ መ ራ ች
ታ ላ ቆ ች ዎ
ነ ሽ
እ ሴ ቶ ች ዎ
ዘ ላ ቂ ዎ ቹ
አ ባ ላ ች ን
ት ጠ ራ ጠ ሪ ያ ለ ሽ
ግ ማ ሻ ች ን
አ ባ ሉ
ተ ጠ ግ ተ ህ
ት ወ ጡ
በ ል ተ ዋ ል
ላ ም ህ
ዕ ት ሞ ቿ
ጨ ም ረ ን
መ ላ ዎ ቹ
ይ ዋ ቀ ር
ነ ግ ደ ው
ት ኮ ን ን
መ ዲ ና ዋ
ያ መ ቻ ቹ
ቀ የ ር ሽ
ፈ ፀ ም ሽ
ይ ፅ ደ ቅ
ታ ስ ገ ድ ጂ
አ ስ ጠ ጥ ቼ
ገ ረ ፉ
ገ ር ፎ
ተ ስ ማ ማ ን
ሳ ሎ ን
ዘ ዴ ያ ቸ ው
ታ ሳ ል ፊ
አ ህ ጉ ር ሽ
ት ብ ለ ጥ
ቀ ብ ራ ች ን
ሀ ኪ ሞ ች ዎ
ይ ወ ጣ
በ ል ጣ
ቀ ይ ራ ች ሁ
ግ ር ግ ር
መ ግ ፋ ት
መ ስ ዋ ዕ ታ ች ን
እ ው ነ ቶ ች
ሥ ን ቆ ቻ ቸ ው
አ ዘ ን ኩ
ት ዳ ራ ቸ ው
ተ ጠ ቅ ተ ው
ጠ ብ
ሀ ገ ሮ ች
ተ ይ ዘ ና ል
ማ ኅ በ ራ ች ሁ
እ ዘ ዝ
ረ ገ ጠ
እ ን ብ ለ ጥ
አ ም ራ ቾ ቹ
መ ያ ዣ
ም ጡ
ዓ ይ ነ ቶ ች
ል ር ገ ጥ
አ ፀ ፋ ው
ቀ ጭ ን
ዓ ለ ቶ ቹ
እ ስ ት
አ ው ር ታ ች ኋ ል
ታ ስ ገ ድ ዱ
አ ሳ ዝ ነ ው
ላ ሞ ቻ ች ሁ
እ ደ ፈ ር
ል ጠ ጋ
ዘ ዴ ዬ
ተ ወ ጣ
እ ን ይ
ይ ሮ ጥ
ጨ ም ሪ
ጨ ር ቆ ች
ደ ን ባ ቸ ው
አ ፎ ቹ
ቅ ር ጻ ቸ ው
ገ ድ ላ ች ኋ ል
መ ቀ ረ ት
እ ን ወ ስ ና ለ ን
ይ ሮ ጡ
ት ን ገ ድ
አ ባ ላ ታ ች ሁ
ት በ ቅ ያ ለ ሽ
ት ደ ር ሳ ለ ች
በ ቅ ሏ ል
እ ጮ ኛ ዋ
ዘ ገ ባ ዎ ች
ግ ጥ ሚ ዮ ቻ ች ሁ
ታ ይ
ክ ፈ ፍ
አ ም ቦ ቹ
ይ ከ ታ ተ ላ ሉ
ገ ቢ ዬ
ዘ ገ ባ ቸ ው
ስ ብ ሰ ባ ዎ ች ህ
ተ ይ ዛ
ማ ኅ በ ራ ቱ
ማ መ ል ከ ቻ ዎ ች ዎ
ት ስ ቻ ለ ሽ
በ ለ ጣ ች ሁ
ተ ቀ ና ቃ ኞ ቻ ች ን
ታ ስ መ ጣ
ነ ግ ዶ
ሠ ይ ጣ ኖ ች
ባ ለ ቤ ት ህ
አ ገ ባ ሁ
ግ ጥ ሚ ያ
ሥ ን ቁ
ተ ጣ ማ ሪ ዎ ች
ው ጦ
ጠ ረ ጴ ዞ ቻ ቸ ው
እ ሴ ቶ ቹ
ወ ር ው ራ ች ኋ ል
ድ ብ ደ ባ ዎ ቿ
ሳ ጥ ና ች ሁ
ም ረ ቃ ው
ግ ጥ ም ዎ
ት መ ራ
ሀ ገ ራ ት ህ
ጀ ር ባ ህ
በ ለ ጥ ን
አ ግ ብ ተ ህ
ተ ወ ጥ ተ ው
እ ን ወ ር ው ር
ይ ደ ፈ ራ ል
ብ ቀ ሉ
እ ን ወ ጣ ለ ን
ቅ ር ሶ ቹ
አ ፈ ሣ ው
ጉ ል በ ቱ
አ መ ራ ን
ት ፈ ፅ ሚ
ተ ስ ማ ም ታ ች ሁ
አ ቅ ም ህ
ደ ን ቡ
ማ መ ል ከ ቻ ቸ ው
እ ክ ሎ ቹ
አ ዝ ና
አ ክ ሲ ዮ ኖ ች
ት ደ ር ስ
ይ ግ ረ ፉ
በ ቅ ለ ን
አ ተ ረ ፈ ች
እ በ ላ ለ ሁ
ት ያ ዛ ለ ህ
ኮ ነ ኑ
ይ ጠ ቀ ሳ ል
ም ግ ባ ሮ ቻ ች ሁ
መ ድ ቢ
ት በ ላ
ተ ጠ ቅ ቼ
አ ግ ብ ተ ሻ ል
ሮ ጠ ሽ
ጸ ጥ ታ ው
ይ በ ት ና ሉ
በ ት ኛ ለ ሁ
አ ሳ ዝ ና
ደ ን ቦ ች
እ ና ው ክ
ተ ጠ ግ ተ ን
መ ሪ ዎ ቹ
አ ድ ን ቀ ህ
ይ መ ሻ ል
እ ግ ዚ አ ብ ሔ ር
ት በ ቅ ላ ለ ህ
እ ን ግ ዶ ች ህ
ይ ጨ ም ራ ሉ
አ ት ር ፈ ው
ይ ረ ግ ጣ ል
ት ደ ር ሻ ለ ሽ
አ ወ ክ
አ ዋ ር ዷ ል
ሀ ገ ሯ
በ ት ነ ሻ ል
እ ም ነ ቴ
ት ወ ል ዱ
ነ ዎ ት
ት ከ ብ ር
መ ስ ዋ ዕ ት ሽ
ቅ ር ጹ
ሽ ማ ግ ሌ ዎ ች ህ
ት ጨ ም ራ ላ ች ሁ
ት ወ ል ድ
ከ ብ ሬ
ማ ኅ በ ራ ታ ቸ ው
ይ ደ መ ስ ሳ ል
እ ጮ ኛ ው
አ ስ መ ጡ
ይ መ ጣ
ደ ን ቦ ቹ
ፈ ፅ ማ
ስ ሮ ች ሽ
ም ራ
እ ው ነ ታ ች ሁ
ስ ረ ዛ ው
እ ና ደ ን ቅ
እ ም ነ ቶ ቻ ች ን
ጠ ባ ች ን
ት በ ላ ላ ች ሁ
ሠ ው ነ ቴ
እ ን ፈ ፅ ም
ብ ለ ጡ
ዘ ን ጎ ቹ
ይ መ ድ ብ
ጠ ባ ቂ ያ ች ን
ቅ ባ ቶ ች
ት ከ ታ ተ ሉ
መ ሎ ች ህ
ሰ ነ ዶ ች
ወ ስ ና ች ሁ
እ ን ኮ ን ን
ሴ ራ ው
እ ን ቀ ይ ር
ግ ጥ ሚ ያ ዎ ቻ ች ሁ
አ ድ ን ቃ
ት ወ ጣ ለ ች
ይ መ ዘ ገ ብ
መ ላ ዎ ች ህ
ደ ም ስ ሷ ል
ስ በ ሪ
እ ክ ል
ሮ ጠ ና ል
ማ መ ል ከ ቻ ዎ
ግ ጥ ም ሽ
ይ በ ት ና ል
እ ን ግ ዳ ዎ ቿ
መ ላ ቸ ው
ገ ፍ ተ ሻ ል
ወ ረ ወ ር ን
ገ ፍ ታ ች ሁ
ይ ከ ብ ራ ል
እ ጠ ጋ
መ ራ ች
መ ር ያ ቸ ው
ሰ ፋ ሪ ው
ግ ዙ ፉ
አ ሳ ለ ፉ
ወ ሰ ን ክ
አ ዝ ና ለ ሁ
ዓ ይ ነ ቶ ች ህ
ማ መ ል ከ ቾ ቹ
ሰ ማ ዩ
እ ው ነ ታ ቸ ው
መ ዓ ት
ኮ ነ ነ
ይ ሸ ፈ ና ል
ታ ሳ ዝ ን
አ ግ ብ ታ ለ ች
ቤ ተ ክ ር ስ ቲ ያ ኔ
ት ዳ ር ሽ
ተ ከ ፍ ሏ ል
ተ ከ ፈ ለ
ኮ ን ኑ
ቀ ይ ረ ዋ ል
ተ ለ ጣ ፊ ዎ ቹ
ግ ጥ ሚ ያ ዎ ቹ
አ ው ኮ
በ ሮ ቻ ች ን
ሽ ማ ግ ሌ ዎ ቻ ቸ ው
ገ ደ ል ሽ
ተ በ ል ታ ች ኋ ል
አ ስ ገ ድ ዳ ለ ች
ት ወ ረ ው ሩ
ተ በ ላ
እ ደ ር ሳ ለ ሁ
ባ ሪ ዮ ቼ
ት ፈ ፅ ማ ለ ህ
እ ን ከ ብ ራ ለ ን
ያ ገ ባ
አ ባ ሎ ቼ
ሥ ን ቆ ቿ
ት ፈ ፅ ሚ ያ ለ ሽ
ላ ሙ
ያ ሳ ዝ ኑ
ሰ ነ ዶ ቹ
ሰ ባ ኪ ዎ ቹ
ተ ጠ ግ ታ ች ኋ ል
አ ደ ባ ባ ዩ
አ ስ መ ጪ
ኋ ላ ሽ
ሰ ነ ዴ
ተ ቀ ር ቶ
አ ፎ ቹ
እ ን ግ ዶ ቻ ች ሁ
እ ገ ድ ል
ይ ሰ ረ ዝ
ጨ ካ ኙ
ቅ መ ሞ ች
አ ገ ዳ ው
ኮ ረ ብ ታ
እ ም ነ ቶ ቹ
አ ድ ክ ሟ ል
ታ ሳ ዝ ና ለ ች
ል ስ በ ር
ተ ን ታ ኞ ች
ሴ ራ ዎ ች
ዕ ት ሞ ቻ ቸ ው
ት መ ጡ
አ ሳ ል ፋ ች ሁ
ተ ወ ጥ ቷ ል
በ ል ታ ች ሁ
ት ወ ስ ና ላ ች ሁ
አ ይ ቻ ለ ሁ
እ ን ግ ዳ ዎ ቹ
አ ም ር ተ ሻ ል
በ ል ታ
ተ ተ ው ሽ
ጽ ዎ ቹ
እ ና ው ካ ለ ን
ገ ደ ለ
ጦ ም
ተ ቀ ማ ጩ
ዋ ጠ
ይ ደ ም ስ ሱ
ይ ጠ ቀ ስ
ሥ ን ቆ ች ሽ
አ ዘ ነ ች
ዳ ዋ ዎ ቹ
ይ ም ሽ
ሴ ሮ ች ሽ
ይ ግ ደ ል
መ መ ዝ ገ ብ
ተ ያ ዢ
ጀ ር ባ
ማ ሳ ለ ፍ
ነ ፃ ነ ቷ
ስ ፖ ር ተ ኛ
እ ና ዋ ር ዳ ለ ን
ገ ዳ ም
እ ወ ጣ
ይ ን ገ ድ
ው ጣ ለ ች
ላ ማ ች ን
አ ም ራ
ዕ ት ም
እ ጮ ኞ ቹ
ድ ብ ደ ቦ ች ሽ
መ ሪ ዎ ቿ
እ ጮ ኛ ዎ ቻ ች ሁ
አ ዝ ነ ን
ስ ብ ሰ ባ ዋ
ይ ላ ኩ
መ ዲ ና ሽ
መ ጠ ቃ ት
አ ቅ ሞ ች ዎ
ሞ ያ
ተ ጣ ማ ሪ ው
ደ ብ ዳ ቤ ህ
ስ በ ሩ
ጨ ም ረ ሀ ል
ፈ ላ ጊ ዎ ች
ገ ፍ ቷ ል
መ ደ ብ ክ
ተ ጠ ራ ጠ ረ ች
ላ ው ራ
ማ መ ል ከ ቻ ህ
ወ ል ዶ
ገ ቢ ዎ ቹ
አ ም ር ታ
ስ ብ ሰ ቦ ች ዎ
ዘ ገ ባ ዎ ቹ
ጠ ቡ
እ ጮ ኛ ዎ ች ሽ
እ ው ነ ቶ ቹ
ግ ፊ
ው ጥ ኖ ቻ ቸ ው
ያ ሳ ይ
ገ ፍ ታ
ከ ብ ረ ሽ
ዙ ፋ ና ች ሁ
ከ ለ ከ ል ኩ
ስ ራ ዎ ቿ
ተ በ ላ ሁ
አ ዝ ነ ሽ
ጠ ባ ቂ ው
ሴ ሮ ቹ
መ ላ ዎ ች
እ ና ቱ
ሽ ብ ሩ
ተ ይ ዛ ለ ች
ት ወ ል ጂ
ማ ስ ታ ወ ሻ
ታ ስ ገ ድ ዳ ለ ህ
ቅ ጠ ል
ን ጹ ኋ
አ ሳ የ
ተ በ ክ ሏ ል
ት ነ ግ ዳ ለ ህ
ዘ ቦ ቹ
መ ወ ር ወ ር
ስ ፖ ር ተ ኛ ዎ ቻ ች ሁ
መ ሥ መ ራ ች ሁ
እ ሴ ታ ቸ ው
አ ሳ ጣ
ማ መ ል ከ ቻ ው
ዕ ጣ ኑ
ይ ደ ፈ ር
ተ ጠ ቅ ተ ሽ
ታ ሳ ዪ
ት በ ቅ ሉ
መ ር ያ ች ን
እ ን ደ ፈ ራ ለ ን
ት ስ ት
አ ዝ ነ ዋ ል
ት ፈ ፅ ም
ታ ያ ለ ች
ደ ር ሰ ሽ
አ ው ካ ለ ሁ
አ ድ ን ቀ ዋ ል
ታ ው ኩ
ት ተ ው
ከ ል ክ ዬ
ሮ ጠ ህ
አ ድ ን ቃ ች ሁ
ኮ ረ ብ ታ ው
ይ ብ ላ
እ ዘ ኚ
ብ ለ ጥ
ተ ት ታ
በ ተ ን ኩ
ተ ከ ታ ተ ሉ
ያ ሳ ያ ሉ
አ ሳ ዝ ኜ
ሰ ነ ዶ ች ህ
ግ ጥ ሚ ያ ዎ ች
አ ግ ብ ተ ን
ል ም ጣ
ተ መ ዘ ገ ቡ
ያ ዋ ር ዱ
እ ጮ ኞ ች ዎ
ጸ ጥ ታ ች ሁ
ያ ዝ ና ሉ
ሀ ገ ር ዎ
መ ሎ ቻ ች ን
ማ መ ቻ ቸ ት
ሳ ቱ
ይ ወ ስ ን
ታ ላ ቃ ች ሁ
ት ቀ ይ ር
ከ በ ር ሽ
ተ ቀ ማ ጭ
ማ መ ል ከ ቻ ዎ ቻ ች ን
ሳ ቺ
ይ ቋ ቋ ም
አ ስ ገ ድ ደ ና ል
መ ጣ ሁ
ታ ደ ን ቃ ላ ች ሁ
ደ ን ቦ ቼ
እ ን ዘ ን
ት ቀ ይ ር
እ ን ር ገ ጥ
ት ወ ስ ን
ባ ለ ቤ ቶ ች
ት መ ድ ባ ለ ች
ማ ሰ ኘ ት
ያ ዋ ር ዳ ል
ብ ሉ
ይ መ ሩ
መ ሎ ች ሽ
አ ስ ገ ደ ድ ን
ጨ መ ረ ች
ድ ብ ደ ቦ ች ህ
ክ ሊ ኒ ኮ ች
ተ ል ካ ች ኋ ል
ተ ጠ ቅ ቶ
ጨ ም ሬ ያ ለ ሁ
ት ጠ ራ ጠ ሩ
በ ቀ ላ ች ሁ
ነ ግ ጄ
ተ ጠ ቃ ሽ
ጽ ዋ ው
ይ ም ሩ
ተ ገ ል ጋ ዮ ቹ
ም ስ ኪ ን
አ ስ ገ ድ ዳ
ወ ሰ ን ሽ
ታ ዋ ር ድ
ተ ት ተ ሽ
መ ራ ህ
ቅ ር ጾ ቹ
ት ረ ግ ጪ
ም ግ ባ ሩ
ቀ ል ብ ሽ
አ ስ ገ ድ ዱ
ላ ም ዎ
እ ን ገ ፋ
ተ በ ከ ሉ
ጥ ቁ ሮ ቹ
ከ ል ክ ለ ሻ ል
አ ድ ን ቆ
ያ ው ካ ል
ስ ብ ሰ ቦ ቼ
ማ የ ት
ሽ ማ ግ ሌ ዎ ች ዎ
ጃ ፓ ን
ተ ቀ ና ቃ ኞ ቻ ች ሁ
አ ው ሩ
ወ ል ደ ሽ
ት ስ ቺ
ት ስ ታ ለ ህ
አ ይ ተ ሽ
ሀ ገ ራ ች ን
ማ ራ ቸ ው
ባ ሪ ያ ዎ ች
አ ሳ ል ፈ ሻ ል
ስ ፖ ር ተ ኞ ች ህ
በ ላ ች ሁ
ታ ዝ ኑ
ወ ስ ና ች ኋ ል
ተ መ ር ታ ለ ች
መ ጥ ታ ች ሁ
እ ው ነ ታ ው
ማ መ ል ከ ቻ ች ሁ
መ ከ ፈ ል
ሀ ኪ ም ህ
ኮ ነ ን ን
አ መ ቻ ች ተ ሻ ል
ድ ም ፁ
አ ነ ስ ተ ኛ
ቅ ር ሶ ቿ
ተ ጠ ቅ ታ
አ ባ ሏ
መ ነ ፅ ሮ ቹ
አ ው ር ተ ሻ ል
ጉ ል በ ቶ ቻ ች ን
ሮ ጠ
ሰ ው ነ ቱ
ከ ብ ረ ህ
ደ ም ስ ሺ
አ ባ ል ነ ታ ች ሁ
ሮ ጧ ል
ይ መ ሽ
ታ ደ ን ቅ
ተ በ ል ተ ሀ ል
መ ሪ ያ ች ን
ው ጠ ው
ተ ጠ ጉ
ተ ል ኳ ል
ተ ወ ጪ
ት ረ ግ ጥ
ያ ው ክ
ይ ብ ቀ ሉ
ወ ል ደ ህ
ደ ብ ዳ ቤ ዎ ቻ ች ን
ግ ድ ቡ
ተ ል ካ ች ሁ
ና ሙ ና
ሳ ጥ ኔ
ት ወ ጣ
እ ን ረ ግ ጣ ለ ን
መ ድ ረ ስ
ት መ ጫ ለ ሽ
እ በ ት ን
ሴ ሮ ች ህ
ት ስ ማ ሙ
ል ን ገ ድ
አ ገ ዳ
ገ ፄ
ተ መ ዘ ገ ብ ኩ
ተ ቋ ቋ መ
ይ ቀ ር
ፕ ሮ ግ ራ ም ዎ
አ ድ ን ቀ ው
ት ከ ለ ክ ዪ
ሆ ድ ዎ
ል ሳ ት
ሰ ማ ያ ቱ
ይ ነ ግ ዱ
ተ ገ ት ቶ
አ ው ኩ
አ መ ቻ ቸ ን
ፋ ን ታ ዎ
እ ን ሰ ብ ር
ድ ብ ደ ባ ዎ ቹ
ሆ ድ
ሆ ዱ
ጢ ሙ
ት ግ ረ ፍ
ም ስ ኪ ኖ ቹ
አ ስ መ ጥ ተ ዋ ል
ወ ስ ነ ው
ገ ፅ
ቅ ር ሳ ቸ ው
ነ ች
ታ ድ ን ቅ
ታ ዙ
እ ና ሳ ል ፍ
ሙ ዚ ቃ ዎ ች
በ ሩ
ስ ፖ ር ተ ኞ ቹ
ተ ጠ ግ ተ ሀ ል
አ ት ር ፌ
ስ ብ ሰ ባ ሽ
አ ግ ብ ተ ሀ ል
መ ስ በ ር
ሀ ገ ሩ
ወ ር ው ረ ሀ ል
ት ፈ ፅ ም
ተ ስ ማ ማ ች ሁ
ሀ ገ ራ ት ዎ
ይ ም ጣ
ጉ ድ ዎ
ማ ዕ ቀ ቡ
አ ገ ዳ ሽ
ግ ጥ ሚ ያ ዋ
ኮ ነ ን ሽ
ት ራ ፊ ክ
ያ ስ ች ል
ወ ር ው ር
እ ን ነ ግ ድ
ት ኮ ን ኛ ለ ሽ
ት ው ጡ
ት በ ት ን
ቢ ጮ ቹ
ት መ ድ ብ
ስ ራ ዬ
ተ ላ ክ
አ የ
ሰ ነ ዶ ቼ
እ ን ያ ዛ ለ ን
ማ መ ል ከ ቾ ቻ ች ሁ
ይ ሰ ብ ራ ሉ
አ ም ሩ
ጉ ል በ ቶ ች ዎ
ላ ዋ ር ድ
ታ ተ ር ፍ
እ ባ ቦ ች
አ ው ር ቻ ለ ሁ
ዕ ት ሙ
ዓ ይ ነ ቶ ቼ
ብ ድ ር ሽ
ት ጨ ም ራ ለ ህ
ጦ ም ዎ
መ ተ ቸ ት
ሰ ይ ጣ ኑ
ሮ ጥ ኩ
ተ ል ኮ
እ ሰ ብ ር
ት ወ ረ ው ራ ላ ች ሁ
መ ጥ ተ ሽ
በ ል ጫ ለ ሁ
ቤ ተ ክ ር ስ ቲ ያ ኖ ቿ
ል በ ላ
ደ ብ ዳ ቤ ያ ች ን
አ ግ ብ ቼ
ት ጠ ጉ
ፈ ረ ሶ ቿ
ቤ ተ ክ ር ስ ቲ ያ ን ሽ
ን ገ ዱ
በ ል ጦ
ተ ት ቼ
ብ ድ ሮ ቿ
ስ ፖ ር ተ ኛ ዎ ች ዎ
ያ መ ቻ ች
አ ስ ገ ድ ጂ
ቀ ይ ረ ሻ ል
ሙ ዚ ቃ
ዘ ዴ ህ
ጠ ረ ጴ ዛ ች ን
ት ስ ታ ለ ች
ሆ ዱ
ዓ ይ ነ ቶ ች ዎ
አ ሞ ራ ዎ ቹ
ወ ረ ወ ር ክ
አ ድ ን ቀ ሻ ል
ይ ፈ ፅ ሙ
ካ ህ ን
ሳ ጥ ኗ
ወ ር ው ረ ው
በ ተ ን ን
ተ ጠ ነ ቀ ቀ
ግ ጥ ሚ ያ ዎ ቹ
በ ላ
እ ን ግ ዶ ቼ
ገ ደ ል ክ
ሰ ብ ረ ዋ ል
መ ሪ ህ
አ ስ መ ጣ
ታ ስ ጠ ጣ ላ ች ሁ
ዕ ት ሞ ቼ
መ ራ ሁ
ተ መ ዝ ገ ቢ
አ መ ራ ህ
አ ማ ረ
ጃ ፓ ኖ ች
እ ና ስ ገ ድ ዳ ለ ን
ታ ስ መ ጣ
ተ ን ታ ኞ ቹ
ይ በ ት ኑ
ዘ ን ጉ
ከ ል ክ ሏ ል
ሰ ው ነ ት ሽ
በ ላ ሽ
ብ ድ ራ ች ን
ስ ራ ሽ
ት መ ሪ ያ ለ ሽ
አ ወ ራ ለ ሁ
አ ተ ረ ፍ ኩ
አ ሰ ኘ
ቅ ዱ ሳ ኑ
ተ ወ ጥ ተ ሀ ል
ያ ሳ ዩ
መ ሥ መ ሬ
አ ዋ ር ደ ሽ
ስ ፖ ር ተ ኛ ዎ ች ሽ
ጀ ር ባ ች ን
ያ ሳ ዝ ን
ይ ከ ብ ራ ሉ
ጉ ል በ ቶ ች ህ
ተ ተ ቸ
ት ጠ ቃ ለ ች
ረ ግ ጣ
ጠ ረ ጴ ዛ ዎ ቻ ቸ ው
ማ መ ል ከ ቻ ዎ ቻ ቸ ው
ተ መ ር ቷ ል
ድ ም ፆ ች ዎ
ሠ ው ነ ታ ቸ ው
ያ ም ር
አ ም ቦ ቻ ች ሁ
እ ና ስ ገ ድ ድ
መ ጤ ዎ ች
ተ መ ዝ ግ ቤ ያ ለ ሁ
እ ው ነ ታ ች ን
ግ ጥ ሚ ያ ህ
ተ በ ል ተ ን
ረ ገ ጠ ች
ጭ ን ቀ ታ ች ሁ
ታ ወ ራ
ዕ ድ ሜ ያ ቸ ው
ተ ወ ጥ ታ ለ ች
ስ ሮ ቿ
አ ሞ ራ
ት ገ ድ ላ ለ ች
ሰ ፋ ሪ ዎ ቹ
ታ ዝ ና ላ ች ሁ
አ ሳ ል ፈ ን
ግ ጥ ሚ ዮ ቼ
ይ ተ ዉ
አ ተ ረ ፋ ች ሁ
እ ጮ ኛ ቸ ው
መ ድ በ ሻ ል
ድ ም ፆ ቿ
በ ተ ኑ
አ ሳ ይ
ይ መ ራ
አ ግ ብ ተ ዋ ል
በ ቅ ላ
እ ን ግ ዳ ች ን
ተ ጠ ራ ጥ ረ ና ል
ግ ማ ሾ ቻ ቸ ው
አ ው ድ ማ ው
ት በ ላ
መ ሪ ዎ ቻ ቸ ው
ይ በ ላ ል
ሰ ለ ቦ ቹ
ዘ ይ ቱ
ጠ ረ ጴ ዛ ዎ
ሀ ገ ራ ቷ
ደ ብ ዳ ቤ ው
ጉ ል በ ት ህ
ዘ ዴ ዎ ቹ
ባ ለ ቤ ታ ቸ ው
ይ መ ራ ሉ
ግ ማ ሼ
ወ ቀ ሳ ው
እ ነ ግ ዳ ለ ሁ
ሀ ገ ሪ ቱ
ተ መ ዝ ግ ቧ ል
ገ ፍ ተ ዋ ል
ወ ር ው ረ ዋ ል
ት ወ ስ ን
መ ሪ ዎ ች ህ
እ ው ነ ታ ዎ ቹ
ጠ ረ ጴ ዛ ዎ ች ዎ
ይ ም ራ
ስ ብ ሰ ባ ዎ ቹ
ሴ ራ ዎ ች ህ
ት ቀ ይ ሪ
ት በ ት ና ላ ች ሁ
ይ ተ ች
አ ፋ ቸ ው
ዙ ፋ ኑ
መ ሥ መ ር
ማ መ ል ከ ቾ ች ህ
ይ በ ሉ
ግ ማ ሽ ሽ
ገ ር ፈ ና ል
መ ሎ ች ዎ
ደ ም ስ ሰ ህ
ጠ ል
አ ው ር ቷ ል
ተ ገ ታ
ቅ ጠ ሎ ች
ከ ል ክ ላ ች ኋ ል
እ ን መ ዝ ገ ብ
ፍ ር ስ ራ ሾ ች
ደ ብ ዳ ቤ ው
አ ሳ ይ
እ ወ ረ ው ር
አ ት ር ፍ
እ ው ነ ታ ዎ ቻ ቸ ው
አ ም ቦ ቻ ች ን
በ ሮ ቻ ች ሁ
ይ መ ራ
መ ሷ እ ቱ
ሀ ኪ ሞ ች ሽ
ተ መ ዝ ግ ቦ
ት ደ መ ስ ሳ ለ ህ
አ ሳ ዝ ን
ታ ው ክ
ል ብ ለ ጥ
ም ድ ረ ዬ
ይ ቋ ቋ ማ ል
ማ ኅ በ ሩ
መ ሥ መ ሮ ች ዎ
ግ ጥ ሚ ያ ዎ ቻ ች ን
አ ው ር ተ ና ል
ሽ ማ ግ ሌ ዎ
ስ ራ ች ን
ቤ ተ ክ ር ስ ቲ ያ ኖ ቼ
ወ ር ው ሯ ል
ጉ ል በ ቶ ቻ ቸ ው
ነ ገ ድ ክ
ት ገ ድ ላ ላ ች ሁ
ማ መ ል ከ ቻ ዎ ቼ
ጉ ል በ ቴ
አ ነ ስ ተ ኛ ው
እ ዪ
አ ዋ ር ዳ
አ ው ር ቶ
መ በ ላ ት
ገ ብ ያ ች ሁ
ማ ስ ታ ወ ሻ ዎ ቹ
እ ን ድ ረ ስ
ጉ ል በ ት ዎ
ሰ ነ ዶ ቹ
እ መ ራ ለ ሁ
በ ራ ች ን
ው ጥ ኖ ቿ
ት ገ ፊ
እ ን ላ ክ
አ ድ ን ቃ ለ ች
ሰ ብ ረ ሻ ል
ይ ገ ድ ሉ
አ ስ ጠ ጣ ሁ
በ ሮ ች ዎ
ግ ማ ሻ ቸ ው
አ ደ ነ ቀ
አ ባ ሌ
ሀ ገ ር ህ
እ ን ወ ጣ
እ ን በ ከ ል
አ ው ር ተ ሀ ል
መ ዲ ና ዎ ቼ
ት ዳ ራ ች ን
እ ገ ድ ላ ለ ሁ
ከ ብ ረ ን
አ ሳ ዝ ኛ ለ ሁ
ስ ፖ ር ተ ኛ ዎ ቻ ች ን
ታ ው ካ ለ ች
አ ደ ነ ቅ ሽ
አ ሳ ል ፌ
ዕ ት ም ሽ
ገ ቢ ሽ
ተ ል ከ ሀ ል
ሴ ሮ ቹ
ዕ ት ም ህ
ት ደ ር ሱ
ው ጥ ን ዎ
ታ ገ ቡ
ት በ ት ና ለ ህ
ስ ፖ ር ተ ኛ ች ን
ወ ል ዳ ለ ች
ቅ ጠ ሎ ቹ
ስ ረ ዛ
አ ሳ ይ ታ ች ሁ
ተ ተ ወ ች
ደ ጋ ው
ባ ለ ቤ ቶ ቹ
እ ው ጣ ለ ሁ
ፈ ፅ መ ሽ
እ ጮ ኛ ች ሁ
ጩ ኸ ታ ች ን
ጠ ረ ጴ ዞ ች ህ
ቅ ር ሶ ቻ ቸ ው
መ ሸ
ተ ጠ ግ ተ ው
አ ድ ን ቀ ሀ ል
ው ጥ ን
ወ ስ ና
ስ ፖ ር ተ ኞ ቼ
ፈ ረ ስ ሽ
ተ ላ ኩ
አ ተ ር ፋ ለ ሁ
እ ን መ ድ ባ ለ ን
ማ ስ ቻ ል
ዕ ድ ሜ ው
ይ መ ሩ
ግ ር ግ ሩ
እ ን ባ ህ
እ ን ግ ዳ ዎ ቻ ች ሁ
ፕ ሮ ዤ ው
አ ቅ ማ ች ሁ
አ ም ቦ ቻ ቸ ው
እ ን ግ ዳ ው
ዘ ገ ቦ ች ዎ
ያ ስ ጠ ጣ ል
ግ ጥ ሚ ያ ሽ
ዋ ጥ ን
ነ ግ ደ ሻ ል
ዘ ላ ቂ ው
ላ ሞ ቼ
ብ ድ ሮ ቻ ቸ ው
ተ በ ል ቼ
ተ ጠ ራ ጥ ሯ ል
ኮ ረ ብ ታ ዎ ቹ
ሳ ጥ ኖ ቹ
ት በ ላ
ጨ ም ረ ሻ ል
አ ም ራ ች
ጥ ቅ ሶ ቹ
ሣ ም ን ቶ ቹ
ደ ም ስ ሰ ው
ባ ለ ቤ ቶ ቻ ች ን
ሳ ጥ ን ህ
እ ና ታ ች ን
እ ዘ ዢ
አ ስ ጠ ጣ ሽ
ስ ራ ዎ ቹ
ተ መ ር ታ
ግ ጥ ሞ ች ዎ
ሰ ነ ዶ ች ሽ
ስ ታ ለ ች
ያ ም ር
ሀ ኪ ሞ ቼ
እ ን ከ ታ ተ ላ ለ ን
ጉ ል በ ቷ
ተ ጠ ራ ጠ ር ኩ
ይ ጠ ቁ
ድ ብ ደ ቦ ቹ
ን ጹ ሁ
ታ ስ ጠ ጣ
እ ን ግ ዶ ቻ ች ን
መ ጣ ን
ማ ኅ በ ራ ቷ
ዙ ፋ ኖ ች ሽ
ታ ተ ር ፉ
እ ን ግ ዳ ቸ ው
ግ ጥ ሙ
ጩ ኸ ቱ
ይ ወ ል ዱ
ገ ፍ ተ ና ል
ይ ው ለ ዱ
ገ ፍ ተ ው
ዕ ት ሙ
ዕ ብ ሪ ታ ቸ ው
ድ ም ፆ ቻ ች ን
ሠ ው ነ ት ዎ
ቀ የ ሩ
ታ ስ ገ ድ ዳ ለ ች
ባ ለ ቤ ቶ ች ዎ
ም ሩ
ሴ ራ ዎ ቹ
ደ ም ስ ሳ ለ ች
ት ሰ ብ ራ ለ ች
እ ን ን ገ ድ
እ ን ግ ዶ ቹ
ክ ት ት ል
አ ሳ ጥ ቶ
እ ጮ ኛ ዎ ቻ ቸ ው
አ ው ክ
አ ው ር ታ ች ሁ
ት ዳ ር ህ
በ ል ጠ ው
ማ ኅ በ ር ዎ
ዘ ገ ባ ህ
ታ ሳ ዝ ኛ ለ ሽ
ይ ክ በ ር
ፈ ፀ ማ ች ሁ
ተ ላ ክ ሽ
ገ ድ ሎ
ስ ራ ዎ ች ዎ
ይ ያ ዝ
አ ሳ ይ ታ ች ኋ ል
ሮ ጥ ሽ
ጉ ል በ ቶ ች
ተ በ ክ ለ ሀ ል
ወ ሰ ና ች ሁ
ተ ሞ ክ ሯ ል
ግ ጥ ማ ቸ ው
ይ ወ ረ ው ሩ
ድ ም ፃ ች ን
ማ ስ ገ ደ ድ
ተ መ ዝ ግ በ ሽ
ደ ር ሶ
አ ን ጋ ፋ ዎ ቹ
ታ ሳ ል ፉ
አ ሳ ለ ፍ ክ
መ ሥ መ ር ሽ
አ ህ ጉ ር ዎ
ያ ዝ
በ ረ ራ ዎ ቹ
ይ ተ ው
አ ው ር ተ ን
ግ ረ ፉ
ይ ሸ ፈ ን
ት በ ያ ለ ሽ
ስ ተ ው
አ ስ ጠ ጥ ተ ህ
አ ም ር ተ ው
ዘ ይ ት
ሀ ኪ ሞ ቻ ች ን
ቀ የ ራ ች ሁ
ማ ሪ ቱ
ጀ ር ባ ዬ
እ ከ ለ ክ ላ ለ ሁ
ወ ል ደ ው
ይ በ ት ን
ሳ ጥ ን
አ ባ ል ነ ት ሽ
ተ መ ዝ ግ በ ሻ ል
ወ ቀ ሶ ቻ ቸ ው
ባ ለ ቤ ቱ
ት ላ ካ ለ ች
ስ ብ ሰ ባ ው
ዘ ይ ቶ ች ህ
ወ ቀ ሶ ቻ ች ን
ስ በ ር
ገ ለ በ ጠ
ወ ቀ ሳ ዎ ቹ
ፈ ረ ሶ ች ህ
ባ ለ ቤ ቶ ቻ ቸ ው
መ ር ተ ህ
ሰ ለ ባ ዎ ች
ሳ ጥ ኖ ች ሽ
አ ሞ ሮ ቹ
ሠ ይ ጣ ኑ
እ ን ገ ፋ ለ ን
ያ መ ቻ ቹ
ይ ሰ ብ ር
እ ን ግ ዶ ቿ
እ ም ነ ቱ
ደ ረ ስ ክ
ወ ስ ነ ሀ ል
መ ዲ ና ይ ቱ
አ ዋ ር ጂ
አ ድ ን ቄ ያ ለ ሁ
በ ቅ ለ ሽ
ሰ በ ረ ች
ኋ ላ
እ ን መ ጣ
ት ያ ዝ
አ ህ ጉ ሩ
እ ገ ፋ ለ ሁ
ላ ሳ ል ፍ
ጠ ረ ጴ ዞ ቼ
እ ወ ል ዳ ለ ሁ
ቀ ይ ሩ
እ ና ሳ ል ፋ ለ ን
ተ ወ ጥ ተ ን
ነ ፃ ነ ት ዎ
አ ት ር ፋ ለ ች
ጉ ድ ሽ
ተ ወ ጥ ተ ና ል
መ ሪ ዎ ቹ
አ ባ ል ነ ቱ
ከ በ ር ኩ
መ ቋ ቋ ም
ኋ ላ ዋ
እ ም ነ ቱ
ዓ ለ ቶ ች
ተ በ ክ ላ ለ ች
ሠ ው ነ ታ ች ሁ
ታ መ ቻ ቻ ለ ሽ
መ ሷ እ ታ ች ሁ
ማ ኅ በ ራ ች ን
ጥ ቁ ሯ
እ ሥ ር
ይ ጨ ም ር
አ ም ባ ች ሁ
ኮ ን ነ ሻ ል
ይ ፀ ድ ቃ ል
ድ ም ፃ ች ሁ
ተ ዋ ቅ ሯ ል
ጀ ር ባ ው
ይ ከ ታ ተ ሉ
አ ስ ጠ ጥ ተ ሽ
ተ ወ ጣ
አ ስ ገ ድ ዳ ች ኋ ል
ብ ድ ሮ ቼ
ቀ ል ብ
ጠ ረ ጴ ዛ ዎ ቿ
እ ፀ ዋ ቱ
አ ክ ሲ ዮ ኖ ቹ
ሀ ገ ራ ታ ች ን
እ በ ት ና ለ ሁ
ት ወ ስ ና ለ ህ
ፈ ፀ ም ን
አ ስ ገ ድ ደ ዋ ል
አ ዳ ራ ሾ ች
በ ት ኗ ል
ገ ር ፈ ሽ
ተ ቀ ና ቃ ኞ ች ህ
ተ በ ል ተ ው
ይ ጠ ራ ጠ ሩ
አ ወ ራ ሽ
ት ጠ ጋ
ተ መ ሩ
አ ስ ገ ድ ዶ
ታ ተ ር ፋ ለ ህ
ነ ፃ ነ ታ ቸ ው
ሥ ን ቆ ቻ ች ሁ
ት ጠ ጋ ላ ች ሁ
አ ፌ
ተ ወ ጥ ታ ች ሁ
ፕ ሮ ግ ራ ሙ
ተ በ ል ታ ች ሁ
እ ጠ ጋ ለ ሁ
አ ዝ
ቀ ይ ሬ
ተ ረ ቱ
ተ መ ራ
አ ወ ራ ን
ሆ ዳ ች ሁ
ል ደ ም ስ ስ
ት በ ላ ላ ች ሁ
ተ ጠ ራ ጥ ራ ለ ች
አ ስ ጠ ጥ ተ ዋ ል
ነ ግ ዳ
ተ ከ ታ ተ ላ ች ሁ
እ ን ግ ዳ
ና ት
ሆ ዴ
በ ለ ጥ ክ
ነ ፃ ነ ቶ ች ህ
ተ ት ታ ች ሁ
ገ ቢ ያ ች ን
አ ስ ጨ ል ሟ ል
መ ሪ ው
ይ ስ ማ ሙ
በ ቅ ለ ሀ ል
ላ ማ ቸ ው
መ ዲ ና ዎ
አ ም ባ ዎ ች ሽ
አ መ ቻ ች ተ ን
ሴ ራ ሽ
ብ ድ ር ዎ
ጭ ን ቀ ቴ
ተ ጠ ግ ተ ሻ ል
ት በ ላ
ት ሰ ብ ሪ ያ ለ ሽ
ስ ለ ላ
ገ ረ ፈ ች
መ ፅ ደ ቅ
መ ር ቻ ለ ሁ
ዳ ዋ
ታ ላ ቆ ቿ
ስ ራ ች ሁ
ዘ ዴ ሽ
አ ስ ች ሏ ል
ተ ቀ ና ቃ ኞ ቼ
አ ዘ ዝ ሽ
አ ሳ የ ን
መ ዓ ቶ ች
ፈ ረ ሱ
ተ በ ል ቶ
እ ው ነ ታ ህ
አ ባ ላ ቷ
ታ ዝ
ዘ ገ ባ ዎ ች ዎ
ገ ቢ ዎ ች ዎ
ደ ብ ዳ ቤ
እ ን መ ድ ብ
ሰ ማ ይ
ያ ወ ራ
ባ ሪ ያ ዎ ቻ ቸ ው
ጭ ን ቀ ት ሽ
ይ መ ራ ል
ገ ር ፏ ል
አ መ ቻ ች
ማ ስ ጨ ለ ም
ሥ ው ሯ
ት መ ጣ
አ ዋ ር ደ ዋ ል
እ ን ክ በ ር
እ ን ግ ዳ ዎ ቻ ቸ ው
መ መ ደ ብ
አ ስ መ ጥ ቷ ል
ገ ብ ያ ቸ ው
ተ ይ ዘ ው
ፉ ት ቦ ላ ች ሁ
ተ መ ዝ ግ በ ሀ ል
ሴ ሮ ቻ ች ሁ
ሳ ታ ች ሁ
ድ ብ ደ ባ ዋ
ፋ ን ታ ች ሁ
ይ ኮ ን ና ል
እ ጮ ኛ ች ን
ል በ ት ን
እ ና ቶ ች
ተ ወ ጥ ታ
ው ለ ታ ች ሁ
መ ብ ላ ት
መ ድ ቤ
ታ መ ቻ ቻ ለ ህ
ድ ም ፁ
ደ ም ስ ስ
ም ግ ባ ር ህ
ት ወ ጣ ላ ች ሁ
ት መ ዘ ገ ብ
ሳ ጥ ኖ ቿ
ው ለ ታ ዬ
ከ ብ ሯ ል
ይ መ ዘ ገ ቡ
አ ወ ራ ህ
በ ል ተ ህ
ት ፈ ፅ ማ ለ ች
አ ባ ላ ቴ
ተ ል ኬ
አ ባ ላ ት ዎ
እ ሴ ቶ ቿ
ይ ዘ ዝ
አ መ ቻ ቸ ሽ
መ ጤ
ያ ዋ ር ዱ
ገ ፋ ን
እ ና ት ር ፍ
አ ው ሪ
ተ ይ ዘ ሽ
ጩ ኸ ት ህ
መ ድ በ ህ
ረ ግ ጠ ን
ታ ላ ቆ ቻ ች ን
በ ሩ
ዙ ፋ ን ህ
እ ን ግ ዳ ዎ ች ዎ
ወ ቀ ሳ ች ን
እ ወ ስ ን
አ ዘ ሀ ል
አ ግ ብ ቻ ለ ሁ
አ ሳ ጥ ቷ ል
መ ሪ ዎ ቼ
ይ ው ለ ድ
እ ሴ ቶ ች ሽ
አ ስ ቆ ጥ ቶ
ነ ፃ ነ ቶ ቹ
ታ መ ሪ ያ ለ ሽ
አ ፉ
ወ ለ ድ ሽ
ታ ሳ ል ፍ
እ ን ስ ማ ማ
ተ መ ዝ ግ በ ን
ት ብ ላ
ት ኮ ን ኑ
ጭ ቃ ው
መ ላ ዎ ቿ
ዕ ድ ሜ ያ ች ን
ፉ ት ቦ ሌ
ማ መ ል ከ ቾ ች ሽ
ጠ ቤ
እ ደ ፈ ራ ለ ሁ
ስ ቼ
እ ው ነ ታ ዎ ች ህ
እ ና ው ራ
አ ም ር ታ ለ ች
ማ ር
በ ቅ ላ ች ሁ
እ ን ተ ዋ ለ ን
አ ባ ል ነ ቷ
አ ው ር ታ ለ ች
ተ ላ ኪ
ዘ ዴ ዎ ች ሽ
እ ና ው ክ
ዙ ፋ ን ዎ
ግ ጥ ማ ች ን
አ ገ ባ ህ
ጠ ረ ጴ ዛ ቸ ው
ከ ብ ራ
ደ ጋ
እ ን ባ ች ን
አ ሳ ዝ ነ ሻ ል
ሴ ራ ህ
ጽ ዋ ዎ ች
ት መ ሪ
ፈ ፅ ሟ ል
ም ድ ረ ዎ
ያ ስ መ ጣ ል
ተ ይ ዛ ች ኋ ል
እ ወ ረ ው ራ ለ ሁ
መ ም ራ ት
ጦ ማ ች ሁ
ት ከ ብ ራ ላ ች ሁ
ዘ ይ ታ ቸ ው
ይ ው ጣ ሉ
ወ ቀ ሳ ዎ ቻ ች ሁ
እ ባ ቡ
ታ ስ ገ ድ ዳ ላ ች ሁ
አ ሳ ዝ ኗ ል
እ ን ደ መ ስ ሳ ለ ን
ኮ ነ ን ክ
ተ ጠ ቅ ተ ና ል
ፍ ራ ቻ ዎ
ፕ ሮ ግ ራ ማ ች ሁ
ተ ወ ጥ ተ ሻ ል
ስ ሮ ች ህ
ግ ጥ ሞ ቻ ች ሁ
አ ው ኳ ል
ፈ ፅ መ ና ል
በ ል ቶ
ሥ ው ሩ
ታ ላ ቋ
ጠ ባ ቂ ዎ ቻ ቸ ው
መ ዋ ጥ
እ ና ሳ ያ ለ ን
አ ዋ ረ ድ ኩ
ገ ፃ ች ሁ
ት ም ራ
ቅ ር ሶ ቻ ች ን
በ ለ ጥ ኩ
ይ ደ ፈ ር
ፈ ፅ መ ው
ደ ን ባ ች ሁ
ው ጥ ኖ ቻ ች ን
አ ዝ ነ ህ
ይ ጠ ነ ቀ ቅ
ቅ ር ሳ ች ሁ
ደ ር ሰ ሀ ል
መ ሷ እ ታ ች ን
ደ ም ስ ሰ ሽ
ወ ር ው ረ ና ል
ብ ድ ሬ
ተ ላ ላ ፊ ዋ
አ ዝ ነ ው
ዙ ፋ ኖ ቻ ች ሁ
እ ን ጨ ቱ
መ ሥ መ ሮ ቻ ች ሁ
እ ሴ ቱ
ወ ስ ነ ሽ
መ ድ ባ
ሥ ው ር
እ ወ ስ ና ለ ሁ
ብ ድ ሮ ች ህ
ስ ራ ዎ ቻ ች ን
ዋ ጠ ች
ዕ ት ማ ች ን
እ ከ ብ ር
ድ ም ፆ ቹ
እ በ ከ ል
ቅ ር ሶ ች
ት ዳ ራ ች ሁ
ግ ፈ ኛ ው
ዘ ገ ባ ሽ
ረ ገ ጥ ን
ሀ ኪ ማ ች ን
ተ በ ከ ላ ች ሁ
ገ ቢ ዎ ቹ
ይ ኮ ን ኑ
ሥ ን ቁ
ሠ ው ነ ት
ፍ ራ ቻ ሽ
እ ሥ ር ዎ
አ ሳ ል ፎ
አ ባ ል ነ ቱ
መ ሪ ያ ቸ ው
ጸ ጥ ታ ው
በ ት ና
ይ ዘ ኑ
መ ነ ፅ ሮ ች
ማ ኅ በ ር
አ ስ ጠ ጥ ተ ው
አ ህ ጉ ሬ
ቅ ር ጿ
ት ጠ ራ ጠ ር
አ ዘ ዛ ች ሁ
ይ ር ገ ጡ
አ ሰ ኝ ቶ
ሀ ገ ራ ት ሽ
ተ ደ ፈ ሩ
ረ ገ ጣ ች ሁ
እ ን መ ድ ብ
ስ ብ ሰ ባ ዎ ች ሽ
ታ ላ ቄ
ጨ መ ሩ
መ ወ ሰ ን
ቅ ባ ቱ
ሀ ገ ራ ቱ
ተ ጠ ጋ
እ ን ግ ዳ ዎ ች ሽ
ማ ግ ባ ት
ሰ ብ ራ ች ሁ
ተ ደ ፍ ረ ዋ ል
ድ ብ ደ ባ ህ
ተ ደ ፍ ራ ለ ች
ት መ ዘ ገ ባ ለ ህ
ይ ወ ስ ን
ያ ተ ር ፋ ሉ
አ ፍ
ደ ር ሼ
ሽ ማ ግ ሌ ዎ ቻ ች ሁ
ወ ፎ ቹ
ላ ት ር ፍ
እ ና ያ ለ ን
አ ዋ ር ድ
አ ም ር ታ ች ሁ
ተ በ ክ ለ ና ል
ዙ ፋ ኖ ች
እ ሴ ቶ ቻ ቸ ው
ይ መ ድ ብ
ይ ስ ማ ማ ሉ
ተ ቀ ና ቃ ኟ
ተ ጠ ግ ታ ች ሁ
ት ደ ፈ ር
ያ ገ ቡ
አ ስ ጠ ጣ ን
አ ት ር ፈ ዋ ል
ተ ደ ፍ ረ ሀ ል
አ ዘ ን
አ ስ መ ጣ ሽ
ሀ ገ ራ ቸ ው
ስ ሮ ቹ
ገ ቢ ዎ
ላ ግ ባ
ጦ ሙ
ት ያ ዝ
ታ ዪ
ጉ ል በ ቶ ቼ
ደ ቡ ብ
ታ ዋ ር ጃ ለ ሽ
አ ግ ብ ተ ና ል
ት ና ን ት ና
ጦ ማ ች ን
ት መ ጣ ለ ህ
ታ ሳ ያ ለ ሽ
አ መ ቻ ች ተ ዋ ል
ዘ ዴ
ታ ላ ቆ ቻ ች ሁ
እ ጨ ም ራ ለ ሁ
ያ ዝ ኑ
ተ ወ ጣ ን
ገ ፋ ች
ተ ት ተ ና ል
ታ ላ ቆ ቼ
እ ና ቶ ች ህ
መ ሎ ቿ
ደ ብ ዳ ቤ ዎ ቹ
ድ ም ጿ
ጸ ሎ ት ህ
ማ መ ል ከ ቻ ዬ
በ ት ኑ
ው ጥ ኖ ች ህ
ት ዋ ጥ
ው ለ ዱ
መ ዲ ና ዎ ቹ
ተ ጠ ራ ጠ ር
በ ት ና ች ሁ
አ ወ ካ ች ሁ
እ ን ስ በ ር
ና ሙ ና ዎ ቹ
ሮ ጣ ች ሁ
አ ሳ ዪ
ም ግ ባ ራ ች ን
ባ ሪ ያ ች ሁ
አ ፀ ፋ
ተ መ ር ቶ
ት ደ ፈ ሪ
ይ መ ድ ቡ
ት መ ድ ቡ
ደ ጋ ዎ ች
ባ ለ ቤ ቶ ቻ ች ሁ
ተ መ ዘ ገ ብ ሽ
ቀ ል ባ ቸ ው
አ ዋ ር ደ ሀ ል
በ ት ና ለ ች
ሰ በ ር ን
አ መ ቻ ቸ
ዓ ለ ት
ታ መ ሩ
ት ጨ ም ር
አ ስ ጠ ጥ ተ ሻ ል
ሴ ራ ዎ ቻ ች ን
ዙ ፋ ኖ ች ህ
አ ም ር ተ ሀ ል
ደ ስ ታ ህ
ይ ከ ል ክ ል
ገ ር ፌ ያ ለ ሁ
ሼ ክ
እ ሥ ራ ች ሁ
ት ገ ፋ ላ ች ሁ
ቤ ተ ክ ር ስ ቲ ያ ኖ ች ሽ
ረ ገ ጡ
ት ነ ግ ዳ ለ ች
እ ን በ ት ን
ተ ጠ ራ ጠ ራ ች ሁ
እ ን ባ ሽ
ሰ ነ ዶ ቻ ች ሁ
ስ ብ ሰ ባ ዎ ች ዎ
አ ዘ ኑ
ት ያ ዣ ለ ሽ
ስ ቻ ለ ሁ
ይ በ ል ጡ
ተ ጠ ቅ ተ ን
በ ል ተ ሻ ል
አ መ ቻ ቹ
አ ድ ን ቂ
ዓ ይ ነ ታ ች ን
ት ገ ፋ ለ ህ
ዘ ይ ቶ ች ዎ
ተ ጠ ጋ ን
እ ን ባ ቸ ው
አ ዘ ው
ኮ ን ና ለ ች
ት ገ ፊ ያ ለ ሽ
ድ ም ፆ ቻ ች ሁ
መ ሥ መ ሮ ቻ ቸ ው
እ ን በ ከ ል
ግ ጥ ሚ ዮ ች ዎ
አ ሳ ዝ ነ ን
ደ ር ሰ ና ል
ገ ፍ ተ ሀ ል
ጉ ዳ ች ን
ጠ ባ ች ሁ
ተ በ ል ተ ሻ ል
ደ ን ብ ዎ
ያ ው ካ ሉ
ይ በ ላ ሉ
መ ዲ ኖ ቿ
ሠ ው ነ ታ ች ን
ቤ ተ ክ ር ስ ቲ ያ ኖ ቹ
አ ቅ ሞ ች
ተ ጠ ግ ተ ሽ
ደ ብ ዳ ቤ ዋ
ሮ ጠ ሀ ል
ሴ ራ ዎ ቹ
ቀ ይ ረ ሽ
ስ ፖ ር ተ ኛ ዎ ች ህ
ቀ ረ ጥ
አ መ ቻ ች ተ ው
ላ ሞ ች
ተ ት ተ ው
ሞ ኝ
ፋ ን ታ ዬ
ወ ር ው ራ
ታ ሳ ል ፋ ላ ች ሁ
ያ ስ ች ላ ል
ጸ ጥ ታ ች ን
መ ጥ ተ ህ
ማ ው ራ ት
ት ረ ግ ጫ ለ ሽ
እ ነ ግ ድ
ላ ም ሽ
ገ ር ፋ ች ኋ ል
ተ ቀ ና ቃ ኙ
ት መ ራ ላ ች ሁ
ታ ስ መ ጣ
አ ባ ሎ ቻ ች ሁ
አ ዝ ኖ
ግ ደ ል
ዕ ት ም ዎ
ይ ረ ግ ጡ
ወ ር ው ሪ
አ ገ ባ
ደ ር ሰ ው
ዘ ገ ባ ዎ ቹ
ነ ግ ደ ዋ ል
ት ወ ረ ው ር
ይ ብ ቀ ል
ው ጣ ች ሁ
እ ሴ ቶ ቻ ች ን
አ ወ ራ ች ሁ
ጨ ም ረ ሽ
ያ ገ ባ ሉ
ሴ ራ ዎ
ስ ራ ዎ ች
ተ ሰ ር ዞ
እ በ ላ
ወ ስ ኜ
መ ሪ ዎ ቻ ች ን
ያ ስ ጠ ጣ ሉ
ሰ ብ ሬ
ወ ር ው ሩ
በ ተ ን ሽ
ሀ ኪ ም ሽ
ታ ስ መ ጣ ላ ች ሁ
ቀ ዝ ቃ ዛ
ተ ይ ዘ ህ
ሰ ብ ረ ሽ
ሥ ን ቋ
ጠ ረ ጴ ዛ ው
ው ለ ታ ዋ
እ ወ ል ድ
ን ጹ ህ
ዕ ት ሞ ቻ ች ሁ
ተ ጠ ራ ጠ ሩ
ት ከ ለ ክ ላ ላ ች ሁ
ት ው ጥ
ጀ ር ባ ዎ
ገ ፆ ቹ
ዘ ይ ቴ
መ ከ ታ ተ ል
ስ ታ ች ኋ ል
ግ ጥ ሙ
ያ ሳ ዩ
ገ ቢ ዎ ቻ ቸ ው
ገ ድ ለ ን
ማ ሳ የ ት
አ ይ ተ ን
ተ ከ ታ ት ለ ን
ይ በ ላ
ሀ ኪ ሞ ች ህ
ከ ብ ረ ሀ ል
ከ በ ረ ች
ስ ፖ ር ተ ኛ ዎ ቼ
ይ በ ል ጥ
ግ ጥ ም
ሽ ማ ግ ሌ ው
ገ ቢ ዎ ች
መ ጤ ው
ግ ጥ ሚ ያ ው
ት ገ ር ፋ ላ ች ሁ
መ ጥ ተ ው
ወ ለ ድ ኩ
ጽ ዋ ዎ ቹ
እ ና ሳ ዝ ን
ወ ለ ድ ን
አ ሳ ለ ፈ
ስ ራ ው
ተ ደ ፍ ሬ
ፈ ረ ሶ ቹ
ያ መ ቻ ች
መ ጥ ተ ን
መ ዲ ኖ ቻ ች ሁ
ተ በ ሉ
ት በ ከ ል
አ ግ ብ ታ ች ኋ ል
ቅ ር ጼ
ሀ ኪ ሞ ቻ ች ሁ
ት ገ ድ ል
ይ በ ቅ ል
ት በ ት ን
ት ረ ግ ጥ
ያ ስ ገ ድ ድ
ቀ ጭ ኗ
እ ና ቶ ቿ
ት ወ ጫ ለ ሽ
ላ ሞ ቻ ች ን
እ ን ጨ ቶ ቹ
ወ ል ዳ ች ሁ
ቤ ተ ክ ር ስ ቲ ያ ና ቸ ው
ት ደ መ ስ ሳ ላ ች ሁ
ሮ ጠ ች
አ ስ ጠ ጣ ች
ሰ ነ ዳ ች ሁ
እ ሥ ር ህ
ት ደ መ ስ ስ
ዘ ላ ቂ ዋ
ማ መ ል ከ ቻ
አ ሳ ዝ ነ ዋ ል
ይ ደ ፈ ራ ሉ
አ ም ሯ ል
ታ ላ ቂ ቱ
ቅ መ ሞ ቹ
ታ ሳ ያ ላ ች ሁ
ት ሰ ብ ሩ
ወ ቀ ሳ ቸ ው
ረ ግ ጦ
አ ስ መ ጥ ታ
ይ ደ በ ቅ
ጠ ባ ቂ ዎ ቿ
ተ ጠ ጋ ሽ
እ ቀ ይ ራ ለ ሁ
በ ቅ ዬ
ተ ጠ ጊ
ጨ ካ ኟ
ዕ ት ሞ ቹ
ሴ ራ ዋ
ይ ቀ ላ
ማ ኅ በ ሮ ቻ ች ን
እ ን ላ ካ ለ ን
ት ብ ቀ ል
ተ መ ር ተ ዋ ል
እ ዘ ን
ከ ብ ረ ው
እ ን ገ ር ፋ ለ ን
መ ዲ ና ዎ ቻ ች ሁ
ሣ ም ን ቱ
አ ም ባ
ታ ወ ራ ለ ች
በ ቀ ል ክ
በ ቀ ለ ች
ታ ዋ ር ዳ ላ ች ሁ
አ ቁ ማ ዳ ዎ ቹ
ሰ ማ ዮ ቹ
አ ም ር ተ ዋ ል
ይ ጠ ቃ
ው ጠ ዋ ል
ት ነ ግ ዳ ላ ች ሁ
ሀ ገ ሮ ች ህ
አ ቅ ሞ ች ሽ
ደ ር ሻ ለ ሁ
ት ሮ ጣ ላ ች ሁ
ዘ ይ ቶ ች
ደ ም ስ ሰ ና ል
እ ን ጨ ም ራ ለ ን
ሰ ነ ዶ ቻ ቸ ው
ከ ፍ ታ ዎ ች
ት ላ ካ ለ ህ
ግ ማ ሻ ች ሁ
ወ ቀ ሳ ው
ላ ስ ጠ ጣ
ታ ተ ር ፊ
ት ወ ስ ኛ ለ ሽ
ቅ ር ጽ ዎ
አ ወ ከ ች
መ ሷ እ ታ ቸ ው
መ ሪ ዋ
ት ራ ፊ ኩ
ወ ር ው ሬ
አ መ ራ ች ሁ
ነ ፃ ነ ቶ ቹ
እ ና ይ
አ ግ ብ ቶ
በ ቅ ለ ና ል
ግ ማ ሾ ቻ ች ን
ዘ ይ ታ ች ን
እ ን መ ራ
ጸ ጥ ታ ዎ
ወ ፎ ች
ማ ስ ታ ወ ሻ ዎ ች
መ ደ ባ ች ሁ
መ ሎ ቹ
አ ድ ን ቀ ን
ቀ የ ር ን
እ ን መ ዘ ገ ብ
እ ና ስ ጠ ጣ
ዘ ዴ ዎ ቹ
አ ባ ላ ቱ
መ ሥ መ ሩ
ቅ ር ጻ ች ን
ጠ ባ ቂ ያ ች ሁ
ቤ ተ ክ ር ስ ቲ ያ ኗ
እ ላ ክ
ተ ተ ች ቷ ል
እ ወ ጣ ለ ሁ
ይ ደ መ ስ ስ
ደ ረ ሰ
ይ ወ ል ዳ ሉ
እ ን ስ ራ ው
አ ቅ ሞ ቿ
አ ድ ን ቁ
ባ ሪ ያ ዬ
ተ ያ ዝ ን
በ ረ ራ ው
ድ ም ፅ ሽ
ት ገ ድ ል
ደ ስ ታ ች ሁ
ፈ ረ ሶ ች
ደ ብ ዳ ቤ ያ ቸ ው
አ ም ባ ዎ ቼ
ት ገ ር ፋ ለ ህ
በ ቀ ለ
ዋ ጡ
ጠ ር ዞ ቹ
አ ስ መ ጥ ቻ ለ ሁ
እ ን ጨ ም ር
ፉ ት ቦ ል ህ
አ ው ር ተ ሽ
ዘ ገ ባ ዋ
እ ን ግ ዳ ዎ ች ህ
ፈ ፅ ማ ለ ች
ት ደ ፈ ር
አ ይ ተ ህ
መ ጥ ታ ች ኋ ል
ት ሰ ብ ሪ
ቀ የ ር ክ
ሰ ባ ኪ ዎ ች
ፋ ይ ዳ
ነ ገ ድ ኩ
ሀ ገ ሮ ቹ
ያ ስ ቆ ጣ ል
ተ ተ ዋ ች ሁ
መ ድ በ ዋ ል
ተ ት ቶ
መ ስ ዋ ዕ ታ ች ሁ
ዘ ገ ቦ ቻ ች ሁ
አ ባ ላ ት ሽ
እ ና ት ዎ
ጉ ዳ ቸ ው
መ ያ ዣ ዎ ቹ
አ ስ ገ ደ ደ ች
አ ቁ ማ ዶ ች
መ ላ ዎ ቼ
ታ ወ ራ ላ ች ሁ
ታ ገ ቢ
እ ኩ ል
ከ ለ ከ ላ ች ሁ
ማ ስ ታ ወ ሾ ቹ
ጠ ሉ
ይ ቀ ይ ራ ል
ጠ ባ ቂ ዎ ቻ ች ሁ
ት ጠ ቃ
ተ ጠ ራ ጥ ረ ዋ ል
በ ራ ች ሁ
ወ ሰ ን ኩ
ጠ ባ ቂ ያ ቸ ው
ዓ ይ ነ ቱ
አ ው ከ ና ል
ማ ኅ በ ር ሽ
እ ጮ ኛ ዎ ቹ
ያ ሳ ዝ ና ሉ
ት መ ጪ
ቀ ብ ራ ች ሁ
ተ ያ ዝ ኩ
እ ን ባ ው
ድ ም ፃ ቸ ው
ደ ን ቦ ቻ ች ሁ
ተ መ ራ ሁ
ተ በ ል ተ ዋ ል
አ መ ራ ለ ሁ
ሴ ራ ች ሁ
ታ ሳ ል ፋ ለ ህ
ሰ ለ ባ ው
ፀ ደ ቀ
ታ ን ኳ
ወ ል ደ ሻ ል
እ መ ራ
ው ጥ ኖ ች
ገ ድ ለ ና ል
አ የ ች
ግ ጥ ሚ ዮ ቻ ቸ ው
ከ ል ክ ያ ለ ሁ
እ ን ባ ዎ
አ ሳ ዘ ን ሽ
ድ ም ፆ ቻ ቸ ው
እ ሥ ሬ
ስ ራ ዎ ቹ
ይ ቀ ር
ት በ ቅ ላ ለ ች
አ ሳ የ ህ
ጨ ም ረ ህ
አ ስ መ ጥ ታ ች ኋ ል
ጉ ዷ
አ ግ ብ ቷ ል
ይ ወ ስ ኑ
ፕ ሮ ግ ራ ሞ ቹ
ተ ቀ ና ቃ ኞ ቿ
ገ ፆ ቹ
እ ደ ር ስ
ባ ለ ቤ ት ዎ
ጠ ረ ጴ ዛ ዎ ች ህ
ት ጠ ራ ጠ ር
አ ፎ ች ሽ
ይ ደ በ ቅ
ሥ ን ቆ ች
እ መ ራ
ኮ ን ኗ ል
በ ተ ን ክ
መ ጥ ቷ ል
እ ም ነ ቶ ች
ጀ ር ባ ዋ
ስ ብ ሰ ባ ዎ ቼ
ይ ወ ረ ው ር
ብ ድ ሮ ቹ
አ ሳ ዝ ኖ
ደ ር ሳ ለ ች
ሰ ብ ረ ው
እ ሥ ራ ች ን
ት መ ራ ለ ህ
ታ ያ ለ ሽ
ፍ ር ስ ራ ሽ
ታ ዝ ኛ ለ ሽ
ተ ወ ጥ ቻ ለ ሁ
ም ግ ባ ሮ ቻ ች ን
ያ ስ ቆ ጣ
እ ጮ ኛ ዎ ች ህ
ወ ል ዳ
ይ ቀ ይ ር
ም ግ ባ ሮ ቿ
ት ወ ረ ው ሪ ያ ለ ሽ
ገ ብ ያ ች ን
ት ገ ፋ
እ ው ነ ታ ዎ
ይ ጠ ጋ
ቀ ይ ር
ሮ ጬ
ሀ ኪ ሟ
አ ው ክ
ቅ ር ጻ ች ሁ
ወ ቀ ሳ ዎ
ሀ ገ ሮ ቿ
ዕ ት ሞ ች
መ ዲ ና ዬ
ስ ፖ ር ተ ኛ ዋ
ተ ላ ከ ች
ት ነ ግ ድ
ያ መ ሩ
ፕ ሮ ግ ራ ማ ች ን
እ ን ግ ዳ ሽ
ያ ዙ
ተ ጠ ቃ ሁ
ሀ ገ ሮ ች ሽ
ተ በ ክ ላ ች ኋ ል
ታ ላ ቆ ች ሽ
ስ ብ ሰ ባ ህ
ት ፈ ፅ ሙ
ተ ተ ው ክ
ገ ቢ ው
ጨ ም ሮ
እ ን ስ ራ
ረ ግ ጣ ች ሁ
ደ ር ሳ
ግ ማ ሾ ቹ
ይ ገ ታ ል
ገ ር ፈ ህ
አ ም ባ ው
ተ ገ ደ ለ
ሰ ብ ራ
ያ ደ ን ቅ
በ ራ ቸ ው
እ ን ሳ ት
ያ ደ ን ቃ ሉ
ይ ላ ክ
መ ሥ መ ር ዎ
ት ጠ ቃ ላ ች ሁ
ማ መ ል ከ ቻ ዎ ቹ
ቅ ር ስ
ስ ፖ ር ተ ኛ ዎ ቿ
ያ ሰ ኝ
ፋ ን ታ
ስ ብ ሰ ባ ች ን
አ የ ን
አ ሳ ይ ተ ሽ
ይ በ ላ ሉ
በ ት ና ች ኋ ል
ሮ ጠ ዋ ል
አ ፎ ች
ፈ ፀ ም ክ
ያ ግ ቡ
ጠ ባ ቅ ያ ች ን
ገ ፋ ህ
ት ላ ክ
አ ም ቦ ች ሽ
ት በ ል ጡ
ይ ከ ብ ር
ነ ፃ ነ ቶ ቻ ቸ ው
ት መ ድ ቢ
መ ዲ ኖ ቹ
በ ት ነ ህ
እ ን ጠ ጋ
ዙ ፋ ኖ ቹ
ት በ ቅ ላ ላ ች ሁ
ተ ል ከ ዋ ል
ቀ ይ ራ
አ ስ መ ጥ ተ ህ
ደ መ ሰ ስ ኩ
ታ መ ሪ
ጦ ሙ
ተ ወ ጥ ተ ዋ ል
ሀ ኪ ማ ቸ ው
እ ፀ ዋ ት
ደ ብ ዳ ቤ ዎ ቼ
ጠ ረ ጴ ዛ ዬ
ጉ ድ
አ ባ ላ ታ ች ን
በ ል ጬ
ግ ማ ሾ ቼ
ግ ጥ ሚ ዮ ች ሽ
ይ ተ ዋ ል
ተ ያ ዘ ች
ነ ገ ድ ሽ
ማ ኅ በ ሬ
ሰ ው ነ ቴ
እ ና መ ቻ ቻ ለ ን
ዘ ዴ ው
ዘ ዴ ው
ወ ሰ ነ ች
ያ ስ መ ጡ
አ ባ ል ነ ት ዎ
ሞ ኙ
ይ ፈ ፅ ማ ሉ
መ ጥ ቼ
ረ ግ ጠ ዋ ል
እ ን ደ ም ስ ስ
ማ ኅ በ ሮ ቻ ቸ ው
ተ ቀ ና ቃ ኞ ቻ ቸ ው
ፈ ረ ሶ ቻ ቸ ው
መ ዲ ና ዎ ቻ ች ን
ይ ቀ ይ ሩ
ማ ኅ በ ራ ቱ
ያ ሳ ል ፍ
ኮ ን ነ ዋ ል
ተ ጠ ራ ጥ ረ ሀ ል
ቀ ይ ሮ
ያ ስ መ ጣ
አ መ ቻ ቹ
ፈ ፅ መ ህ
መ ደ ብ ን
ስ ለ ላ ው
ዕ ብ ሪ ቱ
ቤ ተ ክ ር ስ ቲ ያ ን ዎ
ግ ፋ
አ ም ባ ህ
መ ዲ ኖ ች ሽ
እ ን ከ ል ክ ል
አ ህ ጉ ሯ
እ ን ገ ድ ላ ለ ን
ፋ ን ታ ች ን
ብ ድ ራ ች ሁ
ይ ሸ ፈ ን
አ መ ቻ ች ታ ች ሁ
ዙ ፋ ኖ ቿ
ጸ ሎ ቱ
አ ዝ ና ች ሁ
ተ ጠ ቅ ሶ
አ ት ር ፎ
ላ ሞ ቿ
ጥ ቁ ር
ት ዳ ር ዎ
ግ ረ ፍ
እ ሥ ሯ
በ ቅ ለ ዋ ል
ጠ ብ ሽ
መ ሪ ዎ ች ዎ
ይ ኮ ን ኑ
ጸ ሎ ቱ
መ ደ ፈ ር
ፕ ሮ ግ ራ ሞ ቻ ች ሁ
እ ጠ ቃ
ላ ስ ገ ድ ድ
ው ጥ ን ህ
አ ም ር ተ ሽ
ስ ራ
ሰ በ ሩ
መ ዲ ና ቸ ው
ዘ ገ ባ ዎ ች ሽ
ት ደ መ ስ ሺ
ው ለ ታ ች ን
ተ በ ል ታ ለ ች
እ ው ነ ታ ዎ ች ሽ
ጸ ሎ ት
እ ው ነ ቶ ቻ ች ን
ይ ክ በ ሩ
ጨ ካ ኞ ቹ
ስ ፖ ር ተ ኛ ዎ
ት ው ለ ድ
ት ደ ር ሺ
በ ት ኜ
ነ ግ ደ ህ
ድ ም ፆ ች
እ ና ቶ ቻ ች ሁ
አ ገ ባ ሽ
ት መ ራ ለ ች
እ ን ወ ል ድ
እ ሳ ቶ ች
ገ ቢ ያ ች ሁ
ል ተ ው
ሰ ብ ረ ሀ ል
ጸ ጥ ታ
እ ን ተ ው
ይ ጠ ራ ጠ ሩ
ማ ኅ በ ራ ቸ ው
ው ለ ታ ቸ ው
ቀ ዝ ቃ ዛ ው
አ ባ ሎ ች
ገ ር ፈ ን
እ ና ተ ር ፍ
አ ገ ዳ ዋ
መ ጣ ህ
አ ወ ራ
ስ ብ ሰ ባ ዎ ቹ
ደ ም ስ ሳ
አ ይ ቶ
መ ድ ቡ
ታ ስ ገ ድ ድ
ተ ጠ ግ ቶ
ረ ግ ጠ ሽ
ጠ ባ ቂ ዋ
አ የ ሁ
ው ለ ታ ሽ
ት ያ ዙ
ሀ ኪ ሞ ቹ
መ ሥ መ ሮ ቼ
ላ ሟ
እ ዘ ኑ
ከ ብ ራ ች ሁ
ው ጥ ኖ ች ዎ
ዙ ፋ ኔ
ተ ላ ከ
ታ ወ ራ ለ ህ
ደ ን ባ ች ን
ይ ጠ ቁ
መ ር ያ ች ሁ
ግ ጥ ሚ ዮ ቹ
ት ጠ ጋ
ፕ ሮ ግ ራ ሞ ቹ
ያ ተ ር ፉ
ገ ድ ለ ህ
ተ መ ር ተ ሀ ል
ው ጥ ኖ ች ሽ
እ ን ሩ ጥ
ጠ ባ ቂ ዎ ቼ
እ ና ት
አ ስ ጠ ጣ ህ
ገ ፅ ህ
ም ጡ
ዘ ላ ቂ ዎ ች
ሀ ገ ራ ታ ቸ ው
ት ደ ፈ ራ ለ ህ
ጠ ብ ዎ
ያ ሳ ዝ ና ል
ግ ማ ሾ ች
ዘ ገ ባ ዎ ቿ
ተ ቀ ና ቃ ኞ ቹ
ታ ይ
አ ነ ስ ተ ኛ ዋ
እ ን ስ ት
ዘ ይ ቶ ቻ ች ን
ተ ስ ማ ም ተ ው
አ ሳ ዝ ኚ
አ ይ ታ ች ሁ
ይ መ ድ ቡ
ት ተ ው
ማ መ ል ከ ቻ ዎ ች
በ ቀ ል ኩ
አ ደ ነ ቅ ህ
አ ስ ጠ ጥ ታ ለ ች
ዘ ገ ባ ች ሁ
ያ ያ ሉ
ክ ሊ ኒ ኮ ቹ
መ ስ ዋ ዕ ቱ
እ ም ነ ቶ ቼ
ደ መ ሰ ስ ሽ
ጉ ል በ ቶ ች ሽ
አ መ ቻ ቻ ች ሁ
ተ መ ር ተ ና ል
ማ ሳ ዘ ን
ይ ዋ ጡ
ሆ ድ ህ
ወ ቀ ሶ ቻ ች ሁ
መ ድ ባ ች ሁ
ተ ጠ ግ ቻ ለ ሁ
አ ዞ
ድ ብ ደ ቦ ች ዎ
ሮ ጣ
መ ያ ዝ
መ ዋ ቀ ር
ፈ ረ ሶ ች ሽ
ሳ ተ
ም ግ ባ ሮ ቹ
ቤ ተ ክ ር ስ ቲ ያ ን ህ
ተ ቋ ቁ ሟ ል
አ ዳ ራ ሹ
አ ዋ ር ጃ ለ ሁ
መ ዲ ና ዎ ቹ
ም ግ ባ ሩ
ገ ፃ ቸ ው
ገ ፉ
ት ስ ቱ
ግ ጥ ሚ ያ ች ን
ት ወ ል ዳ ለ ች
ይ መ ሩ
አ ሳ ዝ ና ለ ሁ
ት ወ ል ዳ ላ ች ሁ
ላ ሞ ቹ
ጨ ም ሬ
ግ ጥ ሞ ች ሽ
ተ በ ል ቻ ለ ሁ
ቤ ተ ክ ር ስ ቲ ያ ኖ ቻ ቸ ው
እ ገ ር ፋ ለ ሁ
መ ር ተ ሀ ል
ወ ል ጃ ለ ሁ
ድ ብ ደ ቦ ቹ
ስ ፖ ር ተ ኞ ቻ ች ሁ
ታ ተ ር ፊ ያ ለ ሽ
ተ ጠ ቃ
ጠ ረ ጴ ዛ ዎ ቼ
ሴ ራ ዎ ቻ ች ሁ
መ ራ
ሰ ማ ያ ት
ይ ጠ ጉ
አ ሳ ል ፋ ለ ሁ
ላ ስ መ ጣ
ወ ረ ወ ረ ች
ሀ ገ ሮ ቹ
ት ው ጪ
ዓ ይ ነ ት ዎ
አ ገ ዳ ች ሁ
አ ቅ ሜ
አ ፎ ቻ ች ን
ከ ብ ረ ሻ ል
ሀ ኪ ሙ
ይ ደ መ ስ ሱ
አ መ ራ ሁ
ገ ጿ
ስ ተ ን
ት ደ ም ስ ስ
ኮ ን ን
አ ስ መ ጣ ህ
ኋ ላ ች ን
ስ ፖ ር ተ ኛ ህ
ው ጥ ኗ
ያ ሳ ይ
አ ባ ላ ታ ቸ ው
ጉ ል በ ታ ች ሁ
መ ሥ መ ሮ ቿ
እ ና ስ መ ጣ
ቤ ተ ክ ር ስ ቲ ያ ኖ ች ህ
አ ደ ነ ቀ ች
አ ዝ ነ ሻ ል
ት ዘ ን
አ ግ ብ ታ
ይ ሮ ጣ ሉ
እ ን በ ቅ ላ ለ ን
ሆ ዷ
ተ ከ ታ ት ላ ች ኋ ል
ስ ራ ዋ
መ ሥ መ ሮ ቻ ች ን
መ ላ ዋ
ሀ ኪ ሞ ቹ
አ ወ ክ ን
ዕ ት ሞ ች ዎ
ተ ጠ ን ቅ ቋ ል
ይ ያ ዝ
ይ ላ ክ
ታ ስ ገ ድ ድ
እ መ ዘ ገ ባ ለ ሁ
ሴ ራ ች ን
እ ው ነ ታ ዬ
ጨ ር ቁ
አ ስ ቆ ጥ ቷ ል
ታ ደ ን ቂ
ት ደ ር ሳ ላ ች ሁ
ስ ራ ዎ ቻ ች ሁ
ተ መ ዝ ግ ባ ች ኋ ል
ባ ሪ ዮ ች ሽ
ተ በ ል ተ ና ል
ገ ቢ ዎ ቻ ች ን
ቢ ጫ ው
ጨ ር ቆ ቹ
ወ ሰ ነ
ይ በ ከ ሉ
አ ት ር ፈ ሻ ል
ማ ኅ በ ራ ታ ች ሁ
ታ ሳ ዝ ኑ
ፉ ት ቦ ላ ቸ ው
አ ስ ጠ ጥ ቷ ል
ገ ፍ ተ ህ
ስ ሮ ቻ ች ሁ
ት ዳ ሬ
ተ ጠ ራ ጠ ሪ
ይ ደ ር ሱ
ተ ረ ቶ ቹ
ደ ን ቦ ች ሽ
መ ፈ ፀ ም
አ ው ከ ሀ ል
ኮ ን ነ ህ
ጨ ር ቅ
ተ ደ ፈ ራ ች ሁ
መ ራ ች ሁ
ጩ ኸ ት ሽ
ላ ድ ን ቅ
ያ ስ ጠ ጡ
እ ን ባ ው
አ ፍ ህ
ወ ለ ዳ ች ሁ
ይ ወ ረ ው ራ ሉ
ት ደ ር ሳ ለ ህ
በ ር ዎ
አ ዘ ን ክ
እ ን ብ ላ
ደ መ ሰ ሰ ች
ይ ከ ፈ ል
ተ ይ ዤ
ወ ስ ኖ
ጠ ባ ቂ ዎ ቹ
ማ መ ል ከ ቾ ች ዎ
ያ መ ቻ ቻ ል
እ ሥ ር ሽ
አ ሳ ል ፈ ዋ ል
ዘ ገ ቦ ቿ
ቅ ር ሳ ች ን
ተ ሸ ፍ ኖ
ኮ ን ና ች ኋ ል
አ ሳ ዘ ነ ች
ል ጠ ቃ
ተ ገ ል ጋ ይ
ይ ደ ም ስ ስ
እ ሴ ቶ ቹ
አ መ ቻ ቸ ህ
ው ጥ ን ሽ
እ ሴ ት ህ
መ ሪ ዎ
ም ግ ባ ር
ገ ቢ
ይ ጠ ጉ
እ ን ባ ዋ
አ ት ር ፈ ን
ድ ብ ደ ባ ዎ ቻ ች ሁ
ባ ሪ ዮ ቻ ች ን
እ ም ነ ታ ች ሁ
ፈ ፅ ሚ
ባ ለ ቤ ቶ ቿ
ት ወ ጪ
መ ጠ ራ ጠ ር
ል በ ከ ል
አ ይ ታ ለ ች
ላ ማ ች ሁ
አ ም ራ ቹ
ደ ን ብ ህ
አ መ ራ
ሀ ገ ሮ ች ዎ
በ ት ነ ሀ ል
ማ ስ ጠ ጣ ት
ይ ሞ ከ ር
እ ና ሳ ዝ ና ለ ን
ይ ን ገ ዱ
ይ ወ ል ድ
ው ጣ ች ኋ ል
ስ ፖ ር ተ ኞ ቻ ቸ ው
ገ ደ ለ ች
ይ ከ ብ ሩ
ዕ ት ሞ ቻ ች ን
እ ን ባ ዬ
ገ ቢ ያ ቸ ው
መ ዲ ና
አ መ ቻ ቺ
አ ሳ ይ ተ ዋ ል
ታ ሳ ዝ ን
አ ሳ ል ፍ
ተ በ ላ ሽ
ድ ም ፅ ዎ
ት ው ጣ ላ ች ሁ
ዘ ዴ ያ ች ን
ያ ተ ር ፋ ል
ኮ ን ነ ሀ ል
መ ዲ ኖ ቹ
ዕ ድ ሜ ዬ
ይ ዘ ን
ይ ገ ል ብ ጥ
ት ከ ብ ሪ
ግ ጥ ሜ
ተ ዋ ቀ ረ
ተ ት ተ ን
ሀ ኪ ሜ
እ ያ ዛ ለ ሁ
አ ት ር ፈ ህ
መ ሪ
አ ደ ነ ቃ ች ሁ
ፈ ፀ መ ች
ከ ለ ከ ለ ች
ላ ው ክ
ተ ጠ ቅ ተ ሻ ል
ሀ ገ ራ ቱ
ል ሩ ጥ
አ ቅ ም ዎ
ት ኮ ን ና ላ ች ሁ
አ ስ ገ ድ ድ
እ ባ ብ
ስ ፖ ር ተ ኛ ዎ ቻ ቸ ው
አ ዘ ን ሽ
ድ ብ ደ ባ ሽ
አ ሳ ል ፍ
ቀ ይ ረ ን
ባ ሪ ዮ ቿ
በ ሮ ቿ
ዘ ይ ቶ ቻ ች ሁ
ዘ ዴ ዎ ቻ ች ን
ዘ ገ ቦ ች ህ
ደ ር ሰ ህ
ጠ ቡ
ል ቀ ይ ር
ት መ ድ ቢ ያ ለ ሽ
ግ ፉ
እ ን ከ ታ ተ ል
ድ ብ ደ ባ
ገ ዳ ማ ት
አ ባ ል ነ ቴ
ት ወ ል ድ
ነ ፃ ነ ት ሽ
ያ ው ሩ
ደ ስ ታ
ይ ደ በ ቃ ል
ደ ን ብ ሽ
ታ ስ ገ ድ ድ
እ ን ሮ ጣ ለ ን
አ ደ ነ ቁ
ል ግ ደ ል
እ መ ድ ብ
ታ ዛ ላ ች ሁ
ይ ገ ታ
መ ጣ ች ሁ
ተ ደ ፈ ር ኩ
ፈ ፅ ሜ ያ ለ ሁ
አ ቁ ማ ዳ ው
ተ በ ከ ሉ
ተ መ ር ቼ
ደ ብ ዳ ቤ ያ ች ሁ
ተ ቀ ና ቃ ኛ ቸ ው
እ ሮ ጣ ለ ሁ
እ ን ም ራ
ማ ኅ በ ሩ
ነ ግ ጃ ለ ሁ
አ ስ መ ጥ ተ ሀ ል
ደ ስ ታ ው
ይ ተ ች
አ ፎ ቿ
ር ገ ጥ
ት ረ ግ ጡ
ግ ማ ሾ ች ሽ
ቀ ብ ር ሽ
ም ግ ባ ሮ ቼ
አ ደ ባ ባ ይ
ሳ ጥ ኖ ች ዎ
በ ር ህ
አ ሳ ዘ ን ክ
አ ዋ ር ደ ና ል
ይ ጠ ቀ ስ
ከ ፍ ታ ዎ ቹ
ተ ጠ ግ ተ ና ል
አ ው ር ተ ው
አ ስ ቆ ጣ
ይ ወ ስ ና ሉ
ጀ ር ባ ው
ሥ ን ቆ ች ህ
ኋ ላ ቸ ው
እ ን ፈ ፅ ማ ለ ን
ተ ይ ዛ ች ሁ
ይ ገ ደ ል
ታ ወ ሪ
ታ ሳ ያ ለ ች
ይ በ ት ኑ
ተ ጠ ጋ
ቢ ጫ ዎ ች
ተ በ ላ
አ ባ ሎ ቹ
ሮ ጥ ክ
አ መ ታ ዊ ዋ
ወ ስ ና ለ ች
ው ጥ ኑ
እ ጮ ኛ ዎ ቻ ች ን
ያ ው ኩ
ነ ግ ደ ና ል
ሰ ፋ ሪ ዎ ች
አ ው ኬ ያ ለ ሁ
ባ ለ ቤ ቴ
ስ ል ቻ
መ ሞ ከ ር
አ ሳ ይ ተ ሀ ል
ት ጨ ም ሪ ያ ለ ሽ
ተ ደ ፈ ር ሽ
ጥ ን ት
ተ መ ሪ
ተ ወ ጥ ቼ
ባ ሪ ዮ ቹ
ባ ለ ቤ ታ ች ን
ቀ ጭ ኑ
ያ መ ራ
ደ ን ቤ
ሮ ጠ ሻ ል
ተ ያ ዛ ች ሁ
ይ ገ ታ
ት በ ላ ለ ህ
ዋ ጣ ች ሁ
ዓ ይ ነ ቶ ች ሽ
ተ በ ክ ለ ን
ኮ ን ኖ
አ ዘ ነ
ግ ማ ሾ ቿ
ሰ ብ ራ ች ኋ ል
እ ሮ ጥ
ይ ሞ ከ ራ ል
ተ መ ዝ ግ ባ ለ ች
ግ ጥ ሚ ያ ች ሁ
አ ባ ላ ት
ታ ዝ ና ለ ህ
ገ ፆ ቼ
ወ ቀ ሳ ዎ ች ህ
በ ል ተ ን
ብ ለ ጪ
አ ደ ነ ቅ ን
ዙ ፋ ኖ ቻ ች ን
ወ ል ዳ ች ኋ ል
ተ ወ ጣ ህ
አ ወ ራ ሁ
ዘ ዴ ዎ ቻ ቸ ው
መ ስ ዋ ዕ ታ ቸ ው
ግ ል ባ ጭ
ል ደ ፈ ር
እ ና ት ህ
ስ ተ ሽ
ጨ መ ራ ች ሁ
መ ዲ ና ህ
እ ና ግ ባ
ወ ር ው ረ ህ
እ ን ላ ክ
ደ ን ቦ ች ህ
ተ ላ ክ
መ ኮ ነ ን
ይ ሞ ከ ር
ብ ድ ሩ
ት ኮ ን ን
ተ ከ ታ ተ ል ን
ነ ገ ደ ች
ታ ን ክ
ቀ የ ረ
ዘ ብ
ማ ኅ በ ራ ት ዎ
ተ ይ ዘ ሀ ል
ግ ጥ ሞ ቼ
አ ሳ ይ ቼ
እ ና ገ ባ ለ ን
ደ መ ሰ ስ ክ
ነ ህ
ተ ጠ ቁ
አ ስ ጠ ጣ ች ሁ
ነ ፃ ነ ቶ ቻ ች ሁ
ወ ቀ ሳ ዎ ቻ ቸ ው
ላ ሳ ይ
አ ዛ ለ ሁ
ተ ሰ ረ ዘ
ት መ ሪ ያ ለ ሽ
አ ባ ል ህ
ያ ግ ባ
ቀ ብ ር
አ ም ባ ቸ ው
ጀ ር ባ ሽ
መ ድ በ ሽ
ተ ደ ፈ ር
በ ረ ራ
እ ን ሰ ብ ራ ለ ን
አ ን ጋ ፋ
ሰ ነ ዱ
ም ድ ረ ዋ
ት ዘ ዝ
ይ መ ዘ ገ ባ ል
ያ ሳ ል ፋ ሉ
ማ ሬ
ይ ፈ ፅ ም
ት መ ዘ ገ ባ ለ ች
ወ ር ው ረ ሻ ል
ተ ገ ል ጋ ዮ ች
አ ወ ኩ
ት በ ሉ
ል ወ ር ው ር
ይ ከ ል ክ ሉ
ጠ ባ ቂ ዎ ቹ
ስ ተ ሀ ል
ገ ር ፈ ሻ ል
ያ መ ራ ል
ደ መ ሰ ሱ
ይ መ ዝ ገ ብ
አ ም ር ቶ
ዘ ገ ባ
ጠ ረ ጴ ዛ ዎ ቹ
አ ድ ን ቀ ሽ
ዕ ብ ሪ ታ ች ሁ
አ ዘ ዘ
እ ን ቀ ይ ር
አ ቅ ሞ ቹ
ም ሪ
አ መ ራ ሽ
ስ ራ ዎ ች ሽ
ከ በ ራ ች ሁ
ት መ ጣ
ባ ሪ ያ ዎ ቹ
ዙ ፋ ኗ
ታ ዝ
ት ተ ው
ይ ጠ ራ ጠ ራ ል
ተ ቀ ና ቃ ኛ ች ሁ
ሆ ዳ ች ን
ት መ ዘ ገ ብ
ት ኮ ን ና ለ ህ
ባ ሪ ያ ዎ ቻ ች ሁ
ሳ ተ ች
እ ን ወ ስ ን
ፍ ራ ቻ ው
ፋ ን ታ ዋ
ተ ተ ዉ
እ ን በ ቅ ል
እ ዩ
ፉ ት ቦ ሉ
ይ ወ ስ ና ል
አ ዘ ዝ ክ
መ ር ቼ
ይ በ ቅ ላ ል
ተ ደ ፍ ረ ው
ተ ቀ ና ቃ ኝ ሽ
አ ገ ዳ ቸ ው
ፈ ረ ሶ ቹ
ማ ኅ በ ራ ታ ች ን
አ ሳ ዘ ና ች ሁ
እ ን ጨ ም ር
ተ ት ታ ለ ች
ድ ም ፅ ህ
ስ ብ ሰ ባ ዎ ቻ ች ን
ተ መ ር ታ ች ሁ
ይ በ ቅ ሉ
እ ቀ ይ ር
ታ ስ መ ጪ
አ ሳ ይ ታ
አ ው ኬ
እ ን ጨ ቶ ች
ይ ጠ ጋ ሉ
በ ር
መ ሷ እ ቷ
ያ ወ ራ ሉ
ታ ስ ጠ ጡ
በ ት ኖ
አ ዝ ኗ ል
ክ በ ሩ
ቀ ል ቤ
እ ን በ ል ጥ
በ ቅ ለ ው
በ ል ታ ለ ች
ድ ብ ደ ቦ ቼ
አ ህ ጉ ሩ
እ ሴ ቶ ች
ታ ዝ ኚ
ፋ ይ ዳ ው
ወ ቀ ሶ ች ህ
ቅ ር ስ ዎ
ገ ፋ ች ሁ
ሳ ጥ ኑ
ታ መ ራ
በ ቀ ል ሽ
በ ል ጠ ህ
ተ ጠ ግ ታ
ም ድ ረ ህ
አ መ ቻ ቸ ሁ
እ ና ቲ ቱ
አ ደ ን ቃ ለ ሁ
አ ት ር ፉ
ሳ ጥ ኖ ቻ ቸ ው
ረ ገ ጥ ክ
ሀ ኪ ማ ች ሁ
ት ደ ፈ ሩ
ት ስ ማ ማ ላ ች ሁ
አ ድ ክ ሞ
ም ግ ባ ሮ ች ዎ
እ ም ነ ቶ ቻ ች ሁ
ያ ዝ ና ል
ግ ረ ፊ
ታ ወ ራ
ገ ፆ ች
እ ሴ ታ ች ን
ነ ፃ ነ ቶ ች
እ ን ባ ች ሁ
ስ ብ ሰ ባ ዎ ቻ ቸ ው
ከ ፍ ታ ው
ጦ ሟ
ው ጠ ን
ት ወ ረ ው ሪ
አ ገ ዳ ህ
አ ስ ገ ደ ድ ኩ
ፕ ሮ ግ ራ ሙ
መ ላ ዎ
አ ው ካ
ገ ር ፋ ች ሁ
ከ ል ክ ለ ው
እ ም ነ ቶ ቹ
ግ ጥ ሞ ች
ደ ረ ስ ን
እ ን ግ ዳ ዎ ቼ
አ ይ ቷ ል
ገ ቢ ዎ ች ህ
አ ዘ ና ል
ጩ ኸ ቱ
በ ሯ
ይ ስ ቱ
ጥ ቅ ሱ
እ ና ቶ ቼ
ጨ መ ረ
አ ስ ገ ደ ድ ሽ
ዕ ት ሜ
ት ላ ካ ላ ች ሁ
አ ግ ብ ተ ው
ማ መ ል ከ ቻ ዎ ቻ ች ሁ
መ ግ ደ ል
ሮ ጠ ው
ጢ ም
አ ዘ ዋ ል
መ ሥ መ ሩ
አ ባ ል ነ ት ህ
መ ን ገ ድ
ት ን ሣ ኤ ው
ሀ ገ ሮ ቼ
ሴ ራ ቸ ው
ሴ ራ ዬ
ተ ሸ ፈ ነ
ታ ሳ ይ
አ ባ ሎ ቹ
ሽ ማ ግ ሌ ዎ ቹ
ስ ተ ሻ ል
ት ገ ድ ያ ለ ሽ
ፈ ረ ሶ ች ዎ
ት በ ል ጥ
ማ ዕ ቀ ቦ ቹ
አ ን ጋ ፋ ው
ዕ ድ ሜ ያ ች ሁ
ኮ ነ ና ች ሁ
ት ገ ር ፍ
ት ከ ብ ራ ለ ች
ዘ ገ ቦ ቻ ች ን
ተ ጠ ራ ጥ ረ ው
ዘ ይ ቶ ቻ ቸ ው
በ ል ጠ ዋ ል
መ ጥ ቻ ለ ሁ
ገ ድ ለ ው
መ ዲ ና ው
ጠ ረ ጴ ዛ ዎ ቻ ች ሁ
ሽ ማ ግ ሌ
ት ያ ዢ
በ ሮ ቹ
ፉ ት ቦ ሏ
እ ን ወ ል ዳ ለ ን
አ ቁ ማ ዳ ዎ ች
ደ ቡ ቡ
ኮ ረ ብ ቶ ቹ
ይ በ ከ ላ ሉ
ፈ ረ ስ ዎ
ረ ግ ጠ ሻ ል
አ ስ ገ ድ ደ ው
ቀ ላ
እ ን ግ ዶ ቻ ቸ ው
ው ጥ ኖ ቻ ች ሁ
ይ ሰ ረ ዝ
ት ፈ ፅ ም
መ ጥ ታ ለ ች
ተ በ ክ ያ ለ ሁ
አ ቅ ሞ ቹ
አ ሣ ሣ ቢ ው
ገ ፆ ች ህ
ማ ኅ በ ሮ ቹ
ት ያ ዛ ላ ች ሁ
እ ን መ ራ ለ ን
ሩ ጡ
ተ ል ካ
ያ ት ር ፍ
መ ጡ
ረ ግ ጠ ና ል
መ ሥ መ ሮ ች
ገ ፍ ተ ሽ
ተ ሞ ከ ረ
ታ ዝ ና ለ ች
ወ ቀ ሶ ቹ
እ ሴ ታ ች ሁ
እ ን ደ ፈ ር
ት ጠ ጋ ለ ህ
ተ ጠ ቅ ሷ ል
ት ሰ ብ ር
ት ጠ ቂ ያ ለ ሽ
ሽ ማ ግ ሌ ሽ
በ ል ጠ ሀ ል
ታ ሳ ል ፍ
ተ በ ከ ል ን
ደ ር ሷ ል
አ ም ባ ው
እ ጮ ኛ ዎ
ት ስ በ ር
መ ር ታ ች ኋ ል
አ ሳ ለ ፍ ሽ
ጭ ን ቀ ቷ
ም ድ ራ ቸ ው
ት ሮ ጥ
ታ ስ ገ ድ ጃ ለ ሽ
ተ ቀ ር ቷ ል
ያ ሳ ል ፍ
ሮ ጣ ች ሁ
ቀ ዝ ቃ ዛ ዋ
ም ድ ራ ች ን
እ ን ግ ዳ ህ
አ ም ባ ዎ ቹ
አ ክ ሲ ዮ ን
ወ ቀ ሳ ዎ ቹ
ሳ ት ኩ
ነ ገ ደ
ጉ ል በ ት ሽ
እ ስ ታ ለ ሁ
ባ ሪ ያ ዎ ች ሽ
አ ም ቦ ቿ
ደ ር ሰ ዋ ል
ት ተ ዊ ያ ለ ሽ
መ ጣ
ር ገ ጪ
ጠ ብ ህ
ት ቀ ይ ሩ
ተ ል ከ ና ል
ተ ያ ዝ ክ
ው ጠ ህ
ጉ ዱ
አ ገ ባ ለ ሁ
መ ዲ ና ች ን
አ ሳ ዝ ና ለ ች
ክ ሊ ኒ ክ
ታ ዋ ር ጂ
ጠ ባ ቂ ው
እ ን ግ ዶ ች ዎ
ታ ሳ ዩ
አ ቅ ማ ቸ ው
ት በ ል ጣ ላ ች ሁ
ጸ ጥ ታ ቸ ው
ጨ ካ ኞ ች
ት ከ ል ክ ል
ት መ ራ ለ ህ
ድ ም ፅ
ይ ጨ ም ር
እ ን ስ ታ ለ ን
ታ ው ካ ላ ች ሁ
ይ ዩ
ተ ጠ ቅ ተ ህ
እ ኩ ሉ
ሰ ብ ራ ለ ች
ነ ፃ ነ ቴ
ግ ጥ ሚ ያ ቸ ው
ት ጨ ም ር
ሀ ገ ራ ች ሁ
ት ደ ር ስ
ጠ ር ዝ
ሀ ኪ ሞ ቻ ቸ ው
ድ ብ ደ ባ ዎ ቻ ች ን
ት ቀ ይ ራ ለ ህ
ይ ወ ጣ
አ ሳ ዝ ን
ገ ር ፈ ሀ ል
እ ጮ ኞ ቼ
ሽ ማ ግ ሌ ዎ ቼ
ማ ወ ክ
አ መ ቻ ች ተ ሽ
ማ መ ል ከ ቾ ቻ ች ን
ከ ፍ ተ ኛ ው
ስ ራ ህ
ዘ ዴ ዎ ቿ
ተ ጠ ጋ ሁ
አ ሳ ል ፋ ለ ች
ማ ስ መ ጣ ት
ሽ ማ ግ ሌ ያ ች ሁ
እ ው ነ ቶ ቻ ች ሁ
እ ጮ ኞ ቻ ች ን
ስ ተ ዋ ል
ረ ግ ጠ ው
ት ጠ ጋ ለ ች
መ ራ ን
አ ስ ች ሎ
ያ ም ራ ል
ስ ራ ዋ
አ ው ከ ዋ ል
ከ በ ር ን
አ ክ ሲ ዮ ኑ
ግ ጥ ሚ ዮ ች ህ
ቅ ዱ ሶ ች
ስ ራ ዎ ች ህ
ው ጠ ና ል
ተ መ ሩ
መ ሥ መ ሮ ቹ
እ ና መ ራ ለ ን
መ ደ ቡ
ይ ው ጣ ል
ጀ ማ ሪ
ዘ ገ ባ ዎ ቻ ች ን
ይ ጨ ም ሩ
ገ ር ፌ
በ ሮ ቹ
ተ ተ ዉ
አ ም ር ቷ ል
ይ በ ቅ ላ ሉ
ተ ጠ ራ ጥ ራ
ቀ ል ቧ
ይ ቋ ቋ ም
ገ ፍ ተ ን
እ ሳ ቱ
ያ ስ ቆ ጣ
አ ደ ን ቅ
ከ ል ኪ ዪ
ተ ጠ ቅ ቻ ለ ሁ
ተ ደ ፍ ሯ ል
ደ ም ስ ሰ ሻ ል
አ ፍ ሽ
ተ ጠ ቀ ሰ
መ ነ ፅ ሩ
ው ጥ ና ቸ ው
አ ም ሮ
ጸ ሎ ቴ
ፕ ሮ ግ ራ ሜ
እ ጮ ኞ ቻ ቸ ው
ፕ ሮ ግ ራ ሞ ች ሽ
ይ በ ከ ል
ከ ል ክ ላ ች ሁ
ይ ወ ር ው ር
ት ሮ ጫ ለ ሽ
እ በ ል ጣ ለ ሁ
ቅ ር ሱ
ላ ሜ
ያ ት ር ፉ
ጦ ም ሽ
አ ው ር ተ ዋ ል
ፍ ራ ቻ ቸ ው
እ ን ከ ታ ተ ል
አ ሳ ዘ ነ
ከ ፍ ቶ ቹ
ስ ብ ሰ ባ ች ሁ
ታ ደ ን ቅ
ገ ር ፋ ለ ች
አ ይ
ተ ደ ብ ቋ ል
ማ ራ ች ን
እ ን ስ ማ ማ ለ ን
እ ን ከ ለ ክ ላ ለ ን
መ ም ጣ ት
ቅ ር ሱ
አ ስ መ ጥ ተ ን
እ ና ወ ራ
ጠ ባ ቂ ዎ ች ህ
ጉ ል በ ት
ዕ ድ ሜ ዎ
ተ ወ ጣ ች ሁ
ይ ፈ ፅ ም
እ ሥ ሩ
አ ው ከ ው
ገ ፍ ቻ ለ ሁ
እ ን ጠ ራ ጠ ር
ገ ፁ
ስ ራ ቸ ው
ደ ን ብ
እ ን ግ ረ ፍ
ብ ላ
መ ሥ መ ሯ
መ ሪ ዎ ች ሽ
ተ መ ዘ ገ በ
አ ስ መ ጥ ተ ና ል
ነ ገ ዳ ች ሁ
ፉ ት ቦ ል
ደ ስ ታ ሽ
አ ባ ላ ች ሁ
እ ጮ ኛ ህ
ገ ል ብ ጧ ል
ወ ቀ ሳ ሽ
ማ መ ል ከ ቻ ዎ ቿ
ተ ረ ት
አ ባ ል ነ ት
ቤ ተ ክ ር ስ ቲ ያ ኒ ቱ
ስ ፖ ር ተ ኞ ች ሽ
መ ክ በ ር
መ ያ ዣ ዎ ች
ተ ደ ፍ ረ ና ል
ዘ ገ ቦ ቼ
መ ሥ መ ሮ ች ሽ
ማ መ ል ከ ቻ ች ን
ው ጠ ሀ ል
ደ ም ስ ሼ
ወ ፍ
አ ቅ ሟ
መ ር ቶ
ት ረ ግ ጣ ላ ች ሁ
ባ ሪ ያ ው
ወ ለ ደ
ይ ጠ ን ቀ ቅ
ሙ ዚ ቃ ዎ ቹ
ፕ ሮ ግ ራ ሞ ቻ ቸ ው
ጭ ን ቀ ት ዎ
እ ና ዝ ና ለ ን
ተ ተ ወ
ት መ ራ
እ ና ቶ ቹ
ፕ ሮ ግ ራ ም
እ ው ነ ቶ ቹ
እ ን ደ መ ስ ስ
ግ ጥ ሚ ያ ዎ ቿ
አ ግ ቢ
ታ መ ቻ ቺ
አ ድ ን ቅ
አ ው ከ ሻ ል
ሰ ው ነ ቷ
ላ ሞ ች ህ
ይ ስ ት
አ ይ ተ ዋ ል
እ ን ከ ለ ክ ል
ሮ ጡ
ም ግ ባ ሯ
አ ት ር ፋ
ቀ ይ ረ ህ
ዘ ቦ ች
ግ ጥ ሚ ያ ዎ ች ዎ
ይ ገ ር ፉ
ይ ገ ደ ላ ል
ወ ቀ ሳ
እ ን ሮ ጥ
አ ስ መ ጣ ሁ
ፕ ሮ ግ ራ ሞ ች
አ ስ ገ ድ ጃ ለ ሁ
ታ ው ካ ለ ህ
ማ ኅ በ ራ ት ህ
መ ራ ሽ
በ ል ታ ች ኋ ል
ከ ብ ሮ
እ ና ቶ ች ዎ
ይ ጠ ራ ጠ ር
ት በ ት ኚ
ደ ር ሳ ች ኋ ል
ዘ ይ ቶ ች ሽ
አ ስ ገ ድ ዳ ለ ሁ
ተ ጠ ራ ጥ ራ ች ኋ ል
ዕ ት ሞ ች ሽ
መ ዓ ቱ
ታ ላ ቃ ች ን
ያ ው ራ
ጥ ቅ ስ
ታ ሳ ያ ለ ህ
ተ ወ ጣ ች
ጭ ን ቀ ት ህ
ወ ቀ ሳ ዎ ች ዎ
ይ ወ ጡ
አ ወ ራ ች
ቅ ዱ ስ
አ ድ ን ቀ ና ል
እ ና ታ ች ሁ
ሰ ነ ዶ ቿ
ያ ሰ ኛ ል
ተ መ ዝ ግ ባ ች ሁ
ሳ ጥ ኖ ች ህ
ቤ ተ ክ ር ስ ቲ ያ ኖ ች ዎ
አ ዛ ች ሁ
አ ም ባ ዎ
ታ ሳ ል ፊ ያ ለ ሽ
ሮ ጣ ለ ች
አ ግ ብ ታ ች ሁ
አ ስ ጨ ል ሞ
አ ደ ከ መ
ጠ ረ ጴ ዞ ቿ
እ ሳ ት
ጀ ማ ሪ ው
በ ቀ ሉ
ም ግ ባ ር ዎ
ተ መ ራ ን
ይ ከ ፈ ል
አ ሳ ለ ፍ ኩ
አ ም ሪ
እ ጮ ኛ ዬ
ት ከ ብ ር
መ ላ ዎ ቹ
ብ ድ ሩ
በ ል ጧ ል
መ ጠ ቀ ስ
ይ መ ጣ ሉ
እ ና ቶ ቻ ች ን
ተ ደ ብ ቆ
ሰ ብ ሯ ል
አ ም ር ታ ች ኋ ል
ታ ሳ ዝ ና ለ ህ
መ ጥ ተ ሻ ል
እ ን በ ል ጣ ለ ን
ፈ ፅ መ ሀ ል
ታ ደ ን ቁ
ገ ፍ ቶ
ፍ ራ ቻ ች ን
አ ም ር ቻ ለ ሁ
አ ቅ ሙ
ሽ ማ ግ ሌ ዎ ቿ
አ ም ባ ዎ ች
አ ሳ ዝ ና ች ሁ
አ ዘ ዝ ኩ
ይ መ ራ ሉ
ት ጨ ም ር
መ ጠ ጋ ት
እ ም ነ ቶ ች ዎ
መ ሥ መ ሮ ቹ
ብ ቀ ል
ነ ን
ተ በ ክ ለ ሽ
ሰ ይ ጣ ኖ ቹ
ግ ጥ ሞ ቻ ች ን
ተ በ ክ ለ ዋ ል
ት ከ ለ ክ ል
ፀ ድ ቆ
መ ድ ብ
ት በ ያ ለ ሽ
አ ስ ገ ድ ደ ሀ ል
ዘ ይ ት ህ
አ ስ መ ጥ ተ ው
አ ቅ ሞ ች ህ
ቀ ይ ራ ለ ች
መ ገ ደ ል
ድ ም ፄ
ጸ ሎ ት ሽ
ተ ወ ጥ ተ ሽ
ፕ ሮ ግ ራ ሞ ች ዎ
ኮ ን ነ ው
ስ ብ ሰ ቦ ቻ ቸ ው
ተ በ ክ ዬ
እ ና ቶ ቹ
ባ ሪ ያ ሽ
እ በ ቅ ላ ለ ሁ
በ ተ ነ ች
በ ቅ ለ ሻ ል
ላ መ ቻ ች
ገ ደ ላ ች ሁ
ቀ ይ ሬ ያ ለ ሁ
ት ው ጥ
መ ዲ ና ዋ
አ ፋ ፍ
ድ ም ፆ ች ሽ
ት በ ል ጥ
እ ን ደ ር ሳ ለ ን
ገ ፍ ታ ለ ች
ዘ ገ ቦ ች ሽ
ት ከ ለ ክ ያ ለ ሽ
ወ ረ ወ ሩ
ይ ወ ረ ው ራ ል
ት መ ዘ ገ ቢ ያ ለ ሽ
ሥ ን ቃ ች ን
ይ በ ል ጣ ሉ
ዕ ት ሞ ች ህ
ከ ል ክ ለ ዋ ል
ገ ደ ል ኩ
ይ ከ ለ ክ ላ ሉ
እ ና ተ ር ፋ ለ ን
እ ላ ካ ለ ሁ
ሰ በ ራ ች ሁ
ወ ቀ ሳ ዎ ቿ
ወ ስ ኗ ል
እ ን ብ ቀ ል
አ ድ ን ቃ ች ኋ ል
ይ በ ላ
መ ሎ ቹ
