ደ ስ ታ ዎ
ቀ ዝ ቃ ዛ ይ ቱ
አ ዝ ና ለ ች
ቅ መ ም
ስ ብ ሰ ባ ዎ
መ ላ ች ሁ
መ ሰ ረ ታ ዊ
ጃ ፓ ኖ ቹ
ሰ በ ር ኩ
ው ጠ ሻ ል
ሳ ጥ ኖ ቻ ች ሁ
ም ስ ራ ቁ
ሀ ገ ሬ
ይ ሰ ረ ዛ ል
እ ጮ ኞ ቻ ች ሁ
ይ በ ላ ል
ሰ ይ ጣ ን
እ ባ ቦ ቹ
ት ድ ረ ስ
ት ሩ ጥ
አ ግ ቡ
አ ደ ባ ባ ይ ዋ
ባ ለ ቤ ት ሽ
ቅ ር ጾ ቿ
ዘ ገ ባ ዎ ች ህ
ክ ፈ ፉ
ገ ፅ ዎ
ይ ሳ ቱ
ማ መ ል ከ ቻ ዎ ች ሽ
ተ ጠ ጉ
ጭ ን ቀ ታ ቸ ው
ይ ም ጡ
ይ ቀ ይ ር
ይ ገ ፋ ል
አ ዋ ረ ድ ን
ግ ጥ ም ህ
ኋ ላ ው
ቅ ር ሶ ች ሽ
ፈ ፅ ማ ች ሁ
ተ ሰ ር ዟ ል
ጭ ን ቀ ት
እ ው ነ ቶ ች ህ
ፈ ፅ መ ሻ ል
ት ገ ድ ሉ
ነ ፃ ነ ታ ች ን
ተ ገ ል ጋ ዩ
ዳ ዎ ች
ም ግ ባ ሬ
አ ሳ የ ሁ
ታ ሳ ል ፍ
ነ ኝ
ማ መ ል ከ ቾ ቻ ቸ ው
መ ላ ዬ
ቤ ተ ክ ር ስ ቲ ያ ን
ታ ው ኪ
ት ገ ድ ላ ለ ህ
ማ ር ሽ
በ ለ ጠ
አ ው ር ቼ
ሠ ው ነ ቱ
ተ ስ ማ ም ተ ና ል
ት ኮ ን ን
ታ ው ራ
ግ ዙ ፍ
ተ ጠ ቃ ህ
አ ይ ቼ
ወ ረ ወ ር ሽ
መ ድ ባ ለ ች
አ ዘ ዘ ች
ወ ቀ ሶ ች ሽ
ግ ድ ቦ ቹ
ተ ደ ፈ ሩ
ዘ ይ ቷ
ይ ደ ር ሳ ሉ
ግ ፈ ኛ
ተ ጠ ጋ ች
እ ሴ ቶ ቻ ች ሁ
በ ተ ነ
ዓ ይ ነ ት
ይ ሰ ብ ራ ል
ሞ ያ ው
ያ ወ ሩ
ታ ሳ ዝ ኚ
ኋ ላ ች ሁ
ደ ም ስ ሳ ች ሁ
እ ተ ዋ ለ ሁ
ማ ሳ ጣ ት
ታ ላ ቅ ሽ
ግ ጥ ሚ ያ ዎ ቻ ቸ ው
መ ር ቷ ል
ተ በ ከ ለ ች
አ የ ህ
አ መ ታ ዊ ው
ት በ ቅ ል
ረ ግ ጣ ች ኋ ል
ኮ ን ና ች ሁ
ታ ላ ቆ ቻ ቸ ው
ያ ሳ ያ ል
ስ ራ ው
ያ ስ ች ል
