ወ ስ ነ ህ
መ ስ ዋ ዕ ቴ
በ ሮ ች ሽ
ዘ ይ ቱ
ል ዋ ጥ
ይ ገ ደ ል
አ ዝ ነ ሀ ል
በ ሬ
አ ዝ ነ ና ል
ወ ስ ነ ሻ ል
ጨ ም ሩ
ይ በ ከ ላ ል
ት ው ጫ ለ ሽ
እ ም ነ ቶ ቿ
ፈ ፀ መ
ቀ ል ቡ
ገ ቢ ዋ
ሥ ን ቅ
ት ላ ኪ
ወ ር ው ሬ ያ ለ ሁ
ብ ድ ር
ል ከ ል ክ ል
ተ በ ል ታ
ሆ ዳ ቸ ው
ይ ከ ለ ክ ሉ
ት ወ ረ ው ራ ለ ች
ሰ ነ ዳ ች ን
በ ል ጠ ን
አ ስ መ ጥ ታ ች ሁ
ደ ር ሰ ን
ሳ ጥ ኖ ቹ
እ ን ዘ ዝ
መ ድ በ ን
ል ጨ ም ር
ገ ፆ ቻ ቸ ው
ጉ ል በ ቶ ቹ
ተ ለ ጣ ፊ
ግ ማ ሹ
አ ሳ ይ ታ ለ ች
ገ ዳ ሙ
ድ ብ ደ ባ ዎ ች ህ
እ ና ደ ን ቃ ለ ን
እ ከ ለ ክ ል
አ ሳ ዘ ኑ
አ ህ ጉ ራ ች ሁ
ያ ዋ ር ዳ ሉ
ቅ ጠ ሏ
ይ ቀ ራ ል
ሰ ነ ድ ዎ
ዓ ይ ነ ቶ ቹ
አ ም ባ ዎ ቻ ች ን
ሰ ለ ቦ ች
ታ ላ ቆ ቹ
እ መ ጣ
ጨ ም ሯ ል
ስ ፖ ር ተ ኛ ዎ ቹ
ይ ው ጡ
ቅ ር ሶ ቻ ች ሁ
ወ ፉ
አ ድ ን ቄ
ት ክ በ ር
ት ስ ታ ላ ች ሁ
ደ ረ ሱ
ደ ብ ዳ ቤ ዎ ች ህ
አ ባ ላ ት ህ
ት ጠ ራ ጠ ራ ለ ህ
በ ሮ ች
ተ ገ ድ ሏ ል
ይ ገ ለ ብ ጥ
ሥ ን ቅ ሽ
ገ ድ ለ ሀ ል
አ ሳ ዩ
በ ት ነ ሽ
ት ወ ል ጃ ለ ሽ
ተ ይ ዘ ሻ ል
ም ድ ራ ች ሁ
አ ባ ል ነ ታ ች ን
ጨ መ ር ን
ረ ግ ጠ ሀ ል
ገ ረ ፍ ሽ
እ ው ነ ታ
ወ ል ዷ ል
ተ በ ከ ዪ
ተ ተ ው ኩ
ኋ ላ ዬ
አ ተ ረ ፍ ሽ
ሰ ነ ዷ
ጉ ዴ
ት ላ ክ
ተ ለ ጣ ፊ ው
ተ ቀ ና ቃ ኝ
ታ ስ ጠ ጣ ለ ህ
አ መ ቻ ች ቻ ለ ሁ
ል መ ራ
ወ ሰ ን ን
ተ ተ ው ን
አ ም ባ ዎ ቹ
በ ሯ
ባ ሪ ያ ዋ
እ ና ሳ ዝ ን
