ዘ ገ ባ ች ን
ታ ዣ ለ ሽ
ሴ ሮ ቼ
ት ር ገ ጥ
መ ሎ ቻ ች ሁ
እ በ ቅ ል
ያ ስ ጠ ጣ
እ ከ ብ ራ ለ ሁ
እ ን ጠ ጋ
ባ ለ ቤ ቶ ች ሽ
አ ድ ን ቋ ል
ሠ ው ነ ት ህ
ግ ጥ ሚ ያ ዎ
አ ደ ባ ባ ዮ ች
ቅ ድ ስ ት
ይ ተ ዉ
ተ ት ተ ሻ ል
ተ ት ተ ዋ ል
ገ ቢ ዋ
አ ን ጋ ፎ ች
ተ በ ክ ለ ው
ይ ገ ፋ ሉ
ፉ ት ቦ ል ሽ
ል ብ ላ
ዋ ጥ ኩ
ተ ወ ጣ ሽ
ደ ረ ስ ኩ
ወ ረ ወ ራ ች ሁ
ገ ቢ ዎ ቻ ች ሁ
ያ ድ ን ቁ
ገ ፍ ታ ች ኋ ል
አ ሳ ይ ተ ሻ ል
ይ ኮ ን ን
ዋ ጥ
ነ ፃ ነ ቶ ቿ
ት መ ጣ ለ ች
ተ በ ላ ች ሁ
ተ ል ካ ለ ች
በ ል ቷ ል
ት ደ መ ስ ሻ ለ ሽ
ግ ማ ሾ ች ህ
ገ ቢ ዎ ች ሽ
ወ ቀ ሳ ህ
ዕ ብ ሪ ት
ድ ም ፆ ች ህ
ከ በ ር ክ
እ ን ግ ዳ ው
ሰ ማ ዮ ች
ግ ጥ ሟ
አ ቁ ማ ዳ
ተ ቀ ና ቃ ኜ
አ ሣ ሣ ቢ
ሱ ባ ዔ ው
ሀ ገ ር
አ መ ቻ ች ተ ና ል
አ መ ራ
ተ መ ዝ ግ ባ
እ ጮ ኞ ቹ
ዕ ጣ ን
ቅ ር ጽ ሽ
ዘ ዴ ዎ ች ህ
ያ ዛ ሉ
እ ው ነ ታ ዎ ቼ
ው ለ ታ
ጠ ባ ቂ ዬ
ት መ ራ ለ ች
መ ሥ መ ራ ች ን
እ ው ነ ቶ ቼ
ጉ ዳ ች ሁ
ዘ ገ ባ ዎ ቻ ች ሁ
አ ገ ዳ ው
አ ስ ጠ ጡ
ረ ገ ጥ ሽ
መ በ ከ ል
ታ ዝ ን
እ ጮ ኞ ች ሽ
ስ ፖ ር ተ ኛ ው
አ ዋ ረ ደ ች
አ ስ ጠ ጥ ተ ን
እ ና መ ራ
ታ መ ቻ ች
ሰ ው ነ ታ ቸ ው
አ መ ቻ ች
አ ገ ቡ
ሴ ራ ዎ ች ዎ
ም ግ ባ ራ ች ሁ
ተ በ ላ ህ
ድ ብ ደ ባ ዎ ች ሽ
ሴ ራ ዎ ቻ ቸ ው
ሳ ጥ ኑ
ሰ ነ ዳ ቸ ው
ጠ ረ ጴ ዞ ቻ ች ን
ና ሙ ና ዎ ች
ት ከ ታ ተ ላ ላ ች ሁ
ት ኮ ን ና ለ ች
ሠ ይ ጣ ን
በ ሮ ቼ
አ መ ቻ ች ተ ህ
ዋ ጡ
ጉ ድ ህ
