ደ ን ቦ ቹ
መ ሷ እ ት ህ
ዕ ት ሞ ቹ
ስ ተ ህ
ም ስ ኪ ኑ
ፕ ሮ ዤ ዎ ች
ሰ ብ ረ ን
እ ና ቶ ች ሽ
ሽ ማ ግ ሌ ዋ
ቅ ር ስ ሽ
ይ ወ ጣ ል
ባ ሪ ያ ዎ ቼ
እ ን ው ጣ ለ ን
ሀ ኪ ም ዎ
ታ ስ መ ጡ
መ ጨ መ ር
ከ ል ክ ላ
ተ ከ ታ ት ለ ዋ ል
ታ ገ ባ ላ ች ሁ
ተ በ ል ተ ሽ
አ ስ መ ጥ ቼ
ት ሮ ጪ
ት ጨ ም ራ ለ ች
ተ ል ከ ን
አ ስ ገ ደ ድ ክ
ታ መ ቻ ቻ ላ ች ሁ
ሮ ጠ ን
ድ ብ ደ ባ ው
አ ም ባ ዎ ቻ ቸ ው
ግ ጥ ሚ ዮ ቿ
እ ና ስ ጠ ጣ
ግ ጥ ሚ ያ ዎ ች ሽ
ድ ብ ደ ባ ቸ ው
ስ ብ ሰ ባ ዎ ቻ ች ሁ
ያ ሳ ዝ ኑ
አ ፋ ች ሁ
ወ ር ው ረ ሽ
ደ ብ ዳ ቤ ዎ ቿ
ይ ገ ድ ላ ሉ
ይ ገ ር ፋ ል
ድ ብ ደ ባ ው
ዘ ይ ቶ ቼ
መ ሷ እ ት ሽ
ፍ ር ስ ራ ሾ ቹ
ፈ ፅ ሜ
ፕ ሮ ግ ራ ማ ቸ ው
ቤ ተ ክ ር ስ ቲ ያ ኖ ች
አ ዘ ሽ
ስ ቶ
አ ሳ ይ ተ ን
መ ገ ል በ ጥ
ገ ፃ ች ን
ተ በ ል ተ ህ
መ ጥ ተ ና ል
እ ን በ ላ ለ ን
ቀ ል ቶ
ያ ሳ ጣ
መ ከ ል ከ ል
ታ ገ ባ
ዘ ይ ቶ ቿ
ተ መ ዘ ገ ብ ክ
እ ው ነ ታ ው
ደ ብ ዳ ቤ ሽ
አ ሳ ዘ ን ን
ፈ ረ ሳ ች ሁ
አ ባ ል
መ ድ በ ሀ ል
እ ን ጠ ራ ጠ ራ ለ ን
ት ግ ፋ
አ ገ ዳ ች ን
ተ ለ ጣ ፊ ዎ ች
ተ ስ ማ ሙ
ብ ድ ራ ቸ ው
እ ሥ ራ ቸ ው
እ ፈ ፅ ም
እ ና ሳ ይ
መ ደ ም ሰ ስ
ጠ ባ ቅ ያ ች ሁ
ት ወ ጣ
ይ ያ ዙ
ከ ል ክ ለ ሀ ል
ተ ቀ ና ቃ ኞ ች ዎ
መ በ ተ ን
ት ጠ ራ ጠ ር
ው ለ ድ
ቅ ር ጽ ህ
ት በ ቅ ዪ
ታ ገ ባ ለ ች
ረ ግ ጫ ለ ሁ
ከ ል ክ ለ ሽ
ይ ስ ታ ል
ያ ወ ራ ል
ፈ ፅ መ ን
ያ ሳ ጣ ል
በ ሉ
ይ ጠ ቃ ሉ
ዕ ብ ሪ ት ህ
አ ስ ገ ድ ደ ን
ታ ገ ባ
በ ት ን
