ገ ድ ላ ች ሁ
ስ ራ ዎ
ከ ል ክ ላ ለ ች
ወ ቀ ሳ ዎ ቼ
ዓ ይ ነ ቶ ቿ
ደ ስ ታ ዬ
እ ረ ግ ጣ ለ ሁ
ነ ገ ድ ን
አ ዳ ራ ሽ
እ ና ድ ን ቅ
አ ዋ ር ዳ ች ሁ
ታ ዋ ር ድ
ወ ቀ ሶ ቹ
ሳ ጥ ን ዎ
እ ን ኮ ን ና ለ ን
ኋ ላ ዎ
ጠ ረ ጴ ዞ ች ዎ
እ ና ስ ጠ ጣ ለ ን
እ ጠ ቃ ለ ሁ
አ ባ ላ ቸ ው
አ ስ ጠ ጣ
ግ ፈ ኛ ዋ
ነ ፃ ነ ቱ
ተ መ ር ቻ ለ ሁ
ነ ው
ተ መ ር ተ ሻ ል
ተ ደ ፍ ሬ ያ ለ ሁ
አ ም ባ ሽ
ሣ ም ን ታ ት
ት ነ ግ ጂ
ስ ሮ ቼ
ስ ብ ሰ ባ ው
ግ ጥ ሚ ያ ው
ጀ ር ባ ቸ ው
ጭ ቃ
ዓ ይ ነ ቴ
አ ፏ
ዋ ጥ ክ
እ ጮ ኞ ቿ
አ ተ ረ ፈ
ና ች ኍ
ተ ቀ ማ ጮ ች
ቀ ብ ር ህ
ቅ ር ጾ ቹ
ክ ሊ ኒ ኩ
ጠ ር ዞ ች
እ ን ያ ዝ
ይ ይ
ዕ ድ ሜ ሽ
መ ስ ማ ማ ት
አ ይ ተ ው
ተ ጠ ቅ ተ ዋ ል
ጩ ኸ ታ ቸ ው
አ ስ መ ጥ ተ ሻ ል
መ ሥ መ ሮ ች ህ
ሀ ገ ሩ
ቅ ር ሶ ቼ
አ ህ ጉ ር
እ ጠ ራ ጠ ራ ለ ሁ
ጠ ባ ቂ ዎ ቻ ች ን
ተ መ ዘ ገ ብ ን
እ ን ም ጣ
ሀ ገ ሯ
ጨ መ ር ኩ
በ ል ጣ ች ኋ ል
ይ ከ ታ ተ ሉ
አ ሞ ራ ዎ ች
ት በ ከ ላ ለ ች
እ ያ ዝ
እ ሴ ት
ያ ሳ ል ፋ ል
አ ገ ባ ች
ከ ል ክ ሉ
ያ ተ ር ፍ
ቅ ር ጽ
ተ በ ከ ል ሽ
ሰ ው ነ ታ ች ን
አ ው ር ተ ህ
ነ ፃ ነ ታ ች ሁ
መ ሪ ው
ተ ደ ፍ ረ ሽ
ት ኮ ን ኚ
እ ን በ ት ን
ተ ት ቷ ል
ቀ ጫ ጭ ኑ
አ ዘ ሻ ል
እ ን ወ ረ ው ራ ለ ን
ተ ተ ች ቶ
ወ ቀ ሳ ዎ ቻ ች ን
አ ህ ጉ ር ህ
ት ይ
ተ ል ከ ሻ ል
ም ስ ኪ ኖ ች
ገ ፍ ቼ
እ ጮ ኛ
ሰ በ ር ሽ
ወ ለ ደ ች
ጨ መ ር ክ
ማ ት ረ ፍ
ጀ ማ ሪ ዎ ች
