ተ ጠ ቅ ቻ ለ ሁ
ተ ደ ፍ ሯ ል
ደ ም ስ ሰ ሻ ል
አ ፍ ሽ
ተ ጠ ቀ ሰ
መ ነ ፅ ሩ
ው ጥ ና ቸ ው
አ ም ሮ
ጸ ሎ ቴ
ፕ ሮ ግ ራ ሜ
እ ጮ ኞ ቻ ቸ ው
ፕ ሮ ግ ራ ሞ ች ሽ
ይ በ ከ ል
ከ ል ክ ላ ች ሁ
ይ ወ ር ው ር
ት ሮ ጫ ለ ሽ
እ በ ል ጣ ለ ሁ
ቅ ር ሱ
ላ ሜ
ያ ት ር ፉ
ጦ ም ሽ
አ ው ር ተ ዋ ል
ፍ ራ ቻ ቸ ው
እ ን ከ ታ ተ ል
አ ሳ ዘ ነ
ከ ፍ ቶ ቹ
ስ ብ ሰ ባ ች ሁ
ታ ደ ን ቅ
ገ ር ፋ ለ ች
አ ይ
ተ ደ ብ ቋ ል
ማ ራ ች ን
እ ን ስ ማ ማ ለ ን
እ ን ከ ለ ክ ላ ለ ን
መ ም ጣ ት
ቅ ር ሱ
አ ስ መ ጥ ተ ን
እ ና ወ ራ
ጠ ባ ቂ ዎ ች ህ
ጉ ል በ ት
ዕ ድ ሜ ዎ
ተ ወ ጣ ች ሁ
ይ ፈ ፅ ም
እ ሥ ሩ
አ ው ከ ው
ገ ፍ ቻ ለ ሁ
እ ን ጠ ራ ጠ ር
ገ ፁ
ስ ራ ቸ ው
ደ ን ብ
እ ን ግ ረ ፍ
ብ ላ
መ ሥ መ ሯ
መ ሪ ዎ ች ሽ
ተ መ ዘ ገ በ
አ ስ መ ጥ ተ ና ል
ነ ገ ዳ ች ሁ
ፉ ት ቦ ል
ደ ስ ታ ሽ
አ ባ ላ ች ሁ
እ ጮ ኛ ህ
ገ ል ብ ጧ ል
ወ ቀ ሳ ሽ
ማ መ ል ከ ቻ ዎ ቿ
ተ ረ ት
አ ባ ል ነ ት
ቤ ተ ክ ር ስ ቲ ያ ኒ ቱ
ስ ፖ ር ተ ኞ ች ሽ
መ ክ በ ር
መ ያ ዣ ዎ ች
ተ ደ ፍ ረ ና ል
ዘ ገ ቦ ቼ
መ ሥ መ ሮ ች ሽ
ማ መ ል ከ ቻ ች ን
ው ጠ ሀ ል
ደ ም ስ ሼ
ወ ፍ
አ ቅ ሟ
መ ር ቶ
ት ረ ግ ጣ ላ ች ሁ
ባ ሪ ያ ው
ወ ለ ደ
ይ ጠ ን ቀ ቅ
ሙ ዚ ቃ ዎ ቹ
ፕ ሮ ግ ራ ሞ ቻ ቸ ው
ጭ ን ቀ ት ዎ
እ ና ዝ ና ለ ን
ተ ተ ወ
ት መ ራ
እ ና ቶ ቹ
ፕ ሮ ግ ራ ም
እ ው ነ ቶ ቹ
እ ን ደ መ ስ ስ
ግ ጥ ሚ ያ ዎ ቿ
አ ግ ቢ
ታ መ ቻ ቺ
አ ድ ን ቅ
አ ው ከ ሻ ል
ሰ ው ነ ቷ
ላ ሞ ች ህ
ይ ስ ት
አ ይ ተ ዋ ል
እ ን ከ ለ ክ ል
ሮ ጡ
ም ግ ባ ሯ
አ ት ር ፋ
ቀ ይ ረ ህ
ዘ ቦ ች
ግ ጥ ሚ ያ ዎ ች ዎ
ይ ገ ር ፉ
ይ ገ ደ ላ ል
ወ ቀ ሳ
እ ን ሮ ጥ
አ ስ መ ጣ ሁ
ፕ ሮ ግ ራ ሞ ች
አ ስ ገ ድ ጃ ለ ሁ
ታ ው ካ ለ ህ
ማ ኅ በ ራ ት ህ
መ ራ ሽ
በ ል ታ ች ኋ ል
ከ ብ ሮ
እ ና ቶ ች ዎ
ይ ጠ ራ ጠ ር
ት በ ት ኚ
ደ ር ሳ ች ኋ ል
ዘ ይ ቶ ች ሽ
አ ስ ገ ድ ዳ ለ ሁ
ተ ጠ ራ ጥ ራ ች ኋ ል
ዕ ት ሞ ች ሽ
መ ዓ ቱ
ታ ላ ቃ ች ን
ያ ው ራ
ጥ ቅ ስ
ታ ሳ ያ ለ ህ
ተ ወ ጣ ች
ጭ ን ቀ ት ህ
ወ ቀ ሳ ዎ ች ዎ
ይ ወ ጡ
አ ወ ራ ች
ቅ ዱ ስ
አ ድ ን ቀ ና ል
እ ና ታ ች ሁ
ሰ ነ ዶ ቿ
ያ ሰ ኛ ል
ተ መ ዝ ግ ባ ች ሁ
ሳ ጥ ኖ ች ህ
ቤ ተ ክ ር ስ ቲ ያ ኖ ች ዎ
አ ዛ ች ሁ
አ ም ባ ዎ
ታ ሳ ል ፊ ያ ለ ሽ
ሮ ጣ ለ ች
አ ግ ብ ታ ች ሁ
አ ስ ጨ ል ሞ
አ ደ ከ መ
ጠ ረ ጴ ዞ ቿ
እ ሳ ት
ጀ ማ ሪ ው
በ ቀ ሉ
ም ግ ባ ር ዎ
ተ መ ራ ን
ይ ከ ፈ ል
አ ሳ ለ ፍ ኩ
አ ም ሪ
እ ጮ ኛ ዬ
ት ከ ብ ር
መ ላ ዎ ቹ
ብ ድ ሩ
በ ል ጧ ል
መ ጠ ቀ ስ
ይ መ ጣ ሉ
እ ና ቶ ቻ ች ን
ተ ደ ብ ቆ
ሰ ብ ሯ ል
አ ም ር ታ ች ኋ ል
ታ ሳ ዝ ና ለ ህ
መ ጥ ተ ሻ ል
እ ን በ ል ጣ ለ ን
ፈ ፅ መ ሀ ል
ታ ደ ን ቁ
ገ ፍ ቶ
ፍ ራ ቻ ች ን
አ ም ር ቻ ለ ሁ
አ ቅ ሙ
ሽ ማ ግ ሌ ዎ ቿ
አ ም ባ ዎ ች
አ ሳ ዝ ና ች ሁ
አ ዘ ዝ ኩ
ይ መ ራ ሉ
ት ጨ ም ር
መ ጠ ጋ ት
እ ም ነ ቶ ች ዎ
መ ሥ መ ሮ ቹ
ብ ቀ ል
ነ ን
ተ በ ክ ለ ሽ
ሰ ይ ጣ ኖ ቹ
ግ ጥ ሞ ቻ ች ን
ተ በ ክ ለ ዋ ል
ት ከ ለ ክ ል
ፀ ድ ቆ
መ ድ ብ
ት በ ያ ለ ሽ
አ ስ ገ ድ ደ ሀ ል
ዘ ይ ት ህ
አ ስ መ ጥ ተ ው
አ ቅ ሞ ች ህ
ቀ ይ ራ ለ ች
መ ገ ደ ል
ድ ም ፄ
ጸ ሎ ት ሽ
ተ ወ ጥ ተ ሽ
ፕ ሮ ግ ራ ሞ ች ዎ
ኮ ን ነ ው
ስ ብ ሰ ቦ ቻ ቸ ው
ተ በ ክ ዬ
እ ና ቶ ቹ
ባ ሪ ያ ሽ
እ በ ቅ ላ ለ ሁ
በ ተ ነ ች
በ ቅ ለ ሻ ል
ላ መ ቻ ች
ገ ደ ላ ች ሁ
ቀ ይ ሬ ያ ለ ሁ
ት ው ጥ
መ ዲ ና ዋ
አ ፋ ፍ
ድ ም ፆ ች ሽ
ት በ ል ጥ
እ ን ደ ር ሳ ለ ን
ገ ፍ ታ ለ ች
ዘ ገ ቦ ች ሽ
ት ከ ለ ክ ያ ለ ሽ
ወ ረ ወ ሩ
ይ ወ ረ ው ራ ል
ት መ ዘ ገ ቢ ያ ለ ሽ
ሥ ን ቃ ች ን
ይ በ ል ጣ ሉ
ዕ ት ሞ ች ህ
ከ ል ክ ለ ዋ ል
ገ ደ ል ኩ
ይ ከ ለ ክ ላ ሉ
እ ና ተ ር ፋ ለ ን
እ ላ ካ ለ ሁ
ሰ በ ራ ች ሁ
ወ ቀ ሳ ዎ ቿ
ወ ስ ኗ ል
እ ን ብ ቀ ል
አ ድ ን ቃ ች ኋ ል
ይ በ ላ
መ ሎ ቹ
ያ ሳ ዝ ና ሉ
አ ሳ ዝ ነ ን
አ ት ር ፈ ን
ደ ስ ታ ች ሁ
ሰ ነ ዳ ች ሁ
መ ስ ዋ ዕ ቱ
ይ ፈ ፅ ማ ሉ
ም ግ ባ ሮ ቹ
ገ ቢ ያ ች ሁ
አ ው ከ ና ል
አ ስ መ ጥ ተ ህ
አ መ ራ ች ሁ
ግ ጥ ሚ ያ ው
ገ ቢ ዎ ቻ ች ን
ዓ ይ ነ ት ዎ
ባ ሪ ዮ ቻ ች ን
ወ ቀ ሶ ቻ ች ሁ
ተ ጠ ግ ቻ ለ ሁ
አ ይ ታ ለ ች
መ ዲ ኖ ቻ ች ሁ
ሴ ራ ዎ ቻ ች ን
ዘ ይ ቶ ቻ ች ን
ተ ጠ ቅ ተ ሻ ል
ባ ሪ ያ ች ሁ
አ ባ ሎ ቻ ች ሁ
መ ዲ ና ቸ ው
ያ ስ ች ላ ል
አ ሳ ይ ተ ዋ ል
ከ ል ክ ያ ለ ሁ
ሮ ጠ ሀ ል
እ ን ላ ካ ለ ን
ተ ጠ ራ ጠ ር
ተ በ ል ቻ ለ ሁ
ታ ላ ቆ ቻ ች ሁ
ድ ም ፆ ቻ ቸ ው
ማ ኅ በ ር ሽ
ድ ብ ደ ቦ ች ዎ
ማ ስ ታ ወ ሾ ቹ
ቀ ዝ ቃ ዛ ው
ፈ ረ ሶ ቻ ቸ ው
ደ ብ ዳ ቤ ዎ ቹ
ግ ጥ ሚ ዮ ች ዎ
ታ ዝ ኛ ለ ሽ
ታ ሳ ያ ላ ች ሁ
አ ስ ጠ ጣ ን
በ ራ ቸ ው
ገ ብ ያ ች ን
ያ ተ ር ፋ ል
ያ ስ ጠ ጣ ሉ
ያ ተ ር ፋ ሉ
ዘ ገ ባ ዎ ቹ
በ ት ና ች ኋ ል
አ ው ከ ሀ ል
አ ዘ ዛ ች ሁ
መ ድ ባ ች ሁ
ፉ ት ቦ ል ህ
ከ ለ ከ ለ ች
ያ ደ ን ቃ ሉ
ት ደ መ ስ ሺ
ይ ከ ል ክ ል
ቀ ል ባ ቸ ው
ዕ ት ሞ ቻ ች ን
ያ ሳ ዝ ና ል
እ ወ ጣ ለ ሁ
ፉ ት ቦ ላ ቸ ው
ዘ ገ ባ ች ሁ
ጉ ል በ ቶ ቼ
ደ ን ባ ች ን
ማ መ ል ከ ቻ
ረ ገ ጣ ች ሁ
አ ፎ ቻ ች ን
አ ገ ዳ ች ሁ
አ ግ ብ ቷ ል
እ ያ ዛ ለ ሁ
እ ም ነ ቶ ች
ተ ቀ ና ቃ ኙ
ደ ር ሰ ው
አ መ ቻ ቹ
አ ወ ራ ች ሁ
ጀ ር ባ ዎ
ሽ ማ ግ ሌ ው
ግ ማ ሻ ች ሁ
ታ ሳ ል ፋ ለ ህ
ደ ር ሻ ለ ሁ
ጉ ል በ ቶ ች ሽ
ት ወ ጫ ለ ሽ
ታ ወ ራ ለ ች
ላ ስ ገ ድ ድ
ት መ ራ ለ ች
እ ና ስ መ ጣ
ት ደ ፈ ራ ለ ህ
በ ት ነ ህ
ት ደ ር ሳ ለ ህ
ደ መ ሰ ስ ሽ
ይ ሞ ከ ር
አ ስ ጠ ጣ ህ
እ ና ስ ጠ ጣ
ማ ኅ በ ራ ቱ
ሀ ገ ራ ት ሽ
አ ሳ ዘ ን ሽ
ደ ር ሰ ህ
ይ ደ መ ስ ሱ
ይ ወ ረ ው ር
ያ መ ቻ ቻ ል
አ ቁ ማ ዶ ች
ት ወ ረ ው ር
ሀ ገ ሮ ች ህ
ተ ቋ ቁ ሟ ል
አ ሳ ዘ ነ ች
ፈ ፅ መ ህ
ጠ ባ ቂ ዎ ቼ
ኮ ን ነ ዋ ል
ባ ለ ቤ ቶ ቿ
ት ሮ ጣ ላ ች ሁ
መ ጥ ተ ው
አ ስ መ ጥ ታ
እ ና ቶ ች ህ
ጠ ባ ቂ ዎ ቿ
መ ጥ ታ ች ኋ ል
ከ ብ ረ ው
እ ን በ ከ ል
አ መ ቻ ቸ ህ
ሰ ብ ረ ው
መ ሪ ዎ ች ዎ
ጉ ዳ ቸ ው
ሀ ኪ ሞ ች ህ
ጸ ጥ ታ ዎ
እ ን ወ ል ድ
አ ስ መ ጣ ህ
ደ ን ብ ዎ
ው ጥ ኖ ች ህ
እ ሴ ቶ ቻ ች ን
ት ዳ ር ዎ
ግ ጥ ሚ ዮ ች ሽ
ተ ያ ዘ ች
አ ስ መ ጣ ሽ
ዕ ት ሞ ች ዎ
ቅ ር ሳ ች ን
አ ቅ ሞ ች ሽ
መ ከ ታ ተ ል
ው ጣ ች ኋ ል
ደ ን ቦ ች ሽ
ሀ ገ ራ ቸ ው
ደ መ ሰ ስ ኩ
ይ ወ ል ዳ ሉ
ታ ስ ገ ድ ድ
ው ጥ ኖ ች ዎ
አ ም ባ ዎ ቼ
ደ ም ስ ሰ ና ል
ታ ስ ገ ድ ድ
ሰ ብ ራ ች ሁ
ተ ት ተ ና ል
አ ስ ገ ድ ድ
ድ ብ ደ ቦ ቹ
ና ሙ ና ዎ ቹ
አ መ ራ ለ ሁ
ያ ስ ገ ድ ድ
መ ደ ባ ች ሁ
ብ ድ ራ ች ሁ
ከ ፍ ታ ዎ ች
ደ ር ሳ ለ ች
እ ን ስ በ ር
ቀ ብ ራ ች ሁ
ወ ለ ዳ ች ሁ
ሀ ኪ ማ ቸ ው
ዘ ገ ቦ ች ህ
ኮ ን ና ለ ች
አ ወ ከ ች
መ ር ያ ች ሁ
ሰ ባ ኪ ዎ ች
ይ ደ ም ስ ስ
እ ን መ ዘ ገ ብ
ወ ቀ ሳ ው
ወ ቀ ሳ ዎ
በ ት ና ለ ች
አ ቅ ም ዎ
መ ዋ ቀ ር
መ ጥ ተ ን
አ ባ ላ ት ሽ
ት መ ራ ለ ህ
ት መ ጣ ለ ህ
ት ገ ፋ ለ ህ
ዕ ት ም ዎ
መ ጥ ቷ ል
ኮ ን ነ ሀ ል
ተ ላ ከ ች
ሀ ገ ሮ ች ዎ
ዘ ይ ቶ ች ዎ
ተ ረ ቶ ቹ
ስ ተ ን
ማ ሳ ዘ ን
ት መ ድ ቢ ያ ለ ሽ
አ ባ ላ ታ ች ን
በ ቅ ለ ና ል
ጦ ማ ች ን
እ ሥ ር ህ
ይ ጠ ራ ጠ ሩ
ከ በ ረ ች
አ ት ር ፎ
ነ ገ ድ ኩ
ተ ተ ች ቷ ል
ፈ ፅ ማ ለ ች
ታ ወ ራ ለ ህ
ገ ደ ለ ች
በ ቀ ል ክ
ሀ ኪ ም ሽ
አ ዘ ን ሽ
ኮ ን ነ ህ
ው ለ ታ ዋ
ፈ ፀ መ ች
ት ደ መ ስ ስ
ወ ሰ ነ ች
ላ ድ ን ቅ
እ ሥ ር ሽ
ደ ስ ታ ህ
አ ገ ዳ ዋ
ገ ር ፈ ህ
ጠ ባ ቂ ዋ
ባ ሪ ዮ ቿ
አ ም ባ ህ
ያ ደ ን ቅ
ው ጥ ን ህ
ጀ ር ባ ዋ
ተ በ ላ ሽ
አ ድ ን ቂ
ይ በ ላ ሉ
ይ ወ ል ድ
ተ ደ ፍ ሬ
ጸ ሎ ት ህ
ስ ለ ላ ው
ነ ገ ድ ሽ
ይ ስ ማ ማ ሉ
ገ ድ ለ ህ
ቀ የ ር ን
ይ በ ል ጡ
ው ጥ ን ሽ
ነ ግ ደ ህ
ገ ፃ ቸ ው
ይ በ ላ ሉ
ጨ ም ረ ህ
ይ ሮ ጣ ሉ
ው ለ ታ ሽ
ደ ን ብ ህ
ተ ያ ዝ ን
ት ደ ም ስ ስ
ወ ር ው ሩ
አ ም ባ ው
ይ ኮ ን ኑ
ት በ ል ጡ
ወ ለ ድ ን
ሰ ው ነ ቴ
ይ ሸ ፈ ን
አ ቅ ሞ ቿ
ት ሰ ብ ሪ
ዕ ድ ሜ ዬ
ሰ በ ር ን
ረ ግ ጠ ሽ
ት ከ ብ ሪ
ት ራ ፊ ኩ
ይ ብ ቀ ል
ዙ ፋ ኖ ቿ
ኮ ን ን
ም ግ ባ ሩ
ፈ ፀ ም ክ
ይ ረ ግ ጡ
ጉ ዳ ች ን
ይ ወ ስ ኑ
አ ይ ተ ን
ይ ደ ር ሱ
ኋ ላ ች ን
ይ በ ከ ሉ
ዕ ብ ሪ ቱ
ይ መ ድ ቡ
ይ ከ ብ ሩ
ይ በ ል ጥ
ዓ ይ ነ ቱ
ገ ር ፈ ን
ሰ ብ ረ ሽ
ት ነ ግ ድ
ባ ሪ ያ ዬ
ጨ ም ረ ሽ
ታ ያ ለ ሽ
ጠ ባ ች ሁ
ዙ ፋ ኖ ቹ
ያ ሳ ል ፍ
ት ብ ቀ ል
ፈ ረ ሶ ቹ
ቅ መ ሞ ቹ
ዕ ት ሞ ቹ
ሀ ኪ ሞ ቹ
ብ ድ ሮ ቹ
ት ደ ፈ ር
ታ ሳ ዝ ኑ
ት ፈ ፅ ሙ
ት ሰ ብ ሩ
በ ተ ን ክ
ም ግ ባ ር
ቅ ር ጽ ዎ
ታ ላ ቆ ቼ
ት ጨ ም ር
ት በ ከ ል
አ ሳ ል ፍ
ሴ ራ ዎ ቹ
ሀ ኪ ሞ ቹ
ት ደ ፈ ር
አ ባ ሎ ች
ይ ከ ብ ር
አ ዘ ው
አ ህ ጉ ሯ
አ ባ ላ ታ ቸ ው
ጠ ባ ቂ ዎ ቹ
ታ ን ኳ
አ ዘ ን ክ
ባ ሪ ዮ ች ሽ
ኮ ን ኗ ል
ፈ ረ ሶ ች ሽ
አ መ ራ ሁ
ሀ ገ ሮ ች ሽ
ው ጥ ኖ ች ሽ
ታ ላ ቆ ች ሽ
አ ዋ ር ደ ሀ ል
ይ ደ መ ስ ስ
ግ ጥ ሞ ች ሽ
ሰ ማ ያ ት
ስ ራ ዎ ቹ
ቀ የ ር ክ
ተ መ ራ ሁ
አ ም ቦ ች ሽ
ይ ከ ፈ ል
እ ን መ ድ ብ
ግ ጥ ሜ
ወ ለ ድ ኩ
ዙ ፋ ኖ ች ህ
ግ ማ ሾ ች
ዘ ገ ቦ ቿ
ደ መ ሰ ሰ ች
ወ ር ው ሪ
ይ ተ ዋ ል
ድ ም ፅ ሽ
ይ በ ቅ ል
መ ዲ ና ዎ ቹ
ተ ጠ ጋ ሽ
አ መ ቻ ቸ
ዘ ገ ባ ዋ
መ ዲ ና ዎ ቹ
ተ መ ር ቶ
ጠ ባ ቂ ያ ቸ ው
ያ መ ቻ ች
ተ ገ ደ ለ
በ ቀ ል ኩ
ተ ዋ ቀ ረ
ታ ዋ ር ዳ ላ ች ሁ
ተ ጠ ቅ ሶ
አ ሳ ዝ ኖ
ላ ስ ጠ ጣ
እ ነ ግ ድ
አ ሳ ዝ ኚ
አ ገ ባ ሽ
ሴ ራ ች ን
እ ደ ር ስ
ጨ ር ቆ ቹ
አ ዋ ር ድ
ያ ስ ጠ ጡ
እ ወ ል ድ
እ ን ግ ዳ ዎ ች ሽ
ወ ሰ ን ኩ
ይ ገ ታ ል
ማ ኅ በ ሬ
ሀ ገ ሮ ቿ
ገ ድ ለ ን
ል በ ከ ል
ፈ ረ ሶ ች
ት ላ ካ ለ ህ
ታ ተ ር ፊ
ሀ ገ ሮ ቹ
ሀ ገ ሮ ቹ
ተ ደ ፍ ረ ሀ ል
በ ቀ ለ ች
አ ዘ ን
ት ረ ግ ጥ
ሰ ለ ባ ው
ድ ም ፆ ች
ተ ደ ፈ ሩ
ሀ ገ ራ ታ ቸ ው
ተ ጠ ቃ ሁ
እ ሳ ቶ ች
ዘ ይ ቶ ች
ት ገ ድ ል
ሥ ን ቆ ች
ማ ው ራ ት
ስ ታ ች ኋ ል
ዘ ገ ባ ዎ ቿ
ው ጥ ኖ ች
ት ገ ድ ል
ዕ ት ሞ ች
ስ ራ ዎ ች
ዙ ፋ ኖ ች
ገ ቢ ዎ ች
መ ያ ዣ ዎ ቹ
እ ና ተ ር ፍ
ይ ደ በ ቅ
ት ደ ር ሺ
አ ሳ የ ህ
ታ ዋ ር ጃ ለ ሽ
አ ም ር ተ ዋ ል
ት ኮ ን ና ላ ች ሁ
እ ና ቶ ቻ ች ሁ
አ ም ሯ ል
ተ ሰ ር ዞ
ተ ተ ው ክ
ይ ክ በ ሩ
አ ድ ን ቁ
በ ተ ን ሽ
ሣ ም ን ቱ
ያ ገ ባ ሉ
መ ፈ ፀ ም
አ ሰ ኝ ቶ
ማ ሳ የ ት
ሴ ራ ዎ ቻ ች ሁ
ይ ወ ስ ን
ይ መ ድ ቡ
ማ ግ ባ ት
ተ ሸ ፍ ኖ
ዘ ዴ ው
ወ ል ደ ሻ ል
አ ዳ ራ ሹ
ዘ ዴ ው
ረ ግ ጠ ዋ ል
አ ቅ ሞ ች
አ ሳ ል ፍ
ሴ ራ ዎ
ሀ ገ ራ ቱ
አ መ ቻ ቹ
በ ር ዎ
እ ጮ ኛ ዎ ቹ
መ ዲ ኖ ች ሽ
ዙ ፋ ኔ
አ የ ች
ያ ስ መ ጡ
ት ው ጣ ላ ች ሁ
ሀ ገ ራ ቱ
መ ር ተ ሀ ል
ታ ስ መ ጣ
ላ ስ መ ጣ
ያ ስ መ ጣ
አ ባ ላ ቱ
ታ ደ ን ቂ
እ ና ያ ለ ን
አ ይ ታ ች ሁ
እ ን ግ ዳ ሽ
ት ና ን ት ና
እ ን ተ ው
ፋ ን ታ ች ን
ወ ቀ ሳ ቸ ው
እ ን ስ ራ ው
ይ ቀ ይ ራ ል
ድ ም ፅ ዎ
በ ል ተ ሻ ል
ላ ሞ ቿ
ገ ድ ለ ና ል
ያ ያ ሉ
ከ ብ ረ ሀ ል
እ ን በ ት ን
አ ወ ካ ች ሁ
አ ዝ ኖ
አ ይ ቶ
ገ ቢ ዎ
መ ሎ ቹ
ፀ ደ ቀ
ገ ቢ ያ ቸ ው
አ ፎ ች
ጠ ብ ዎ
አ ቅ ሜ
ዘ ላ ቂ ዎ ች
አ ፍ ህ
ደ ረ ሰ
ሮ ጠ ች
አ ው ክ
ቅ ር ስ
ላ ሞ ቻ ች ን
ገ ፋ ች
ስ ራ ዋ
ት ላ ክ
ጠ ር ዞ ቹ
ው ጠ ዋ ል
ይ ላ ክ
ሮ ጠ ዋ ል
ወ ሰ ነ
ጠ ብ ሽ
ሴ ራ ዋ
ሆ ድ ህ
እ ባ ብ
ይ ዘ ን
ላ ም ሽ
ቀ ይ ራ
አ የ ን
ል ሩ ጥ
መ ላ ዋ
ጨ ም ሮ
ይ ያ ዝ
ቀ ይ ሮ
መ ያ ዝ
ት ዘ ን
ሀ ኪ ሟ
ው ለ ዱ
ት ያ ዝ
መ ሎ ቿ
ደ ር ሳ
እ ዘ ን
ት ው ጥ
ተ ጠ ቃ
እ ን ባ ቸ ው
ጸ ጥ ታ
ተ ጠ ጋ
ጨ ም ሬ
ጨ ር ቅ
ሰ ብ ሬ
ት ዋ ጥ
ያ መ ሩ
ወ ል ዳ
ይ ጠ ጋ
ግ ጥ ም
ያ ሳ ዩ
ታ መ ሩ
ይ ዋ ጡ
ረ ገ ጡ
ት ጠ ጋ
ጨ ር ቁ
ሰ ብ ራ
ግ ጥ ሙ
ተ በ ሉ
ሀ ኪ ሙ
ያ ዝ ኑ
ዓ ለ ት
ረ ግ ጦ
ት ዳ ሬ
ጥ ቁ ር
ቅ ባ ቱ
ግ ረ ፍ
ይ ቀ ር
ግ ደ ል
አ ዘ ኑ
ጸ ሎ ቱ
መ ጥ ቼ
እ ዘ ኑ
ይ ጠ ቁ
ጸ ሎ ት
ጸ ሎ ቱ
ት ወ ጪ
ይ ጠ ቃ
ት ጠ ቃ
ይ በ ላ
ገ ቢ ው
ሰ በ ሩ
ስ ራ ው
ላ ሞ ች
ድ ም ፃ ቸ ው
ሀ ኪ ሜ
ያ ሳ ይ
ስ ሮ ቹ
ገ ቢ ዎ ቻ ቸ ው
እ ና ሳ ዝ ን
መ ሪ ዋ
እ ን ስ ራ
እ ን ጨ ም ር
ት ው ጪ
ስ ሮ ቻ ች ሁ
ዘ ላ ቂ ዋ
ዘ ዴ ዎ ቹ
በ ት ኑ
እ ን ሩ ጥ
ት መ ጪ
አ ሳ ለ ፈ
ተ ወ ጣ ን
ተ ጠ ጋ ን
ገ ፍ ተ ህ
መ ዲ ኖ ቿ
ቀ ዝ ቃ ዛ
ጩ ኸ ት ሽ
ው ጣ ች ሁ
ት ው ለ ድ
ወ ር ው ሬ
ወ ር ው ራ
ሮ ጣ ች ሁ
ተ ጠ ግ ቶ
እ ሴ ት ህ
ት ደ ፈ ሪ
ፋ ን ታ ዬ
በ ራ ች ሁ
ተ ይ ዘ ህ
እ ፀ ዋ ት
መ ዲ ኖ ቹ
መ ዲ ኖ ቹ
መ ደ ብ ን
አ ፎ ች ሽ
እ ን ሳ ት
ቀ ይ ረ ሽ
መ ሥ መ ሩ
ተ ት ተ ን
እ ን ባ ዬ
መ ላ ዎ ቼ
በ ረ ራ ው
ያ ው ካ ሉ
ታ ሳ ዝ ን
ቀ ይ ረ ን
ት መ ድ ቡ
ት በ ት ን
ጽ ዋ ዎ ቹ
ያ ስ ቆ ጣ
ላ ት ር ፍ
መ ዲ ና ዬ
መ ድ በ ዋ ል
መ ራ ች ሁ
ደ ጋ ዎ ች
በ ቅ ለ ዋ ል
ላ ማ ች ሁ
ሴ ራ ች ሁ
ተ ጠ ጊ
በ ት ኜ
ፈ ፅ ሚ
እ ና ት ዎ
ት መ ድ ቢ
አ ወ ክ ን
ደ ር ሰ ና ል
ወ ስ ኜ
ደ ም ስ ሳ
እ ን ባ ዋ
ይ መ ድ ብ
አ ግ ብ ቶ
አ ግ ብ ታ
ያ ተ ር ፉ
ይ ቀ ይ ር
ል ቀ ይ ር
በ ል ጬ
ሰ ማ ዮ ቹ
መ ደ ፈ ር
እ ን ባ ዎ
ወ ስ ኖ
በ ቅ ዬ
ታ ላ ቄ
ግ ማ ሾ ቹ
እ ን ጨ ቶ ቹ
አ ይ ተ ህ
ግ ማ ሾ ቼ
እ ን ባ ሽ
ት ተ ው
እ ን መ ራ
መ ጥ ተ ህ
ስ ቻ ለ ሁ
እ ን ባ ው
እ ን ባ ው
እ ን ስ ት
እ ን ጠ ጋ
እ ና ቶ ቿ
እ ን ብ ላ
ይ ር ገ ጡ
እ ሴ ቶ ቹ
ገ ፅ ህ
መ ጣ ህ
እ ላ ክ
ገ ፋ ህ
ላ ሞ ቹ
ታ ላ ቂ ቱ
ታ ገ ቢ
ፋ ይ ዳ
ይ ላ ክ
ያ ሰ ኝ
ተ ላ ከ
ላ ው ክ
አ የ ሁ
በ ቀ ለ
አ ወ ራ
ፋ ን ታ
እ ሥ ሯ
ተ ት ቶ
ላ ግ ባ
አ ም ባ
ታ መ ሪ
ት ያ ዙ
ይ ጠ ጉ
መ ጤ ው
ል ጠ ቃ
ጨ መ ሩ
ይ ቀ ላ
ቀ ረ ጥ
ያ ገ ቡ
በ ሮ ቿ
ይ ጠ ጉ
ቀ ይ ር
ያ ግ ቡ
ት ገ ፋ
እ ጠ ቃ
ገ ፆ ቹ
መ ሪ ዎ
እ ና ት
መ ዲ ና
ገ ፆ ቹ
ይ መ ሩ
አ ፀ ፋ
ተ ት ተ ው
ይ ቀ ይ ሩ
አ ሳ ዪ
ው ጥ ኗ
ዘ ዴ
ዘ ይ ቴ
መ ወ ሰ ን
ል ተ ው
እ መ ራ
አ መ ራ
ቢ ጫ ው
እ መ ራ
ሥ ን ቋ
አ ገ ባ
ት ስ ቱ
እ በ ላ
መ ድ ቡ
ወ ፎ ች
ወ ፎ ቹ
እ ኩ ል
እ ሥ ሬ
ይ ን ገ ዱ
ሳ ተ
አ ዞ
ያ ዙ
አ ፍ
ጉ ድ
ስ ራ
ገ ፉ
ገ ቢ
ጠ ቡ
ግ ፉ
ጦ ሙ
ም ጡ
ላ ሟ
ጠ ሉ
ሮ ጣ
ሆ ዷ
ጉ ዷ
ዋ ጡ
ጦ ሙ
መ ሪ
ግ ፋ
መ ራ
ሞ ኙ
ታ ይ
እ ና ይ
ታ ዪ
ሮ ጬ
ሞ ኝ
ሼ ክ
