ደ ብ ዳ ቤ ዎ ች ዎ
ተ ጠ ራ ጠ ሩ
ታ ስ መ ጫ ለ ሽ
ተ ቀ ና ቃ ኞ ች
እ ም ነ ቶ ች ህ
ተ ጠ ቅ ተ ሀ ል
ጩ ኸ ቷ
መ ው ለ ድ
አ ባ ል ሽ
ከ ል ክ ለ ን
ቅ ር ጹ
ፉ ት ቦ ል ዎ
እ ን ጠ ራ ጠ ር
መ ዲ ና ዎ ች
ማ መ ል ከ ቻ ዎ ቹ
ት ተ ዋ ለ ህ
ሥ ን ቅ ህ
አ ዝ ዤ
መ ገ ታ ት
ት በ ከ ያ ለ ሽ
ዘ ቡ
ቤ ተ ክ ር ስ ቲ ያ ና ች ን
ድ ብ ደ ባ ዬ
በ ት ነ ና ል
ዓ ይ ነ ቱ
አ ሳ ለ ፍ ን
ፕ ሮ ግ ራ ሟ
ደ ስ ታ ዋ
ተ መ ዝ ግ በ ው
ታ ላ ቆ ች
ገ ቢ ው
ግ ጥ ሞ ቿ
አ መ ቻ ቻ ለ ሁ
መ ላ
እ ን ቀ ይ ራ ለ ን
ታ ሳ ል ፋ ለ ች
አ ስ ገ ደ ደ
ስ ፖ ር ተ ኛ ች ሁ
አ ው ካ ለ ች
ይ ጠ ራ ጠ ር
ወ ሰ ኑ
ቅ ር ጾ ች
አ መ ቻ ች ቶ
መ ዲ ና ች ሁ
ተ መ ዝ ግ ቤ
ማ ኅ በ ሮ ች ዎ
አ ስ ጠ ጣ
ት ዳ ሯ
ዘ ዴ ዎ
ዕ ብ ሪ ታ ች ን
መ ጥ ቶ
አ ፎ ቻ ች ሁ
ው ጬ
አ ዋ ር ጄ
ቀ ል ባ ች ን
ት ጠ ጋ
መ ጤ ዎ ቹ
ረ ግ ጣ ለ ች
አ ስ ገ ድ ደ ሽ
ነ ግ ዳ ች ሁ
ጠ ባ ቂ
ቅ ር ሶ ች ዎ
ወ ስ ነ ዋ ል
እ ግ ዚ አ ብ ሔ ሮ ች
ሀ ቁ
በ ለ ጥ ሽ
ገ ደ ሉ
ታ ዋ ር ዱ
ተ ጣ ማ ሪ
ፉ ት ቦ ላ ች ን
ቤ ተ ክ ር ስ ቲ ያ ኖ ቻ ች ሁ
አ ም ቦ ች
ያ ዛ ል
ት ሰ ብ ራ ለ ህ
ግ ማ ሽ ዎ
በ ል ተ ሀ ል
ተ ይ ዘ ዋ ል
ስ ፖ ር ተ ኞ ቹ
ማ ስ ታ ወ ሻ ው
አ መ ቻ ች ታ ለ ች
ባ ሪ ዮ ች ህ
ደ ር ሰ ሻ ል
ት ላ ኪ ያ ለ ሽ
ሼ ኩ
ተ ደ ፈ ር ክ
አ ው ድ ማ
ዕ ድ ሜ
ተ ጠ ቅ ቷ ል
ይ ላ ካ ል
ተ መ ር ተ ው
መ ሪ ሽ
አ ይ ታ
አ ስ ገ ድ ዳ ች ሁ
ቅ ድ ስ ቲ ቱ
ከ በ ረ
ተ ጠ ራ ጠ ር ሽ
አ ባ ላ ቱ
ጸ ጥ ታ ዬ
እ ን ግ ዳ ዎ ቻ ች ን
ተ ል ከ ው
ይ ዘ ዙ
ተ ከ ታ ት ላ ች ሁ
እ ን ገ ር ፍ
ታ ላ ቁ
ተ ደ ፍ ራ ች ሁ
ል ግ ረ ፍ
ት ደ ፈ ሪ ያ ለ ሽ
ማ ኅ በ ሮ ቿ
ማ ኅ በ ራ ት ሽ
ይ ገ ር ፋ ሉ
ጦ ሜ
ታ ዋ ር ዳ ለ ች
በ ል ጣ ለ ች
ታ ን ኩ
ገ ፆ ቻ ች ን
ይ ገ ር ፍ
ቀ ይ ረ ው
እ ው ጥ
ይ ከ ለ ክ ል
መ ሪ ዎ ች
ዙ ፋ ኖ ቼ
አ ስ መ ጣ
በ ት ነ ው
ቀ ብ ር ዎ
እ ሰ ብ ራ ለ ሁ
ስ ብ ሰ ባ ቸ ው
ስ ራ ዎ ቻ ቸ ው
ጨ ም ራ ች ሁ
ተ ስ ማ ም ተ ን
ደ ን ቦ ቻ ቸ ው
ታ ገ ቢ ያ ለ ሽ
ቅ ር ሶ ቹ
አ ስ መ ጥ ታ ለ ች
ባ ለ ቤ ቶ ቼ
ይ ጨ ም ራ ል
እ ን ከ ብ ር
ኮ ረ ብ ታ ዎ ች
ው ጧ ል
እ ን ደ ፈ ር
ከ ለ ከ ል ሽ
ተ ቀ ና ቃ ኙ
አ ያ ች ሁ
እ ክ ሎ ች
እ ን ጠ ቃ ለ ን
አ ም ር ተ ህ
ወ ል ደ ና ል
ገ ድ ያ ለ ሁ
ዕ ት ማ ች ሁ
ሳ ት ን
መ ሷ እ ት ዎ
ያ ድ ክ ም
አ ባ ሎ ች ዎ
ዘ ገ ባ ው
መ ሷ እ ቴ
ተ ወ ጣ ሁ
መ ድ ቤ ያ ለ ሁ
ው ጥ ኖ ቹ
ይ ኮ ን ና ሉ
ይ በ ላ
እ ኩ ሏ
ደ ረ ሳ ች ሁ
ማ መ ል ከ ቻ ዎ ች ህ
ፈ ረ ሳ ቸ ው
ግ ደ ሉ
መ ድ በ ና ል
ሳ ት
መ ጣ ሽ
ይ በ ሉ
ወ ቀ ሳ ዎ ች
ጩ ኸ ታ ች ሁ
እ ን ጨ ት
ይ ድ ረ ስ
አ ዳ ራ ሾ ቹ
ታ ው ክ
መ ላ ህ
ወ ር ው ሮ
ና ሙ ኖ ቹ
ስ ፖ ር ተ ኞ ች ዎ
ይ ገ ፋ
ድ ብ ደ ባ ዎ
ነ ፃ ነ ቶ ቻ ች ን
ገ ፆ ቿ
ተ ጠ ቁ
ል ያ ዝ
ከ ል ክ ሎ
እ ን ስ ማ ማ
ወ ስ ን
ይ መ ዝ ገ ቡ
ዘ ይ ታ ች ሁ
አ ስ ጠ ጥ ተ ና ል
ይ ያ ዛ ል
አ ስ ጠ ጪ
ዙ ፋ ና ቸ ው
ጸ ሎ ቷ
አ ስ መ ጣ ን
ም ግ ባ ሮ ች
ጸ ጥ ታ ሽ
ገ ድ ለ ሽ
ታ ደ ን ቂ ያ ለ ሽ
ት ላ ኩ
ቅ ዱ ሱ
አ ይ ተ ሀ ል
በ ለ ጡ
ይ ብ ሉ
ሳ ሎ ኑ
አ ት ር ፈ ሀ ል
ያ ስ ገ ድ ዳ ል
ሞ ያ ዎ ች
ጸ ሎ ት ዎ
ፈ ረ ሱ
እ ና ም ራ
ቀ ል ብ ህ
መ ሳ ት
ይ ር ገ ጥ
አ ስ ጠ ጥ ታ ች ሁ
ዘ ይ ቶ ቹ
መ ር ተ ና ል
እ ን በ ት ና ለ ን
እ ሴ ቷ
ነ ግ ደ ን
አ ስ መ ጣ ለ ሁ
ት ሰ ብ ራ ላ ች ሁ
አ ሳ ል ፊ
ደ ም ስ ሰ ሀ ል
ሽ ማ ግ ሌ ያ ች ን
ጥ ን ቶ ቹ
ፋ ን ታ ቸ ው
አ ሳ ል ፋ
ሀ ኪ ሙ
መ ሎ ቻ ቸ ው
እ ን ባ
ሀ ገ ር ሽ
ተ ል ከ ህ
አ ዋ ር ደ ው
እ ን በ ላ
ሀ ገ ሮ ቻ ች ሁ
ቀ ጫ ጭ ን
ተ ላ ካ ች ሁ
ገ ድ ለ ሻ ል
ማ ዋ ረ ድ
ታ ያ ለ ህ
መ ቅ ላ ት
ት ጠ ራ ጠ ራ ለ ች
ዙ ፋ ኖ ቻ ቸ ው
ሽ ማ ግ ሌ ዎ ች ሽ
እ ና ቷ
ላ ሳ ዝ ን
አ ቅ ሞ ቻ ች ሁ
ፋ ን ታ ሽ
ተ ጠ ቃ
ይ ስ በ ር
ሱ ባ ዔ
ት ወ ስ ና ለ ች
ፍ ራ ቻ
ት መ ዘ ገ ባ ላ ች ሁ
ይ ጠ ራ ጠ ራ ሉ
መ ዲ ና ዎ ች ህ
ል መ ዝ ገ ብ
አ ስ ገ ድ ደ ህ
ተ ል ኬ ያ ለ ሁ
ይ ጠ ነ ቀ ቃ ል
ታ ያ ላ ች ሁ
ዓ ይ ነ ቶ ቻ ች ን
እ ው ነ ታ ዎ ች ዎ
ደ መ ሰ ሳ ች ሁ
ት ው ጣ ለ ች
ተ ጠ ቅ ታ ች ኋ ል
ሀ ኪ ሞ ች
ማ ኅ በ ር ህ
ባ ሪ ዮ ቻ ች ሁ
ት በ ቅ ል
አ ሳ ል ፏ ል
ጃ ፓ ኑ
አ ት ር ፈ ና ል
ይ ላ ካ ሉ
ሠ ው ነ ቷ
ተ በ ክ ላ ች ሁ
ቀ ብ ሯ
ስ ፖ ር ተ ኞ ቻ ች ን
ተ ያ ዝ
ገ ድ ሏ ል
እ መ ድ ባ ለ ሁ
እ ው ነ ታ ዎ ቻ ች ን
ሞ ኟ
ሽ ማ ግ ሌ ዎ ች
ይ ፈ ፅ ሙ
እ ን ግ ፋ
አ ት ር ፈ ሽ
ስ ል ቻ ው
ስ ተ ና ል
መ ላ ው
ዕ ብ ሪ ቱ
አ ሰ ኝ ቷ ል
እ ጮ ኛ ዋ
አ ዘ ን ን
ሴ ራ ዎ ች ሽ
ት መ ራ
ባ ሪ ያ ዎ ች ዎ
እ ግ ዚ አ ብ ሔ ሮ ቹ
አ ሳ የ ሽ
ላ ሞ ቻ ቸ ው
ግ ማ ሾ ቻ ች ሁ
ሰ በ ረ
ቀ ይ ራ ች ኋ ል
ተ ወ ጥ ታ ች ኋ ል
ማ ር ህ
ይ ፀ ድ ቅ
ፈ ረ ሶ ቼ
ሽ ማ ግ ሌ ህ
ቅ ር ጾ ች ዎ
ተ ደ ፍ ራ
ሴ ሮ ቻ ች ን
ያ ይ
መ ር ተ ን
መ ድ በ ው
ት በ ላ
ጉ ል በ ቶ ቹ
ተ መ ዘ ገ በ ች
ት በ ት ና ለ ች
ከ ለ ከ ሉ
ወ ቀ ሳ ች ሁ
ው ጥ ኖ ቹ
አ ሳ ል ፈ ው
ወ ቀ ሶ ች ዎ
በ ቅ ያ ለ ሁ
ደ ም ስ ሰ ዋ ል
አ ዋ ር ድ
ሳ ጥ ኖ ች
መ ብ ለ ጥ
ሥ ን ቅ ዎ
አ መ ታ ዊ
ት ደ መ ስ ሳ ለ ች
ዘ ን ጎ ች
ድ ብ ደ ባ ዎ ች
መ ዲ ኖ ቻ ች ን
በ ል ቼ
ተ ደ ፈ ሪ
ታ ዢ
መ ሸ ፈ ን
እ ን ነ ግ ዳ ለ ን
ኮ ን ና
ታ መ ቻ ቻ ለ ች
አ ቁ ማ ዶ ቹ
እ ና መ ቻ ች
ት ገ ር ፍ
ተ ጠ ራ ጥ ሬ ያ ለ ሁ
አ ሞ ራ ው
ፕ ሮ ግ ራ ሞ ች ህ
ማ ዘ ዝ
በ ል ተ ሽ
በ ት ነ ዋ ል
እ መ ራ ለ ሁ
እ በ ላ
ይ ስ ታ ሉ
ታ ዛ ለ ህ
ው ለ ታ ዎ
አ ይ ታ ች ኋ ል
መ ሎ ቼ
ው ጥ ኖ ቼ
ሙ ዚ ቃ ው
ገ ል ብ ጦ
ዓ ይ ነ ቶ ቻ ቸ ው
አ ፎ ቼ
አ ዝ ን
ከ ብ ረ ና ል
መ ላ ዎ ች ዎ
ግ ማ ሾ ች ዎ
በ ል ጠ ና ል
አ ባ ሎ ች ሽ
ማ ድ ከ ም
ሽ ማ ግ ሌ ያ ቸ ው
ጨ ም ራ ች ኋ ል
ም ግ ባ ሮ ቻ ቸ ው
ት ጠ ራ ጠ ሪ
መ ደ ብ ሽ
መ ጥ ተ ሀ ል
በ ቀ ል ን
ተ ጠ ራ ጠ ር ን
ባ ሪ ያ ዎ ቹ
ት ነ ግ ጃ ለ ሽ
አ ሳ ል ፋ ች ኋ ል
አ ገ ዳ ዬ
አ ህ ጉ ራ ቸ ው
ፕ ሮ ግ ራ ም ህ
ተ መ ር ተ ሽ
ሮ ጦ
አ ገ ባ ች ሁ
ተ ጠ ራ ጥ ረ ን
እ ተ ው
ማ ም ራ ት
መ ግ ረ ፍ
ተ ጣ ማ ሪ ዎ ቹ
ል ወ ስ ን
ን ገ ጂ
ተ መ ዝ ግ በ ህ
ገ ፆ ች ዎ
ቅ ር ሴ
አ ገ ባ ን
አ ሳ ይ ቶ
ው ለ ታ ው
ቤ ተ ክ ር ስ ቲ ያ ኑ
ተ ላ ኩ
ት በ ከ ሉ
ቢ ጫ ዋ
ው ጥ ና ች ሁ
ል መ ድ ብ
በ ት ኚ
አ ስ ጠ ጥ ቶ
ደ መ ሰ ሰ
አ ዋ ር ዶ
እ ና ዝ ን
ተ ጠ ራ ጥ ሮ
አ ሳ ዝ ነ ሽ
ወ ር ው ራ ች ሁ
ጭ ን ቀ ቱ
አ ው ራ
ዘ ን ግ
ጥ ን ቶ ች
አ ቅ ሞ ቼ
ሰ ው ነ ት ህ
ት ደ ፈ ራ ላ ች ሁ
ገ ቢ ህ
ት በ ላ ለ ች
አ ስ መ ጣ ች ሁ
ስ ብ ሰ ቦ ቻ ች ን
ይ በ ከ ሉ
ተ ጠ ራ ጠ ረ
ተ ደ ፈ ረ ች
ዘ ገ ባ ው
አ ሳ ል ፈ ህ
ማ ኅ በ ሮ ቼ
አ ፋ ች ን
ይ ጠ ቃ
ጠ ረ ጴ ዞ ቹ
አ ስ ጠ ጥ ቻ ለ ሁ
ባ ሪ ዮ ቻ ቸ ው
ት ገ ድ ዪ
አ ስ ጠ ጥ ተ ሀ ል
ት ረ ግ ጣ ለ ህ
አ ባ ል ነ ታ ቸ ው
አ ቅ ም ሽ
ሞ ኞ ቹ
ተ ዋ ቅ ሮ
ፈ ረ ሶ ቻ ች ሁ
አ ዘ ህ
ያ ው ክ
ተ ጠ ራ ጥ ራ ች ሁ
ዕ ት ማ ቸ ው
ይ መ ጡ
ታ ዝ ን
መ ያ ዣ ው
ት ጠ ቁ
ት በ ላ ለ ህ
አ ም ቦ ቼ
ጠ ባ ቂ ዎ ች ሽ
ት ከ ለ ክ ሉ
ፈ ላ ጊ
ይ ጠ ጋ ል
አ ም ራ ቾ ች
ቀ ይ ሯ ል
ዕ ብ ሪ ት ሽ
ተ ወ ጥ ተ ህ
ነ ግ ደ ሀ ል
ቢ ጮ ች
ይ ቀ ይ ሩ
ት ረ ግ ጣ ለ ች
ተ በ ከ ል ኩ
እ ሴ ት ዎ
ት ጠ ቃ
ይ ቅ ላ
ካ ህ ና ት
አ ባ ሏ
ት መ ሪ
ቅ ባ ት
ተ ተ ዪ
ካ ህ ኑ
መ ዲ ኖ ች
ወ ለ ድ ክ
ድ ብ ደ ባ ች ሁ
ተ መ ራ ህ
ይ በ ከ ል
ት ዳ ሩ
ስ ብ ሰ ባ
ባ ለ ቤ ቶ ቹ
ት ወ ስ ኚ
በ ል ጠ ሻ ል
ታ ተ ር ፋ ለ ች
መ ዲ ና ዎ ች ዎ
አ መ ሩ
ይ ተ ዋ ሉ
እ ሴ ቶ ች ህ
ት ከ ብ ራ ለ ህ
ዓ ይ ነ ት ሽ
እ ግ ዚ አ ብ ሔ ሩ
ሥ ን ቆ ቹ
ት ው ጣ ለ ህ
እ ና ቴ
አ ም ር ተ ና ል
ያ ሳ ዝ ን
አ ም ባ ዋ
