ተ ጠ ቅ ቻ ለ ሁ
ተ ደ ፍ ሯ ል
ደ ም ስ ሰ ሻ ል
አ ፍ ሽ
ተ ጠ ቀ ሰ
መ ነ ፅ ሩ
ው ጥ ና ቸ ው
አ ም ሮ
ጸ ሎ ቴ
ፕ ሮ ግ ራ ሜ
እ ጮ ኞ ቻ ቸ ው
ፕ ሮ ግ ራ ሞ ች ሽ
ይ በ ከ ል
ከ ል ክ ላ ች ሁ
ይ ወ ር ው ር
ት ሮ ጫ ለ ሽ
እ በ ል ጣ ለ ሁ
ቅ ር ሱ
ላ ሜ
ያ ት ር ፉ
ጦ ም ሽ
አ ው ር ተ ዋ ል
ፍ ራ ቻ ቸ ው
እ ን ከ ታ ተ ል
አ ሳ ዘ ነ
ከ ፍ ቶ ቹ
ስ ብ ሰ ባ ች ሁ
ታ ደ ን ቅ
ገ ር ፋ ለ ች
አ ይ
ተ ደ ብ ቋ ል
ማ ራ ች ን
እ ን ስ ማ ማ ለ ን
እ ን ከ ለ ክ ላ ለ ን
መ ም ጣ ት
ቅ ር ሱ
አ ስ መ ጥ ተ ን
እ ና ወ ራ
ጠ ባ ቂ ዎ ች ህ
ጉ ል በ ት
ዕ ድ ሜ ዎ
ተ ወ ጣ ች ሁ
ይ ፈ ፅ ም
እ ሥ ሩ
አ ው ከ ው
ገ ፍ ቻ ለ ሁ
እ ን ጠ ራ ጠ ር
ገ ፁ
ስ ራ ቸ ው
ደ ን ብ
እ ን ግ ረ ፍ
ብ ላ
መ ሥ መ ሯ
መ ሪ ዎ ች ሽ
ተ መ ዘ ገ በ
አ ስ መ ጥ ተ ና ል
ነ ገ ዳ ች ሁ
ፉ ት ቦ ል
ደ ስ ታ ሽ
አ ባ ላ ች ሁ
እ ጮ ኛ ህ
ገ ል ብ ጧ ል
ወ ቀ ሳ ሽ
ማ መ ል ከ ቻ ዎ ቿ
ተ ረ ት
አ ባ ል ነ ት
ቤ ተ ክ ር ስ ቲ ያ ኒ ቱ
ስ ፖ ር ተ ኞ ች ሽ
መ ክ በ ር
መ ያ ዣ ዎ ች
ተ ደ ፍ ረ ና ል
ዘ ገ ቦ ቼ
መ ሥ መ ሮ ች ሽ
ማ መ ል ከ ቻ ች ን
ው ጠ ሀ ል
ደ ም ስ ሼ
ወ ፍ
አ ቅ ሟ
መ ር ቶ
ት ረ ግ ጣ ላ ች ሁ
ባ ሪ ያ ው
ወ ለ ደ
ይ ጠ ን ቀ ቅ
ሙ ዚ ቃ ዎ ቹ
ፕ ሮ ግ ራ ሞ ቻ ቸ ው
ጭ ን ቀ ት ዎ
እ ና ዝ ና ለ ን
ተ ተ ወ
ት መ ራ
እ ና ቶ ቹ
ፕ ሮ ግ ራ ም
እ ው ነ ቶ ቹ
እ ን ደ መ ስ ስ
ግ ጥ ሚ ያ ዎ ቿ
አ ግ ቢ
ታ መ ቻ ቺ
አ ድ ን ቅ
አ ው ከ ሻ ል
ሰ ው ነ ቷ
ላ ሞ ች ህ
ይ ስ ት
አ ይ ተ ዋ ል
እ ን ከ ለ ክ ል
ሮ ጡ
ም ግ ባ ሯ
አ ት ር ፋ
ቀ ይ ረ ህ
ዘ ቦ ች
ግ ጥ ሚ ያ ዎ ች ዎ
ይ ገ ር ፉ
ይ ገ ደ ላ ል
ወ ቀ ሳ
እ ን ሮ ጥ
አ ስ መ ጣ ሁ
ፕ ሮ ግ ራ ሞ ች
አ ስ ገ ድ ጃ ለ ሁ
ታ ው ካ ለ ህ
ማ ኅ በ ራ ት ህ
መ ራ ሽ
በ ል ታ ች ኋ ል
ከ ብ ሮ
እ ና ቶ ች ዎ
ይ ጠ ራ ጠ ር
ት በ ት ኚ
ደ ር ሳ ች ኋ ል
ዘ ይ ቶ ች ሽ
አ ስ ገ ድ ዳ ለ ሁ
ተ ጠ ራ ጥ ራ ች ኋ ል
ዕ ት ሞ ች ሽ
መ ዓ ቱ
ታ ላ ቃ ች ን
ያ ው ራ
ጥ ቅ ስ
ታ ሳ ያ ለ ህ
ተ ወ ጣ ች
ጭ ን ቀ ት ህ
ወ ቀ ሳ ዎ ች ዎ
ይ ወ ጡ
አ ወ ራ ች
ቅ ዱ ስ
አ ድ ን ቀ ና ል
እ ና ታ ች ሁ
ሰ ነ ዶ ቿ
ያ ሰ ኛ ል
ተ መ ዝ ግ ባ ች ሁ
ሳ ጥ ኖ ች ህ
ቤ ተ ክ ር ስ ቲ ያ ኖ ች ዎ
አ ዛ ች ሁ
አ ም ባ ዎ
ታ ሳ ል ፊ ያ ለ ሽ
ሮ ጣ ለ ች
አ ግ ብ ታ ች ሁ
አ ስ ጨ ል ሞ
አ ደ ከ መ
ጠ ረ ጴ ዞ ቿ
እ ሳ ት
ጀ ማ ሪ ው
በ ቀ ሉ
ም ግ ባ ር ዎ
ተ መ ራ ን
ይ ከ ፈ ል
አ ሳ ለ ፍ ኩ
አ ም ሪ
እ ጮ ኛ ዬ
ት ከ ብ ር
መ ላ ዎ ቹ
ብ ድ ሩ
በ ል ጧ ል
መ ጠ ቀ ስ
ይ መ ጣ ሉ
እ ና ቶ ቻ ች ን
ተ ደ ብ ቆ
ሰ ብ ሯ ል
አ ም ር ታ ች ኋ ል
ታ ሳ ዝ ና ለ ህ
መ ጥ ተ ሻ ል
እ ን በ ል ጣ ለ ን
ፈ ፅ መ ሀ ል
ታ ደ ን ቁ
ገ ፍ ቶ
ፍ ራ ቻ ች ን
አ ም ር ቻ ለ ሁ
አ ቅ ሙ
ሽ ማ ግ ሌ ዎ ቿ
አ ም ባ ዎ ች
አ ሳ ዝ ና ች ሁ
አ ዘ ዝ ኩ
ይ መ ራ ሉ
ት ጨ ም ር
መ ጠ ጋ ት
እ ም ነ ቶ ች ዎ
መ ሥ መ ሮ ቹ
ብ ቀ ል
ነ ን
ተ በ ክ ለ ሽ
ሰ ይ ጣ ኖ ቹ
ግ ጥ ሞ ቻ ች ን
ተ በ ክ ለ ዋ ል
ት ከ ለ ክ ል
ፀ ድ ቆ
መ ድ ብ
ት በ ያ ለ ሽ
አ ስ ገ ድ ደ ሀ ል
ዘ ይ ት ህ
አ ስ መ ጥ ተ ው
አ ቅ ሞ ች ህ
ቀ ይ ራ ለ ች
መ ገ ደ ል
ድ ም ፄ
ጸ ሎ ት ሽ
ተ ወ ጥ ተ ሽ
ፕ ሮ ግ ራ ሞ ች ዎ
ኮ ን ነ ው
ስ ብ ሰ ቦ ቻ ቸ ው
ተ በ ክ ዬ
እ ና ቶ ቹ
ባ ሪ ያ ሽ
እ በ ቅ ላ ለ ሁ
በ ተ ነ ች
በ ቅ ለ ሻ ል
ላ መ ቻ ች
ገ ደ ላ ች ሁ
ቀ ይ ሬ ያ ለ ሁ
ት ው ጥ
መ ዲ ና ዋ
አ ፋ ፍ
ድ ም ፆ ች ሽ
ት በ ል ጥ
እ ን ደ ር ሳ ለ ን
ገ ፍ ታ ለ ች
ዘ ገ ቦ ች ሽ
ት ከ ለ ክ ያ ለ ሽ
ወ ረ ወ ሩ
ይ ወ ረ ው ራ ል
ት መ ዘ ገ ቢ ያ ለ ሽ
ሥ ን ቃ ች ን
ይ በ ል ጣ ሉ
ዕ ት ሞ ች ህ
ከ ል ክ ለ ዋ ል
ገ ደ ል ኩ
ይ ከ ለ ክ ላ ሉ
እ ና ተ ር ፋ ለ ን
እ ላ ካ ለ ሁ
ሰ በ ራ ች ሁ
ወ ቀ ሳ ዎ ቿ
ወ ስ ኗ ል
እ ን ብ ቀ ል
አ ድ ን ቃ ች ኋ ል
ይ በ ላ
መ ሎ ቹ
ይ ያ ዝ
ጨ ም ሮ
መ ላ ዋ
ል ሩ ጥ
አ የ ን
ቀ ይ ራ
ላ ም ሽ
ይ ዘ ን
እ ባ ብ
ሆ ድ ህ
ሴ ራ ዋ
ጠ ብ ሽ
ወ ሰ ነ
ሮ ጠ ዋ ል
ይ ላ ክ
ው ጠ ዋ ል
ጠ ር ዞ ቹ
ት ላ ክ
ስ ራ ዋ
ገ ፋ ች
ላ ሞ ቻ ች ን
ቅ ር ስ
አ ው ክ
ሮ ጠ ች
ደ ረ ሰ
አ ፍ ህ
ዘ ላ ቂ ዎ ች
አ ቅ ሜ
ጠ ብ ዎ
አ ፎ ች
ገ ቢ ያ ቸ ው
ፀ ደ ቀ
መ ሎ ቹ
ገ ቢ ዎ
አ ይ ቶ
አ ዝ ኖ
አ ወ ካ ች ሁ
እ ን በ ት ን
ከ ብ ረ ሀ ል
ያ ያ ሉ
ገ ድ ለ ና ል
ላ ሞ ቿ
በ ል ተ ሻ ል
ድ ም ፅ ዎ
ይ ቀ ይ ራ ል
እ ን ስ ራ ው
ወ ቀ ሳ ቸ ው
ፋ ን ታ ች ን
እ ን ተ ው
ት ና ን ት ና
እ ን ግ ዳ ሽ
አ ይ ታ ች ሁ
እ ና ያ ለ ን
ታ ደ ን ቂ
አ ባ ላ ቱ
ያ ስ መ ጣ
ላ ስ መ ጣ
ታ ስ መ ጣ
መ ር ተ ሀ ል
ሀ ገ ራ ቱ
ት ው ጣ ላ ች ሁ
ያ ስ መ ጡ
አ የ ች
ዙ ፋ ኔ
መ ዲ ኖ ች ሽ
እ ጮ ኛ ዎ ቹ
በ ር ዎ
አ መ ቻ ቹ
ሀ ገ ራ ቱ
ሴ ራ ዎ
አ ሳ ል ፍ
አ ቅ ሞ ች
ረ ግ ጠ ዋ ል
ዘ ዴ ው
አ ዳ ራ ሹ
ወ ል ደ ሻ ል
ዘ ዴ ው
ተ ሸ ፍ ኖ
ማ ግ ባ ት
ይ መ ድ ቡ
ይ ወ ስ ን
ሴ ራ ዎ ቻ ች ሁ
ማ ሳ የ ት
አ ሰ ኝ ቶ
መ ፈ ፀ ም
ያ ገ ባ ሉ
ሣ ም ን ቱ
በ ተ ን ሽ
አ ድ ን ቁ
ይ ክ በ ሩ
ተ ተ ው ክ
ተ ሰ ር ዞ
አ ም ሯ ል
እ ና ቶ ቻ ች ሁ
ት ኮ ን ና ላ ች ሁ
አ ም ር ተ ዋ ል
ታ ዋ ር ጃ ለ ሽ
አ ሳ የ ህ
ት ደ ር ሺ
ይ ደ በ ቅ
እ ና ተ ር ፍ
መ ያ ዣ ዎ ቹ
ገ ቢ ዎ ች
ዙ ፋ ኖ ች
ስ ራ ዎ ች
ዕ ት ሞ ች
ት ገ ድ ል
ው ጥ ኖ ች
ዘ ገ ባ ዎ ቿ
ስ ታ ች ኋ ል
ማ ው ራ ት
ሥ ን ቆ ች
ት ገ ድ ል
ዘ ይ ቶ ች
እ ሳ ቶ ች
ተ ጠ ቃ ሁ
ሀ ገ ራ ታ ቸ ው
ተ ደ ፈ ሩ
ድ ም ፆ ች
ሰ ለ ባ ው
ት ረ ግ ጥ
አ ዘ ን
በ ቀ ለ ች
ተ ደ ፍ ረ ሀ ል
ሀ ገ ሮ ቹ
ሀ ገ ሮ ቹ
ታ ተ ር ፊ
ት ላ ካ ለ ህ
ፈ ረ ሶ ች
ል በ ከ ል
ገ ድ ለ ን
ሀ ገ ሮ ቿ
ማ ኅ በ ሬ
ይ ገ ታ ል
ወ ሰ ን ኩ
እ ን ግ ዳ ዎ ች ሽ
እ ወ ል ድ
ያ ስ ጠ ጡ
አ ዋ ር ድ
ጨ ር ቆ ቹ
እ ደ ር ስ
ሴ ራ ች ን
አ ገ ባ ሽ
አ ሳ ዝ ኚ
እ ነ ግ ድ
ላ ስ ጠ ጣ
አ ሳ ዝ ኖ
ተ ጠ ቅ ሶ
ታ ዋ ር ዳ ላ ች ሁ
ተ ዋ ቀ ረ
በ ቀ ል ኩ
ተ ገ ደ ለ
ያ መ ቻ ች
ጠ ባ ቂ ያ ቸ ው
ተ መ ር ቶ
መ ዲ ና ዎ ቹ
ዘ ገ ባ ዋ
አ መ ቻ ቸ
ተ ጠ ጋ ሽ
መ ዲ ና ዎ ቹ
ይ በ ቅ ል
ድ ም ፅ ሽ
ይ ተ ዋ ል
ወ ር ው ሪ
ደ መ ሰ ሰ ች
ዘ ገ ቦ ቿ
ግ ማ ሾ ች
ዙ ፋ ኖ ች ህ
ወ ለ ድ ኩ
ግ ጥ ሜ
እ ን መ ድ ብ
ይ ከ ፈ ል
አ ም ቦ ች ሽ
ተ መ ራ ሁ
ቀ የ ር ክ
ስ ራ ዎ ቹ
ሰ ማ ያ ት
ግ ጥ ሞ ች ሽ
ይ ደ መ ስ ስ
አ ዋ ር ደ ሀ ል
ታ ላ ቆ ች ሽ
ው ጥ ኖ ች ሽ
ሀ ገ ሮ ች ሽ
አ መ ራ ሁ
ፈ ረ ሶ ች ሽ
ኮ ን ኗ ል
ባ ሪ ዮ ች ሽ
አ ዘ ን ክ
ታ ን ኳ
ጠ ባ ቂ ዎ ቹ
አ ባ ላ ታ ቸ ው
አ ህ ጉ ሯ
አ ዘ ው
ይ ከ ብ ር
አ ባ ሎ ች
ት ደ ፈ ር
ሀ ኪ ሞ ቹ
ሴ ራ ዎ ቹ
አ ሳ ል ፍ
ት በ ከ ል
ት ጨ ም ር
ታ ላ ቆ ቼ
ቅ ር ጽ ዎ
ም ግ ባ ር
በ ተ ን ክ
ት ሰ ብ ሩ
ት ፈ ፅ ሙ
ታ ሳ ዝ ኑ
ት ደ ፈ ር
ብ ድ ሮ ቹ
ሀ ኪ ሞ ቹ
ዕ ት ሞ ቹ
ቅ መ ሞ ቹ
ፈ ረ ሶ ቹ
ት ብ ቀ ል
ያ ሳ ል ፍ
ዙ ፋ ኖ ቹ
ጠ ባ ች ሁ
ታ ያ ለ ሽ
ጨ ም ረ ሽ
ባ ሪ ያ ዬ
ት ነ ግ ድ
ሰ ብ ረ ሽ
ገ ር ፈ ን
ዓ ይ ነ ቱ
ይ በ ል ጥ
ይ ከ ብ ሩ
ይ መ ድ ቡ
ዕ ብ ሪ ቱ
ይ በ ከ ሉ
ኋ ላ ች ን
ይ ደ ር ሱ
አ ይ ተ ን
ይ ወ ስ ኑ
ጉ ዳ ች ን
ይ ረ ግ ጡ
ፈ ፀ ም ክ
ም ግ ባ ሩ
ኮ ን ን
ዙ ፋ ኖ ቿ
ይ ብ ቀ ል
ት ራ ፊ ኩ
ት ከ ብ ሪ
ረ ግ ጠ ሽ
ሰ በ ር ን
ዕ ድ ሜ ዬ
ት ሰ ብ ሪ
አ ቅ ሞ ቿ
ይ ሸ ፈ ን
ሰ ው ነ ቴ
ወ ለ ድ ን
ት በ ል ጡ
ይ ኮ ን ኑ
አ ም ባ ው
ወ ር ው ሩ
ት ደ ም ስ ስ
ተ ያ ዝ ን
ደ ን ብ ህ
ው ለ ታ ሽ
ይ ሮ ጣ ሉ
ጨ ም ረ ህ
ይ በ ላ ሉ
ገ ፃ ቸ ው
ነ ግ ደ ህ
ው ጥ ን ሽ
ይ በ ል ጡ
ቀ የ ር ን
ገ ድ ለ ህ
ይ ስ ማ ማ ሉ
ነ ገ ድ ሽ
ስ ለ ላ ው
ጸ ሎ ት ህ
ተ ደ ፍ ሬ
ይ ወ ል ድ
ይ በ ላ ሉ
አ ድ ን ቂ
ተ በ ላ ሽ
ጀ ር ባ ዋ
ው ጥ ን ህ
ያ ደ ን ቅ
አ ም ባ ህ
ባ ሪ ዮ ቿ
ጠ ባ ቂ ዋ
ገ ር ፈ ህ
አ ገ ዳ ዋ
ደ ስ ታ ህ
እ ሥ ር ሽ
ላ ድ ን ቅ
ወ ሰ ነ ች
ት ደ መ ስ ስ
ፈ ፀ መ ች
ው ለ ታ ዋ
ኮ ን ነ ህ
አ ዘ ን ሽ
ሀ ኪ ም ሽ
በ ቀ ል ክ
ገ ደ ለ ች
ታ ወ ራ ለ ህ
ፈ ፅ ማ ለ ች
ተ ተ ች ቷ ል
ነ ገ ድ ኩ
አ ት ር ፎ
ከ በ ረ ች
ይ ጠ ራ ጠ ሩ
እ ሥ ር ህ
ጦ ማ ች ን
በ ቅ ለ ና ል
አ ባ ላ ታ ች ን
ት መ ድ ቢ ያ ለ ሽ
ማ ሳ ዘ ን
ስ ተ ን
ተ ረ ቶ ቹ
ዘ ይ ቶ ች ዎ
ሀ ገ ሮ ች ዎ
ተ ላ ከ ች
ኮ ን ነ ሀ ል
መ ጥ ቷ ል
ዕ ት ም ዎ
ት ገ ፋ ለ ህ
ት መ ጣ ለ ህ
ት መ ራ ለ ህ
አ ባ ላ ት ሽ
መ ጥ ተ ን
መ ዋ ቀ ር
አ ቅ ም ዎ
በ ት ና ለ ች
ወ ቀ ሳ ዎ
ወ ቀ ሳ ው
እ ን መ ዘ ገ ብ
ይ ደ ም ስ ስ
ሰ ባ ኪ ዎ ች
መ ር ያ ች ሁ
አ ወ ከ ች
ኮ ን ና ለ ች
ዘ ገ ቦ ች ህ
ሀ ኪ ማ ቸ ው
ወ ለ ዳ ች ሁ
ቀ ብ ራ ች ሁ
እ ን ስ በ ር
ደ ር ሳ ለ ች
ከ ፍ ታ ዎ ች
ብ ድ ራ ች ሁ
መ ደ ባ ች ሁ
ያ ስ ገ ድ ድ
አ መ ራ ለ ሁ
ና ሙ ና ዎ ቹ
ድ ብ ደ ቦ ቹ
አ ስ ገ ድ ድ
ተ ት ተ ና ል
ሰ ብ ራ ች ሁ
ታ ስ ገ ድ ድ
ደ ም ስ ሰ ና ል
አ ም ባ ዎ ቼ
ው ጥ ኖ ች ዎ
ታ ስ ገ ድ ድ
ይ ወ ል ዳ ሉ
ደ መ ሰ ስ ኩ
ሀ ገ ራ ቸ ው
ደ ን ቦ ች ሽ
ው ጣ ች ኋ ል
መ ከ ታ ተ ል
አ ቅ ሞ ች ሽ
ቅ ር ሳ ች ን
ዕ ት ሞ ች ዎ
አ ስ መ ጣ ሽ
ተ ያ ዘ ች
ግ ጥ ሚ ዮ ች ሽ
ት ዳ ር ዎ
እ ሴ ቶ ቻ ች ን
ው ጥ ኖ ች ህ
ደ ን ብ ዎ
አ ስ መ ጣ ህ
እ ን ወ ል ድ
ጸ ጥ ታ ዎ
ሀ ኪ ሞ ች ህ
ጉ ዳ ቸ ው
መ ሪ ዎ ች ዎ
ሰ ብ ረ ው
አ መ ቻ ቸ ህ
እ ን በ ከ ል
ከ ብ ረ ው
መ ጥ ታ ች ኋ ል
ጠ ባ ቂ ዎ ቿ
እ ና ቶ ች ህ
አ ስ መ ጥ ታ
መ ጥ ተ ው
ት ሮ ጣ ላ ች ሁ
ባ ለ ቤ ቶ ቿ
ኮ ን ነ ዋ ል
ጠ ባ ቂ ዎ ቼ
ፈ ፅ መ ህ
አ ሳ ዘ ነ ች
ተ ቋ ቁ ሟ ል
ሀ ገ ሮ ች ህ
ት ወ ረ ው ር
አ ቁ ማ ዶ ች
ያ መ ቻ ቻ ል
ይ ወ ረ ው ር
ይ ደ መ ስ ሱ
ደ ር ሰ ህ
አ ሳ ዘ ን ሽ
ሀ ገ ራ ት ሽ
ማ ኅ በ ራ ቱ
እ ና ስ ጠ ጣ
አ ስ ጠ ጣ ህ
ይ ሞ ከ ር
ደ መ ሰ ስ ሽ
ት ደ ር ሳ ለ ህ
በ ት ነ ህ
ት ደ ፈ ራ ለ ህ
እ ና ስ መ ጣ
ት መ ራ ለ ች
ላ ስ ገ ድ ድ
ታ ወ ራ ለ ች
ት ወ ጫ ለ ሽ
ጉ ል በ ቶ ች ሽ
ደ ር ሻ ለ ሁ
ታ ሳ ል ፋ ለ ህ
ግ ማ ሻ ች ሁ
ሽ ማ ግ ሌ ው
ጀ ር ባ ዎ
አ ወ ራ ች ሁ
አ መ ቻ ቹ
ደ ር ሰ ው
ተ ቀ ና ቃ ኙ
እ ም ነ ቶ ች
እ ያ ዛ ለ ሁ
አ ግ ብ ቷ ል
አ ገ ዳ ች ሁ
አ ፎ ቻ ች ን
ረ ገ ጣ ች ሁ
ማ መ ል ከ ቻ
ደ ን ባ ች ን
ጉ ል በ ቶ ቼ
ዘ ገ ባ ች ሁ
ፉ ት ቦ ላ ቸ ው
እ ወ ጣ ለ ሁ
ያ ሳ ዝ ና ል
ዕ ት ሞ ቻ ች ን
ቀ ል ባ ቸ ው
ይ ከ ል ክ ል
ት ደ መ ስ ሺ
ያ ደ ን ቃ ሉ
ከ ለ ከ ለ ች
ፉ ት ቦ ል ህ
መ ድ ባ ች ሁ
አ ዘ ዛ ች ሁ
አ ው ከ ሀ ል
በ ት ና ች ኋ ል
ዘ ገ ባ ዎ ቹ
ያ ተ ር ፋ ሉ
ያ ስ ጠ ጣ ሉ
ያ ተ ር ፋ ል
ገ ብ ያ ች ን
በ ራ ቸ ው
አ ስ ጠ ጣ ን
ታ ሳ ያ ላ ች ሁ
ታ ዝ ኛ ለ ሽ
ግ ጥ ሚ ዮ ች ዎ
ደ ብ ዳ ቤ ዎ ቹ
ፈ ረ ሶ ቻ ቸ ው
ቀ ዝ ቃ ዛ ው
ማ ስ ታ ወ ሾ ቹ
ድ ብ ደ ቦ ች ዎ
ማ ኅ በ ር ሽ
ድ ም ፆ ቻ ቸ ው
ታ ላ ቆ ቻ ች ሁ
ተ በ ል ቻ ለ ሁ
ተ ጠ ራ ጠ ር
እ ን ላ ካ ለ ን
ሮ ጠ ሀ ል
ከ ል ክ ያ ለ ሁ
አ ሳ ይ ተ ዋ ል
ያ ስ ች ላ ል
መ ዲ ና ቸ ው
አ ባ ሎ ቻ ች ሁ
ባ ሪ ያ ች ሁ
ተ ጠ ቅ ተ ሻ ል
ዘ ይ ቶ ቻ ች ን
ሴ ራ ዎ ቻ ች ን
መ ዲ ኖ ቻ ች ሁ
አ ይ ታ ለ ች
ተ ጠ ግ ቻ ለ ሁ
ወ ቀ ሶ ቻ ች ሁ
ባ ሪ ዮ ቻ ች ን
ዓ ይ ነ ት ዎ
ገ ቢ ዎ ቻ ች ን
ግ ጥ ሚ ያ ው
አ መ ራ ች ሁ
አ ስ መ ጥ ተ ህ
አ ው ከ ና ል
ገ ቢ ያ ች ሁ
ም ግ ባ ሮ ቹ
ይ ፈ ፅ ማ ሉ
መ ስ ዋ ዕ ቱ
ሰ ነ ዳ ች ሁ
ደ ስ ታ ች ሁ
አ ት ር ፈ ን
አ ሳ ዝ ነ ን
ያ ሳ ዝ ና ሉ
ው ለ ታ ቸ ው
አ ድ ን ቀ ን
ጠ ረ ጴ ዛ ዬ
በ ት ና ች ሁ
እ ም ነ ቶ ቼ
እ ው ነ ታ ዎ
መ ሥ መ ሮ ቼ
እ ሥ ራ ች ሁ
ያ ስ ቆ ጣ ል
ዘ ዴ ያ ች ን
ይ ደ ፈ ራ ሉ
አ ሳ ዝ ነ ዋ ል
ተ ጠ ቅ ተ ን
ት ጠ ራ ጠ ር
ኮ ን ና ች ኋ ል
ነ ፃ ነ ቶ ቹ
ማ ስ ጠ ጣ ት
ም ግ ባ ሮ ቿ
እ ው ነ ታ ዬ
ው ለ ታ ች ን
ግ ማ ሾ ቻ ች ን
እ ሥ ራ ች ን
ፍ ር ስ ራ ሽ
አ ም ር ተ ሽ
መ ሥ መ ሮ ቿ
ግ ጥ ሚ ዮ ቻ ቸ ው
አ ሳ ይ ተ ሽ
ዘ ይ ታ ች ን
ከ ብ ራ ች ሁ
ረ ግ ጣ ች ሁ
ጸ ጥ ታ ች ን
ስ ብ ሰ ባ ህ
እ ን ከ ል ክ ል
ወ ል ዳ ች ሁ
አ ው ር ተ ሽ
አ ዝ ና ች ሁ
አ መ ቻ ች ተ ው
አ ት ር ፈ ህ
ት መ ዘ ገ ባ ለ ህ
ተ ጠ ግ ተ ሽ
ተ ጠ ራ ጠ ሩ
ድ ብ ደ ባ ህ
ስ ፖ ር ተ ኛ ዎ
ድ ብ ደ ባ ሽ
ማ መ ል ከ ቻ ዬ
ደ ብ ዳ ቤ ዋ
ተ በ ል ተ ሻ ል
ተ በ ል ተ ዋ ል
ወ ረ ወ ረ ች
ት ገ ፊ ያ ለ ሽ
ግ ጥ ሚ ዮ ቹ
አ ሳ ል ፈ ዋ ል
ፕ ሮ ግ ራ ሞ ቹ
ተ ያ ዝ ኩ
አ ስ ጠ ጣ ች
ጠ ረ ጴ ዛ ው
አ ደ ነ ቀ ች
ተ መ ዘ ገ ብ ሽ
ተ ስ ማ ም ተ ው
ሰ ብ ረ ሀ ል
ይ ደ በ ቅ
እ ን ከ ታ ተ ል
ት ገ ር ፋ ለ ህ
መ ጠ ራ ጠ ር
ማ ኅ በ ራ ታ ች ሁ
ገ ፍ ተ ሀ ል
መ ሥ መ ር ዎ
ክ ሊ ኒ ኮ ቹ
ተ ቀ ና ቃ ኞ ቿ
አ ሳ ዝ ና ለ ሁ
ተ ገ ል ጋ ይ
ት በ ቅ ላ ለ ች
አ ት ር ፈ ዋ ል
ቅ ር ጻ ች ን
ት ያ ዣ ለ ሽ
ፕ ሮ ግ ራ ሞ ቹ
ተ ጠ ራ ጠ ሪ
ገ ር ፋ ች ኋ ል
ት ወ ል ዳ ለ ች
ስ ብ ሰ ባ ዎ ቼ
ስ ፖ ር ተ ኛ ዋ
አ ደ ነ ቅ ህ
ጠ ረ ጴ ዛ ዎ ቼ
መ ዲ ና ዎ ቻ ች ን
ታ ሳ ያ ለ ሽ
አ መ ቻ ች ተ ዋ ል
እ ጮ ኛ ዎ ች ህ
ቅ ር ጻ ች ሁ
ተ ወ ጥ ቻ ለ ሁ
ደ ብ ዳ ቤ ዎ ቼ
ደ ብ ዳ ቤ ያ ቸ ው
አ ሳ ል ፋ ለ ሁ
አ ስ ቆ ጥ ቷ ል
መ ሷ እ ታ ቸ ው
ዘ ገ ባ ዎ ች ሽ
ጠ ባ ቅ ያ ች ን
ት ነ ግ ዳ ለ ች
እ መ ዘ ገ ባ ለ ሁ
ማ ኅ በ ራ ቸ ው
ከ ብ ረ ሻ ል
እ ና ሳ ዝ ና ለ ን
ቀ ጭ ኗ
ሀ ኪ ሞ ቻ ች ሁ
ባ ለ ቤ ት ዎ
ማ ኅ በ ሮ ቻ ች ን
ገ ር ፌ ያ ለ ሁ
ስ ብ ሰ ባ ዎ ቹ
ት ወ ስ ኛ ለ ሽ
እ ን ጨ ም ራ ለ ን
እ ቀ ይ ራ ለ ሁ
እ ጨ ም ራ ለ ሁ
አ ስ ገ ደ ደ ች
ጉ ል በ ታ ች ሁ
ጨ ካ ኟ
እ ን ገ ድ ላ ለ ን
ማ መ ል ከ ቾ ች ዎ
እ ው ነ ቶ ቻ ች ን
እ ገ ር ፋ ለ ሁ
አ ደ ነ ቃ ች ሁ
ተ መ ር ተ ና ል
ም ግ ባ ሮ ቻ ች ን
እ ን በ ቅ ላ ለ ን
አ ስ ጠ ጥ ተ ሻ ል
ተ መ ር ተ ዋ ል
ተ ወ ጥ ተ ዋ ል
አ ግ ብ ተ ና ል
ይ ወ ረ ው ራ ሉ
ስ ፖ ር ተ ኛ ህ
እ ና መ ቻ ቻ ለ ን
ዘ ገ ቦ ቻ ች ሁ
ት ደ ር ሳ ላ ች ሁ
ዘ ዴ ዎ ቻ ች ን
ተ በ ክ ላ ች ኋ ል
ት ረ ግ ጫ ለ ሽ
እ ሴ ቶ ቻ ቸ ው
ተ በ ል ተ ና ል
ታ ወ ራ ላ ች ሁ
በ ት ነ ሀ ል
መ ሥ መ ሮ ቻ ቸ ው
ታ ስ መ ጣ ላ ች ሁ
ተ ደ ፍ ራ ለ ች
እ ን ገ ር ፋ ለ ን
አ ስ ጠ ጥ ቷ ል
ግ ጥ ሚ ያ ች ን
ተ በ ል ታ ለ ች
ስ ራ ዎ ቻ ች ሁ
ተ ከ ታ ት ለ ን
ደ ን ቦ ቻ ች ሁ
ዕ ት ሞ ቻ ች ሁ
ታ ሳ ል ፋ ላ ች ሁ
አ ት ር ፈ ሻ ል
ተ ደ ፈ ራ ች ሁ
ተ ቀ ና ቃ ኞ ቹ
ማ መ ል ከ ቻ ዎ ቹ
ድ ም ፆ ቻ ች ሁ
እ ም ነ ታ ች ሁ
ሰ ነ ዶ ቻ ች ሁ
መ ሥ መ ሮ ቻ ች ን
ተ መ ር ተ ሀ ል
ጠ ባ ቂ ያ ች ሁ
ተ በ ክ ለ ና ል
ት መ ራ ላ ች ሁ
ሠ ው ነ ታ ች ን
ሰ ነ ዶ ቻ ቸ ው
ም ግ ባ ራ ች ን
ት ገ ፋ ላ ች ሁ
ዓ ይ ነ ታ ች ን
ስ ብ ሰ ባ ች ን
ዘ ይ ቶ ቻ ች ሁ
ከ ለ ከ ላ ች ሁ
ት ጠ ቃ ላ ች ሁ
አ ም ር ተ ሀ ል
ተ ጠ ግ ታ ች ሁ
ማ ስ ታ ወ ሻ ዎ ች
አ ም ር ታ ች ሁ
መ ሪ ዎ ቻ ች ን
ባ ለ ቤ ቶ ቻ ች ሁ
ስ ፖ ር ተ ኛ ዎ ቼ
ታ ተ ር ፊ ያ ለ ሽ
አ ቁ ማ ዳ ዎ ቹ
አ ነ ስ ተ ኛ ዋ
አ ባ ል ነ ት ዎ
አ ግ ብ ታ ች ኋ ል
ተ ል ከ ዋ ል
አ ስ መ ጥ ቻ ለ ሁ
ስ ፖ ር ተ ኛ ዎ ቿ
ተ ይ ዤ
ፕ ሮ ግ ራ ማ ች ን
ት ነ ግ ዳ ላ ች ሁ
ስ ብ ሰ ባ ዎ ች ዎ
ስ ፖ ር ተ ኞ ቻ ች ሁ
ተ ጠ ን ቅ ቋ ል
ስ ብ ሰ ባ ዎ ች ሽ
ት ወ ል ዳ ላ ች ሁ
እ ን ግ ዳ ዎ ች ህ
ነ ግ ደ ዋ ል
ማ መ ል ከ ቻ ዎ ች
ት ገ ር ፋ ላ ች ሁ
ጠ ረ ጴ ዛ ዎ ች ህ
እ ው ነ ታ ዎ ች ሽ
አ ዝ ነ ሻ ል
ጠ ባ ቂ ዎ ቻ ች ሁ
ስ ፖ ር ተ ኛ ዎ ቻ ቸ ው
ጨ ካ ኞ ቹ
ደ ር ሼ
ነ ፃ ነ ቶ ቻ ቸ ው
መ ዲ ና ዎ ቻ ች ሁ
ት ደ መ ስ ሳ ላ ች ሁ
አ ስ ጠ ጥ ታ ለ ች
ቤ ተ ክ ር ስ ቲ ያ ኗ
ን ጹ ህ
እ ን ደ ም ስ ስ
ተ መ ዝ ግ ባ ች ኋ ል
ተ ጠ ራ ጥ ረ ዋ ል
ስ ፖ ር ተ ኛ ዎ ች ህ
ማ ኅ በ ሮ ቻ ቸ ው
ተ ጠ ራ ጠ ራ ች ሁ
መ ስ ዋ ዕ ታ ች ሁ
አ ስ መ ጥ ታ ች ኋ ል
ት ወ ረ ው ሪ ያ ለ ሽ
አ መ ቻ ች ታ ች ሁ
ት በ ቅ ላ ላ ች ሁ
ፕ ሮ ግ ራ ሞ ቻ ች ሁ
ቤ ተ ክ ር ስ ቲ ያ ን ህ
ተ ደ ፍ ረ ዋ ል
ተ ከ ታ ት ላ ች ኋ ል
ተ ቀ ና ቃ ኞ ቻ ቸ ው
ቤ ተ ክ ር ስ ቲ ያ ኖ ቹ
ሽ ማ ግ ሌ ዎ ቻ ች ሁ
ደ ቡ ብ
ስ ፖ ር ተ ኞ ቻ ቸ ው
ይ ገ ል ብ ጥ
ድ ብ ደ ባ ዎ ቻ ች ሁ
ተ ጠ ራ ጥ ረ ሀ ል
አ መ ቻ ቻ ች ሁ
ቤ ተ ክ ር ስ ቲ ያ ና ቸ ው
ቤ ተ ክ ር ስ ቲ ያ ኖ ች ህ
ት ከ ለ ክ ላ ላ ች ሁ
ቤ ተ ክ ር ስ ቲ ያ ኖ ች ሽ
አ መ ቻ ቺ
ተ ተ ዋ ች ሁ
ቤ ተ ክ ር ስ ቲ ያ ን ዎ
ቤ ተ ክ ር ስ ቲ ያ ኖ ቻ ቸ ው
ድ ም ጿ
ገ ጿ
ወ ል ጃ ለ ሁ
አ ዋ ር ጃ ለ ሁ
ተ ቀ ና ቃ ኟ
ቅ ር ጼ
አ ም ራ ቹ
