г о р м о н
б л а г о п р и я т н о е
б у д у   д о е д а т ь
п р и т р о н у т с я
п и н г - п о н г е
н е м и н у е м о й
х у д о щ а в о м у
о б о л о ч к у
т у р и с т о в
в л о ж и в
н а д у м а н н о г о
р е б я ч ь е г о
б е с с о н н и ц а
п о с т а н о в о ч н ы й
о б у ч а л
о б л о к о т и в ш и й с я
т о п ч е т с я
р е ч н о й
ф и ш к а
м и р о т в о р ч е с к о й
к а р а в а н о м
у с м а т р и в а л а
с в е р ш а й т е с ь
п о н я т л и в ы е
б л а г о п р и я т н ы
ш в е д а м
н а р я д и л и
п о с к р е б у т
а м е т и с т
р а с т в о р и м о м
к о ф р о м
т ё т е н е к
б у д е м   р а з у з н а в а т ь
с о с л а г а т е л ь н о й
с т у д е н ч е с к о г о
п е л е н ы
с в е р ш а л с я
г у л а г а х
б у д е т   п о д х в а т ы в а т ь
з а с и я е т е
с в е р ш а л о с ь
г р у з о о т п р а в и т е л я м и
б л а г о ч е с т и в о
в о з р а с т а е т е
п р и с о е д и н я е ш ь
к в а ш е н о м
с л а в я н с к о й
к у р т о ч к а м и
п р а п о р ы
к о л о н и й
а к к о м о д а ц и я
з а р я ж е н н а я
п о л е й с я
н а д у м а н н о й
в о д я н о г о
н е м и н у е м о м у
о т к а п ы в а ю щ и й
п р о г о в о р и м
п р и т р о н е ш ь с я
и м п о т е н т а м
о в л а д е н и я
г о р и з о н т а м и   с о б ы т и й
б а н т ы
д и с т а н ц и я м
с е к с а п и л о ч к а
р е в о л ю ц и я
р е в о л ю ц и й
а р е о л у
б у с с о л я м
л е с о р у б ы
п р о д а ж у
в е р т и к а л ь ю
о м е р з е н и я
ж и т а х
п р о д а ж е
б е з о б и д н ы м и
о т п е ч а т к е
п р о г о в о р и в
и з в е р ж е н и ю
к а р а в а н а м и
п р о ш л о е
р а с т е к а в ш и й с я
р а д е е м
э р с т е д
з а м а н и в а ю т
г и п о т е н у з а
б у д е м   л о х м а т и т ь
о т к а п ы в а й
о т п е ч а т к и
о м р а ч у
ш х е р а м
к и п р и о т к у
п р о ш л ы м
б ю д ж е т н и к а
р а з о з л и т с я
п о с в я т и т
к в а р т и р
з а к о ч е н е т ь
н е о н о в о г о
г и п о т е н у з у
к а н и с т р а м
т у ч н е я
к и п р и о т о к
г у л а г а
с т о р о н н и к
а н е с т е т и к е
с о с л а г а т е л ь н ы м
б а н т а м и
д е й с т в и т е л ь н о с т я м и
н е о н о в о м у
п о д х в а т ы в а л и
з а с т и р ы в а я
н а д у м а н н о г о
п а т р у б к о в
п р о ш л о й
н е б о г а т о г о
п о м р а ч н е е ш ь
н е о н о в ы х
т у ч н е й
с о д е р ж а т е л ь н о г о
м е т а л л у р г и ч е с к и м
е д и н о д у ш н о м
п о н я т л и в о г о
р а з в а л и ш ь с я
к в а ш е н ы е
м о р с е
н е б е с а м
п а т р у б к а х
т щ у с ь
б у д у т   о в л а д е в а т ь
у ч и т е л ь с к о й
р е б я ч ь я
л о х м а т и в ш и й
н е с т а н д а р т н о г о
с в е р ш а т ь с я
с о с т а в и т е л я
д у б и н к а
б л а г о п р и я т н а я
с л а в я н с к и м и
а л г е б р а и ч е с к а я
о т с у т с т в у ю щ е м
з а т е я л
б е р е м е н н а
л ю б о п ы т н ы м
д о г о р а л а
п о д х в а т и л и
к у л и н а р н ы е
п у с т ы н н у ю
б и с е к с у а л ь н о с т и
л е с о р у б е
о т в е р г
т ё т е н ь к у
п р и т р о н у л а с ь
с в о е р у ч н о й
д о г о р а я
д о х л о
п и с а р я х
п о с в я щ у
о б л о к о т и т е с ь
п о с п о с о б с т в у ю
х а о с а м
г у л а г о м
н а д у м а н н ы м
п е л е н а м
а л и ф а м и
с л у п л ю
м е щ а н с к о г о
з а л е ж и
э х о л а л и и
т е р я т ь с я
н а р у ж н о с т и
б л а г о п р и я т н ы м
с л а в я н с к а я
ч л е н и к
г р а н е й
н е п р а в е д н о м у
о б у ч а е м
б у д е ш ь   р а д е т ь
к у т а е т с я
о т с у т с т в у ю щ е г о
г у м а н и с т и ч е с к о й
о х л у п н я
л о с я
ж е л у д к е
д е в ш и с ь
п о д х в а т ы в а т ь
л о к т е в ы х
в ы с л у ш и в а л о
в е с е л и т е
б л а г о ч е с т и в о й
г а г
н е о н о в о м
а л г е б р а и ч е с к о м
в б е ж а л а
р е ч н о е
н е б е с
з а т р я с т и
о п е к а м и
п р а п о р о м
з а с т и р ы в а ю
с в о е р у ч н о г о
б л а г о ч е с т и в ы м и
п о д х в а т ы в а й т е
а л г е б р а и ч е с к и х
у с м а т р и в а е ш ь
к р а й н о с т ь
э с э с о в е ц
н е с т а н д а р т н о м
з а т е е ш ь
и л л ю з о р н о й
д о х о й
к о ф р а м и
в е с е л и т
п р е н е б р е ж и т е л ь н о с т ь
б у л ь д о з е р е
с о р в а л
в р ё т е
н е м и н у е м а я
к о н ц е р н е
д о х л а я
к у л и н а р н о м у
н е б о г а т ы е
м н о г о м и л л и о н н о й
з а т р я с у
п р о с у н е ш ь
к о м н а т н о й   т е м п е р а т у р е
и м п о р т и р у е т
с л а в я н с к у ю
м о р с о в
о в л а д е н и я
к а т е р и щ е
в л о ж и т ь
з а и г р ы в а е ш ь
о м е р з е н и и
к и н е т и ч е с к о й   э н е р г и и
в а х т е н н ы м
п о м е щ и ч ь е
е д и н о д у ш н ы м
б у д у   з а м а н и в а т ь
в в е р и в ш и й
в о д я н о м у
о т к а п ы в а е т
п е р е х и т р ё н н ы й
к у л и н а р н о й
э р с т е д а м
н е б о г а т о г о
е д и н о д у ш н ы х
о т с у т с т в у ю щ е й
п р о с у н у т ы й
ч ж у а н с к о г о
н а г р о м о з д я т
р а с т е к а л о с ь
с о л ё н о й
у л ь т и м а т у м о в
п о с п о с о б с т в у е т е
а к к о м о д а ц и я х
п о н я т л и в о й
л и б е р а л ь н о е
п р е с н ы е
о б у ч а ю щ и й
к с и в а м
д в е р к и
у м е н ь ш а т с я
х р о н о м е т р а м
н е б о г а т о м
д о х е
к о л о н и и
п о п е р х н у л и с ь
п о с т а н о в о ч н о м у
у п р а в л е н и е м   о г н ё м
в о д я н о й
е д и н о д у ш н о г о
к о н ю х а
о т п е ч а т а е ш ь
и л л ю з о р е н
б и с е к с у а л ь н о с т ь
д о х л о г о
б а н т а м
о т к а п ы в а ю т
в а х т е н н о й
б ю с т г а л ь т е р а м
м е щ а н с к о е
п о д х в а т и ш ь
б е з о б и д н ы й
е д и н о д у ш н о й
б л а г о ч е с т и в ы х
б у д е ш ь   о т к а п ы в а т ь
и л л ю з о р н ы й
п р о г р е м е в ш и й
з е м с т в е
б у д е т   с в е р ш а т ь с я
с п и ч е ч н ы х
п о с т а н о в о ч н о е
б у д е ш ь   л о х м а т и т ь
л е с о р у б о в
п о н я т л и в о й
и з в р а щ е н и я м и
к и п р и о т к и
н а р я д и ш ь
к и л ь к и
к о н ю х у
б у д е м   п л о д о н о с и т ь
б о й ц а
л и б е р а л ь н о й
н а г р о м о з д и в
р а з о з л и л и с ь
о в ц е б ы к а
з е м л я н о г о   ч е р в я
з а т е я л а
с о с т а в и т е л ю
ч ё р н е н ь к о м у
о т р я ж а л
м а л ы ш о к
р у с о ф и л а х
а р е о л а х
п о д т я н и
о т с у т с т в у ю щ и м и
в р а л
б ю с т г а л ь т е р ы
т о п ч а с ь
ж и т
т у ч н е в
у р о д о в
т р а н с с е к с у а л ь н ы м
д о е д а е м ы й
б а л е т н ы м
о т р я ж а л а
б е р е м е н н о е
п о с т а н о в о ч н у ю
в ы с т а в и л и
в р и т е
к у л и н а р н ы м и
е з д и ш ь
с в о е р у ч н у ю
б у д е м   з а с т и р ы в а т ь
п о з и р у ю щ и й
к и п а р и с
о т в е р г н е т е
у л ы б о ч к е
р у с о ф и л а
с т у д е н ч е с к и х
с о с р е д о т о ч и в а е м
с т е л а м и
п р е н е б р е ж и т е л ь н о с т и
н е м и н у е м ы
р а з в ё р с т к а х
х у д о щ а в ы е
з а р я ж е н н ы м и
э р с т е д о м
л о х м а т и ш ь
ш в е д а
с п и ч е ч н ы е
р е б я ч ь е й
с о с р е д о т о ч и в а ю т
к в а ш е н ы х
к в а ш е н о г о
е д и н о д у ш н о м у
к и с л о р о д н а я
н а м а т ы в а л и
п и с а р е м
н е о н о в о м
р а з б и р а т е л ь с т в у
м я г к и е   в л а с т и
а к т и в и з и р у ю т с я
т ё т е н ь к а м и
в з и м а в ш и й с я
п о д н е с ё н н ы й
з и г з а г а
м и р о т в о р ч е с к о е
п о п у л я р н о с т и
р а с х и т и т е л е м
б у с с о л и
п о м е щ и ч ь е
т ё т е н ь к о й
о к р у ж а ю щ и м и
п е п е л ь н и ц
о т н о ш е н и я
о к р у ж а ю щ и е
в о д о л е е м
к в а ш е н ы е
б у д е т е   с о с р е д о т о ч и в а т ь
к и п а р и с ы
н а г р о м о з д и л и
з а с т и р ы в а ю т
п о н я т л и в
н е с т а н д а р т н о е
ч ё р н е н ь к и х
б у д е т е   д у р и т ь
п е л е н а
б ю д ж е т н и к а м и
т у ч н е т ь
п р е с н о й
п р и з в у к
к у т а л о с ь
б у д е т   т е р я т ь с я
м а л ы ш к и
б у д е ш ь   а к т и в и з и р о в а т ь с я
н а д у м а н н о й
п р о г о в о р и т
р а з у з н а ю
г а л л и е в
н е о н о в о й
п р о с у н ь т е
п о д н е с л а
р а з р ы в а м и
л у ч н и к и
м и р о т в о р ч е с к о м
б у д е т   о т р я ж а т ь
с о д е р ж а т е л ь н о е
н е б о г а т ы й
с в о е р у ч н о г о
н а с л ы ш а в ш и й с я
с к а з а н и ю
н а р я д и в
п и с а р е й
к и л е к
б у д е т е   к у т а т ь с я
к и п а р и с а
л о к т е в ы м и
н е с т а н д а р т н о м у
с в е р ш а е м с я
п р и н ю х а ю т с я
о с ь м и н о г а м
к и п р и о т к е
о т в е р г н е м
н е б е с а
м н о г о м и л л и о н н ы м
к о н ц е р н
р а з о з л и т ь с я
э с э с о в ц а х
з а с т и р ы в а л и
б у д е т е   р а с т е к а т ь с я
п р и к у п л е н н ы й
б а л е т н о м у
в р а в ш и й
о т к а п ы в а е м
т о н и к а м и
ш х е р ы
е ж е г о д н и к е
п р е н е б р е ж и т е л ь н о с т и
б л а г о ч е с т и в ы м
к и н е т и ч е с к и м   э н е р г и я м
п о м е щ и ч ь и х
ч ё р н е н ь к о й
к р а й н о с т и
п о с л у ш а н и е
к о л о н и е й
п и а р а м и
к в а ш е н у ю
п р е с н о г о
л о к т е в о й
х у д о щ а в о й
д о е д а я
к р а й н о с т я м и
б у д е м   р а д е т ь
п р о д а ж
в в е р и т ь
к у л и н а р н ы й
р е ч н ы м и
в и х о р
с л а в я н с к и е
в р а л о
к р и з и с н о й
к и с л о р о д н о г о
и с п р а ж н е н и е
т р о ц к и с т а м и
б е з о б и д н о е
с т е р е о л у п ы
п р и н ю х а е м с я
з а с т и р ы в а й т е
о т р я ж а е т
д и с т а н ц и и
м а д р и г а л
с о с р е д о т о ч и в а л о
п о п е р х н у в ш и й с я
с о л ё н а я
н е м и н у е м о й
з и г з а г е
л о к т е в о м у
п о д д а в ш и с ь
к с и в ы
о т к а п ы в а л о
х е р у в и м ы
в о д о л е ю
г у м а н и с т и ч е с к и й
т р а н с с е к с у а л ь н о е
б у д у т   с л и в а т ь с я
е з д я щ и й
п р а п о р а
о т н о ш е н и я
т у р и с т а
д о т я г и в а е м с я
с к а з а н и е
и л л ю з о р н а я
м а с т е р у   н а   в с е   р у к и
в ы с т а в и л
к р и з и с н о й
к а р а в а н а х
с о д е р ж а т е л ь н о
у м е н ь ш и с ь
б л а г о ч е с т и в ы х
н а д у м а н
л и з н у т
у с м а т р и в а е т е
а ф ф и к с ы
с о р в е ш ь
п р о н и ц а е м о с т я м и
б а н т е
р а с т в о р и м а я
з а и г р ы в а т ь
а м е т и с т у
г а л л и и
м н о г о м и л л и о н н у ю
д о т я г и в а я с ь
т е р я л а с ь
б у д е т   д у р и т ь
и л л ю з о р н о г о
в о з р а с т а в ш и й
д о х л о м у
б у д е т   з а п л е т а т ь
з а р я ж е н ы
б у д у т   о т к а п ы в а т ь
д о х а м и
з е м с т в о м
п у с т ы н н ы м
г а г а
о м р а ч и т ь
н а с л ы ш а л а с ь
п о д х в а т и л
у р о д ы
л а т у н ь
п р и с о е д и н я ю
т о н и к а х
б у д у   р а д е т ь
н е с т а н д а р т н ы й
к р а й н о с т и
п е р в о и с т о ч н и к
б у д е т е   в е с е л и т ь
к с и в ы
р а з о з л и л о с ь
р е б я ч ь ю
и з в е р ж е н и е
у с м а т р и в а е т
з и г з а г
г о р и з о н т о м   с о б ы т и й
к и с л о р о д н о м
н а с л у ш а е т е с ь
м а с т е р а х   н а   в с е   р у к и
п р о н и ц а е м о с т ь
с в о е р у ч н о г о
л а т у н е й
с ы н и ш к е
т о н и к о м
д о е д а т ь
т ё т е н е к
о т н о ш е н и е
о т п е ч а т а ю т
н е м и н у е м ы е
д о е д а й
б л а г о ч е с т и в ы е
б у д е ш ь   т о п т а т ь с я
н а д у м а н н ы х
р а з у з н а в а в
п и н г - п о н г о м
у ч и т е л ь с к о й
л я р в а м и
г о р м о н а м
п р а я з ы к а
б о й ц а
е д и н о д у ш н о й
у р о ж а й н о с т ь ю
п л о д о н о с и в ш и й
з а с и я л
п о с п о с о б с т в о в а л а
з а с и я л и
к о к а р д ы
к р и з и с н о й
с к а з а н и я м
м и р я н а м и
б у д у   в ы к и д ы в а т ь
п о л ь з о в а т е л е
с а н а т о р и ю
п е р е х и т р и л о
с п и ч е ч н ы м
ю н ц а х
к у л и н а р н ы е
а л и ф о м
п р о д а ж е
с к а з а н и я
н е п р а в е д н о г о
в ы к и д ы в а в ш и й
а к к л и м а т и з а ц и е й
с ё р ф и н г у
у р о д а х
р е б я ч ь и
л и з н у л и
р а с х и т и т е л е
т р а н с с е к с у а л ь н а
б о й ц а м и
о м р а ч и л а
с о д е р ж а т е л ь н о м у
в р ё т
б у д у т   т у ч н е т ь
с к а з а н и и
п е п е л ь н и ц ы
п р е н е б р е ж и т е л ь н о с т и
д о е д а й т е
л и б е р а л ь н о е
к у л и н а р н о м
в ы с л у ш и в а л а
д о х л о е
с в о е р у ч н а
с т у д е н ч е с к о е
у ч и т е л ь с к о й
п у к л е
м е т а л л у р г и ч е с к о г о
б у д у т   т е р я т ь с я
о в л а д е в а в ш и й
д и с т а н ц и и
п р о т и в о с т о я н и я
б л а г о ч е с т и в ы х
к о м н а т н а я   т е м п е р а т у р а
в и х р ы
р а з о з л и с ь
о в л а д е н и й
п о з и р о в а в
в о з р а с т а ю щ и й
е з д и в
з а т е е т е
с л у п и в
н а д у м а н н о й
н е д р а
п о п у л я р н о с т и
д о г о р а е т
б у д у   д о т я г и в а т ь с я
и л л ю з о р н о г о
к р и з и с н ы е
в в е р и т
п и н г - п о н г а м и
б у д е ш ь   д у р и т ь
п р о т и в о с т о я н и е
м а д р и г а л о м
у л ь т и м а т у м
п у к л и
в о д я н о й
ф р а к о в
т р а н с ф о р м а ц и и
э к р а н а м и
р а д е е т
а л и ф у
б у д е м   п о д х в а т ы в а т ь
с а н а т о р и е в
м е щ а н с к и м
т р о ц к и с т о в
п о д т я н е м
у ч и т е л ь с к и м и
п е п е л ь н и ц у
з а п л е т а ю
м е т а л л у р г и ч е с к о г о
с в о е р у ч н ы м
о б о л о ч е к
н а д у м а н о
х а о с у
о в л а д е н и я м
т щ а т с я
е д и н о д у ш н а я
р а с т е к а в ш и с ь
к о л о н и ю
л ю б о п ы т н ы м
м я г к и х   в л а с т е й
п и с а р и
к о м н а т н ы е   т е м п е р а т у р ы
н а г р о м о з д и в ш и й
л и з н и
п р а п о р
б е с с о н н и ц ы
т у р и с т ы
с т у д е н ч е с к и м
р е ч н о м
б у д у т   в з и м а т ь с я
к в а р т и р ы
е д и н о д у ш н о м
н е м и н у е м о й
е ж е г о д н и к
н а м а т ы в а в
п р а я з ы к а м и
п р о г р е м е л
г р а н и ц а м и
р е ч н о г о
б у с с о л ь
м и р о т в о р ч е с к и х
с в е р ш а ю с ь
н е о б р а б о т а н н о м у
к и п а р и с а м
з е м с т в а х
в и х р о в
р а з р ы в е
г р а н и
в о д я н о г о
к у т а л и с ь
д о т я г и в а е т е с ь
г р у з о о т п р а в и т е л я
р а с х и т и т е л е й
д и п л о м а т а
п р о г р е м е л а
ю н е ц
к в а р т и р ы
л о х м а т и м
в в е р ю
ф л ю и д ы
к о м н а т н ы е   м у х и
с е к с а п и л о ч к а м
п о д д а л о с ь
ч ё р н е н ь к о г о
у ч и т е л ь с к и х
и м п о т е н т ы
г р а н я х
к о н ю х а
с о д е р ж а т е л ь н ы х
н е о б р а б о т а н н о й
б е з о б и д н ы
н е с т а н д а р т н а я
о б л о к о т и л а с ь
с в о е р у ч н ы м и
т а т е й
п р и с о е д и н я в
м а л ы ш к о в
п р и к у п и
з а в е р н и
б е р е м е н н ы е
п о п у л я р н о с т ь ю
е з д и л и
п о л ь ю т с я
р о м а н с а м
а л и ф а х
н а р я д я т
к а т е р и щ е м
п у с т ы н н о м у
з а п л е т а е м ы й
е д и н о д у ш н ы м и
т р о ц к и с т а
с о л ё н ы х
б у д е т   о т к а п ы в а т ь
н е п р а в е д н о м у
э р с т е д а м и
б у д е м   с в е р ш а т ь с я
к в а ш е н ы м
х е р у в и м о м
з а и г р ы в а я
м о р с
м а н д о л и н ы
к р и з и с н о е
п р е д с т а в л е н и е м
б л а г о п р и я т н о й
в б е ж и ш ь
л ю к с а м и
с п и ч е ч н о г о
д е л с я
с в е р ш а л и с ь
к о о р д и н а т ы
к у л и н а р е н
п р о г р е м л ю
к и с л о р о д н ы х
п р и т р о н у т ь с я
и л л ю з о р н ы м и
ч л е н и к и
ч ё р н е н ь к и м
р а д е ю щ и й
б у д е т   о в л а д е в а т ь
к р о т о в
н е б о г а т ы х
е д и н о д у ш н о е
з а п а д н и к о м
о т с у т с т в у ю щ и й
б о г а т ы р я м
п р и н ю х а в ш и с ь
м я г к и х   с и л а х
м н о г о м и л л и о н н о
п р е с н ы м и
н е п р а в е д н о
б а л б е с а
о б л о к о т и т ь с я
к в а ш е н ы х
в ы к и д ы в а е ш ь
к и л ь к а х
о б о л о ч к а м и
к а т е р и щ
г а г о й
р а с т в о р и м о г о
н е б о г а т о м у
о т н о ш е н и и
к в а ш е н о й
э к р а н у
м а л ы ш к а х
п л о д о н о с и т ь
б у д е т   п р и с о е д и н я т ь
б о г а т ы р е
г а л л и й
э с э с о в ц а
р а з в ё р с т к а
к о о р д и н а т е
к у р т о ч к и
р а с т е к а е ш ь с я
о с е
к р а й н о с т ь
р а с т в о р и м о е
б у д е ш ь   в ы к и д ы в а т ь
б у д е ш ь   з а с т и р ы в а т ь
б у д е т   а к т и в и з и р о в а т ь с я
б е с с о н н и ц е
л о с ь
н е с т а н д а р т н о й
ч ж у а н с к о м
ч ж у а н с к о й
б л и з л е ж а щ и е
б у д е т   н а м а т ы в а т ь
ш х е р
п и с а р я
о т к а п ы в а л и
т у р и с т у
б а л е т н о е
п о м р а ч н е т ь
н е о б р а б о т а н н ы е
т о н и к а
и л л ю з о р н о г о
и л л ю з о р н о м
д о т я г и в а ю т с я
н е о б р а б о т а н н о м
з е м с т в а м
к р и з и с н о г о
о к р у ж а ю щ и м
о т в е р г н и
с а н а т о р и я х
с о с т а в и т е л е й
р е б я ч ь е м
с т е р е о л у п а м
н е о н о в ы й
с а н а т о р и я
м а н д о л и н е
ч ж у а н с к и х
л у ч н и к а
п р о г о в о р и л и
о в л а д е в а л и
о т с у т с т в у ю щ е е
п р о ш л о м
ф р а к е
в л о ж и ш ь
к о ф р е
с к а з а н и е
л о к т е в о г о
с т у д е н ч е с к о е
л ю б о п ы т н о й
к р и з и с н о г о
в з и м а е ш ь с я
п р о г о в о р и т е
л о к т е в о е
с о д е р ж а т е л ь н о м у
у л ы б о ч к и
п о н я т л и в о г о
а р е о л ы
д о х л у ю
в б е ж а т ь
р а з в ё р с т к у
д о е д а л и
д о г а д к е
о т р я ж а в
п е р е х и т р и
к у т а л а с ь
и л л ю з о р н о
к у ч а
в з и м а ю щ и й с я
о п е к у
р а н е н и ю
з и г з а г
з а р я ж е н н ы м
т о п т а л о с ь
п р и с о е д и н я е т е
б л и з л е ж а щ а я
б у д е т е   и м п о р т и р о в а т ь
и м п о т е н т а
н е с т а н д а р т н о й
ж е л у д к а м
в о д я н ы х
д е м а т е р и а л и з а ц и ю
б л а г о п р и я т н о й
а к т и в и з и р у ю щ и й с я
ч ж у а н с к о й
р а з б и р а т е л ь с т в о
м а с т е р а м   н а   в с е   р у к и
р у с о ф и л у
г а г а х
ф л ю и д
г у л а г
к и с л о р о д н ы м и
с о л ё н о м
ч ё р н е н ь к о м
р а н е н и я
с л а в я н с к и м
н а р я д и т е
п о д т я н у в ш и й
х у д о щ а в о м
б у д е т е   о т р я ж а т ь
с т о р о н н и к е
б е з о б и д н о й
к а н и с т р а х
к р и з и с н а я
н е б о г а т ы е
р е б я ч ь е м у
р а з у з н а в а я
п о с п о с о б с т в о в а в
з е м л я н ы м   ч е р в я м
с о с р е д о т о ч и в а е ш ь
б е з о б и д н о
б у д у т   з а с т и р ы в а т ь
с м е р т е л ь н о м у
п р о ш л о е
п о м е щ и ч ь и м и
т р а н с ф о р м а ц и е й
б у д е м   в о з р а с т а т ь
л и б е р а л ь н о г о
г а г у
ч л е н и к а м
б у д у   п о з и р о в а т ь
р а з о з л ю с ь
с т е л у
в з и м а л а с ь
к у ч а м и
у м е н ь ш у с ь
п о с в я т и т е
с о с р е д о т о ч и в а й
р у с о ф и л о в
с о с л а г а т е л ь н ы х
о т в е р г л и
п р и с о е д и н я е м
к у т а в ш и й с я
б у ф е т а х
о в ц е б ы к а х
б а л е т н ы е
в ы с л у ш и в а е т е
д о х л ы
к р а й н о с т и
п о с т а н о в о ч н ы х
о т к а п ы в а е т е
к и л ь к а м
в б е г у
о т р я ж а т ь
д у ш е п р и к а з ч и к о м
п о з и р о в а л и
в ы с л у ш и в а й т е
с л у п и т
б у д у т   п р и с о е д и н я т ь
в о д я н о м у
б л а г о п р и я т н ы е
з а с т и р ы в а е т
н и ч ь е й
п о д т я н и т е
п о л ь з о в а т е л ю
п о д х в а т ы в а я
с л и в а л с я
б у д е ш ь   п р и с о е д и н я т ь
т о п т а в ш и с ь
п р е с н о м у
б е р е м е н н а я
с о л ё н о м у
е з д и т ь
п е р е х и т р и л
м е щ а н с к и м
л и б е р а л ь н ы е
х р о н о м е т р
р е ч н о й
б л а г о ч е с т и в о г о
м н о г о м и л л и о н н ы е
н е д р а
н е б о г а т ы м и
с т у д е н ч е с к и х
о в ц е б ы к о в
ч ж у а н с к и х
а ф ф и к с у
ж е л у д к о в
п е р е з в о н и м
п р е с н ы х
д о т я г и в а в ш и й с я
н а с л у ш а л о с ь
к о м н а т н о й   м у х и
м н о г о м и л л и о н н о й
о т с у т с т в у ю щ и х
ч ё р н е н ь к и м
ф р а к а м
л е с о м е л и о р а ц и и
о т п е ч а т к а х
п о з и р у й т е
с т е р е о л у п е
с п о д в и ж н и к
г а и ш н и к е
п р е н е б р е ж и т е л ь н о с т я х
с м е р т е л ь н ы е
п е р е с е л е н е ц
с о с л а г а т е л ь н о м
ш е р е н г о й
п р и г л я д я т
б ю д ж е т н и к о м
п о л ь з о в а т е л я х
з а м а н и в а в
ж и т у
к р а й н о с т е й
н е с т а н д а р т н о г о
н а д у м а н н у ю
з а р я ж е н н о г о
с м е р т е л ь н о й
п о п у л я р н о с т и
г р а н и
а р е о л а м
з е м с т в а
д о х л о е
а м е т и с т ы
у п р а в л е н и й   о г н ё м
н е б о г а т
т щ и л с я
в ы с т а в и в ш и й
б у д е м   о т р я ж а т ь
а в т о м а ш и н а м
п о г о н я
г у л а г о в
о т п е ч а т а н н ы й
х е р у в и м
у х н у л а
п о п е р х н е т с я
п у к л е й
к и н е т и ч е с к у ю   э н е р г и ю
г у м а н и с т и ч е с к и м
н и ч ь ю
у с м а т р и в а ю
у м е н ь ш и л с я
б а л б е с ы
з а с т и р ы в а е м ы й
б л а г о ч е с т и в о м у
с т у д е н ч е с к о й
н е п р а в е д н ы х
п о з и р о в а т ь
л о к т е в ы е
б у д е т   с л и в а т ь с я
б а л е т н ы й
о м е р з е н и я м
с о с л а г а т е л ь н ы е
у ч и т е л ь с к и х
р а н е н и я
р е ч н ы м
о т р я ж а е м ы й
а л г е б р а и ч е с к о м
г у л а г и
з а и г р ы в а е м ы й
к р о т а м и
о в л а д е в а л а
и л л ю з о р н ы м
д и к т о р ш
л ю б о п ы т н о й
е з д и л о
к у т а л с я
в о д я н ы х
э р с т е д у
н и ч ь е й
с в е р ш а ю т с я
б а л е т н а я
в а х т е н н ы м
з и г з а г о в
к и л е к
г а г
э с э с о в ц а м
к о о р д и н а т а м
с е к с а п и л о ч е к
п р и н ю х а й с я
п а т р и а р х и е й
а л г е б р а и ч е с к о м у
м а с т е р е   н а   в с е   р у к и
к р и з и с н ы м
к у л и к о м
п о д х в а т и в ш и й
г о р м о н ы
з а р я ж е н н ы й
н е б о г а т ы м
т р а н с ф о р м а ц и я
п о м е щ и ч ь е й
л е с о м е л и о р а ц и ю
о м е р з е н и я м и
т у ч н е л о
с т у д е н ч е с к и м
б у д е т   д о е д а т ь
п а т р и а р х и и
п о г о н я х
о с у
ш в е д а м и
с о с т а в и т е л я
а к к л и м а т и з а ц и и
р а с т в о р и м ы м
р а з у з н а в а т ь
г у м а н и с т и ч е с к и м
п р а я з ы к и
п р о д а ж а м
т р а н с с е к с у а л ь н ы е
р а з у з н а в а е м ы й
л о к т е в о м
л о х м а ч у
н а д у м а н
л и б е р а л ь н ы й
н а д у м а н н ы м
ш е р е н г и
у л ы б о ч к у
н а д у м а н н ы м
п о м е щ и ч ь е м у
н а м а т ы в а е т
д е н е т е с ь
р е б я ч ь и м и
к у ч е
с ы н и ш е к
о б л о к о ч у с ь
р а д е й
а к к л и м а т и з а ц и и
с т у д е н ч е с к и е
л о к т е в о й
с о с л а г а т е л ь н ы й
д о х а х
т р а н с с е к с у а л ь н ы х
л ю к с а х
т р о ц к и с т у
у х н у т
с п о д в и ж н и к у
м н о г о м и л л и о н н ы м
л е с о м е л и о р а ц и я м
б е з о б и д н ы е
х у д о щ а в ы м и
т щ и т с я
п е п е л ь н и ц а х
л ю к с о в
л ю б о п ы т н ы м и
з а к о ч е н е е м
б о г а т ы р е й
м е т а л л у р г и ч е с к о м
р а з р ы в а
л у ч н и к
п о м е щ и ч ь и м
б у д е м   п о з и р о в а т ь
п р а я з ы к о м
в з и м а е т е с ь
г р а н и ц е й
к у т а е т е с ь
к и с л о р о д н о г о
п р о г о в о р и т е
б а н т
б у д е т е   е з д и т ь
и з в р а щ е н и я м
д и п л о м а т ы
п р и г л я д е л
к а р а в а н е
п о з и р о в а л о
б у ф е т
с а н а т о р и й
с о л ё н ы й
н е м и н у е м ы м и
с о р в и т е
п е р в о и с т о ч н и к
т щ и м с я
о с ь м и н о г а
п о с т а н о в о ч н о м
г у м а н и с т и ч е с к и м и
п о с т а н о в о ч н а
е д и н о д у ш н ы х
б у д е м   з а м а н и в а т ь
м и р о т в о р ч е с к о й
п о м е щ и ч ь е г о
п о н я т л и в ы м
м о р с
б л а г о ч е с т и в ы й
н а д у м а н н о м
п о с в я т и л и
э х о л а л и и
в ы с т а в и л о
к о к а р д е
к о к а р д а х
о г у р ц а м
е з ж у
п р о ш л ы м
г а л л и и
к о о р д и н а т ы
л о с я
с о с т а в и т е л е м
п о с в я т и ш ь
к о н ю х о м
к а р а в а н а
п у с т ы н н о й
а к к о м о д а ц и и
б у д у   з а п л е т а т ь
н и ч ь и х
с а н а т о р и и
н а д у м а н н о е
п о м е щ и ч ь и м
т у ч н е ю
л е с о м е л и о р а ц и и
к о м н а т н ы х   т е м п е р а т у р
к о ф р ы
л ю б о п ы т н ы х
т о п т а л с я
п р о ш л ы е
т е р я ю с ь
п о п е р х н у л а с ь
б у д е м   в р а т ь
п р а п о р а м
м и р о т в о р ч е с к и е
у р о д а м
д у б и н к о й
п р о г р е м и ш ь
с о л ё н ы й
б у д е ш ь   о б у ч а т ь
б ю с т г а л ь т е р е
н е о б р а б о т а н н о г о
м и р я н а х
г а л л и я х
п у к л е
р о м а н с
б е р е м е н н ы м
б у д е м   и м п о р т и р о в а т ь
н е б о г а т о е
б у д у т   в р а т ь
к р о т е
ю н ц у
к о л о н и и
т р а н с с е к с у а л ь н ы х
б ю с т г а л ь т е р а х
с о с л а г а т е л ь н ы х
б у д у т   л о х м а т и т ь
а к т и в и з и р у ю с ь
р а з у з н а в а й т е
е з д и т
т е р я в ш и с ь
н а р у ж н о с т ь
б е з о б и д н о й
к и л ь к е
д о х л ы й
ж и т о м
с е к с а п и л о ч к а м и
в ы к и д ы в а е т е
в о з р а с т а е м
б у д е м   д о г о р а т ь
п о п у л я р н о с т ь
п р о т и в о с т о я н и я
р а с х и т и т е л ю
а м е т и с т а м
п е р в о и с т о ч н и к е
к р и з и с н ы й
п о л и в ш и с ь
д о е д а е т е
а к к о м о д а ц и и
к у т а ю т с я
ж и т а
н а д у м а н н о м
п о д х в а т и т
с о с р е д о т о ч и в а в
р а с т в о р и м о м у
п р и г л я д и ш ь
в е с е л ю
в л о ж и
н а м а т ы в а ю щ и й
н а д у м а н н а
п и а р
р а з в ё р с т к а м и
о т с у т с т в у ю щ е г о
и з в е р ж е н и я
т щ и т е с ь
с л и в а е ш ь с я
б у д е ш ь   д о е д а т ь
х а о с ы
п о м е щ и ч ь и
а м н е з и я м и
н а с л у ш а й с я
н е о н о в ы е
к о к а р д а м
н а д у м а н н о е
н а д у м а н н о
п о д х в а т ы в а е т
и с п р а ж н е н и е
в ы с т а в и м
б л а г о п р и я т н ы м
и с п р а ж н е н и я
п о с т а н о в о ч н о г о
к р и з и с н о м у
б ю д ж е т н и к а
п р и т р о н е м с я
д и к т о р ш е й
т р я п о ч к а м
б у д е ш ь   у с м а т р и в а т ь
б у д у т   т щ и т ь с я
з е м л я н ы м   ч е р в ё м
и м п о р т и р о в а л и
б л и з л е ж а щ е е
н а д у м а н н о й
н а д у м а н н о й
с п и ч е ч н о й
м е т а л л у р г и ч е с к о е
в о д я н у ю
о х л у п н и
о с ь м и н о г и
п о с к р ё б
к в а ш е н о
в о д о л е и
п о д д а л а с ь
к а т е р и щ а
ч ё р н е н ь к и х
а л и ф
и з в р а щ е н и е м
о б л о к о т я т с я
о г у р ц а м и
а л г е б р а и ч е с к и м
к о м н а т н о й   м у х о й
п и с а р ю
у с м а т р и в а е м ы й
б у с с о л ь
в о д о л е я м и
р а з б и р а т е л ь с т в
п л о д о н о с и м
п о д х в а т ы в а й
о в ц е б ы к а
ш е р е н г а х
з а к о ч е н е л о
б е р е м е н н ы х
б л а г о п р и я т н ы й
о т с у т с т в у ю щ е м у
о т п е ч а т а в ш и й
б а л б е с а х
а к т и в и з и р о в а в ш и с ь
о в л а д е н и я
с п о д в и ж н и к а х
б е с с о н н и ц е
е ж е г о д н и к о в
п р е с н ы м
с л а в я н с к о г о
т р я п о ч е к
к о н ю х
а к к л и м а т и з а ц и я м
п о н я т л и в ы й
л о х м а т и л
н е м и н у е м ы й
б л а г о п р и я т н о г о
т р а н с с е к с у а л ь н о й
м а д р и г а л а
п о с п о с о б с т в о в а в ш и й
п о н я т л и в о м
з а р я ж е н н ы й
б у ф е т а м
к о ф р
к у ч е й
у р о ж а й н о с т и
в б е ж и т е
у ч и т е л ь с к и е
в р ё м
и с п р а ж н е н и я х
с т е р е о л у п а х
а н е с т е т и к а х
н а м а т ы в а е м
у х н у в ш и й
б а л б е с о м
б у д е ш ь   о т р я ж а т ь
н е с т а н д а р т н ы м
п о д т я н у
н а г р о м о з д и
з а в е р н у т ь
в о д я н о м
д о т я г и в а е ш ь с я
г р у з о о т п р а в и т е л я
у м е н ь ш и л и с ь
р а з в ё р с т к е
э м б л е м ы
к у ч а х
л у ч н и к о в
м а н д о л и н о й
п о с к р е б ё н н ы й
з а м а н и в а т ь
а н е с т е т и к о в
э х о л а л и и
с л а в я н с к и х
х у д о щ а в о м у
г р и м а с у
л и з н е т
т р а н с с е к с у а л ь н о й
н е о б р а б о т а н н ы й
з а т р я с е т е
в в е р и м
п р о ш л ы м
б у д у   о в л а д е в а т ь
п о о щ р е н и й
м я г к а я   в л а с т ь
б у с с о л я м и
с л и в а т ь с я
т р а н с с е к с у а л ь н ы й
б у д у т   о б у ч а т ь
д и п л о м а т у
п о д т я н у в
з е м л я н ы х   ч е р в е й
т а т я
г р у з о о т п р а в и т е л ю
з а п а д н и к а
к и п а р и с
в е с е л я т
у м е н ь ш и т е с ь
м а с т е р а   н а   в с е   р у к и
ш е р е н г и
в ы с т а в л е н н ы й
л и б е р а л ь н а я
и л л ю з о р н о м у
б а л е т н о е
и л л ю з о р н ы х
с л и в а я с ь
т р а н с с е к с у а л ь н ы х
р а с х и т и т е л е й
з а л е ж а х
о б л о к о т и м с я
р е б я ч ь е й
о т с у т с т в у ю щ е г о
п о л и л с я
л о к т е в о й
с м е р т е л ь н о е
о м е р з е н и й
в з и м а е т с я
д у р и л о
л о к т е в о й
н е п р а в е д н о м
п р о г р е м е в
п р е д с т а в л е н и и
м н о г о м и л л и о н н о м у
п о л ь з о в а т е л ь
п о з и р у е м
б у л ь д о з е р а
с т у д е н ч е с к о й
к с и в е
у п р а в л е н и е   о г н ё м
с о д е р ж а т е л ь н ы е
д е м а т е р и а л и з а ц и я м
т р о ц к и с т ы
л ю к с ы
п о с л у ш а н и я
п л о д о н о с и л о
б о г а т ы р и
б у д у   п р и с о е д и н я т ь
м е щ а н с к и й
б л а г о п р и я т н ы х
п е р е х и т р и м
п о д д а д у т с я
б е с с о н н и ц
н е о н о в о г о
з а п а д н и к а м и
н а д у м а н н ы х
н е м и н у е м о м у
ш е р е н г е
р а з в а л и т ь с я
б е з о б и д н а я
ч л е н и к о в
р а д е л и
а ф ф и к с а
с о с л а г а т е л ь н о й
п р и с о е д и н я л а
с в о е р у ч н ы х
к о к а р д е
п е л е н ы
д и к т о р ш а м
р а с т в о р и м у ю
п е л е н а х
т р а н с с е к с у а л ь н ы м
н а с л у ш а л и с ь
с о л ё н о г о
ч л е н и к
г а и ш н и к а м
у л ь т и м а т у м у
о б у ч а й т е
к в а р т и р а м и
г у м а н и с т и ч е с к о й
б е р е м е н н о й
у х н у в
в л о ж и т
н е о н о в о й
к у л и к а м и
р е б я ч ь е г о
н е м и н у е м о г о
з а р я ж е н н ы м
с о д е р ж а т е л ь н а
б у д у т   и м п о р т и р о в а т ь
з а р я ж е н н ы е
к о н ю х е
к и п р и о т к и
ч ё р н е н ь к и м
п о д н е с е т
р а з о з л и ш ь с я
п о л и л а с ь
п е п е л ь н и ц е
п о м р а ч н е в
п о г о н и
к р а й н о с т я м
к а н и с т р ы
р а с т в о р и м ы й
т щ и т е с ь
в о д о л е е в
п о с п о с о б с т в у е т
н е п р а в е д н ы м
к и с л о р о д н о е
б а л е т н ы х
п е р е х и т р и т ь
ч ж у а н с к и й
р е ч н о м
ф л ю и д а м и
м е щ а н с к а я
з а п а д н и к у
в о д я н о й
п о п е р х н у л о с ь
с о д е р ж а т е л ь н о й
с о с л а г а т е л ь н ы м
б у л ь д о з е р а м
н а р я д и л а
г и п о т е н у з а м и
л и б е р а л ь н ы й
п е р в о и с т о ч н и к а м
з а с т и р ы в а в ш и й
о т н о ш е н и я м и
д в е р о к
п р о ш л о г о
н а с л у ш а е м с я
п р а п о р ы
р а с т е к а е м с я
д у р я т
з а в е р н у л а
д о х л ы х
г р а н и ц
в е р т и к а л и
в з и м а т ь с я
д и п л о м а т
н е о н о в ы й
у р о д а
к о н ц е р н а м
а м н е з и и
п р е с н ы
э с э с о в ц а
к и п р и о т к е
ч ж у а н с к о е
д о г о р а ю т
л у ч н и к у
с м е р т е л ь н о г о
л о х м а т и в
м е щ а н с к о е
п р и г л я д и
п у с т ы н н ы м
о м р а ч и т е
п р и т р о н у л и с ь
с л а в я н с к и х
с л у п и л а
п о м р а ч н е л
к у л и к е
б у д е т е   д о г о р а т ь
к а н и с т р а
п о л ь е т с я
ш е р е н г и
о т с у т с т в у ю щ е м
с т е р е о л у п о й
в а х т е н н ы е
т р а н с с е к с у а л е н
у п р а в л е н и е   о г н ё м
л и з н е м
б у д е т   з а и г р ы в а т ь
б у д у т   н а м а т ы в а т ь
к р и з и с н о й
р а н е н и й
с т о р о н н и к о м
р а з у з н а в а л о
с ы н и ш к о й
п о с п о с о б с т в о в а л о
о с
э м б л е м а м и
о в л а д е в а е м
б е з о б и д н ы м
б а л е т н о м у
д о г о р а е ш ь
д е й с т в и т е л ь н о с т я м
г р и м а с е
з а в е р н у
з а т е я в ш и й
х у д о щ а в ы х
р а н е н и я м и
к о к а р д
б у д е т   т щ и т ь с я
с т у д е н ч е с к и м и
л и б е р а л ь н о м у
ж е л у д к и
о с о й
к о л о н и я х
з а с т и р ы в а е ш ь
м и р я н
п р е с н а я
п р и з в у к у
т р а н с с е к с у а л ь н ы
с к а з а н и я
б у д у   п л о д о н о с и т ь
г а г е
т е р я я с ь
д е й с т в и т е л ь н о с т и
в е р т и к а л я м и
п о с п о с о б с т в о в а л
к р и з и с н ы е
п р и к у п л ю
м н о г о м и л л и о н н о м
з а п л е т а е т
у п р а в л е н и я м и   о г н ё м
б у д е т е   з а п л е т а т ь
и м п о р т и р у я
с м е р т е л ь н о й
п о н я т л и в ы х
б у д у т   з а и г р ы в а т ь
о м р а ч и т е
к с и в а м и
н а с л у ш а л с я
с о с л а г а т е л ь н ы х
с о р в а л и
б ю с т г а л ь т е р
б л и з л е ж а щ и х
к у т а е м с я
г о р м о н а х
п у к л ю
и с п р а ж н е н и я
с в е р ш а й с я
б у д у   с о с р е д о т о ч и в а т ь
и с п р а ж н е н и я м
б у д у т   к у т а т ь с я
с т о р о н н и к а м
п о д н е с у т
о с а м
р а д е т ь
в л о ж и л о
к и л ь к е
п р е с н о е
н е м и н у е м
а л г е б р а и ч е с к о й
о в ц е б ы к о м
ю н ц а м и
в о з р а с т а ю т
з а к о ч е н е й т е
д е м а т е р и а л и з а ц и й
р а з о з л и л а с ь
с п о д в и ж н и к а м и
г р у з о о т п р а в и т е л и
к о м н а т н о й   м у х е
а м н е з и и
з а м а н и в а й
к л я п а х
м я г к о й   с и л ы
в и х р а м и
а ф ф и к с
с о д е р ж а т е л ь н о й
п о д т я н у т ы й
и м п о р т и р о в а н н ы й
л ю б о п ы т н о м
к а н и с т р ы
н е о н о в о г о
г у м а н и с т и ч е с к и х
с т е л а
п р о д а ж а
п о д д а л с я
и м п о р т и р у е м
к о ф р о в
ч ж у а н с к и е
т ё т е н ь к и
п р е с н о м
г у м а н и с т и ч е с к и х
б е р е м е н н о м
р е ч н о й
н а д у м а н н о г о
в и х р а м
р а с т е к а й с я
м и р я н и н
ф и ш к и
н е с т а н д а р т н ы м
в в е р я т
п р и н ю х а л и с ь
б л и з л е ж а щ и м
к у т а ю с ь
п о с в я т и т ь
т р я п о ч к и
н и ч ь и
с т у д е н ч е с к о г о
д и п л о м а т а м и
к у р т о ч к е
д и к т о р ш е
и м п о т е н т о м
л о с е й
н е о н о в у ю
б а н т о в
о г у р ц е
б ю д ж е т н и к у
а к к о м о д а ц и й
т щ и л а с ь
в о д я н о й
с т е л ы
б а л е т н у ю
м е щ а н с к и м
р а з о з л я т с я
л ю б о п ы т н о г о
н е с т а н д а р т н ы х
х е р у в и м а х
ж и т а
р а з у з н а в а л а
о в ц е б ы к а м и
п о н я т л и в о
д о г а д к а х
э с э с о в ц е в
п р и к у п и т
п о д т я н у л а
в е с е л и в
с о с р е д о т о ч и в а ю щ и й
б л а г о п р и я т н ы х
д у б и н к у
у л ь т и м а т у м ы
л ю б о п ы т н о й
п о д н е с у
к о м п о з и т о р ы
п р о с у н у т ь
п о д н е с т и
д е н ь с я
т о п т а в ш и й с я
б у д е т е   п о з и р о в а т ь
б у д е ш ь   к у т а т ь с я
м а н д о л и н а м
л е с о м е л и о р а ц и я м и
к л я п а
т о н и к у
е з д и в ш и й
ф и ш к а х
с т о р о н н и к а м и
н а д у м а н н о г о
б у д е ш ь   о в л а д е в а т ь
э м б л е м
н а с л у ш а т ь с я
ю н ц о м
к в а ш е н о м у
н е о н о в ы х
м е щ а н с к о г о
н а д у м а н н о й
р а з у з н а в а й
ф л ю и д у
л е с о р у б а м
э м б л е м е
о т п е ч а т к и
б у д е т   в ы к и д ы в а т ь
п о о щ р е н и е
т р я п о ч к у
д о г о р а л о
м а л ы ш к а м
б а н т
к у л и к и
т а т я м и
т о п т а л а с ь
п о з и р у е т
п о д д а л и с ь
с о с р е д о т о ч и в а я
п р е с н ы х
п р о т и в о с т о я н и е м
с е к с а п и л о ч к е
п р о г о в о р и ш ь
к о м п о з и т о р о в
э м б л е м е
н а р я д и л о
б е з о б и д н о г о
к у р т о ч к и
м и р о т в о р ч е с к и х
д у б и н к и
к у т а е ш ь с я
в е р т и к а л и
о т к а п ы в а т ь
о в л а д е в а й т е
ф р а к у
м и р о т в о р ч е с к о г о
б у д е ш ь   с в е р ш а т ь с я
с м е р т е л ь н а я
б о г а т ы р ё м
с в о е р у ч н о
п р о т и в о с т о я н и й
м е щ а н с к и е
п р о н и ц а е м о с т и
в л о ж и в ш и й
г у м а н и с т и ч е с к и е
с о л ё н ы м
и м п о р т и р о в а т ь
д и ф р а к ц и я м
п е р е с е л е н ц а м и
л о х м а т и м ы й
с п и ч е ч н о м у
п о д х в а т ы в а л
п у к л я
в о з р а с т а л
м а н д о л и н е
б у д е м   с о с р е д о т о ч и в а т ь
п р е н е б р е ж и т е л ь н о с т и
ч ж у а н с к и х
м е щ а н с к о м
п р е д с т а в л е н и ю
с о д е р ж а т е л ь н у ю
к о м н а т н ы х   м у х
х а о с ы
а к т и в и з и р у й т е с ь
м а н д о л и н а
в а х т е н н ы й
п е р е з в о н и т ь
п р и з в у к а м
з а и г р ы в а ю щ и й
н а д у м а н н ы й
з а с т и р ы в а ю щ и й
д о х л ы м и
м н о г о м и л л и о н н о г о
н е д р
ж и т а
ч л е н и к и
н а г р о м о з ж д ё н н ы й
б у д е м   д о е д а т ь
п о д х в а т и т е
в б е ж и т
о п е к а х
р а с т е к а ю т с я
б л и з л е ж а щ е й
з а к о ч е н е ю т
б у д у т   д у р и т ь
о х л у п н я х
п о с т а н о в о ч н о й
п р о ш л о й
с о р в у
о т с у т с т в у ю щ е й
с л а в я н с к и м
п о с т а н о в о ч н о й
у л ь т и м а т у м е
м а л ы ш к а
м о р с о м
ч ё р н е н ь к и й
д и ф р а к ц и и
г у л а г у
ш х е р е
з а р я ж е н н о й
у с м а т р и в а й
б л а г о п р и я т н о г о
м и р я н и н о м
н а м а т ы в а т ь
ф и ш е к
в ы к и д ы в а й т е
б а н т у
з а с и я ю т
с т е р е о л у п
п р и к у п и т е
н и ч ь и м и
п о с т а н о в о ч н о г о
б е з о б и д н о г о
з а р я ж е н н о м
б е р е м е н н о м у
л я р в
о в л а д е в а ю
г у м а н и с т и ч е с к и й
м е т а л л у р г и ч е с к у ю
а к к л и м а т и з а ц и я
э к р а н а м
н е м и н у е м о е
в р и
х у д о щ а в ы й
г р а н и ц е
у л ь т и м а т у м а х
б ю с т г а л ь т е р а м и
а к т и в и з и р о в а т ь с я
т о п ч у т с я
е д и н о д у ш н а
в о д я н о г о
к о м п о з и т о р у
м е т а л л у р г и ч е с к о й
с л а в я н с к и й
а в т о м а ш и н е
ф и ш к а м и
э х о л а л и я х
д в е р к а х
п о м е щ и ч ь ю
о б л о к о т и л с я
п р о ш л ы х
с м е р т е л ь н ы х
б у д е т   п о з и р о в а т ь
и л л ю з о р н ы й
п о с в я т я т
п р е с е н
к о ф р а м
д у б и н к е
м и р о т в о р ч е с к о м у
г у м а н и с т и ч е с к о е
п и а р
м е т а л л у р г и ч е с к о м у
р е в о л ю ц и я м и
г и п о т е н у з е
в л о ж а т
о т в е р г л о
д и ф р а к ц и ю
з а р я ж е н н ы х
п л о д о н о с я щ и й
в а х т е н н ы м
н е п р а в е д н о й
э х о л а л и и
а л г е б р а и ч е с к и х
в ы с т а в и т ь
ч ж у а н с к о м у
л и з н е ш ь
о с ь м и н о г о в
л е с о м е л и о р а ц и й
п р о с у н у л о
и з в р а щ е н и ю
з а р я ж е н о
с л и в а л о с ь
л о к т е в ы е
л о х м а т я щ и й
д у ш е п р и к а з ч и к а
о т п е ч а т а л
в а х т е н н ы е
п о с к р е б у
п о н я т л и в о м у
п о д х в а т ы в а в
ч ё р н е н ь к у ю
е д и н о д у ш н о е
з а к о ч е н е е т
б е з о б и д н у ю
б а л е т н о г о
в з и м а в ш и с ь
п р и т р о н у в ш и й с я
п и н г - п о н г у
о т п е ч а т к а м и
д у б и н к а м
г у м а н и с т и ч е с к о е
к р о т ы
с в о е р у ч н ы х
х а о с е
л о х м а т я т
х р о н о м е т р о м
м а с т е р а   н а   в с е   р у к и
с о д е р ж а т е л ь н ы е
з а в е р н е т е
п о с п о с о б с т в у ю т
п р о н и ц а е м о с т я м
м н о г о м и л л и о н е н
и м п о т е н т а х
б у д е т   к у т а т ь с я
а в т о м а ш и н ы
л я р в у
з а л е ж ь
з а м а н и в а л
н а г р о м о з д и т ь
о т с у т с т в у ю щ е е
в ы к и д ы в а т ь
н е б о г а т ы х
л ю б о п ы т н о й
к а н и с т р ы
о т с у т с т в у ю щ и х
п л о д о н о ш у
б а л е т н ы м
б о й ц ы
м и р о т в о р ч е с к о м
р а з в ё р с т о к
г р и м а с ы
т у ч н е е ш ь
п р о ш л а я
к о о р д и н а т у
р а с т в о р и м ы й
в о д я н а я
м н о г о м и л л и о н н ы х
л о с я м и
т о п ч у с ь
у л ы б о ч е к
п о п е р х н е ш ь с я
т р я п о ч к а х
п р и с о е д и н я ю щ и й
д у р и л
у л ы б о ч к а
д е й с т в и т е л ь н о с т и
к о о р д и н а т а х
ч ё р н е н ь к и х
п е с ч и н к а м
с о д е р ж а т е л ь н ы й
п р а п о р е
л и б е р а л ь н ы м
п р о д а ж е й
к и п р и о т к а м
б у д е ш ь   д о т я г и в а т ь с я
и з в р а щ е н и я
м я г к и м и   с и л а м и
р е в о л ю ц и и
з а т р я с л и
у с м а т р и в а л и
т у ч н е л и
о в л а д е н и я х
б е с с о н н и ц а м и
б у д е т е   у с м а т р и в а т ь
п р е с н а
у ч и т е л ь с к а я
о т н о ш е н и й
з а м а н и в а л а
о м р а ч и ш ь
к у р т о ч к е
б у д у   о б у ч а т ь
р а н е н и я х
н а д у м а н н ы е
п о г о н ю
р е б я ч ь е г о
л о с я х
к у л и н а р н ы м
м е т а л л у р г и ч е с к и е
г р и м а с а м
п е р е з в о н и
к а р а в а н о в
и м п о т е н т у
п о с т а н о в о ч н а я
п и а р о м
м и р я н е
к о м н а т н у ю   т е м п е р а т у р у
к о м н а т н о й   м у х е
з а п а д н и к а х
д о г а д к е
б л а г о п р и я т н о й
з а т р я с л а
с п и ч е ч н ы й
в р а в
п р и к у п и т ь
к о м п о з и т о р о м
п о з и р о в а в ш и й
з а р я ж е н н ы х
г р а н и ц ы
с п и ч е ч н ы м и
м е т а л л у р г и ч е с к о е
б о г а т ы р я х
п и н г - п о н г
з а и г р ы в а л а
к о н ц е р н о м
к у л и н а р н о
о т н о ш е н и я
з а в е р н и т е
п р е д с т а в л е н и я
о т р я ж а в ш и й
п е р е з в о н ю
д у ш е п р и к а з ч и к о в
о с е
б у д е т е   н а м а т ы в а т ь
с п и ч е ч н ы х
н а м а т ы в а л а
л е с о р у б у
б л а г о п р и я т н о й
м н о г о м и л л и о н н ы й
ч ё р н е н ь к о е
а р е о л е
п р о д а ж и
з а л е ж и
р а с т в о р и м
в ы с л у ш и в а е ш ь
д в е р к а м
б е р е м е н н ы й
б у д е м   т е р я т ь с я
у п р а в л е н и я   о г н ё м
б е р е м е н н о е
п о н я т л и в о м у
б о й ц у
п е р е с е л е н ц е в
с п о д в и ж н и к а
г а г е
б у ф е т о м
п о м е щ и ч ь е м
п р и к у п и л
и с п р а ж н е н и и
б у д у т   в е с е л и т ь
п л о д о н о с и т е
п у с т ы н н о е
з а к о ч е н е в ш и й
л е с о р у б а м и
к о л о н и и
п р и к у п и ш ь
и с п р а ж н е н и й
м е т а л л у р г и ч е с к и х
д е м а т е р и а л и з а ц и я
м и р о т в о р ч е с к и м
ж и т а м и
п р е д с т а в л е н и я х
м е т а л л у р г и ч е с к и м
а к т и в и з и р о в а в ш и й с я
т у р и с т а х
к р а й н о с т и
п о д т я н у л
к и с л о р о д н у ю
р а з б и р а т е л ь с т в а м
б а л б е с е
с ы н и ш к а м
р а з р ы в о в
п о н я т л и в у ю
б е р е м е н н ы е
п о с в я т и
в а х т е н н ы й
к а н и с т р
н а м а т ы в а е м ы й
о т к а п ы в а я
п у к л я м и
п о м е щ и ч ь е й
к о м н а т н ы х   т е м п е р а т у р а х
п у с т ы н н о й
о т с у т с т в у ю щ у ю
д о т я г и в а в ш и с ь
д и к т о р ш е
м и р о т в о р ч е с к и х
р а д е ю т
в е с е л и м
д и п л о м а т
с в о е р у ч н о е
б о й ц а х
п о м е щ и ч ь е м
д и к т о р ш и
д у р и л и
д и ф р а к ц и я м и
с т е л о й
и л л ю з о р н у ю
п р о ш л о г о
в ы к и д ы в а л
б у ф е т ы
п о н я т л и в о е
н е о б р а б о т а н н у ю
п у с т ы н н ы х
з а и г р ы в а е т е
м и р о т в о р ч е с к у ю
б л а г о ч е с т и в о е
л а т у н ь ю
п о г о н е
п о г о н е й
д е м а т е р и а л и з а ц и и
к в а ш е н о г о
п о с п о с о б с т в у е ш ь
к р и з и с н а
п у с т ы н н ы м и
к о м п о з и т о р е
п е р е х и т р ю
с о р в у т
п р и г л я д е л и
с о д е р ж а т е л ь н о м
г о р м о н ы
с в о е р у ч н о е
п о д д а д и т е с ь
п о с л у ш а н и й
н е с т а н д а р т н о й
з а п л е т а е т е
г о р м о н а
п о д н е с е ш ь
б л и з л е ж а щ е м у
п р о г р е м и т
с в о е р у ч н о м
н а р у ж н о с т я х
д о х л ы х
д о г о р а в ш и й
н е б о г а т о й
л и б е р а л ь н о й
и л л ю з о р н о й
п у к л я х
о м е р з е н и е
г а л л и я
д у ш е п р и к а з ч и к а
з а п л е т а л и
к о о р д и н а т
з а м а н и в а ю щ и й
и л л ю з о р н ы е
п о л ь з о в а т е л я м
к о к а р д у
т ё т е н ь к е
з а м а н и в а я
б у д у т   п о д х в а т ы в а т ь
р а з в ё р с т к а м
к о о р д и н а т е
п р о ш л о й
б е з о б и д н ы е
б у д у т   р а д е т ь
б у д е ш ь   е з д и т ь
р е ч н ы х
н е п р а в е д н а я
б у д у т   п о з и р о в а т ь
л у ч н и к о в
л ю б о п ы т н ы х
д в е р к и
д и с т а н ц и е й
д е м а т е р и а л и з а ц и я х
м а д р и г а л а м и
п о д х в а т ы в а л о
с о с р е д о т о ч и в а л а
н и ч ь и м
б л а г о ч е с т и в о й
б ю с т г а л ь т е р у
п е с ч и н к у
р а з о з л и в ш и й с я
н а д у м а н н ы х
л и б е р а л ь н у ю
к и л ь к у
н е д р а м и
и л л ю з о р н ы м
а м н е з и и
о в ц е б ы к и
н а с л у ш а й т е с ь
б л а г о п р и я т н ы й
з а р я ж е н н о е
м е т а л л у р г и ч е с к о г о
ш в е д а х
к у ч е
б у д е т е   с в е р ш а т ь с я
у м е н ь ш и т с я
с л а в я н с к о м
р а с т в о р и м о г о
б л а г о ч е с т и в ы е
б л а г о п р и я т н ы х
н е б е с а х
п о д х в а т и в
н е п р а в е д н о й
х р о н о м е т р ы
п е р е х и т р я т
х р о н о м е т р а
х у д о щ а в о г о
о г у р е ц
п о с т а н о в о ч н ы х
х е р у в и м а м и
н а д у м а н н о г о
п е р е с е л е н ц е в
л о к т е в о й
п е р е с е л е н ц е м
л и з н у л о
б е з о б и д н о г о
с т е р е о л у п у
п у с т ы н н о й
б и с е к с у а л ь н о с т ь
б у д е ш ь   т у ч н е т ь
г у м а н и с т и ч е с к а я
н е о б р а б о т а н н ы х
о б о л о ч к а м
г р а н ь
з и г з а г и
п о д х в а т и л о
р о м а н с о в
б л и з л е ж а щ е й
т р о ц к и с т а
п а т р и а р х и и
п е р е х и т р и л и
н а г р о м о з д и л
в б е ж а в
в о д о л е й
м е щ а н с к о й
и м п о р т и р о в а в
л ю к с е
н а м а т ы в а в ш и й
б е р е м е н н ы м
б у д у   у с м а т р и в а т ь
б ю д ж е т н и к а х
э с э с о в ц ы
х у д о щ а в о м
р а с т в о р и м ы е
п и с а р я м и
д е н е ш ь с я
т у ч н е в ш и й
н а д у м а н н ы м
ф р а к
б у д е т е   д о е д а т ь
с о р в а л а
ж е л у д о к
р е б я ч ь и м
п о м р а ч н е л а
г р у з о о т п р а в и т е л е м
с ы н и ш к и
н е с т а н д а р т е н
р а с т е к а я с ь
м е щ а н с к и м и
п о д н е с я
н е о б р а б о т а н н о е
н а д у м а н ы
п л о д о н о с я
к в а ш е н ы й
б е с с о н н и ц а х
р е б я ч ь и х
з а л е ж е й
э к р а н е
г р а н и ц ы
б у д у   к у т а т ь с я
с л а в я н с к и х
к о м н а т н ы м и   м у х а м и
х е р у в и м а
е з д и м
в е р т и к а л и
о в л а д е в а е т е
с т е р е о л у п е
л о к т е в о г о
л е с о м е л и о р а ц и е й
с т у д е н ч е с к и й
л ю б о п ы т н о г о
с л у п и т ь
д и п л о м а т а м
о т р я ж а л и
ш в е д о м
и з в е р ж е н и я
з а п л е т а в ш и й
с о с р е д о т о ч и в а е м ы й
э с э с о в ц е м
е з д и л
к с и в у
б у д у т   в о з р а с т а т ь
б е с с о н н и ц у
т р а н с ф о р м а ц и ю
с о д е р ж а т е л ь н ы й
с а н а т о р и е м
б а л е т н о м
у м е н ь ш и в ш и с ь
в з и м а я с ь
б у д е т е   о в л а д е в а т ь
к р и з и с н ы х
к у р т о ч к у
п о с т а н о в о ч н о й
с м е р т е л ь н ы е
б у с с о л и
с м е р т е л ь н ы м и
м н о г о м и л л и о н н о е
д о е д а е т
д е н у с ь
р а н е н и е м
б у д у т   р а з у з н а в а т ь
н е б о г а т о г о
ш в е д е
п р и н ю х а е т е с ь
о б у ч а в ш и й
а к к л и м а т и з а ц и и
ч ж у а н с к о й
е ж е г о д н и к
п р и г л я д е л а
э к р а н о м
л о с ю
г р а н и
а м е т и с т а х
л о к т е в ы х
р а с х и т и т е л я м и
л у ч н и к а
в а х т е н н о г о
м н о г о м и л л и о н н о й
б а л б е с а
б л а г о п р и я т н о м
к л я п ы
о б у ч а т ь
а в т о м а ш и н ы
к о н ц е р н
а л г е б р а и ч е с к о й
б у ф е т а
к л я п
п р о г р е м е л о
р е в о л ю ц и я х
б а н т а х
ж е л у д к а
н е о б р а б о т а н н о й
д е й с т в и т е л ь н о с т я х
д и п л о м а т а
т р а н с с е к с у а л ь н ы е
д в е р к а м и
д о х л о й
п о м е щ и ч ь е г о
т а т е м
п р е с н о м у
н а д у м а н н ы е
к и с л о р о д н о м у
п о д д а в ш и й с я
б л и з л е ж а щ е е
м н о г о м и л л и о н н о е
к р о т
к у р т о ч к а
а м н е з и я
а к т и в и з и р у е т е с ь
п р о с у н у л
з а с и я е м
п е р е х и т р и ш ь
в ы с л у ш и в а ю т
и м п о р т и р о в а в ш и й
р а с т в о р и м о й
п р и н ю х а л а с ь
п о д н е с л и
р а с т е к а ю щ и й с я
п р а я з ы к
т а т ь
з а п л е т а е м
з е м л я н ы х   ч е р в е й
д о е д а ю
п о д д а ш ь с я
о х л у п н и
п е р в о и с т о ч н и к а х
н е о б р а б о т а н н ы х
т р а н с с е к с у а л ь н у ю
в о д я н о м
б л а г о п р и я т н о е
ф р а к и
н е п р а в е д е н
д и к т о р ш а х
к и с л о р о д н о м
п о м р а ч н е е т е
н а м а т ы в а л
п е р в о и с т о ч н и к а
с о с л а г а т е л ь н о е
п е р е с е л е н ц а
с е к с а п и л о ч к е
б л а г о ч е с т и в ы
о г у р ц о м
с м е р т е л ь н ы й
п о м р а ч н е й
д о г о р а ю
д о г а д о к
д о г о р а й
б е з о б и д н о е
в о з р а с т а й т е
м и р я н и н у
б у д е т   д о т я г и в а т ь с я
з а с и я ю
п о с т а н о в о ч н о м
п о с т а н о в о ч н ы м и
а л г е б р а и ч е с к о е
б е з о б и д н а
к а р а в а н
н а д у м а н н а я
с т у д е н ч е с к о м
г а г а м
с л и в а е т с я
л ю б о п ы т н о е
п е р е х и т р и т е
в а х т е н н о г о
с л а в я н с к о й
т е р я е ш ь с я
л о к т е в ы м
с о д е р ж а т е л е н
к в а ш е н о й
с т у д е н ч е с к о м у
э р с т е д о в
г р а н и
з е м л я н о г о   ч е р в я
р е в о л ю ц и ю
н е с т а н д а р т н ы е
т у ч н е ю щ и й
о т р я ж а ю т
ж и т о
п о м р а ч н е л о
б у д е м   д о т я г и в а т ь с я
р а з в а л и т е с ь
х р о н о м е т р о в
п о д х в а т ы в а ю
а м н е з и й
к р и з и с н ы м
б у д у т   у с м а т р и в а т ь
к о к а р д а м и
э к р а н о в
м и р я н а м
б у д е т   л о х м а т и т ь
м н о г о м и л л и о н н о г о
ч ж у а н с к и й
р у с о ф и л о в
л и б е р а л ь н о
б а л е т н ы х
п р а п о р у
к у ч и
д о х л ы м
п и с а р я м
к и с л о р о д н о й
б у д е т е   р а д е т ь
п о г о н и
т щ и т ь с я
б у д у   р а з у з н а в а т ь
п р и н ю х а ю с ь
в р а л и
д о г а д к о й
п и а р ы
л ю к с о м
б а л е т н о г о
б л а г о п р и я т е н
у л ь т и м а т у м а м и
б л а г о ч е с т и в о й
п е р е з в о н и л и
к в а р т и р а
п л о д о н о с и
п о н я т л и в о й
р у с о ф и л а м и
с о с т а в и т е л и
н а д у м а н н ы м и
о м р а ч и в
у ч и т е л ь с к о й
с а н а т о р и й
м н о г о м и л л и о н н ы м
б а л е т н ы х
п р о н и ц а е м о с т я х
м и р о т в о р ч е с к о й
в ы с л у ш и в а е т
г у м а н и с т и ч е с к о м у
с о с л а г а т е л ь н о е
н е п р а в е д н о е
и з в р а щ е н и я х
с в о е р у ч н а я
г у м а н и с т и ч е с к о м у
м я г к и е   с и л ы
л е с о м е л и о р а ц и и
с о д е р ж а т е л ь н ы х
м я г к о й   в л а с т и
п р и г л я д и т е
к о л о н и я
д о е д а е ш ь
р а з у з н а в а в ш и й
о т п е ч а т к а м
г р и м а с
б у д у т   р а с т е к а т ь с я
к у л и н а р н ы х
с в е р ш а л а с ь
б у д у   п о д х в а т ы в а т ь
п о с п о с о б с т в у е м
б о г а т ы р я
а в т о м а ш и н а х
с л у п и л
б у д у т   д о г о р а т ь
с о с л а г а т е л ь н у ю
а к т и в и з и р у е т с я
б л и з л е ж а щ у ю
р а з о з л и т е с ь
о т к а п ы в а в
у р о д е
н а с л у ш а ю т с я
ч л е н и к у
п о с в я т и л о
т щ и с ь
б у д е м   в ы к и д ы в а т ь
с о с р е д о т о ч и в а т ь
с в о е р у ч н ы х
г р и м а с а м и
б у д е т е   з а и г р ы в а т ь
к в а ш е н
п а т р и а р х и и
о т п е ч а т а й т е
б о г а т ы р е й
г у м а н и с т и ч е с к о м
л е с о м е л и о р а ц и я х
с е к с а п и л о ч к и
м е т а л л у р г и ч е с к и й
п е р в о и с т о ч н и к и
р а д е й т е
б е з о б и д н ы х
с о с л а г а т е л ь н о г о
б е з о б и д н о м у
ч л е н и к а м и
у м е н ь ш и м с я
м я г к о й   в л а с т и
п о м р а ч н е л и
н е о б р а б о т а н а
ф р а к
ш х е р а х
р а з р ы в а м
а л и ф е
н а с л ы ш у с ь
л ю б о п ы т н ы
л ю б о п ы т н ы е
т р а н с ф о р м а ц и я м
т ё т е н ь к и
к у л и н а р н а я
в ы к и д ы в а в
б у д е т   в ы с л у ш и в а т ь
з а в е р н у в ш и й
п р и к у п и в ш и й
п о г о н я м
б л и з л е ж а щ и м
т р о ц к и с т
б а л б е с
к р и з и с н ы х
л я р в о й
т о н и к
и м п о т е н т о в
з а м а н и в а е ш ь
п р и с о е д и н я й
в в е р и в
б а л е т н о м
д в е р к у
б у д е т   т у ч н е т ь
б у д е т е   т щ и т ь с я
с ы н и ш к а х
к а р а в а н а м
с о л ё н ы м и
р а з в ё р с т к е
к а т е р и щ а х
н е м и н у е м у ю
д и с т а н ц и и
ш х е р а
ш х е р ы
т ё т е н ь к е
и м п о т е н т а
з а с т и р ы в а л о
с ё р ф и н г
б е з о б и д н о м
э р с т е д ы
с п о д в и ж н и к и
в о з р а с т а е т
с о с т а в и т е л е й
б е з о б и д н ы м
в е с е л и л
п о с к р ё б ш и й
б е с с о н н и ц а м
а в т о м а ш и н ы
с о л ё н о й
о т р я ж а я
у с м а т р и в а л
б у д е ш ь   р а с т е к а т ь с я
т у р и с т а м
м и р о т в о р ч е с к о г о
з а и г р ы в а в
б л и з л е ж а щ и й
г о р и з о н т   с о б ы т и й
п е с ч и н к и
л я р в а
н е б о г а т ы
с л у п и л и
д и с т а н ц и ю
н а д у м а н н о й
к о н ц е р н а х
н е п р а в е д н ы х
з а с т и р ы в а е т е
с п и ч е ч н о й
у х н и т е
а л г е б р а и ч е с к и м
г о р м о н у
м и р о т в о р ч е с к и м
з и г з а г и
б ю д ж е т н и к е
п о м р а ч н е й т е
о п е к е
л и з н и т е
с о с р е д о т о ч и в а е т
л ю к с а
п у с т ы н н о м
б у д у т   в ы с л у ш и в а т ь
з и г з а г а х
б у д е ш ь   в р а т ь
п о с т а н о в о ч н ы е
с о с р е д о т о ч и в а л
м а л ы ш к е
и л л ю з о р н ы м
б е р е м е н н ы м и
с т е р е о л у п ы
а в т о м а ш и н а
к р а й н о с т и
ф и ш к е
р о м а н с
о т с у т с т в у ю щ и м
т р а н с с е к с у а л ь н о г о
с о с л а г а т е л ь н о м у
а м н е з и я х
г р у з о о т п р а в и т е л ь
н а с л у ш а л а с ь
к у т а й с я
в о д о л е е
п е р е з в о н и л о
и м п о т е н т о в
э м б л е м ы
ф р а к а м и
ф и ш к у
х е р у в и м о в
т р о ц к и с т о м
т щ и л и с ь
и л л ю з о р н ы
ч л е н и к а
д е й с т в и т е л ь н о с т ь
п р о ш л ы м и
р а с х и т и т е л и
п а т р у б о к
п р и т р о н е т е с ь
к о м н а т н у ю   м у х у
н е о б р а б о т а н н ы м и
б л а г о ч е с т и в у ю
п у с т ы н н ы м
б у д е ш ь   з а п л е т а т ь
н е о н о в ы м
г о р м о н а м и
п е п е л ь н и ц ы
к о л о н и я м
о т р я ж а л о
б у л ь д о з е р а м и
м я г к и х   в л а с т я х
о б у ч а в
п о с т а н о в о ч н ы
л и з н е т е
б у д е ш ь   п о з и р о в а т ь
р е б я ч и й
д у р я
в ы к и д ы в а е м
д и п л о м а т о м
с о с р е д о т о ч и в а ю
н е п р а в е д н ы е
н е с т а н д а р т н ы м и
о п е к а
з а с и я в ш и й
ч ж у а н с к а я
б у д е ш ь   с л и в а т ь с я
б а л е т н ы м и
с т у д е н ч е с к и м
х а о с о в
а л и ф
н е о н о в о е
п о з и р у ю т
п о н я т л и в а я
б у с с о л я х
б у д у   о т к а п ы в а т ь
м а д р и г а л е
б у д е т   с о с р е д о т о ч и в а т ь
з а т е е м
б е р е м е н н о
п о з и р у й
г о р и з о н т   с о б ы т и й
а н е с т е т и к а
ч ж у а н с к о й
п р о н и ц а е м о с т и
п и а р а х
л о х м а т и т
л а т у н и
п о н я т л и в ы х
к и н е т и ч е с к о й   э н е р г и и
в з и м а ю с ь
и з в р а щ е н и я
о в л а д е в а в
н а д у м а н н о г о
и з в е р ж е н и е
р а с т в о р и м о е
з а с и я т ь
а к к о м о д а ц и ю
п р о т и в о с т о я н и е
р а с т в о р и м ы
л е с о р у б о в
д е й с т в и т е л ь н о с т е й
л ю б о п ы т н ы е
э м б л е м а
с т у д е н ч е с к о й
п р о г о в о р ю
п и н г - п о н г и
в ы к и д ы в а ю щ и й
н а г р о м о з д и л о
п о д н е с и т е
з а р я ж е н н о г о
в о д я н ы е
к у л и н а р н ы х
н а р я д и т
д о е д а е м
д о х и
и м п о р т и р у ю т
к р и з и с н о м
б у д е т е   р а з у з н а в а т ь
к у л и н а р н о е
с л у п я т
п р е н е б р е ж и т е л ь н о с т я м
т р а н с ф о р м а ц и и
с л у п и л о
и л л ю з о р н ы х
с в е р ш а е т с я
в а х т е н н о м
п о л е й т е с ь
д е т ь с я
н е о б р а б о т а н н ы й
с п и ч е ч н ы е
п о з и р у е ш ь
о м е р з е н и е
л и б е р а л ь н о й
р у с о ф и л
о б л о к о т и л о с ь
а м н е з и и
о п е к и
р о м а н с ы
п о д х в а т ы в а е м ы й
п р о ш л о й
б а л е т н ы е
п о с л у ш а н и я
п о о щ р е н и е м
р а з у з н а в а л
к о н ц е р н у
в л о ж и л
п о с в я т и т е
г и п о т е н у з о й
в и х р у
п р а я з ы к а м
л о к т е в о м у
п о м е щ и ч ь е й
п р и с о е д и н я в ш и й
з а с т и р ы в а е м
з а и г р ы в а в ш и й
б у д е т   р а с т е к а т ь с я
в а х т е н н о й
о х л у п н я м
г а и ш н и к а
п о н я т л и в ы м
и з в е р ж е н и е м
м а д р и г а л о в
в ы с л у ш и в а л и
с л а в я н с к о м
б у д е м   з а и г р ы в а т ь
д у р и в ш и й
п е с ч и н к о й
ч ж у а н с к и м
в о д о л е я х
з а р я ж е н н у ю
л а т у н и
р а н е н и я м
м о р с ы
а л и ф ы
н е с т а н д а р т н ы х
н е п р а в е д н ы й
п о о щ р е н и я
р а с т е к а е т с я
н е б о г а т а я
а ф ф и к с о в
ж и т о
о б у ч а ю т
п р о д а ж и
у р о д о м
п р е д с т а в л е н и я
о х л у п н е
п о с к р е б л а
к с и в а
в а х т е н н о е
в б е г у т
б у д е ш ь   т щ и т ь с я
н а р я д и л
р а с х и т и т е л ь
а ф ф и к с а м и
к в а ш е н о м у
п о д н ё с
д и с т а н ц и й
з и г з а г а м
д о х л о м у
к и л ь к а м и
р а с т в о р и м ы х
н е с т а н д а р т н о м
р а з в ё р с т к о й
к р о т а
с п о д в и ж н и к а м
п а т р у б к и
з а м а н и в а ю
б у д у т   з а п л е т а т ь
а р е о л а м и
с л у п и ш ь
в з и м а й т е с ь
т р а н с с е к с у а л ь н о м
т о н и к а м
п о д х в а т ы в а ю щ и й
б и с е к с у а л ь н о с т и
н а д у м а н н о м у
м а н д о л и н у
э м б л е м ы
д у р и
н а д у м а н н ы м
к р и з и с н о
с о л ё н ы е
р а с т в о р и м о й
д в е р к е
с в е р ш а в ш и й с я
в о д я н о г о
п р е с н ы й
и л л ю з о р н о е
д о х л о м
г а и ш н и к а
м е щ а н с к о м
б у д е м   з а п л е т а т ь
с о с т а в и т е л я х
б у д е т   р а з у з н а в а т ь
з а и г р ы в а л о
н а г р о м о з д и м
п о д д а с т с я
п е р е з в о н и т е
с п и ч е ч н о й
с в е р ш а я с ь
р а с т е к а л с я
х у д о щ а в ы м
г а л л и я м и
б е р е м е н н о г о
п о с т а н о в о ч н ы е
н е б о г а т о
о м р а ч и л и
к у л и н а р н о й
с м е р т е л ь н ы х
ч ж у а н с к и м
к и л ь к а
п у с т ы н н ы х
ш в е д ы
п о л ь ю с ь
м я г к у ю   в л а с т ь
п р а я з ы к и
н е п р а в е д н о й
в о д я н о м
н е м и н у е м ы х
р а з в а л и в ш и й с я
о с а м и
п р е н е б р е ж и т е л ь н о с т и
с м е р т е л ь н о
з а р я ж е н
э с э с о в ц у
с о л ё н о г о
л и з н у т ь
б ю с т г а л ь т е р о в
к а т е р и щ а м
м а с т е р   н а   в с е   р у к и
о в л а д е в а я
д о е д а в
б у д е т е   а к т и в и з и р о в а т ь с я
л и б е р а л ь н ы м
д о г о р а в
б е р е м е н н ы х
о с ь м и н о г е
п е с ч и н к е
п о м е щ и ч ь е м у
с о д е р ж а т е л ь н о й
б у д у   в р а т ь
з а п л е т а л а
в р у т
в а х т е н н о й
з а л е ж а м и
о т в е р г н у т ь
г а и ш н и к а м и
д и п л о м а т о в
т р а н с с е к с у а л ь н о й
в е с е л и м ы й
с ё р ф и н г о м
г р а н и ц у
п р о с у н у в
с о д е р ж а т е л ь н ы м
п р о с у н ь
н а р я д и в ш и й
п р и г л я д е в ш и й
с л а в я н с к о м у
с л а в я н с к о е
п о д н е с и
а н е с т е т и к
к с и в о й
п е р е х и т р и л а
н а д у м а н н о м у
к и с л о р о д н ы е
у м е н ь ш и л о с ь
с о с р е д о т о ч и в а й т е
т о п ч е т е с ь
б у д е т е   п о д х в а т ы в а т ь
о х л у п н ю
к у т а ю щ и й с я
б у д е м   т у ч н е т ь
б е р е м е н е н
и м п о т е н т
н а д у м а н н о м у
х е р у в и м у
з а и г р ы в а й
в ы к и д ы в а ю
м е т а л л у р г и ч е с к и м
т е р я л и с ь
р а з б и р а т е л ь с т в о м
л о х м а т ь
з а к о ч е н е е т е
к и н е т и ч е с к и х   э н е р г и й
л ю б о п ы т н ы х
в з и м а л с я
н е о н о в о е
б у д у т   д о т я г и в а т ь с я
к о к а р д а
а л и ф ы
п у с т ы н н о е
в е с е л и л и
а л и ф а
и л л ю з о р н о й
к о м н а т н о й   т е м п е р а т у р е
а л г е б р а и ч е с к о й
и м п о р т и р у е ш ь
к и п р и о т к о й
о т в е р г н е т
м е т а л л у р г и ч е с к и й
з а р я ж е н н ы м
в р у
в л о ж и л и
н е п р а в е д н о м
с в о е р у ч н ы
т о п т а л и с ь
к о м н а т н а я   м у х а
у х н е ш ь
с о д е р ж а т е л ь н ы м
к л я п ы
л и б е р а л ь н ы м
д у ш е п р и к а з ч и к
с о с л а г а т е л ь н ы е
з а п л е т а в
с о с л а г а т е л ь н о г о
г у м а н и с т и ч е с к о й
у х н и
п р о н и ц а е м о с т ь ю
н а д у м а н н о м
м е щ а н с к о м у
х у д о щ а в ы е
м я г к и х   с и л
о т п е ч а т к а
к у р т о ч к и
м е т а л л у р г и ч е с к а я
к у р т о ч к а х
т а т я
п р о н и ц а е м о с т ь
и з в е р ж е н и я м
т щ и в ш и й с я
с а н а т о р и и
б у с с о л и
д е н ь т е с ь
у л ь т и м а т у м о м
к у л и н а р н о й
ш х е р е
ш е р е н г а
л о с е
и з в е р ж е н и я м и
с л а в я н с к о г о
д и с т а н ц и и
к в а ш е н о й
м а д р и г а л ы
у п р а в л е н и ю   о г н ё м
п р е д с т а в л е н и я м
п е р е з в о н и л
т о п ч е м с я
к р о т а
з е м л я н ы х   ч е р в я х
к у л и к у
с о л ё н ы м
т р я п о ч к и
з а р я ж е н н о м у
б а л б е с у
ф р а к и
с л и в а е м с я
з а п л е т а л о
в о д я н о й
с п о д в и ж н и к а
к о м н а т н о й   т е м п е р а т у р о й
м и р я н и н а
в ы с л у ш и в а й
а к к о м о д а ц и и
о т с у т с т в у ю щ и х
п о д х в а т ы в а е ш ь
э к р а н а х
ф л ю и д а м
е з д и л а
л и з н у в ш и й
к р о т у
п р и г л я д е т ь
р а д е в ш и й
г и п о т е н у з ы
р а з р ы в о м
л ю б о п ы т н о м
с ы н и ш к е
к и п а р и с е
в л о ж и т е
м а с т е р о в   н а   в с е   р у к и
в в е р ь
п р о с у н у л а
т а т е
а н е с т е т и к а м и
н а д у м а н н о е
д и к т о р ш а м и
т о н и к и
р а з у з н а ю т
л о к т е в о й
п у с т ы н н о г о
с л и в а в ш и с ь
р а з б и р а т е л ь с т в а
т р а н с с е к с у а л ь н о
п о н я т л и в о е
б у д у   с л и в а т ь с я
р а с х и т и т е л я
к а р а в а н у
с л и в а ю с ь
б у д е м   в з и м а т ь с я
ч ё р н е н ь к о г о
д о г а д к у
д е м а т е р и а л и з а ц и я м и
с в о е р у ч е н
м о р с а м и
х у д о щ а в ы х
п о н я т л и в о й
м е т а л л у р г и ч е с к и х
в в е р е н н ы й
б у д е м   д у р и т ь
ф л ю и д о в
н и ч ь и
о б у ч а е т е
м о р с у
п р и т р о н е т с я
а к к о м о д а ц и и
в ы с л у ш и в а л
л ю б о п ы т н ы м
б и с е к с у а л ь н о с т ь ю
м е щ а н с к у ю
р а н е н и и
б у д у   з а с т и р ы в а т ь
к о м н а т н ы х   м у х а х
к и л ь к и
н е п р а в е д н ы е
с о д е р ж а т е л ь н о г о
о в л а д е в а т ь
с м е р т е л ь н о г о
з а с и я в
а м н е з и я м
к л я п а м
н е с т а н д а р т н о е
б у л ь д о з е р а х
и м п о р т и р у е м ы й
м а с т е р о м   н а   в с е   р у к и
р а с т в о р и м ы м
п у к л я м
и л л ю з о р н о е
к о н ю х о в
н е м и н у е м ы м
т р о ц к и с т о в
п о с т а н о в о ч е н
к в а ш е н ы м
к и п а р и с а х
т р а н с с е к с у а л ь н ы м
у л ы б о ч к и
м н о г о м и л л и о н н ы е
к о л о н и и
з а р я ж е н н о й
п о д н е с л о
р а с т в о р и м ы м и
ш е р е н г у
р а з б и р а т е л ь с т в а х
б у с с о л е й
и з в р а щ е н и е
р а д е л
ю н ц ы
ч ё р н е н ь к о е
з а п л е т а л
к в а ш е н ы м
с о с л а г а т е л ь н о м у
б у ф е т
б е с с о н н и ц ы
б л а г о п р и я т н у ю
р а з в ё р с т к и
м а л ы ш к а
н а д у м а н н о м у
в б е ж а л о
п о з и р у ю
к и н е т и ч е с к и х   э н е р г и я х
х у д о щ а в о й
п р а п о р а м и
п у с т ы н н ы е
о м р а ч и т
м и р о т в о р ч е с к о г о
у п р а в л е н и я х   о г н ё м
к у л и к а
у с м а т р и в а ю щ и й
э р с т е д а х
к и с л о р о д н ы х
к у ч и
б ю д ж е т н и к
о б у ч а е т
н а р я ж у
н а м а т ы в а ю
п а т р и а р х и я м
а р е о л ы
п р и к у п и л и
з а м а н и в а е м
а м н е з и ю
м а д р и г а л ы
б л а г о п р и я т н о г о
с о д е р ж а т е л ь н ы м
ф л ю и д а
к в а ш е н о й
у л ы б о ч к е
у с м а т р и в а в
б у д е т   в о з р а с т а т ь
е д и н о д у ш н у ю
с т е р е о л у п ы
о х л у п е н ь
н и ч ь и х
г у л а г а м
д о х л
в о з р а с т а т ь
о б о л о ч к и
н е м и н у е м а
н е п р а в е д н о г о
п а т р и а р х и и
в в е р и л
о в л а д е н и ю
с ы н и ш к у
з а т е е т
с м е р т е л ь н а
п о д х в а т ы в а е т е
а к т и в и з и р у я с ь
м я г к о й   с и л о й
з е м с т в у
н е о б р а б о т а н н о й
б е р е м е н н ы х
с л а в я н с к о м у
б у д е т е   п л о д о н о с и т ь
э х о л а л и я
г о р и з о н т у   с о б ы т и й
с о р в а в ш и й
п р о ш л о м у
г и п о т е н у з ы
и л л ю з о р н о м у
о т р я ж а ю
л а т у н и
т а т и
п о с п о с о б с т в о в а л и
л и б е р а л ь н о й
м а л ы ш к о в
н а г р о м о з д и л а
в о з р а с т а в
п р о ш л ы х
о б л о к о т и т е с ь
о к р у ж а ю щ и х
б а н т ы
и с п р а ж н е н и ю
р е ч н ы х
с ы н и ш к а
п и н г - п о н г а х
х р о н о м е т р ы
о с а х
з а в е р н у л и
о т п е ч а т а ю
д и ф р а к ц и и
б у д е ш ь   р а з у з н а в а т ь
т р а н с с е к с у а л ь н о м
с т о р о н н и к о в
г а г и
з а т е й
п р о т и в о с т о я н и и
п о с т а н о в о ч н о
о х л у п н е м
п о п е р х н и т е с ь
т щ и ш ь с я
н е м и н у е м ы х
н а с л ы ш а т ь с я
о в л а д е в а е ш ь
л о к т е в ы х
б у д е м   т щ и т ь с я
е з д я
н е б о г а т ы х
б л и з л е ж а щ е г о
т щ а щ и й с я
о т р я ж а е т е
т о п т а т ь с я
п а т р у б к о м
о в л а д е н и и
з а в е р н е т
ч ё р н е н ь к о й
п о с к р е б л о
р а н е н и е
п о н я т л и в о г о
о б о л о ч к и
к у л и н а р н о г о
н е с т а н д а р т н о г о
д о г о р а л
з а т р я с и
э р с т е д а
м и р о т в о р ч е с к о й
к р о т о м
в а х т е н н о м
н е о б р а б о т а н н ы е
х р о н о м е т р а х
п р а я з ы к а х
б л и з л е ж а щ и м и
п о о щ р е н и и
ю н ц о в
к в а р т и р а х
о т н о ш е н и ю
б у д у   т о п т а т ь с я
д о х л ы м
а н е с т е т и к и
в ы к и д ы в а е м ы й
п р и к у п и л о
б а л е т н ы й
р у с о ф и л а м
б у д у   н а м а т ы в а т ь
с м е р т е л ь н о е
х а о с а х
и с п р а ж н е н и я м и
в о д о л е я м
ч ж у а н с к у ю
д е л а с ь
р а с т в о р и м о г о
к о м п о з и т о р а
б у д е м   р а с т е к а т ь с я
к у р т о ч к о й
с л а в я н с к и е
л а т у н я м
д о т я г и в а е т с я
к и п а р и с у
с ё р ф и н г е
и л л ю з о р н о м
п и а р а
ш е р е н г а м и
д о г а д к а м
у х н у л
н а м а т ы в а л о
в а х т е н н у ю
б о й ц е
с к а з а н и й
а м е т и с т а м и
н а р у ж н о с т и
к р о т а х
а в т о м а ш и н а м и
п р и с о е д и н я л
д у р и т е
з а р я ж е н а
д и п л о м а т а х
с о л ё н ы е
м и р я н и н а
с в о е р у ч н ы е
б у д у т   е з д и т ь
э р с т е д е
у р о ж а й н о с т и
а в т о м а ш и н у
п о д х в а т я т
е ж е г о д н и к и
г а и ш н и к а х
п и а р ы
т о п ч и с ь
п о г о н я м и
т о н и к и
д у б и н к а х
к и с л о р о д н о й
п о п у л я р н о с т ь
с а н а т о р и я м и
л ю б о п ы т н о м у
р а з в а л и л с я
м е щ а н с к и х
с о р в е м
о б о л о ч к е
п р о т и в о с т о я н и я м и
п о п е р х н и с ь
п р и с о е д и н я е т
р а з у з н а ё т е
л е с о м е л и о р а ц и я
с е к с а п и л о ч к и
с ы н и ш к и
т р а н с ф о р м а ц и я м и
з а с т и р ы в а л а
м о р с а
у с м а т р и в а я
п о с к р е б е т е
а л г е б р а и ч е с к о м у
г у м а н и с т и ч е с к о г о
к р а й н о с т ь ю
б л а г о ч е с т и в
о м р а ч и
о п е к а м
т р о ц к и с т а х
п о м е щ и ч ь и м
с в о е р у ч н ы м
к о ф р у
а к к о м о д а ц и е й
е д и н о д у ш н ы е
у х н е м
п р о ш л ы х
п о д д а м с я
в ы с л у ш и в а я
к и с л о р о д н о г о
у л ы б о ч к о й
п р е с н у ю
о т с у т с т в у ю щ а я
ф и ш к и
з а с и я е т
к а т е р и щ а
в е р т и к а л и
п е с ч и н к е
п р о д а ж а м и
л ю б о п ы т н ы й
к у л и н а р н о м у
п р и н ю х а в ш и й с я
б ю д ж е т н и к а м
л и б е р а л ь н ы х
к р и з и с н ы м и
п р о т и в о с т о я н и я м
б у д е т е   д о т я г и в а т ь с я
р а з у з н а в а л и
у п р а в л е н и я м   о г н ё м
а к к л и м а т и з а ц и и
з а и г р ы в а л и
а л г е б р а и ч е с к и е
м я г к о й   с и л е
в б е ж а л и
т е р я ю щ и й с я
н е б о г а т а
с т у д е н ч е с к о м
р а з б и р а т е л ь с т в а
м а д р и г а л
о в л а д е в а ю щ и й
в ы с т а в и т
п о п е р х н у с ь
п е п е л ь н и ц е
п о п е р х н у в ш и с ь
р а з р ы в у
а р е о л ы
з е м л я н ы м и   ч е р в я м и
в а х т е н н о й
д е й с т в и т е л ь н о с т ь
к у л и н а р н о м
ф р а к а
к у л и к
в л о ж у
к а р а в а н
к и п а р и с а м и
с л и в а л и с ь
в б е ж и м
у р о ж а й н о с т ь
в а х т е н н ы м и
б у д е т е   л о х м а т и т ь
п е р е х и т р и т е
к о н ц е р н ы
с о р в а л о
т р я п о ч к а м и
и м п о т е н т е
ж е л у д к о м
х е р у в и м о в
д о г а д к а
а к к л и м а т и з а ц и й
п р а п о р
з а с и я й
в р ё ш ь
к о м п о з и т о р а х
х у д о щ а в ы х
г р а н и ц а х
п р и к у п и в
п е с ч и н к а х
м а н д о л и н а м и
с к а з а н и я х
р а с т в о р и м о м
д и ф р а к ц и я х
д о г а д к и
п у с т ы н н ы й
о т в е р г н у в
б у д е т   з а м а н и в а т ь
к о м н а т н ы е   т е м п е р а т у р ы
к у л и к и
о т с у т с т в у ю щ и й
к и п а р и с о м
п р и к у п и м
в а х т е н н о м у
у р о ж а й н о с т и
а л г е б р а и ч е с к и е
т ё т е н ь к а
р е ч н о й
т е р я й т е с ь
к у л и н а р н у ю
л ю б о п ы т н у ю
п о с т а н о в о ч н ы м
б у д е м   в е с е л и т ь
п у с т ы н н ы е
м я г к о й   в л а с т и
а м е т и с т о м
и м п о р т и р о в а л а
а р е о л
и л л ю з о р н ы е
с п о д в и ж н и к о в
г а и ш н и к о в
н а с л у ш а в ш и с ь
к о л о н и я м и
п у к л и
м а с т е р а   н а   в с е   р у к и
о б у ч а е м ы й
д о г о р а ю щ и й
п р о с у н у в ш и й
в в е р и т е
г р у з о о т п р а в и т е л е
п р о г о в о р и т ь
х р о н о м е т р а м и
с о д е р ж а т е л ь н ы х
р а с х и т и т е л я х
д и с т а н ц и я
и с п р а ж н е н и е м
з а м а н и в а й т е
к р и з и с н ы х
н е п р а в е д н ы м
з а с и я л о
б у д е т е   в ы к и д ы в а т ь
п о м е щ и ч ь и
к в а ш е н ы х
о б л о к о т и т с я
п р и н ю х а т ь с я
м я г к а я   с и л а
п р и г л я д и т е
п е с ч и н к а
п е р е з в о н и ш ь
о б у ч а л о
д у р и т ь
л а т у н я х
п р а п о р о в
т е р я е т с я
р а с т е к а е т е с ь
р е в о л ю ц и и
р е б я ч ь и х
м я г к и м   в л а с т я м
б у д е т е   з а с т и р ы в а т ь
а ф ф и к с е
б а л е т н о й
с т о р о н н и к а
о т п е ч а т а е м
б л и з л е ж а щ е г о
п р о с у н у л и
п о л ь з о в а т е л и
г у м а н и с т и ч е с к и е
р а д е в
д и с т а н ц и я м и
к о ф р а х
з е м с т в
к в а ш е н о е
а в т о м а ш и н о й
у ч и т е л ь с к и е
х у д о щ а в о
а р е о л о й
р е б я ч ь и м
б у ф е т е
о х л у п н е й
у л ы б о ч к а х
б у д е т е   т е р я т ь с я
с е к с а п и л о ч к а х
п а т р у б к у
з а в е р н у л
а н е с т е т и к и
б у л ь д о з е р о м
с в о е р у ч н о й
г р а н ь ю
ч ж у а н с к о е
к о н ц е р н о в
к о н ю х а м
п р а я з ы к
п р и г л я д е в
в ы с т а в ь т е
с о л ё н ы х
г у м а н и с т и ч е с к у ю
з а п л е т а я
в б е г и т е
п р и н ю х а л с я
п о м е щ и ч и й
с ё р ф и н г а
б у д у   т щ и т ь с я
б у д у т   с в е р ш а т ь с я
п р о г о в о р и в ш и й
к и с л о р о д н ы м
к у л и н а р н о е
д о т я г и в а ю щ и й с я
п о н я т л и в ы
к р и з и с н ы
в и х о р
з а т р я с ш и й
в а х т е н н о г о
п р и з в у к и
ф л ю и д о м
р е ч н о г о
п е с ч и н к а м и
з а р я ж е н н о г о
т у ч н е е т
э с э с о в ц а м и
т р а н с с е к с у а л ь н о е
в е с е л и л о
а к к л и м а т и з а ц и я м и
г а и ш н и к и
л и б е р а л ь н о г о
л ю б о п ы т е н
л е с о р у б
г р у з о о т п р а в и т е л я х
о в л а д е в а л
п р е д с т а в л е н и е
п а т р и а р х и й
п о с л у ш а н и е м
к и с л о р о д н о е
в б е ж а л
б у д е т е   в з и м а т ь с я
н е с т а н д а р т н а
с ы н и ш к а м и
п л о д о н о с и л и
д у р я щ и й
н е д р а х
п а т р и а р х и я х
н е б о г а т о е
г р и м а с а х
н е п р а в е д н ы х
в о з р а с т а е ш ь
с о л о н о
к в а ш е н ы м и
п о д х в а т и т е
б л и з л е ж а щ е м
з а в е р н е ш ь
р а з в ё р с т к и
ш е р е н г е
к у р т о ч е к
о с ь м и н о г у
р е в о л ю ц и е й
с л а в я н с к и й
д и к т о р ш и
с т у д е н ч е с к о й
а л г е б р а и ч е с к о й
и з в р а щ е н и я
у р о д о в
ш х е р ы
с о р в е т
д о е д а л а
р а н е н и я
в ы с л у ш и в а е м ы й
п е р е с е л е н ц у
б у д е т е   в р а т ь
с к а з а н и я
в а х т е н н о м
з а т е я т ь
с п о д в и ж н и к о м
с т о р о н н и к у
п о л ь з о в а т е л е й
у м е н ь ш и л а с ь
т р а н с с е к с у а л ь н ы й
п е п е л ь н и ц а
д и к т о р ш а
к и н е т и ч е с к и е   э н е р г и и
д и ф р а к ц и й
т о н и к
н а г р о м о з д и т
п о с п о с о б с т в о в а т ь
у л ь т и м а т у м а м
н е д р а м
л ю к с а м
д у б и н к е
о т с у т с т в у ю щ и м
з а к о ч е н е е ш ь
в ы к и д ы в а й
х у д о щ а в а
п р а я з ы к о в
п е р е х и т р и т
п о д х в а ч е н н ы й
о в ц е б ы к
р а с т в о р и м ы е
г и п о т е н у з ы
н а г р о м о з д и ш ь
к а т е р и щ е
а л г е б р а и ч е с к у ю
т о н и к е
с в о е р у ч н ы й
г а л л и ю
б у д е т   е з д и т ь
а в т о м а ш и н
в в е р и л и
б л и з л е ж а щ е м
а м е т и с т
п о л ь з о в а т е л е й
к о м н а т н ы м   т е м п е р а т у р а м
в ы с т а в л ю
н е о б р а б о т а н н о й
р а з у з н а ё т
а ф ф и к с
н а с л у ш а ю с ь
о т с у т с т в у ю щ е м у
к о н ю х а х
в а х т е н н о м у
с п и ч е ч н о г о
з а р я ж е н н о е
б л а г о п р и я т н о м у
л о х м а т и т е
п р о д а ж а х
н а г р о м о з д и т е
р а д е л о
к в а ш е н а
п о с к р ё б ш и
м н о г о м и л л и о н н о м у
м н о г о м и л л и о н н ы м и
о п е к
н е б о г а т о м у
г р у з о о т п р а в и т е л я м
а л и ф о в
л о х м а т ь т е
д у ш е п р и к а з ч и к а м и
б а л б е с о в
н а д у м а н н ы х
е з д я т
б у д е м   т о п т а т ь с я
р е ч н ы м
п и с а р ь
р е б я ч ь и х
б е з о б и д н ы й
в з и м а е м с я
л ю к с
з а м а н и в а в ш и й
д и п л о м а т о в
а м е т и с т а
н а с л ы ш а т с я
б у д е т   в з и м а т ь с я
в е р т и к а л ь
б л а г о ч е с т и в о м
п е р е з в о н и т е
б у д е т   о б у ч а т ь
а к т и в и з и р у й с я
к и н е т и ч е с к а я   э н е р г и я
е д и н о д у ш е н
д е й с т в и т е л ь н о с т и
н а р у ж н о с т я м
в о д я н ы х
д о х л ы м
п р о с у н у
н е о н о в а я
н е о н о в ы м
з а и г р ы в а й т е
л и з н у л
с о л ё н о е
т р а н с ф о р м а ц и и
д е м а т е р и а л и з а ц и и
к о к а р д о й
р а з в а л и м с я
с о р в а н н ы й
а л г е б р а и ч е с к о г о
о м е р з е н и я
м е т а л л у р г и ч е с к о й
б е р е м е н н у ю
х у д о щ а в о й
г о р м о н
в е с е л я щ и й
б е р е м е н н ы м
г р и м а с о й
т е р я е т е с ь
в е р т и к а л я х
д о т я г и в а й с я
у л ы б о ч к а м и
ч л е н и к о м
з а п л е т а ю т
н а м а т ы в а й т е
д у б и н о к
с т у д е н ч е с к о м у
о в ц е б ы к а м
н а р я д и т е
п е л ё н
т р а н с с е к с у а л ь н о м у
с в о е р у ч н о м у
п р а п о р о в
о м р а ч и в ш и й
в ы к и д ы в а л а
э с э с о в ц е
м е щ а н с к и й
б у д у   е з д и т ь
о м е р з е н и е м
ф р а к о м
ч ё р н е н ь к о м
в ы к и д ы в а л о
б л а г о ч е с т и в а я
ч л е н и к а х
з а в е р н у л о
л ю б о п ы т н о г о
н е о н о в ы м и
н е о б р а б о т а н н а я
д о х л ы х
н е с т а н д а р т н ы
ч л е н и к е
р а з о з л и м с я
к о н ц е р н а
н е м и н у е м о м
д о т я г и в а л с я
л я р в а м
з а к о ч е н е в
э х о л а л и я м
б у д у   о т р я ж а т ь
г и п о т е н у з а х
а н е с т е т и к а м
д у р и в
о б у ч а я
п о с к р е б е т
