п и н г - п о н г и
и з в е р ж е н и я м
г о р и з о н т   с о б ы т и й
с о с т а в и т е л я х
у ч и т е л ь с к о й
б у д у   о т к а п ы в а т ь
п е р е х и т р и т е
в о з р а с т а й т е
н а с л у ш а л а с ь
с о д е р ж а т е л е н
з а и г р ы в а е т е
с м е р т е л ь н ы й
н е п р а в е д н ы й
з а р я ж е н н о г о
б у д е ш ь   в р а т ь
з а п л е т а в ш и й
р а с т в о р и м о г о
н а г р о м о з д и л
л и б е р а л ь н о й
п р и н ю х а ю с ь
л и б е р а л ь н ы м
л и б е р а л ь н ы м
л и б е р а л ь н о й
и с п р а ж н е н и й
б е с с о н н и ц а х
н а с л у ш а ю т с я
б е с с о н н и ц а м
с л а в я н с к о м у
б у д у т   п о з и р о в а т ь
п е р е х и т р и л а
д и ф р а к ц и я м и
п о д д а д и т е с ь
п о м р а ч н е й т е
п е р е х и т р и л и
у м е н ь ш и л о с ь
н е п р а в е д н о е
п р и н ю х а л а с ь
и м п о т е н т о в
н е п р а в е д н о й
н е п р а в е д н о й
и м п о р т и р у ю т
н а д у м а н н ы м и
н е п р а в е д н ы х
с м е р т е л ь н ы х
н е п р а в е д н о м
н а д у м а н н о г о
н а р у ж н о с т я х
б л и з л е ж а щ у ю
п р и с о е д и н я й
н е п р а в е д н ы е
л ю б о п ы т н о г о
с м е р т е л ь н ы е
б л и з л е ж а щ и й
р а з в ё р с т к о й
н е п р а в е д н а я
б л и з л е ж а щ и м
с п о д в и ж н и к а
з а м а н и в а е ш ь
п р и к у п и в ш и й
б у д у т   р а д е т ь
б у д е т е   д о е д а т ь
д и п л о м а т
п е р е с е л е н ц е в
п е р е з в о н и л и
и с п р а ж н е н и и
п е р е з в о н и л о
б л и з л е ж а щ е й
р а з в а л и т е с ь
п о м е щ и ч ь е г о
к и с л о р о д н о й
у л ь т и м а т у м о м
б у д е т   л о х м а т и т ь
б е з о б и д н о г о
к и с л о р о д н ы е
б л и з л е ж а щ е е
р а с х и т и т е л и
с о с т а в и т е л и
п р о г р е м е л о
б е р е м е н н ы м и
с п о д в и ж н и к и
а к к о м о д а ц и ю
з а и г р ы в а л о
в ы с л у ш и в а е т
з а и г р ы в а л а
п о о щ р е н и е м
п е р е з в о н и т е
м и р я н е
б е р е м е н н о г о
к и с л о р о д н о м
г а и ш н и к а м и
а в т о м а ш и н а х
и з в р а щ е н и я
к о м п о з и т о р е
в ы с л у ш и в а л и
д и с т а н ц и е й
з е м л я н ы х   ч е р в е й
п о д х в а т ы в а ю
з а с т и р ы в а е т е
н е м и н у е м ы х
н а д у м а н н о й
о в л а д е в а е т е
р а з о з л и т е с ь
п о м р а ч н е л о
п о м р а ч н е л а
р а з в ё р с т к а м
о т р я ж а в ш и й
с в о е р у ч н о м
п о м р а ч н е л и
в з и м а й т е с ь
и з в е р ж е н и я
с в о е р у ч н ы х
н е б о г а т о г о
с в о е р у ч н о е
з а р я ж е н н ы м
с в о е р у ч н о е
з а р я ж е н н ы х
п л о д о н о с и т е
л е с о р у б а м и
б е з о б и д н о м у
б ю д ж е т н и к а х
у с м а т р и в а л
к о о р д и н а т е
п а т р и а р х и и
н а д у м а н н о м
р а с т е к а е т с я
п о н я т л и в о м у
н а д у м а н н ы м
р а с т в о р и м о й
н а м а т ы в а е м ы й
р а с т в о р и м ы е
р а с т в о р и м ы х
м а д р и г а л о в
р а с т в о р и м о е
р а с т в о р и м о й
н е с т а н д а р т е н
з а р я ж е н н о е
к и п р и о т к о й
б у д е ш ь   т щ и т ь с я
м е щ а н с к о м у
з а к о ч е н е е т е
о б у ч а в ш и й
ч ё р н е н ь к о е
п а т р и а р х и и
в о з р а с т а е т
п р и н ю х а е т е с ь
и л л ю з о р н о й
и л л ю з о р н о й
и з в е р ж е н и е
х р о н о м е т р а
б у д у т   д о г о р а т ь
с т е р е о л у п у
с в е р ш а л а с ь
с в е р ш а е т с я
в а х т е н н о г о
з а п а д н и к а х
с л а в я н с к о м
п у с т ы н н ы м и
о т п е ч а т а й т е
п о д д а в ш и й с я
с в о е р у ч н а я
х у д о щ а в о г о
с л а в я н с к о й
с л а в я н с к и х
с л а в я н с к о м
к и с л о р о д н у ю
п е р е х и т р я т
л ю б о п ы т н ы х
л ю б о п ы т н ы х
б е з о б и д н ы х
б е з о б и д н о м
п о л е й т е с ь
б е з о б и д н ы м
п о н я т л и в у ю
н е м и н у е м у ю
х р о н о м е т р ы
м я г к и е   с и л ы
б е с с о н н и ц у
б е з о б и д н о е
а в т о м а ш и н а
с п и ч е ч н ы м и
с т е р е о л у п е
т у ч н е в ш и й
п р и г л я д и т е
с т е р е о л у п ы
к у л и н а р н о й
п о д д а с т с я
к у л и н а р н ы м
к у л и н а р н о й
к у л и н а р н ы х
к у л и н а р н ы х
н а р я д и в ш и й
к у л и н а р н о е
п о с л у ш а н и й
п е п е л ь н и ц ы
р а з в ё р с т к е
к у л и н а р н а я
х е р у в и м а м и
п о с л у ш а н и я
у м е н ь ш и м с я
с л а в я н с к о е
п о м е щ и ч ь е м
п о м е щ и ч ь е м
д и п л о м а т о м
з а в е р н и т е
п о м е щ и ч ь е м у
п о д х в а т и л о
а в т о м а ш и н ы
б е з о б и д н ы е
з а с т и р ы в а е м
л ю б о п ы т н ы е
у м е н ь ш и т с я
в ы с л у ш и в а ю т
в ы к и д ы в а е м
х р о н о м е т р о в
н а м а т ы в а л а
з а и г р ы в а в
п р и г л я д е л а
з а и г р ы в а й
п р и г л я д е л и
п о о щ р е н и я
з а п л е т а е т е
б е р е м е н н о е
б е р е м е н н ы м
б е р е м е н н ы х
б е р е м е н н ы е
б е р е м е н н ы й
б у д е ш ь   т у ч н е т ь
п а т р у б о к
п о н я т л и в о й
п о н я т л и в а я
п о н я т л и в ы м
п е р е х и т р ю
и л л ю з о р н о е
д о г о р а в ш и й
р е в о л ю ц и я х
и л л ю з о р н ы е
и л л ю з о р н ы м
р у с о ф и л а м и
п о м е щ и ч ь е й
п о м е щ и ч ь е й
и л л ю з о р н ы х
и л л ю з о р н ы м
и л л ю з о р н у ю
в о д я н о м
р а с т е к а я с ь
д и п л о м а т а м
д и п л о м а т о в
м е щ а н с к и м и
о м е р з е н и е
л ю б о п ы т н ы е
л ю б о п ы т н о е
о м е р з е н и е
п р о г о в о р ю
п а т р у б к и
к в а ш е н о м у
р а с х и т и т е л ь
к а р а в а н о в
п о м р а ч н е й
к а р а в а н а м
б у д е т е   р а д е т ь
с ё р ф и н г о м
т р о ц к и с т о м
п о н я т л и в ы х
т о п т а л и с ь
б у д е т   т у ч н е т ь
х е р у в и м о в
к о о р д и н а т
а н е с т е т и к а
с в о е р у ч н ы
а в т о м а ш и н ы
о б о л о ч к а м
к у т а ю щ и й с я
б у д у   к у т а т ь с я
з а р я ж е н н у ю
п о л ь ю с ь
п о н я т л и в о е
ч ж у а н с к о й
н е б о г а т о й
ч ж у а н с к о й
п е р е х и т р и ш ь
д и с т а н ц и й
г а и ш н и к а
с л и в а е т с я
ч ж у а н с к и й
д и с т а н ц и и
м а д р и г а л е
м а н д о л и н у
д и с т а н ц и ю
в ы к и д ы в а л
д и к т о р ш и
д и п л о м а т а
п о д д а ш ь с я
т е р я е ш ь с я
р а с т в о р и м ы
к в а ш е н о г о
к а т е р и щ а х
к р и з и с н о м
к р и з и с н ы х
к а т е р и щ а м
с в е р ш а я с ь
п е с ч и н к о й
п о с к р ё б ш и й
р а с т е к а л с я
п о з и р у е ш ь
м е щ а н с к о м
в а х т е н н о й
б а л е т н ы м и
в а х т е н н о й
с п и ч е ч н ы х
л о к т е в о г о
т у ч н е ю щ и й
в е с е л и м ы й
м е щ а н с к о й
а м е т и с т а х
в а х т е н н о е
с м е р т е л ь н о
п и н г - п о н г
л и б е р а л ь н у ю
ч ж у а н с к и м
х у д о щ а в о м
х у д о щ а в ы м
н а м а т ы в а л
о т н о ш е н и я
х у д о щ а в ы е
о т в е р г н е т
с а н а т о р и е м
п р о г р е м и т
в е р т и к а л и
в ы к и д ы в а в
н е б о г а т а я
к у р т о ч к а х
п р и к у п и ш ь
к р и з и с н ы м
л е с о р у б о в
п е р е з в о н и
о т п е ч а т к а м
к р а й н о с т и
к р а й н о с т и
п р а я з ы к а м
з а с и я в ш и й
б а л е т н о г о
ж е л у д о к
г р и м а с а м и
э с э с о в ц е м
с п и ч е ч н ы й
и м п о т е н т а
р е б я ч ь е г о
е ж е г о д н и к
и м п о т е н т у
с п и ч е ч н о й
с п и ч е ч н о й
п о д н е с и т е
б ю д ж е т н и к е
и м п о т е н т о в
п о д х в а т и в
п о г о н е й
р е в о л ю ц и ю
н е п р а в е д е н
к о н ц е р н о м
п л о д о н о с и
к о к а р д а м и
п л о д о н о с я
н а д у м а н н о м у
ч ж у а н с к и м
л ю б о п ы т н ы
з а м а н и в а ю
з а п л е т а е м
п о с в я т и т е
б о г а т ы р я х
п о м р а ч н е е т е
в ы к и д ы в а ю
о в л а д е в а я
п р и к у п и т ь
с а н а т о р и й
з а м а н и в а я
т р о ц к и с т а
а н е с т е т и к
к у л и н а р н о
в б е г у т
н а с л ы ш у с ь
к и л ь к а м и
п у с т ы н н ы х
п у с т ы н н ы х
л о к т е в о м у
р у с о ф и л о в
з а п л е т а л и
а р е о л а м и
с о л ё н ы м и
з а п л е т а л а
и л л ю з о р н ы
о т к а п ы в а в
п о с к р е б л а
с ё р ф и н г
к р и з и с н ы х
п о д н е с я
н е б о г а т ы
о с ь м и н о г е
в е с е л и л и
в а х т е н н ы й
м я г к и х   с и л
о т р я ж а л о
п е с ч и н к и
л и б е р а л ь н о
о т р я ж а л и
р а з р ы в а м
ч ж у а н с к а я
п у с т ы н н о м
п у с т ы н н о й
с о л ё н о г о
п у с т ы н н о е
п у с т ы н н о й
п у с т ы н н о е
п у с т ы н н ы м
о т р я ж а ю т
в о д я н о г о
с ы н и ш к а м
з а л е ж а м и
о т к а п ы в а я
п о с в я т и л о
э с э с о в ц ы
п о з и р у ю т
к у р т о ч к и
т ё т е н ь к и
г о р м о н а м и
в з и м а л с я
б е р е м е н н о
ч л е н и к а м и
п о д н е с е ш ь
к о н ц е р н а х
з и г з а г а х
л о х м а т и т
с а н а т о р и и
д о г а д к о й
л е с о р у б у
э с э с о в ц у
о м р а ч и л и
п е с ч и н к у
о в л а д е в а в
п р о с у н у в
б а л е т н ы х
б а л е т н ы х
б а л е т н о м
л о к т е в о й
б а л е т н о м
к в а ш е н о й
с п и ч е ч н ы е
к в а ш е н ы й
н е б о г а т о
б а л е т н ы е
п о д н е с л и
л о к т е в ы х
л о к т е в ы м
а м н е з и я х
н е о н о в ы м
р о м а н с
к о л о н и я м
б е з о б и д н а
т е р я л и с ь
г а л л и я м и
п р о ш л о г о
п о г о н ю
з и г з а г а м
п р е с н о м у
п р о ш л ы м и
к у р т о ч к у
к в а р т и р а
к р и з и с н а
р а н е н и е м
к у р т о ч к а
о т п е ч а т к а
т ё т е н ь к е
р о м а н с о в
в о д о л е я х
т ё т е н ь к е
р е б я ч ь и х
о в ц е б ы к и
о х л у п н я м
р а з у з н а в а в ш и й
к р и з и с н о
в з и м а я с ь
б у с с о л я х
и м п о т е н т
б о г а т ы р я
с ы н и ш к а х
а ф ф и к с а м и
д и к т о р ш а х
н е о н о в о е
н е о н о в о е
о б у ч а ю т
п р о д а ж и
п и с а р я м и
п р и к у п и л
т р о ц к и с т
п р а я з ы к и
т у р и с т а х
т у р и с т а м
р а н е н и я м
к а р а в а н
г р и м а с а м
п е с ч и н к е
д в е р к а м и
в з и м а ю с ь
х е р у в и м у
з а п л е т а в
х е р у в и м а
р а с т в о р и м
р е б я ч ь и м
т щ и в ш и й с я
к о н ц е р н у
э к р а н о м
в о д я н ы е
о х л у п н ю
к л я п
п р о с у н ь
э р с т е д ы
к л я п ы
з а р я ж е н
н а р я д и л
д у р и в ш и й
к а н и с т р
а ф ф и к с о в
д о е д а е ш ь
л а т у н ь ю
к у т а й с я
с ы н и ш к и
з а т р я с л а
э р с т е д о в
л у ч н и к о в
б у д у т   в е с е л и т ь
с о л ё н о й
б а л б е с е
в о д я н о м
д е н ь т е с ь
д е н е ш ь с я
о б у ч а т ь
з а с и я т ь
г а и ш н и к а
п о д т я н у л
б о г а т ы р е й
с о л ё н ы е
э к р а н о в
д о е д а е м
п р о д а ж и
о м р а ч и в
о т р я ж а я
ж е л у д к а
м а л ы ш к е
д о г а д о к
л и з н и т е
п о д н е с и
б а л б е с а
ч л е н и к у
г р а н и ц ы
п о з и р у й
т щ и т ь с я
с о р в а л а
э м б л е м ы
д о е д а е т
з а с и я е м
э м б л е м а
к о л о н и я
б у ф е т о м
э м б л е м ы
к о н ц е р н
в е с е л и л
в о д о л е е
о х л у п н е
л и з н у т ь
б у с с о л и
д о х л о м у
ж и т а м и
б у с с о л и
н е б е с а х
н а р я д и т
д о г о р а ю
д о г о р а й
з и г з а г и
р а з у з н а в а л
з и г з а г и
г о р м о н а
р а з р ы в о в
д о г о р а в
д и к т о р ш е
в о д о л е й
т щ и л и с ь
л о х м а т ь
в л о ж и л и
в е с е л и м
а м н е з и я
о г у р ц о м
п о с в я т и
к о к а р д у
л и з н у л о
а м н е з и и
п у к л я м и
п р а п о р у
г р а н и ц ы
г р а н и ц у
м и р я н и н у
п р о ш л о й
п р о ш л о й
п и с а р я м
п р е с н ы й
ш е р е н г а
ф р а к а м и
б е р е м е н е н
п р о с у н у л
п р а я з ы к
д в е р к а м
р е б я ч и й
а м н е з и й
с л у п и ш ь
р у с о ф и л
р о м а н с ы
л и з н е т е
п о г о н я м
д о е д а в
т о н и к а м
к о к а р д а
ч л е н и к а
о х л у п н и
в в е р и в
а м н е з и и
с л у п и л о
с л у п и л и
у х н е ш ь
с л у п и т ь
м и р я н а м
с т е л о й
д о г а д к е
г о р м о н у
б у ф е т ы
г о р м о н ы
с о р в у т
р а д е й т е
г р и м а с
с л у п я т
к о л о н и и
э к р а н е
з а л е ж е й
л я р в о й
д е н у с ь
к и л ь к у
л ю к с о м
к и л ь к а
у р о д о м
в б е ж а в
а р е о л е
б у ф е т а
п о г о н е
в л о ж и л
з а т е е м
о б у ч а в
д е т ь с я
б у д у   в р а т ь
п и а р о м
п и а р а х
ш х е р а х
н и ч ь и м
г а л л и я
р е ч н ы х
б а л б е с
л а т у н и
к в а ш е н
ж и т о
ш в е д а х
з а с и я ю
т а т е м
б а н т а х
п о д н ё с
б о й ц а х
д о х л о м
д у р и л и
п у к л я х
т а т ь
д в е р к у
д о е д а ю
л о с я х
к с и в о й
к у ч и
т щ и с ь
в и х р у
ш в е д о м
с л у п и л
н е д р а м и
д в е р к е
д в е р к и
л а т у н и
б о й ц у
д о х и
х а о с о в
к с и в у
ф и ш к у
т а т я
п о г о н и
р а д е ю т
к р о т а
а л и ф ы
у р о д е
у х н и т е
е з д и м
г р а н и
з а л е ж и
л у ч н и к а
ф и ш к е
к л я п ы
ш х е р е
г р а н ь
ф р а к и
ш х е р а
л я р в а
л ю к с а
о п е к и
л ю к с е
г р а н и
о г у р е ц
ш в е д е
п и а р ы
ш х е р ы
о п е к е
м о р с ы
к с и в а
а л и ф е
а л и ф а
л о с ю
д у р я
в р а л и
е з д и л
о п е к а
д о х л о й
д о х л ы м
ж и т о
д о х л ы х
а л и ф ы
г а г а м
у х н и
ш в е д ы
а л и ф
к р о т
о с а м и
г а г е
т о н и к
к у ч е
в р у т
в р а в
д у р и
ф р а к
ф р а к
в р у
о с е
