о с е
в р у
ф р а к
ф р а к
д у р и
в р а в
в р у т
к у ч е
т о н и к
г а г е
о с а м и
к р о т
а л и ф
ш в е д ы
у х н и
г а г а м
а л и ф ы
д о х л ы х
ж и т о
д о х л ы м
д о х л о й
о п е к а
е з д и л
в р а л и
д у р я
л о с ю
а л и ф а
а л и ф е
к с и в а
м о р с ы
о п е к е
ш х е р ы
п и а р ы
ш в е д е
о г у р е ц
г р а н и
л ю к с е
о п е к и
л ю к с а
л я р в а
ш х е р а
ф р а к и
г р а н ь
ш х е р е
к л я п ы
ф и ш к е
л у ч н и к а
з а л е ж и
г р а н и
е з д и м
у х н и т е
у р о д е
а л и ф ы
к р о т а
р а д е ю т
п о г о н и
т а т я
ф и ш к у
к с и в у
х а о с о в
д о х и
б о й ц у
л а т у н и
д в е р к и
д в е р к е
н е д р а м и
с л у п и л
ш в е д о м
в и х р у
т щ и с ь
к у ч и
к с и в о й
л о с я х
д о е д а ю
д в е р к у
т а т ь
п у к л я х
д у р и л и
д о х л о м
б о й ц а х
п о д н ё с
б а н т а х
т а т е м
з а с и я ю
ш в е д а х
ж и т о
к в а ш е н
л а т у н и
б а л б е с
р е ч н ы х
г а л л и я
н и ч ь и м
ш х е р а х
п и а р а х
п и а р о м
б у д у   в р а т ь
д е т ь с я
о б у ч а в
з а т е е м
в л о ж и л
п о г о н е
б у ф е т а
а р е о л е
в б е ж а в
у р о д о м
к и л ь к а
л ю к с о м
к и л ь к у
д е н у с ь
л я р в о й
з а л е ж е й
э к р а н е
к о л о н и и
с л у п я т
г р и м а с
р а д е й т е
с о р в у т
г о р м о н ы
б у ф е т ы
г о р м о н у
д о г а д к е
с т е л о й
м и р я н а м
с л у п и т ь
у х н е ш ь
с л у п и л и
с л у п и л о
а м н е з и и
в в е р и в
о х л у п н и
ч л е н и к а
к о к а р д а
т о н и к а м
д о е д а в
п о г о н я м
л и з н е т е
р о м а н с ы
р у с о ф и л
с л у п и ш ь
а м н е з и й
р е б я ч и й
д в е р к а м
п р а я з ы к
п р о с у н у л
б е р е м е н е н
ф р а к а м и
ш е р е н г а
п р е с н ы й
п и с а р я м
п р о ш л о й
п р о ш л о й
м и р я н и н у
г р а н и ц у
г р а н и ц ы
п р а п о р у
п у к л я м и
а м н е з и и
л и з н у л о
к о к а р д у
п о с в я т и
о г у р ц о м
а м н е з и я
в е с е л и м
в л о ж и л и
л о х м а т ь
т щ и л и с ь
в о д о л е й
д и к т о р ш е
д о г о р а в
р а з р ы в о в
г о р м о н а
з и г з а г и
р а з у з н а в а л
з и г з а г и
д о г о р а й
д о г о р а ю
н а р я д и т
н е б е с а х
б у с с о л и
ж и т а м и
д о х л о м у
б у с с о л и
л и з н у т ь
о х л у п н е
в о д о л е е
в е с е л и л
к о н ц е р н
э м б л е м ы
б у ф е т о м
к о л о н и я
э м б л е м а
з а с и я е м
д о е д а е т
э м б л е м ы
с о р в а л а
т щ и т ь с я
п о з и р у й
г р а н и ц ы
ч л е н и к у
б а л б е с а
п о д н е с и
л и з н и т е
д о г а д о к
м а л ы ш к е
ж е л у д к а
о т р я ж а я
о м р а ч и в
п р о д а ж и
д о е д а е м
э к р а н о в
с о л ё н ы е
б о г а т ы р е й
п о д т я н у л
г а и ш н и к а
з а с и я т ь
о б у ч а т ь
д е н е ш ь с я
д е н ь т е с ь
в о д я н о м
б а л б е с е
с о л ё н о й
б у д у т   в е с е л и т ь
л у ч н и к о в
э р с т е д о в
з а т р я с л а
с ы н и ш к и
к у т а й с я
л а т у н ь ю
д о е д а е ш ь
а ф ф и к с о в
к а н и с т р
д у р и в ш и й
н а р я д и л
з а р я ж е н
к л я п ы
э р с т е д ы
п р о с у н ь
к л я п
о х л у п н ю
в о д я н ы е
э к р а н о м
к о н ц е р н у
т щ и в ш и й с я
р е б я ч ь и м
р а с т в о р и м
х е р у в и м а
з а п л е т а в
х е р у в и м у
в з и м а ю с ь
д в е р к а м и
