к о м н а т н у ю   м у х у
г о р и з о н т   с о б ы т и й
в а х т е н н о г о
з е м л я н о г о   ч е р в я
о т в е р г н у т ь
м а с т е р   н а   в с е   р у к и
к о м н а т н о й   т е м п е р а т у р е
к о м н а т н ы м и   м у х а м и
б у д е т е   а к т и в и з и р о в а т ь с я
б у д е т   с о с р е д о т о ч и в а т ь
в а х т е н н о м
п р е н е б р е ж и т е л ь н о с т я м
н а д у м а н н о г о
н а д у м а н н а я
н а д у м а н н ы м
н а д у м а н н ы х
н а д у м а н н ы е
н а д у м а н н о м у
н а д у м а н н о м у
н а д у м а н ы
п р е н е б р е ж и т е л ь н о с т и
п о с п о с о б с т в у е ш ь
к и н е т и ч е с к о й   э н е р г и и
к и н е т и ч е с к и х   э н е р г и й
б у д е т е   п о д х в а т ы в а т ь
к о м н а т н у ю   т е м п е р а т у р у
б у д у т   у с м а т р и в а т ь
с о с р е д о т о ч и в а е м ы й
м е т а л л у р г и ч е с к о г о
г р у з о о т п р а в и т е л е м
б у д у   у с м а т р и в а т ь
д е м а т е р и а л и з а ц и я х
б у д е т е   з а и г р ы в а т ь
а к т и в и з и р о в а в ш и й с я
д е й с т в и т е л ь н о с т я х
с о с р е д о т о ч и в а й т е
д у ш е п р и к а з ч и к о в
б у д у т   п о д х в а т ы в а т ь
б у д е т е   с в е р ш а т ь с я
б у д у   п о д х в а т ы в а т ь
б у д е т   в ы с л у ш и в а т ь
б у д е т   р а з у з н а в а т ь
д е м а т е р и а л и з а ц и и
г у м а н и с т и ч е с к о м у
г у м а н и с т и ч е с к о м у
м н о г о м и л л и о н н о г о
г р у з о о т п р а в и т е л ь
б у д е т е   о в л а д е в а т ь
д е й с т в и т е л ь н о с т ь
м е т а л л у р г и ч е с к и й
д е м а т е р и а л и з а ц и я
т р а н с с е к с у а л ь н о й
т р а н с с е к с у а л ь н ы е
р а з б и р а т е л ь с т в о м
м е т а л л у р г и ч е с к а я
м е т а л л у р г и ч е с к о е
м е т а л л у р г и ч е с к и й
г у м а н и с т и ч е с к о й
т р а н с с е к с у а л ь н о г о
н е о б р а б о т а н н ы м и
д е й с т в и т е л ь н о с т е й
л е с о м е л и о р а ц и я х
м е т а л л у р г и ч е с к и х
и м п о р т и р о в а в ш и й
м е т а л л у р г и ч е с к и е
м н о г о м и л л и о н н ы м
р а з б и р а т е л ь с т в а м
с о с р е д о т о ч и в а т ь
у п р а в л е н и я   о г н ё м
г у м а н и с т и ч е с к о м
с о с л а г а т е л ь н о г о
с о с л а г а т е л ь н о г о
л е с о м е л и о р а ц и е й
м н о г о м и л л и о н н о й
м е т а л л у р г и ч е с к и м
м е т а л л у р г и ч е с к и м
т р а н с с е к с у а л ь н о м
с о с р е д о т о ч и в а е т
б у д е т е   р а з у з н а в а т ь
п е р в о и с т о ч н и к а х
б у д е ш ь   р а с т е к а т ь с я
с о с р е д о т о ч и в а л а
а к т и в и з и р у е т е с ь
а к к л и м а т и з а ц и и
б у д е т   д о т я г и в а т ь с я
б и с е к с у а л ь н о с т ь
б и с е к с у а л ь н о с т и
г у м а н и с т и ч е с к а я
б у д у   р а з у з н а в а т ь
м н о г о м и л л и о н н о е
м н о г о м и л л и о н н о е
б у д е м   в ы к и д ы в а т ь
п р о т и в о с т о я н и е
н е о б р а б о т а н н у ю
с о д е р ж а т е л ь н о м
т р а н с с е к с у а л ь н у ю
м и р о т в о р ч е с к о г о
с о д е р ж а т е л ь н ы х
с о д е р ж а т е л ь н ы й
с о д е р ж а т е л ь н ы м
с о д е р ж а т е л ь н ы м
с о д е р ж а т е л ь н о й
м н о г о м и л л и о н н ы й
б у д е т е   н а м а т ы в а т ь
н е о б р а б о т а н н о е
н е о б р а б о т а н н о й
п е р в о и с т о ч н и к и
п р о н и ц а е м о с т ь ю
п р е д с т а в л е н и я х
п р о н и ц а е м о с т я х
п р и с о е д и н я в ш и й
а к т и в и з и р у е т с я
б у д е т   р а с т е к а т ь с я
а л г е б р а и ч е с к о е
а л г е б р а и ч е с к о й
а л г е б р а и ч е с к о й
б у д у т   р а с т е к а т ь с я
п о д х в а т ы в а ю щ и й
п о д х в а т ы в а е м ы й
с о с л а г а т е л ь н о е
с о с р е д о т о ч и в а л
с о с л а г а т е л ь н о е
п е р в о и с т о ч н и к а
л е с о м е л и о р а ц и и
н е о б р а б о т а н н ы й
н е о б р а б о т а н н ы х
б у д у т   в ы с л у ш и в а т ь
н е о б р а б о т а н н ы х
а л г е б р а и ч е с к и м
п о с т а н о в о ч н ы м и
п е р е з в о н ю
о т с у т с т в у ю щ у ю
б л а г о п р и я т н о м
б л а г о ч е с т и в о й
б л а г о ч е с т и в о й
б л а г о п р и я т н о й
м и р о т в о р ч е с к и м
м и р о т в о р ч е с к и х
м и р о т в о р ч е с к и м
м и р о т в о р ч е с к у ю
м и р о т в о р ч е с к о й
д о т я г и в а в ш и с ь
б л а г о п р и я т н о й
м я г к у ю   в л а с т ь
о т с у т с т в у ю щ и м
б у д у т   д о т я г и в а т ь с я
д у ш е п р и к а з ч и к а
т р а н с ф о р м а ц и я м
б л а г о п р и я т н ы х
к о м н а т н о й   м у х е
б л а г о ч е с т и в ы е
б у д е т е   т щ и т ь с я
д у ш е п р и к а з ч и к
п о с п о с о б с т в у е м
п р о н и ц а е м о с т ь
б л а г о п р и я т н о е
б у д е м   т е р я т ь с я
б у д е м   д о т я г и в а т ь с я
п р о н и ц а е м о с т и
н е с т а н д а р т н ы х
п о с т а н о в о ч н о м
н е с т а н д а р т н ы м и
б л а г о п р и я т н ы й
н е с т а н д а р т н ы е
б л а г о ч е с т и в у ю
с т у д е н ч е с к о м у
б у д у т   в о з р а с т а т ь
б у д е м   з а и г р ы в а т ь
к о м н а т н а я   м у х а
м я г к и х   в л а с т я х
с т у д е н ч е с к о й
п р е д с т а в л е н и я
с о с л а г а т е л ь н о м у
с о с л а г а т е л ь н ы е
п о л ь з о в а т е л я м
н е с т а н д а р т н о й
н а м а т ы в а в ш и й
п р е д с т а в л е н и я
б л а г о ч е с т и в о е
з а и г р ы в а в ш и й
к о м н а т н ы х   т е м п е р а т у р а х
у л ь т и м а т у м а м и
н е с т а н д а р т н о м
н е о б р а б о т а н а
п е р е с е л е н ц а
с т у д е н ч е с к и й
с о с л а г а т е л ь н у ю
б у д е ш ь   з а п л е т а т ь
п о с т а н о в о ч н ы е
п о с т а н о в о ч н ы е
п о с т а н о в о ч н о й
п о с т а н о в о ч н а я
р а з о з л и в ш и й с я
п р и т р о н е т е с ь
т р а н с ф о р м а ц и и
п о с т а н о в о ч н ы х
н а с л у ш а й т е с ь
б у д е ш ь   с л и в а т ь с я
н а г р о м о з д и м
с о с р е д о т о ч и в а ю
с е к с а п и л о ч к и
б л а г о п р и я т е н
з а в е р н у в ш и й
б у д е ш ь   п о з и р о в а т ь
г и п о т е н у з о й
з а к о ч е н е в ш и й
о б л о к о т и л о с ь
п е р е с е л е н ц е в
б у л ь д о з е р а м и
н а г р о м о з д и л о
с в е р ш а в ш и й с я
б у д у т   р а з у з н а в а т ь
с м е р т е л ь н ы м и
у м е н ь ш и в ш и с ь
м я г к о й   в л а с т и
м я г к о й   в л а с т и
т р а н с ф о р м а ц и ю
р а з в а л и в ш и й с я
б л и з л е ж а щ е м у
п р и г л я д е в ш и й
с т у д е н ч е с к о м
б л а г о ч е с т и в ы
п о з и р о в а в ш и й
с т у д е н ч е с к и м
с п о д в и ж н и к а м
п е р е с е л е н ц е м
р а с х и т и т е л я м и
в ы к и д ы в а ю щ и й
и м п о р т и р о в а в
б ю с т г а л ь т е р у
с е к с а п и л о ч к е
б у д у т   з а п л е т а т ь
п о с т а н о в о ч н ы
п о д х в а т ы в а л о
з а с т и р ы в а л о
р а с т е к а ю щ и й с я
с о с т а в и т е л е й
к о м п о з и т о р о м
б ю с т г а л ь т е р о в
з а м а н и в а ю щ и й
в ы с л у ш и в а е ш ь
б у д е ш ь   е з д и т ь
т о п ч е т е с ь
и з в е р ж е н и е м
и м п о р т и р у е ш ь
и з в р а щ е н и я х
м а д р и г а л а м и
б у д е м   т у ч н е т ь
к и с л о р о д н о м у
б у д е м   з а п л е т а т ь
