п е п е л ь н и ц а м
г у м а н и с т и ч е с к и х
у х н у л о
г р а н ь
а м е т и с т ы
д о г о р а е м
к и н е т и ч е с к о й   э н е р г и е й
о т п е ч а т а е т е
л о х м а т и л а
с п и ч е ч н о м
б у д у т   в ы к и д ы в а т ь
с о с т а в и т е л е
с о л ё н о й
п о д н е с е т е
а к к л и м а т и з а ц и ю
к р и з и с н о е
б у д е м   н а м а т ы в а т ь
в е с е л я
з а с и я л а
р а з в а л ю с ь
н е с т а н д а р т н у ю
п о л и т ь с я
б а л е т н о г о
п е р в о и с т о ч н и к и
д и ф р а к ц и я
б у д е т е   п р и с о е д и н я т ь
з а м а н и в а е т е
п л о д о н о с и т е
п е р е х и т р и в ш и й
п и с а р я
у м е н ь ш и в ш и й с я
д о г а д к а м и
б у д е м   п р и с о е д и н я т ь
б у ф е т у
б л а г о ч е с т и в о й
м а с т е р о в   н а   в с е   р у к и
л ю к с у
р о м а н с ы
м и р о т в о р ч е с к и м и
к л я п у
п е л е н а м и
з а п л е т а й
м н о г о м и л л и о н н ы х
п р о г р е м е т ь
п е р в о и с т о ч н и к о в
р о м а н с о м
ч ж у а н с к и е
к у т а й т е с ь
л у ч н и к а м и
б а л е т н о й
з а л е ж ь
е д и н о д у ш н ы й
п л о д о н о с и т
у л ь т и м а т у м
о с а
ф л ю и д е
в ы к и д ы в а л и
п а т р и а р х и и
в и х р а х
л и б е р а л ь н ы х
в ы с л у ш и в а е м
и м п о р т и р о в а л
а н е с т е т и к
б е с с о н н и ц е й
н а г р о м о з ж у
ж е л у д к а м и
д о х л о й
т р а н с с е к с у а л ь н о й
з а и г р ы в а ю
з а т е я л и
б у д у   л о х м а т и т ь
э к р а н а
б у д е т   у с м а т р и в а т ь
м и р я н
л а т у н и
п р о т и в о с т о я н и ю
к а р а в а н ы
н а д у м а н н ы х
б у д у   р а с т е к а т ь с я
л о х м а т и л о
с п о д в и ж н и к е
р а с т в о р и м о м у
л я р в е
б л а г о ч е с т и в ы м
б у д у т   д о е д а т ь
о п е к е
п о г о н е
н е о б р а б о т а н н о г о
з а р я ж е н н ы е
у ч и т е л ь с к у ю
с л и в а й т е с ь
с о д е р ж а т е л ь н о м
н е о б р а б о т а н н о м у
л о с е м
д о г а д к и
р а с т в о р и м ы х
з а л е ж ь ю
о к р у ж а ю щ и х
д у ш е п р и к а з ч и к а м
б у д е м   о т к а п ы в а т ь
