п р о с у н е т е
б а л е т н о й
б ю д ж е т н и к о в
а м е т и с т е
б у д у   т е р я т ь с я
к о о р д и н а т о й
б у д е т   п л о д о н о с и т ь
г у л а г е
с о с л а г а т е л ь н о й
д и ф р а к ц и и
б у д е ш ь   в з и м а т ь с я
в о з р а с т а й
д е м а т е р и а л и з а ц и и
х е р у в и м а м
к у т а я с ь
п р и н ю х а й т е с ь
г у м а н и с т и ч е с к о г о
с о д е р ж а т е л ь н а я
с а н а т о р и и
к о м п о з и т о р а м
б л а г о ч е с т и в ы м
ж и т е
н а р у ж н о с т и
о т к а п ы в а л а
с п и ч е ч н о е
с о л ё н ы м
о т н о ш е н и е м
к и с л о р о д н ы е
ж и т а м
о б о л о ч к о й
р е б я ч ь е м у
р е ч н о м у
п о о щ р е н и я м
п р о г о в о р я т
н а д у м а н а
п о п е р х н у л с я
р у с о ф и л е
м и р о т в о р ч е с к и й
х р о н о м е т р
б е з о б и д н о й
о в ц е б ы к е
м а н д о л и н ы
о б о л о ч к а х
п и а р у
к у л и н а р н а
з а п а д н и к и
б о г а т ы р я
м а л ы ш к у
к в а р т и р е
з е м с т в о
в о д я н ы м
п е л е н е
т у ч н е е м
о м р а ч и л
м я г к и е   с и л ы
р е ч н ы е
п р е с н ы й
п е р е з в о н и в ш и й
с л а в я н с к о й
э х о л а л и е й
в в е р ь т е
о к р у ж а ю щ и х
о т р я ж а й т е
с о л ё н о м у
э х о л а л и и
е ж е г о д н и к у
п о л и л и с ь
л ю к с ы
к л я п
т р а н с с е к с у а л ь н о г о
а к т и в и з и р у е ш ь с я
п о д х в а ч у
о б у ч а л а
п е р е с е л е н ц а х
н е о б р а б о т а н н ы м
р е б я ч ь е
г у л а г а м и
н а р я ж е н н ы й
р а з р ы в
н а д у м а н н о й
с п и ч е ч н о й
л и б е р а л ь н ы х
л е с о р у б а
п и а р о в
с м е р т е л ь н о й
б у д е ш ь   п л о д о н о с и т ь
д и ф р а к ц и и
б у д е м   о б у ч а т ь
с м е р т е л ь н ы х
п о с т а н о в о ч н о г о
к р а й н о с т я х
о в л а д е н и е
с л у п л е н н ы й
л е с о р у б а х
ч ж у а н с к о г о
х а о с о м
б е р е м е н н о й
б л а г о п р и я т н о
к у л и н а р н ы х
е д и н о д у ш н ы х
