с т о р о н н и к а х
п р о г р е м и м
б е р е м е н н о м у
б у д у   з а и г р ы в а т ь
с м е р т е л ь н ы м
б у д е т е   т о п т а т ь с я
п о н я т л и в ы е
р а д е ю
т е р я е м с я
б о г а т ы р ь
о т п е ч а т а л а
п р о н и ц а е м о с т и
п р и н ю х а е ш ь с я
п р и т р о н у л с я
р а з в а л и л и с ь
п о о щ р е н и я
ч ё р н е н ь к и е
е д и н о д у ш н о г о
с о с л а г а т е л ь н а я
т щ и в ш и с ь
п р е с н о й
б е р е м е н н о м
о т р я ж а е ш ь
п е р е з в о н я т
з а л е ж и
т у ч н е л а
д у р и м
п о м е щ и ч ь е г о
н а д у м а н н у ю
б л а г о п р и я т н о м у
а к т и в и з и р о в а л и с ь
п о д д а й т е с ь
б у д е ш ь   в е с е л и т ь
у х н е т
с к а з а н и я м и
п р и т р о н у с ь
с л и в а й с я
п о с в я т и л
о т п е ч а т к о м
ш х е р о й
к а р а в а н ы
о г у р ц ы
ф л ю и д
с о с р е д о т о ч и в а в ш и й
н а д у м а н н ы й
к р и з и с н ы й
п л о д о н о с и в
т е р я й с я
н е м и н у е м о г о
р е ч н а я
м я г к и м и   в л а с т я м и
л у ч н и к а м
о т п е ч а т о к
ж е л у д к а х
о т р я ж а е м
к и с л о р о д н ы й
н е о н о в ы м
э к р а н
м н о г о м и л л и о н н ы й
к о ф р а
л ю б о п ы т н о е
с л а в я н с к о г о
к р и з и с н у ю
п о м е щ и ч ь я
ч ё р н е н ь к о й
у с м а т р и в а л о
п р и з в у к о м
д о г о р а е т е
б у с с о л и
и з в е р ж е н и я х
в о з р а с т а л а
с т е л е
л ю б о п ы т н а
б у л ь д о з е р о в
с о с л а г а т е л ь н о й
и м п о р т и р у е т е
е д и н о д у ш н ы е
с п и ч е ч н ы м
в з и м а ю т с я
м и р я н и н е
п о д х в а т ы в а л а
к и с л о р о д н о й
б е з о б и д н ы м
п е с ч и н к и
к о м п о з и т о р а м и
в ы с т а в я т
р а д е я
р а з р ы в а х
к о м н а т н о й   т е м п е р а т у р ы
д о т я г и в а л о с ь
б у с с о л и
а ф ф и к с а х
д у ш е п р и к а з ч и к у
ш е р е н г
р е ч н о г о
п р и з в у к а м и
о б у ч а е ш ь
д и к т о р ш у
б у д у   в ы с л у ш и в а т ь
н а м а т ы в а ю т
