к у т а т ь с я
ч ё р н е н ь к и е
у м е н ь ш и т ь с я
д о е д а в ш и й
х е р у в и м е
з е м с т в о
у р о д у
н а д у м а н н ы м и
б и с е к с у а л ь н о с т и
ч ё р н е н ь к о й
с ы н и ш е к
о м е р з е н и я х
д о е д а л о
а л г е б р а и ч е с к о г о
о т р я ж а ю щ и й
к о м н а т н ы х   м у х
ч ё р н е н ь к а я
р о м а н с а м и
н а м а т ы в а е т е
о т в е р г н е ш ь
п о с к р е б и т е
д е м а т е р и а л и з а ц и и
д и к т о р ш
т р а н с ф о р м а ц и и
о т н о ш е н и я м
о б у ч а й
в о д я н о й
в л о ж е н н ы й
о т п е ч а т а л о
в ы с л у ш и в а в
п о с к р е б е ш ь
в л о ж и л а
к и п р и о т к а м и
к в а ш е н а я
м е щ а н с к о й
л и б е р а л ь н о м у
п р а п о р а
с о с л а г а т е л ь н о м
п р и к у п и т е
п е л е н у
б у д е т е   в о з р а с т а т ь
б у ф е т а м и
п е л е н е
с л и в а в ш и й с я
р е в о л ю ц и я м
к у ч а м
э х о л а л и я м и
д у р ю
з а с т и р ы в а й
т а т я м
л ю б о п ы т н о м у
о м е р з е н и я
у р о д а м и
н е о б р а б о т а н о
п р о н и ц а е м о с т и
з а т р я с е м
с м е р т е л ь н о м у
о б л о к о т и в ш и с ь
н е с т а н д а р т н ы е
р е ч н о й
и м п о р т и р у й
п о н я т л и в о м
н е п р а в е д н ы м и
д о х л ы е
а л г е б р а и ч е с к о г о
э м б л е м а м
т а т ю
б у д у   а к т и в и з и р о в а т ь с я
м а н д о л и н
п р а п о р а х
в е с е л и в ш и й
т р а н с ф о р м а ц и и
в и х р о м
с п и ч е ч н о е
р е в о л ю ц и и
п р о ш л о г о
у л ы б о ч к и
о б о л о ч к и
к л я п а м и
р у с о ф и л о м
г о р и з о н т а х   с о б ы т и й
г о р и з о н т а   с о б ы т и й
ш в е д о в
п о з и р у е т е
б л а г о п р и я т н ы м
п и н г - п о н г
у х н у
з а п а д н и к
п р и к у п и л а
н е б е с а
п о м р а ч н е е м
м е щ а н с к и х
п р и т р о н у л о с ь
и з в р а щ е н и е
о в ц е б ы к у
д о е д а ю т
р е в о л ю ц и и
к у ч и
п о д н ё с ш и й
к о м п о з и т о р
