п о с т а н о в о ч н о е
в о д о л е я
п о с т а н о в о ч н о й
з а р я ж е н н о м у
р а з б и р а т е л ь с т в а
п о л ь е ш ь с я
д е м а т е р и а л и з а ц и и
с о с л а г а т е л ь н о г о
з а т р я с л о
б у д у   д у р и т ь
д о е д а ю щ и й
д у ш е п р и к а з ч и к е
г о р и з о н т о в   с о б ы т и й
г р у з о о т п р а в и т е л е й
к и с л о р о д н ы х
о т в е р г н у т ы й
б у д е т   р а д е т ь
д о х л ы й
в а х т е н н о г о
д у ш е п р и к а з ч и к а х
м н о г о м и л л и о н н о г о
б у д е т е   в ы с л у ш и в а т ь
с о с т а в и т е л я м и
к в а ш е н ы
п о л ь е т е с ь
г о р м о н о м
о т с у т с т в у ю щ и е
н а р я д и т ь
е ж е г о д н и к и
п о з и р у я
п р и г л я д и м
у п р а в л е н и и   о г н ё м
н е м и н у е м о е
п у с т ы н н а я
б у д е ш ь   н а м а т ы в а т ь
а к к л и м а т и з а ц и я х
с т е л а х
с п и ч е ч н ы х
п о с т а н о в о ч н о м у
ш в е д
п р и з в у к
к о н ц е р н ы
к в а ш е н о м
т щ и л о с ь
с о с т а в и т е л я м
н е о б р а б о т а н н ы м
в е с е л и т е
в ы с т а в и л а
з а п л е т а т ь
к а н и с т р е
и л л ю з о р н а
с п и ч е ч н о м у
с л у п и м
у с м а т р и в а т ь
п р е с н о г о
н е м и н у е м о
в а х т е н н о м у
б а л б е с о в
о в л а д е в а е т
п р а я з ы к е
л о к т е в о г о
л о к т е в о м
в е с е л и ш ь
б у д е т   т о п т а т ь с я
д и п л о м а т ы
п о п е р х н у т ь с я
в б е ж а в ш и й
б у д е т   д о г о р а т ь
б л а г о ч е с т и в о г о
п у с т ы н н о м
м а д р и г а л у
п р о г р е м и т е
о г у р ц о в
п р е н е б р е ж и т е л ь н о с т ь
б л а г о ч е с т и в ы й
с т о р о н н и к и
б у д у   и м п о р т и р о в а т ь
б у д е ш ь   с о с р е д о т о ч и в а т ь
ч ё р н е н ь к и й
р а д е е т е
д в е р к е
п о д т я н е т е
з а п а д н и к а м
в е с е л и л а
г а и ш н и к о м
б л а г о п р и я т н ы е
е д и н о д у ш н о й
м и р о т в о р ч е с к и м
б у л ь д о з е р у
д о х
п о д х в а т ы в а ю т
а к т и в и з и р о в а л а с ь
с п и ч е ч н о м
з е м л я н о м у   ч е р в ю
с о л о н а
ф л ю и д а х
в ы к и д ы в а е т
о б у ч а ю
н а с л ы ш и ш ь с я
п о д т я н у т
