р е б я ч ь и м
б у ф е т е
о х л у п н е й
у л ы б о ч к а х
б у д е т е   т е р я т ь с я
с е к с а п и л о ч к а х
п а т р у б к у
з а в е р н у л
а н е с т е т и к и
б у л ь д о з е р о м
с в о е р у ч н о й
г р а н ь ю
ч ж у а н с к о е
к о н ц е р н о в
к о н ю х а м
п р а я з ы к
п р и г л я д е в
в ы с т а в ь т е
с о л ё н ы х
г у м а н и с т и ч е с к у ю
з а п л е т а я
в б е г и т е
п р и н ю х а л с я
п о м е щ и ч и й
с ё р ф и н г а
б у д у   т щ и т ь с я
б у д у т   с в е р ш а т ь с я
п р о г о в о р и в ш и й
к и с л о р о д н ы м
к у л и н а р н о е
д о т я г и в а ю щ и й с я
п о н я т л и в ы
к р и з и с н ы
в и х о р
з а т р я с ш и й
в а х т е н н о г о
п р и з в у к и
ф л ю и д о м
р е ч н о г о
п е с ч и н к а м и
з а р я ж е н н о г о
т у ч н е е т
э с э с о в ц а м и
т р а н с с е к с у а л ь н о е
в е с е л и л о
а к к л и м а т и з а ц и я м и
г а и ш н и к и
л и б е р а л ь н о г о
л ю б о п ы т е н
л е с о р у б
г р у з о о т п р а в и т е л я х
о в л а д е в а л
п р е д с т а в л е н и е
п а т р и а р х и й
п о с л у ш а н и е м
к и с л о р о д н о е
в б е ж а л
б у д е т е   в з и м а т ь с я
н е с т а н д а р т н а
с ы н и ш к а м и
п л о д о н о с и л и
д у р я щ и й
н е д р а х
п а т р и а р х и я х
н е б о г а т о е
г р и м а с а х
н е п р а в е д н ы х
в о з р а с т а е ш ь
с о л о н о
к в а ш е н ы м и
п о д х в а т и т е
б л и з л е ж а щ е м
з а в е р н е ш ь
р а з в ё р с т к и
ш е р е н г е
к у р т о ч е к
о с ь м и н о г у
р е в о л ю ц и е й
с л а в я н с к и й
д и к т о р ш и
с т у д е н ч е с к о й
а л г е б р а и ч е с к о й
и з в р а щ е н и я
у р о д о в
ш х е р ы
с о р в е т
д о е д а л а
р а н е н и я
в ы с л у ш и в а е м ы й
п е р е с е л е н ц у
б у д е т е   в р а т ь
с к а з а н и я
в а х т е н н о м
з а т е я т ь
с п о д в и ж н и к о м
с т о р о н н и к у
п о л ь з о в а т е л е й
у м е н ь ш и л а с ь
т р а н с с е к с у а л ь н ы й
п е п е л ь н и ц а
д и к т о р ш а
к и н е т и ч е с к и е   э н е р г и и
д и ф р а к ц и й
т о н и к
н а г р о м о з д и т
п о с п о с о б с т в о в а т ь
у л ь т и м а т у м а м
н е д р а м
л ю к с а м
д у б и н к е
о т с у т с т в у ю щ и м
з а к о ч е н е е ш ь
в ы к и д ы в а й
х у д о щ а в а
п р а я з ы к о в
п е р е х и т р и т
п о д х в а ч е н н ы й
о в ц е б ы к
р а с т в о р и м ы е
г и п о т е н у з ы
н а г р о м о з д и ш ь
к а т е р и щ е
а л г е б р а и ч е с к у ю
т о н и к е
с в о е р у ч н ы й
г а л л и ю
б у д е т   е з д и т ь
а в т о м а ш и н
в в е р и л и
б л и з л е ж а щ е м
а м е т и с т
п о л ь з о в а т е л е й
к о м н а т н ы м   т е м п е р а т у р а м
в ы с т а в л ю
н е о б р а б о т а н н о й
р а з у з н а ё т
а ф ф и к с
н а с л у ш а ю с ь
о т с у т с т в у ю щ е м у
к о н ю х а х
в а х т е н н о м у
с п и ч е ч н о г о
з а р я ж е н н о е
б л а г о п р и я т н о м у
л о х м а т и т е
п р о д а ж а х
н а г р о м о з д и т е
р а д е л о
к в а ш е н а
п о с к р ё б ш и
м н о г о м и л л и о н н о м у
м н о г о м и л л и о н н ы м и
о п е к
н е б о г а т о м у
г р у з о о т п р а в и т е л я м
а л и ф о в
л о х м а т ь т е
д у ш е п р и к а з ч и к а м и
б а л б е с о в
н а д у м а н н ы х
е з д я т
б у д е м   т о п т а т ь с я
р е ч н ы м
п и с а р ь
р е б я ч ь и х
б е з о б и д н ы й
в з и м а е м с я
л ю к с
з а м а н и в а в ш и й
д и п л о м а т о в
а м е т и с т а
н а с л ы ш а т с я
б у д е т   в з и м а т ь с я
в е р т и к а л ь
б л а г о ч е с т и в о м
п е р е з в о н и т е
б у д е т   о б у ч а т ь
а к т и в и з и р у й с я
к и н е т и ч е с к а я   э н е р г и я
е д и н о д у ш е н
д е й с т в и т е л ь н о с т и
н а р у ж н о с т я м
в о д я н ы х
д о х л ы м
п р о с у н у
н е о н о в а я
н е о н о в ы м
з а и г р ы в а й т е
л и з н у л
с о л ё н о е
т р а н с ф о р м а ц и и
д е м а т е р и а л и з а ц и и
к о к а р д о й
р а з в а л и м с я
с о р в а н н ы й
а л г е б р а и ч е с к о г о
о м е р з е н и я
м е т а л л у р г и ч е с к о й
б е р е м е н н у ю
х у д о щ а в о й
г о р м о н
в е с е л я щ и й
б е р е м е н н ы м
г р и м а с о й
т е р я е т е с ь
в е р т и к а л я х
д о т я г и в а й с я
у л ы б о ч к а м и
ч л е н и к о м
з а п л е т а ю т
н а м а т ы в а й т е
д у б и н о к
с т у д е н ч е с к о м у
о в ц е б ы к а м
н а р я д и т е
п е л ё н
т р а н с с е к с у а л ь н о м у
с в о е р у ч н о м у
п р а п о р о в
о м р а ч и в ш и й
в ы к и д ы в а л а
э с э с о в ц е
м е щ а н с к и й
б у д у   е з д и т ь
о м е р з е н и е м
ф р а к о м
ч ё р н е н ь к о м
в ы к и д ы в а л о
б л а г о ч е с т и в а я
ч л е н и к а х
з а в е р н у л о
л ю б о п ы т н о г о
н е о н о в ы м и
н е о б р а б о т а н н а я
д о х л ы х
н е с т а н д а р т н ы
ч л е н и к е
р а з о з л и м с я
к о н ц е р н а
н е м и н у е м о м
д о т я г и в а л с я
л я р в а м
з а к о ч е н е в
э х о л а л и я м
б у д у   о т р я ж а т ь
г и п о т е н у з а х
а н е с т е т и к а м
д у р и в
о б у ч а я
п о с к р е б е т
п е с ч и н к е
г р и м а с а м
к а р а в а н
р а н е н и я м
т у р и с т а м
т у р и с т а х
п р а я з ы к и
т р о ц к и с т
п р и к у п и л
п и с а р я м и
п р о д а ж и
о б у ч а ю т
н е о н о в о е
н е о н о в о е
д и к т о р ш а х
а ф ф и к с а м и
с ы н и ш к а х
б о г а т ы р я
и м п о т е н т
б у с с о л я х
в з и м а я с ь
к р и з и с н о
р а з у з н а в а в ш и й
о х л у п н я м
о в ц е б ы к и
р е б я ч ь и х
т ё т е н ь к е
в о д о л е я х
р о м а н с о в
т ё т е н ь к е
о т п е ч а т к а
к у р т о ч к а
р а н е н и е м
к р и з и с н а
к в а р т и р а
к у р т о ч к у
п р о ш л ы м и
п р е с н о м у
з и г з а г а м
п о г о н ю
п р о ш л о г о
г а л л и я м и
т е р я л и с ь
б е з о б и д н а
к о л о н и я м
р о м а н с
н е о н о в ы м
а м н е з и я х
л о к т е в ы м
л о к т е в ы х
п о д н е с л и
б а л е т н ы е
н е б о г а т о
к в а ш е н ы й
с п и ч е ч н ы е
к в а ш е н о й
б а л е т н о м
л о к т е в о й
б а л е т н о м
б а л е т н ы х
б а л е т н ы х
п р о с у н у в
о в л а д е в а в
п е с ч и н к у
о м р а ч и л и
э с э с о в ц у
л е с о р у б у
д о г а д к о й
с а н а т о р и и
л о х м а т и т
з и г з а г а х
к о н ц е р н а х
п о д н е с е ш ь
ч л е н и к а м и
б е р е м е н н о
в з и м а л с я
г о р м о н а м и
т ё т е н ь к и
к у р т о ч к и
п о з и р у ю т
э с э с о в ц ы
п о с в я т и л о
о т к а п ы в а я
з а л е ж а м и
с ы н и ш к а м
в о д я н о г о
о т р я ж а ю т
п у с т ы н н ы м
п у с т ы н н о е
п у с т ы н н о й
п у с т ы н н о е
с о л ё н о г о
п у с т ы н н о й
п у с т ы н н о м
ч ж у а н с к а я
р а з р ы в а м
о т р я ж а л и
л и б е р а л ь н о
п е с ч и н к и
о т р я ж а л о
м я г к и х   с и л
в а х т е н н ы й
в е с е л и л и
о с ь м и н о г е
н е б о г а т ы
п о д н е с я
к р и з и с н ы х
с ё р ф и н г
п о с к р е б л а
о т к а п ы в а в
и л л ю з о р н ы
з а п л е т а л а
с о л ё н ы м и
а р е о л а м и
з а п л е т а л и
р у с о ф и л о в
л о к т е в о м у
п у с т ы н н ы х
п у с т ы н н ы х
к и л ь к а м и
н а с л ы ш у с ь
в б е г у т
к у л и н а р н о
а н е с т е т и к
т р о ц к и с т а
з а м а н и в а я
с а н а т о р и й
п р и к у п и т ь
о в л а д е в а я
в ы к и д ы в а ю
п о м р а ч н е е т е
б о г а т ы р я х
п о с в я т и т е
з а п л е т а е м
з а м а н и в а ю
л ю б о п ы т н ы
ч ж у а н с к и м
н а д у м а н н о м у
п л о д о н о с я
к о к а р д а м и
п л о д о н о с и
к о н ц е р н о м
н е п р а в е д е н
р е в о л ю ц и ю
п о г о н е й
п о д х в а т и в
и м п о т е н т о в
б ю д ж е т н и к е
п о д н е с и т е
с п и ч е ч н о й
с п и ч е ч н о й
и м п о т е н т у
е ж е г о д н и к
р е б я ч ь е г о
и м п о т е н т а
с п и ч е ч н ы й
э с э с о в ц е м
г р и м а с а м и
ж е л у д о к
б а л е т н о г о
з а с и я в ш и й
п р а я з ы к а м
к р а й н о с т и
к р а й н о с т и
о т п е ч а т к а м
п е р е з в о н и
л е с о р у б о в
к р и з и с н ы м
п р и к у п и ш ь
к у р т о ч к а х
н е б о г а т а я
в ы к и д ы в а в
в е р т и к а л и
п р о г р е м и т
с а н а т о р и е м
о т в е р г н е т
х у д о щ а в ы е
о т н о ш е н и я
н а м а т ы в а л
х у д о щ а в ы м
х у д о щ а в о м
ч ж у а н с к и м
л и б е р а л ь н у ю
п и н г - п о н г
с м е р т е л ь н о
в а х т е н н о е
а м е т и с т а х
м е щ а н с к о й
в е с е л и м ы й
т у ч н е ю щ и й
л о к т е в о г о
с п и ч е ч н ы х
в а х т е н н о й
б а л е т н ы м и
в а х т е н н о й
м е щ а н с к о м
п о з и р у е ш ь
р а с т е к а л с я
п о с к р ё б ш и й
п е с ч и н к о й
с в е р ш а я с ь
к а т е р и щ а м
к р и з и с н ы х
к р и з и с н о м
к а т е р и щ а х
к в а ш е н о г о
р а с т в о р и м ы
т е р я е ш ь с я
п о д д а ш ь с я
д и п л о м а т а
д и к т о р ш и
в ы к и д ы в а л
д и с т а н ц и ю
м а н д о л и н у
м а д р и г а л е
д и с т а н ц и и
ч ж у а н с к и й
с л и в а е т с я
г а и ш н и к а
д и с т а н ц и й
п е р е х и т р и ш ь
ч ж у а н с к о й
н е б о г а т о й
ч ж у а н с к о й
п о н я т л и в о е
п о л ь ю с ь
з а р я ж е н н у ю
б у д у   к у т а т ь с я
к у т а ю щ и й с я
о б о л о ч к а м
а в т о м а ш и н ы
с в о е р у ч н ы
а н е с т е т и к а
к о о р д и н а т
х е р у в и м о в
б у д е т   т у ч н е т ь
т о п т а л и с ь
п о н я т л и в ы х
т р о ц к и с т о м
с ё р ф и н г о м
б у д е т е   р а д е т ь
к а р а в а н а м
п о м р а ч н е й
к а р а в а н о в
р а с х и т и т е л ь
к в а ш е н о м у
п а т р у б к и
п р о г о в о р ю
о м е р з е н и е
л ю б о п ы т н о е
л ю б о п ы т н ы е
о м е р з е н и е
м е щ а н с к и м и
д и п л о м а т о в
д и п л о м а т а м
р а с т е к а я с ь
в о д я н о м
и л л ю з о р н у ю
и л л ю з о р н ы м
и л л ю з о р н ы х
п о м е щ и ч ь е й
п о м е щ и ч ь е й
р у с о ф и л а м и
и л л ю з о р н ы м
и л л ю з о р н ы е
р е в о л ю ц и я х
д о г о р а в ш и й
и л л ю з о р н о е
п е р е х и т р ю
п о н я т л и в ы м
п о н я т л и в а я
п о н я т л и в о й
п а т р у б о к
б у д е ш ь   т у ч н е т ь
б е р е м е н н ы й
б е р е м е н н ы е
б е р е м е н н ы х
б е р е м е н н ы м
б е р е м е н н о е
з а п л е т а е т е
п о о щ р е н и я
п р и г л я д е л и
з а и г р ы в а й
п р и г л я д е л а
з а и г р ы в а в
н а м а т ы в а л а
х р о н о м е т р о в
в ы к и д ы в а е м
в ы с л у ш и в а ю т
у м е н ь ш и т с я
л ю б о п ы т н ы е
з а с т и р ы в а е м
б е з о б и д н ы е
а в т о м а ш и н ы
п о д х в а т и л о
п о м е щ и ч ь е м у
з а в е р н и т е
д и п л о м а т о м
п о м е щ и ч ь е м
п о м е щ и ч ь е м
с л а в я н с к о е
у м е н ь ш и м с я
п о с л у ш а н и я
х е р у в и м а м и
к у л и н а р н а я
р а з в ё р с т к е
п е п е л ь н и ц ы
п о с л у ш а н и й
к у л и н а р н о е
н а р я д и в ш и й
к у л и н а р н ы х
к у л и н а р н ы х
к у л и н а р н о й
к у л и н а р н ы м
п о д д а с т с я
к у л и н а р н о й
с т е р е о л у п ы
п р и г л я д и т е
т у ч н е в ш и й
с т е р е о л у п е
с п и ч е ч н ы м и
а в т о м а ш и н а
б е з о б и д н о е
б е с с о н н и ц у
м я г к и е   с и л ы
х р о н о м е т р ы
н е м и н у е м у ю
п о н я т л и в у ю
б е з о б и д н ы м
п о л е й т е с ь
б е з о б и д н о м
б е з о б и д н ы х
л ю б о п ы т н ы х
л ю б о п ы т н ы х
п е р е х и т р я т
к и с л о р о д н у ю
с л а в я н с к о м
с л а в я н с к и х
с л а в я н с к о й
х у д о щ а в о г о
с в о е р у ч н а я
п о д д а в ш и й с я
о т п е ч а т а й т е
п у с т ы н н ы м и
с л а в я н с к о м
з а п а д н и к а х
в а х т е н н о г о
с в е р ш а е т с я
с в е р ш а л а с ь
с т е р е о л у п у
б у д у т   д о г о р а т ь
х р о н о м е т р а
и з в е р ж е н и е
и л л ю з о р н о й
и л л ю з о р н о й
п р и н ю х а е т е с ь
в о з р а с т а е т
п а т р и а р х и и
ч ё р н е н ь к о е
о б у ч а в ш и й
з а к о ч е н е е т е
м е щ а н с к о м у
б у д е ш ь   т щ и т ь с я
к и п р и о т к о й
з а р я ж е н н о е
н е с т а н д а р т е н
р а с т в о р и м о й
р а с т в о р и м о е
м а д р и г а л о в
р а с т в о р и м ы х
р а с т в о р и м ы е
н а м а т ы в а е м ы й
р а с т в о р и м о й
н а д у м а н н ы м
п о н я т л и в о м у
р а с т е к а е т с я
н а д у м а н н о м
п а т р и а р х и и
к о о р д и н а т е
у с м а т р и в а л
б ю д ж е т н и к а х
б е з о б и д н о м у
л е с о р у б а м и
п л о д о н о с и т е
з а р я ж е н н ы х
с в о е р у ч н о е
з а р я ж е н н ы м
с в о е р у ч н о е
н е б о г а т о г о
с в о е р у ч н ы х
и з в е р ж е н и я
в з и м а й т е с ь
п о м р а ч н е л и
с в о е р у ч н о м
о т р я ж а в ш и й
р а з в ё р с т к а м
п о м р а ч н е л а
п о м р а ч н е л о
р а з о з л и т е с ь
о в л а д е в а е т е
н а д у м а н н о й
н е м и н у е м ы х
з а с т и р ы в а е т е
п о д х в а т ы в а ю
з е м л я н ы х   ч е р в е й
д и с т а н ц и е й
в ы с л у ш и в а л и
к о м п о з и т о р е
и з в р а щ е н и я
а в т о м а ш и н а х
г а и ш н и к а м и
к и с л о р о д н о м
б е р е м е н н о г о
м и р я н е
п е р е з в о н и т е
п о о щ р е н и е м
з а и г р ы в а л а
в ы с л у ш и в а е т
з а и г р ы в а л о
а к к о м о д а ц и ю
с п о д в и ж н и к и
б е р е м е н н ы м и
п р о г р е м е л о
с о с т а в и т е л и
р а с х и т и т е л и
б л и з л е ж а щ е е
к и с л о р о д н ы е
б е з о б и д н о г о
б у д е т   л о х м а т и т ь
у л ь т и м а т у м о м
к и с л о р о д н о й
п о м е щ и ч ь е г о
р а з в а л и т е с ь
б л и з л е ж а щ е й
п е р е з в о н и л о
и с п р а ж н е н и и
п е р е з в о н и л и
п е р е с е л е н ц е в
д и п л о м а т
б у д е т е   д о е д а т ь
б у д у т   р а д е т ь
п р и к у п и в ш и й
з а м а н и в а е ш ь
с п о д в и ж н и к а
б л и з л е ж а щ и м
н е п р а в е д н а я
р а з в ё р с т к о й
б л и з л е ж а щ и й
с м е р т е л ь н ы е
л ю б о п ы т н о г о
н е п р а в е д н ы е
п р и с о е д и н я й
б л и з л е ж а щ у ю
н а р у ж н о с т я х
н а д у м а н н о г о
н е п р а в е д н о м
с м е р т е л ь н ы х
н е п р а в е д н ы х
н а д у м а н н ы м и
и м п о р т и р у ю т
н е п р а в е д н о й
н е п р а в е д н о й
и м п о т е н т о в
п р и н ю х а л а с ь
н е п р а в е д н о е
у м е н ь ш и л о с ь
п е р е х и т р и л и
п о м р а ч н е й т е
п о д д а д и т е с ь
д и ф р а к ц и я м и
п е р е х и т р и л а
б у д у т   п о з и р о в а т ь
с л а в я н с к о м у
б е с с о н н и ц а м
н а с л у ш а ю т с я
б е с с о н н и ц а х
и с п р а ж н е н и й
л и б е р а л ь н о й
л и б е р а л ь н ы м
л и б е р а л ь н ы м
п р и н ю х а ю с ь
л и б е р а л ь н о й
н а г р о м о з д и л
р а с т в о р и м о г о
з а п л е т а в ш и й
б у д е ш ь   в р а т ь
з а р я ж е н н о г о
н е п р а в е д н ы й
с м е р т е л ь н ы й
з а и г р ы в а е т е
с о д е р ж а т е л е н
н а с л у ш а л а с ь
в о з р а с т а й т е
п е р е х и т р и т е
б у д у   о т к а п ы в а т ь
у ч и т е л ь с к о й
с о с т а в и т е л я х
г о р и з о н т   с о б ы т и й
и з в е р ж е н и я м
п и н г - п о н г и
б у д е м   з а п л е т а т ь
к и с л о р о д н о м у
б у д е м   т у ч н е т ь
м а д р и г а л а м и
и з в р а щ е н и я х
и м п о р т и р у е ш ь
и з в е р ж е н и е м
т о п ч е т е с ь
б у д е ш ь   е з д и т ь
в ы с л у ш и в а е ш ь
з а м а н и в а ю щ и й
б ю с т г а л ь т е р о в
к о м п о з и т о р о м
с о с т а в и т е л е й
р а с т е к а ю щ и й с я
з а с т и р ы в а л о
п о д х в а т ы в а л о
п о с т а н о в о ч н ы
б у д у т   з а п л е т а т ь
с е к с а п и л о ч к е
б ю с т г а л ь т е р у
и м п о р т и р о в а в
в ы к и д ы в а ю щ и й
р а с х и т и т е л я м и
п е р е с е л е н ц е м
с п о д в и ж н и к а м
с т у д е н ч е с к и м
п о з и р о в а в ш и й
б л а г о ч е с т и в ы
с т у д е н ч е с к о м
п р и г л я д е в ш и й
б л и з л е ж а щ е м у
р а з в а л и в ш и й с я
т р а н с ф о р м а ц и ю
м я г к о й   в л а с т и
м я г к о й   в л а с т и
у м е н ь ш и в ш и с ь
с м е р т е л ь н ы м и
б у д у т   р а з у з н а в а т ь
с в е р ш а в ш и й с я
н а г р о м о з д и л о
б у л ь д о з е р а м и
п е р е с е л е н ц е в
о б л о к о т и л о с ь
з а к о ч е н е в ш и й
г и п о т е н у з о й
б у д е ш ь   п о з и р о в а т ь
з а в е р н у в ш и й
б л а г о п р и я т е н
с е к с а п и л о ч к и
с о с р е д о т о ч и в а ю
н а г р о м о з д и м
б у д е ш ь   с л и в а т ь с я
н а с л у ш а й т е с ь
п о с т а н о в о ч н ы х
т р а н с ф о р м а ц и и
п р и т р о н е т е с ь
р а з о з л и в ш и й с я
п о с т а н о в о ч н а я
п о с т а н о в о ч н о й
п о с т а н о в о ч н ы е
п о с т а н о в о ч н ы е
б у д е ш ь   з а п л е т а т ь
с о с л а г а т е л ь н у ю
с т у д е н ч е с к и й
п е р е с е л е н ц а
н е о б р а б о т а н а
н е с т а н д а р т н о м
у л ь т и м а т у м а м и
к о м н а т н ы х   т е м п е р а т у р а х
з а и г р ы в а в ш и й
б л а г о ч е с т и в о е
п р е д с т а в л е н и я
н а м а т ы в а в ш и й
н е с т а н д а р т н о й
п о л ь з о в а т е л я м
с о с л а г а т е л ь н ы е
с о с л а г а т е л ь н о м у
п р е д с т а в л е н и я
с т у д е н ч е с к о й
м я г к и х   в л а с т я х
к о м н а т н а я   м у х а
б у д е м   з а и г р ы в а т ь
б у д у т   в о з р а с т а т ь
с т у д е н ч е с к о м у
б л а г о ч е с т и в у ю
н е с т а н д а р т н ы е
б л а г о п р и я т н ы й
н е с т а н д а р т н ы м и
п о с т а н о в о ч н о м
н е с т а н д а р т н ы х
п р о н и ц а е м о с т и
б у д е м   д о т я г и в а т ь с я
б у д е м   т е р я т ь с я
б л а г о п р и я т н о е
п р о н и ц а е м о с т ь
п о с п о с о б с т в у е м
д у ш е п р и к а з ч и к
б у д е т е   т щ и т ь с я
б л а г о ч е с т и в ы е
к о м н а т н о й   м у х е
б л а г о п р и я т н ы х
т р а н с ф о р м а ц и я м
д у ш е п р и к а з ч и к а
б у д у т   д о т я г и в а т ь с я
о т с у т с т в у ю щ и м
м я г к у ю   в л а с т ь
б л а г о п р и я т н о й
д о т я г и в а в ш и с ь
м и р о т в о р ч е с к о й
м и р о т в о р ч е с к у ю
м и р о т в о р ч е с к и м
м и р о т в о р ч е с к и х
м и р о т в о р ч е с к и м
б л а г о п р и я т н о й
б л а г о ч е с т и в о й
б л а г о ч е с т и в о й
б л а г о п р и я т н о м
о т с у т с т в у ю щ у ю
п е р е з в о н ю
п о с т а н о в о ч н ы м и
а л г е б р а и ч е с к и м
н е о б р а б о т а н н ы х
б у д у т   в ы с л у ш и в а т ь
н е о б р а б о т а н н ы х
н е о б р а б о т а н н ы й
л е с о м е л и о р а ц и и
п е р в о и с т о ч н и к а
с о с л а г а т е л ь н о е
с о с р е д о т о ч и в а л
с о с л а г а т е л ь н о е
п о д х в а т ы в а е м ы й
п о д х в а т ы в а ю щ и й
б у д у т   р а с т е к а т ь с я
а л г е б р а и ч е с к о й
а л г е б р а и ч е с к о й
а л г е б р а и ч е с к о е
б у д е т   р а с т е к а т ь с я
а к т и в и з и р у е т с я
п р и с о е д и н я в ш и й
п р о н и ц а е м о с т я х
п р е д с т а в л е н и я х
п р о н и ц а е м о с т ь ю
п е р в о и с т о ч н и к и
н е о б р а б о т а н н о й
н е о б р а б о т а н н о е
б у д е т е   н а м а т ы в а т ь
м н о г о м и л л и о н н ы й
с о д е р ж а т е л ь н о й
с о д е р ж а т е л ь н ы м
с о д е р ж а т е л ь н ы м
с о д е р ж а т е л ь н ы й
с о д е р ж а т е л ь н ы х
м и р о т в о р ч е с к о г о
т р а н с с е к с у а л ь н у ю
с о д е р ж а т е л ь н о м
н е о б р а б о т а н н у ю
п р о т и в о с т о я н и е
б у д е м   в ы к и д ы в а т ь
м н о г о м и л л и о н н о е
м н о г о м и л л и о н н о е
б у д у   р а з у з н а в а т ь
г у м а н и с т и ч е с к а я
б и с е к с у а л ь н о с т и
б и с е к с у а л ь н о с т ь
б у д е т   д о т я г и в а т ь с я
а к к л и м а т и з а ц и и
а к т и в и з и р у е т е с ь
с о с р е д о т о ч и в а л а
б у д е ш ь   р а с т е к а т ь с я
п е р в о и с т о ч н и к а х
б у д е т е   р а з у з н а в а т ь
с о с р е д о т о ч и в а е т
т р а н с с е к с у а л ь н о м
м е т а л л у р г и ч е с к и м
м е т а л л у р г и ч е с к и м
м н о г о м и л л и о н н о й
л е с о м е л и о р а ц и е й
с о с л а г а т е л ь н о г о
с о с л а г а т е л ь н о г о
г у м а н и с т и ч е с к о м
у п р а в л е н и я   о г н ё м
с о с р е д о т о ч и в а т ь
р а з б и р а т е л ь с т в а м
м н о г о м и л л и о н н ы м
м е т а л л у р г и ч е с к и е
и м п о р т и р о в а в ш и й
м е т а л л у р г и ч е с к и х
л е с о м е л и о р а ц и я х
д е й с т в и т е л ь н о с т е й
н е о б р а б о т а н н ы м и
т р а н с с е к с у а л ь н о г о
г у м а н и с т и ч е с к о й
м е т а л л у р г и ч е с к и й
м е т а л л у р г и ч е с к о е
м е т а л л у р г и ч е с к а я
р а з б и р а т е л ь с т в о м
т р а н с с е к с у а л ь н ы е
т р а н с с е к с у а л ь н о й
д е м а т е р и а л и з а ц и я
м е т а л л у р г и ч е с к и й
д е й с т в и т е л ь н о с т ь
б у д е т е   о в л а д е в а т ь
г р у з о о т п р а в и т е л ь
м н о г о м и л л и о н н о г о
г у м а н и с т и ч е с к о м у
г у м а н и с т и ч е с к о м у
д е м а т е р и а л и з а ц и и
б у д е т   р а з у з н а в а т ь
б у д е т   в ы с л у ш и в а т ь
б у д у   п о д х в а т ы в а т ь
б у д е т е   с в е р ш а т ь с я
б у д у т   п о д х в а т ы в а т ь
д у ш е п р и к а з ч и к о в
с о с р е д о т о ч и в а й т е
д е й с т в и т е л ь н о с т я х
а к т и в и з и р о в а в ш и й с я
б у д е т е   з а и г р ы в а т ь
д е м а т е р и а л и з а ц и я х
б у д у   у с м а т р и в а т ь
г р у з о о т п р а в и т е л е м
м е т а л л у р г и ч е с к о г о
с о с р е д о т о ч и в а е м ы й
б у д у т   у с м а т р и в а т ь
к о м н а т н у ю   т е м п е р а т у р у
б у д е т е   п о д х в а т ы в а т ь
к и н е т и ч е с к и х   э н е р г и й
к и н е т и ч е с к о й   э н е р г и и
п о с п о с о б с т в у е ш ь
п р е н е б р е ж и т е л ь н о с т и
н а д у м а н н о м у
н а д у м а н н о м у
н а д у м а н ы
н а д у м а н н ы е
н а д у м а н н а я
н а д у м а н н ы х
н а д у м а н н ы м
н а д у м а н н о г о
п р е н е б р е ж и т е л ь н о с т я м
в а х т е н н о м
б у д е т   с о с р е д о т о ч и в а т ь
б у д е т е   а к т и в и з и р о в а т ь с я
к о м н а т н ы м и   м у х а м и
к о м н а т н о й   т е м п е р а т у р е
м а с т е р   н а   в с е   р у к и
о т в е р г н у т ь
з е м л я н о г о   ч е р в я
в а х т е н н о г о
г о р и з о н т   с о б ы т и й
к о м н а т н у ю   м у х у
