м и р о т в о р ч е с к и й
з а т р я с ш и
з а т е ю т
о в л а д е в а ю т
н е о б р а б о т а н н ы х
п о д н е с е м
б ю с т г а л ь т е р
п о с л у ш а н и я м
н а с л у ш а в ш и й с я
о г у р ц а х
х а о с а
к у л и н а р н ы
о б л о к о т и л и с ь
о м р а ч ё н н ы й
к а т е р и щ а м и
з а и г р ы в а е т
с л и в а л а с ь
с о л ё н ы х
з а с и я й т е
э х о л а л и ю
а л г е б р а и ч е с к и м и
р а с т е к а л и с ь
п е р е х и т р и в
с м е р т е л ь н ы м
р е б я ч ь и
в а х т е н н а я
о м р а ч и м
п а т р у б о к
м а л ы ш к а м и
о с ь м и н о г а х
б е з о б и д н о м у
а к т и в и з и р о в а л с я
р а с х и т и т е л я
з а и г р ы в а ю т
г о р м о н е
к и п р и о т к а
л о с я м
у л ы б о ч к а м
з е м л я н ы е   ч е р в и
п р е с н ы м
п о м е щ и ч ь е й
г р а н и ц а м
с о с л а г а т е л ь н ы м
п о м р а ч н е ю т
к л я п о в
н е п р а в е д н о е
н е м и н у е м ы й
б у д у т   т о п т а т ь с я
н е с т а н д а р т н о й
в ы с т а в и т е
л о к т е в ы м
к у л и н а р н о й
с о д е р ж а т е л ь н о й
в з и м а л и с ь
а ф ф и к с ы
в и х р е
н а р у ж н о с т и
к у л и н а р н ы м
б о г а т ы р я м и
б е р е м е н н о г о
к о м н а т н ы м и   т е м п е р а т у р а м и
с м е р т е л ь н ы
р е ч н ы е
л я р в а х
б у д е м   о в л а д е в а т ь
б л а г о ч е с т и в о м у
о б л о к о т и с ь
р а з о з л и л с я
п о с л у ш а н и я м и
п л о д о н о с я т
з а р я ж е н н о й
в ы к и д ы в а я
в о д я н о г о
у м е н ь ш и ш ь с я
м н о г о м и л л и о н н ы х
г а л л и и
р а с т е к а л а с ь
т р а н с с е к с у а л ь н о м у
п е р в о и с т о ч н и к о м
б о е ц
д о х л ы е
к и с л о р о д н о й
х у д о щ а в о й
б е р е м е н н о г о
э к р а н ы
б у д е т   в р а т ь
к и п р и о т к а х
н и ч ь е й
т у ч н е е т е
п о с к р е б л и
н е б е с а м и
з а к о ч е н е й
с ё р ф и н г
с о л о н ы
м и р о т в о р ч е с к о е
н е б о г а т о й
р а з в а л и с ь
п о м е щ и ч и й
к и с л о р о д н о м у
и з в е р ж е н и и
п р е н е б р е ж и т е л ь н о с т е й
т у р и с т е
к и с л о р о д н ы м
б у д у   в о з р а с т а т ь
п р и г л я ж у
л у ч н и к о м
л о х м а ч е н н ы й
н е п р а в е д н о г о
м е щ а н с к о г о
а л г е б р а и ч е с к о е
н а р я д и
м н о г о м и л л и о н н о м
п р и н ю х а е т с я
з а с и я е ш ь
ю н ц а
т р я п о ч к е
л о х м а т и т ь
б у д е м   у с м а т р и в а т ь
з а в ё р н у т ы й
т р о ц к и с т а м
п р о с у н е т
м а н д о л и н ы
д у р и т
з а в е р н у т
м е щ а н с к и е
с о р в е т е
ф и ш к а м
н а д у м а н н ы й
з е м с т в а
р е ч н у ю
х р о н о м е т р у
д и с т а н ц и и
к у ч
о т к а п ы в а й т е
п р о г р е м е л и
к р о т а м
к у л и н а р н о г о
м е т а л л у р г и ч е с к и е
п о с в я т и л а
п р о ш л о м
х у д о щ а в о е
н е о н о в ы х
н а с л ы ш а в ш и с ь
д е й с т в и т е л ь н о с т ь ю
р а з б и р а т е л ь с т в о
о с ы
т у р и с т
м я г к у ю   с и л у
о т п е ч а т а й
п о о щ р е н и я м и
э м б л е м а х
н е м и н у е м ы м
с т е л ы
г у м а н и с т и ч е с к о г о
ф л ю и д ы
л о с и
х а о с
н е п р а в е д н о й
в а х т е н н ы м
о с ь м и н о г а м и
б л и з л е ж а щ и х
б л и з л е ж а щ и м
г и п о т е н у з е
р а з о з л и т е с ь
в з и м а й с я
п о о щ р е н и я х
з а т р я с у т
н а д у м а н н о е
в в е р и л а
з е м с т в а м и
б л и з л е ж а щ и х
п р е д с т а в л е н и е
м о р с а х
б л а г о ч е с т и в а
в ы с л у ш и в а ю
р е б я ч ь е й
в о д я н о й
л у ч н и к е
л а т у н я м и
е д и н о д у ш н о м у
л и б е р а л ь н ы е
о г у р е ц
а к т и в и з и р о в а л о с ь
п р е с н о й
п о м р а ч н е е т
г р у з о о т п р а в и т е л е й
с т е л ы
н е м и н у е м ы е
п р и г л я д и т
с п о д в и ж н и к о в
п о с в я щ ё н н ы й
н а м а т ы в а й
р а з в ё р с т к и
л о к т е в ы м
з а к о ч е н е л и
р а з б и р а т е л ь с т в е
т р а н с с е к с у а л ь н ы м и
т ё т е н ь к а м
т у ч н е л
с о с л а г а т е л ь н ы м и
п р о г о в о р и
с п и ч е ч н о г о
т р а н с ф о р м а ц и я х
с м е р т е л ь н у ю
р о м а н с а
с о л ё н о й
б е з о б и д е н
б ю с т г а л ь т е р о м
к и п р и о т о к
н е б о г а т у ю
м е т а л л у р г и ч е с к о й
б л а г о ч е с т и в о г о
п р и з в у к о в
л у ч н и к а х
п о л ь з о в а т е л е м
в о д я н о м у
с о с л а г а т е л ь н ы й
п е р в о и с т о ч н и к у
д и п л о м а т е
п р и н ю х а л о с ь
б у л ь д о з е р
с е к с а п и л о ч к о й
д о х л о й
д е н е м с я
н е с т а н д а р т н ы м
п о с к р е б е м
с в е р ш а в ш и с ь
и з в е р ж е н и й
п а т р у б к а м
ш в е д а
б у д е м   с л и в а т ь с я
н е п р а в е д н ы
п о с в я т и м
п о с л у ш а н и я х
п р е н е б р е ж и т е л ь н о с т я м и
в о д я н о е
д у р и ш ь
в з и м а л о с ь
н е б о г а т о й
т у р и с т о м
с л а в я н с к о й
п а т р у б к а
з а к о ч е н е л
к о н ю х и
ч ж у а н с к о м
т а т я х
п р е с н о г о
т е р я в ш и й с я
к р и з и с е н
о т к а п ы в а е м ы й
з а с т и р ы в а т ь
с о д е р ж а т е л ь н ы м и
е з д и
б у д е т е   о т к а п ы в а т ь
р а з б и р а т е л ь с т в а м и
з а т е я в
п о д т я н е т
т р я п о ч к а
н а с л ы ш и т е с ь
к и н е т и ч е с к о й   э н е р г и и
п р и т р о н ь с я
в и х р а
в а х т е н н ы х
н е с т а н д а р т н ы х
с л у п и т е
л е с о р у б а
п р и з в у к а х
г а г а м и
х р о н о м е т р е
р а с х и т и т е л я м
к в а р т и р о й
в е р т и к а л я м
о т в е р г л а
е д и н о д у ш н о
г а л л и й
ш х е р а м и
м н о г о м и л л и о н н о й
о б о л о ч к е
п а т р и а р х и ю
п р и с о е д и н я л и
н е б о г а т о й
л о х м а т я
р е ч н о е
п о з и р о в а л а
т р о ц к и с т е
п р о г о в о р и л о
з а т р я с е ш ь
п р о ш л о м у
к в а ш е н ы й
к у ч у
д о г о р а й т е
м я г к и е   в л а с т и
в е р т и к а л ь
б а л б е с а м
р а с т е к а ю с ь
н а с л у ш а е т с я
м и р о т в о р ч е с к и е
н а м а т ы в а я
к о ф р
к в а ш е н о е
в е с е л ё н н ы й
г а г и
л ю б о п ы т н ы й
у с м а т р и в а в ш и й
к а н и с т р а м и
с т у д е н ч е с к и е
к о м н а т н ы м   м у х а м
с о р в а в
д е й с т в и т е л ь н о с т и
с о д е р ж а т е л ь н ы
з а в е р н е м
с л у п и т е
о т п е ч а т о к
т о п ч у щ и й с я
к в а р т и р у
с о с т а в и т е л ь
к в а р т и р а м
п о м е щ и ч ь и х
з а т р я с е т
п о д т я н у л о
с п и ч е ч н у ю
п о з и р о в а л
к в а р т и р е
в о д я н о е
н е м и н у е м о й
о х л у п н я м и
м я г к и м   с и л а м
б у д у т   п л о д о н о с и т ь
о с ь м и н о г а
х у д о щ а в у ю
е з д и т е
б у с с о л ь ю
р а с т е к а т ь с я
с т е р е о л у п а
ю н ц о в
с т у д е н ч е с к и х
с о л ё н у ю
у п р а в л е н и я   о г н ё м
к у т а в ш и с ь
д о х л о й
п у к л и
и м п о р т и р у ю щ и й
к р и з и с н о г о
п р о н и ц а е м о с т е й
п о л и в ш и й с я
з а м а н и в а е м ы й
б у д е ш ь   т е р я т ь с я
м е щ а н с к о й
н а г р о м о з д и т е
ч ё р н е н ь к о г о
н а д у м а н н а я
п о д т я н у л и
к и н е т и ч е с к и е   э н е р г и и
п р и с о е д и н я л о
о т в е р г н у т
у с м а т р и в а й т е
с в о е р у ч н ы й
н е б о г а т ы м
е ж е г о д н и к а м
л а т у н ь
п р о г р е м я т
д у р и л а
в в е р и ш ь
р а з о з л и в ш и с ь
б а л б е с а м и
а к к л и м а т и з а ц и и
к а н и с т р е
б е р е м е н н ы
д о г а д к и
н е п р а в е д н ы й
у с м а т р и в а е м
п е р е с е л е н ц ы
д о х и
п о д х в а т и
с т у д е н ч е с к а я
с т у д е н ч е с к у ю
р е б я ч ь и м
с м е р т е л ь н о м
д о х л а
м е т а л л у р г и ч е с к и х
п у с т ы н н ы х
к р и з и с н о м
н а р я д и м
н е о б р а б о т а н н ы м
д в е р к а
м н о г о м и л л и о н н а я
б у д у т   с о с р е д о т о ч и в а т ь
и з в е р ж е н и я
п е с ч и н к и
е ж е г о д н и к а х
л и б е р а л ь н о м
п о с в я т и в
н а д у м а н н ы х
л о к т е в о е
п о д х в а т и л а
с к а з а н и е м
в ы к и д ы в а ю т
д о х е
л е с о м е л и о р а ц и и
п р и с о е д и н я й т е
з а р я ж е н н о й
е д и н о д у ш н ы
б у д у   в з и м а т ь с я
п р е с н ы е
в о з р а с т а л и
а л г е б р а и ч е с к и й
п р о ш л ы й
п р о ш л у ю
к и с л о р о д н ы м
п е р е с е л е н ц е
г о р и з о н т ы   с о б ы т и й
б у д е т е   с л и в а т ь с я
к у л и к а х
б у д е т   з а с т и р ы в а т ь
з а в е р н у в
к а н и с т р у
л и з н у в
в а х т е н н ы х
э р с т е д ы
с о л о н
б у д у т   о т р я ж а т ь
п р е с н о й
о т н о ш е н и е
о т п е ч а т к у
н а с л ы ш а л и с ь
д у ш е п р и к а з ч и к о в
п о д т я н е ш ь
б у д у т   а к т и в и з и р о в а т ь с я
а л г е б р а и ч е с к и м
п р о г о в о р и л а
п о м р а ч н е ю
б у д у   т у ч н е т ь
б ю д ж е т н и к о в
б у д у   с в е р ш а т ь с я
н е о н о в о й
п о п е р х н е м с я
ч ж у а н с к и м
л о х м а т и л и
п а т р у б к и
п о н я т л и в ы й
в ы с т а в и
п р и с о е д и н я я
г о р м о н о в
к и н е т и ч е с к и м и   э н е р г и я м и
л я р в
ч ё р н е н ь к о м у
а р е о л а
с т у д е н ч е с к и й
л о к т е в а я
п о о щ р е н и ю
с в е р ш а ю щ и й с я
н а р у ж н о с т ь ю
п о л и л о с ь
х а о с
э к р а н
п и а р а м
б а л е т н о й
п о д х в а т ы в а е м
с о с р е д о т о ч и в а л и
п р е с н о
ш в е д о в
б у д е ш ь   з а м а н и в а т ь
г у л а г
с т е р е о л у п а м и
и л л ю з о р н ы х
м е т а л л у р г и ч е с к и м и
д в е р к о й
с в е р ш а е ш ь с я
в о д я н ы м
л ю б о п ы т н а я
п е л е н ы
р а з в а л и т с я
п о о щ р е н и е
п а т р и а р х и я
а л г е б р а и ч е с к и х
у п р а в л е н и я   о г н ё м
п у с т ы н н о м у
о п е к о й
п р о т и в о с т о я н и я х
р е ч н ы х
р а з в а л я т с я
п у с т ы н н о г о
л ю к с
н а р у ж н о с т ь
п р и с о е д и н я т ь
р а з у з н а ё м
п р е с н о е
с о л ё н о е
б ю с т г а л ь т е р а
п о с т а н о в о ч н ы х
з а л е ж и
е д и н о д у ш н ы м
п о п е р х н е т е с ь
п р и с о е д и н я ю т
о т в е р г н и т е
н е о б р а б о т а н ы
з а т р я с и т е
о в л а д е в а й
б л а г о п р и я т н о м
х е р у в и м а
