e g o i s n y a
p o h o n n y a
b e r k u d a
f o n d a s i n y a
a p i k n y a
m e m p e r o l a h
b e r k u a s a
b a r u n y a
m e n y i t a
b e r a u r a
b e r m i l
r u g i n y a
b e r g u n a
t e r c i u m
m e l a m b a i
d a y a k u
m e n g a k s e s
b e r u p a y a
s e r a s a
b e r f o k u s
t e r u t a n g
d i s e d o t
d i g u s u r
b i r u n y a
p a k u a n
m u r n i n y a
p e n g e t i k a n
p e n g e t i k
r a t a n y a
t e r o l a h
m e r e n g g u t
d i k i r a
p e n g e j u t
s e p a s a r
m e n u d u h
b i r u n y a
b e r l i d a h
d i j a l a n
d i d u d u k i n y a
m e j a n y a
t e r t u d u h
a d i l n y a
m e n j i l a t
p e r i a
b e r j a l u r
d i t u m i s
b e r g e t a r
t e r c a b u t
d i c a b u t
p a s i r a n
d i t a n a m
b e r m e r e k
m e m b i d a n i
m i l k u
d u n i a n y a
m e m b a n t a i
b e r j a l a n a n
t e r w u j u d
m e n y e g e l
m e n c i u m
b e r c i u m a n
d i g i l i n g
m e m a n j a t
m u r i d k u
b a l a w a n
m e n g g e j a l a
k e r a h i m a n
p a n a s a n
t e r l e m p a r
m e n j u r u s
b e r s a l j u
d i t o l o n g
a n a k k u
d i t o d o n g
r o b o h n y a
s a s a r a n
m e n e m p e l
b e r j u d u l
t e r l i b a t
b e r e t i k a
m e n g g o s o k k a n
b e r k e d u d u k a n
t e r l e k a t
t e g a k n y a
m e n g e t i k k a n
h a l u s n y a
b e r k e l a h i
k e d u d u k a n
d i k a w a l
n u k l i r n y a
r u t i n n y a
m e n a i k i
d i c a t a t k a n
t e r h a p u s
l i s a n n y a
m e n g g o s o k k a n
t u d u h k a n
k e d e w a a n n y a
m e m a n a s i
m e n c i u m m u
a n g a n m u
b e r w i b a w a
d i k e p u n g
t e r t u n j u k
d i t u n j u k a n
d i c a t a t k a n
m e n g g i l i n g
b e r d i a l o g
k e p e d u l i a n n y a
n a h a s n y a
m e n g k r i t i k
m e m p e r h a l u s
p a y a h n y a
b i s a n y a
s e k a m p u s n y a
t e r k u r a s
m e n d o k t r i n
p i k a t a n
m e n e g a k k a n
c a t a t k a n
d i s a m b u n g
s e m p i t n y a
m e n g e n t a l k a n
b e r s e n t u h a n
m e m i n j a m
t e r t a m b a h
m e n g e j u t k a n
l a k u n y a
k e s a l n y a
p a d a t n y a
t e r t i d u r
s e m e r a h
m e r a h n y a
s u r a t i
d i p i n j a m
p e r s u r a t a n
r a m p u n g n y a
d i p a d a t k a n
e l e m e n n y a
p e l u r u n y a
m e n g h a f a l
d i l i s a n k a n
s e p e s a t
m e l a y a n g
b e r e l e m e n
b a l a k a n
k e r e t a k a n
p e r e n u n g a n
m e l e c e h k a n
p a l s u n y a
l e m p a r a n
a s a m a n
p e n g e b i r i a n
r i s i k o n y a
m e m p e r d a y a k a n
p e n e m p e l
p e n e m p e l a n
m e m b e r d a y a k a n
m e m p e r d a y a k a n
p e n g h a l a n g a n
p e n g h a l a n g
m e l a l a i k a n
b e r d a s a r
b e r d a s a r a n
b e r t i n j u
d i p a n j a t
a m p u n i
m e m e r a h k a n
m e r a s a k a n
s e p a d a t
d i r i l i s
m e n y a r i k a n
m e n g u l u r k a n
s u n g a i n y a
p e m a d a m a n
j u r u s a n n y a
b e r u n d i n g
s e k a l e n g
o b s e s i n y a
n a i k k a n
t e r s e b u t k a n
m e n y a k s i k a n
m e m a d a t i
m e n j a m b a k
m e n a n a m i
l e m a k n y a
m e m i n j a m k a n
b e r l a m b u n g
s e b a n g s a n y a
l i s t r i k n y a
s e b e n i n g
m e n y e l i d i k
m e m p e r d a y a i
p e n y e g e l a n
b e r c e r a i
p a n a s n y a
d i r u g i k a n
d i c e r a i k a n
k e u a n g a n
m e m i n j a m k a n
r a t a k a n
d i l u k i s k a n
t e r l u k i s k a n
d i t e g u h k a n
k e l i s t r i k a n n y a
a n g a n k u
o f e n s i f n y a
d i t a n a m k a n
m e m e k a k k a n
b e r s e t u j u
d i t e g u h k a n
t e r l u k i s k a n
k u i l n y a
a n j u n g a n n y a
b i a s a k a n
p e l a r i a n
b e r k a w a n
p e n y a l u r
m e m p e r b a n y a k
m e n j a n g k a u
k e d u d u k a n n y a
t e t a p k a n
b e r b a d a n
s e m b u r a n
p e n y e m b u r
p e n y e m b u r a n
d i m a t a n g k a n
k e j a y a a n
d i t e r a p k a n
m e m a n g s a
d i h a p u s k a n
u l a s a n
s e t a r a n y a
b e r p i u t a n g
t e r h a p u s k a n
p e m e n j a r a a n n y a
k e p r i b a d i a n n y a
s e l a b e l n y a
d i s u n a h k a n
d i r e n g g u t
p r i b a d i n y a
d i t u d u h k a n
d i k e t i k k a n
m a t e r i a l n y a
d i t e t a p k a n
d i l i s a n k a n
m e l a l a i k a n
p e n j a l u r a n
k e p a l a k u
d i c a n t u m k a n
