m e n y e m b a h n y a
p e w u j u d a n
k e w u j u d a n
m e n c i u m n y a
m e n c i u m n y a
p e m o h o n a n
m e n g u r a i k a n n y a
d i s i a p k a n n y a
m e r e a k s i k a n n y a
m e n y e m b u n y i k a n n y a
p e n y e m b u n y i a n
p e m b e n d a h a r a a n
p a n g g i l a n m u
m e m p e r a n a k k a n
m e n o m i n a s i k a n n y a
k e b e r k a h a n
m e m b e r l a k u k a n
p e c i n t a
b a t a s a n
p e m b a t a s
m e m u a s k a n n y a
d i s i a p k a n n y a
g u n a n y a
m e r u n d i n g k a n n y a
k e t e r t i n g g a l a n n y a
s e r p i h a n n y a
d i s u r u h n y a l a h
m e n y a n j u n g n y a
m e m e d u l i k a n n y a
p e r b a r u a n
m e n a i k n y a
k e c e r m a t a n
m e n a k j u b k a n n y a
b e r l a k u
d i a m b i l n y a l a h
m e n a i k i n y a
n a i k n y a
m e n a i k k a n n y a
k e m a t a n g a n n y a
t e g a k a n
b e d a h a n
p e m b e d a h
s a p i n y a
k e d u s u n a n
p e r t a m b a n g a n n y a
p e n a m b a n g a n n y a
t a m b a n g n y a
p e n g a m p u n a n n y a
p e r s i m p a n g a n n y a
p e r l a k u a n n y a
t i m n y a
k e a n e h a n n y a
p e r t e l e v i s i a n
p e n g o l a h a n n y a
l a k u k a n
b e r l a k u k a n
m e m p e r l a k u k a n
p a n g g i l a n n y a
k e t i d a k s e t a r a a n
p e n g h a l a n g n y a
k e l a l a i a n n y a
k e n a k a l a n n y a
p e r m a s y a r a k a t a n
k e w a s p a d a a n n y a
m e n y e m p i t n y a
t e r p e n u h i n y a
s e k a n t o n g
s e k a n t o n g
u t a n g n y a
k e t i d a k c o c o k a n n y a
p e m a l s u
p e m a l s u a n
b a k a r a n
k e b a k a r a n
m e n g i r a n y a
m e m p e r k i r a k a n n y a
m e m a n f a a t k a n n y a
p a n g g u n g n y a
k e l a l a i a n n y a
p a n g g u n g n y a
p e r a p i a n
p e n g a p i a n
s e r v i s n y a
p i u t a n g n y a
s e r v i s n y a
k s a t r i a a n
m e n a n g g u l a n g i n y a
p e r s e m b a h a n n y a
p e n y e m b a h a n n y a
l o n c e n g n y a
m e r e v o l u s i o n e r k a n
k e m e w a h a n n y a
m e m p r o d u k s i n y a
m e n g k h i a n a t i n y a
i s t i l a h n y a
m e n i d u r i n y a
p e l a n t a n g
n a s i b n y a
m a n f a a t n y a
m e m p e r s i a p k a n n y a
p e w a w a n c a r a
s a k s i n y a
k e s a k s i a n n y a
m e n g h a s i l k a n n y a
m e n g k o n f i r m a s i k a n
m e n g k l a r i f i k a s i k a n
m e n g e m b a l i k a n n y a
m e n g k h i a n a t i n y a
b e r l a k u n y a
i s o t o p n y a
m e n y e b a b k a n n y a
k r e a s i n y a
t e r j a n g a n
m e n u n j u k k a n n y a
m e m a d a m k a n n y a
p e r s i a p a n
c a t a t a n
m e n y a n g g u p i n y a
k e t e n a g a a n
d i h a p u s k a n n y a
m e n g e p u n g n y a
k e h e b o h a n
p e n g e t a h u a n n y a
b e r k a h n y a
p e n c i u m a n n y a
m e n d o m i n a s i n y a
m e n g e p u n g n y a
m e n d i s k r i m i n a s i k a n
m e n g k l a r i f i k a s i k a n
m e m o t i v a s i n y a
p e m b a n g k a n g a n n y a
m e l a k u k a n n y a
k o n f l i k n y a
m e n y e i m b a n g k a n
p e n c a b u t
d i r e s m i k a n l a h
k e b i n g u n g a n
p e n g a l e n g a n
l u k i s n y a
m e l u k i s k a n n y a
m e l u k i s n y a
m e n y e g e l n y a
k e e f e k t i f a n n y a
m e n g a m a n d e m e n k a n
m e n a m p a r n y a
s y a h i d n y a
t e r d i s t r i b u s i k a n
u t a m a k a n
m e m p e r t u n j u k k a n n y a
g a w a n g n y a
m e n g u l i t i n y a
t e r b e n a m n y a
m e m b e n g k a k n y a
k e k e s a l a n n y a
p i n j a m a n n y a
k e s e i m b a n g a n n y a
k a m b i n g a n
m e n g e m u d i k a n n y a
b u m b u n g a n
b e r k a h n y a
p e m i n j a m a n n y a
j a n g k a u n y a
m e n j a n g k a u n y a
j a n g k a u n y a
p a r a m i l i t e r n y a
p e r b a t a s a n n y a
b a t a s n y a
p e r b i n t a n g a n
p e n y i a p a n n y a
t e r w u j u d l a h
m e n c a n t u m k a n n y a
a l a s a n n y a
d i s e m b u n y i k a n
m e m v a r i a s i k a n
p e l u k i s a n
p e n e g a k a n n y a
k e a d i l a n n y a
d a n g d u t a n
k e t i d a k s e t u j u a n
p e r i s t i l a h a n
m e r o b o h k a n n y a
m e m b i n t a n g i n y a
m e n d e m o n s t r a s i k a n
k e c a m a t a n n y a
m e n g a d a p t a s i k a n n y a
t e n a g a n y a
b e r o r i e n t a s i k a n
a d i k n y a
k e t e r b a t a s a n
k u r a s a k a n
m e n g i n s p i r a s i k a n
m e n c a m p a k k a n n y a
p e l e c e h a n
p e r s i m p a n g a n
m e n e n g g e l a m k a n
m e n y u r a t i n y a
d u d u k n y a
p a n t a u a n
p e m a n t a u a n
t e n t a r a n y a
k e t e n t a r a a n n y a
b e r k e d u d u k a n n y a
m e n y i m b o l k a n
p e m b a n t a h a n
m e n y i m b o l k a n
u a n g n y a
h a l a m a n n y a
p e t u a l a n g a n m u
m e n y a m b u n g k a n n y a
m e n y i m b o l k a n
t e m b o k n y a
m e n g e f e k t i f k a n
m e n g o r i e n t a s i k a n
m e n g a d a p t a s i k a n
t a m b a k a n
b e r z a k a t
l u d a h n y a
m e r e a l i s a s i k a n
m e n a n a m i n y a
m e n a n a m k a n n y a
m e n a n a m n y a
t a n a m n y a
m e n e r a p k a n n y a
t e r h a l a n g n y a
i g a n y a
p e n a m b a h a n n y a
t a m b a h a n n y a
m e n a m b a h n y a
s u d u t n y a
k e a d i l a n n y a
k e a l a m i a n n y a
f u n g s i k a n
b i a y a n y a
k e a n g k u h a n n y a
d i c a n t u m k a n n y a
k e m a s y a r a k a t a n n y a
s a m b u n g a n n y a
m e n u n g g u n y a
p e r t u n j u k a n
b e r s e l u b u n g k a n
t u n g g u n y a
m e n u n g g u n y a
m e n u n g g u i n y a
d i k e l u a r k a n n y a
b e r v a r i a s i n y a
m e n d e m o n s t r a s i k a n
i m p o r n y a
s a w i t n y a
d i t a m b a h k a n n y a
b e d a h n y a
