m e n y e b u t n y a
m e n g e m b a l i k a n
m e w a w a n c a r a i n y a
t e r a m b i l
m e n g h o r m a t i n y a
m e n g h a s i l k a n
m e n c a m p a k k a n
d a y a k a n
m e l u n t u r k a n
m e n y a n g k a
d i g e t a r k a n
d i t u d u h n y a
p r o s e d u r n y a
d i l e c e h k a n
p e n a l t i n y a
m e n g e l u a r k a n
m e r e v o l u s i o n e r k a n
m e m a n a s k a n n y a
d i s u n a h k a n
p e l e m p a r
p e m e r c i k a n
m e n y e b u t n y a
p e m e r a h a n
k e k e s a l a n n y a
m e n g a d a p t a s i n y a
g u n a k a n
m e n j a l a n
f a v o r i t k a n
m e n g h e b o h k a n
m e n y u d u t k a n n y a
b e r t a k w a
m e m b a n t a i n y a
k u l i t n y a
s e n a s i b
p e n g g e t a r
m e n a m b a h i
r o k e t n y a
s i t a a n
k e n a b i a n
t e r b e n a m n y a
m e n g u a s a
d i u r a i k a n
p e r a s a a n m u
g e o g r a f i s n y a
m e n g a p r e s i a s i k a n
p e n a m p u n g a n
h a s i l k a n
d i c a m p a k k a n
r e s m i n y a
m e m b e b a n k a n
l a m b a i k a n
p e n j e l a j a h a n n y a
k u d a n y a
b a k u n y a
d i s e m b u r k a n
k a m e r a n y a
m e w u j u d k a n
m u r i d n y a
m e m a n a s k a n
p o h o n n y a
k u i l n y a
p e n g h a f a l a n
j a r i n y a
p e n g g o d o k a n
m e n y e j a j a r k a n
w a c a n a n y a
d i i s t i m e w a k a n
m e n g a s a m k a n
g o s o k k a n
j a l u r n y a
a n j i n g n y a
m e m b e k u
p e n g g e r u t u
p e r s a n g k a a n
t e r b u k a l a h
d i b e d a h
p e r k e l a h i a n
k e a l a m i a n
m e n y e b a b k a n
a r i n y a
t e r s a l u r k a n
b u j u r n y a
g u n u n g n y a
t e r k e p a l
d a n g k a l n y a
s e b u t k a n
d i o l a h
l i s t r i k a n
m e m e n j a r a k a n n y a
t o p a n g a n
p e r m o h o n a n
m e n g g e m p a r k a n
t e r s e m b u n y i n y a
p e n g e m u d i n y a
m e n o b a t k a n n y a
m e n c a b u t
t r a g e d i n y a
b e r b a h a g i a
k o l a m n y a
d i a m b i l
p e n u n j u k a n n y a
m e m b a k a r n y a
m e n a n a m n y a
b a l a k a n
k o n s t i t u e n n y a
m e n a i k k a n
d i t e l a a h
k e n a k a l a n
m e n g k u d e t a
m e m p e r t u n j u k k a n
p e n y a n t u n
m e l e k a t
d i i d e n t i k k a n
v a r i a s i n y a
l a b e l n y a
m e m p r o p a g a n d a k a n
h i r a u k a n
s a n t a i n y a
d i m u r n i k a n
k e t e n t a r a a n
t e r d a n g k a l
d i p e r t u n j u k k a n
d i p i l i h
f a v o r i t k u
m e n a m b a h k a n
s e p e n g e t a h u a n n y a
m e n g e p a l k a n
s e m a n g a t n y a
s e k u r a n g
m e m a t a n g k a n
m e m a s a r k a n
t e l e v i s i n y a
j u r u s a n
m e n g h a p u s k a n
m e r u n d i n g k a n
m e n g i m p o r n y a
p a y a h n y a
m e l e m p a r
d i r u n d i n g k a n
d i l i l i t
d i s a n j u n g
m e n g e k s t r a k
r a c u n n y a
t e r t e l a a h
m e m b u j u r
p e r u n d i n g a n n y a
m e n y a n g g u p i n y a
m e r e k n y a
c a n t i k a n
m e n g u a s a i
p e n g i d a p
m e n g u l i t i
m e m f u n g s i k a n
m e r e n u n g k a n
m e m p e r b a r u i n y a
a g e n n y a
p e l a t u k n y a
d i g e n d o n g
b e r k u a s a n y a
s e a m a n
d i s e b u t k a n
m e m b i a s a k a n
m e m a n g g i l n y a
t e r j a n g k a u
m e l i b a t
d i i d e n t i k k a n
d i r e b u t n y a
j a g u n g n y a
p e n g i n g k a r a n
b e r s i a p l a h
m e m b e b a n k a n
d i r a m p u n g k a n n y a
k u l i t n y a
r i l i s a n n y a
k a t a l i s n y a
d i s a m b u n g k a n
s e b a b k a n
m e n c a m p a k k a n n y a
k e p a l a n
m e n e t a p
o n g k o s n y a
m e r e f e r e n s i k a n
p e n g e p u n g a n n y a
s e k a n t o n g
m e n d e m o n s t r a s i k a n
w i b a w a n y a
d i t e g a k k a n
m e n g i n t e r o g a s i n y a
t e r l a k u
m e r a u p
s u g u h k a n
d i r a t a k a n
m e n a n a m k a n
s e l u b u n g n y a
b e r m u l a n y a
m e n y i a p k a n
l e m p a r a n n y a
t e r m i n u m
d i t a m b a h
a l i a n s i n y a
t e m p o n y a
b e r k u l i t
m e n g h a l u s k a n
t e r m a n f a a t k a n
k a r i k a t u r n y a
p e m i l i h n y a
b e r u a n g
m e r a c u n i
d i p i n j a m k a n
p e n g u r a i a n n y a
d i i m p o r
m e n e m p e l k a n n y a
m e n g g o s o k k a n
c e r a i n y a
m e r u b u h k a n
s e m b u n y i k a n
l e l u c o n n y a
t e r b a t a s n y a
g e n e t i k a w a n
m e w a s i a t k a n
p e m a s a r a n
m e m b e r d a y a k a n
k e b e k u a n
d i t e r a p k a n
t e r h a p u s n y a
c a t a t k a n
m e m a k u
k u l a k u k a n
d i j e l a j a h i n y a
t e r p a k u
t e r b e n t a n g
n o m i n a s i k a n
m e n y i m p a n g k a n
m e n g u r a n g k a n
p e n e t r a s i n y a
k e t e g a s a n n y a
d u n i a n y a
k e s e j a j a r a n
d i b e k u k a n n y a
m e r e s m i k a n
m e n g e p a l
p e r e s m i a n n y a
e k s t r a k n y a
k e b i n g u n g a n n y a
m e r e a l i s a s i k a n n y a
d i k e l u a r k a n
k e m u r n i a n
k e p a d a t a n n y a
d i r e b u t
a g e n n y a
l u n t u r n y a
p e r u b u h a n
p e l a n t i k a n
b a r u n y a
m e n c a b u t i
m e r i l i s
m e n a n t i n y a
l i l i t a n n y a
u l a s a n n y a
b e r w a k t u
p e n a n a m a n
n a k a l n y a
m e m p r o p a g a n d a k a n
k e s i a p a n
m e n g h i r a u k a n
s t r u k t u r n y a
d i g a d a i k a n
k e u a n g a n n y a
b a b a t a n
b e r l e k a t a n
m e l o n t a r k a n
t e r h a p u s n y a
b a n g s a k u
g u n a a n
u m a t n y a
l e l a h n y a
m e n i n j u
m e m u l i a k a n
r e v o l u s i o n e r n y a
d i f a v o r i t k a n
d i t u n j u k k a n n y a
p e n a n a m
m a y a t n y a
d i r e n u n g k a n
t a m p i l a n n y a
m e n c i u m i
f o n d a s i n y a
m e r e v o l u s i o n e r k a n
m a c a n a n
m e n g i s o l a s i n y a
s e b u t n y a
b e r i m b a n g
s a k s i k a n
w a k t u k u
d i p e r k i r a k a n
m e n y e n t u h n y a
d i a y a k
s e i g a k u
b e r a n a k
a n g g a r a n
m e n j a l a n k a n
m e m u r n i k a n
l e m p a r k a n
p e r k i r a a n
g e l a s n y a
m e r i a
m e m u s y a w a r a h k a n
d i s e b u t l a h
s e b u t a n n y a
k e i s t i m e w a a n n y a
r a k e t a n
n u k l i r n y a
d i t a n a m n y a
i s o l a s i n y a
k e s e n i m a n a n
a r t i k e l n y a
s e g e l n y a
m e n g i s o l a s i k a n
d i c a m p a k k a n
b i o k i m i a w a n
k e a s a m a n
p e r s e n t u h a n
d i r e s m i k a n n y a
b e r k e k u r a n g a n
p i l i h a n
r e s t u n y a
r a m p u n g k a n
m e l a j u k a n
k a c a n y a
d i p e n t i n g k a n
s e m p r o t k a n
p e l u r u n y a
p e m u l i a a n
r e n t a n n y a
d i k e k a l k a n
p e m b e d a h a n n y a
s p e s i a l n y a
d i k u r a n g k a n
a r s i t e k t u r n y a
k e t e r t i n g g a l a n n y a
b e r p e m a n a s
k e k u r a n g a n
m e n g i k r a r k a n
m e n g a n a l i s
t e r p i l i h
b e r s e l
m e n g h a s i l
m e n y e r e t
p e n y a k s i a n
d i a n j u r k a n
p e n y e l i d i k
m e m a s y a r a k a t k a n
m e n e r a p k a n
m e n a n t i n y a
m e n y e t u j u i n y a
p e n e g a s a n n y a
m e l e k a t n y a
m e n e r k a
f a v o r i t k a n
m e m p e r t o n t o n k a n
k e l a z i m a n
m e n g h a d a n g n y a
s e k t o r n y a
d i p a n j a t k a n
p a s a r a n n y a
p e r k e l a h i a n n y a
b e r g u n a n y a
p e n y e l u b u n g a n
d i j a l a n i n y a
k e c a m a t a n n y a
m e n g e t i k
b e r m a s y a r a k a t
c a t a t a n n y a
m e n y e i m b a n g k a n
t a m b a h n y a
b e r k i s a h
a n e h n y a
m e n g e j e k n y a
m e n g k l a r i f i k a s i
m e n g i s t i m e w a k a n
t e r e n g g u t
m e n o d o n g k a n
s a m b u n g n y a
b e r j a l a n
p e m i k a t
p e m b a n t a i
p e m b e d a h a n n y a
s i m b o l n y a
m e n g u l u r
m e n y a n d e r a
l i b a t k a n
m e n g e l u a r k a n
m e n d e m o n s t r a s i k a n n y a
k e t e g a s a n n y a
m e n g a p r e s i a s i
b e r b a h a g i a l a h
b e r l a r i a n
s e b i s a n y a
g a d a i k a n
b e r v a r i a s i
d i a n g g a r k a n
t a m b a n g a n
m e n o m i n a s i k a n
m e w a h n y a
d e p a r t e m e n n y a
t e r i n s p i r a s i
m e n g u n d u r k a n
m e n a n g g u l a n g i
k r i t i k n y a
m e w a s i a t k a n
m e m a n a s
m e l a r i k a n n y a
t e r s a m b u n g
p e l a y a n g a n
b e r n o m o r
p e m a d a t a n n y a
d i k e n t a l k a n
d i p a n g g i l
b e r p u t r a k a n
d i h a p u s
g a n j a l a n
d i a m b i l l a h
m e n g g u n a k a n
p e n a i k a n
m e r a m p i n g k a n
k e p r i b a d i a n n y a
r a s a n y a
m e n g a m b i l k a n
t e r a k t u a l
k e k a l n y a
d i c e r a i k a n n y a
p e m b a b a t a n
k e s e t u j u a n
m e m i n u m k a n
t e r j a n g k a u n y a
p e n e t a p a n
m e m b a h a g i a k a n
b e r s t r u k t u r
m e n y e t u j u i n y a
d i n a i k k a n
d i p e r t o n t o n k a n
t e r k e j u t n y a
d i c e r a i k a n
p e n c a t a t a n n y a
p e r t a m b a n g a n n y a
m e l e c e h k a n n y a
m o n u m e n n y a
b e r m o h o n
m e n c e k
p e d a n g n y a
b e r k e p a d a t a n
m e n a n g k i s
b e k u n y a
r a m a h n y a
m e m b e b a n i
d u n i a k u
t e r m o h o n
j a m b u a n
p e m b e n a m a n
u p a h a n
k e r a t a a n
m e n g a w i n k a n n y a
b e r a t a
m e m i n u m
m e n i d u r i
b e r p r e s t a s i
d i a l a m i n y a
t e r t a m p i l
b e r l a b a
p e m e n j a r a a n n y a
m e n d a t a n g n y a
m e m p e r d a y a
k e c o c o k a n n y a
m e n g i s t i m e w a k a n
a u r a k u
m e n y e m p r o t
p e n g a l a s a n
a s m a n y a
t e g a k k a n
m e m e r a h k a n
p e n y e m b a h
a l i a s n y a
k a w a n a n
b e r l a b e l k a n
b a r u k a n
p e m e r a h
k u n i n g n y a
p e r k e l a h i a n n y a
m e m i n u m k a n
l o n t a r k a n
m e n y e h a t k a n
m e n g i p a s i
d i k a w i n k a n
m e m u l i a k a n n y a
d i t a m p i l k a n n y a
m e n y a m b u n g k a n n y a
d i t e m p e l k a n
m e m b e r l a k u k a n
m e n d e w a k a n
d i j a l a n k a n n y a
k e k e n t a l a n n y a
m e m p r o m o s i k a n n y a
k a s e t n y a
d i k o s o n g k a n
p e w a k t u
s e l a y a k n y a
m e m b u m b u n g
d i t u n g g u
d i k u r a n g k a n
m e l a j u k a n
d i p e r t o n t o n k a n
d i l e m p a r k a n n y a
k e t i k n y a
m e n g a n g g a r k a n
p e n g a d i l a n
d i l e k a t i n y a
m e n a m b a l
m e n g e p a l a i
b e r i a
p e n g e m b a r a
m e n g a k s e s n y a
m e n c o c o k k a n n y a
p e m u a s a n
m e n y a l u r k a n n y a
m e m i k a t n y a
k e k u a s a a n n y a
k e t e g u h a n n y a
m e n g a n a l i s i s n y a
b e r p e d a n g
t i r i s k a n
t e r s e g e l
t e r i s o l a s i n y a
t e r a p k a n
m e r e s m i k a n n y a
m e n g g u n u n g
m e n y e j a j a r k a n
d i l e c e h k a n
b e r m u s y a w a r a h
d i m a t a n g k a n
t a n a m k a n
g e t a r a n n y a
m e n y e n t u h k a n
d i t e g a k k a n n y a
m e n g a n j u r k a n n y a
g u n u n g n y a
d i m i n u m
d i b e r l a k u k a n
r o m a n t i s n y a
m e n g g e n d o n g n y a
b e r g e j a l a
m e n g e m u d i k a n n y a
o l a h r a g a n y a
d i u r a i k a n n y a
d i l u k i s
m e n e r a p k a n
d i h a m p a r k a n
m e n g u r a n g k a n
m e m p e r c a n t i k
i n t e r n a l n y a
t e r w u j u d k a n
d i p e r s e m b a h k a n n y a
t e r t o l o n g
d i l e l a h k a n
s i m p a n g a n
k u d e t a n y a
d i k e p a l
m e n g i d a p
t i n j u n y a
s u m u r a n
p e r a c u n a n
m e l a y a n g k a n
m e n y e m b u n y i k a n n y a
m e n g i n s p i r a s i
m e l i b e r a l i s a s i
m e m p r o m o s i k a n
o r i e n t a s i n y a
r e n u n g a n n y a
d i p u t i h k a n
m e m b e k u k a n
d i p u t i h k a n
s e m b u n y i k a n
t e r l u k i s k a n
k e j u r u s a n
m e r a n c u k a n
k e r a w a n a n
r u g i n y a
t e r i s o l a s i
t e r e l i m i n a s i
m e n g i m b a n g k a n
d i r e n u n g k a n
b e r b u l i r
b e r l a b e l k a n
m e m a n g g i l
m e n e g a s k a n n y a
m e n y a n j u n g
d i k e n t a l k a n
p e l e m p a r a n
t e m p o n y a
h a l u s n y a
m e r e b u t k a n
m e l e m p a r k a n
d i l i b a t k a n
p e n o m o r a n n y a
m e n g a n j u r k a n n y a
m a s a k n y a
m e n g a m a n d e m e n k a n
j a m a k n y a
m e n g g o s o k n y a
o b j e k n y a
p e n y i t a a n
p e n y e h a t a n
m i n u m a n
k e t i d u r a n
t e r j a n g n y a
k i r i n y a
p e n g i s a h a n
d i p e r t e g a s
d a s a r n y a
p e n g e l u a r a n
m e n g h a l a n g
t o l e r a n s i n y a
m e n g i n t e r o g a s i
m e m u r n i k a n
m e m b a k u k a n
a p r e s i a s i n y a
p e n g u a s a a n n y a
m e l o n t a r
d i b a k a r
d i t e g a s k a n
k e t u a n y a
k e r e n y a h a n
m a n f a a t k a n
p e n e g a s a n
d i t e g a s k a n
k e n a k a l a n n y a
b e r j u d u l k a n
d e m o k r a s i n y a
m e m p e r b a r u i
d a l a n g a n
k e t e r b u k a a n n y a
s e b a b n y a
m e n g g u n a
l u d a h n y a
b i a y a n y a
t e r k e p u n g
m a t e r i a l n y a
k e a g e n a n
m e r a s a k a n
a t r a k s i n y a
p e n g h i r a u a n
p e l u b a n g
m i l i t a n n y a
b e r a k h i r n y a
p e n y e d o t
m e n e g u h k a n
k e t i d a k c o c o k a n
p e r i l i s a n n y a
t u d u h k a n
b e r k a w i n
h a k i k a t n y a
k e b i r u a n
m e m a n a s n y a
t e r c a t a t k a n
m e n c a t a t k a n
m e l a n t i k n y a
p e m i n u m n y a
s e a d i l
m e r a c u n
p e r a d i l a n
b e r k e m i h
i m b a n g a n
b i o k i m i a n y a
p e m a t a n g a n n y a
m e n g h a p u s k a n n y a
k e g e m p a r a n
p e n o b a t a n n y a
m e m f a s i l i t a s i
s t a t u s n y a
t e r a m p u n i
t e r b u a i
v a l i d i t a s n y a
p e r w u j u d a n n y a
d i p i n j a m k a n
k e l u a r a n n y a
m e m e r c i k k a n
d i s a l u r k a n
p e n a m b a n g a n
m i k r o f o n n y a
m o t i v a s i n y a
m e n g i n t e r o g a s i n y a
s e j u r u s
m e n d o m i n a s i k a n
d i b a k u k a n
a d i k n y a
d i r a t a k a n
r i n t a n g a n n y a
p e n a m b a l
d i m o h o n k a n
j a l a n n y a
p e r m u l a a n
t i d u r n y a
d i s e t u j u i n y a
m e n d u d u k
m e r o k e t k a n
t a m p a r a n
m e r a y u n y a
p e n g h a p u s
a n g g a r a n n y a
b e r s a h a b a t
p e m b a k a r a n
t e r i a k a n
m e n g i d u n g k a n
t a n a m n y a
k e d u n i a a n
p e n y a n d e r a
m e l o n t a r k a n
h u r u f n y a
k e r a c u n a n
l i a t n y a
m e r e b u t
d i l a n t i k
m e m a n j a t k a n
k e t i d a k b a h a g i a a n
d i c a t a t n y a
k e t i d a k t e g a s a n
p u t i h a n
k e t e t a p a n n y a
c a n t i k n y a
m e n g e m u d i k a n
p e m u l i a
o f e n s i f n y a
s a m b u n g a n n y a
d i j a m b a k
p i l i h n y a
m e m f a v o r i t k a n
p e n u n j u k a n
r o d a n y a
p e n g u n j u k
k e b a n y a k a n n y a
p e n g a m b i l
m e n d u d u k k a n n y a
w u j u d n y a
h o r m a t n y a
b e r s i m p a n g a n
p e n g g i l i n g a n
b e n d a h a r a n y a
b e b a n k a n
m e n g a m a n k a n n y a
d i t i d u r k a n
b i r u a n
b e r n a s k a h
d i l o n t a r k a n n y a
d a n g d u t n y a
m e m e c a t n y a
d i t u n g g a l k a n
u l a m a n y a
d i b a k a r n y a
k e s e m p i t a n
m e r i s a u k a n
p e n g i n d e k s a n
m e l e n t i n g
d i d u d u k k a n
m e m p r o d u k s i k a n
m e n y a k s i k a n n y a
p e r k a w a n a n
m e m a n f a a t k a n
m e n y i s i h k a n
m e n g u a n g k a n
f i g u r n y a
i b u m u
m e n g h a n g u s k a n
r a t a n y a
p e m u r u n g
h a d a n g a n
r a m a i n y a
m e n u n j u k k a n
t e r p a d a t
b e r k u d a n y a
p e r g i n y a
b e r e k o n o m i
e f e k t i f n y a
t e r m u l i a
s a h a b a t m u
m e n g a p r e s i a s i k a n
m e n d a l a n g i
m e n g a d i l i n y a
d i g e m u k k a n
k e u t a m a a n
d i h i r a u k a n
m e m b e k u k a n
m e m b i n g u n g k a n
m e l o n t a r k a n
k e c a n t i k a n n y a
g u n a k a n
d i s e n t u h n y a
d i p e r k i r a k a n n y a
d i p e n t i n g k a n
t e n i s n y a
s e r a t a
t o n t o n a n
p e n g g u n a a n n y a
p r o d u k s i n y a
l o n t a r n y a
m e n g a d a p t a s i k a n n y a
t e r s e m b u n y i
a n g g r e k a n
k o n v o i n y a
m e m e r c i k i
r u t i n a n
a n g g a r a n n y a
p e r b a d a n a n
k e p e r d a t a a n
d i u l a s
m e n d e v a l u a s i
k e d i s t r i k a n
s a l u r a n n y a
d i h a p u s n y a
d i p a d a t k a n
m e n e r a p k a n n y a
m e m u r n i k a n
t a m b a h k a n
d i g e m u k k a n
m e n e n a n g k a n
t e r d i s t r i b u s i k a n
p e n g a n g g u k
z a k a t n y a
p e n y e t u j u a n
m e n g g u n a k a n n y a
m e n y i a n g i
m e m p e r t o b a t k a n
p e n g a n j u r
t a h t a n y a
m e n g u l i t i n y a
m e n y a k s i k a n n y a
m e m b e d a h n y a
d i t o p a n g
p e m e c a t a n n y a
v o k a l n y a
k e l i s a n a n
m e n g i d e n t i k k a n
d i c a b u t n y a
p e m a d u
e t i s n y a
s a l j u n y a
p e n g u a s a n y a
m e n d a s a r i
m e n g g e n d o n g
k e l u a r l a h
l a b a n y a
p e r s e t u j u a n n y a
t e r g e r a i
p e r s e m b u n y i a n n y a
m e n g g a d a i k a n
j u r u s n y a
r u t i n n y a
s e t e n a n g
s e n t u h a n n y a
t e r m a n f a a t k a n
p a r a m i l i t e r n y a
a m b i l a n
g i l i n g a n
d i k e m b a l i k a n n y a
j a m a k n y a
p e n y e j a j a r a n
m e n y e m p i t k a n
m e m a n g s a n y a
m e m a d a m k a n
l u k i s a n n y a
m e l e m p a r i n y a
b e r w u j u d
k e r e t a k a n
a k s e s i n y a
p a l s u n y a
r o y a l t i n y a
m e n o b a t k a n
k e c a n t i k a n
r e l a s i n y a
p e n g u r a s
d i p i l i h k a n
k e p e r g i a n
m e n g a k h i r i n y a
k e p e n d e t a a n n y a
s e m e w a h
m e n g i n g k a r i
p e r u n g g a s a n
t e r i n s p i r a s i k a n
m e r i b u t k a n
i g a n y a
d i b e k u k a n
m e m p e r k i r a k a n
m e n g u p a y a k a n
m e n y e m a n g a t i n y a
k i s a h k a n
m e n g a s a p i
p e n e g a k a n n y a
p e m a n g g i l a n
u r a i k a n
p e r c i n t a a n
t a m u n y a
d i t a m b a h k a n
p a n g g i l a n n y a
m e n y e l u b u n g i
t e r a k s e s
p e s a t n y a
d i m e r i a h k a n
g e j a l a n y a
m e n i d u r k a n
t e r t i n g g a l n y a
m e n g e v o l u s i k a n
k e t i a k n y a
m e n g a w a l n y a
i n f r a s t r u k t u r n y a
b e r s a m b u n g n y a
t u n g g u n y a
d i s e m b u n y i k a n n y a
d i t o n t o n
b a n t a i a n
b a r u k a n
p e m f o k u s a n
m e n c i n t a i n y a
d i o l a h n y a
p e r c e r a i a n n y a
k e l a k u a n n y a
m e n g a d a p t a s i
k e n t a l n y a
g u g u s a n
r a m a i n y a
m e n a m p i l k a n n y a
k e p u n g a n
s a n d e r a n y a
m e n g a n j u r
l i d a h n y a
m e m f o k u s
m e m b e n g k a k n y a
l a z i m n y a
p e n c a t a t a n n y a
m e n g a k h i r i
d e m o n s t r a s i n y a
k e t i d a k p u a s a n
k e r e t a k a n
m e n g o r i e n t a s i k a n
m e m o h o n k a n
p e c i n t a n y a
b e n a m a n
b e r h a l a n g a n
s e t i m n y a
t e r p i k a t
d i t e t a p k a n l a h
k e s e i m b a n g a n n y a
p e r l a k u a n n y a
m e n a m p a r n y a
s e n t u h a n
l e m p a r k a n
t e r b a r u n y a
i m i g r a s i n y a
j a r i n y a
p e n e l a a h
m e n g e b i r i
k e m e w a h a n n y a
p e n a n g g u l a n g a n
m e l a k u k a n n y a
k e b i d a n a n
b e r w a s i a t
m e m e n j a r a k a n
k e k s a t r i a a n
m e n d a s a r k a n
p e r o n d a
m e n g u r a i k a n
t e r b a k a r n y a
l o r o n g n y a
b e r k a t a l i s
m e r e a l i s a s i k a n
o b y e k n y a
s u m u r n y a
d e b u n y a
g e r a i n y a
m e n e m p e l k a n n y a
f a v o r i t n y a
j u r u a n
p e r a s a a n
d i m o h o n k a n
m e n u n g g u
p e n g i d a p n y a
m e n y e n t u h
s e k u r a n g n y a
o r i e n t a s i n y a
s k o r n y a
m e m p r o d u k s i
t a n a m a n
m o n u m e n n y a
s e t u j u a n
k e c a m a t a n
m e m e d u l i k a n
m e n e g u h k a n
b e r p o l a
s i a p k a n
d a n g k a l n y a
e l e k t r i k n y a
e m a n s i p a s i n y a
m e m p r e d i k s i k a n
p e n g g i l i n g
p e n g g a n j a l
m e m p e r e b u t k a n n y a
d i c o c o k k a n
s e g e l n y a
d a l a n g n y a
h a r m o n i n y a
p e r g u n u n g a n
k e k a i s a r a n
d i j a l a n k a n
f a v o r i t k a n
b e r p e r g i a n
k e p a d a t a n
w a w a n c a r a n y a
d i k e k a l k a n
p e n g e l u a r
m e n o n t o n
t e r u l u r
p e m i l i h a n n y a
d u d u k a n
m e n g h a l a n g i
m e n g i r a
m e r a s a k a n n y a
t e r a p a n n y a
p e n a m p i l a n
s a h a b a t k u
r u d a l n y a
h a l u s i n a s i n y a
k u l a r i
p e r a t a a n
p e l i b a t a n
m e n g h a p u s k a n
h a k i k a t n y a
m u m i n y a
d i l i b a t k a n
b e r j a n g k a u a n
d i k u r a n g
k e t a k w a a n n y a
g e n d o n g a n n y a
m e m p e r t o n t o n k a n
b e r s a m b u n g a n
d i l a k u k a n n y a
m e l a b e l i
r e l a s i n y a
m e n e n g g e l a m k a n n y a
m e r u g i
t e r i s o l a s i n y a
b e r b i n t a n g
n a k a l n y a
p e n g e m b a r a a n n y a
p e n g a k s e s
h i m b a u a n
m e n c i n t a
a l i a s n y a
k e t a k w a a n
t e r c a n t i k
m e n a n t i k a n
b i a s a k a n
e k o n o m i n y a
p e n c a b u t a n
b e n i n g n y a
k e t i k n y a
s e j a w a t
m e m a d a t
t e r s a l u r k a n
d i u n d u r
m e n g a w i n k a n n y a
k a m b i n g n y a
s i h i r n y a
s e b u t k a n
m e n g k o n f i r m a s i k a n n y a
m e n g i n d e k s
m e n j a l a n i n y a
d i t e r a p k a n n y a
d i b e n g k o k k a n
g e l a n g a n
m e n y a n g k a n y a
p o l i m e r n y a
m e n y i a p k a n
m e n g e k a l k a n
m e n c a t a t
p a s a r k a n
m e n d u d u k i n y a
b e r t a h t a k a n
m e n g o m e l i
w a s i a t n y a
d i r a m p i n g k a n
s e h a t n y a
n o m o r n y a
m e n o m i n a s i k a n n y a
i k r a r k a n
m e n g a n g g u k k a n
k u a l i t a s n y a
m e m b e n t a n g
s e m a n g a t m u
d i o l a h n y a
t u n j u k k a n
d i s i t a
b e r o l a h r a g a
k e p u a s a n n y a
k e m b a l i n y a
s e j a w a t n y a
p e n a m p i l
d i l a k u k a n
m e n e n t e r a m k a n
p r e s t a s i n y a
f o k u s n y a
m e r e n u n g k a n
m e l i l i t k a n
d i s e m p r o t k a n
m e n a n a m k a n
m e n j a l a n k a n
s e l e k s i n y a
k e r o m a n t i s a n
s e j a l u r
b e r a p i
m e n u d u h n y a
p e r t o b a t a n n y a
t e r p e n t i n g n y a
t e n t a r a n y a
k i r a n y a
r i a k a n
p o r s i n y a
d i d u d u k k a n
b e r o r i e n t a s i k a n
m e n a i k n y a
a r e a l n y a
p e l u b a n g a n
t a m p i l n y a
d i p a l s u k a n
m e r o b o h k a n n y a
f u n g s i n y a
d i a m a n k a n
w u j u d n y a
p e r e s m i a n
k e a n e h a n
m e r i a h n y a
m e n g u l u r k a n
m e n g i s a h k a n n y a
s e b a n g s a n y a
b i o g r a f i n y a
f o k u s k a n
k a i s a r n y a
r a c u n n y a
p e m b a n g k a n g a n
m e m b a n y a k
m e n d o m i n a s i
m e m i n u m n y a
e f e k t i f n y a
l u k i s a n
s i a p k a n
m e n g e n t a l k a n
a k s e s n y a
h a n i f a n
b o l a n y a
m e n g g u n a k a n
b e r t a h t a
p u t r a n y a
m e n j e l a j a h
p e n g a m b i l a n n y a
k e m u r u n g a n
s a n t a i n y a
m e n g i d e n t i k k a n
b e r p a s i r
t e r h a l a n g n y a
m e m i n u m k a n
d i t i r i s k a n
m e m a l s u k a n
p e m i n j a m a n
t e r c i n t a
p a d i n y a
d i p e r s e m b a h k a n n y a
m e l i l i t
u r a i a n n y a
u p a y a k a n
d i s i s i h k a n
m e m a n g g i l m u
m e n g o l a h n y a
s k o r n y a
p e r k e c a m b a h a n n y a
m e r e a k s i k a n n y a
m e n y a k s i k a n
d i t e g u h k a n
m e n c e r a i k a n n y a
p e n u n j u k
a p i n y a
b e r p u t r a k a n
a m b i l k a n
m e n g i s t i l a h k a n
t e r b a n t a h k a n
m e n y u d u t k a n n y a
d i b i n g u n g k a n
d i s e m p r o t
k e l u a r a n
i n f r a s t r u k t u r n y a
r i n t a n g a n
t e r p i l i h n y a
m e r e k n y a
s i t u s n y a
m e r u n d i n g k a n n y a
c i u m a n n y a
d i l i b a t k a n
d i p u a s k a n
k e t i d a k c o c o k a n n y a
b i s a n y a
d i l u k i s k a n n y a
m e n g g e r a m
p e n a m b a n g a n n y a
p r i m e r n y a
m e n g h a s i l k a n n y a
k e m u d i k a n
p e r k i r a a n n y a
m e m u m i k a n
k e b a k a r a n n y a
b e r p o h o n
m e n g e s a l k a n
p e n g k r i t i k n y a
m e m i l i h n y a
s e h a t i
d i h a p u s k a n
m e m e n j a r a k a n n y a
i b a r a t n y a
b e r k e l a k u a n
m e r o b o h k a n
p e n e g u h a n
i b a r a t n y a
k e t i d a k p u a s a n n y a
p e n g i d a p n y a
k e p a d a t a n n y a
m e n g e l u a r k a n n y a
p e n y i s i h a n
s a k s i k a n
m e n a m b a h k a n
m e n c e r a i k a n n y a
m e m a s a r k a n n y a
d i k e l u a r k a n
r i l i s a n
l a j u n y a
t e r s e b u t k a n
b a n g s a n y a
b i s k u i t n y a
e n c e r n y a
p e m u a s
j a l a n m u
d i a s a m k a n
p e n g g u n a a n n y a
m e m b e n g k o k k a n
b a n y a k a n
k e p e n t i n g a n n y a
s e i m b a n g a n
m e m e r i a h k a n
i n t e l i j e n n y a
b e r n a s i b
k e t i k k a n
d i p e r s i a p k a n
p e n g i s a h
r a h a n g n y a
m e l i b a t k a n
p e r t o b a t a n n y a
f a r m a s i n y a
r a t a k a n
u m a t n y a
i r o n i n y a
b e r k e d u d u k a n n y a
k e k h i l a f a n n y a
m e n y e m b u r k a n
m e n y e r e t n y a
t e r h a l a n g
s a m b u n g k a n
p e m i n u m
m e n g h a l u s k a n
d i l i l i t k a n
b e r g u n a n y a
b u s u k n y a
p e n d e w a a n
p e n g u a s a a n
b e r k e p e n t i n g a n
m e m p e r g u n a k a n
m e n g e p a l k a n
p e r k a w i n a n n y a
p a s a r a n
m e n g i r a n y a
m e n y e h a t k a n
m e m b i n t a n g
m e n g a r s i p k a n
b e r b i s a
s e p u a s n y a
m e n g i n s p i r a s i n y a
m e m a n j a t n y a
m e m a d u
t o l a n
k s a t r i a n y a
t e r e a l i s a s i n y a
m e n g i d u n g k a n
p e m b a k a r a n n y a
f a r m a s i n y a
m e n j a l a n k a n n y a
k e h a l u s a n n y a
t e k s n y a
k a s e t n y a
s p e s i a l n y a
m e n a m b a h
m e n y u r u h
r a m a h n y a
p u t i h n y a
p e n j i l a t
s a m b u n g a n
t e r s i h i r
k e k h i l a f a n n y a
k e p e d u l i a n
d i s e t a r a k a n
m e n g k o n d i s i k a n
p e n g a w a s a n n y a
m e n d i s k r i m i n a s i k a n
k e s e t a r a a n n y a
z a k a t n y a
k e m e n t e r i a n n y a
j a l a n k a n
m e r o b o h k a n
m e n g a m b i l k a n
t e r e b u t
m e m e k a k k a n
p e n e r a p a n n y a
t e r h a p u s k a n
b e r h a s i l k a h
p e n g e n t a l
m e r u b u h k a n
s a n d e r a n y a
m e r e f e r e n s i k a n
b e r k e t e t a p a n
p e n g h a s i l a n
u t a m a k a n
m e m b a n t a h
m a s y a r a k a t n y a
p e n g i n g k a r
b e r p e l u r u
a m b i s i n y a
m e n g a l a m i
p e m b a n g k a n g a n n y a
k e l a k u a n
m e n y a n j u n g n y a
t e n g g e l a m n y a
m e r i a h n y a
m e n y e m p i t k a n
s e b u t k a n
r e s m i k a n
p e m b a k u a n
p e m a n a s
d i h a f a l n y a
m e n d i s t r i b u s i k a n n y a
d i t e t a p k a n
d i p e r c i k k a n
s e p a l a
s e t e l a n
m e n g e j u t k a n n y a
u p a y a k a n
m e r a t a
b e r a s a m
a y a k a n
m e n e m p e l n y a
b e r a k h i r l a h
a d i l n y a
r o k e t n y a
p e n g u p a h a n
m e n d u d u k i
m e n c e r a i
p e n g h o r m a t a n
m e n a n g k i s n y a
m e n c o c o k k a n
r i a k a n
m e l i b a t k a n n y a
m e n y u d u t
m e r i l i s k a n
b e r i s i k o
p e n g i m p o r a n
r e a k s i n y a
m i n u m a n n y a
p e n g a m b i l a n n y a
d e w a n y a
m e w u j u d k a n
d i t u n j u k
b a d a n n y a
m e n g g e n d o n g n y a
m e n y e b u t k a n
h a l a n g a n n y a
s a y u r a n n y a
k e b i n g u n g a n n y a
k e r a m a h a n n y a
t e r p a n g g i l
m e m p e r s e m b a h k a n n y a
p e r a s a a n n y a
w u j u d k a n
b e r p r o d u k s i
m u l a n y a
p a d i a n
t e r s u d u t
n a h a s n y a
t e r b i a s a
p e l a j u
k e t i d a k p e d u l i a n
t e r a m a n
l a r i n y a
m e l a l a i k a n
d i s a m b u n g k a n
c i u m a n
b e r l a r i l a h
m e m i n j a m k a n n y a
p e n y e i m b a n g a n
n a i k n y a
b e r j a l a n l a h
p e r s a r a f a n
m e n d a s a r i n y a
p e n g a m a n a n n y a
k e p u a s a n
d i r a t a k a n
k i s a h n y a
p e n e g a k
t e r a s a k a n
m e n g g e t a r k a n
b e r u n j u k
t e r s e h a t
a s m a n y a
b e b a n n y a
t e r u t a m a n y a
t i m u r a n
m a d u n y a
c i n t a m u
k e l a y a k a n n y a
k e k a l n y a
d i a m a n k a n
d i k u r a n g i n y a
t e r w u j u d k a n
k e c i n t a a n
t e r c i n t a n y a
d i i s t i m e w a k a n
b e r j u d u l k a n
p a l a i
b e r l u k i s
b e r h o r m a t
e j e k a n
p e m b a t a s n y a
k e t e r b a t a s a n n y a
m e n g i m p o r n y a
d i l u k i s k a n n y a
m e m p r o m o s i k a n
s e p e n g e t a h u a n n y a
k a s i n o n y a
m e n y i m p a n g n y a
k a p a s a n
b e r v o k a l
d i s e j a j a r k a n
p e m u t i h a n
d i t a m b a h k a n l a h
m a j i k a n n y a
k a w a n n y a
d a s a r k a n
t e r s e n d a t n y a
b e b a n n y a
p r o m o s i k a n
m e m i k a t
p e n u d u h a n
p e d u l i k a n
p e r j a l a n a n n y a
b a n g s a m u
m e n e l a a h
m e r e b u t k a n
p e n g u p a h
b a k u n y a
s e b a t a s
m e n g e k a l k a n
p r e s t a s i n y a
s e m u r
s e b a r u
d i p e c a t n y a
k e j u r u a n
m e m b u a i
m e n c a t a t n y a
k e r e t a n y a
m e n g i p a s
d i a m b i l n y a
m e n d a s a r n y a
g u n d i k n y a
t e r c i n t a n y a
m e n g i s o l a s i
m e n g e k a l k a n
t u d u h k a n
p e n c a n t u m a n n y a
s e m p r o t a n
m e l a j u
m e n y e g e l n y a
l e l u c o n n y a
d i s a n g g a h
s a w i t n y a
m e m p e r b a r u i n y a
t e r p e n j a r a
a n e h n y a
m e l u k i s n y a
a u r a n y a
m e r e n u n g
r e s m i k a n
m e l a m b u n g
m e n e r a p k a n
a n a k a n
d i r a s a k a n
d i p a n g g i l k a n
p e n g e n c e r
p e m a n g g i l
b e r t e k a d
g a w a n g n y a
m e m e n j a r a k a n
d i m o h o n k a n
d i t a n g k i s
s u g u h k a n
d i j a l a n k a n
m e n d u d u k k a n
m a k a l a h n y a
a n j u r k a n
s e n t u h n y a
g e n d o n g a n n y a
p e r j a l a n a n k u
p e n g g u n u n g a n
m e n c a t a t k a n
a m a n k a n
m e n y u r a t i n y a
d i t e n g g e l a m k a n
m e r a m p i n g k a n
k i r a n y a
k e b e n g i s a n
k u r s u s n y a
s e p u a s n y a
p r o t o n n y a
k e e f e k t i f a n
a r s i p n y a
g e o g r a f i s n y a
j e l a j a h n y a
a n g k u h n y a
m e m e d u l i k a n n y a
s a r i n y a
m e n y e b u t k a n
p e n g k h i a n a t a n
d i k e t i k k a n
m i n u m n y a
p e l a b e l a n
k i l a t n y a
m e n e t a p k a n
d e m o n s t r a s i n y a
u l u r a n
k e t u a n y a
k e t i d a k e f e k t i f a n
p e m a n g g i l a n n y a
k a n t o n g n y a
m e n y e m b a h n y a
k e n a b i a n n y a
m e n g g e t a r k a n
d i t a m b a h k a n
p e m a s a r
b e r s i m b o l
m e n g h a m p a r
p e r j a l a n a n n y a
d i t e t a p k a n n y a
d i j a n g k a u
m e n g e t i k k a n
m e n c a b u t n y a
m e l e c e h k a n
m e m b e n g k o k
l a m b u n g n y a
k e n a i k a n n y a
p e n o p a n g
m e m b a n t a h n y a
k a w i n n y a
d i t e r k a
p e r o b o h a n
a m a n k a n
p e n g h a p u s a n n y a
d i t u d u h
s e k a r u n g
i n s p i r a s i n y a
b e r a n g g a r a n
m e n y a l u r k a n
m e n t a l n y a
s a n j u n g a n
m e n e n a n g k a n
a m p u n a n
p e l a k u
t e r s i s i h k a n
d i l a y a n g k a n
p e r s a h a b a t a n n y a
m e m b i a y a i n y a
m e n g u n i n g
t e r p e n u h i n y a
p a k u n y a
t e r a m a i
k e a l a m i a n n y a
u p a y a k a n
p e n d o n g e n g
k e r u g i a n n y a
k e k o m p a k a n
m e l a k u k a n
m e n g h a l a n g i n y a
m e n g o l a h
d i k e l u a r k a n l a h
m e n g e l u a r k a n n y a
t a n a m a n n y a
d i r u g i k a n
p e n g a m a n
p e n g i s t i l a h a n
m e n g e b i r i n y a
m e l a n t i k n y a
d a y a k a n
b e r l a k u l a h
i n t e r n a l n y a
t a n a m k a n
t e n g g e l a m n y a
d u s u n n y a
k e p e n d e t a a n n y a
b e r b a n g s a
c o c o k a n
t e r u t a m a n y a
k e m e n t e r i a n
m e n o d o n g k a n
g e l a n g n y a
p e m a s a r a n n y a
t e r b e n a m
m e m b i a s a k a n
b e r k e m u r n i a n
m e n y u r a t n y a
p e n y i m p a n g a n n y a
p e r i m b a n g a n
m e n g e j u t k a n n y a
t e g a s n y a
b e r s e m a k
b e n i n g n y a
b i n t a n g k u
k e w a s p a d a a n
d i t a m b a l
b a d a n n y a
d i l a k u k a n l a h
t e r p e s a t
m e n g h a p u s n y a
s a k s i k a n
t a m u n y a
m e n g a g e n d a k a n
r a t u n y a
m e m b e n t a n g k a n
g e n e t i k a n y a
d i a n j u r k a n
j a l a n k a n
p r o m o s i k a n
p e t u a l a n g a n n y a
d i n a i k
k e b a n g s a a n n y a
m e m p e r a n a k k a n
d i k e m b a l i k a n
t a m b a h k a n
m e n y e r v i s
b e r p u a s
m e w u j u d k a n
t e r m e w a h
d i t o l o n g n y a
p e n y a l u r a n n y a
d i t e g a k k a n
k i r i m u
p e n y a l u r a n n y a
b e n a m a n n y a
k e m u d i k a n
h a b i b i
m e n g a n j u r k a n
b e r s i a g a
k e s a n g g u p a n n y a
t e r s i s i h k a n
k i r i n y a
m e l i u k k a n
b e r l u k i s k a n
d i s e b u t n y a
k e l a j u a n
t e r a k h i r n y a
k e k o s o n g a n n y a
m e r e a k s i k a n
b e r a c u n n y a
m e w a c a n a k a n
m e m p e r l a k u k a n
p e n d i s t r i b u s i a n n y a
p e d u l i n y a
m e n d e w a k a n
t e r c a t a t
p e l a y a n g
m u l i a k a n
r e n u n g k a n
t a m p i l n y a
t a m p u n g a n
m e n y e j a j a r k a n
m e n g g a d a i k a n
p e n g u r a s a n
p e n o p a n g n y a
d a y a n y a
r a s a n y a
p e m b a r u a n
m e n e t a p n y a
m e n y e l i d i k i n y a
m e m a n t a u n y a
d i b i n g u n g k a n
b e r a l a s a n
p e n g a n a l i s i s
m e w a c a n a k a n
u l a s a n n y a
m e m a s a r k a n
m e n g k o n f i r m a s i k a n
k e c e r m a t a n n y a
d i i s t i m e w a k a n
h i r a u k a n
p e n j e l a j a h a n n y a
m e n e m p e l k a n
m e n d i s k r i m i n a s i
m e n t e r i n y a
d i n a i k k a n n y a
d i p i n j a m n y a
d i p u a s k a n
h a s i l k a n
m e m a r u t
m e n g h a n g u s k a n
d i t e t a p k a n n y a
b e k u n y a
b e n d a h a r a w a n
k e t i d a k s e t u j u a n n y a
l e l a h n y a
m e n g h u j a t
d i l o n t a r k a n n y a
b e r t e m p o
d i t o n t o n n y a
d u d u k n y a
k a s i n o n y a
d i c a n t u m k a n n y a
d i p e c a t n y a
k e i b u a n n y a
k e m a n f a a t a n
m e l e m p a r n y a
d i p e r t u n j u k k a n
k e r i b u t a n
m e n y e n t u h k a n
d i n a i k k a n
d i b i k i n
t e r s e b a b
l a r i k a n
h i r a u k a n
d i h a m p a r k a n
f a s i l i t a s n y a
p e r i l i s a n
m e n g i m p o r
m u m i n y a
t e g a k k a n
t e r c a t a t k a n
m e l o k a l i s a s i
m e n y u r u h n y a
p o l a n y a
m e n g g e r u t u
p e m e c a t a n n y a
v a r i a b e l n y a
p e n g e m b a r a a n n y a
n a i k k a n
j a l a n k u
j u n t a i a n
m e n j e m u k a n
s i a n g n y a
b e r k u d a n y a
d i r a s a k a n n y a
s a n g g a h a n
g a l e r i n y a
m e m a l s u k a n
b a t a s n y a
p e r p u s t a k a a n n y a
d i j a l a n k a n
p e m b e b a n a n
m a n i n y a
m e n d u d u k i n y a
l a j u n y a
m e n e t a p n y a
d i g o s o k k a n
p r i b a d i n y a
p e n j a l a n a n
t a m b a k n y a
k e k h i l a f a n
d i t u n j u k k a n
b e r a h a n g
k e l u a r n y a
m e n g i n f e k s i
k a m b i n g n y a
t u d u h a n n y a
m e n g a w i n i
m e n y a l u r k a n n y a
m e n g a k h i r i n y a
m e m e d u l i k a n
m e n c e r a i k a n
l i l i t a n n y a
m e m p r o d u k s i k a n
t e r d i s t r i b u s i k a n
m e l e m p a r i
b e r u p a h
p e g o l f
p e r t a m b a h a n
j a y a n y a
b a r u k a n
k o l a m n y a
t e g u h a n
m e n o m i n a s i k a n
l o n t a r n y a
k u r s u s n y a
p i u t a n g n y a
m e n g a l a m i n y a
p e n g o l a h a n
d i t a m b a h k a n n y a
d i b a k u k a n
p e n j a r a n y a
u p a y a n y a
g u s u r a n
b e r u n d u r
m e n y a s a r
p e r a n a k a n n y a
t e r c a t a t n y a
m e n a n t i k a n
m e n g a m a n k a n n y a
m e m a n g g i l k u
t e r b u k a n y a
m e m p e r a l a t
b e r m a l a m
d i r i l i s n y a
k u d a a n
r e b u t a n
m e n y a m b u n g
m e n g a m a n k a n
p e n g u b i n a n
k i l a t a n
m e n g e m u d i k a n
a l a t a n
s i t u s n y a
k o n s t i t u s i o n a l n y a
k r e d i t o r n y a
p e n g a m a n n y a
p e r a l a t a n
m a r t a b a t n y a
e t i k a n y a
t e r u s i k
h a l u s i n a s i n y a
m e m p e r k i r a k a n n y a
t e r d u d u k
p e n g h u j a t
p e n d a s a r a n
a r e a n y a
u r a i a n n y a
b e r k o n f l i k
d i p e n t i n g k a n
k e t e n a n g a n n y a
a k t u a l n y a
d i r a s a
k e u t a m a a n n y a
p e n y e m b a h a n
b e r v a r i a s i n y a
d i p e c a t
m i n u m n y a
m e n g u r a i
m e n g u p a h
m e n g h a s i l k a n
d i k a w i n k a n
t e r b a r u
m e n a n a m k a n
p a k u n y a
o t o m o t i f n y a
m e n g a d a p t a s i k a n
m e n g e m u d i n y a
b e r f u n g s i
k e s a n g g u p a n
p e n y i b a k a n
m e n d o n g e n g
m e n a n a m k a n n y a
p e r w u j u d a n n y a
p e n g a y a k a n
p e m u c a t
m e m b e k u k a n
d i l e k a t k a n
p e m b a t a s a n
m e n g i m b a n g i n y a
k e p u a s a n n y a
m e l a m b u n g k a n
b e r k u r a n g n y a
k e s a k s i a n
k e n t a l n y a
b e r t o p i k
p e m b a r u
m e n y i a p k a n
u m a t k u
d i t o l o n g n y a
k e t e t a p a n
t e l a a h a n
t e r s e b u t k a n
m e n y e m a n g a t i n y a
p e m b e n g k a k a n
s e b a b n y a
i n t e r a k s i n y a
b e r l a b e l k a n
d i s a n g k a
d i c a t a t k a n
d i t i r i s k a n
m e n y e m b u r
m a n f a a t n y a
p e r b a n y a k a n
g e r a m a n
s u p e r i o r n y a
b e r p u t r a k a n
p e r t i n j u a n
m e n g a m b i l
d i t e m p e l k a n
j a m b u n y a
a p i n y a
r i t m e n y a
s e b u t a n
p e r l e m a k a n
m e l u d a h
m e r o k e t
m e n g h a f a l k a n
s u g u h a n
d i p e r b a n y a k
d i s e t u j u i n y a
m e m u m i k a n
b e r t o l
p e n g e n t a l a n
k e j e n i u s a n
p e n a m b a h
m u l a n y a
m e r e b u t n y a
m e n a k j u b k a n
o b s e s i n y a
m e m a k u k a n
c a n t u m k a n
k a c a n y a
d i b e r l a k u k a n n y a
p e r a s a
r e s m i k a n
d i c o c o k k a n
p e n g a r u n g
d i p e r s e m b a h k a n
p s i k o l o g i s n y a
d i m u l i a k a n
b e r k u r a n g
p e n g a m a n n y a
k e t a m b a h a n
m e m b a n t a h n y a
r e n u n g a n n y a
m e m b e k u k a n n y a
m e n c i n t a i m u
m e n g a n g g u k k a n
t e r i a k a n
p i n j a m k a n
d i i d a p n y a
d i t a m b a h n y a
m e n g i s a h k a n n y a
d i m u l i a k a n l a h
b e r i t m e
d i m i n u m n y a
a p i k n y a
p e r b e n d a h a r a a n
t e r u t a m a
m a t e m a t i k a n y a
b e r i n d e k s
d i p e r t o n t o n k a n
p e n y i a p a n n y a
m e n y u b s i d i
b e n d a h a r a n y a
t a m p i l k a n
c a t a t a n n y a
m e m a d a t k a n
p e r m o h o n a n n y a
d i k a w i n k a n
d i p e r e b u t k a n
t e n a n g n y a
s u g u h k a n
s e r e t a n
k e a d i l a n
p e r c i n t a a n n y a
m e l u n t u r k a n
p e m a d u a n
n o m i n a s i k a n
m e n u n j u k
m e l e l a h k a n
o b j e k n y a
m e n g a r u n g i
d i e n c e r k a n
m e r a c u n i n y a
s e b u t l a h
p e m a n f a a t a n n y a
d a h a g a n y a
k e p a s a r a n
d i f a v o r i t k a n
k a p a s n y a
k e t i d a k a d i l a n
p e m u r n i a n
p e n g e m u d i n y a
k r i t i k n y a
k e p r i h a t i n a n
b e r k a n t o n g
d i p i l i h k a n
t i r i s k a n
d i h i r a u k a n
t e r s a l u r k a n
p e n g h a p u s a n
d i t u m i s
d i r i l i s
k e s a k s i a n n y a
f o k u s k a n
s a k s i n y a
m e n g a w i n k a n
m e n g k h i a n a t i n y a
m e l u k i s k a n
m e n j a m b a k
o m o n g a n n y a
l i s t r i k n y a
u l a s a n
m e m p e r s i a p k a n n y a
s e b e n i n g
p e c i n t a
p a l s u n y a
t e t a p k a n
m e n a n g g u l a n g i n y a
a d i k n y a
m e n j u r u s
i g a n y a
b e d a h n y a
t e r k e j u t n y a
p o h o n n y a
p e l u k i s n y a
p e m b a n t a h a n
p e m b e n d a h a r a a n
b e r k h i a n a t
t e g a k k a n
d i t a m b a h k a n n y a
k e c a m a t a n n y a
m e r e a l i s a s i k a n
p e n g k h i a n a t a n n y a
r i s i k o n y a
l e m a k n y a
r a m p u n g n y a
d i a m b i l k a n
m e n y e m p i t k a n
p e n y e l e k s i a n
k i s a h n y a
s a m b u n g a n n y a
d a n g k a l a n
m e n e m p e l
p e n a n a m a n n y a
l u b a n g n y a
p e n g a p i a n
o f e n s i f n y a
m e n c i u m
f o n d a s i n y a
p e w a w a n c a r a
p e n e n a n g
n o m i n a s i n y a
m e n g o r i e n t a s i k a n
n a h a s n y a
t e r p e n u h i n y a
g e l a n g n y a
k e b i n t a n g a n n y a
s e b a n g s a n y a
m e r e n u n g k a n
m e n g a n g g a r k a n
m e n g h a f a l k a n
o t o m o t i f n y a
m e n j a n g k a u
a n a k k u
g e j a l a n y a
b e r s e t u j u
m e n g k o n f i r m a s i k a n
d i s i a p k a n
l a m b a i a n
d i h a p u s k a n
k e d e w a a n n y a
p e m b a n g k a n g a n n y a
m e n g a k s e s
c e r a i k a n
b e r k a n t o n g
p e n e t r a s i n y a
s e p a d a t
k e p r i h a t i n a n n y a
m e n g i d u n g k a n
p e n c a n t u m a n n y a
m e n y a n j u n g n y a
k e s e h a t a n
i d e n t i k n y a
k e t e r t i n g g a l a n n y a
d i h a n g u s k a n
t e r d i s t r i b u s i k a n
k e r a m a h a n
p e n g h a d a n g a n
d i b e k u k a n
a n j u r a n n y a
m e n g g o s o k n y a
n a i k k a n
p e m a l s u
c a n t i k n y a
k e p e s a t a n
p e r l a k u a n n y a
b e r j e l a j a h
p e n g e t i k
k e e f e k t i f a n n y a
p a s i r a n
a m p u n i
m e n e t a p k a n
s e k u r a n g n y a
d i l e k a t k a n
k e t i d a k s e t u j u a n
m e n g u a s a i n y a
t a m b a n g n y a
m e l e k a t k a n
m e n u n g g u n y a
d i s e m b u r k a n
m e n y u r u h n y a
m e m a n a s k a n
n a s i b n y a
b e r d i a l o g
d i g u s u r
b e r t a k w a l a h
m e n y a k s i k a n
b e r s e l u b u n g k a n
p e m e n j a r a a n n y a
p e n j a n g k a u a n
m e n a k j u b k a n n y a
m e r o k e t k a n
m e m e k a k k a n
m e m p e r b a n y a k
d i t a n a m k a n
p e m b a n t a i a n
b e r l a k u k a n
p e n g o l a h a n n y a
b e r d a s a r
b i r u n y a
m e n y a m b u n g k a n
m e m b e r l a k u k a n
b i r u n y a
p e r m a s y a r a k a t a n
k e a n g k u h a n n y a
b e r f o k u s
m e n g u l i t i n y a
m e m p e r g u n a k a n n y a
m e m i n j a m
d i r e s m i k a n
a m b i l k a n
t a m p u n g n y a
t e r w u j u d
m a l a m a n
t u n g g a l n y a
d i m i n u m k a n
k u a l i t a s n y a
m e n a n a m n y a
m e n g k r i t i k
m e m a t a n g k a n
k e i s t i m e w a a n n y a
i n d e k s n y a
k e m e n t e r i a n n y a
b a k a r a n
m e m b a h a g i a k a n
m e l u k i s k a n
p i u t a n g n y a
d i r e b u t n y a
p e m a n j a t
k e d e w a a n n y a
d i s e m b u n y i k a n
p a n g g i l a n n y a
m e n y a r i k a n
m e n d o k t r i n
m e r o k e t n y a
m e n g k l a r i f i k a s i k a n
s a s a r a n
m e l a m b a i
a n a k a n n y a
t e r u r a i n y a
m e m e r i a h k a n
b e r l u k i s k a n
k u r a s a k a n
m e n g e j u t k a n
p e r a p i a n
m e n a m b a h n y a
b e r k u a s a n y a
k e a m a n a n n y a
l u k i s n y a
m e n g g o s o k k a n
b e k u a n
d i h a p u s k a n n y a
p e n c a b u t
m e n y i s i h k a n
c a n t u m k a n
b a h a g i a n y a
m e n a m p i l k a n
t e r t u n j u k
d i s e j a j a r k a n
m e m b e d a h n y a
l i s a n n y a
k e p r i b a d i a n n y a
p e n y e g e l a n
p e m o h o n a n
b e r w i b a w a
p a y a h n y a
b e r a c u n n y a
p e m a n t a u a n
k e h e b o h a n
m e n g e n t a l k a n
c a t a t k a n
p a n a s a n
b e r k a h n y a
t e r h a l a n g n y a
m e l e n c e n g
m e n u n g g u i n y a
n u k l i r n y a
d i g i l i n g
m e l e m p a r k a n n y a
k i p a s a n
p e n g e b i r i a n
s e m b u n y i k a n
m e n j a n g k a u n y a
s a h a b a t n y a
p a k u a n
d i k a w i n i n y a
j a n g k a u n y a
m e w a s i a t k a n
m e n c a n t u m k a n
d i c a t a t k a n
m e n o n t o n n y a
g u n d i k n y a
m e n u d u h
m e l a k u k a n n y a
n o m i n a s i n y a
t e r h a p u s
p e n g a m p u n a n n y a
b e r k a h n y a
m e n a i k i
m e m b i n g u n g k a n
m e m e r a h k a n
s u r a t n y a
d i c a n t u m k a n
m e n g e p u n g n y a
m e n g i s a h k a n
p e n a m b a n g a n n y a
t e o l o g i n y a
m e n d e m o n s t r a s i k a n
s e l e k s i n y a
e g o i s n y a
a l a s a n n y a
p e r s e m b a h a n n y a
m e l u k i s k a n n y a
k o m o d i t a s n y a
a n j u r k a n
k e m e w a h a n n y a
l a z i m n y a
d i p e d u l i k a n
d i c e r a i k a n
p e n d a n g k a l a n
m e n a n a m k a n n y a
d i s e j a j a r k a n
m e m b i n t a n g i n y a
s u r a t i
p e n y e b u t a n n y a
d i t e g u h k a n
p i n j a m a n n y a
s i s i h k a n
b e r g u n a
s y a h i d n y a
m e r e v o l u s i o n e r k a n
m e n g g e j a l a
k e b a k a r a n
g e t a r a n
m e n a i k k a n n y a
e l e m e n n y a
m e r a h n y a
b a r u n y a
m e n y u r a t i n y a
s o s i a l n y a
t a m p i l a n n y a
m e n y e m p r o t k a n
t u n g g u n y a
t e r l u k i s k a n
d a n g d u t a n
t e r l u k i s k a n
m e m p e r k i r a k a n n y a
p e n g g u g u s a n
k e c e r m a t a n
m e n e m p e l k a n
s a m p u l n y a
k e a d i l a n n y a
b e r t o b a t
p e n j a r a k a n
d i s a n g k a k a n
a n a k n y a
t e r p i l i h n y a
p e n g k h i a n a t a n n y a
b e r k e d u d u k a n
d i h a l u s k a n
m e n g u a s a i n y a
l u d a h n y a
m e n j i l a t
b e r m i l
m e n e r a p k a n n y a
d i b e r l a k u k a n n y a
j a n g k a u n y a
t e r t i d u r n y a
d i t a n a m k a n n y a
m e m p e r t u n j u k k a n n y a
v a r i a s i n y a
m e n g a w a l i
b e r t a m b a h n y a
m e n a m p a r n y a
p r o d u s e n n y a
s e h a l a m a n
p r o m o s i n y a
a s a m a n
p a n t a u a n
b e r l a k u
r a k y a t k u
t e r l e m p a r
r i l i s n y a
p e t u a l a n g a n m u
p e w u j u d a n
p i k a t a n
m e n y e t a r a k a n
p e r t u n j u k a n
m e m b a n t a i
r o d a n y a
k o o r d i n a t o r n y a
k e g u n a a n
m a t e r i a l n y a
m e n a n a m i
k o m i s i n y a
m e n a m p i l k a n n y a
k e l a y a k a n
t e r c i u m
d i r a n c u k a n
t e r b e n a m n y a
d i r e s m i k a n
a m a n k a n
p e l a n t i k a n n y a
s t a t u s n y a
p e m a l s u a n
i s t i l a h n y a
d i c a n t u m k a n n y a
d i s u n a h k a n
t a m b a h a n n y a
p e r n a s k a h a n
r a t a k a n
p e n e m p e l a n
s u n g a i n y a
t a n a m a n n y a
p e n g a s a p a n
p e m a d a m a n
m e m b u s u k k a n
l e m p a r k a n
b e r b a n t a h
s e k t o r n y a
p e n y a m b u n g a n
k e l a y a k a n n y a
m e n y e m p i t n y a
r o b o h n y a
m e n g u t a m a k a n
d i t o d o n g
d i t e t a p k a n
m e n c i u m n y a
m e n y i a g a k a n
m e m v a r i a s i k a n
a n j u n g a n n y a
r u g i n y a
m e n g a d a p t a s i k a n n y a
m e n c a m p a k k a n n y a
t e r l i b a t
t e r o l a h
m e n g u p a y a k a n
p e r e n u n g a n
m e n y e m b u n y i k a n n y a
m e r e s t u i n y a
k e j a y a a n
s a r i n y a
m e n g i m b a n g i n y a
b e r l a m b u n g
k e d u d u k a n
t a m p i l k a n
k i s a h k a n
s a w i t n y a
k e k a l a n
d i p e r s e m b a h k a n
s a r a f n y a
k s a t r i a a n
m e n g i n g k a r i n y a
l i b a t k a n
p e r s i m p a n g a n n y a
l o n c e n g n y a
d i b e n g k o k k a n
m e m e n t i n g k a n
d i h a n g u s k a n
p r i b a d i n y a
d i t e g a k k a n n y a
p e r t a m b a n g a n n y a
l o g i k a n y a
l o n t a r k a n
p e r u n j u k a n
p e n g e t i k a n
b i n t a n g n y a
d i c a t a t k a n
b a d a n m u
p e n g a m p u n a n
m e n g g u n a k a n n y a
m e n g a m a n d e m e n k a n
k e m u d i n y a
t e r t i d u r n y a
m e n g k h i a n a t i n y a
s u d u t n y a
c a t a t a n
b e r k e l a h i
m e n g i n s p i r a s i k a n
m e m b e k u k a n n y a
m e n g e n t a l k a n
l o n t a r a n
m e n d o m i n a s i n y a
k e m a s a m a n
m e m p e r e b u t k a n
m e m e r a h k a n
t e r h o r m a t
b i k i n a n
m e n g h a f a l
a n g a n m u
t e n a g a n y a
m e m p r o d u k s i n y a
p e r i s t i l a h a n
d i p e r e b u t k a n
s e p e s a t
k e b e n i n g a n
i n f e k s i n y a
t e g a s k a n
p e n j a r a k a n
p e n g u t a m a a n
t e r e a l i s a s i n y a
t e g a k n y a
p e n g e t a h u a n n y a
m e r u n d i n g k a n
m e m u l a k a n
k a w a n k u
m e n y i m b o l k a n
k e a l a m i a n n y a
s a p i n y a
m e n y e b u t k a n n y a
d i l i s a n k a n
m e m a n t a u
k e t e n t a r a a n n y a
i s t i m e w a n y a
m e n g g u n a k a n
t u d u h k a n
d i r u n d i n g k a n
m e m i n j a m k a n
g a w a n g n y a
d i t e r j a n g
b e r p i u t a n g
d i j a l a n
m e r i s a u k a n
b e r d e m o n s t r a s i
t i n j u n y a
s e r v i s n y a
b e r k u a s a
p e l u r u n y a
m e n d u d u k k a n
k u i l n y a
n a i k n y a
d i l o n t a r k a n
d i t a n a m
k i s a h k a n
d i a m b i l n y a
m e m e c a t n y a
b e r t a n d a n g
l e m p a r a n
m e n g h a s i l k a n n y a
d i b e k u k a n n y a
b e r k u d a
d i k e j u t k a n
b a t a s n y a
p e n g e j u t
b e r s a l j u
m e n y i m b o l k a n
m e n d e m o n s t r a s i k a n
k e u a n g a n
l a k u n y a
m e r a s a k a n
d i p a n g g i l k a n
p e r e k o n o m i a n
d i m a t a n g k a n
b e r u p a y a
s e m p i t n y a
k e m u l i a a n n y a
m e n y i m b o l k a n
p e n e m p e l
t e r m o t i v a s i
t e r l e k a t
b e r s e m a n g a t
b e d a h a n
d i t u b r u k
k e l e l a h a n
s e m e r a h
d i n a i k i n y a
b i s a n y a
m e l a y a n g
k e l a l a i a n n y a
k e r a h i m a n
k e b i n g u n g a n
p e n g e m b a l i a n
m e n g e j u t k a n
m e n y u g u h k a n
s e k a m p u s n y a
m e m b e r d a y a k a n
s e r v i s n y a
m e r u n d i n g k a n n y a
b e r w a s p a d a
m a t e m a t i k a w a n
p e l u k i s a n
m e n g u r a n g
d i k e t i k k a n
p a n e l n y a
p e n g a b s a h a n
m e n g a g e n d a k a n
r a m p u n g k a n
p e m a s a r a n n y a
i m p o r n y a
b a k s o n y a
d i t u n j u k a n n y a
k e a n e h a n n y a
k e p e d u l i a n n y a
d i r a s a n y a
p e r b a r u a n
t e r s e b u t k a n
u t a m a k a n
m e m e r c i k k a n
p e n y e m b u r
m e m a d a m k a n
d i s e m p r o t k a n
p e r g u n d i k a n
d i l e k a t i n y a
d i t e n g g e l a m k a n
k a m b i n g a n
p e n o m o r a n n y a
k e a d i l a n n y a
d i t u n j u k a n n y a
d i c a n t u m k a n
d i t u n j u k k a n n y a
k e b a k a r a n n y a
m e n g h a p u s
m e n g o s o n g k a n
t e r p e n t i n g n y a
p e r s i a p a n
c e r a i n y a
m e n a i k i n y a
t e r h a p u s k a n
m e n g i n g k a r i n y a
m e l a m b u n g k a n
d i p e r l a k u k a n
d i k i r a
p e n j a r a k a n
p e r a s a a n k u
k e t e l e d o r a n
r u t i n n y a
m e l a l a i k a n
s e r a s a
i k r a r k a n
m e m i n j a m k a n
p e r l a k u a n
m e n g i r a n y a
k e b e r k a h a n
m e n c i u m n y a
d i d u d u k i n y a
p a n g g u n g n y a
m e m b e n g k a k n y a
m e l a m b a i k a n
k e t e n a n g a n
m e l e c e h k a n
i m p o r n y a
a d i l n y a
m e l u k i s n y a
k e d u d u k a n n y a
j u r u s a n n y a
m e n e n g g e l a m k a n
p e d a n g n y a
d i t e g u h k a n
m e m a n f a a t k a n n y a
m e r e f e r e n s i k a n
m e n y e l i d i k
d i l e l a h k a n
s e b i s a n y a
t e r t a m b a h
m e n g e m u d i k a n n y a
t e r d i s t r i b u s i
t e n a g a n y a
a l a t n y a
k e h a l u s a n
m e n c i u m m u
m e n o p a n g
m e m a d a m k a n n y a
h a l a m a n n y a
m e m a d a t i
p e n e t a p a n n y a
s a k s i n y a
d i s u r u h n y a l a h
m e l a l a i k a n
m e n g u l u r k a n
k e m b a l i k a n
t e r t i d u r
d i t e n a n g k a n
m e n g a d a p t a s i k a n
u p a h n y a
t e r s e n d a t n y a
d i l e m p a r k a n
d i p a n a s k a n
m e r a m p u n g k a n
m e m u l i a k a n
b e r v a r i a s i n y a
k e l i s t r i k a n n y a
h a m p a r a n
p e n y e m a n g a t
m e n c a n t u m k a n n y a
k e u m a t a n
a n t e n a n y a
k e p e n t i n g a n
m e m b i n t a n g i
d i t e r a p k a n
m e m a n g g i l n y a
m e m i l i h m u
t u n g g a l n y a
k e m u r i d a n
b e r o r i e n t a s i k a n
a g e n d a n y a
b a h a g i a n y a
b i a y a n y a
b a l a k a n
m e n y e g e l
m e l i b a t k a n
p a n g g u n g n y a
m e m p e r d a y a k a n
d i s a n g k a k a n
m e n g a m a n k a n
f u n g s i k a n
s e n t u h a n n y a
d i t u n j u k a n
k e a k u r a s i a n
m a n f a a t k a n
p e n g u n d u r a n
m e n g u r a n g k a n
d i b i a s a k a n
e v o l u s i n y a
m u l i a k a n
m e n j e m u k a n
p e n y a n t u n a n
m e n g k l a r i f i k a s i k a n
k e n a k a l a n n y a
p e r i l i s a n n y a
l i t e r a t u r n y a
p e n u n g g a l a n
p a d a t n y a
r i t m e n y a
p e n g a l e n g a n
k e t e n a g a a n
d i b e n t a n g k a n
m e n g e n c e r k a n
b e r m e r e k
b i o g r a f i n y a
t i m n y a
p e n y a l u r
a r t i k e l n y a
h a n g u s k a n
t e g a k a n
k e t i d a k s e t a r a a n
b e r k a w a n
k e r a k y a t a n n y a
k e m a s y a r a k a t a n n y a
d i a m b i l n y a l a h
j u d u l n y a
s e r p i h a n n y a
m e n e g a k k a n
p e r e b u t
m e n y e i m b a n g k a n
d i t e n a n g k a n
d i p e r c i k k a n
p e r k i r a a n n y a
m e n y u d u t k a n
i s o t o p n y a
d i t a n a m k a n n y a
p e r s i m p a n g a n
p e n y i l i h a n
k e k e n t a l a n
p e n y e m b u n y i a n
b e r j a l a n a n
d i p a d a t k a n
k o n f l i k n y a
j a g u n g n y a
d i l a r i k a n
p e m b e d a h
d i k e j u t k a n
p e n g h a l a n g
p e r t u n j u k a n n y a
d u r a s i n y a
m e r e b u t k a n
k u a n t i t a s n y a
p e n g a w a l n y a
s e l u b u n g n y a
m e n j a l a n i
b e r c i u m a n
b e r b a d a n
t e r t i n g g a l n y a
m e n g e n c e r k a n
t e r b a n y a k
m e n y e m b a h n y a
d i p a n g g i l k a n
w a c a n a n y a
p e n e g a k a n n y a
m e r o b o h k a n n y a
t e m p e l k a n
m e r e a k s i k a n n y a
p a n e l n y a
d i p a n j a t
l a k u k a n
m e n g i n s p i r a s i k a n
s i s i h k a n
p e r i a
d i s i a p k a n n y a
k e d u s u n a n
j u r u s a n n y a
d i l i s a n k a n
k e w u j u d a n
d i h o r m a t i n y a
o m o n g a n n y a
k o n s t r u k s i n y a
m u r n i n y a
p e n j a l u r a n
m e m p e r l a k u k a n
t e r g a n j a l
p r o f e s o r n y a
m a n f a a t n y a
b u m b u n g a n
d i k a w a l
m e n g i s t i l a h k a n
t e r t u d u h
t e m b o k n y a
d i p e r l a k u k a n
b a n g s a w a n
r a k e t n y a
m e n g e t i k k a n
r e a l i s a s i n y a
m e n g u n d u r k a n
d i t u d u h k a n
d i t a m p i l k a n
b e r t o p a n g
m e n g u a n g k a n
p e n g e m b a r a a n
p a n g g i l a n m u
m e r a h a n
p e m a n j a t a n
s e l a b e l n y a
t e r u t a n g
k e l i s t r i k a n
p e n y e b a b n y a
p a r a m i l i t e r n y a
m e m p e r a n a k k a n
m e n y e b u t k a n
d i m u r n i k a n
s e p a s a r
m e m b e n g k o k k a n
a n j u r k a n
m e r e n g g u t
p e n c i u m a n n y a
k e j a y a a n n y a
k e s e t a r a a n
m e n g a s a m k a n
m e m p e r d a y a i
o b s e s i n y a
p e n o b a t a n
k e t e r b a t a s a n
b e r k e d u d u k a n n y a
d i u r a i k a n n y a
d i r e n g g u t
t e r w u j u d l a h
d i k e m b a l i k a n
d i s e d o t
b e r d a s a r k a n
p e m e n j a r a a n
d i f a v o r i t k a n
d a y a k u
d i s e m b u r k a n
b e r c e r a i
a p i k n y a
l o r o n g n y a
k e m a t a n g a n
r a t a n y a
k e w a s p a d a a n n y a
d i r u g i k a n
r e v o l u s i o n e r n y a
a d a p t a s i n y a
n a s k a h n y a
p e r b e n d a h a r a a n n y a
t i d u r a n
d o m i n a s i n y a
m e n g u p a y a k a n
d i l u k i s k a n
a k u r a s i n y a
b e r e l e m e n
d i s i a p k a n
m e n y a m b u n g k a n n y a
m e m p e r e b u t k a n n y a
d i t i d u r k a n
m e n g e s a l k a n
f i g u r a n
m e n o m i n a s i k a n n y a
m e n g e l u a r k a n
p e n a m b a h a n n y a
m e n g g i l i n g
m e n y e b a b k a n n y a
p e r t o b a t a n
a n j u r a n
t e r j a n g a n
r o m a n t i s n y a
p e n y i a p a n n y a
l a m b a i k a n
d i m e r i a h k a n
m e n g k r i t i k n y a
p e n g a n a l i s i s a n
m e m b e n a m k a n
k e p a l a k u
p e n y e m b a h a n n y a
s e t a r a n y a
m e m a n a s i
b a n g s a n y a
p e r e k o n o m i a n n y a
m e n g e l i m i n a s i
m u r i d k u
t a m b a k a n
b e r a n g a n
p e n g h a l a n g n y a
m e m a n g s a
m e n a i k n y a
d i k e l u a r k a n n y a
m e m e d u l i k a n n y a
m e m p r o m o s i k a n
d i u n d u r k a n
m e n g a m p u n i n y a
s e m b u r a n
m e l e k a t k a n
s u r u h a n n y a
d i p e r e b u t k a n
m e n y i t a
k s a t r i a n y a
m e m p e r d a y a k a n
m e m b e k u n y a
m e n a n a m i n y a
m e n g h a f a l k a n
j a m b a k a n
p e r s u r a t a n
p e n y e m b u r a n
p e n y e b u t n y a
b e r d a s a r a n
m e m p e r h a l u s
b e r t i n j u
i k r a r k a n
d i s i a g a k a n
m a r t a b a t n y a
d u d u k n y a
n a s k a h n y a
t e r c a b u t
p e r b i n t a n g a n
o l a h a n
d i b a k a r n y a
d i k e p u n g
k e l u a r a n n y a
m e n u n j u k k a n n y a
m i l k u
p e l a r i a n
p e l e c e h a n
a m b i l k a n
k e m a t a n g a n n y a
b a l a w a n
t a n a m n y a
t e r f a v o r i t
p e m a k a l a h
p e n y e l e k s i
d i s a m b u n g
s e p e n t i n g
m e m p e r g u n a k a n
s e k a n t o n g
s o s i a l n y a
m e m b a n t a i n y a
m e m b e n t a n g i
d i t u d u h n y a
b e r g e t a r
b e r z a k a t
v a l i d i t a s n y a
d i r a m p i n g k a n
m e m a n a s k a n n y a
b e r u n d i n g
p e n g h a l a n g a n
p e r t e l e v i s i a n
m e j a n y a
b e r j a l u r
i n s i d e n n y a
d i c a b u t
b u l i r n y a
p e n y e b u t n y a
k e m a s y a r a k a t a n n y a
m a y o r i t a s n y a
p e n g g o s o k
b e r a u r a
d i p i n j a m
k o o r d i n a t o r n y a
m e n d i s k r i m i n a s i k a n
k a w a s a n n y a
k e k e s a l a n n y a
m e n y a n g g u p i n y a
m e r i b u t k a n
p e n c o c o k a n
k e s a l n y a
m e m p e r o l a h
m e n e g a k k a n
m e n y e g e l n y a
d i g a d a i k a n
p e r b a t a s a n n y a
p e r s e j a j a r a n
p a n a s n y a
m e n g e m b a l i k a n n y a
d i t a m p i l k a n
m e n o b a t k a n n y a
p e l a n t a n g
d i l i b a t k a n n y a
t e r k u r a s
m e n g k o n d i s i k a n
u a n g n y a
k e b i a s a a n
m e n y a l u r k a n
m e n g e p u n g n y a
m e m a s y a r a k a t
m e n g u r a n g i
d i t a m b a h k a n
g u n a n y a
s e k a n t o n g
k r e a s i n y a
k e a b s a h a n
m e l e k a t k a n
p e l a t u k n y a
a n g a n k u
m e m a n j a t
m e n t a l n y a
b e n a m a n n y a
m e n g e f e k t i f k a n
d i t o l o n g
d i r a m p u n g k a n
m e m o t i v a s i n y a
d i s u g u h k a n
b e r e t i k a
k e c a n t i k a n n y a
l a m b u n g n y a
m e m b i d a n i
k e r e t a k a n
d u n i a n y a
r a h a n g n y a
k e a s a m a n n y a
m e n g i k r a r k a n
b i a s a k a n
p e r c i k a n
s e k a l e n g
k e d e n g k i a n
m e n e g a s k a n
f u n g s i k a n
p e n g h a f a l
b e r s e n t u h a n
b e r l a k u n y a
k e l a l a i a n n y a
p e m i n j a m a n n y a
m e n u n g g u n y a
t e n t a r a n y a
p e m b a t a s
m e n o m o r i
s e i m b a n g n y a
k a m e r a n y a
k e t i d a k c o c o k a n n y a
b e r j u d u l
m e n g u r a i k a n n y a
i m i g r a s i n y a
m e r e n u n g i
m e m u a s k a n n y a
k e s e i m b a n g a n n y a
b e r l i d a h
m e n i d u r i n y a
d i p e d u l i k a n
t i d u r k u
e l e k t r i k n y a
d i s i a p k a n n y a
b a t a s a n
d i k e m b a l i k a n
s e s u a t u n y a
k e s i a n g a n
m e n g g o s o k k a n
p e n i r i s a n
h a l u s n y a
d i l e m p a r k a n
d i r e s m i k a n l a h
u t a n g n y a
b e r p u t r a
m e n g i n s p i r a s i k a n
d i p i l i h n y a
s e b u t a n n y a
m e n u n j u k k a n
p e n y i a n g a n
k i m i a n y a
i s t i l a h k a n
k e r e n t a n a n
m e n u m i s
p e n g e m b a l i a n n y a
p e m b a n g k a n g
m u l i a n y a
d i r a s a n y a
a r s i p n y a
k e t i k k a n
m e r e n u n g k a n n y a
t e r b u k a n y a
m e n g a k s e s n y a
p e n g u r a i a n n y a
b e r a m b i s i
d i p i l i h n y a
a k s e s n y a
n o m o r n y a
e k o n o m i n y a
t e r h a m p a r
k o s o n g k a n
t i m u r n y a
t e r a p a n n y a
m e m a k u k a n
k i l a t n y a
m e n y u d u t k a n
b e r k a n t o n g
k e b a h a g i a a n n y a
k e t i a k n y a
t e r l i b a t n y a
p e r e k o n o m i a n n y a
n o m i n a s i k a n
t u n j u k a n
t e r a p k a n
t e r s e n t u h
b e r k a c a
k u r a s a k a n
t a m b a n g n y a
m e n g i l a t
m e n a m b a h k a n
d i t u n g g a l k a n
d i a m b i l k a n
i n s i n y u r n y a
m e n y a l u r k a n
m e n g a w i n i n y a
m e n d o m i n a s i k a n
m e n o p a n g n y a
s i h i r n y a
h a f a l a n n y a
m e m e n j a r a k a n
p e n d e t a n y a
k u l a k u k a n
m e r a y u
d i s e b u t n y a
c i n t a k u
t a m b a h a n n y a
d i l a n t i k l a h
m e n u n j u k n y a
p e n g u t a n g
p e m u r i d a n
p e r k a w i n a n n y a
b e r j u n t a i
j a w a t a n
m e m p e r e b u t k a n
k e h o r m a t a n
s e k a w a n
m e w u j u d
p e s a t n y a
m e l e c e h k a n
m e n y e l i d i k i
m e n o b a t k a n
t i d u r n y a
d i t e g a k k a n
p e l o n t a r a n
p e l a r i a n n y a
d i a n g g a r k a n
m e m b u n d a r
p s i k o l o g i s n y a
d i m a s a k
n a b i n y a
p e r a d i l a n n y a
d i h a l u s k a n
p e n j e l a j a h
m e n g a b s a h k a n
d i l a r i k a n
j a l a n a n n y a
d i p u t i h k a n
d i s u r u h
s e p a k u
k e r a s a a n
m e n g e f e k t i f k a n
p e n j u r u s a n
b e r t o l e r a n s i
m e w a w a n c a r a
m i k r o f o n n y a
m e m b i a s a k a n
p a d a t a n n y a
m e n a n a m i n y a
p e m a t a n g
d i p e r s e m b a h k a n
p e r w u j u d a n
p e n g a n g g a r a n
k e d e w a a n
d i s e t a r a k a n
s a l u r k a n
m e r i l i s k a n
m e m p e r t o b a t k a n
p e r d a t a n y a
p e n g e l u a r a n n y a
i n s p i r a s i n y a
p e m i n t a
d i t e t a p k a n
s u r a t a n
m e n y i a p k a n n y a
b e r s e l u b u n g k a n
p e r a n a k a n n y a
b e r k a m e r a
m e m a n t a u n y a
o l a h a n n y a
m e l u d a h i
r a s a k a n
j u r n a l n y a
l a k u a n
m e n a n g k i s n y a
m e n e g a k k a n
b o l a n y a
k e s i a g a a n
s i s i h k a n
m e r a s a k a n
k e t e n a n g a n n y a
m e l e l a h k a n
m e n y a n t u n i
d i a m a n k a n
m e n a m b a h n y a
k u d a n y a
d i h a p u s k a n n y a
h u r u f n y a
p e m a n a s a n
s u r u h a n
p e m i n j a m
p e n g h a s i l
l a r i n y a
p e r c i n t a a n n y a
p e n o n t o n n y a
p e n g a k s e s a n
t a m p u n g n y a
i d e n t i k n y a
p e n c e m b u r u
p e n g u p a y a a n
p e n o l o n g
p e n y a l u r a n
p i n j a m k a n
m e n y e m b u n y i k a n
s e p e n j u r u
m i n u m a n n y a
k e d u d u k a n n y a
m e m b i k i n
p e n g u a s a
b e r l a b e l
t u d u h a n
d i j e l a j a h i n y a
d i t e g a s k a n
t e r s a l u r
w a s i a t n y a
d i l u k i s n y a
d i p e r s i a p k a n
r a s a k a n
p e n e n a n g a n
d e m o k r a s i n y a
t e r s a n g k a n y a
k e t a k j u b a n
k e f a r m a s i a n
a u r a n y a
m e n g h a s i l k a n
k e b a n g s a a n n y a
m e m p e r e b u t k a n
b e r p e r a s a a n
k e g e r a m a n
h a f a l k a n
p e r m u l a a n n y a
t e l e v i s i n y a
k e t u a a n
d i b i a s a k a n
p e r g i l a h
k e n i n g n y a
m e n y e b a b k a n
m e m p e r t u n j u k k a n
m e n g a m b i l n y a
m e m p e r l a k u k a n n y a
m e n g i s t i m e w a k a n
b e r l a r i
m e m b a n g k a n g
k e l i a t a n
l a m b a i k a n
d i s e m b u n y i k a n n y a
d i s i a g a k a n
p e r a m p i n g a n
k e t a b a h a n n y a
p r o m o s i k a n
d i h a d a n g
l u k i s n y a
s e t i m n y a
t e r b a k a r n y a
t e m b o k n y a
m e l e m p a r k a n
b e r t e m b o k
m e l u n t u r k a n
m e n g u r a n g i n y a
d i p a n g g i l n y a
n o n k e m e n t e r i a n
p e n g h a s i l n y a
p e n g u r a n g a n
b e r i n t e r a k s i
p e r g i n y a
b e r s i a p
b e r s o d a
s e p e n j a r a
m e n g a n j u r k a n
t e r i n s p i r a s i k a n
k e s e t a r a a n n y a
m e n e t a p k a n n y a
m e w u j u d k a n n y a
m e m f a v o r i t k a n
p e n y i m p a n g
m e n y e n t u h n y a
p e m b a t a s n y a
m e n e n g g e l a m k a n
t e r j a n g n y a
l i s a n n y a
m e n a i k k a n
d i l u k i s n y a
m a n i a n
b e r b e n t r o k a n
t e r i s t i m e w a
m e n a m p u n g n y a
l o g i k a n y a
m e m b e n a m k a n
m e n y e b u t k a n n y a
m e m e r a h
m e n g e t u a i
s e i m b a n g n y a
b a n g s a w a n n y a
m e r e a k s i k a n
p e r u n d i n g a n n y a
s t r u k t u r n y a
b e r e a k s i
m e n g u s i k n y a
d i p e r s i a p k a n n y a
b e r d a y a
a d i l a n
s e s u a t u n y a
m e n j a l a n k a n n y a
t e r a w a n
p e n e t a p
d i l i b a t k a n n y a
s e k a w a s a n
p e r a s a a n n y a
k e k o s o n g a n
s e b u t n y a
m a n f a a t k a n
b e r j a l a n n y a
d i m o h o n
d i s e n t u h n y a
l e k a t n y a
p i l i h a n k u
p e n g a r u n g a n
m e m a n a s n y a
m e n g h a l u s k a n
b e r s e m b u n y i
b e r k e a m a n a n
k e t i d a k a b s a h a n
k e r e n t a n a n n y a
p e n e g a s a n n y a
p r o p a g a n d a n y a
k e h a l u s a n n y a
m e n g a b s a h k a n
p e l a r i
m e n g o l a h n y a
d i t a n a m k a n
w a w a n c a r a n y a
t a m b a h k a n
g a d a i k a n
t e r s e m b u n y i n y a
m e n g g o s o k
b e r t a m b a h
p e n a n g g u l a n g a n n y a
d i g e n c e t
p e n t i n g n y a
d i n a i k k a n n y a
d i l a n t i k n y a
m e m u l a k a n
b e r a s a
m e n g a p r e s i a s i k a n
k e n a b i a n n y a
d i h a p u s n y a
p e n g u r a n g
m e m p e r s i a p k a n
m e w u j u d k a n n y a
p e m u l a
d i b i n g u n g k a n
m e m a n f a a t k a n
m e r e s t u i n y a
b e r a c u n
i n d e k s n y a
p e n a m b a h a n n y a
b e r p e r a n g k a t
s a l u r k a n
i b a r a t k a n
b e r b a t a s
m e n d u d u k k a n n y a
m a l a m n y a
k e m a l a m a n
p e n o l o n g n y a
m e r a t a k a n
b i a s a k a n
m e n g i n s p i r a s i k a n n y a
m e m b u s u k
m e n i d u r i n y a
m e m f a s i l i t a s
m e n d i s t r i b u s i k a n
m e m p e r g u n a k a n n y a
m e l e k a t i
r i l i s a n n y a
p e m b a t a s a n n y a
m e n y i a p k a n n y a
b e n t r o k a n
m e n g u r a n g i n y a
p e n e t a p a n n y a
t r a g e d i n y a
d i c a b u t n y a
m e m i n t a
d i t u n g g a l k a n
m e r i s a u k a n
m u r i d n y a
k e l u a r k a n l a h
d i l i l i t k a n
d i k e n t a l k a n
c a m a t n y a
i b a r a t k a n
d i r u n d i n g k a n
d i e n c e r k a n
m e n y e m p r o t k a n
p e n g h o r m a t a n n y a
d e t e k t i f n y a
b a r u k u
b e r p e n g i m b a n g
m e r a m a i k a n
p e n c a t a t
m e n g o s o n g k a n
p e m b a k a r
m e n g a n g g u k
m e m b a r u i
m e n g e v o l u s i k a n
p e r u r a i a n
d i e j e k
d i u t a m a k a n
k a w a n a n n y a
p e l u k i s
m e n u n g g u i
m e l i u k
k a w a l a n
s e b a n g k u
h a l a m a n n y a
s i a p n y a
m e n d i v e s t a s i k a n
p e n g h a p u s a n n y a
m u l i a n y a
o m e l a n
k e p r a k t i s a n n y a
d i s e i m b a n g k a n
r a n j a n g n y a
t e r l u k i s
k e t i d a k a m a n a n
b e r a m a h
d i s u r u h n y a
d i s a n g k a k a n
d i p a n a s k a n
i b u n y a
m e n y e i m b a n g k a n
d i i d e n t i k k a n
p e n e l a a h a n
d i s i a g a k a n
d i p i k a t
p e n g e p u n g a n
d i k e j u t k a n
p e m a d a t
s e l a b e l
m e m p r e d i k s i k a n
t e r j u n t a i
d i a n g g a r k a n
m e n e n t e r a m k a n
p r o t o n n y a
m a t a n g n y a
b e r p e s t a
t e r i n s p i r a s i k a n
s a p i n y a
k e i n s i n y u r a n
t e r i n d e k s
m e n d a s a r
k u t u b n y a
p e n e r a p a n n y a
i r o n i n y a
p e n y e m b a h n y a
b e r s a k s i
k e m u r n i a n n y a
t e r l i l i t
m e n e g a s k a n
p r e d i k s i n y a
p i n j a m a n
m e m i l i h k a n
u n j u k a n
p e r a n g k a t n y a
m e n y a n g g u p i
b i s a i
m e n a m b a n g
d i p a d a t k a n
m e n g e s a l k a n
l i r a n y a
a l i a n s i n y a
k r e a s i n y a
k a l a n g a n n y a
d i k i r a n y a
m e n u d u h n y a
d i g a n j a l
a r i a n
m e l i u k k a n
k e m a t a n g a n n y a
d i p e r o l a h
m e m i l i h k a n
p e r t a m b a k a n
m e m f o k u s k a n
l a k u n y a
p e n g o s o n g a n
d i t u n j u k k a n
p e l a n g s i n g
j a m b u n y a
p e r j u d i a n
s e w a k t u
p a s a r k a n
k e r u g i a n n y a
t e r w u j u d n y a
d i t u d u h k a n
o l a h r a g a w a n
m e m p r i h a t i n k a n
d i t a m p u n g
t e k a d n y a
d a y a k a n
m e n g g a d a i k a n
k e r a m a h a n n y a
p e r k e c a m b a h a n
k e p r i h a t i n a n n y a
b e r a k h i r
k u l a k u k a n
d i r a s a k a n n y a
m e m p r i h a t i n k a n
m e l i l i t k a n
p e n o b a t a n n y a
m e m o h o n
r e f e r e n s i n y a
m e m o t i v a s i n y a
b a l a i
m u l i a k a n
m e r a n c u k a n
t e m p e l k a n
m e r a t a n y a
d i c i u m
d i s u r u h n y a
p e r p u s t a k a a n n y a
m e m p r o d u k s i n y a
k e a n g k u h a n
m e l a b r a k
d i h a f a l n y a
a p i a n
g u n a k a n
m e n t e r i n y a
d i l a y a n g k a n
t e r s i s i h
p e m a d a t a n n y a
b e r i b u k a n
d i c a m p a k k a n
m e n j u n t a i
p r o s e d u r n y a
m e n d i s t r i b u s i
s e l n y a
m e n d a s a r k a n n y a
t e r s e m p i t
p e n g a m p u n a n n y a
m e l e m p a r k a n n y a
p e n g a m p u n
m e n g a w i n i n y a
p e r t o l o n g a n
k e r a n c u a n
m e r a m p i n g k a n
k e k a i s a r a n n y a
s i m b o l n y a
j u d i n y a
r a t u n y a
t e r e a l i s a s i k a n
d i h a l u s k a n
a k h i r a n n y a
m e l a k u k a n
m i l i t a n n y a
d i s i s i h k a n
m e m b e n t a n g k a n
a r s i r a n
b e r g o s i p
p e m i n j a m a n n y a
s a b u k n y a
m e m i k a t n y a
d i a s a m k a n
m e m p e r t u n j u k k a n
m e m o h o n n y a
p r i m e r n y a
m e m u c a t
t e t a p a n
c a m a t n y a
a n u n y a
a l a s a n n y a
h a l u s k a n
m e m p e r s i a p k a n n y a
u l a t n y a
m e n g e n i n g
b e r a k h l a k
m e n g e m b a r a
a s a m n y a
m e n a n a m
t e r c a t a t n y a
k e t e g u h a n n y a
p a n a s k a n
m e m v a r i a s i k a n
i s t i l a h k a n
m e n y e m p i t
n a b i n y a
m e m b a k a r i
d i r i l i s l a h
p e r s e m b a h a n
m e n u n j u k k a n
p u t r a k u
p e n d e t a n y a
k e c e r m a t a n n y a
m e r e a l i s a s i k a n
s a n g k a a n
p e n u d u h n y a
m e r a c u n i n y a
p e n g k r i t i k
a n g g u k a n
d a l a n g n y a
t e r u r a i
d i u s i k
s e m p i t n y a
k e i b u a n
p r o p a g a n d a n y a
d i h e b o h k a n
f i s k a l n y a
b e r l a k u n y a
k e g u n a a n n y a
a n u m e r t a n y a
s u p e r i o r n y a
k e l i s t r i k a n n y a
b e r g u g u s
b e n t a n g a n
p e d u l i k a n
p e n o p a n g n y a
r u n d i n g a n
m e n y e m p r o t k a n
m e l i b a t k a n n y a
p e m i l i h a n n y a
i n o v a s i n y a
p e n g a d i l a n n y a
k e p a l a n y a
m e n y u g u h k a n
d i r o b o h k a n
m e n o p a n g n y a
b u j u r n y a
e t i k a n y a
p e m i n u m n y a
k u n i n g a n
m e n y e m b u r k a n
l a r i k a n
t e r a p a n
m e n g h o r m a t i
u t a m a n y a
p e n g h o r m a t a n n y a
m e n g e f e k t i f k a n
p e m a t a n g a n
p e m b a b a t
m e n c o c o k k a n n y a
d i t i d u r k a n
p a n a s k a n
t a h t a n y a
k e m u d i n y a
k o n v o i n y a
p e r s e t u j u a n
k e a r s i p a n
m e r e s m i k a n
p e n a n g g u l a n g a n n y a
s e m e j a
m e n e n t e r a m k a n
k e b a n g s a a n
p e r a n g k a t n y a
s a l u r a n
p e r a y u
m e r e n u n g k a n n y a
b e r k u r a n g n y a
k e a n e h a n n y a
d i u n d u r k a n
f o k u s k a n
p i n j a m a n n y a
d i p a n a s k a n
u p a h n y a
b a k s o n y a
m e n g e j e k
d i t u n j u k n y a
p e m o h o n
p e r m o h o n a n n y a
p e r s e m b u n y i a n n y a
l e k a t n y a
b e r c o c o k
j a l a n a n
b e r k i l a h
k e l u a r n y a
m e n o d o n g
d i l e m p a r k a n
s a l u r k a n
m e n y e m b u n y i k a n
l i l i t a n
k a r i k a t u r n y a
m e m b a t a s i
d i t e m p e l
d i p e r k i r a k a n
d i l u k i s k a n
d i e n c e r k a n
d a n g d u t n y a
l i r a n y a
p e n y u d u t a n
p e r o k e t a n
d i p a n j a t k a n
m e n g h a d a n g n y a
p e r a m p u n g a n
p e n y e b u t a n
t a m p i l a n
d i g o s o k
m e m p e r d a y a k a n
k e m b a l i k a n
m e n g h a d a n g
p e r s a h a b a t a n
d i p a n t a u
i b u k u
i s o t o p n y a
a l a t n y a
t e k a d n y a
k a w a n n y a
b e r g u n u n g
m e w a s p a d a i
p e t i n j u
p e m b a r u a n n y a
m e m p e r a n a k k a n
p e n g g u n a n y a
m e n g k o n f i r m a s i k a n n y a
k e k e s a l a n
p e n g h u j a t a n
a s a p n y a
m e r i l i s n y a
m e n y e t u j u i
k e p u c a t a n
p e m b i a y a a n n y a
p e n y e m b a h n y a
i s t i l a h n y a
k e l e k a t a n
p e r s e t u j u a n n y a
m e n g a n t o n g i
k e k u r a n g a n n y a
k e t a b a h a n n y a
t e r k e m u d i a n
p e l i a t a n
d i a n j u r k a n
k e p r i b a d i a n
f a v o r i t n y a
k e p e d u l i a n n y a
k o m p e t e n s i n y a
d i c a n t u m k a n
k e t i d a k t e r b a t a s a n
a d i k m u
p e m i l i h a n
s e k a m p u s n y a
m e n a m p a r
s a w i t a n
p e n g e t a h u a n n y a
k e m a s y a r a k a t a n
m e n y a m b u n g k a n
m e n g a n a l i s i s n y a
d i t u d u h k a n
k r i t i k a n n y a
d i j i n j i n g
k e t i d a k p u a s a n n y a
b a d a n k u
m e m u s y a w a r a h k a n
p e n u n g g u
s e n j a n y a
m e n g i s o l a s i k a n
m e r a s a k a n n y a
p o h o n a n
m e n c i n t a i
m e n g u r a i k a n
k a l a n g a n n y a
d i s e m b a h
p e r s a h a b a t a n n y a
m e m u t i h k a n
t e r l i b a t n y a
d i s e b u t k a n
p e n g e t u a
u t a m a k a n
p e r a l a t a n n y a
m e l u b a n g i
m e m u t i h k a n
d i h i m b a u
d u d u k a n n y a
d i l e m p a r
p e m f u n g s i a n
t e m p e l a n
m e n g e t i k k a n
k e m e r i a h a n
m e m p e r s e m p i t
b e r j i b a k u
p e n y e t e l a n
p e n y i m p a n g a n
p e n o m i n a s i a n
b e r m a r t a b a t
m e n g i s a h k a n
k e w i b a w a a n n y a
u t a m a n y a
m e n d a s a r k a n
a n g a n n y a
m e n d i s k r i m i n a s i k a n
p e n o m o r a n
p e m a n t a u
h a f a l k a n
b e r t e n a g a
i b a r a t k a n
s e h a l u s
j a l a n k a n
i n f e k s i n y a
d i t a n a m k a n
k o m p e t e n s i n y a
s e m p r o t k a n
