p e m a n f a a t a n n y a
p e n e n g g e l a m a n
p e r a c u n
h a f a l k a n
t e r i n f e k s i
m e n y i h i r
d e w a n y a
p e m b e k u
t e r k i r a
d i k e l u a r k a n n y a
r u s u k n y a
p e n g h a s i l a n n y a
c e r a i k a n
m e m b a t a s i n y a
d i c a t a t n y a
d i t u n j u k n y a
m e l u k i s
d i t e n a n g k a n
m e n g h a f a l n y a
m e n g k o n d i s i k a n
k e m u r n i a n n y a
d i h a m p a r k a n
k e m b a l i l a h
p e n g i s o l a s i a n
u l a m a n y a
m e n d e m o n s t r a s i k a n n y a
p e m i l i h n y a
a m a n n y a
p e l a k u n y a
m e n g g o d o k
m e r a y u n y a
h o r m a t n y a
g e r a i n y a
d i m u l i a k a n
p o r s i n y a
b e r t e n d e n s i
m e n e n a n g k a n n y a
b e r k r e a s i
p e d u l i k a n
l e m a k n y a
s e k a m p u s
m e n g g u s u r
d i t e r a p k a n
m e m e r i a h k a n
t e r p a n a s k a n
m e n g a d i l i
k o s o n g n y a
k e s e h a t a n n y a
s e g e l a s
m e w a w a n c a r a i
s e d o t a n
h a s i l k a n
p e n g h a s i l n y a
p e n o n t o n
d i b e r l a k u k a n
m e n a m p u n g n y a
d i g e m u k k a n
a n a k m u
s i a n g n y a
s e d u n i a
k o n s t i t u s i o n a l n y a
b e r t a h t a k a n
p a d a t n y a
b e r e b u t
d i k o s o n g k a n
p e s t a n y a
m e n y a r i k a n
b e r s e l u b u n g k a n
s e l a b e l n y a
p e n a n g k i s
m e n g a w a l i n y a
m e n g a w i n k a n
m e r e m b e t
j u r u s n y a
s a n t u n a n
k e u a n g a n n y a
m e n g a k h i r
d i t u n j u k l a h
b e r v a r i a b e l
t e k s n y a
a k h i r a n n y a
b e r s e g e l
t i m u r n y a
p e n g g u n a
d i t a m b a h n y a
d i p a n a s
s i a p k a n
d i p a n g g i l n y a
m e n y e r e t n y a
k e c o c o k a n
m e n y a n g k a n y a
k a l e n g a n
h e b o h n y a
k e n a i k a n
p e n a l t i n y a
k e s a k s i a n n y a
p e l a r i a n n y a
i n t e r a k s i n y a
r e n t a n n y a
f r a k s i n y a
