s y a h i d n y a
p e n y e b a b
m e r a m a i k a n
k e t e r b u k a a n n y a
k e s a n g g u p a n n y a
p e s t a n y a
m e n y e b a b k a n
m e r e a l i s a s i k a n n y a
t e r k e j u t l a h
o n g k o s n y a
b e n g i s n y a
r o b o h n y a
m e n y e m b u r k a n
k e c o n g k a k a n
p a s i r n y a
b e r k e a d i l a n
k a n t o n g n y a
d e p a r t e m e n n y a
p e n g a w a l a n
g e n e t i k a n y a
r a m p u n g n y a
b e r k i l a t
m e r a s a i
s e n t u h n y a
t a m b a k n y a
m e n y e d o t
m u r n i n y a
d i s e b u t k a n n y a
m e m p e r s i a p k a n
r o y a l t i n y a
m o t i v a s i n y a
m e l a r i k a n
m e n u n j u k n y a
k e c i n t a a n n y a
m e n e n g g e l a m k a n
p e n g g u s u r a n
m e n y i m p a n g k a n
b e r a w a n
w i b a w a n y a
h a f a l a n n y a
m e n g a n j u r k a n
d i d u d u k k a n
s e j a l a n
k e c i n t a a n n y a
r a h i m n y a
t e r s e r e t
t e r a s a k a n
m e n g h o r m a t
m e m b e n a m k a n
p e m a n f a a t
k e s i a p a n n y a
d i p e r t u n j u k k a n
t a m b a l a n
k e l u a r k a n
t e t a p k a n
b e r s a m b u n g
l o g i k a w a n
m e m a d a m k a n
r e n u n g a n
p e t u a l a n g a n n y a
s e b a b k a n
d i h a l a n g
m e l e l a h k a n
k e w i b a w a a n
d a h a g a n y a
m e n y i a g a k a n
m e n y e t a r a k a n
m e m e k a k k a n
h a s i l n y a
k e o l a h r a g a a n
d i b a k u k a n
m e r i b u t k a n
m e m p e r s e m b a h k a n
t e r p i l i h l a h
p e n g o l a h a n n y a
s u r a t n y a
a r e a n y a
m e m u l i a k a n n y a
m e m a n f a a t k a n
u a n g n y a
p e n g a m a n a n
p e n a m p i l a n n y a
b e r f u n g s i n y a
b e r g e l a n g
p e n g e n c e r a n
p e n y e m p r o t
r a y u a n n y a
m e n e t a p l a h
d i s a n g k a n y a
k e k u a s a a n k u
d i g e t a r k a n
p e l u k i s n y a
w a k t u n y a
k e t e g a s a n
s e l a r i
m e n g u s i k
p e r b e n d a h a r a a n n y a
t e r p a n t a u
m e m o t i v a s i
f u n g s i k a n
