r a t a a n
p e n y e t a r a a n
b e r o r i e n t a s i k a n
t e r p a n a s k a n
m e n g e m u d i n y a
s e m e r i a h
s a m b u n g n y a
m e l a m b a i k a n
e t i s n y a
m e n e g u h k a n
t e r m a n f a a t k a n
d i r a y u
p e n i d u r
m e m b i r u
m e m u l i a k a n
m e n g i m b a n g k a n
k i r i a n
s a b u k n y a
k e i n g k a r a n
m e n g a n g g a r k a n
c i u m a n n y a
m e n g a n g g u k k a n
k o s o n g n y a
d i r a m p i n g k a n
a r i n y a
m e n g a g e n d a k a n
d a r u r a t n y a
p e n y e b u t
b e r s t a t u s
k e b i a s a a n n y a
l i d a h n y a
m a t e m a t i k a n y a
m e n j a l a n k a n
b e r m e n t a l
m e m p r o m o s i k a n n y a
m e m a l s u k a n
k e a m a n a n n y a
p e m a s y a r a k a t a n
b e r o l a h
m e l a r i k a n n y a
b e r o r i e n t a s i
a m a n n y a
p e r e b u t a n
p e n y e b u t a n n y a
w u j u d k a n
o b y e k n y a
m e n g a b s a h k a n
p e m a n g g i l a n n y a
a m a r a h n y a
b e r d e t a k
e v o l u s i n y a
m e n g g a d a i
p e m b i a y a a n n y a
h a l u s k a n
p e n g e l u a r a n n y a
p e m b u s u k a n
m e n y a n g g a h
m e r a k y a t
m e n g k h i a n a t i
d i s u g u h k a n
m e n e g a k k a n n y a
b i n t a n g m u
m e m b e n g k o k k a n
m e m a k u k a n
d i r a n c u k a n
d i u n d u r k a n
m e n g o r i e n t a s i k a n
r i n t a n g a n n y a
b a t a s a n n y a
j a y a n y a
b a n t a h a n
m e m b i n t a n g i n y a
m e l i u k k a n
k a m p u s n y a
b e r k u k u
s e p e r a n g k a t
k u n i n g n y a
m e m p e r g u n a k a n
b a t a s a n n y a
t e r p o l a
t e r a t u r n y a
d i m i n u m k a n
m e n y e m p i t n y a
m e n c a n t u m k a n
k e g e m u k a n
d i s e i m b a n g k a n
k e a b s a h a n n y a
k u d e t a n y a
m e m a t a n g k a n
b i k i n i
m a l a m n y a
p e n t i n g n y a
f i s k a l n y a
m e n g h i m b a u
r a m p u n g k a n
m e n u n g g u m u
p a l a w a n
k e r i s a u a n
b e r h u r u f
m e m p e r l a k u k a n
