k e t i d a k s e i m b a n g a n
m e n d i s t r i b u s i k a n
p a s a r a n n y a
m e n d u n i a
p r o d u s e n n y a
p r e d i k s i n y a
k e c e m b u r u a n
t e r a n e h
m e m b u s u k k a n
a s a m n y a
m e n e g a s k a n
b e r k u a l i t a s
d i p e r s i a p k a n
r e a k s i n y a
p e n y e l i d i k a n n y a
p e n g u t u b a n
e k s t r a k n y a
p e n y i m p a n g a n n y a
p e r g e l a n g a n
a m a r a h n y a
k e b a n y a k a n n y a
v o k a l n y a
k e m u r a m a n
i s t i l a h k a n
l a k i n y a
m e m a n f a a t k a n n y a
d a r u r a t n y a
p e r s a m b u n g a n
p e r m u l a a n n y a
p i n j a m k a n
m e n c a n t u m k a n
d i r a t a
p e r k e m i h a n
s e m b a h a n
p e l e k a t a n
k e p r a k t i s a n n y a
d i u t a m a k a n
c o r a k n y a
m e n g e j e k n y a
d i u r a i k a n
k e r a k y a t a n
p a d a t a n
t e r w u j u d k a n
p e n g i m b a n g a n
m e n y a r i k a n
m e n d a s a r k a n n y a
m e n g a s a m k a n
m e n g u a n g k a n
k e m e w a h a n
s e m p r o t k a n
d i h a f a l k a n
j i l a t a n
m e m b e n t a n g k a n
p a d a t a n n y a
m e r i b a
m e n c e r a i k a n
p e l e k a t
t e r s u r a t
d i b a b a t
d i l e m p a r k a n n y a
a n t e n a n y a
p e r b a n y a k a n n y a
t e r h a d a n g
p e r k a w i n a n
k e d a r u r a t a n
m e n g i m b a n g k a n
k e p e r g i a n n y a
p e n g g u n a a n
d i t o n t o n n y a
p u t i h n y a
p e l o n t a r
t e r t a n a m
g e n d o n g a n
p e m b e d a h a n
t e t a p n y a
d i g e t a r k a n
k e l a n g s i n g a n
d i c o c o k k a n
d i r a m p u n g k a n
t e r s a n g k a n y a
m e n g a w a l
s u n g a i n y a
t e r k e j u t
b e r e b u t a n
m e m a s a r k a n n y a
m e n d o m i n a s i n y a
m e n g i s t i l a h k a n
k e s e h a t a n n y a
m e l i b a t k a n
m e n d i s t r i b u s i k a n
k u a s a n y a
b e r c o r a k
d i s a m b u n g k a n
l a y a k n y a
m e l a j u k a n
m e n y i m p a n g k a n
m e l i l i t k a n
m e r a n g k a k
d i s u g u h k a n
d i p a l s u k a n
