k e g u n a a n n y a
m e n g g e m p a r k a n
m e n g a m a n d e m e n k a n
t e r s e d o t
a n a k a n n y a
k a p i t a l n y a
e m a n s i p a s i n y a
k e k u n i n g a n
p e l a k u n y a
m e n o l e r a n s i
p e n y e d o t a n
m a d u n y a
u r a i k a n
l i s t r i k n y a
p e r l e k a t a n
m e r u b u h k a n
m e n a k j u b k a n
m e n o m i n a s i k a n
m e n c e r m a t i
s e b a l a
d i l e l a h k a n
b e r s u r a t
k o n f l i k n y a
m e n y u g u h k a n
m e n c o c o k k a n
d i p i l i h l a h
b e r k e b a n g s a a n
p r o m o s i n y a
b e r s e n d a
t e r s e m b u r
k e a l i m a n n y a
m u l i a w a n
m e n y u r a t
t u d u h a n n y a
m e m b e n g k a k
m e n g e j u t k a n
p e d u l i a n
p e m a d a m
k e p e r g i a n n y a
b e r d u r a s i
m e n c e r a i k a n
p e n c i n t a
b e r k e c a m a t a n
b e r k a r u n g
p e n u n j u k a n n y a
d i t e n g g e l a m k a n
t e r a s a k a n
m e r e a l i s a s i
d i h a n g u s k a n
p e m u t i h
k e t e r b u k a a n
k i m i a n y a
m e n c a n t u m k a n n y a
k e m b a l i n y a
b e r p e n g e t a h u a n
m e r i n t a n g i
t e r s e l u b u n g
m e n g g e m p a r k a n
m a s y a r a k a t n y a
m e n a m p i l k a n
k e r a k y a t a n n y a
m e r e s m i k a n
m e m a n j a t k a n
t e r j a n g k a u n y a
p e r s e m b u n y i a n
m a k a l a h n y a
t e r s a n j u n g
t e r p e r c i k
d i p e r s e m p i t
k e r a m a i a n
m e n e n g g e l a m k a n n y a
m e n o b a t k a n
m e n g e m b a l i k a n
d i g o s o k k a n
w u j u d m u
b e r u s u k
k e m b a l i k a n
m e n a m p i l k a n
k a m p u s n y a
d i b e n a m k a n
k e s a l n y a
m e n y e t a r a k a n
t e r s a s a r
p e n o n t o n n y a
k e a s a m a n n y a
m e m b e r l a k u k a n n y a
m e n u n g g u i n y a
p a d i n y a
p e n g g a d a i a n
t e r h a l u s
k e j e n i u s a n n y a
p e c i n t a n y a
p e m b u s u k
p e r s i m p a n g a n n y a
t e r t a m p u n g
p i l i h n y a
p e r c e r a i a n
a m b i s i n y a
p e n y e i m b a n g
m e n g o s o n g k a n
