s e g u n u n g
d i t a m p i l k a n
k e t i m u r a n
d i k e k a l k a n
l i u k a n
m e l e m p a r k a n
b u n d a r a n
d i k a w i n i n y a
s a s a r a n n y a
d i r o b o h k a n
m e n y u d u t k a n
a m b r u k n y a
d i d u d u k i n y a
p e m e r e k a n
k e m u l i a a n n y a
d i i d a p
d u s u n n y a
k e j e n i u s a n n y a
m e n g h e b o h k a n
r i s i k o n y a
m e m p e r s e m b a h k a n n y a
p o l a n y a
d u r a s i n y a
p e n y e b a b n y a
p e d u l i n y a
m e m u a s k a n
m e m u t i h
k r i t i k a n n y a
d i k e l u a r k a n
k u k u n y a
b e r t e g u h
k o n s t i t u e n n y a
p e r d a t a n y a
s e t i m
b e r p a k u
p e n e r a p a n
d i l a n t i k n y a
c a t a t k a n
k e k u r a n g a n n y a
m e r a m p u n g k a n
s e p a n a s
a d i k k u
t e o l o g i n y a
m e n g i k r a r k a n
p e n d i s t r i b u s i a n
t e r s t r u k t u r
m e w a w a n c a r a i n y a
d i l a k u k a n
m e m a n a s k a n
d i t u n j u k k a n
t e n a n g n y a
m e m b e r d a y a k a n
d i t a n a m n y a
p e n y i h i r
m e m f o k u s k a n
t e r b a n t a h k a n
s e p u t i h
p e n g a w a l n y a
p e t i s i n y a
m e n o l o n g n y a
p a s a r n y a
t e r b a t a s n y a
m e l e m p a r i n y a
g e t a r a n n y a
b e r l u b a n g
d i b a n t a h
k e c o c o k a n n y a
b e r a l i a n s i
b e r s u d u t
m e n g u l a s
k e l a l a i a n
m e m f u n g s i k a n
b e r t a m u
m e n y e l i d i k i n y a
t e r f o k u s
s e n j a n y a
m e n j e m u k a n
t e m p e l k a n
i b u n y a
p e n c a n t u m a n
b e r d e b u
m e n a n t i k a n
m e n g h a f a l n y a
k e s y a h i d a n
d o k t r i n n y a
m e n g o m e l
t e n i s n y a
k e r e n t a n a n n y a
p e r e s m i a n n y a
s e m a d a m
d i l i l i t k a n
m e n a m b a h k a n n y a
p e n y e l i d i k a n n y a
m e n y e n t u h k a n
b e r a r s i t e k t u r
d i b e n t a n g k a n
p u t r a n y a
t e r t e m p e l
d i k u r a n g k a n
p e n a n a m a n n y a
m e r a h n y a
k o s o n g k a n
p e n e g a k a n
m e m b i a y a i n y a
p e n g g e m u k a n
s e h a k i k a t
k e t e r a t u r a n
b e r t a h t a n y a
d i u r a i k a n
k a t a l i s n y a
h a l a n g a n
p e n y e m b a h a n n y a
t a n g k i s a n
m e r a m a i k a n
m e n g h i r a u k a n n y a
i n s i n y u r n y a
s a h a b a t n y a
f i g u r n y a
c e m b u r u a n
d i t i r i s k a n
p e d a n g a n
t e r g u s u r
m e l a m b u n g k a n
m e m o h o n k a n
g a d a i k a n
p e n g a w a s a n n y a
k e l u a r k a n
b e r i k r a r
k e t e n t e r a m a n
l a r i a n
k e l a k u a n n y a
p e m a t a n g a n n y a
b u l i r a n
m e m u a s k a n n y a
d a s a r n y a
p e n a m b a h a n
b e r p a n g g u n g
m e m p e r t u n j u k k a n n y a
d i r a n c u k a n
m e m p e r t e g u h
m e m b a h a g i a k a n
m e m a n j a t n y a
j a n g k a u a n n y a
p e n g h a s i l a n n y a
k e t i k a n
m e n g k o n f i r m a s i k a n
b e r u l a s
m e n y i m p a n g n y a
m e n c a b u t n y a
d i k e p a l k a n
t e r a p k a n
m e n i d u r k a n
m e n y e m a n g a t i
t e r c a n t u m
d i p a r u t
h a s i l n y a
m e n d e w a k a n
s e i b u
d i r u g i k a n
b e r k e c a m b a h
p e n y a m b u n g
m e n g a m a n k a n
d i k e p a l k a n
m e m p r i h a t i n k a n
p e m b a t a s a n n y a
g u n a w a n
n u r a n i n y a
m e m u m i k a n
t e r b e b a n
b e r t a h t a n y a
m e m i n j a m n y a
p u a s a n
m e n g u r a s
n u r a n i n y a
m e m p r e d i k s i
p e n d i s t r i b u s i a n n y a
k a k e k n y a
b e r a s a p
e g o i s n y a
d i t e m p e l k a n
w u j u d k a n
m e r e s t u i
m e l e k a t n y a
p e n j e l a j a h a n
m e m a n j a t k a n
k e i s t i m e w a a n
d i p e r h a l u s
d i p e r l a k u k a n
r u s u k n y a
p e n g e m b a l i a n n y a
k e a l i m a n n y a
s e t a r a n y a
d i m u r n i k a n
b e r m u l a n y a
p e n g i m b a n g
k e b a r u a n
m e r a s a
b e r k o m p e t e n s i
d i m i n u m k a n
k e t i d a k t e r a t u r a n
a k t u a l n y a
p e n g e m u d i a n
p u a s n y a
s u m u r n y a
t e r e a l i s a s i k a n
d i u l u r
m e m b a t a s i n y a
p e r e a k s i
a k h i r a n
p a s i r n y a
d i b a n y a k
m e m e n t i n g k a n
m e m a s y a r a k a t k a n
p e r u n d i n g
d i p e r k i r a k a n n y a
p e n e g a s
b e r a g i
s e p u t r a
p e n g e m u d i
m e r e s m i k a n n y a
s a y u r a n
a k h l a k n y a
s u d u t n y a
b e r l i a t
m e n e g a k k a n n y a
k u a n t i t a s n y a
d i r e n u n g k a n
c a n t u m k a n
k e u l a m a a n
m e n g h a p u s k a n
p e r a n a k a n
p e r a g i a n
m e m i n j a m n y a
r a k y a t n y a
p e l a n t i k a n n y a
s e s u a t u p u n
m e n g a w a l n y a
h a r m o n i n y a
m e n e n a n g k a n n y a
m e n g a d a p t a s i n y a
t e t a p k a n
b e r b e r c a k
m e m i n u m n y a
m e l a m b a i k a n
m e n i d u r k a n
k e k o s o n g a n n y a
p e n g a k h i r
e n c e r n y a
b a n g s a w a n n y a
k e i m i g r a s i a n
d i h a f a l k a n
d i h e b o h k a n
d i k i r a n y a
m e n d i v e s t a s i k a n
m e w a h n y a
r e s m i n y a
m e n g h i r a u k a n n y a
m e m p r o p a g a n d a k a n
m e m i n j a m k a n n y a
m e n g a w i n k a n
k e i b u a n n y a
s e m a n g k u k
l a y a k n y a
p e n g u l a s
t u n j u k k a n
b e r l e m a k
m e l a y a n g k a n
m e m p e r t o n t o n k a n
h a n g u s k a n
b e r o k t a n
k e p e n d e t a a n
d i r a s a k a n
b e r i b u k a n
p e r s i a p a n n y a
m e r o k e t k a n
p e r j a l a n a n
k e t u n g g a l a n
m e r u n d i n g k a n
k e c e m b u r u a n n y a
i s t i m e w a n y a
b i n t a n g n y a
d i p i l i h k a n
k e a n g k u h a n n y a
r e a l i s a s i n y a
d i b e k u k a n
p e n g h a l a n g n y a
k e m u l i a a n
p e n g i k r a r a n
t e r a k h i r k u
p e n y e m p r o t a n
p e r t a n a m a n
k a i s a r n y a
d i l e k a t k a n
p e n c a t a t a n
d i l a y a n g k a n
d i t a m p i l k a n n y a
l a b a n y a
m e r a m p u n g k a n
t e r e a l i s a s i k a n
m e m b e d a h
b e n g k o k a n
p r o f e s o r n y a
p e r s a k s i a n
r e f e r e n s i n y a
m e n e n a n g k a n
d i b e n a m k a n
t e r h a p u s k a n
d e b u n y a
t e r k a a n
d i p e r c i k k a n
d i s e n t u h
a n j u n g a n n y a
d i b i a s a k a n
m e m p r o d u k s i k a n
p a n a s k a n
p e n c i u m a n
m e n g h a p u s k a n n y a
m e n u n j u k k a n n y a
k e k a i s a r a n n y a
p i l i h a n n y a
b e r j u d u l k a n
p e n y a r i a n
m e n e t a p i
t e r p a n a s
g u n a n y a
p e j a l a n a n
i n s i d e n n y a
m e n y u r a t i
m e n o l o n g
b e r a k h i r n y a
t e r k u t u b
b e r t o b a t l a h
t e r a k h i r n y a
k e m a s a k a n
p e n g h a d a n g
m a t a n g n y a
m e m p e r s e m b a h k a n
p e m b a r u a n n y a
r i a k a n
m e m b e r l a k u k a n
m e n g i b a r a t k a n
m u r i
m e m o n i t o r
b e r l i s t r i k
p e n g a d i l a n n y a
d o m i n a s i n y a
m e m b i n g u n g k a n
m e n d a t a n g n y a
m e n g a m p u n i
p e r c e r a i a n n y a
s e r p i h a n n y a
d i j i l a t
p e n g g u n a n y a
m e n g u t a m a k a n
m e n c o c o k k a n
m e n y e h a t k a n
m e j a n y a
d i s e b u t
m e m b a k a r
m e r o b o h k a n
t e r o b s e s i
b e d a h n y a
d u d u k a n n y a
k e r a t u a n
k e e k o n o m i a n
a l a m i n y a
l u n t u r n y a
t e r i a k a n
k a w i n n y a
d i b e r l a k u k a n
d i k u r a n g i n y a
j a n g k a u a n
d i m e r i a h k a n
m e m b a b a t
m e n u b r u k
m e n g i s a h k a n
r a h i m n y a
p e n g a d a p t a s i a n
m e n e t a p k a n n y a
m e m b a k a r n y a
t e r g e n c e t
m e n j a n g k a u n y a
d i s e m p r o t k a n
s e n i m a n n y a
s e b a n g s a
m e r o k e t n y a
p e n g e p u n g a n n y a
k a p i t a l n y a
s a y u r a n n y a
p e n g a n j u r a n
m e w a c a n a k a n
p e n c i u m a n n y a
k o n d i s i n y a
m e r a w a n
p e n g e p u n g
s t a b i l i t a s n y a
d i s e m b u n y i k a n
k e h o r m a t a n n y a
d i c e r a i k a n
s e r i a
t o d o n g a n
p e r b a n t a h a n
t e r p e n t i n g
t a m b a h n y a
m e l a r i k a n
m e l a y a n g k a n
d i s e t a r a k a n
b e r m a n f a a t
m e n g a m b i l n y a
b e r l u k i s k a n
k e w a s p a d a a n n y a
t e r p a n a s k a n
d i k e t i k
k e r e t a n y a
k e a b n o r m a l a n
b a k a r n y a
m e m i l i h n y a
g u n u n g a n
p e r t o l o n g a n n y a
s e l e l a h
p e n y e t e l
a l a m i n y a
d i p i n j a m n y a
k e t i k k a n
m e m i n j a m k a n
m e n g a m a n d e m e n
d i b e n a m k a n
m e n g u l u r k a n
p e n j a r a n y a
l u k i s a n n y a
m e l u k i s k a n n y a
k u r a s a k a n
d i p e r s i a p k a n n y a
g o s o k k a n
s e c a n t i k
m e n j a l a n i n y a
k e a m a n a n
k e r u g i a n
p e t i s i n y a
k e n i n g n y a
d i n a i k k a n
k e k e k a l a n
m e n a i k i n y a
d i u t a m a k a n
b e b a n k a n
k e t i d a k l a y a k a n
f r a k s i n y a
r e n u n g k a n
m e n g i m b a n g i
b e b a n k a n
a n a l i s i s n y a
m e m p e r s e m b a h k a n
m e n d a l a n g
m e n d o m i n a s i k a n
s e c e r m a t
s e l n y a
b e r i m i g r a s i
m e n y i m p a n g
m e n g g a n j a l
k e s a n t u n a n
l u b a n g n y a
m e n g a n a l i s i s
k a k e k n y a
s t a b i l i t a s n y a
j a l u r n y a
r a n j a n g n y a
a n g k u h n y a
m e n g h i r a u k a n
a n j i n g n y a
m e r a n c u k a n
d i p a n j a t k a n
t o p i k n y a
p e m b i a s a a n
m a y o r i t a s n y a
d i e l e k t r i k
r e n u n g k a n
t u b r u k a n
k r i t i k a n
u r a i k a n
b e r j u d i
d i k e p a l k a n
p e n g i m p o r
k e h o r m a t a n n y a
m e n y e b a b
d i n a i k i n y a
d i s e b u t k a n n y a
l a k i n y a
p e m b e k u a n
d i l i s a n k a n
k a p a s n y a
m e r i l i s k a n
m e n g i s o l a s i n y a
k e p e n t i n g a n n y a
t a m p i l k a n
b e r m a y o r i t a s
p e m b e n g k o k a n
d e t e k t i f n y a
t a n a m k a n
k e b a n y a k a n
m e m e n t i n g k a n
