j u d i n y a
r a t u n y a
t e r e a l i s a s i k a n
d i h a l u s k a n
a k h i r a n n y a
m e l a k u k a n
m i l i t a n n y a
d i s i s i h k a n
m e m b e n t a n g k a n
a r s i r a n
b e r g o s i p
p e m i n j a m a n n y a
s a b u k n y a
m e m i k a t n y a
d i a s a m k a n
m e m p e r t u n j u k k a n
m e m o h o n n y a
p r i m e r n y a
m e m u c a t
t e t a p a n
c a m a t n y a
a n u n y a
a l a s a n n y a
h a l u s k a n
m e m p e r s i a p k a n n y a
u l a t n y a
m e n g e n i n g
b e r a k h l a k
m e n g e m b a r a
a s a m n y a
m e n a n a m
t e r c a t a t n y a
k e t e g u h a n n y a
p a n a s k a n
m e m v a r i a s i k a n
i s t i l a h k a n
m e n y e m p i t
n a b i n y a
m e m b a k a r i
d i r i l i s l a h
p e r s e m b a h a n
m e n u n j u k k a n
p u t r a k u
p e n d e t a n y a
k e c e r m a t a n n y a
m e r e a l i s a s i k a n
s a n g k a a n
p e n u d u h n y a
m e r a c u n i n y a
p e n g k r i t i k
a n g g u k a n
d a l a n g n y a
t e r u r a i
d i u s i k
s e m p i t n y a
k e i b u a n
p r o p a g a n d a n y a
d i h e b o h k a n
f i s k a l n y a
b e r l a k u n y a
k e g u n a a n n y a
a n u m e r t a n y a
s u p e r i o r n y a
k e l i s t r i k a n n y a
b e r g u g u s
b e n t a n g a n
p e d u l i k a n
p e n o p a n g n y a
r u n d i n g a n
m e n y e m p r o t k a n
m e l i b a t k a n n y a
p e m i l i h a n n y a
i n o v a s i n y a
p e n g a d i l a n n y a
k e p a l a n y a
m e n y u g u h k a n
d i r o b o h k a n
m e n o p a n g n y a
b u j u r n y a
e t i k a n y a
p e m i n u m n y a
k u n i n g a n
m e n y e m b u r k a n
l a r i k a n
t e r a p a n
m e n g h o r m a t i
u t a m a n y a
p e n g h o r m a t a n n y a
m e n g e f e k t i f k a n
p e m a t a n g a n
p e m b a b a t
m e n c o c o k k a n n y a
d i t i d u r k a n
p a n a s k a n
t a h t a n y a
k e m u d i n y a
k o n v o i n y a
p e r s e t u j u a n
k e a r s i p a n
m e r e s m i k a n
p e n a n g g u l a n g a n n y a
s e m e j a
m e n e n t e r a m k a n
k e b a n g s a a n
p e r a n g k a t n y a
s a l u r a n
p e r a y u
m e r e n u n g k a n n y a
b e r k u r a n g n y a
k e a n e h a n n y a
d i u n d u r k a n
f o k u s k a n
p i n j a m a n n y a
d i p a n a s k a n
u p a h n y a
b a k s o n y a
m e n g e j e k
d i t u n j u k n y a
p e m o h o n
p e r m o h o n a n n y a
p e r s e m b u n y i a n n y a
l e k a t n y a
b e r c o c o k
j a l a n a n
b e r k i l a h
k e l u a r n y a
m e n o d o n g
d i l e m p a r k a n
s a l u r k a n
m e n y e m b u n y i k a n
l i l i t a n
k a r i k a t u r n y a
m e m b a t a s i
d i t e m p e l
d i p e r k i r a k a n
d i l u k i s k a n
d i e n c e r k a n
d a n g d u t n y a
l i r a n y a
p e n y u d u t a n
p e r o k e t a n
d i p a n j a t k a n
m e n g h a d a n g n y a
p e r a m p u n g a n
p e n y e b u t a n
t a m p i l a n
d i g o s o k
m e m p e r d a y a k a n
k e m b a l i k a n
m e n g h a d a n g
p e r s a h a b a t a n
d i p a n t a u
i b u k u
i s o t o p n y a
a l a t n y a
t e k a d n y a
k a w a n n y a
b e r g u n u n g
m e w a s p a d a i
p e t i n j u
p e m b a r u a n n y a
m e m p e r a n a k k a n
p e n g g u n a n y a
m e n g k o n f i r m a s i k a n n y a
k e k e s a l a n
p e n g h u j a t a n
a s a p n y a
m e r i l i s n y a
m e n y e t u j u i
k e p u c a t a n
p e m b i a y a a n n y a
p e n y e m b a h n y a
i s t i l a h n y a
k e l e k a t a n
p e r s e t u j u a n n y a
m e n g a n t o n g i
k e k u r a n g a n n y a
k e t a b a h a n n y a
t e r k e m u d i a n
p e l i a t a n
d i a n j u r k a n
k e p r i b a d i a n
f a v o r i t n y a
k e p e d u l i a n n y a
k o m p e t e n s i n y a
d i c a n t u m k a n
k e t i d a k t e r b a t a s a n
a d i k m u
p e m i l i h a n
s e k a m p u s n y a
m e n a m p a r
s a w i t a n
p e n g e t a h u a n n y a
k e m a s y a r a k a t a n
m e n y a m b u n g k a n
m e n g a n a l i s i s n y a
d i t u d u h k a n
k r i t i k a n n y a
d i j i n j i n g
k e t i d a k p u a s a n n y a
b a d a n k u
m e m u s y a w a r a h k a n
p e n u n g g u
s e n j a n y a
m e n g i s o l a s i k a n
m e r a s a k a n n y a
p o h o n a n
m e n c i n t a i
m e n g u r a i k a n
k a l a n g a n n y a
d i s e m b a h
p e r s a h a b a t a n n y a
m e m u t i h k a n
t e r l i b a t n y a
d i s e b u t k a n
p e n g e t u a
u t a m a k a n
p e r a l a t a n n y a
m e l u b a n g i
m e m u t i h k a n
d i h i m b a u
d u d u k a n n y a
d i l e m p a r
p e m f u n g s i a n
t e m p e l a n
m e n g e t i k k a n
k e m e r i a h a n
m e m p e r s e m p i t
b e r j i b a k u
p e n y e t e l a n
p e n y i m p a n g a n
p e n o m i n a s i a n
b e r m a r t a b a t
m e n g i s a h k a n
k e w i b a w a a n n y a
u t a m a n y a
m e n d a s a r k a n
a n g a n n y a
m e n d i s k r i m i n a s i k a n
p e n o m o r a n
p e m a n t a u
h a f a l k a n
b e r t e n a g a
i b a r a t k a n
s e h a l u s
j a l a n k a n
i n f e k s i n y a
d i t a n a m k a n
k o m p e t e n s i n y a
s e m p r o t k a n
m e m a d a m k a n
m e n g a w a l i
b e r j e l a j a h
i s t i m e w a n y a
m e n e g a s k a n
m e n g u p a y a k a n
k i p a s a n
p e r g u n d i k a n
k e k a l a n
d i c a n t u m k a n
t e g a s k a n
k e m b a l i k a n
p e n g e m b a r a a n
m e n e t a p k a n
d i b i a s a k a n
t e r p i l i h n y a
d i b e k u k a n
m e w a s i a t k a n
k e j a y a a n n y a
t a m p i l k a n
m e n a m p i l k a n
b e r a n g a n
m e n g h a f a l k a n
m e n g u a n g k a n
d i t i d u r k a n
m e m e r a h k a n
p e m a n j a t a n
p e m a n j a t
m e m u l a k a n
k a m e r a n y a
m e n g u r a n g i
d i b a k a r n y a
m e l i b a t k a n
j a g u n g n y a
s e b i s a n y a
m e n g u p a y a k a n
p e n g g u g u s a n
b e k u a n
b e r b a n t a h
p e r n a s k a h a n
d i m i n u m k a n
k e l a y a k a n
m e m u l i a k a n
k i s a h k a n
c a n t i k n y a
b a h a g i a n y a
b a k s o n y a
m e n g e j u t k a n
m e n e g a k k a n
t e g a k k a n
t i d u r k u
p e n j a n g k a u a n
k u a l i t a s n y a
r a k y a t k u
d i s i a g a k a n
m e n o m o r i
m e r i b u t k a n
m u l i a k a n
d i k e j u t k a n
t e r g a n j a l
b e r t o b a t
d i h a l u s k a n
p e d a n g n y a
p e m a s a r a n n y a
t e m p e l k a n
m e n e m p e l k a n
a n a k n y a
d i l e k a t i n y a
t e r b a n y a k
d i k e j u t k a n
d i t e n a n g k a n
p e n c o c o k a n
m a y o r i t a s n y a
m e n y u d u t k a n
t e r h o r m a t
m e m i l i h m u
p e n u n g g a l a n
d i s u g u h k a n
m e l e k a t k a n
a n a k a n n y a
l a m b a i k a n
d i p e r e b u t k a n
p r o d u s e n n y a
t e r s a l u r k a n
d i p e r e b u t k a n
k e s e h a t a n
d i g a d a i k a n
k e m e n t e r i a n n y a
s e p e n t i n g
s e s u a t u n y a
m e n g a s a m k a n
b e r t a k w a l a h
s t a t u s n y a
i d e n t i k n y a
k e s i a n g a n
d i h i r a u k a n
d u r a s i n y a
b a h a g i a n y a
e l e k t r i k n y a
t u n g g a l n y a
m e m b u s u k k a n
p e n g u t a m a a n
p e l a t u k n y a
d i t a m p i l k a n
b e r s e m a n g a t
m e r o k e t k a n
m e n j a l a n i
d i p a n a s k a n
m e l e n c e n g
a n j u r k a n
m e m p e r e b u t k a n
m e n y i a g a k a n
d i t a n a m k a n n y a
d i t e r j a n g
d i t e n a n g k a n
i n s i d e n n y a
r i l i s n y a
p e n g e m b a l i a n
p e n y a m b u n g a n
m e m b e n a m k a n
s e k u r a n g n y a
b u l i r n y a
g e j a l a n y a
d i t u b r u k
k e s e t a r a a n
m e n y e m p i t k a n
m e n g e l i m i n a s i
k e r a k y a t a n n y a
s o s i a l n y a
s o s i a l n y a
m e n g a m a n k a n
m e n y a l u r k a n
d i u n d u r k a n
m e n g o s o n g k a n
m e r e b u t k a n
h a m p a r a n
p e n y e b a b n y a
d i m u r n i k a n
m e r i s a u k a n
d i t a m b a h k a n
m e n g u n d u r k a n
m e m e r i a h k a n
d i a m b i l k a n
s e n t u h a n n y a
d i k e m b a l i k a n
d i p e r c i k k a n
d i r e s m i k a n
d i r e s m i k a n
m e n g a w i n k a n
m e l e k a t k a n
k u a n t i t a s n y a
p e r e k o n o m i a n n y a
d i s a n g k a k a n
t e o l o g i n y a
d i p e d u l i k a n
s e h a l a m a n
d i p e d u l i k a n
l i b a t k a n
v a r i a s i n y a
p e n i r i s a n
d i t a m p i l k a n
m a l a m a n
m e n y e b u t k a n
k e a s a m a n n y a
f o k u s k a n
a m a n k a n
d i h a n g u s k a n
m e m a n a s k a n
m e n y u g u h k a n
d i k e m b a l i k a n
a n j u r k a n
a m b i l k a n
k e m a t a n g a n
b e r p u t r a
p a n e l n y a
p e r l a k u a n
p e n y a n t u n a n
a r t i k e l n y a
i n d e k s n y a
l o n t a r a n
d i b e n t a n g k a n
m e r e n u n g k a n
l o n t a r k a n
o m o n g a n n y a
l e m p a r k a n
a m b i l k a n
d i b e k u k a n n y a
p e n g a b s a h a n
k e a b s a h a n
l o r o n g n y a
p e n y i l i h a n
m e m a n t a u
p r o f e s o r n y a
d i m e r i a h k a n
s a r i n y a
m e r a m p u n g k a n
p a n e l n y a
d i s e m b u r k a n
k e d e w a a n n y a
r e a l i s a s i n y a
k o n s t r u k s i n y a
d i t a n a m k a n n y a
m e n g i n g k a r i n y a
d i a m b i l n y a
k e p e n t i n g a n
d i s e m b u r k a n
p e r a s a a n k u
f i g u r a n
d i r a n c u k a n
d i r u n d i n g k a n
p e r c i k a n
b e r d a s a r k a n
a l a t n y a
t i d u r a n
m e n t a l n y a
a n j u r a n n y a
d i u r a i k a n n y a
t e r u r a i n y a
m e m b i n t a n g i
d a n g k a l a n
p e n d a n g k a l a n
p e n y e l e k s i a n
p e n y e l e k s i
s u r u h a n n y a
o l a h a n
m e m a t a n g k a n
t e r f a v o r i t
p e r i l i s a n n y a
b e n a m a n n y a
s i s i h k a n
m e n y i s i h k a n
m e r e s t u i n y a
h a n g u s k a n
a n t e n a n y a
p r o m o s i n y a
d i l e k a t k a n
d i l a r i k a n
o m o n g a n n y a
p e n o m o r a n n y a
e v o l u s i n y a
m e n g i m b a n g i n y a
m e n g e n c e r k a n
m e n g e n t a l k a n
k e m a s a m a n
m a n f a a t k a n
m e r a h a n
m e l a m b a i k a n
d i t u d u h n y a
d i r e b u t n y a
f u n g s i k a n
m e n g i s t i l a h k a n
r e v o l u s i o n e r n y a
a g e n d a n y a
k e t e l e d o r a n
b a d a n m u
m e m p e r g u n a k a n
k i s a h n y a
m e m b e n t a n g i
k e r a m a h a n
c a n t u m k a n
o t o m o t i f n y a
p e n o b a t a n
p e r t o b a t a n
m e r u n d i n g k a n
m e n g e n c e r k a n
k e m u r i d a n
p e r u n j u k a n
r a h a n g n y a
l a z i m n y a
p e n y e b u t n y a
t e r s e n d a t n y a
u p a h n y a
l o g i k a n y a
d i b e n g k o k k a n
m e r e n u n g i
t u n g g a l n y a
d i l e m p a r k a n
p e l u k i s n y a
p e r s e j a j a r a n
m e n g h a p u s
s i s i h k a n
d i l e m p a r k a n
r o d a n y a
s e i m b a n g n y a
d i r a m p u n g k a n
k o m i s i n y a
b e r w a s p a d a
t e r p e n t i n g n y a
m e n g g u n a k a n
m a r t a b a t n y a
m e n g u t a m a k a n
m e n o p a n g
b e r t o p a n g
k a w a n k u
m e n g i k r a r k a n
i k r a r k a n
t e r m o t i v a s i
g e l a n g n y a
k e g u n a a n
p e n y e b u t a n n y a
p e n y e b u t n y a
g u n d i k n y a
i k r a r k a n
m e n g e s a l k a n
d i p e r l a k u k a n
m e m e n t i n g k a n
j u d u l n y a
m e m a s y a r a k a t
j u r u s a n n y a
d i s e m p r o t k a n
m e l u k i s k a n
s a r a f n y a
s a k s i n y a
p e n g u n d u r a n
b e r a c u n n y a
m e m b e n g k o k k a n
m e n g u r a n g
s u r a t n y a
g e t a r a n
p e r k i r a a n n y a
k e a m a n a n n y a
d i h a n g u s k a n
m e m p e r e b u t k a n n y a
b e r l u k i s k a n
m e l u k i s k a n
m e n g u a s a i n y a
d i b e r l a k u k a n n y a
d o m i n a s i n y a
b a n g s a w a n
m e l e m p a r k a n n y a
d i p a n g g i l k a n
p e r e k o n o m i a n
s e l e k s i n y a
p e n g g o s o k
d i r a m p i n g k a n
t e r t i d u r n y a
m e n j e m u k a n
a k u r a s i n y a
p e n g h a f a l
k e m u d i n y a
d i l i b a t k a n n y a
m e n g h a f a l k a n
r a k e t n y a
k i s a h k a n
m e n g i s a h k a n
p e n g a n a l i s i s a n
p e n y e m a n g a t
p e n j a r a k a n
d i l o n t a r k a n
b i k i n a n
p e n j a r a k a n
d i h o r m a t i n y a
d i s i a p k a n
d i p a n g g i l k a n
m e m e r c i k k a n
p e n g a m p u n a n
m e l e k a t k a n
p e n g k h i a n a t a n n y a
m e m p r o m o s i k a n
m e m b a n t a i n y a
d i s i a p k a n
p e l a n t i k a n n y a
w a c a n a n y a
m e n y e m p r o t k a n
r i t m e n y a
k s a t r i a n y a
i n f e k s i n y a
m e n g i d u n g k a n
m e n o n t o n n y a
m e m b i n g u n g k a n
n o m i n a s i n y a
t e r t i d u r n y a
d i p e r l a k u k a n
m e l a m b u n g k a n
i m i g r a s i n y a
b e r k a n t o n g
k e l u a r a n n y a
k e t e n a n g a n
p e n e n a n g
k e h a l u s a n
m e n y u r u h n y a
t e r t i n g g a l n y a
b e r d e m o n s t r a s i
k e b i a s a a n
t e n a g a n y a
d i t e g a k k a n n y a
m e n y e t a r a k a n
d i f a v o r i t k a n
p e m a k a l a h
t a m p u n g n y a
p e n j a r a k a n
l a m b a i a n
k e k e n t a l a n
k e m u l i a a n n y a
m e n o b a t k a n n y a
d i l e l a h k a n
m e m a n g g i l n y a
t e r k e j u t n y a
b e r t a n d a n g
m e m e c a t n y a
d i t u n j u k k a n n y a
d i t u n j u k a n n y a
a d a p t a s i n y a
r a m p u n g k a n
p e n c a n t u m a n n y a
s a h a b a t n y a
n o m i n a s i n y a
m e n g u r a n g k a n
k e d e n g k i a n
m e m b a h a g i a k a n
l u b a n g n y a
m e m a n a s k a n n y a
c e r a i k a n
d i s e j a j a r k a n
k a w a s a n n y a
p e n g a s a p a n
m e n g e l u a r k a n
d i s a n g k a k a n
p e n e t a p a n n y a
v a l i d i t a s n y a
m e n g a g e n d a k a n
m e n g a n g g a r k a n
m e n d u d u k k a n
r o m a n t i s n y a
m e n g i n g k a r i n y a
k e p e s a t a n
t i n j u n y a
d i s e j a j a r k a n
m e m b e k u n y a
m e m b e k u k a n n y a
m e r o k e t n y a
l i t e r a t u r n y a
k e l e l a h a n
d i k a w i n i n y a
k o o r d i n a t o r n y a
a n j u r a n
m e n g g o s o k n y a
p e n g a w a l n y a
p e n g k h i a n a t a n n y a
d i r a s a n y a
p e r t u n j u k a n n y a
b e r k h i a n a t
m e n y e b u t k a n n y a
k e a k u r a s i a n
m e n g g u n a k a n n y a
b a n g s a n y a
s a m p u l n y a
k e i s t i m e w a a n n y a
i m p o r n y a
k o o r d i n a t o r n y a
l a m b u n g n y a
m e m p e r g u n a k a n n y a
m e n c a n t u m k a n
p e n g h a d a n g a n
k e l i s t r i k a n
p e m b a n t a i a n
k e u m a t a n
n a s k a h n y a
p e m e n j a r a a n
t e r e a l i s a s i n y a
m e n g a m p u n i n y a
m e n a m p i l k a n n y a
m e n g i n s p i r a s i k a n
k e b i n t a n g a n n y a
b i n t a n g n y a
s e k t o r n y a
m e r e f e r e n s i k a n
m e n y a m b u n g k a n
d i t u n j u k a n n y a
p e r e b u t
c e r a i n y a
p e n g h a p u s a n
b i o g r a f i n y a
t a m p i l a n n y a
n a s k a h n y a
k o m o d i t a s n y a
k e l a y a k a n n y a
d i t e n g g e l a m k a n
j a m b a k a n
m e n g u a s a i n y a
b e r k u a s a n y a
t e r d i s t r i b u s i
p e r b e n d a h a r a a n n y a
m a t e m a t i k a w a n
m e m b e d a h n y a
b e r t a m b a h n y a
m e n g k r i t i k n y a
k e c a n t i k a n n y a
k e b a k a r a n n y a
p e n a n a m a n n y a
t a n a m a n n y a
p e n e t r a s i n y a
k e b e n i n g a n
m e n g k o n d i s i k a n
s e l u b u n g n y a
k e m a s y a r a k a t a n n y a
s e m b u n y i k a n
k e p r i h a t i n a n n y a
d i p e r s e m b a h k a n
d i n a i k i n y a
b e d a h n y a
d i t a m b a h k a n n y a
s a w i t n y a
i m p o r n y a
m e n d e m o n s t r a s i k a n
b e r v a r i a s i n y a
d i k e l u a r k a n n y a
m e n u n g g u n y a
t u n g g u n y a
m e n u n g g u i n y a
b e r s e l u b u n g k a n
p e r t u n j u k a n
m e n u n g g u n y a
s a m b u n g a n n y a
k e m a s y a r a k a t a n n y a
d i c a n t u m k a n n y a
k e a n g k u h a n n y a
b i a y a n y a
f u n g s i k a n
k e a l a m i a n n y a
k e a d i l a n n y a
s u d u t n y a
m e n a m b a h n y a
t a m b a h a n n y a
p e n a m b a h a n n y a
i g a n y a
t e r h a l a n g n y a
m e n e r a p k a n n y a
m e n a n a m n y a
m e n a n a m i n y a
m e n a n a m k a n n y a
t a n a m n y a
m e r e a l i s a s i k a n
l u d a h n y a
b e r z a k a t
t a m b a k a n
m e n g a d a p t a s i k a n
m e n g o r i e n t a s i k a n
m e n g e f e k t i f k a n
t e m b o k n y a
m e n y i m b o l k a n
m e n y a m b u n g k a n n y a
p e t u a l a n g a n m u
h a l a m a n n y a
u a n g n y a
m e n y i m b o l k a n
p e m b a n t a h a n
m e n y i m b o l k a n
b e r k e d u d u k a n n y a
k e t e n t a r a a n n y a
t e n t a r a n y a
p a n t a u a n
p e m a n t a u a n
d u d u k n y a
m e n y u r a t i n y a
m e n e n g g e l a m k a n
p e r s i m p a n g a n
p e l e c e h a n
m e n c a m p a k k a n n y a
m e n g i n s p i r a s i k a n
k u r a s a k a n
k e t e r b a t a s a n
a d i k n y a
b e r o r i e n t a s i k a n
t e n a g a n y a
m e n g a d a p t a s i k a n n y a
k e c a m a t a n n y a
m e n d e m o n s t r a s i k a n
m e m b i n t a n g i n y a
m e r o b o h k a n n y a
p e r i s t i l a h a n
k e t i d a k s e t u j u a n
d a n g d u t a n
k e a d i l a n n y a
p e n e g a k a n n y a
p e l u k i s a n
m e m v a r i a s i k a n
d i s e m b u n y i k a n
a l a s a n n y a
m e n c a n t u m k a n n y a
t e r w u j u d l a h
p e n y i a p a n n y a
p e r b i n t a n g a n
p e r b a t a s a n n y a
b a t a s n y a
p a r a m i l i t e r n y a
j a n g k a u n y a
j a n g k a u n y a
m e n j a n g k a u n y a
p e m i n j a m a n n y a
b e r k a h n y a
b u m b u n g a n
m e n g e m u d i k a n n y a
k a m b i n g a n
k e s e i m b a n g a n n y a
p i n j a m a n n y a
k e k e s a l a n n y a
m e m b e n g k a k n y a
t e r b e n a m n y a
m e n g u l i t i n y a
g a w a n g n y a
m e m p e r t u n j u k k a n n y a
u t a m a k a n
t e r d i s t r i b u s i k a n
s y a h i d n y a
m e n a m p a r n y a
m e n g a m a n d e m e n k a n
k e e f e k t i f a n n y a
m e n y e g e l n y a
l u k i s n y a
m e l u k i s n y a
m e l u k i s k a n n y a
p e n g a l e n g a n
k e b i n g u n g a n
d i r e s m i k a n l a h
p e n c a b u t
m e n y e i m b a n g k a n
k o n f l i k n y a
m e l a k u k a n n y a
p e m b a n g k a n g a n n y a
m e m o t i v a s i n y a
m e n g k l a r i f i k a s i k a n
m e n d i s k r i m i n a s i k a n
m e n g e p u n g n y a
m e n d o m i n a s i n y a
p e n c i u m a n n y a
b e r k a h n y a
p e n g e t a h u a n n y a
k e h e b o h a n
m e n g e p u n g n y a
d i h a p u s k a n n y a
k e t e n a g a a n
m e n y a n g g u p i n y a
c a t a t a n
p e r s i a p a n
m e m a d a m k a n n y a
m e n u n j u k k a n n y a
t e r j a n g a n
k r e a s i n y a
m e n y e b a b k a n n y a
i s o t o p n y a
b e r l a k u n y a
m e n g k h i a n a t i n y a
m e n g e m b a l i k a n n y a
m e n g k l a r i f i k a s i k a n
m e n g k o n f i r m a s i k a n
m e n g h a s i l k a n n y a
s a k s i n y a
k e s a k s i a n n y a
p e w a w a n c a r a
m e m p e r s i a p k a n n y a
m a n f a a t n y a
n a s i b n y a
p e l a n t a n g
m e n i d u r i n y a
i s t i l a h n y a
m e n g k h i a n a t i n y a
m e m p r o d u k s i n y a
k e m e w a h a n n y a
m e r e v o l u s i o n e r k a n
l o n c e n g n y a
p e n y e m b a h a n n y a
p e r s e m b a h a n n y a
m e n a n g g u l a n g i n y a
k s a t r i a a n
s e r v i s n y a
p i u t a n g n y a
s e r v i s n y a
p e n g a p i a n
p e r a p i a n
p a n g g u n g n y a
k e l a l a i a n n y a
p a n g g u n g n y a
m e m a n f a a t k a n n y a
m e m p e r k i r a k a n n y a
m e n g i r a n y a
k e b a k a r a n
b a k a r a n
p e m a l s u a n
p e m a l s u
k e t i d a k c o c o k a n n y a
u t a n g n y a
s e k a n t o n g
s e k a n t o n g
t e r p e n u h i n y a
m e n y e m p i t n y a
k e w a s p a d a a n n y a
p e r m a s y a r a k a t a n
k e n a k a l a n n y a
k e l a l a i a n n y a
p e n g h a l a n g n y a
k e t i d a k s e t a r a a n
p a n g g i l a n n y a
b e r l a k u k a n
l a k u k a n
m e m p e r l a k u k a n
p e n g o l a h a n n y a
p e r t e l e v i s i a n
k e a n e h a n n y a
t i m n y a
p e r l a k u a n n y a
p e r s i m p a n g a n n y a
p e n g a m p u n a n n y a
t a m b a n g n y a
p e r t a m b a n g a n n y a
p e n a m b a n g a n n y a
k e d u s u n a n
s a p i n y a
b e d a h a n
p e m b e d a h
t e g a k a n
k e m a t a n g a n n y a
m e n a i k k a n n y a
n a i k n y a
m e n a i k i n y a
d i a m b i l n y a l a h
b e r l a k u
m e n a k j u b k a n n y a
k e c e r m a t a n
m e n a i k n y a
p e r b a r u a n
m e m e d u l i k a n n y a
m e n y a n j u n g n y a
d i s u r u h n y a l a h
s e r p i h a n n y a
k e t e r t i n g g a l a n n y a
m e r u n d i n g k a n n y a
g u n a n y a
d i s i a p k a n n y a
m e m u a s k a n n y a
b a t a s a n
p e m b a t a s
p e c i n t a
m e m b e r l a k u k a n
k e b e r k a h a n
m e n o m i n a s i k a n n y a
m e m p e r a n a k k a n
p a n g g i l a n m u
p e m b e n d a h a r a a n
p e n y e m b u n y i a n
m e n y e m b u n y i k a n n y a
m e r e a k s i k a n n y a
d i s i a p k a n n y a
m e n g u r a i k a n n y a
p e m o h o n a n
m e n c i u m n y a
m e n c i u m n y a
k e w u j u d a n
p e w u j u d a n
m e n y e m b a h n y a
