آ م ِ ل َ ة
آ م ِ ل َ ة
ث َ ع ْ ل َ ب ا ت ِ
آ م ِ ل َ ة َ
ا ل ب ا ه ِ ظ
أ َ ب ْ ه َ ى
ت َ ح ْ ت َ ل ّ ُ
ت َ ص َ ف ّ ُ ح ٌ
ي َ ح ْ ت َ ل ّ َ
ي َ ح ْ ت َ ل ِ ل ْ
ت َ ح ْ ت َ ل ّ ا
ت َ ح ْ ت َ ل ِ ل ْ
ت َ ح ْ ت َ ل ّ ا ن ِ
ت َ ن ا ق ُ ض ُ
ت َ خ ْ ت َ ب ِ ر ا ن ِ
ت َ ح َ ر ّ ِ ي ا ت
ت ِ ن ّ ِ ي ن ٍ
ت َ ط ْ ب ِ ي ع ِ
أ َ خ ْ م َ ص ِ
ا ل ب ا ه ِ ظ ا
ي ُ ن ْ ه ِ ض ُ
ي ُ ن ْ ه ِ ض ا
م َ ش ْ ر َ ف ٌ
ث َ ع ْ ل َ ب ا ت
ت ِ ن ّ ِ ي ن ا
ت َ ح ْ ت َ ل ّ ا ن ِ
ت َ ط ْ ب ِ ي ع ٌ
أ َ س ْ ل َ م َ ة َ
م َ ش ْ ر َ ف َ ي ْ ن ِ
ا ل إ ِ ي د ا ع ا ت ِ
ث َ ع ْ ل َ ب َ ة ً
ت َ ط ْ ب ِ ي ع ا ن ِ
ث َ ع ْ ل َ ب َ ة ُ
ا ل آ م ِ ل
ث َ ع ْ ل َ ب ا ت ُ
آ م ِ ل
ا ل آ م ِ ل ِ
ث َ ع ْ ل َ ب َ ي ْ ن ِ
ا ل ب ا ه ِ ظ َ ي ْ
آ م ِ ل
ا ل آ م ِ ل ِ
أ َ ن ْ ه َ ض ْ ن ا
ف ُ ن ْ د ُ ق ِ ي ّ ِ
ف ُ ن ْ د ُ ق ِ ي ّ َ
ف ُ ن ْ د ُ ق ِ ي ّ َ
ث َ ع ْ ل َ ب َ ت َ ي ْ ن ِ
ا ل آ م ِ ل ِ
ت َ ح َ ر ّ ِ ي ا ت ُ
ا ل آ م ِ ل َ
ت َ ط ْ ب ِ ي ع َ ي ْ ن ِ
ف ُ ن ْ د ُ ق ِ ي ّ َ ي ْ ن ِ
ت ِ ن ّ ِ ي ن َ ي ْ ن ِ
ف ُ ن ْ د ُ ق ِ ي ّ ا ت ِ
ف ُ ن ْ د ُ ق ِ ي ّ ا ت ُ
ف ُ ن ْ د ُ ق ِ ي ّ ا ت ِ
ا ل غ َ ز ّ ِ ي ّ َ ت َ ي ْ
ت ُ ف ْ ن ِ ي ا
آ م ِ ل ٍ
ا ل آ م ِ ل َ
أ َ ب ْ ه َ ي ا ن ِ
ا ل أ َ ب ْ ه َ ي ا
أ َ ب ْ ه َ ي َ ي ْ ن ِ
ض َ ر َ ر ُ
ض َ ر َ ر
آ م ِ ل َ
ل َ م ْ س ِ
آ م ِ ل ِ
آ م ِ ل ِ
ت ُ ف ْ ن َ
م ُ ع ْ ط ِ ي َ ي ْ
م ُ ع ْ ط ِ ي َ ي ْ
م ُ ع ْ ط ِ ي ا ت ِ
ل َ م ْ س َ
ت ُ ف ْ ن َ ى
ر ِ ي ف ِ
ا ل آ م ِ ل ُ
أ ُ ف ْ ن ِ
م ُ ع ْ ط ِ ي
ا ل آ م ِ ل ُ
آ م ِ ل ٌ
آ م ِ ل ا ت
ت ُ ف ْ ن ِ ي َ
م ُ ع ْ ط ِ ي َ ة َ
ح ِ ص َ ص َ
ح َ ر ِ ج ٍ
ط َ م ْ س
ل َ م ْ س ُ
ح ِ ص َ ص َ
آ م ِ ل ا
ت ُ ف ْ ن ِ ي
ا ل و َ ك ِ ي ل
م ُ ع ْ ط ِ ي ا
ج َ م ْ ع ِ ي ّ َ ة
ن َ م َ ل ّ َ
ن َ م ْ ل َ ل ْ
آ م ِ ل ا ت
د َ ر ّ َ س َ
ج َ م ْ ع ِ ي ّ َ ة ً
د َ ر ّ َ س ا
ض َ ر َ ر ُ
م َ ل ِ ل ْ ت ِ
ر ا ب ِ ط ِ
ر ا ب ِ ط ُ
ط َ م ْ س َ
م ُ ع ْ ط ِ ي َ ة ِ
ر ا ب ِ ط ا
م ُ ع ْ ط ِ ي َ ي ْ ن ِ
ي ُ ف ْ ن َ ي ْ ن َ
و َ ك ِ ي ل ٍ
م ُ ع ْ ط ِ ي َ ت ا
م ُ ع ْ ط ِ ي َ ي ْ
س َ ل ِ ي ف ِ
ت ُ ن ْ ه َ ض ا
ت َ م َ ل ّ َ
م ا ئ ِ ع ِ
ح ِ ص ّ َ ة
ت َ ن ا ن ِ ي ن
ب ا ه ِ ظ ِ
ح ِ ص ّ َ ة
ب ا ه ِ ظ ُ
ب ا ه ِ ظ ُ
ا ل ض ّ َ ر َ ر ُ
ر ُ ز ّ َ
ت َ ح ْ ف ِ ي ز ٌ
آ م ِ ل َ ة َ
ا ل ر ّ ِ ي ف
م ُ ت َ س ا ب ِ ق ا ت
ت َ ح ْ ف ِ ي ز ُ
ا ل آ م ِ ل ا ت ُ
ح ِ ص ّ َ ة
م ُ ع ْ ط ِ ي ا ت
ل َ م ْ س ا ً
م َ ل ِ ل ْ ت ُ
ت ُ ف ْ ن ِ ي ن َ
ر ا ب ِ ط ا ت ٍ
ع َ ر ّ ا ب ِ
س َ ل ِ ي ف ا ت
ر ا ب ِ ط َ ة
س َ ل ِ ي ف ِ
آ م ِ ل ُ و ن َ
ح َ ر ِ ج ِ
آ م ِ ل ا ن ِ
ا ل آ م ِ ل ا ت ِ
ح َ ر ِ ج َ
ا ل آ م ِ ل ا ت ِ
أ َ ف ْ ن َ ي ْ ت ُ م ا
إ ِ ع ا ش َ ة
ي ُ ف ْ ن َ ى
ر ا ب ِ ط ا ت
أ َ ف ْ ن َ ى
س ُ ل َ ف ا ء َ
س َ ل ِ ي ف ا ت ٍ
ت َ م َ ل ّ َ
س َ ل ِ ي ف ا ت ٌ
ش َ ر ا س َ ة
ا ل آ م ِ ل ا ت ِ
آ م ِ ل َ ت ا
و َ ك ِ ي ل ا
ت َ ح ْ ف ِ ي ز ا ت ٍ
ح َ ر َ ك َ ة ٌ
ا ِ ت ّ ِ ه ا م ِ ي ّ ٍ
ا ل آ م ِ ل َ ي ْ
ت َ ح ْ ف ِ ي ز ا ت
ح ِ ص ّ َ ة ٍ
ح َ ر َ ك ا ت ٌ
م ا ئ ِ ع َ ة
إ ِ ث ا ر ا ت ٍ
إ ِ ث ا ر َ ة ٌ
آ م ِ ل ا ت ُ
ي َ ح ْ ت َ ل ّ ا ن ِ
ر ا ب ِ ط ا ن ِ
ح َ ر ِ ج ا ً
ح ِ ص َ ص ٍ
ر ا ب ِ ط ِ ي
و َ د ّ َ ع ا
ا ِ ت ّ ِ ه ا م ِ ي ّ َ ي ْ ن ِ
م ُ ت َ د ا ع ِ ي َ ة ِ
و َ ك ِ ي ل ا ت ٍ
م ُ ع ْ ط ُ و ن َ
ا ل م ا ئ ِ ع ِ
أ َ ب ْ ه ا
ب ا ه ِ ظ ِ ي
ت َ ك ْ ذ ِ ي ب ِ
أ َ خ ا م ِ ص ِ
ا ل ح َ ر َ ك َ ة
ح ِ ص ّ َ ة ُ
ا ِ ت ّ ِ ه ا م ِ ي ّ َ ة ِ
آ م ِ ل ا ت ِ
آ م ِ ل ا ت ِ
ا ل آ م ِ ل ا ت
إ ِ ع ا ش ا ت
أ َ ب ْ ه ا
ب ا ه ِ ظ ا ت
ي ُ ف ْ ن ُ و ا
ت َ ك ْ ت ِ ي ل ٍ
ا ِ ت ّ ِ ه ا م ِ ي ّ َ ت ا
إ ِ ث ا ر َ ة ِ
ا ل أ َ ر َ ق ّ ُ
م َ ش ْ ر َ ف
ا ِ ت ّ ِ ه ا م ِ ي ّ ا ن ِ
ت َ ق ْ ت َ ف ِ ي
ا ِ ت ّ ِ ه ا م ِ ي ّ َ ت َ ي ْ
ت َ ق ْ ت َ ف ِ ي ْ ن َ
ب ا ه ِ ظ ا ت ٌ
ص َ ر ا م َ ة
م َ ل ِ ل ْ ت ُ م
ت َ ق ْ د ِ ي م ٌ
م َ ش ا ر ِ ف َ
إ ِ ع ا ش ا ت ُ
ت َ ن ا ق ُ ض َ
ع َ ر ّ ا ب َ ة
إ ِ ع ا ش ا ت ُ
س َ ل ِ ي ف َ ة
إ ِ ي د ا ع َ
م ُ ج ْ ر ِ م ِ
م ُ ج ْ ر ِ م ِ
م ُ ج ْ ر ِ م ِ
أ َ م َ ل ّ ُ
و َ ك ِ ي ل ا ت
ب ِ ع ْ ث َ ة
ح َ ر ِ ج ا ت
ت َ ك ْ ت ِ ي ل َ
س ُ م ْ ع َ ة ٍ
ب ا ه ِ ظ ا ت
ح َ ر ِ ج ا ت
ا ل ض ّ َ ر َ ر َ
ا ل ر ّ ا ب ِ ط َ
أ َ ر َ ق ّ ا ن ِ
ت َ خ ْ ت َ ب ِ ر ْ
م ُ ج ْ ر ِ م ٌ
أ َ ر َ ق ّ َ ي ْ ن ِ
أ َ ر َ ق ّ َ ي ْ
ع َ ر ّ ا ب َ ة
م ُ ح ا ص َ ر ا ت ٌ
ع َ ر ّ ا ب َ ة
ر ا ب ِ ط ِ ي ن َ
ا ل ب ا ه ِ ظ ُ
أ َ ر َ ق ّ َ ي ْ
ا ل أ َ ر َ ق ّ َ ي ْ
ت َ خ ْ ت َ ب ِ ر َ
آ م ِ ل ُ و
ا ل و َ ك ِ ي ل َ ة
م ُ ع ْ ط ِ ي ن َ
أ َ خ ا م ِ ص ُ
ا ل أ َ ر َ ق ّ ا
ا ل أ َ ر َ ق ّ ُ
أ َ ر َ ق ّ ا ن ِ
ا ل أ َ ر َ ق ّ ا
ا ل أ َ ر َ ق ّ ُ
ت َ ن ا ن ِ ي ن ُ
