ا ل ف ُ ن ْ د ُ ق ِ ي ّ ا ن ِ
ا ل م ُ س ْ ت َ م ْ ل َ ك َ ي ْ ن ِ
ا ل م ُ س ْ ت َ م ْ ل َ ك َ ت َ ي ْ ن ِ
ا ل م ُ س ْ ت َ م ْ ل َ ك َ ي ْ ن ِ
ا ل أ َ خ ْ م َ ص
ا ل ف ُ ن ْ د ُ ق ِ ي ّ ِ ي ن َ
ا ل أ َ ر ْ ي ا ف
ا ل أ َ ر َ ق ّ َ
ا ل أ َ ر َ ق ّ َ ي ْ
ي ُ ف ْ ن َ ي ا
س َ ل ِ ي ف َ ت َ ي ْ ن ِ
ا ل م ُ ت َ س ا ب ِ ق َ ت َ ي ْ ن ِ
ا ل م ُ ت َ س ا ب ِ ق َ ت َ ي ْ
ا ِ ت ّ ِ ه ا م ِ ي ّ َ ت َ ي ْ ن ِ
ب ِ ع ْ ث َ ت َ ي ْ ن ِ
ا ل آ م ِ ل َ ة
ا ل آ م ِ ل َ ة َ
م ُ س ْ ت َ م ْ ل َ ك َ ت َ ي ْ ن ِ
ا ِ ح ْ ت ِ ي ا ط ا ت ٍ
ا ل آ م ِ ل َ ة ُ
ا ل ب ِ ع ْ ث َ ت َ ي ْ
ا ل ا ِ ت ّ ِ ه ا م ِ ي ّ َ ت َ ي ْ
ا ل م ُ ت َ و َ ق ّ ِ ع َ ت َ ي ْ ن ِ
ا ل ع ُ م ُ و م ِ ي ّ َ ت َ ي ْ ن ِ
م ُ ت َ و َ ق ّ ِ ع َ ت َ ي ْ ن ِ
م ُ ت َ د ا ع ِ ي َ ت َ ي ْ ن ِ
ا ل م ُ ع ْ ط ِ ي َ ي ْ
ا ل م ُ ت َ س ا ب ِ ق َ ت َ ي ْ ن ِ
م ُ ت َ س ا ب ِ ق َ ت َ ي ْ ن ِ
ب َ ع ْ ث َ ت َ ي ْ
ا ل م ُ د ِ ي ر ِ ي ّ َ ت َ ي ْ ن ِ
م ُ س ْ ت َ م ْ ل َ ك َ ت َ ي ْ
ب ِ ع ْ ث َ ت َ ي ْ
ب َ ع ْ ث َ ت َ ي ْ ن ِ
ا ل م ُ ت َ س ا ب ِ ق َ ت َ ي ْ ن ِ
ا ل ت ّ َ د ْ ر ِ ي ب ِ ي ّ َ ت ا ن ِ
ا ل ت ّ َ م ْ و ِ ي ل ِ ي ّ َ ت َ ي ْ
ا ل ا ِ ت ّ ِ ه ا م ِ ي ّ َ ي ْ ن ِ
ا ل إ ِ ي ط ا ل ِ ي ّ َ ت َ ي ْ ن ِ
ا ل ب َ ع ْ ث َ ت َ ي ْ
ا ِ ت ّ ِ ه ا م ِ ي ّ َ ت َ ي ْ
ا ل م ُ د ِ ي ر ِ ي ّ َ ت َ ي ْ
ا ل م ُ س ْ ت َ م ْ ل َ ك َ ت َ ي ْ
ا ل إ ِ ي ط ا ل ِ ي ّ َ ت َ ي ْ
ا ل ت ّ َ د ْ ر ِ ي ب ِ ي ّ َ ي ْ ن ِ
ا ل إ ِ ي ط ا ل ِ ي ّ َ ت َ ي ْ ن ِ
م ُ د ِ ي ر ِ ي ّ َ ت َ ي ْ ن ِ
ا ل م ُ ت َ س ا ب ِ ق َ ت َ ي ْ
م ُ ت َ د ا ع ِ ي ا ت ُ
ا ل ح َ ر َ ك ِ ي ّ َ ت َ ي ْ ن ِ
ا ل ت ّ َ د ْ ر ِ ي ب ِ ي ّ ُ و ن َ
أ َ س ْ ل َ م َ ت َ ي ْ ن ِ
ا ِ خ ْ ت َ ب َ ر ْ ت ُ ن ّ َ
ا ل م َ ت ا ه َ ت َ ي ْ
ت َ د ْ ر ِ ي ب ِ ي ّ َ ت َ ي ْ
م ُ س ْ ت َ م ْ ل َ ك َ ت ا ن ِ
ع ُ م ُ و م ِ ي ّ َ ت َ ي ْ ن ِ
ا ل ت ّ َ ك ا م ُ ل ِ ي ّ َ ي ْ
ا ل ا ِ ت ّ ِ ه ا م ِ ي ّ َ ة َ
م ُ س ْ ت َ م ْ ل َ ك َ ت ا ن ِ
س ُ و م ِ ر ِ ي ّ َ ت َ ي ْ
ا ل ف ُ ن ْ د ُ ق ِ ي ّ ُ و ن َ
س ُ و م ِ ر ِ ي ّ َ ت َ ي ْ ن ِ
ت َ ك ا م ُ ل ِ ي ّ َ ت َ ي ْ
ت َ د ْ ر ِ ي ب ِ ي ّ َ ي ْ ن ِ
ا ل م ُ ت َ و َ ق ّ ِ ع ُ و ن َ
ا ل د ّ ُ س ْ ت ُ و ر ِ ي ّ َ ة
ا ل ع َ ر ّ ا ب َ ت َ ي ْ ن ِ
ا ِ س ْ ت َ أ ْ ه َ ل ْ ت ُ م
ا ل إ ِ ي ط ا ل ِ ي ّ ِ ي
ا ل ا ِ ت ّ ِ ه ا م ِ ي ّ َ ة ُ
ا ل ص ّ ُ ن ْ د ُ و ق َ ي ْ ن ِ
ا ل و َ ك ِ ي ل َ ت َ ي ْ ن ِ
إ ِ ي ط ا ل ِ ي ّ َ ت َ ي ْ
ا ل س ّ ُ و م ِ ر ِ ي ّ ُ و ن َ
ا ل ت ّ َ د ْ ر ِ ي ب ِ ي ّ َ ت ا
ي ُ ن ْ ه َ ض ا
ا ل ع ُ م ُ و م ِ ي ّ ِ ي ن َ
ت َ م ْ و ِ ي ل ِ ي ّ َ ي ْ
ا ل م ُ س ْ ت َ م ْ ل َ ك َ ي ْ
ا ل ف ُ ن ْ د ُ ق ِ ي ّ َ ت َ ي ْ
ت َ ك ا م ُ ل ِ ي ّ َ ت َ ي ْ
ا ل م ُ ت َ س ا ب ِ ق َ ي ْ
ا ل ث ّ َ ع ْ ل َ ب َ ت َ ي ْ
ت َ د ْ ر ِ ي ب ِ ي ّ َ ي ْ ن ِ
ت َ د ْ ر ِ ي ب ِ ي ّ َ ي ْ
م ُ س ْ ت َ م ْ ل َ ك ُ و ن َ
ا ل م ُ ح ا ص َ ر َ ت َ ي ْ ن ِ
ا ل م ُ ت َ س ا ب ِ ق َ ي ْ
ا ل م ُ ت َ س ا ب ِ ق َ ي ْ ن ِ
ا ل ت ّ َ م ْ و ِ ي ل ِ ي ّ ِ ي
م ُ س ْ ت َ م ْ ل َ ك ُ و ن َ
ا ِ ض ْ م َ ح ْ ل َ ل ْ ن َ
ت َ س ْ ت َ أ ْ ه ِ ل ُ و ا
د ُ س ْ ت ُ و ر ِ ي ّ َ ة ٌ
ا ل ت ّ َ م ْ و ِ ي ل ِ ي ّ ا ت ِ
أ َ س ْ ل َ م َ ت َ ي ْ
ت ُ د َ ر ّ ِ س ِ ي ن َ
م ُ س ْ ت َ م ْ ل َ ك َ ة ً
م ُ س ْ ت َ م ْ ل َ ك َ ة ُ
ا ل و َ ك ِ ي ل َ ي ْ
ا ل إ ِ ي ط ا ل ِ ي ّ ا ت ُ
م ُ س ْ ت َ م ْ ل َ ك َ ة ُ
ا ِ ض ْ م َ ح ْ ل َ ل ْ ت ِ
ا ل ص ّ ُ ن ْ د ُ و ق َ ي ْ ن ِ
أ ُ ف ْ ن ِ ي َ
ت َ ك ا م ُ ل ِ ي ّ َ ي ْ
ا ل م ُ ت َ و َ ق ّ ِ ع َ ة ِ
ن َ ض ْ م َ ح ِ ل ّ َ
ا ل م ُ ت َ و َ ق ّ ِ ع َ ة ِ
ا ل و َ ك ِ ي ل َ ت َ ي ْ ن ِ
م ُ ت َ و َ ق ّ ِ ع َ ي ْ ن ِ
م ُ ت َ و َ ق ّ ِ ع َ ي ْ ن ِ
ا ل م ُ س ْ ت َ م ْ ل َ ك ا ت
ا ل ت ّ َ ق ْ ل ِ ي د َ ي ْ ن ِ
م ُ س ْ ت َ م ْ ل َ ك َ ة ِ
ا ل ت ّ َ م ْ و ِ ي ل ِ ي ّ َ ة
ف ُ ن ْ د ُ ق ِ ي ّ ُ و
ا ل ف ُ ن ْ د ُ ق ِ ي ّ َ ة ُ
م ُ د ِ ي ر ِ ي ّ َ ت َ ي ْ
ا ل م ُ ت َ س ا ب ِ ق ِ ي ن َ
ا ل م ُ ت َ س ا ب ِ ق ِ ي
م ُ ت َ و َ ق ّ ِ ع ُ و
ا ل م ُ ح ا ص َ ر َ ت َ ي ْ
م ُ ت َ و َ ق ّ ِ ع َ ت ا ن ِ
ا ل م ُ ت َ و َ ق ّ ِ ع ا ت ُ
ا ل م َ أ ْ م ُ و ل َ ت ا ن ِ
م َ ت ا ه َ ت َ ي ْ ن ِ
ت َ د ْ ر ِ ي ب ِ ي ّ ا ت ٍ
ا ل ت ّ َ د ْ ر ِ ي ب ِ ي ّ ِ
م ُ س ْ ت َ م ْ ل َ ك َ ة َ
ا ل ا ِ ح ْ ت ِ ي ا ط ا
ا ل ر ّ ا ب ِ ط َ ت َ ي ْ ن ِ
ا ل إ ِ ي ط ا ل ِ ي ّ ا ت ِ
م ُ ت َ س ا ب ِ ق َ ي ْ
ا ل م ُ ج ْ ر ِ م َ ت َ ي ْ ن ِ
آ م ِ ل َ ت َ ي ْ ن ِ
ا ل إ ِ ي ط ا ل ِ ي ّ ا
ا ل ت ّ ِ ن ّ ِ ي ن َ ي ْ
م ُ س ْ ت َ م ْ ل َ ك َ ي ْ
م ُ ح ا ص َ ر َ ت َ ي ْ ن ِ
ا ل م ُ ح ا ص َ ر َ ت ا ن ِ
ا ل ع ُ م ُ و م ِ ي ّ َ ة ِ
م ُ س ْ ت َ م ْ ل َ ك َ ة
ا ل م ُ س ْ ت َ م ْ ل َ ك ُ و
ا ل ح َ ر ِ ج َ ت َ ي ْ ن ِ
ا ل م ُ ج ْ ر ِ م َ ي ْ
ا ل ف ُ ن ْ د ُ ق ِ ي ّ ا ت ُ
ا ل ت ّ َ ص َ ف ّ ُ ح ا ت ِ
أ َ ر َ ق ّ ا ن ِ
أ َ ر َ ق ّ َ ي ْ
أ َ ر َ ق ّ ِ
أ َ ر َ ق ّ ُ
أ َ ر َ ق ّ َ
ا ل أ َ ر َ ق ّ
ا ل أ َ ر َ ق ّ ِ
ا ل أ َ ر َ ق ّ َ ي ْ
ت َ د ْ ر ِ ي ب ِ ي ّ َ ة ِ
ا ل إ ِ د ْ م ا ن َ ي ْ
ي َ ت َ ل ا ف َ ي ا ن ِ
إ ِ ع ا ش َ ت َ ي ْ ن ِ
ا ل س ّ َ ل ِ ي ف َ ت َ ي ْ ن ِ
ا ل م ُ س ْ ت َ م ْ ل َ ك ِ ي
و َ د ّ َ ع ْ ت ُ ن ّ َ
ا ل ص ّ َ ي ْ ر ُ و ر َ ة ُ
ا ل إ ِ ث ا ر َ ت َ ي ْ ن ِ
ا ل إ ِ ع ا ش َ ت َ ي ْ
س ُ و م ِ ر ِ ي ّ َ ي ْ ن ِ
ا ل ت ّ َ د ْ ر ِ ي ب ِ ي ّ ا
ا ل إ ِ ي ط ا ل ِ ي ّ َ ة َ
ا ل ت ّ َ ط ْ ب ِ ي ع ا ت ُ
ا ِ ق ْ ت َ ف َ ي ْ ت ُ م ا
إ ِ ي ط ا ل ِ ي ّ َ ي ْ
ا ل إ ِ ي ط ا ل ِ ي ّ َ ي ْ
ا ل س ّ ُ و م ِ ر ِ ي ّ َ ي ْ
ا ل إ ِ د ْ م ا ن َ ي ْ ن ِ
ا ل م ُ د ِ ي ر ِ ي ّ َ ة ُ
م ُ س ْ ت َ م ْ ل َ ك َ ة
ا ل م ُ س ْ ت َ م ْ ل َ ك َ
ا ل م ُ ت َ س ا ب ِ ق ا ت ِ
ا ل م ُ ت َ س ا ب ِ ق ا ت ِ
ا ل م ُ ت َ و َ ق ّ ِ ع ا ت
ا ل ا ِ ح ْ ت ِ ي ا ط ا ت ِ
م ُ ج ْ ر ِ م َ ي ْ
ا ل س ّ َ ل ِ ي ف ا
ا ل س ّ َ ل ِ ي ف ا ن ِ
ا ل ت ّ َ ح ْ ف ِ ي ز ا ت ِ
ت َ د ْ ر ِ ي ب ِ ي ّ ا ت
إ ِ ي ط ا ل ِ ي ّ َ ي ْ
ا ل س ّ َ ل ِ ي ف َ ي ْ ن ِ
ا ل م ُ ج ْ ر ِ م َ ت َ ي ْ
د ُ س ْ ت ُ و ر ِ ي ّ َ ة
ا ل غ َ ز ّ ِ ي ّ َ ي ْ ن ِ
ي ُ ص َ ح ّ ِ ح ُ و ا
ا ل ب ا ه ِ ظ َ ت َ ي ْ ن ِ
ص ُ ن ْ د ُ و ق َ ي ْ ن ِ
ا ل م ُ ت َ د ا ع ِ ي َ ي ْ
ا ِ ق ْ ت َ ف َ ي ْ ت ُ م
ح َ ر ِ ج َ ت َ ي ْ
ت َ د ْ ر ِ ي ب ِ ي ّ ا ً
ا ل ت ّ َ ق ْ د ِ ي م ا ت
إ ِ ي ط ا ل ِ ي ّ ُ و
ح َ ر َ ك ِ ي ّ َ ت ا ن ِ
م ُ ت َ و َ ق ّ ِ ع ِ ي ن َ
س ُ و م ِ ر ِ ي ّ ُ و ن َ
ت َ ح َ ر ّ ِ ي َ ي ْ ن ِ
إ ِ ي ط ا ل ِ ي ّ ا ت ِ
ح َ ر َ ك ِ ي ّ َ ت َ ي ْ
ح َ ر َ ك َ ت َ ي ْ
ا ل م َ أ ْ م ُ و ل َ ي ْ ن ِ
ت َ د ْ ر ِ ي ب ِ ي ّ ا ت
ا ِ ق ْ ت َ ف َ ي ْ ت ِ
م ُ ج ْ ر ِ م َ ت َ ي ْ ن ِ
ا ل م ُ ت َ د ا ع ِ ي
أ َ س ْ ل َ م َ ت َ ي ْ
إ ِ ي ط ا ل ِ ي ّ ا ت ِ
ع ُ م ُ و م ِ ي ّ ُ و ن َ
ي َ خ ْ ت َ ب ِ ر ُ و ا
إ ِ ي ط ا ل ِ ي ّ ا ت ُ
ا ل س ّ َ ل ِ ي ف َ ي ْ
ا ل ع َ ر ّ ا ب َ ت َ ي ْ ن ِ
س ُ و م ِ ر ِ ي ّ ِ ي ن َ
ص ُ ن ْ د ُ و ق َ ي ْ
ا ل ع ُ م ُ و م ِ ي ّ َ ي ْ
غ َ ز ّ ِ ي ّ َ ت َ ي ْ
ا ل أ َ ر َ ق ّ َ
ت َ ل ا ف َ ي ْ ت ُ م ا
ا ِ ن ْ ت ِ ح ا ل ا ت ُ
ا ل ت ّ َ ح َ ر ّ ِ ي ا ت ِ
إ ِ ي ط ا ل ِ ي ّ ِ ي ن َ
ا ل م ُ ت َ د ا ع ِ ي َ ة ِ
ا ل ت ّ َ ح ْ ف ِ ي ز ا ت ُ
م ُ ت َ و َ ق ّ ِ ع َ ة ً
ت َ ك ا م ُ ل ِ ي ّ َ ة َ
ت َ ك ا م ُ ل ِ ي ّ َ ة َ
ا ل م ُ ت َ د ا ع ِ ي ن َ
ا ل م ُ ت َ د ا ع ِ ي
ص ُ ن ْ د ُ و ق َ ي ْ
ت َ م ْ و ِ ي ل ِ ي ّ َ
إ ِ ي ط ا ل ِ ي ّ ِ ي ن َ
ا ل س ّ ُ و م ِ ر ِ ي ّ ا ت ِ
ن َ س ْ ت َ أ ْ ه ِ ل ُ
ا ل ج َ م ْ ع ِ ي ّ ا ت ِ
ا ل أ َ ر َ ق ّ ِ
ا ل ج َ م ْ ع ِ ي ّ َ ة َ
ا ل م ُ ج ْ ر ِ م ُ و ن َ
ا ل ت ّ َ ك ْ ذ ِ ي ب ا ت ِ
ا ل م ُ ت َ د ا ع ِ ي َ ة َ
ت ُ د َ ر ّ ِ س ُ و ن َ
ت ُ ع َ ظ ّ ِ م ْ ن َ
