ا ل غ َ ز ّ ِ ي ّ َ ة ُ
آ م ِ ل ا ت ُ
إ ِ ث ا ر َ ت ا
ا ل إ ِ ي ط ا ل ِ ي ّ َ ة
ا ل م َ ت ا ه ا ت ُ
ح َ ر ِ ج ا ت ِ
آ م ِ ل َ ة ِ
و َ ك ِ ي ل َ ي ْ ن ِ
ع َ ر ّ ا ب ُ
ت ِ ن ّ ِ ي ن َ ي ْ
و َ د ّ َ ع ْ ت ُ م
ر ا ب ِ ط َ ي ْ ن ِ
م ُ ت َ س ا ب ِ ق ا ت ُ
ا ل آ م ِ ل َ ي ْ
م َ أ ْ م ُ و ل َ ي ْ ن ِ
إ ِ ي ط ا ل ِ ي ّ َ ي ْ ن ِ
ت َ ق ْ د ِ ي م ِ
م ُ ج ْ ر ِ م َ ي ْ
م َ أ ْ م ُ و ل َ ة
ت ُ ل َ ص ّ ِ ق ِ ي
أ َ ر َ ق ّ ِ
ا ل ع َ ر ّ ا ب َ ت َ ي ْ ن ِ
ا ِ ت ّ ِ ه ا م ِ ي ّ ٌ
ج َ م ْ ع ِ ي ّ َ ت َ ي ْ
ت ُ ع َ ظ ّ ِ م ُ
آ م ِ ل ا
ح ِ ص َ ص ا ً
ا ل آ م ِ ل ُ
ا ل أ َ ر َ ق ّ َ ي ْ ن ِ
ا ل ت ّ َ د ْ ر ِ ي ب ِ ي ّ ا ت ُ
ا ل م ُ د ِ ي ر ِ ي ّ ا ت ِ
م ُ ج ْ ر ِ م َ ت َ ي ْ
ت َ ك ْ ت ِ ي ل ا ت ٍ
و َ د ّ َ ع ْ ن َ
ت َ م ْ و ِ ي ل ِ ي ّ ُ و
غ َ ز ّ ِ ي ّ َ ي ْ
ت َ م ْ و ِ ي ل ِ ي ّ َ ي ْ ن ِ
إ ِ د ْ م ا ن َ ي ْ
ا ل ا ِ ن ْ ت ِ ح ا ل َ
ت ُ ع َ ظ ّ ِ م ا ن ِ
ت َ م ْ و ِ ي ل ِ ي ّ َ ة ِ
ت َ م ْ و ِ ي ل ِ ي ّ ِ ي
ي َ م َ ل ّ ا
ت َ م ْ و ِ ي ل ِ ي ّ ِ ي ن َ
ا ل ف ُ ن ْ د ُ ق ِ ي ّ َ ة ِ
أ َ ر َ ق ّ َ ي ْ ن ِ
ا ل ت ّ َ م ْ و ِ ي ل ِ ي ّ ِ ي ن َ
ج ُ ر ُ و م ٍ
ا ل ا ِ ت ّ ِ ه ا م ِ ي ّ َ ت َ ي ْ ن ِ
م ا ئ ِ ع َ ة َ
س ُ و م ِ ر ِ ي ّ ُ و
إ ِ ي ط ا ل ِ ي ّ َ ة ِ
ا ل ت ّ َ م ْ و ِ ي ل ِ ي ّ ُ و ن َ
ا ل م ُ س ْ ت َ م ْ ل َ ك َ ة
م َ أ ْ م ُ و ل َ ي ْ
ف ُ ن ْ د ُ ق ِ ي ّ َ ة ٌ
ا ل ح َ ر ِ ج ُ
ع ُ م ُ و م ِ ي ّ َ ت َ ي ْ ن ِ
ت ُ د َ ر ّ ِ س ُ
ت َ د ْ ر ِ ي ب ِ ي ّ ُ و
م َ أ ْ م ُ و ل ِ ي
ا ل ف ُ ن ْ د ُ ق ِ ي ّ َ ت َ ي ْ ن ِ
م ُ ت َ د ا ع ِ ي َ ي ْ
ت َ د ْ ر ِ ي ب ِ ي ّ َ ة َ
ا ل إ ِ ي ط ا ل ِ ي ّ ُ
ت ُ ن ْ ه َ ض ْ ن َ
ا ل م ا ئ ِ ع َ ي ْ ن ِ
أ َ ن ْ ه َ ض ْ ت ِ
ا ل ب ا ه ِ ظ َ ت َ ي ْ ن ِ
إ ِ ي ط ا ل ِ ي ّ ِ ي
ح ِ ص َ ص ٌ
م ُ ت َ د ا ع ِ ي َ ت َ ي ْ ن ِ
م ا ئ ِ ع َ ة
ا ل آ م ِ ل َ ت َ ي ْ ن ِ
ث َ ع ْ ل َ ب َ ت ا ن ِ
م ُ س ْ ت َ م ْ ل َ ك ِ ي
ح َ ر َ ك ِ ي ّ ا ً
ا ل م ُ ت َ و َ ق ّ ِ ع ا ت ُ
ا ل آ م ِ ل َ ت ا
ع ُ م ُ و م ِ ي ّ َ
ف ُ ن ْ د ُ ق ِ ي ّ َ ة ٍ
ا ل ر ّ ا ب ِ ط
ت َ ن ا ن ِ ي ن َ
ت َ د ْ ر ِ ي ب ِ ي ّ ِ
ر ا ب ِ ط َ ت ا
ث َ ع ا ل ِ ب َ
ص َ ح ّ َ ح َ
ا ل ع ُ م ُ و م ِ ي ّ َ ت َ ي ْ
ا ل أ َ ر َ ق ّ
م ُ ت َ د ا ع ِ ي ا ت ِ
ا ل ب َ ع ْ ث َ ت َ ي ْ ن ِ
ت ُ ف ْ ن ِ ي ْ ن َ
ا ل ف ُ ن ْ د ُ ق ِ ي ّ َ ت ا
ا ل م َ ت ا ه َ ت َ ي ْ ن ِ
ا ل م ُ ت َ د ا ع ِ ي ا ت ُ
ا ل ت ّ َ م ْ و ِ ي ل ِ ي ّ
ت َ ك ْ ذ ِ ي ب ا ت ٍ
ا ل م ُ ت َ و َ ق ّ ِ ع َ ة
ب ا ه ِ ظ ِ ي ن َ
م َ أ ْ م ُ و ل َ ة
