م ُ ع ْ ط
ا ل ع ُ م ُ و م ِ ي ّ َ ت ا
أ َ ر َ ق ّ َ
إ ِ ع ا ش َ ت َ ي ْ
ي َ ح ْ ت َ ل ّ َ
م َ ل ِ ل ْ ن َ
آ م ِ ل َ ت َ ي ْ ن ِ
ا ل آ م ِ ل ُ و ن َ
آ م ِ ل ا ن ِ
ب ِ ع ْ ث َ ة ُ
إ ِ ع ا ش َ ة ِ
م ُ ت َ د ا ع ِ ي ن َ
ا ل غ َ ز ّ ِ ي ّ َ ت َ ي ْ
أ َ ر َ ق ّ ا ن ِ
أ َ ب ْ ه َ ي ا ن ِ
ت َ ك ْ ذ ِ ي ب ا ت ٍ
ا ل ت ّ َ ك ا م ُ ل ِ ي ّ َ ت ا
ا ل س ّ ُ و م ِ ر ِ ي ّ ا ت ِ
م ُ د ِ ي ر ِ ي ّ َ ت َ ي ْ
م ُ ت َ س ا ب ِ ق ِ ي ن َ
ا ل ب َ ع ْ ث َ ة
ا ل ح ِ ص ّ َ ت َ ي ْ ن ِ
إ ِ ع ا ش َ ت َ ي ْ
ا ل ف ُ ن ْ د ُ ق ِ ي ّ ِ ي
م ُ ج ْ ر ِ م ُ و ن َ
ف ُ ن ْ د ُ ق ِ ي ّ ا ن ِ
ا ل ع َ ر ّ ا ب ِ ي ن َ
ا ل م َ ش ا ر ِ ف َ
ا ل أ َ ر ْ ي ا ف َ
م ُ ع ْ ط ٍ
ا ل م ُ ت َ و َ ق ّ ِ ع ِ ي
ن ُ د َ ر ّ ِ س ْ
ا ل ر ّ ا ب ِ ط َ ت َ ي ْ ن ِ
ا ل ت ّ َ ح َ ر ّ ِ ي ا
ا ل ت ّ َ ح ْ ف ِ ي ز ا ت
ب ا ه ِ ظ َ ة ٌ
ب ا ه ِ ظ ِ ي
ا ل س ّ ُ و م ِ ر ِ ي ّ ُ و
ت َ ق ْ د ِ ي م ا ت ُ
م ُ ج ْ ر ِ م َ ت ا ن ِ
س ُ و م ِ ر ِ ي ّ َ ي ْ ن ِ
ا ل ب ا ه ِ ظ ِ
ص َ ر ا م َ ة ِ
ح ِ ص ّ َ ة َ
ا ل ت ّ َ ص َ ف ّ ُ ح ِ
ل َ ص ّ َ ق َ
أ َ ر َ ق ّ َ
ت َ ك ْ ت ِ ي ل ا ت ٌ
ا ل إ ِ ي ط ا ل ِ ي ّ َ ت َ ي ْ
أ َ ت َ ل ا ف َ ى
ع َ ر ّ ا ب ُ و ن َ
ت َ ك ا م ُ ل ِ ي ّ َ ة ِ
ا ل م ُ ج ْ ر ِ م َ ة
ا ل آ م ِ ل َ ت َ ي ْ ن ِ
آ م ِ ل ا ت ٍ
م ُ ح ا ص َ ر َ ت ا
س ُ و م ِ ر ِ ي ّ َ ي ْ ن ِ
ت ُ ن ْ ه َ ض ا
ح َ ر ِ ج َ ة ِ
م َ ت ا ه َ ة َ
أ َ ر ُ ز ّ ُ
ا ل إ ِ ي ط ا ل ِ ي ّ ِ
ا ل م ا ئ ِ ع َ ة ُ
إ ِ ي ط ا ل ِ ي ّ َ ة
ا ل م ُ ت َ و َ ق ّ ِ ع َ ت َ ي ْ
ت َ س ْ ت َ أ ْ ه ِ ل ا
ح ِ ص ّ َ ة ٌ
ا ل م ُ ت َ و َ ق ّ ِ ع َ
غ َ ز ّ ِ ي ّ ِ
ر ا ب ِ ط َ ت ا ن ِ
ص ُ ن ْ د ُ و ق َ ي ْ
ش َ ط ْ ر َ ن ْ ج ٍ
إ ِ ث ا ر َ ة َ
م ُ ت َ د ا ع ِ ي ا ن ِ
ا ل ش ّ َ ط ْ ر َ ن ْ ج ُ
ا ل ت ّ َ د ْ ر ِ ي ب ِ ي ّ َ ت َ ي ْ ن ِ
أ َ ض ْ ر ا ر ٍ
ا ل ت ّ َ م ْ و ِ ي ل ِ ي ّ ا ن ِ
ي ُ ل َ ص ّ ِ ق ا
ا ل ب ا ه ِ ظ َ ت َ ي ْ
إ ِ ي ط ا ل ِ ي ّ ا ت ٌ
ا ل ا ِ ح ْ ت ِ ي ا ط ِ
أ َ ر َ ق ّ َ
ف ُ ن ْ د ُ ق ِ ي ّ ِ ي ن َ
ا ِ ح ْ ت َ ل َ ل ْ ن َ
ا ل ع ُ م ُ و م ِ ي ّ ا ت ِ
ا ل و َ ك ِ ي ل َ ت َ ي ْ
ا ل ا ِ ت ّ ِ ه ا م ِ ي ّ
ت َ ق ا ل ِ ي د ُ
ر ا ب ِ ط ِ ي
أ َ ف ْ ن َ ت ا
م ُ ت َ س ا ب ِ ق ُ و ن َ
غ َ ز ّ ِ ي ّ َ
ب ِ ع ْ ث َ ت َ ي ْ ن ِ
ا ل و َ ك ِ ي ل َ ة ِ
ح َ ر ِ ج َ ي ْ ن ِ
م ُ ت َ س ا ب ِ ق َ ة ٍ
ا ل و َ ك ِ ي ل َ ة َ
آ م ِ ل ِ ي ن َ
ا ل غ َ ز ّ ِ ي ّ َ ي ْ ن ِ
