ا ل إ ِ ي د ا ع ِ
ا ِ ن ْ ت ِ ح ا ل ٌ
ت َ ح َ ر ّ ِ ي َ
ا ل ع ُ م ُ و م ِ ي ّ َ ت َ ي ْ
ا ل أ َ ر َ ق ّ ا
ف ُ ن ْ د ُ ق ِ ي ّ َ ة ُ
ت َ ك ْ ت ِ ي ل ا ت ِ
إ ِ ي ط ا ل ِ ي ّ ا ت
إ ِ ي ط ا ل ِ ي ّ َ ت َ ي ْ ن ِ
ح ِ ص َ ص ُ
م ُ ع ْ ط ِ ي ن َ
آ م ِ ل َ ة
ش َ ط ْ ر َ ن ْ ج َ
ج ُ ر ْ م ا ً
ب َ ع ْ ث َ ت َ ي ْ ن ِ
ت َ ت َ ل ا ف َ
ا ل م ُ ج ْ ر ِ م َ ت َ ي ْ
غ َ ز ّ ِ ي ّ َ ة ُ
ا ل إ ِ ي ط ا ل ِ ي ّ َ ت َ ي ْ
م َ ت ا ه َ ة ٍ
ي َ ق ْ ت َ ف ُ و ن َ
م َ ل ّ َ
ا ل ع َ ر ّ ا ب ا ت ِ
ا ِ ت ّ ِ ه ا م ِ ي ّ ا
أ َ ر ْ ي ا ف َ
ح َ ر َ ك ِ ي ّ ا ت ُ
ت ُ ص َ ح ّ ِ ح ُ
ح َ ر َ ك َ ة ُ
ا ل ح َ ر َ ك ِ ي ّ َ
ح َ ر َ ك ِ ي ّ ِ
ت َ م َ ل ّ ُ و ن َ
ت َ ض ْ م َ ح ِ ل ّ َ
ت َ ك ْ ت ِ ي ل ا ت
آ م ِ ل ِ ي
ت ُ ن ْ ه ِ ض َ
آ م ِ ل َ ت َ ي ْ
ب َ ع ْ ث َ ت َ ي ْ
ي ُ ف ْ ن َ
آ م ِ ل َ ة
إ ِ ي ط ا ل ِ ي ّ ا ً
ر ُ ز ّ ُ
م ُ ج ْ ر ِ م َ ت َ ي ْ ن ِ
ت َ ن ا ق ُ ض ا ت ٍ
ا ل م َ ت ا ه َ ت ا ن ِ
أ َ خ ْ م َ ص َ ي ْ
ا ل ش ّ َ ر ا س َ ة
م ُ ت َ س ا ب ِ ق َ ي ْ ن ِ
ح َ ر َ ك ِ ي ّ ا ت ِ
ا ل ح ِ ص ّ َ ت َ ي ْ
ش َ ر ا س َ ة ُ
ت َ د ْ ر ِ ي ب ِ ي ّ َ ة ُ
ت َ م ْ و ِ ي ل ِ ي ّ َ ي ْ
ا ل غ َ ز ّ ِ ي ّ ِ
أ َ ر َ ق ّ َ ي ْ ن ِ
م ُ ج ْ ر ِ م َ ت َ ي ْ ن ِ
ا ل ت ّ َ م ْ و ِ ي ل ِ ي ّ َ ت َ ي ْ ن ِ
ع ُ م ُ و م ِ ي ّ
ل َ م ْ س ٍ
ا ل م ا ئ ِ ع َ ت ا ن ِ
ن َ س ْ ت َ أ ْ ه ِ ل ْ
م َ ش ْ ر َ ف َ ي ْ
ا ل و َ ك ِ ي ل َ ت َ ي ْ ن ِ
و َ ك ِ ي ل ا ت ِ
ح َ ر َ ك َ ت َ ي ْ ن ِ
ا ل ف ُ ن ْ د ُ ق ِ ي ّ
ت َ م ْ و ِ ي ل ِ ي ّ ُ و
ن ُ ف ْ ن َ ى
ا ل ع ُ م ُ و م ِ ي ّ ا
ح َ ر ِ ج َ ت َ ي ْ
ا ل ص ّ َ ر ا م َ ة ُ
م ُ س ْ ت َ م ْ ل َ ك َ ة َ
أ َ س ْ ل َ م َ ت ا ن ِ
ا ل ش ّ َ ط ْ ر َ ن ْ ج
ا ل إ ِ ي ط ا ل ِ ي ّ َ ة
ا ِ ح ْ ت َ ل َ ل ْ ت ِ
ت ُ د َ ر ّ ِ س ُ و ا
ت َ ن ا ق ُ ض ا ت ٍ
إ ِ ي ط ا ل ِ ي ّ ِ
ب ا ه ِ ظ ِ ي ن َ
ا ل ح َ ر َ ك ا ت
ص َ ر ا م َ ة َ
ت َ ت َ ل ا ف َ ي ا ن ِ
ا ل ح َ ر َ ك َ ت َ ي ْ ن ِ
ا ل أ َ ر َ ق ّ َ ي ْ
ا ل س ّ ُ و م ِ ر ِ ي ّ َ ت َ ي ْ ن ِ
أ ُ ع َ ظ ّ ِ م ُ
ا ل إ ِ ي ط ا ل ِ ي ّ َ ت َ ي ْ ن ِ
م َ ت ا ه َ ة ِ
أ ُ ن ْ ه َ ض َ
أ َ ج ْ ر ا م َ
ت ُ د َ ر ّ ِ س ا
ا ل إ ِ ي ط ا ل ِ ي ّ ا ت
أ َ ن ْ ه َ ض ُ و ا
ا ل ح َ ر ِ ج ا ت ِ
م ُ ج ْ ر ِ م َ ة ِ
م ُ س ْ ت َ م ْ ل َ ك ا ت ِ
ا ل ح َ ر َ ك ِ ي ّ ا
ا ل ر ّ ا ب ِ ط َ ت َ ي ْ ن ِ
ا ل إ ِ ع ا ش َ ة
م ُ ج ْ ر ِ م ا ن ِ
