ب ِ ع ْ ث َ ت َ ي ْ ن ِ
م ُ ت َ د ا ع ِ ي ا ت ٌ
م ُ س ْ ت َ م ْ ل َ ك َ ي ْ
ا ل م ُ ج ْ ر ِ م َ ي ْ ن ِ
إ ِ ي ط ا ل ِ ي ّ ِ ي ن َ
ج َ م ْ ع ِ ي ّ َ ة ُ
أ َ ر َ ق ّ
ت َ ط ْ ب ِ ي ع ُ
د ُ س ْ ت ُ و ر ِ ي ّ َ ة ُ
ا ل ا ِ ت ّ ِ ه ا م ِ ي ّ ا
ت َ س ْ ت َ أ ْ ه ِ ل ُ
ت َ ض ْ م َ ح ِ ل ّ ُ
إ ِ ع ا ش َ ة َ
ت ُ ن ْ ه ِ ض ا
ف ُ ن ْ د ُ ق ِ ي ّ ُ
ت َ ن ا ق ُ ض ُ
ت َ ك ا م ُ ل ِ ي ّ َ
س َ ل ِ ي ف َ ت ا
ص َ ح ّ َ ح ْ ت ُ م
م ُ ك َ س ّ َ ر ا ت ُ
ج ُ ر ْ م ِ
ا ل م ُ ت َ د ا ع ِ ي ا ت ِ
م ا ئ ِ ع ُ
و َ ك ِ ي ل ا ت ٍ
ا ِ ن ْ ت ِ ح ا ل ا ت ِ
أ َ ر َ ق ّ ُ
ا ل م ُ ت َ س ا ب ِ ق َ ة
ي َ ح ْ ت َ ل ِ ل ْ ن َ
ا ل ا ِ ت ّ ِ ه ا م ِ ي ّ ُ
ا ل إ ِ ث ا ر َ ت ا ن ِ
أ َ ر َ ق ّ ُ
أ َ ر َ ق ّ َ ي ْ
ت َ ن ا ق ُ ض
م ُ ع ْ ط ِ ي َ ت َ ي ْ ن ِ
إ ِ ي د ا ع ا ت ُ
إ ِ ث ا ر َ ة ِ
ت َ ك ْ ذ ِ ي ب ا ت ٌ
ت َ م ْ و ِ ي ل ِ ي ّ ٌ
م ُ ت َ و َ ق ّ ِ ع ا ن ِ
إ ِ ي ط ا ل ِ ي ّ َ ت َ ي ْ
ش َ ر ا س َ ة
ت ُ د َ ر ّ ِ س َ
ا ِ ت ّ ِ ه ا م ِ ي ّ َ ت َ ي ْ
ف ُ ن ْ د ُ ق ِ ي ّ َ ي ْ ن ِ
ا ل إ ِ ث ا ر ا ت ُ
ح َ ر ِ ج َ ة ٍ
ت َ م ْ و ِ ي ل ِ ي ّ َ ة ُ
د َ ر ّ َ س َ ت
ا ل ث ّ َ ع ْ ل َ ب ا ن ِ
ر ا ب ِ ط ِ ي
ا ل م َ ش ْ ر َ ف َ ي ْ
ا ل غ َ ز ّ ِ ي ّ
ا ل م ا ئ ِ ع َ ي ْ ن ِ
ج َ م ْ ع ِ ي ّ َ ة ِ
م ُ ج ْ ر ِ م َ
ع ُ م ُ و م ِ ي ّ َ ي ْ ن ِ
أ َ خ ْ م َ ص َ ي ْ
ت ُ د َ ر ّ ِ س ا ن ِ
ر ا ب ِ ط َ ي ْ
ر ا ب ِ ط ا ت ِ
ا ل م ا ئ ِ ع َ
م َ ش ْ ر َ ف َ ي ْ ن ِ
ا ل ب ِ ع ْ ث َ ة ُ
م ُ ج ْ ر ِ م َ ي ْ ن ِ
ا ل إ ِ ث ا ر َ ة ِ
ب ا ه ِ ظ ِ ي ن َ
ت َ ق ْ ل ِ ي د َ
آ م ِ ل َ ي ْ
ا ل ب َ ع ْ ث َ ت َ ي ْ ن ِ
ع ُ م ُ و م ِ ي ّ َ ي ْ
ا ل ا ِ ت ّ ِ ه ا م ِ ي ّ َ ت َ ي ْ ن ِ
م ُ ح ا ص َ ر َ ة
ت َ ق ْ د ِ ي م
م ُ ت َ د ا ع ِ ي ن َ
م َ ت ا ه ا ت ُ
ت َ م ْ و ِ ي ل ِ ي ّ َ ت ا ن ِ
ت ُ ن ْ ه ِ ض ا
م ُ ت َ س ا ب ِ ق َ ت َ ي ْ ن ِ
ح َ ر ِ ج َ
ت َ م ْ و ِ ي ل ِ ي ّ ا ت ِ
ت ُ ف ْ ن َ و ْ ا
ا ل ح َ ر ِ ج ا ت ِ
ر ا ب ِ ط ا ت
س ُ و م ِ ر ِ ي ّ َ ة ٍ
م ُ ع ْ ط ٍ
ا ل إ ِ د ْ م ا ن ا
ب ا ه ِ ظ َ ت ا ن ِ
ن َ ض ْ م َ ح ِ ل ّ َ
ح ِ ص َ ص
ا ِ خ ْ ت َ ب َ ر َ ت
إ ِ ي ط ا ل ِ ي ّ ُ و
ت َ ك ْ ت ِ ي ل ا ت ِ
ا ل م َ ش ا ر ِ ف ُ
ب ِ ع ْ ث َ ت َ ي ْ
ت َ ك ا م ُ ل ِ ي ّ َ ي ْ ن ِ
آ م ِ ل َ ت ا ن ِ
ا ل م ُ ج ْ ر ِ م ُ و ن َ
ا ل ت ّ َ ك ا م ُ ل ِ ي ّ َ ة َ
م َ ت ا ه َ ت َ ي ْ ن ِ
م ُ ت َ د ا ع ِ ي َ ت َ ي ْ ن ِ
