ب ا ه ِ ظ َ ة
ا ل ا ِ ح ْ ت ِ ي ا ط ا ن ِ
م ُ ح ا ص َ ر َ ة ُ
م ُ ت َ و َ ق ّ ِ ع َ ت َ ي ْ
ي ُ و َ د ّ ِ ع ُ
ف ُ ن ْ د ُ ق ِ ي ّ ِ ي ن َ
م ُ س ْ ت َ م ْ ل َ ك ِ
ت َ س ْ ت َ أ ْ ه ِ ل ِ ي ن َ
ا ل س ّ ُ و م ِ ر ِ ي ّ ا ت ُ
م ُ ت َ د ا ع ِ ي
ي َ خ ْ ت َ ب ِ ر ا
إ ِ ي د ا ع ٌ
إ ِ ث ا ر َ ت َ ي ْ ن ِ
ا ل س ّ ُ و م ِ ر ِ ي ّ ِ ي
ا ل س ّ ُ و م ِ ر ِ ي ّ َ ي ْ
ت ُ ن ْ ه ِ ض ْ
ا ل و َ ك ِ ي ل ُ
ا ل أ َ ب ْ ه َ ي ا ن ِ
ج ُ ر ْ م َ ي ْ ن ِ
م َ أ ْ م ُ و ل ا ت ِ
ا ل ح ِ ص ّ َ ت ا ن ِ
ا ِ ت ّ ِ ه ا م ِ ي ّ َ ة ٌ
ا ل ج ُ ر ْ م َ ي ْ
م َ أ ْ م ُ و ل َ ي ْ
إ ِ ث ا ر ا ت
ا ل ج َ م ْ ع ِ ي ّ ا ت ُ
ت َ ك ا م ُ ل ِ ي ّ َ ت َ ي ْ ن ِ
ا ل ح َ ر َ ك ِ ي ّ َ ت َ ي ْ ن ِ
ت ُ ع َ ظ ّ ِ م ْ
و َ ك ِ ي ل َ ت َ ي ْ ن ِ
ف ُ ن ْ د ُ ق ِ ي ّ َ ة ُ
ا ل أ َ ر ُ ز ّ ِ
م ُ ت َ س ا ب ِ ق َ ت َ ي ْ
ا ل م ُ ت َ و َ ق ّ ِ ع َ ة ُ
م ُ ت َ و َ ق ّ ِ ع َ ة ُ
ا ل م ُ ج ْ ر ِ م ا ت ِ
ا ل ج ُ ر ُ و م َ
ت َ ق ْ د ِ ي م ا ت ِ
م َ ش ْ ر َ ف َ
ا ل م َ أ ْ م ُ و ل ا
أ َ س ْ ل َ م َ ة ُ
ع ُ م ُ و م ِ ي ّ ِ ي ن َ
ت ُ ل َ ص ّ ِ ق َ
ت ُ ف ْ ن َ ى
ا ل أ َ ض ْ ر ا ر
ا ِ ح ْ ت ِ ي ا ط ا ت ٍ
ا ِ ت ّ ِ ه ا م ِ ي ّ َ ة َ
ا ل ت ّ َ ك ا م ُ ل ِ ي ّ ُ
ع َ ر ّ ا ب َ ت ا ن ِ
ت ُ و َ د ّ ِ ع ْ
ح َ ر َ ك ِ ي ّ َ ي ْ
ا ل ص ّ َ ر ا م َ ة ِ
ر ا ب ِ ط َ ة ٍ
ا ل ت ّ َ ك ا م ُ ل ِ ي ّ َ
ا ل س ّ ُ و م ِ ر ِ ي ّ َ ة َ
ا ل ت ّ َ م ْ و ِ ي ل ِ ي ّ َ ت َ ي ْ ن ِ
ا ل أ َ ب ْ ه َ ي َ ي ْ ن ِ
ا ل أ َ ج ْ ر ا م َ
ا ل ر ّ ا ب ِ ط ا ن ِ
إ ِ ي ط ا ل ِ ي ّ ا
غ َ ز ّ ِ ي ّ ا
م ُ ج ْ ر ِ م
س ُ و م ِ ر ِ ي ّ َ ت َ ي ْ ن ِ
ر ا ب ِ ط َ ة ً
ا ل ص ّ َ ن ا د ِ ي ق
إ ِ ي ط ا ل ِ ي ّ َ ة ُ
ا ل ب ا ه ِ ظ ا ن ِ
ا ل ت ّ َ م ْ و ِ ي ل ِ ي ّ ُ
ت َ د ْ ر ِ ي ب ِ ي ّ ِ ي ن َ
إ ِ ي ط ا ل ِ ي ّ َ ت َ ي ْ ن ِ
س َ ل ِ ي ف
ا ل م ُ ت َ س ا ب ِ ق
ا ل ف ُ ن ْ د ُ ق ِ ي ّ ُ
أ َ ر َ ق ّ َ ي ْ
إ ِ ث ا ر َ ت َ ي ْ ن ِ
م ُ ج ْ ر ِ م َ ت َ ي ْ ن ِ
آ م ِ ل َ ت ا ن ِ
ا ِ ق ْ ت َ ف َ ي ْ ت َ
ا ل أ َ ج ْ ر ا م
م َ أ ْ م ُ و ل َ ة َ
ا ل س ّ ُ و م ِ ر ِ ي ّ َ
ا ل ر ّ ا ب ِ ط َ ة ِ
م ُ ت َ و َ ق ّ ِ ع َ ة
ي ُ ن ْ ه ِ ض ا ن ِ
ا ل إ ِ ي ط ا ل ِ ي ّ َ
ا ل ت ّ َ ك ا م ُ ل ِ ي ّ ا
ا ل إ ِ ي ط ا ل ِ ي ّ َ ة َ
ا ِ ض ْ م َ ح ْ ل َ ل ْ ت َ
ف ُ ن ْ د ُ ق ِ ي ّ ا
ص َ ن ا د ِ ي ق
ت َ ط ْ ب ِ ي ع َ ي ْ ن ِ
ا ل أ َ س ْ ل َ م َ ت َ ي ْ
ت َ ك ْ ذ ِ ي ب َ
ا ل ت ّ َ ق ْ د ِ ي م ا ت ِ
ا ل م ُ ج ْ ر ِ م َ ة
ا ل ج َ م ْ ع ِ ي ّ ا ت ِ
ا ل أ َ ر َ ق ّ ُ
ا ل ح َ ر َ ك ِ ي ّ ا ت
ا ل آ م ِ ل ِ ي
أ َ خ ْ م َ ص َ ي ْ
