إ ِ ي ط ا ل ِ ي ّ َ ة ً
ا ل ح َ ر َ ك ا ت ُ
ث َ ع ْ ل َ ب ا ت ٍ
س ُ و م ِ ر ِ ي ّ َ ت َ ي ْ
ا ل ت ّ َ ن ا ن ِ ي ن َ
ث َ ع ْ ل َ ب َ ي ْ ن ِ
ا ل أ َ س ْ ل َ م َ ت َ ي ْ ن ِ
س َ ل ِ ي ف َ ة ً
ح َ ر َ ك ِ ي ّ َ ة ِ
ت َ د ْ ر ِ ي ب ِ ي ّ ِ ي ن َ
ا ل ا ِ ن ْ ت ِ ح ا ل ا ت ِ
ح َ ر ِ ج َ ة
ا ل آ م ِ ل ِ ي ن َ
ا ل ح َ ر َ ك ِ ي ّ
ت َ ح َ ر ّ
ت َ ص َ ف ّ ُ ح ا ً
ا ل إ ِ ي ط ا ل ِ ي ّ َ ت َ ي ْ ن ِ
ت ُ ن ْ ه ِ ض َ
ث َ ع ْ ل َ ب ا ت
ت َ ن ا ق ُ ض ِ
ا ل ح َ ر َ ك ِ ي ّ َ ة
ف ُ ن ْ د ُ ق ِ ي ّ ا ت ٍ
إ ِ د ْ م ا ن ا ت ٍ
ا ل ف ُ ن ْ د ُ ق ِ ي ّ َ ي ْ
م ُ ت َ س ا ب ِ ق َ ة ِ
ا ل م ُ ع ْ ط ِ ي َ ت َ ي ْ ن ِ
ن َ ق ْ ت َ ف ِ
ص َ ي ْ ر ُ و ر َ ة ِ
ا ل إ ِ ع ا ش َ ت َ ي ْ ن ِ
آ م ِ ل ُ و ن َ
ا ل أ َ ر ُ ز ّ َ
ع َ ر ّ ا ب َ ة ٍ
م ُ ت َ د ا ع ِ ي َ ة ِ
ت َ ق ْ د ِ ي م ا ت ِ
ا ل أ َ ر َ ق ّ ِ
إ ِ ي ط ا ل ِ ي ّ
ل َ م ْ س ٌ
ا ل م ُ ت َ و َ ق ّ ِ ع َ ت ا ن ِ
ا ل م ُ ت َ س ا ب ِ ق َ ة َ
ا ل أ َ س ْ ل َ م َ ة َ
ب ا ه ِ ظ ا ت ِ
إ ِ ي د ا ع َ
م ُ ج ْ ر ِ م َ ي ْ
س ُ و م ِ ر ِ ي ّ َ ت َ ي ْ
م َ ل ّ َ ت ا
و ُ ك َ ل ا ء َ
ب ا ه ِ ظ َ ي ْ ن ِ
م َ ش ْ ر َ ف ا
ت ُ د َ ر ّ ِ س ِ ي
ت َ ح َ ر ّ ِ ي ا ت
م ُ ت َ د ا ع ُ و ن َ
إ ِ ي ط ا ل ِ ي ّ ِ ي
ت َ ق ْ ل ِ ي د
ت َ ح ْ ت َ ل ّ ِ ي ن َ
ا ل أ َ ر َ ق ّ ا
م ُ ت َ و َ ق ّ ِ ع ِ ي ن َ
ت َ س ْ ت َ أ ْ ه ِ ل َ
ا ل ت ّ َ ق ْ ل ِ ي د َ
ا ل ح َ ر َ ك ِ ي ّ َ ت ا ن ِ
ث َ ع ا ل ِ ب َ
م َ ش ا ر ِ ف َ
س ُ و م ِ ر ِ ي ّ َ ة ُ
ر ا ب ِ ط َ ة ِ
ا ل ا ِ ن ْ ت ِ ح ا ل ا ت ُ
ا ل ع ُ م ُ و م ِ ي ّ ا ت
ت َ ق ْ ل ِ ي د ِ
ا ل ع َ ر ّ ا ب ُ و
إ ِ ي ط ا ل ِ ي ّ َ ة َ
م َ أ ْ م ُ و ل َ ة
م ُ س ْ ت َ م ْ ل َ ك َ ت َ ي ْ ن ِ
م ا ئ ِ ع ا ن ِ
ا ل ص ّ َ ر ا م َ ة َ
ت َ ن ا ن ِ ي ن ِ
م ُ ت َ س ا ب ِ ق َ ي ْ
إ ِ ع ا ش َ ت َ ي ْ
ب َ ع ْ ث َ ة َ
ص َ ن ا د ِ ي ق َ
ا ل ج ُ ر ْ م ا ن ِ
ت ُ ن ْ ه ِ ض ِ ي
م ُ ج ْ ر ِ م ا ت ٍ
ا ل م ُ ت َ د ا ع ِ ي َ ت َ ي ْ ن ِ
ا ل ر ّ ا ب ِ ط َ ة ِ
ا ل ا ِ ن ْ ت ِ ح ا ل ِ
ب َ ع ْ ث َ ت َ ي ْ ن ِ
ج ُ ر ُ و م
ا ِ ح ْ ت ِ ي ا ط ا ت ِ
م ُ ج ْ ر ِ م َ ة ِ
ب ا ه ِ ظ ِ ي ن َ
ف ُ ن ْ د ُ ق ِ ي ّ َ ت َ ي ْ ن ِ
ف ُ ن ْ د ُ ق ِ ي ّ ا ت ِ
غ َ ز ّ ِ ي ّ َ ة َ
ا ل إ ِ د ْ م ا ن َ ي ْ ن ِ
و َ ك ِ ي ل َ ت َ ي ْ
ا ل غ َ ز ّ ِ ي ّ َ ت ا
ا ل ع َ ر ّ ا ب َ ي ْ ن ِ
ع ُ م ُ و م ِ ي ّ ا ت ٍ
ع َ ر ّ ا ب َ ت َ ي ْ ن ِ
ع ُ م ُ و م ِ ي ّ َ ي ْ ن ِ
ع َ ر ّ ا ب ا ت ِ
ع ُ م ُ و م ِ ي ّ ا ً
ا ل و َ ك ِ ي ل َ ت ا ن ِ
إ ِ د ْ م ا ن
ا ِ ح ْ ت ِ ي ا ط ا ت
ن ُ ل َ ص ّ ِ ق ُ
ث َ ع ْ ل َ ب َ
ب َ ع ْ ث َ ة ُ
م ا ئ ِ ع َ ي ْ ن ِ
م ُ ج ْ ر ِ م ا ن ِ
ا ل ت ّ َ ط ْ ب ِ ي ع َ
ت َ م ْ و ِ ي ل ِ ي ّ َ ت َ ي ْ
ت َ س ْ ت َ أ ْ ه ِ ل َ
ت َ ح ْ ت َ ل ّ ُ و ن َ
ا ل أ َ ر ُ ز ّ
ت َ ق ْ د ِ ي م ُ
ا ل ت ّ َ د ْ ر ِ ي ب ِ ي ّ َ ة ِ
أ َ ر َ ق ّ ُ
م ُ ع ْ ط ِ ي َ ة ُ
ا ل ج َ م ْ ع ِ ي ّ َ ت َ ي ْ ن ِ
ص َ ر ا م َ ة ً
ا ل ت ّ َ د ْ ر ِ ي ب ِ ي ّ َ ة ِ
ي َ ت َ ل ا ف َ و ْ ا
ت َ ك ْ ذ ِ ي ب ا ت ِ
إ ِ د ْ م ا ن ُ
م َ أ ْ م ُ و ل َ ت َ ي ْ
ف ُ ن ْ د ُ ق ِ ي ّ َ ي ْ ن ِ
آ م ِ ل َ ة ً
ا ل ت ّ َ د ْ ر ِ ي ب ِ ي ّ ا ت ِ
ي ُ ل َ ص ّ ِ ق َ
ح َ ر َ ك ا ت ٍ
ا ل م َ ش ْ ر َ ف
ت ِ ن ّ ِ ي ن َ ي ْ
ت َ ق ْ ل ِ ي د َ ي ْ ن ِ
م ا ئ ِ ع َ ت ا
ا ل ر ّ ُ ز ّ ِ
ا ل ت ّ َ م ْ و ِ ي ل ِ ي ّ ا ت ِ
ا ل م ُ ت َ و َ ق ّ ِ ع َ ي ْ ن ِ
أ َ س ْ ت َ أ ْ ه ِ ل َ
إ ِ د ْ م ا ن ا ت ِ
ل َ ص ّ َ ق َ ت
ت َ د ْ ر ِ ي ب ِ ي ّ َ ت ا ن ِ
ت َ ص َ ف ّ ُ ح ا ت
ت ُ ن ْ ه ِ ض ُ
ا ل م ُ د ِ ي ر ِ ي ّ ا ت ُ
ا ل م ُ ج ْ ر ِ م ا
ا ل س ّ َ ل ِ ي ف َ ت َ ي ْ
ت ُ ص َ ح ّ ِ ح ْ
ع َ ر ّ ا ب َ ت ا
ر ا ب ِ ط ِ ي ن َ
ا ل م ُ س ْ ت َ م ْ ل َ ك َ ة ُ
ت َ ق ْ ت َ ف ِ ي ا
ا ل و َ ك ِ ي ل َ ي ْ ن ِ
أ َ خ ْ ت َ ب ِ ر َ
س َ ل ِ ي ف ا ت ِ
ا ل ت ّ َ ط ْ ب ِ ي ع ا ت ِ
أ َ ح ْ ت َ ل ّ َ
س َ ل ِ ي ف ا ت ِ
أ َ س ْ ل َ م َ ت َ ي ْ ن ِ
ا ل ع ُ م ُ و م ِ ي ّ َ ت َ ي ْ ن ِ
و ُ ك َ ل ا ء ُ
ت ُ ص َ ح ّ ِ ح ْ
م َ ت ا ه ا ت ٍ
و ُ ك َ ل ا ء
ا ل أ َ س ْ ل َ م َ ت َ ي ْ ن ِ
ا ل آ م ِ ل َ ي ْ
ت َ ن ا ن ِ ي ن ُ
ا ِ ت ّ ِ ه ا م ِ ي ّ َ ت َ ي ْ
م ُ ك َ س ّ َ ر ا ت ِ
ا ل أ َ ر َ ق ّ َ ي ْ
ت َ ض ْ م َ ح ْ ل ِ ل ْ
ي ُ ف ْ ن َ ي ا ن ِ
م ُ س ْ ت َ م ْ ل َ ك ا ت ُ
ا ل آ م ِ ل َ ي ْ ن ِ
ج َ م ْ ع ِ ي ّ َ ت َ ي ْ ن ِ
إ ِ ي ط ا ل ِ ي ّ َ ة َ
م ُ ت َ س ا ب ِ ق َ ة َ
آ م ِ ل ا ت
إ ِ ي ط ا ل ِ ي ّ َ ي ْ
ا ل أ َ ج ْ ر ا م ِ
ا ل س ّ ُ و م ِ ر ِ ي ّ ُ
إ ِ ي ط ا ل ِ ي ّ ا ً
ا ل م ُ س ْ ت َ م ْ ل َ ك ِ ي
إ ِ د ْ م ا ن ا
ا ل ف ُ ن ْ د ُ ق ِ ي ّ َ
ا ِ ح ْ ت ِ ي ا ط ا ت ِ
ا ل ف ُ ن ْ د ُ ق ِ ي ّ َ ة
و َ ك ِ ي ل َ ي ْ
إ ِ ي د ا ع ا ت
ا ل م ُ ع ْ ط ِ ي ن َ
إ ِ ي ط ا ل ِ ي ّ َ ة ً
ت َ د ْ ر ِ ي ب ِ ي ّ ٌ
أ َ ر َ ق ّ َ ي ْ ن ِ
م ُ س ْ ت َ م ْ ل َ ك َ ة
ا ل ت ّ َ د ْ ر ِ ي ب ِ ي ّ ُ و
س َ ل ِ ي ف ا ت
آ م ِ ل ا ت
أ َ ر َ ق ّ َ
ث َ ع ْ ل َ ب َ ت َ ي ْ ن ِ
ا ل م ا ئ ِ ع َ ي ْ
ا ل ب ِ ع ْ ث َ ة ِ
آ م ِ ل َ ة ِ
ت َ ق ْ د ِ ي م ا ت ِ
م ُ ج ْ ر ِ م َ ي ْ
س ُ ل َ ف ا ء ِ
ت َ م ْ و ِ ي ل ِ ي ّ َ ي ْ ن ِ
م ُ ع ْ ط ِ ي َ ة َ
م ُ ج ْ ر ِ م ا ت ٌ
ا ِ ت ّ ِ ه ا م ِ ي ّ ُ
ا ل م ُ ع ْ ط ِ ي ا
إ ِ ي ط ا ل ِ ي ّ َ ي ْ ن ِ
ل َ ص ّ َ ق ْ ت ُ
م ُ ك َ س ّ َ ر ا ت ِ
ت ُ ل َ ص ّ ِ ق ْ ن َ
ا ل ع ُ م ُ و م ِ ي ّ َ ت َ ي ْ ن ِ
م ُ د ِ ي ر ِ ي ّ َ ت َ ي ْ
ا ل م ُ ع ْ ط ِ ي َ ي ْ ن ِ
م ُ ت َ و َ ق ّ ِ ع َ ت ا
ن ُ و َ د ّ ِ ع ْ
ت َ خ ْ ت َ ب ِ ر ُ
م ُ س ْ ت َ م ْ ل َ ك ِ ي ن َ
م ُ ت َ د ا ع ِ ي َ ت َ ي ْ
ا ل م َ ت ا ه َ ت َ ي ْ ن ِ
ا ل ع ُ م ُ و م ِ ي ّ َ ي ْ ن ِ
ا ل ا ِ ح ْ ت ِ ي ا ط ا ت ِ
ع َ ر ّ ا ب ا ت ُ
ا ل غ َ ز ّ ِ ي ّ ا
ت َ د ْ ر ِ ي ب ِ ي ّ ا ن ِ
ا ل ت ّ َ د ْ ر ِ ي ب ِ ي ّ َ ت َ ي ْ
ا ل س ّ ُ و م ِ ر ِ ي ّ َ ت َ ي ْ ن ِ
ا ل ث ّ َ ع ْ ل َ ب َ ت َ ي ْ ن ِ
ا ل م ا ئ ِ ع ُ
ت َ ك ا م ُ ل ِ ي ّ َ ت ا ن ِ
ص َ ر ا م َ ة
ت َ ح َ ر ّ ِ ي َ ي ْ
س ُ و م ِ ر ِ ي ّ ِ
ح َ ر ِ ج َ ة ُ
ا ل ت ّ َ د ْ ر ِ ي ب ِ ي ّ ا ت
ا ل ت ّ َ د ْ ر ِ ي ب ِ ي ّ َ ة
ا ل م َ أ ْ م ُ و ل َ ي ْ ن ِ
م ُ ج ْ ر ِ م ُ و
ت َ د ْ ر ِ ي ب ِ ي ّ ُ
ت َ ك ْ ذ ِ ي ب ٌ
ا ل ح َ ر ِ ج َ
ا ل إ ِ ي ط ا ل ِ ي ّ َ ت َ ي ْ ن ِ
أ َ ر َ ق ّ َ ي ْ
إ ِ ي ط ا ل ِ ي ّ ا ت ٌ
م ُ ج ْ ر ِ م ا
ع َ ر ّ ا ب ُ و ن َ
ت ُ ق ْ ت َ ف َ ى
آ م ِ ل ا ن ِ
ت ُ ن ْ ه َ ض َ
ت ِ ن ّ ِ ي ن َ
آ م ِ ل ا ت ٍ
س َ ل ِ ي ف ا ت ُ
ي َ خ ْ ت َ ب ِ ر ُ و ن َ
ح َ ر َ ك ا ت ِ
ر ا ب ِ ط َ ت َ ي ْ ن ِ
ي ُ ف ْ ن َ ى
م ا ئ ِ ع َ
ب ا ه ِ ظ َ ي ْ
ت َ ك ا م ُ ل ِ ي ّ ُ
ا ل ف ُ ن ْ د ُ ق ِ ي ّ َ ت ا ن ِ
إ ِ ي ط ا ل ِ ي ّ َ ة
ت ُ د َ ر ّ ِ س ْ ن َ
ا ل س ّ ُ و م ِ ر ِ ي ّ ُ
ت ُ ل َ ص ّ ِ ق ا
ع َ ر ّ ا ب َ
إ ِ د ْ م ا ن ا ت ِ
ف ُ ن ْ د ُ ق ِ ي ّ َ ت َ ي ْ ن ِ
ت ُ ن ْ ه ِ ض ْ ن َ
ا ل س ّ ُ و م ِ ر ِ ي ّ ا ت ُ
ا ل و َ ك ِ ي ل َ ت َ ي ْ ن ِ
ب َ ع ْ ث َ ت ا ن ِ
آ م ِ ل َ
ا ل م ُ ت َ و َ ق ّ ِ ع ا ت ِ
ا ل م ُ ع ْ ط ِ ي
م َ ش ْ ر َ ف َ
أ َ خ ْ م َ ص ا ن ِ
م ُ ك َ س ّ َ ر ا ت
إ ِ ع ا ش َ ة ُ
ا ل إ ِ ي ط ا ل ِ ي ّ
ا ل م ُ ج ْ ر ِ م ا ت
ا ل غ َ ز ّ ِ ي ّ َ ت َ ي ْ ن ِ
ا ل م ُ ع ْ ط ِ ي َ ي ْ
إ ِ د ْ م ا ن ٍ
ح َ ر َ ك َ ت ا ن ِ
ع ُ م ُ و م ِ ي ّ ِ ي
ر ُ ز ّ ِ
ا ل ت ّ ِ ن ّ ِ ي ن َ
ا ِ ح ْ ت ِ ي ا ط ا ت
ا ل إ ِ ي د ا ع ا ت ِ
ت َ م ْ و ِ ي ل ِ ي ّ َ ت َ ي ْ ن ِ
ت َ ك ْ ت ِ ي ل ا ت
ا ل ح َ ر ِ ج َ ة ِ
ت ِ ن ّ ِ ي ن ا
ع َ ر ّ ا ب َ ي ْ
ر ا ب ِ ط َ ت َ ي ْ
ا ِ خ ْ ت َ ب َ ر ْ ن َ
م ُ س ْ ت َ م ْ ل َ ك َ ت َ ي ْ ن ِ
أ َ ر َ ق ّ َ ي ْ ن ِ
ي َ خ ْ ت َ ب ِ ر ْ ن َ
ا ل م َ أ ْ م ُ و ل ِ
م َ ش ا ر ِ ف ُ
ا ل ب ا ه ِ ظ ا ت ِ
ا ل أ َ ر َ ق ّ َ ي ْ
ا ل ح َ ر ِ ج ِ
ر ِ ي ف ُ
ت َ ك ا م ُ ل ِ ي ّ ا ن ِ
ا ل م ُ ت َ س ا ب ِ ق َ ة ِ
ا ل ع َ ر ّ ا ب َ ة ِ
م َ أ ْ م ُ و ل َ ت ا
ت َ ن ا ق ُ ض ٍ
م ُ ج ْ ر ِ م ِ ي
ف ُ ن ْ د ُ ق ِ ي ّ َ ة َ
إ ِ ي ط ا ل ِ ي ّ َ ت ا ن ِ
ي َ ض ْ م َ ح ِ ل ّ ُ و ن َ
أ َ ر َ ق ّ َ ي ْ
ع َ ر ّ ا ب ا ت
ت َ ك ْ ذ ِ ي ب
ا ل ت ّ ِ ن ّ ِ ي ن ا ن ِ
أ َ خ ْ ت َ ب ِ ر ْ
ب ا ه ِ ظ َ ي ْ ن ِ
ا ِ ح ْ ت ِ ي ا ط ا
ع َ ر ّ ا ب ا ت ٍ
ت َ ق ْ ل ِ ي د َ
إ ِ ي ط ا ل ِ ي ّ ا ت
م ُ ع ْ ط ِ ي َ ت َ ي ْ
ا ل ا ِ ت ّ ِ ه ا م ِ ي ّ ِ
ت َ د ْ ر ِ ي ب ِ ي ّ َ ة ٍ
م ُ ع ْ ط ِ ي َ ة ٍ
ا ل م ُ ت َ د ا ع ِ ي ا ن ِ
ا ل و َ ك ِ ي ل َ ت َ ي ْ
ت َ د ْ ر ِ ي ب ِ ي ّ َ ت ا ن ِ
ع َ ر ّ ا ب َ ت َ ي ْ
م ُ ع ْ ط ِ ي َ ة
ا ل آ م ِ ل َ ي ْ
ي َ م َ ل ّ ا ن ِ
ا ل أ َ ر َ ق ّ ا ن ِ
ا ل س ّ َ ل ِ ي ف
آ م ِ ل َ ي ْ
ص ُ ن ْ د ُ و ق ُ
ا ِ ض ْ م َ ح َ ل ّ ُ و ا
أ َ ر َ ق ّ ُ
م ُ ت َ و َ ق ّ ِ ع َ ي ْ
ت َ ن ا ق ُ ض ا ت
إ ِ ث ا ر َ ة َ
ث َ ع ا ل ِ ب ُ
ا ل ت ّ َ ك ا م ُ ل ِ ي ّ َ ة ُ
ا ل م ُ ج ْ ر ِ م ا ن ِ
س َ ل ِ ي ف َ ي ْ ن ِ
ا ل ت ّ َ ك ا م ُ ل ِ ي ّ َ ة ِ
ت َ ق ْ ل ِ ي د ا ن ِ
ي ُ ص َ ح ّ ِ ح ْ ن َ
ت َ ق ْ ت َ ف ِ ي َ
ا ل إ ِ ي ط ا ل ِ ي ّ ِ ي ن َ
ا ل ب َ ع ْ ث َ ت َ ي ْ ن ِ
ا ل ع َ ر ّ ا ب ا ت
ا ل إ ِ ث ا ر َ ت َ ي ْ
ج َ م ْ ع ِ ي ّ ا ت ٍ
ا ل ح َ ر َ ك ِ ي ّ ا ت ِ
و َ ك ِ ي ل ٌ
إ ِ د ْ م ا ن ا ت ٍ
إ ِ ع ا ش ا ت ِ
ي َ م ْ ل َ ل ْ
إ ِ ي ط ا ل ِ ي ّ َ ي ْ ن ِ
م ُ ع ْ ط ِ ي ا ن ِ
ط َ م ْ س ٍ
ت ُ ل َ ص ّ ِ ق َ
ت َ م ْ ل َ ل ْ
إ ِ ث ا ر َ ة ُ
ا ل ف ُ ن ْ د ُ ق ِ ي ّ ُ
ت ُ ع َ ظ ّ ِ م ا
ت َ ق ْ ت َ ف ِ ي ن َ
ن ُ ع َ ظ ّ ِ م َ
ا ل م ُ ج ْ ر ِ م ا ن ِ
ا ِ ض ْ م َ ح َ ل ّ َ
أ َ ر َ ق ّ َ ي ْ ن ِ
م ا ئ ِ ع َ ة َ
ا ل ت ّ َ م ْ و ِ ي ل ِ ي ّ َ ة َ
ا ل أ َ ض ْ ر ا ر ُ
ت َ خ ْ ت َ ب ِ ر ِ ي ن َ
ا ل ت ّ َ م ْ و ِ ي ل ِ ي ّ ا ت
ت َ ق ْ د ِ ي م ُ
ا ل ف ُ ن ْ د ُ ق ِ ي ّ ِ
ا ل م ُ ت َ و َ ق ّ ِ ع ِ ي ن َ
م ُ ع ْ ط ِ ي ا
ا ل إ ِ ي ط ا ل ِ ي ّ َ ة
ا ل ع ُ م ُ و م ِ ي ّ َ ة
ي ُ ل َ ص ّ ِ ق ُ و ا
ف ُ ن ْ د ُ ق ِ ي ّ َ ة
ا ل م ُ س ْ ت َ م ْ ل َ ك
ي ُ و َ د ّ ِ ع َ
ا ل ع ُ م ُ و م ِ ي ّ ا ن ِ
ا ل ف ُ ن ْ د ُ ق ِ ي ّ ا ت ِ
م ُ ت َ د ا ع ِ ي َ ي ْ ن ِ
ر ا ب ِ ط َ ي ْ ن ِ
ا ِ خ ْ ت َ ب َ ر ْ ت ُ م ا
م ُ ع ْ ط ِ ي ن َ
ع َ ر ّ ا ب ِ ي
ج َ م ْ ع ِ ي ّ َ ت ا ن ِ
ا ِ ح ْ ت ِ ي ا ط َ ي ْ
أ َ ر َ ق ّ َ
ت َ ل ا ف َ ي ْ ت ُ
ص َ ن ا د ِ ي ق َ
ا ل أ َ ر َ ق ّ َ ي ْ ن ِ
إ ِ ي ط ا ل ِ ي ّ َ ت ا ن ِ
ت َ ق ْ ت َ ف ُ و ا
ا ل إ ِ ي ط ا ل ِ ي ّ ِ ي ن َ
آ م ِ ل َ ي ْ ن ِ
ا ل إ ِ ي ط ا ل ِ ي ّ َ ة ُ
ا ل م ُ ج ْ ر ِ م َ ة َ
ح َ ر َ ك ِ ي ّ َ ة
ا ل س ّ َ ل ِ ي ف َ ة ِ
ح َ ر َ ك ِ ي ّ َ ت َ ي ْ ن ِ
ا ِ ت ّ ِ ه ا م ِ ي ّ َ ي ْ ن ِ
أ َ س ْ ل َ م َ ت َ ي ْ ن ِ
م ُ ع ْ ط ِ ي َ ت َ ي ْ
إ ِ ي ط ا ل ِ ي ّ ا ت ِ
إ ِ ث ا ر ا ت ٌ
ا ل ح َ ر َ ك َ ت َ ي ْ
ر ا ب ِ ط َ ة ٌ
ا ل م ُ ج ْ ر ِ م ِ ي
ي َ ض ْ م َ ح ِ ل ّ َ
آ م ِ ل ا ت ِ
ا ل إ ِ ي د ا ع
س َ ل ِ ي ف ُ
ا ل م ُ ت َ و َ ق ّ ِ ع َ ت َ ي ْ ن ِ
م ا ئ ِ ع ُ
ا ل ت ّ َ م ْ و ِ ي ل ِ ي ّ َ ة ِ
ا ل ا ِ ن ْ ت ِ ح ا ل ا ت ِ
ت َ ح َ ر ّ ِ ي َ ي ْ
ا ل م ُ ج ْ ر ِ م َ ة ُ
م َ ش ْ ر َ ف ُ
ا ل س ّ ُ و م ِ ر ِ ي ّ َ ت َ ي ْ ن ِ
ت َ ق ْ ت َ ف ِ ي
أ َ ن ْ ه َ ض ْ ت ُ ن ّ َ
ت َ ك ا م ُ ل ِ ي ّ َ ت َ ي ْ
م َ أ ْ م ُ و ل َ ت َ ي ْ ن ِ
أ َ س ْ ل َ م َ ة ً
ا ل ج َ م ْ ع ِ ي ّ َ ت َ ي ْ
م ُ ت َ د ا ع ِ ي ا
م ُ ح ا ص َ ر ا ت ِ
ت َ ص َ ف ّ ُ ح ٍ
أ ُ ن ْ ه ِ ض ْ
ح َ ر َ ك ِ ي ّ َ ت ا ن ِ
م ُ ت َ و َ ق ّ ِ ع َ ت َ ي ْ ن ِ
م ُ د ِ ي ر ِ ي ّ ا ت ِ
ت َ خ ْ ت َ ب ِ ر ْ
ح ِ ص َ ص ِ
غ َ ز ّ ِ ي ّ َ ة ٍ
ت َ د ْ ر ِ ي ب ِ ي ّ ا ت ٌ
ا ل س ّ ُ و م ِ ر ِ ي ّ َ ت َ ي ْ
و َ ك ِ ي ل
ب ا ه ِ ظ َ ة َ
ي َ ت َ ل ا ف َ ي ْ ن َ
ا ل ح َ ر ِ ج
س ُ و م ِ ر ِ ي ّ ا ت ُ
ا ل ا ِ ن ْ ت ِ ح ا ل
ا ل س ّ َ ل ِ ي ف ا ت ُ
م ُ ج ْ ر ِ م ُ
ا ل م ُ ج ْ ر ِ م ا ت ُ
ح َ ر َ ك ِ ي ّ َ ت َ ي ْ
آ م ِ ل ا ت ٍ
ت َ ق ْ د ِ ي م َ
و َ ك ِ ي ل َ ة
ا ل م ا ئ ِ ع
ص َ ي ْ ر ُ و ر َ ة َ
ت َ د ْ ر ِ ي ب ِ ي ّ ا ت ِ
ت َ ح ْ ف ِ ي ز ا ت ٌ
ا ل م ُ ت َ د ا ع ِ ي َ ي ْ ن ِ
ت َ خ ْ ت َ ب ِ ر ْ ن َ
ا ِ ت ّ ِ ه ا م ِ ي ّ َ ي ْ
إ ِ ي ط ا ل ِ ي ّ َ ت َ ي ْ ن ِ
إ ِ ي ط ا ل ِ ي ّ َ ت َ ي ْ
ا ِ ح ْ ت ِ ي ا ط ا ً
ا ل ب ا ه ِ ظ ا ت
ع َ ر ّ ا ب ِ ي ن َ
ا ل م ُ س ْ ت َ م ْ ل َ ك َ ت َ ي ْ ن ِ
إ ِ ي ط ا ل ِ ي ّ ا ت
ا ل ج ُ ر ْ م ا
م ُ ت َ و َ ق ّ ِ ع َ ي ْ
أ َ س ْ ل َ م َ ة ٍ
م ُ ت َ و َ ق ّ ِ ع َ ة َ
ا ِ ض ْ م َ ح ْ ل َ ل ْ ن ا
ت ُ و َ د ّ ِ ع ا ن ِ
ع ُ م ُ و م ِ ي ّ َ ة ٍ
ا ل س ّ َ ل ِ ي ف ِ
ر ا ب ِ ط َ ت َ ي ْ
م ُ ك َ س ّ َ ر ا ت ُ
م ُ س ْ ت َ م ْ ل َ ك ا ت ِ
ا ل ع َ ر ّ ا ب ُ
ص َ ر ا م َ ة ِ
ا ل غ َ ز ّ ِ ي ّ َ ة َ
ت َ ق ْ ل ِ ي د ُ
ت َ د ْ ر ِ ي ب ِ ي ّ ا ت ِ
ح َ ر َ ك ِ ي ّ
ا ل ا ِ ت ّ ِ ه ا م ِ ي ّ َ ة ُ
م ا ئ ِ ع َ ي ْ
ا ل ع ُ م ُ و م ِ ي ّ َ ة
م ُ ت َ س ا ب ِ ق َ ت ا ن ِ
ا ل ع ُ م ُ و م ِ ي ّ ا ت ُ
