ت َ خ ْ ت َ ب ِ ر ُ و ن َ
ا ل م َ أ ْ م ُ و ل َ ت َ ي ْ ن ِ
ص ُ ن ْ د ُ و ق َ ي ْ
ا ل ت ّ َ ق ا ل ِ ي د ُ
غ َ ز ّ ِ ي ّ َ ت َ ي ْ ن ِ
م ُ ت َ س ا ب ِ ق َ ت ا
ا ل م ُ ج ْ ر ِ م َ ت َ ي ْ ن ِ
ل َ ص ّ َ ق ْ ت ِ
م ُ ت َ و َ ق ّ ِ ع ُ و
ع َ ر ّ ا ب َ ت َ ي ْ ن ِ
ا ل أ َ س ْ ل َ م َ ت ا ن ِ
ت َ م ْ و ِ ي ل ِ ي ّ ٍ
ن ُ ق ْ ت َ ف َ ى
إ ِ ي ط ا ل ِ ي ّ ا ت ِ
ا ل م َ ت ا ه َ ت َ ي ْ ن ِ
ا ل ت ّ ِ ن ّ ِ ي ن ا
م ُ د ِ ي ر ِ ي ّ َ ة ُ
إ ِ ع ا ش َ ت ا ن ِ
ا ل ص ّ َ ن ا د ِ ي ق َ
م َ ت ا ه َ ة ٌ
م ُ ت َ د ا ع ِ ي َ ت َ ي ْ ن ِ
ا ل ث ّ َ ع ْ ل َ ب َ ة َ
ر ِ ي ف ِ
غ َ ز ّ ِ ي ّ ِ
س ُ و م ِ ر ِ ي ّ ا ت
ت ُ ف ْ ن َ ى
م ُ ت َ و َ ق ّ ِ ع ِ
ت َ ك ْ ت ِ ي ل ُ
ت َ ح َ ر ّ ِ ي
ا ل إ ِ د ْ م ا ن ُ
و َ ك ِ ي ل َ ي ْ ن ِ
ا ل ب ِ ع ْ ث َ ت َ ي ْ ن ِ
م ُ ج ْ ر ِ م َ ة
و َ د ّ َ ع ْ ت ِ
ا ل ع ُ م ُ و م ِ ي ّ َ ة ُ
ر ِ ي ف ٌ
ا ِ ت ّ ِ ه ا م ِ ي ّ ا ن ِ
ا ل أ َ خ ْ م َ ص ُ
ا ل م ُ ح ا ص َ ر َ ت َ ي ْ
ا ِ ح ْ ت ِ ي ا ط ِ
ا ل ف ُ ن ْ د ُ ق ِ ي ّ َ ت َ ي ْ
م َ أ ْ م ُ و ل ا ً
ا ل ر ّ ا ب ِ ط َ ت ا ن ِ
م َ ت ا ه َ ة
و َ د ّ َ ع َ
و ُ ك َ ل ا ء ِ
أ َ ر َ ق ّ ا
ت َ ت َ ل ا ف َ ي ْ ن َ
أ َ ب ْ ه َ ي ا
ر ُ ز ّ
ا ل ع ُ م ُ و م ِ ي ّ ُ و
ت َ ط ْ ب ِ ي ع َ
ف ُ ن ْ د ُ ق ِ ي ّ
ا ل ت ّ َ م ْ و ِ ي ل ِ ي ّ ا ت ِ
ا ل إ ِ ع ا ش َ ت َ ي ْ
ف ُ ن ْ د ُ ق ِ ي ّ َ ة ً
ا ل م ُ س ْ ت َ م ْ ل َ ك ا ت ِ
إ ِ ع ا ش َ ة ً
ث َ ع ْ ل َ ب ِ
م ُ ج ْ ر ِ م ِ ي
ت َ د ْ ر ِ ي ب ِ ي ّ
ث َ ع ْ ل َ ب ُ
ي ُ د َ ر ّ ِ س ا
م ُ ج ْ ر ِ م َ ة
م ُ ت َ س ا ب ِ ق ا ً
و َ د ّ َ ع َ ت
أ َ ر ْ ي ا ف ِ
ا ل م َ ش ا ر ِ ف ِ
ص ُ ن ْ د ُ و ق َ
غ َ ز ّ ِ ي ّ َ ت َ ي ْ ن ِ
ا ِ ح ْ ت َ ل َ ل ْ ت ُ ن ّ َ
ا ل ب ا ه ِ ظ ا ت ِ
ث َ ع ْ ل َ ب ا ت ِ
ا ل م ُ ج ْ ر ِ م ِ ي
ا ل ص ّ َ ن ا د ِ ي ق ُ
ا ل م ُ س ْ ت َ م ْ ل َ ك َ ت ا ن ِ
ا ل ت ّ َ م ْ و ِ ي ل ِ ي ّ َ ة َ
ر ا ب ِ ط ا ت ُ
ا ل م ُ س ْ ت َ م ْ ل َ ك ِ ي ن َ
ا ِ ن ْ ت ِ ح ا ل ا ت ِ
ت َ ط ْ ب ِ ي ع َ ي ْ ن ِ
ت َ ط ْ ب ِ ي ع ا
ا ل ع َ ر ّ ا ب ا ت ِ
ا ل م ُ س ْ ت َ م ْ ل َ ك َ ت َ ي ْ
ع ُ م ُ و م ِ ي ّ َ ت َ ي ْ
أ َ ب ْ ه ا
غ َ ز ّ ِ ي ّ َ ت ا ن ِ
و َ ك ِ ي ل ا ت
س َ ل ِ ي ف َ ي ْ
أ َ ب ْ ه َ ي َ ي ْ
إ ِ ي ط ا ل ِ ي ّ َ ي ْ
ا ل ر ّ ا ب ِ ط َ ت َ ي ْ
ي َ ض ْ م َ ح ِ ل ّ ُ و ا
إ ِ ث ا ر ا ت ِ
م ُ ت َ س ا ب ِ ق ُ
ت َ م ْ ل َ ل ْ ن َ
ا ل ت ّ ِ ن ّ ِ ي ن َ ي ْ ن ِ
ا ل ت ّ َ د ْ ر ِ ي ب ِ ي ّ ا ت ِ
ا ل غ َ ز ّ ِ ي ّ َ ة ُ
ا ل س ّ ُ و م ِ ر ِ ي ّ ِ
ا ل إ ِ ع ا ش َ ة ِ
أ َ ر َ ق ّ ا
ح َ ر ِ ج ا ت ِ
ا ل ت ّ َ د ْ ر ِ ي ب ِ ي ّ َ ة َ
ت ُ و َ د ّ ِ ع ْ ن َ
ت َ ن ا ق ُ ض ا ت ُ
أ َ ض ْ م َ ح ِ ل ّ ُ
أ َ ر َ ق ّ ا
ح َ ر ِ ج
ث َ ع ْ ل َ ب َ ت َ ي ْ ن ِ
ل َ م ْ س ُ
م ُ ج ْ ر ِ م ُ و
ا ل أ َ ر َ ق ّ ا ن ِ
ا ل أ َ ر َ ق ّ َ ي ْ ن ِ
م ُ ت َ و َ ق ّ ِ ع ا ت ِ
ب َ ع ْ ث َ ة ٍ
ع َ ر ّ ا ب َ
ل َ م ْ س ِ
ش َ ر ا س َ ة ٍ
ع ُ م ُ و م ِ ي ّ ِ ي ن َ
ا ل س ّ ُ م ْ ع َ ة ِ
أ َ ج ْ ر ا م
ي ُ ن ْ ه ِ ض ْ
م ا ئ ِ ع ٌ
ا ل غ َ ز ّ ِ ي ّ ُ
م ُ ت َ س ا ب ِ ق ِ ي
ا ل ف ُ ن ْ د ُ ق ِ ي ّ ا ت ِ
ا ل م ُ ت َ س ا ب ِ ق ُ
ح َ ر َ ك ِ ي ّ َ ة ُ
م َ أ ْ م ُ و ل َ ت َ ي ْ ن ِ
س َ ل ِ ي ف َ ة ِ
آ م ِ ل ِ ي
ت َ م ْ و ِ ي ل ِ ي ّ ا
ن ُ ن ْ ه ِ ض َ
ج َ م ْ ع ِ ي ّ ا ت ِ
ج َ م ْ ع ِ ي ّ َ ة ِ
م ُ س ْ ت َ م ْ ل َ ك ا ت ٍ
م َ أ ْ م ُ و ل َ ة ِ
م ُ ج ْ ر ِ م ِ ي
م ُ ج ْ ر ِ م َ ة ُ
ت ُ ق ْ ت َ ف َ ى
ا ل م ُ ع ْ ط ِ ي ا ت ُ
ا ل ت ّ َ ق ا ل ِ ي د ِ
ت َ ك ْ ت ِ ي ل ا ت ِ
م ُ د ِ ي ر ِ ي ّ ا ت ِ
ت َ ض ْ م َ ح ْ ل ِ ل ْ
ا ل ر ّ ا ب ِ ط ا ت
ا ِ ن ْ ت ِ ح ا ل ا ت ِ
ا ِ ت ّ ِ ه ا م ِ ي ّ ا ً
ب ا ه ِ ظ َ ي ْ
ج ُ ر ْ م َ ي ْ
ج َ م ْ ع ِ ي ّ َ ة ٍ
س ُ م ْ ع َ ة ٌ
ا ل ت ّ َ ص َ ف ّ ُ ح ا ت ِ
ا ل أ َ ر َ ق ّ َ ي ْ
ج َ م ْ ع ِ ي ّ َ ة َ
ا ل ا ِ ح ْ ت ِ ي ا ط َ ي ْ
ا ل م ُ ح ا ص َ ر ا ت ِ
ا ل س ّ ُ و م ِ ر ِ ي ّ َ ة
ا ل أ َ ر َ ق ّ َ ي ْ
ت َ ك ا م ُ ل ِ ي ّ َ ي ْ ن ِ
ت َ د ْ ر ِ ي ب ِ ي ّ ِ ي
ا ل إ ِ ي ط ا ل ِ ي ّ ا ت ِ
أ َ ر َ ق ّ
ا ل ث ّ َ ع ْ ل َ ب َ
م ُ ع ْ ط ِ ي َ ت َ ي ْ
أ َ ن ْ ه َ ض َ ت ا
ا ل ت ّ َ د ْ ر ِ ي ب ِ ي ّ َ ت َ ي ْ
م ُ ج ْ ر ِ م ٌ
و ُ ك َ ل ا ء ُ
ا ل م ُ د ِ ي ر ِ ي ّ َ ت َ ي ْ ن ِ
ر ا ب ِ ط َ ت َ ي ْ
ت َ ق ْ ل ِ ي د ِ
ا ِ ق ْ ت َ ف َ و ْ ا
ا ل ت ّ َ ك ا م ُ ل ِ ي ّ َ ي ْ
م ُ د ِ ي ر ِ ي ّ َ ت ا ن ِ
م ُ س ْ ت َ م ْ ل َ ك ُ و
ت َ د ْ ر ِ ي ب ِ ي ّ َ ة ً
إ ِ ع ا ش ا ت ٍ
أ َ ر َ ق ّ َ ي ْ
ت َ م ْ و ِ ي ل ِ ي ّ َ ة ِ
ح َ ر َ ك ا ت
ت َ م ْ و ِ ي ل ِ ي ّ َ ة ً
ح َ ر َ ك َ ت َ ي ْ
ص َ ن ا د ِ ي ق ِ
أ َ ر َ ق ّ َ
ت َ د ْ ر ِ ي ب ِ ي ّ ا
ا ل ح َ ر ِ ج َ ة َ
ا ل ت ّ َ م ْ و ِ ي ل ِ ي ّ ُ
ت َ ح ْ ف ِ ي ز ا ت ِ
ا ِ ت ّ ِ ه ا م ِ ي ّ َ ة َ
ت ِ ن ّ ِ ي ن ا ن ِ
ا ل إ ِ ي ط ا ل ِ ي ّ َ ي ْ ن ِ
س َ ل ِ ي ف ا ت
ا ل م ُ ت َ س ا ب ِ ق ِ ي ن َ
ص ُ ن ْ د ُ و ق ِ
ا ل ح ِ ص ّ َ ت َ ي ْ
ر ا ب ِ ط َ ة
ا ل م َ أ ْ م ُ و ل َ ت َ ي ْ
ا ل س ّ َ ل ِ ي ف ا ت ِ
ا ل س ّ ُ و م ِ ر ِ ي ّ َ
ج َ م ْ ع ِ ي ّ َ ة َ
ا ِ ت ّ ِ ه ا م ِ ي ّ َ
ا ل ت ّ َ ح ْ ف ِ ي ز
ج ُ ر ُ و م َ
ت َ ق ا ل ِ ي د َ
ا ل س ّ ُ و م ِ ر ِ ي ّ ا ت ِ
ع َ ر ّ ا ب
ج ُ ر ْ م ا
ا ل س ّ َ ل ِ ي ف َ ت َ ي ْ ن ِ
م َ ت ا ه َ ة ِ
ت ُ ص َ ح ّ ِ ح ْ ن َ
إ ِ ي ط ا ل ِ ي ّ ا ت ِ
ت ُ ف ْ ن َ ي ْ ن َ
ا ل ر ّ ا ب ِ ط ِ
م ُ ج ْ ر ِ م َ ة ِ
د َ ر ّ َ س ْ ت ِ
د َ ر ّ َ س ْ ت ُ م ا
إ ِ ي ط ا ل ِ ي ّ ا ت ٍ
ح َ ر َ ك ِ ي ّ َ ة ِ
ا ل م ُ ج ْ ر ِ م ِ ي
م ُ ت َ و َ ق ّ ِ ع ا ن ِ
ا ل أ َ ب ْ ه َ ى
م َ أ ْ م ُ و ل َ ت َ ي ْ
ا ل ت ّ َ م ْ و ِ ي ل ِ ي ّ ا ت ُ
غ َ ز ّ ِ ي ّ َ ة ِ
ص َ ن ا د ِ ي ق ُ
ا ل ت ّ َ د ْ ر ِ ي ب ِ ي ّ َ ة ُ
ا ل س ّ ُ و م ِ ر ِ ي ّ ِ ي ن َ
و َ ك ِ ي ل ُ
ا ل ف ُ ن ْ د ُ ق ِ ي ّ َ ي ْ ن ِ
ت َ د ْ ر ِ ي ب ِ ي ّ ا ت ٍ
ت َ ق ْ ل ِ ي د ا
ت ِ ن ّ ِ ي ن ِ
إ ِ د ْ م ا ن َ ي ْ ن ِ
إ ِ ي ط ا ل ِ ي ّ َ ي ْ ن ِ
ا ل ح َ ر َ ك ِ ي ّ َ
ا ل ت ّ َ ك ْ ذ ِ ي ب ا ت ِ
ا ل ت ّ َ م ْ و ِ ي ل ِ ي ّ َ ي ْ
م ُ س ْ ت َ م ْ ل َ ك ا ن ِ
ا ل إ ِ ع ا ش ا ت ُ
ت َ س ْ ت َ أ ْ ه ِ ل ُ و ن َ
س ُ و م ِ ر ِ ي ّ ِ ي
ص ُ ن ْ د ُ و ق ِ
غ َ ز ّ ِ ي ّ َ ي ْ
ا ل آ م ِ ل َ ت َ ي ْ
ا ل م ُ ت َ و َ ق ّ ِ ع َ ت َ ي ْ ن ِ
س ُ و م ِ ر ِ ي ّ ِ ي ن َ
ت َ س ْ ت َ أ ْ ه ِ ل ْ
أ ُ ص َ ح ّ ِ ح ُ
ا ل إ ِ ي ط ا ل ِ ي ّ َ ي ْ
ت َ س ْ ت َ أ ْ ه ِ ل ا
ت ُ ع َ ظ ّ ِ م ُ و ن َ
ت ُ ع َ ظ ّ ِ م ُ و ا
أ َ س ْ ت َ أ ْ ه ِ ل ُ
ي َ س ْ ت َ أ ْ ه ِ ل َ
س ُ و م ِ ر ِ ي ّ ا ت ِ
ا ل ث ّ َ ع ْ ل َ ب ا ت ُ
ت َ ك ا م ُ ل ِ ي ّ َ ة
س ُ و م ِ ر ِ ي ّ ا
س ُ و م ِ ر ِ ي ّ ا ن ِ
ا ل ت ّ َ م ْ و ِ ي ل ِ ي ّ
ت َ ط ْ ب ِ ي ع َ ي ْ
ت َ د ْ ر ِ ي ب ِ ي ّ ِ ي
ب ا ه ِ ظ َ ت َ ي ْ
م ُ ت َ و َ ق ّ ِ ع ِ ي ن َ
ت ُ و َ د ّ ِ ع ُ و ن َ
ا ل ع ُ م ُ و م ِ ي ّ ا ت ُ
ا ل ت ّ ِ ن ّ ِ ي ن َ ي ْ ن ِ
ا ل ح ِ ص ّ َ ت َ ي ْ ن ِ
ت َ ك ا م ُ ل ِ ي ّ َ ة
ا ل ب ا ه ِ ظ َ ت َ ي ْ ن ِ
ا ل ت ّ َ ك ْ ذ ِ ي ب ا ت ُ
ا ل م ُ ح ا ص َ ر ا ت ِ
ت َ ق ْ ل ِ ي د َ ي ْ ن ِ
ت َ م ْ و ِ ي ل ِ ي ّ ُ
ا ل ح ِ ص َ ص َ
ا ل ث ّ َ ع ْ ل َ ب ا
م ُ ت َ س ا ب ِ ق ا ن ِ
ا ل ع َ ر ّ ا ب ِ ي
س َ ل ِ ي ف َ ت َ ي ْ
إ ِ د ْ م ا ن َ ي ْ
ي َ ت َ ل ا ف َ ي ا
إ ِ ث ا ر َ ت َ ي ْ
ت َ م ْ و ِ ي ل ِ ي ّ ا ت
ا ل ح ِ ص َ ص ِ
ا ل ح َ ر َ ك َ ت َ ي ْ ن ِ
م َ أ ْ م ُ و ل َ ت َ ي ْ ن ِ
إ ِ ي ط ا ل ِ ي ّ َ ت ا ن ِ
ا ِ خ ْ ت َ ب َ ر ْ ت َ
ا ل م ُ ج ْ ر ِ م ِ ي ن َ
ع ُ م ُ و م ِ ي ّ َ ي ْ ن ِ
م َ أ ْ م ُ و ل ا ت ِ
م ُ ت َ س ا ب ِ ق َ ة ُ
ا ل ح َ ر َ ك ِ ي ّ ا ن ِ
ع ُ م ُ و م ِ ي ّ ِ ي
ا ل إ ِ ي ط ا ل ِ ي ّ ِ
ي ُ ص َ ح ّ ِ ح ُ و ن َ
إ ِ ي ط ا ل ِ ي ّ ا ن ِ
ت ُ ص َ ح ّ ِ ح ا ن ِ
ح َ ر َ ك ِ ي ّ َ ي ْ
ف ُ ن ْ د ُ ق ِ ي ّ َ ة ِ
ا ل أ َ ر َ ق ّ َ ي ْ
ح َ ر َ ك ِ ي ّ ا ت ِ
ا ل ع َ ر ّ ا ب ا
م ُ ج ْ ر ِ م َ ي ْ ن ِ
س ُ و م ِ ر ِ ي ّ ا ت ِ
ا ل ا ِ ح ْ ت ِ ي ا ط ا ت
ا ل م ُ س ْ ت َ م ْ ل َ ك
ا ل ح َ ر َ ك ِ ي ّ َ ة َ
ا ل ث ّ َ ع ا ل ِ ب ِ
ع ُ م ُ و م ِ ي ّ َ ة ِ
م ُ ت َ س ا ب ِ ق َ ة ِ
م ُ ج ْ ر ِ م َ ت َ ي ْ
ا ل ح َ ر َ ك ِ ي ّ ا ت ُ
س ُ و م ِ ر ِ ي ّ َ ة َ
م ُ ت َ و َ ق ّ ِ ع ا ت
ج ُ ر ْ م َ ي ْ ن ِ
ا ل ب ِ ع ْ ث َ ت ا ن ِ
ت َ م ْ و ِ ي ل ِ ي ّ ا ت ِ
ا ل أ َ ر ْ ي ا ف ُ
ا ل م ُ ت َ د ا ع ِ ي ا
ت َ ق ْ ل ِ ي د َ ي ْ
ا ل ح َ ر ِ ج َ ي ْ ن ِ
ا ِ ح ْ ت َ ل َ ل ْ ن ا
إ ِ ي ط ا ل ِ ي ّ َ ت َ ي ْ ن ِ
ت َ د ْ ر ِ ي ب ِ ي ّ َ
م َ أ ْ م ُ و ل َ ة ُ
غ َ ز ّ ِ ي ّ َ ت ا ن ِ
ف ُ ن ْ د ُ ق ِ ي ّ َ ة
ا ِ خ ْ ت َ ب َ ر ا
ا ل غ َ ز ّ ِ ي ّ َ ة ِ
أ َ ن ْ ه َ ض ْ ت ُ
م ُ د ِ ي ر ِ ي ّ َ ة ِ
م ُ ت َ و َ ق ّ ِ ع َ ة
ا ل س ّ َ ل ِ ي ف َ ة ُ
إ ِ ي ط ا ل ِ ي ّ ِ ي ن َ
ا ل م ُ ع ْ ط ِ ي َ ت َ ي ْ
ا ل م ُ ع ْ ط ِ ي َ ت َ ي ْ ن ِ
ا ل ت ّ َ ك ْ ذ ِ ي ب َ
ا ل م ُ ت َ د ا ع ِ ي َ ة
س ُ و م ِ ر ِ ي ّ َ ت ا ن ِ
ا ل م َ أ ْ م ُ و ل ا ت ِ
س َ ل ِ ي ف َ ت َ ي ْ
س َ ل ِ ي ف َ ت َ ي ْ ن ِ
ف ُ ن ْ د ُ ق ِ ي ّ ا ت
ا ل أ َ ض ْ ر ا ر ِ
م ُ ت َ س ا ب ِ ق ا ت ٍ
م ُ د ِ ي ر ِ ي ّ َ ة ٍ
ا ل ع ُ م ُ و م ِ ي ّ ا ت
ا ل م ُ ت َ د ا ع ِ ي
إ ِ ي ط ا ل ِ ي ّ ِ ي ن َ
ث َ ع ْ ل َ ب َ ي ْ
ا ل إ ِ د ْ م ا ن ا ت ِ
ا ل أ َ خ ْ م َ ص َ ي ْ
ت َ ك ا م ُ ل ِ ي ّ ٍ
إ ِ ي ط ا ل ِ ي ّ ُ و
ي ُ د َ ر ّ ِ س ُ و ن َ
ت َ ط ْ ب ِ ي ع ا ت ِ
ح َ ر َ ك ِ ي ّ َ ي ْ ن ِ
ت َ ك ا م ُ ل ِ ي ّ َ
ت َ ح َ ر ّ ِ ي ا ت ِ
ث َ ع ْ ل َ ب َ ي ْ ن ِ
م َ أ ْ م ُ و ل َ ة َ
م َ أ ْ م ُ و ل ِ ي
إ ِ ي ط ا ل ِ ي ّ ِ ي ن َ
س ُ و م ِ ر ِ ي ّ ا ً
س ُ و م ِ ر ِ ي ّ َ ة ٌ
ا ل م ُ ج ْ ر ِ م َ ي ْ
ت َ ح َ ر ّ ِ ي ا ن ِ
إ ِ ي ط ا ل ِ ي ّ ِ ي
ت َ ط ْ ب ِ ي ع ا ت ِ
ص ُ ن ْ د ُ و ق ا ن ِ
ت َ ق ْ ل ِ ي د ا ن ِ
ا ِ ن ْ ت ِ ح ا ل ا ت
ح َ ر َ ك ِ ي ّ ا ن ِ
ا ل ب ا ه ِ ظ ِ ي ن َ
م ُ ج ْ ر ِ م ُ و
ت َ ص َ ف ّ ُ ح ا ت ُ
ت ُ د َ ر ّ ِ س ا ن ِ
ا ل م ُ ت َ د ا ع ِ ي َ
س ُ و م ِ ر ِ ي ّ َ ة
ا ل ا ِ ح ْ ت ِ ي ا ط ا ت ُ
ا ِ ن ْ ت ِ ح ا ل َ
م ُ ج ْ ر ِ م ِ ي
ا ل م ُ ج ْ ر ِ م ا ت ِ
ا ل م ُ ت َ س ا ب ِ ق ِ
ا ل م ُ ج ْ ر ِ م َ ة ُ
ا ل ا ِ ح ْ ت ِ ي ا ط َ ي ْ ن ِ
ا ل ا ِ ح ْ ت ِ ي ا ط َ ي ْ
إ ِ ي ط ا ل ِ ي ّ َ ي ْ ن ِ
ا ل ص ّ ُ ن ْ د ُ و ق ِ
ي ُ ن ْ ه َ ض ُ و ن َ
ا ل م ُ ج ْ ر ِ م َ ة َ
ا ل س ّ ُ و م ِ ر ِ ي ّ
م ُ ج ْ ر ِ م ا
ت َ ك ْ ت ِ ي ل ا ت ِ
إ ِ د ْ م ا ن ا ت ُ
م ُ ج ْ ر ِ م ِ ي ن َ
ص َ ي ْ ر ُ و ر َ ة ُ
ت ُ ص َ ح ّ ِ ح ِ ي
ب ا ه ِ ظ َ ي ْ
أ َ ر َ ق ّ ِ
م َ أ ْ م ُ و ل ِ ي ن َ
ص َ ي ْ ر ُ و ر َ ة ٍ
م ُ ك َ س ّ َ ر ا ت ٍ
م ُ د ِ ي ر ِ ي ّ َ ة
ا ل م ُ ح ا ص َ ر ا ت
ت ُ ن ْ ه َ ض ُ و ا
م ُ س ْ ت َ م ْ ل َ ك َ
ا ل م َ أ ْ م ُ و ل ا ن ِ
م ا ئ ِ ع َ ي ْ
م ُ د ِ ي ر ِ ي ّ ا ت
ص ُ ن ْ د ُ و ق ا ن ِ
ص ُ ن ْ د ُ و ق ا
م ُ س ْ ت َ م ْ ل َ ك َ ي ْ ن ِ
د َ ر ّ َ س ُ و ا
س ُ و م ِ ر ِ ي ّ ا ت
م ُ د ِ ي ر ِ ي ّ َ ة
م ُ ت َ س ا ب ِ ق َ ة
ل َ ص ّ َ ق ْ ت ُ ن ّ َ
ا ل أ َ ض ْ ر ا ر َ
ص َ ح ّ َ ح ْ ت ُ ن ّ َ
م ُ ت َ س ا ب ِ ق ُ و
م ُ ج ْ ر ِ م ا ت ِ
ح َ ر َ ك ِ ي ّ ا
ص َ ن ا د ِ ي ق ُ
ص ُ ن ْ د ُ و ق ٌ
م ُ ج ْ ر ِ م ا ت ِ
س َ ل ِ ي ف َ ي ْ ن ِ
ا ل س ّ َ ل ِ ي ف ا ت ِ
ت َ ص َ ف ّ ُ ح ا ت ِ
م ُ ك َ س ّ َ ر ا ت
ا ل ب َ ع َ ث ا ت ِ
ت َ ح َ ر ّ ِ ي ا ت ِ
أ َ ض ْ ر ا ر ا ً
ا ل م َ ش ْ ر َ ف َ ي ْ ن ِ
ع َ ر ّ ا ب ِ ي
ا ل ل ّ َ م ْ س
م ُ ت َ و َ ق ّ ِ ع ُ
ا ل م ا ئ ِ ع َ ت َ ي ْ
إ ِ ي ط ا ل ِ ي ّ ُ
س ُ و م ِ ر ِ ي ّ ا ت
ع َ ر ّ ا ب ُ و
ا ل ت ّ َ ص َ ف ّ ُ ح ُ
ت َ ق ْ ل ِ ي د ا ً
ع ُ م ُ و م ِ ي ّ ِ ي ن َ
إ ِ ي ط ا ل ِ ي ّ ِ
غ َ ز ّ ِ ي ّ َ ي ْ ن ِ
إ ِ ي ط ا ل ِ ي ّ ُ
أ َ ت َ ل ا ف َ ى
ا ل م ُ ج ْ ر ِ م ا ت ُ
ا ل م ُ ج ْ ر ِ م َ ة َ
ج ُ ر ُ و م َ
م َ ت ا ه َ ت ا ن ِ
ا ل ت ّ َ ط ْ ب ِ ي ع ُ
م ُ ج ْ ر ِ م ا ت ُ
م ُ ت َ س ا ب ِ ق ٌ
ر ا ب ِ ط َ ت ا ن ِ
ي ُ د َ ر ّ ِ س ا ن ِ
م ُ ت َ د ا ع ِ ي َ ي ْ
ت ُ ن ْ ه ِ ض ُ و ا
ا ل إ ِ ي ط ا ل ِ ي ّ ا
ا ل ب ا ه ِ ظ َ ة َ
ا ل ت ّ َ ط ْ ب ِ ي ع
ا ل س ّ َ ل ِ ي ف ا ت
ع َ ر ّ ا ب َ ي ْ ن ِ
إ ِ ع ا ش َ ت َ ي ْ ن ِ
ا ل أ َ خ ْ م َ ص َ ي ْ ن ِ
و َ ك ِ ي ل ا
ن ُ ع َ ظ ّ ِ م ْ
ا ل إ ِ ي ط ا ل ِ ي ّ َ
ت َ ط ْ ب ِ ي ع ا ت
ص َ ن ا د ِ ي ق َ
ص َ ح ّ َ ح َ ت ا
ح َ ر َ ك ِ ي ّ ا ت
ا ل ت ّ َ ق ْ د ِ ي م ِ
ب ا ه ِ ظ َ ي ْ ن ِ
ا ل إ ِ ي ط ا ل ِ ي ّ ُ
إ ِ ي ط ا ل ِ ي ّ َ ة ُ
إ ِ ي ط ا ل ِ ي ّ َ ة ِ
ا ل إ ِ ع ا ش ا ت ِ
ح َ ر َ ك ِ ي ّ َ ة ُ
م ا ئ ِ ع َ ت َ ي ْ
ت َ ن ا ق ُ ض ا ت ِ
ا ل ح َ ر َ ك ِ ي ّ ُ
ا ل ر ّ ا ب ِ ط ا ت ُ
ا ل أ َ خ ا م ِ ص
ا ل ر ّ ا ب ِ ط َ ة َ
غ َ ز ّ ِ ي ّ َ ة ً
م ُ ج ْ ر ِ م ُ و ن َ
س َ ل ِ ي ف ا ت ِ
غ َ ز ّ ِ ي ّ ا ن ِ
ت َ ت َ ل ا ف َ ى
ا ل غ َ ز ّ ِ ي ّ َ
ي ُ ص َ ح ّ ِ ح ُ
ا ل ر ّ ا ب ِ ط ا ت ِ
ت ُ ص َ ح ّ ِ ح ا
ي ُ ل َ ص ّ ِ ق ُ
ا ل غ َ ز ّ ِ ي ّ َ
ا ل ر ّ ا ب ِ ط ا ت ِ
ا ل و ُ ك َ ل ا ء ِ
ج ُ ر ْ م َ ي ْ
ا ل م ُ ج ْ ر ِ م ا ت
م ا ئ ِ ع َ ي ْ ن ِ
م ُ ج ْ ر ِ م َ ة ُ
م ُ ح ا ص َ ر ا ت ُ
ا ل م ا ئ ِ ع َ ة ُ
ت َ ح َ ر ّ ِ ي َ
م ُ ج ْ ر ِ م َ ة ِ
إ ِ د ْ م ا ن ا ت ِ
ا ل آ م ِ ل َ ت َ ي ْ ن ِ
أ ُ د َ ر ّ ِ س ُ
م َ أ ْ م ُ و ل َ ة ٌ
ح َ ر ِ ج َ ي ْ
ا ل ح َ ر َ ك ِ ي ّ ِ
م ُ ت َ د ا ع ُ و ن َ
س َ ل ِ ي ف َ ة ُ
ا ِ ن ْ ت ِ ح ا ل ا ً
م ُ ت َ س ا ب ِ ق ا
ت ُ و َ د ّ ِ ع ُ
ا ل م ُ ع ْ ط ِ ي ا ت ِ
ت َ ص َ ف ّ ُ ح ِ
أ ُ ص َ ح ّ ِ ح ْ
ا ِ خ ْ ت َ ب َ ر َ
ي ُ ع َ ظ ّ ِ م ا
م َ أ ْ م ُ و ل ُ
ا ل م ا ئ ِ ع َ ة ِ
ص َ ي ْ ر ُ و ر َ ة
ص َ ح ّ َ ح ْ ت ِ
و َ ك ِ ي ل َ ت ا ن ِ
ا ل م َ أ ْ م ُ و ل َ
إ ِ ث ا ر َ ت َ ي ْ
ن ُ ص َ ح ّ ِ ح ُ
أ َ ر َ ق ّ َ
ا ل ث ّ َ ع ْ ل َ ب َ ة
ت ُ د َ ر ّ ِ س ُ
ن ُ ل َ ص ّ ِ ق ْ
م ُ ج ْ ر ِ م َ ة ً
ت ُ ن ْ ه َ ض ا ن ِ
م َ ت ا ه َ ت َ ي ْ ن ِ
ل َ ص ّ َ ق ْ ن ا
ع َ ر ّ ا ب ِ ي ن َ
ا ل ث ّ َ ع ْ ل َ ب
أ َ خ ْ م َ ص َ ي ْ ن ِ
ا ل أ َ ر ُ ز ّ ُ
ا ل آ م ِ ل َ ت َ ي ْ
أ َ ج ْ ر ا م َ
ي ُ د َ ر ّ ِ س ْ
و َ ك ِ ي ل َ ت َ ي ْ
ص َ ي ْ ر ُ و ر َ ة
ا ل أ َ ر َ ق ّ َ
ا ل أ َ ر َ ق ّ َ ي ْ
ع َ ظ ّ َ م ْ ن ا
إ ِ ي ط ا ل ِ ي ّ َ ة
ح َ ر َ ك ِ ي ّ َ ة َ
ا ل ر ّ ا ب ِ ط ا ت ُ
آ م ِ ل َ ت َ ي ْ ن ِ
ا ل آ م ِ ل ُ و
ت ُ د َ ر ّ ِ س ْ
إ ِ ي ط ا ل ِ ي ّ َ ة
ت ُ ل َ ص ّ ِ ق ا
ي َ س ْ ت َ أ ْ ه ِ ل ا ن ِ
ح ِ ص ّ َ ت َ ي ْ
ا ل م ا ئ ِ ع َ ة َ
ا ل أ َ خ ا م ِ ص ِ
ت ُ و َ د ّ ِ ع َ
ص ُ ن ْ د ُ و ق ٍ
آ م ِ ل َ ي ْ
آ م ِ ل َ ي ْ ن ِ
س ُ و م ِ ر ِ ي ّ َ
ح َ ر َ ك ِ ي ّ ُ
ت ُ ل َ ص ّ ِ ق ِ ي ن َ
أ َ ر ْ ي ا ف ٌ
ا ل م ُ ج ْ ر ِ م ِ ي
أ َ ج ْ ر ا م ِ
ج ُ ر ُ و م ِ
ا ل م ُ ج ْ ر ِ م ِ ي ن َ
ا ل إ ِ ث ا ر ا ت ِ
ا ل أ َ ب ْ ه َ ي َ ي ْ
م َ ش ا ر ِ ف َ
أ َ خ ا م ِ ص َ
ج َ م ْ ع ِ ي ّ َ ت ا ن ِ
ا ل إ ِ ع ا ش ا ت ِ
أ َ خ ْ م َ ص َ
و َ د ّ َ ع ْ ت َ
م ُ ح ا ص َ ر ا ت
م ُ ح ا ص َ ر ا ت
ا ل ح َ ر َ ك ِ ي ّ
م َ أ ْ م ُ و ل َ
ا ل ب َ ع َ ث ا ت
ت َ م ْ و ِ ي ل ِ ي ّ َ ة ٌ
ا ل ر ّ ا ب ِ ط ُ و
ع َ ر ّ ا ب ا ت ُ
ع َ ظ ّ َ م ْ ت ِ
ا ل م ُ ع ْ ط ِ ي ا ت
م ُ ح ا ص َ ر ا ت
ا ل ا ِ ح ْ ت ِ ي ا ط
ع َ ر ّ ا ب ا ت ِ
ع َ ظ ّ َ م ْ ن َ
ت َ م ْ و ِ ي ل ِ ي ّ َ ة ٍ
ا ل إ ِ ي د ا ع ُ
ت َ ص َ ف ّ ُ ح َ
أ َ ن ْ ه َ ض َ ت
ح َ ر َ ك ِ ي ّ ُ
م ُ س ْ ت َ م ْ ل َ ك ا
إ ِ ي د ا ع ا ت ِ
م ُ ت َ و َ ق ّ ِ ع
ب َ ع ْ ث َ ة ُ
ن َ ت َ ل ا ف َ ى
إ ِ د ْ م ا ن ا ت
ت َ م ْ و ِ ي ل ِ ي ّ َ ة َ
إ ِ د ْ م ا ن ا ن ِ
غ َ ز ّ ِ ي ّ َ ة
ا ِ ح ْ ت ِ ي ا ط َ ي ْ ن ِ
ص َ ن ا د ِ ي ق َ
ص َ ر ا م َ ة َ
د َ ر ّ َ س ْ ن ا
م ُ ج ْ ر ِ م َ ة ٌ
ا ل آ م ِ ل ِ ي ن َ
ح َ ر ِ ج َ ي ْ
ا ل أ َ س ْ ل َ م َ ة
ع َ ر ّ ا ب َ ي ْ
ا ل ح ِ ص ّ َ ة َ
ص َ ر ا م َ ة ُ
ا ِ ح ْ ت ِ ي ا ط َ ي ْ
ع َ ر ّ ا ب َ ة ُ
ا ل ت ّ َ ن ا ق ُ ض َ
أ َ خ ا م ِ ص َ
ع َ ر ّ ا ب َ ة ِ
ح َ ر َ ك ِ ي ّ ٌ
ت َ ح َ ر ّ ِ ي َ ي ْ
ت َ ن ا ق ُ ض ا ت
ج َ م ْ ع ِ ي ّ ا ت ُ
س ُ و م ِ ر ِ ي ّ
س ُ ل َ ف ا ء َ
م ُ ج ْ ر ِ م َ ة ٍ
ج ُ ر ْ م َ ي ْ ن ِ
ج ُ ر ْ م َ ي ْ
ت َ ص َ ف ّ ُ ح
م ُ ج ْ ر ِ م َ ة
ا ِ ح ْ ت ِ ي ا ط ا ن ِ
إ ِ د ْ م ا ن َ
ا ل ت ّ َ ك ْ ذ ِ ي ب
ا ل ح َ ر ِ ج ا ت ُ
ج َ م ْ ع ِ ي ّ ا ت ُ
و َ ك ِ ي ل َ ة ِ
ا ل ج ُ ر ْ م َ
أ َ ر ْ ي ا ف ُ
ا ل ب َ ع ْ ث َ ة ُ
ش َ ر ا س َ ة َ
ا ل ح َ ر َ ك ا ت ِ
ا ل إ ِ ع ا ش َ ة َ
ح َ ر ِ ج َ ة َ
ي َ س ْ ت َ أ ْ ه ِ ل ْ
ا ِ ح ْ ت ِ ي ا ط ا ت ٌ
ا ل ر ّ ِ ي ف ِ
ت َ ق ا ل ِ ي د َ
أ َ ر ْ ي ا ف ِ
أ َ ر َ ق ّ َ ي ْ
م ُ ع ْ ط ِ ي ا ت ُ
ث َ ع ا ل ِ ب َ
م ُ س ْ ت َ م ْ ل َ ك ِ
ا ِ ح ْ ت ِ ي ا ط ا ت ِ
ت َ ن ا ق ُ ض ا ت ٌ
ا ل آ م ِ ل ا ت ُ
ا ل ح َ ر َ ك ا ت ِ
ت َ ت َ ل ا ف َ ى
ت َ ك ْ ذ ِ ي ب ا ت ُ
ي ُ ن ْ ه َ ض َ
ي َ خ ْ ت َ ب ِ ر ا ن ِ
م ُ ت َ د ا ع ِ ي َ ة
ص َ ح ّ َ ح ا
ت َ ق ْ ل ِ ي د ٌ
أ َ خ ْ م َ ص ِ
و َ ك ِ ي ل َ ت َ ي ْ
ح ِ ص ّ َ ت ا ن ِ
ا ل ح َ ر َ ك َ ة ُ
ج َ م ْ ع ِ ي ّ َ ة ُ
م ُ ع ْ ط ِ ي
إ ِ ي ط ا ل ِ ي ّ ا ت
ح َ ر ِ ج ا ت ِ
إ ِ د ْ م ا ن ِ
ا ِ ح ْ ت ِ ي ا ط ا ت ِ
إ ِ ث ا ر ا ت ِ
م ُ س ْ ت َ م ْ ل َ ك ٍ
ح َ ر ِ ج ا ت ُ
ب ِ ع ْ ث َ ة ٌ
ي ُ ن ْ ه َ ض ْ
ت َ خ ْ ت َ ب ِ ر ِ ي
ب ا ه ِ ظ ا ت ِ
ب ا ه ِ ظ َ ة ِ
س ُ م ْ ع َ ة ُ
إ ِ ي ط ا ل ِ ي ّ َ
إ ِ ي ط ا ل ِ ي ّ ا
أ َ ر َ ق ّ َ ي ْ ن ِ
ج َ م ْ ع ِ ي ّ ا ت
ر ا ب ِ ط ا
ر ا ب ِ ط ا ن ِ
آ م ِ ل ِ ي ن َ
آ م ِ ل ِ ي
ا ل م ُ ج ْ ر ِ م ُ
إ ِ د ْ م ا ن ا ت
ا ِ ح ْ ت ِ ي ا ط ا ت ٍ
ا ل ح َ ر ِ ج ا ت
إ ِ د ْ م ا ن ِ
ح َ ر َ ك َ ة ِ
ا ل أ َ ر َ ق ّ
س َ ل ِ ي ف َ ة
ا ل م ُ ع ْ ط ِ ي َ
س ُ م ْ ع َ ة َ
أ ُ ن ْ ه ِ ض ُ
ا ل ع َ ر ّ ا ب ِ
ت َ ن ا ن ِ ي ن َ
ت َ ك ْ ذ ِ ي ب ا ت ِ
ب َ ع َ ث ا ت ِ
ا ِ ق ْ ت َ ف َ ي ا
ا ل ب َ ع ْ ث َ ة َ
ا ل م َ ش ْ ر َ ف ِ
ت َ ح ْ ف ِ ي ز ا ت ِ
م ُ ج ْ ر ِ م َ
إ ِ ي د ا ع ا ت
ي َ ق ْ ت َ ف ِ ي ا
ث َ ع ا ل ِ ب ِ
ت َ م َ ل ّ ُ و ا
م ُ س ْ ت َ م ْ ل َ ك َ
ت َ ق ْ د ِ ي م ا ت ٍ
ا ل أ َ خ ْ م َ ص َ
م ا ئ ِ ع َ ة ُ
ا ل أ َ ر َ ق ّ ُ
ا ل أ َ ر َ ق ّ ا ن ِ
ا ل م ُ ج ْ ر ِ م ِ
ع َ ر ّ ا ب ا ن ِ
ا ِ ح ْ ت ِ ي ا ط ٌ
ت َ ت َ ل ا ف َ
ع َ ر ّ ا ب ا ت
م َ ت ا ه ا ت ِ
ت َ ق ا ل ِ ي د
ر ا ب ِ ط ا ت ِ
ر ا ب ِ ط ا ت ِ
آ م ِ ل ا
ر ا ب ِ ط ا ت ِ
أ َ ر َ ق ّ َ ي ْ
أ َ ر َ ق ّ َ ي ْ ن ِ
ت َ ك ْ ت ِ ي ل ا ت ٍ
ا ِ ح ْ ت ِ ي ا ط ٍ
ا ل و ُ ك َ ل ا ء َ
ر ُ ز ّ ٌ
ي ُ ف ْ ن ُ و ن َ
آ م ِ ل َ ت ا ن ِ
ت َ ن ا ن ِ ي ن ُ
ا ل أ َ ر َ ق ّ ا
ا ل أ َ ر َ ق ّ ُ
أ َ ر َ ق ّ ا ن ِ
ا ل أ َ ر َ ق ّ ا
ا ل أ َ ر َ ق ّ ُ
أ َ خ ا م ِ ص ُ
م ُ ع ْ ط ِ ي ن َ
ا ل و َ ك ِ ي ل َ ة
آ م ِ ل ُ و
ت َ خ ْ ت َ ب ِ ر َ
أ َ ر َ ق ّ َ ي ْ
ا ل أ َ ر َ ق ّ َ ي ْ
ا ل ب ا ه ِ ظ ُ
ر ا ب ِ ط ِ ي ن َ
ع َ ر ّ ا ب َ ة
م ُ ح ا ص َ ر ا ت ٌ
ع َ ر ّ ا ب َ ة
أ َ ر َ ق ّ َ ي ْ ن ِ
أ َ ر َ ق ّ َ ي ْ
م ُ ج ْ ر ِ م ٌ
ت َ خ ْ ت َ ب ِ ر ْ
أ َ ر َ ق ّ ا ن ِ
ا ل ر ّ ا ب ِ ط َ
ا ل ض ّ َ ر َ ر َ
ح َ ر ِ ج ا ت
ب ا ه ِ ظ ا ت
س ُ م ْ ع َ ة ٍ
ت َ ك ْ ت ِ ي ل َ
ح َ ر ِ ج ا ت
ب ِ ع ْ ث َ ة
و َ ك ِ ي ل ا ت
أ َ م َ ل ّ ُ
م ُ ج ْ ر ِ م ِ
م ُ ج ْ ر ِ م ِ
م ُ ج ْ ر ِ م ِ
إ ِ ي د ا ع َ
س َ ل ِ ي ف َ ة
إ ِ ع ا ش ا ت ُ
ع َ ر ّ ا ب َ ة
ت َ ن ا ق ُ ض َ
إ ِ ع ا ش ا ت ُ
م َ ش ا ر ِ ف َ
ت َ ق ْ د ِ ي م ٌ
م َ ل ِ ل ْ ت ُ م
ص َ ر ا م َ ة
ب ا ه ِ ظ ا ت ٌ
ت َ ق ْ ت َ ف ِ ي ْ ن َ
ا ِ ت ّ ِ ه ا م ِ ي ّ َ ت َ ي ْ
ت َ ق ْ ت َ ف ِ ي
ا ِ ت ّ ِ ه ا م ِ ي ّ ا ن ِ
م َ ش ْ ر َ ف
ا ل أ َ ر َ ق ّ ُ
إ ِ ث ا ر َ ة ِ
ا ِ ت ّ ِ ه ا م ِ ي ّ َ ت ا
ت َ ك ْ ت ِ ي ل ٍ
ي ُ ف ْ ن ُ و ا
ب ا ه ِ ظ ا ت
أ َ ب ْ ه ا
إ ِ ع ا ش ا ت
ا ل آ م ِ ل ا ت
آ م ِ ل ا ت ِ
آ م ِ ل ا ت ِ
ا ِ ت ّ ِ ه ا م ِ ي ّ َ ة ِ
ح ِ ص ّ َ ة ُ
ا ل ح َ ر َ ك َ ة
أ َ خ ا م ِ ص ِ
ت َ ك ْ ذ ِ ي ب ِ
ب ا ه ِ ظ ِ ي
أ َ ب ْ ه ا
ا ل م ا ئ ِ ع ِ
م ُ ع ْ ط ُ و ن َ
و َ ك ِ ي ل ا ت ٍ
م ُ ت َ د ا ع ِ ي َ ة ِ
ا ِ ت ّ ِ ه ا م ِ ي ّ َ ي ْ ن ِ
و َ د ّ َ ع ا
ر ا ب ِ ط ِ ي
ح ِ ص َ ص ٍ
ح َ ر ِ ج ا ً
ر ا ب ِ ط ا ن ِ
ي َ ح ْ ت َ ل ّ ا ن ِ
آ م ِ ل ا ت ُ
إ ِ ث ا ر َ ة ٌ
إ ِ ث ا ر ا ت ٍ
م ا ئ ِ ع َ ة
ح َ ر َ ك ا ت ٌ
ح ِ ص ّ َ ة ٍ
ت َ ح ْ ف ِ ي ز ا ت
ا ل آ م ِ ل َ ي ْ
ا ِ ت ّ ِ ه ا م ِ ي ّ ٍ
ح َ ر َ ك َ ة ٌ
ت َ ح ْ ف ِ ي ز ا ت ٍ
و َ ك ِ ي ل ا
آ م ِ ل َ ت ا
ا ل آ م ِ ل ا ت ِ
ش َ ر ا س َ ة
س َ ل ِ ي ف ا ت ٌ
ت َ م َ ل ّ َ
س َ ل ِ ي ف ا ت ٍ
س ُ ل َ ف ا ء َ
أ َ ف ْ ن َ ى
ر ا ب ِ ط ا ت
ي ُ ف ْ ن َ ى
إ ِ ع ا ش َ ة
أ َ ف ْ ن َ ي ْ ت ُ م ا
ا ل آ م ِ ل ا ت ِ
ح َ ر ِ ج َ
ا ل آ م ِ ل ا ت ِ
آ م ِ ل ا ن ِ
ح َ ر ِ ج ِ
آ م ِ ل ُ و ن َ
س َ ل ِ ي ف ِ
ر ا ب ِ ط َ ة
س َ ل ِ ي ف ا ت
ع َ ر ّ ا ب ِ
ر ا ب ِ ط ا ت ٍ
ت ُ ف ْ ن ِ ي ن َ
م َ ل ِ ل ْ ت ُ
ل َ م ْ س ا ً
م ُ ع ْ ط ِ ي ا ت
ح ِ ص ّ َ ة
ا ل آ م ِ ل ا ت ُ
ت َ ح ْ ف ِ ي ز ُ
م ُ ت َ س ا ب ِ ق ا ت
ا ل ر ّ ِ ي ف
آ م ِ ل َ ة َ
ت َ ح ْ ف ِ ي ز ٌ
ر ُ ز ّ َ
ا ل ض ّ َ ر َ ر ُ
ب ا ه ِ ظ ُ
ب ا ه ِ ظ ُ
ح ِ ص ّ َ ة
ب ا ه ِ ظ ِ
ت َ ن ا ن ِ ي ن
ح ِ ص ّ َ ة
م ا ئ ِ ع ِ
ت َ م َ ل ّ َ
ت ُ ن ْ ه َ ض ا
س َ ل ِ ي ف ِ
م ُ ع ْ ط ِ ي َ ي ْ
م ُ ع ْ ط ِ ي َ ت ا
و َ ك ِ ي ل ٍ
ي ُ ف ْ ن َ ي ْ ن َ
م ُ ع ْ ط ِ ي َ ي ْ ن ِ
ر ا ب ِ ط ا
م ُ ع ْ ط ِ ي َ ة ِ
ط َ م ْ س َ
ر ا ب ِ ط ُ
ر ا ب ِ ط ِ
م َ ل ِ ل ْ ت ِ
ض َ ر َ ر ُ
د َ ر ّ َ س ا
ج َ م ْ ع ِ ي ّ َ ة ً
د َ ر ّ َ س َ
آ م ِ ل ا ت
ن َ م ْ ل َ ل ْ
ن َ م َ ل ّ َ
ج َ م ْ ع ِ ي ّ َ ة
م ُ ع ْ ط ِ ي ا
ا ل و َ ك ِ ي ل
ت ُ ف ْ ن ِ ي
آ م ِ ل ا
ح ِ ص َ ص َ
ل َ م ْ س ُ
ط َ م ْ س
ح َ ر ِ ج ٍ
ح ِ ص َ ص َ
م ُ ع ْ ط ِ ي َ ة َ
ت ُ ف ْ ن ِ ي َ
آ م ِ ل ا ت
آ م ِ ل ٌ
ا ل آ م ِ ل ُ
م ُ ع ْ ط ِ ي
أ ُ ف ْ ن ِ
ا ل آ م ِ ل ُ
ر ِ ي ف ِ
ت ُ ف ْ ن َ ى
ل َ م ْ س َ
م ُ ع ْ ط ِ ي ا ت ِ
م ُ ع ْ ط ِ ي َ ي ْ
م ُ ع ْ ط ِ ي َ ي ْ
ت ُ ف ْ ن َ
آ م ِ ل ِ
آ م ِ ل ِ
ل َ م ْ س ِ
آ م ِ ل َ
ض َ ر َ ر
ض َ ر َ ر ُ
أ َ ب ْ ه َ ي َ ي ْ ن ِ
أ َ ب ْ ه َ ي ا ن ِ
ا ل أ َ ب ْ ه َ ي ا
ا ل آ م ِ ل َ
آ م ِ ل ٍ
ت ُ ف ْ ن ِ ي ا
ا ل غ َ ز ّ ِ ي ّ َ ت َ ي ْ
ف ُ ن ْ د ُ ق ِ ي ّ ا ت ِ
ف ُ ن ْ د ُ ق ِ ي ّ ا ت ُ
ف ُ ن ْ د ُ ق ِ ي ّ ا ت ِ
ت ِ ن ّ ِ ي ن َ ي ْ ن ِ
ف ُ ن ْ د ُ ق ِ ي ّ َ ي ْ ن ِ
ت َ ط ْ ب ِ ي ع َ ي ْ ن ِ
ا ل آ م ِ ل َ
ت َ ح َ ر ّ ِ ي ا ت ُ
ا ل آ م ِ ل ِ
ث َ ع ْ ل َ ب َ ت َ ي ْ ن ِ
ف ُ ن ْ د ُ ق ِ ي ّ َ
ف ُ ن ْ د ُ ق ِ ي ّ َ
ف ُ ن ْ د ُ ق ِ ي ّ ِ
أ َ ن ْ ه َ ض ْ ن ا
ا ل آ م ِ ل ِ
آ م ِ ل
ا ل ب ا ه ِ ظ َ ي ْ
ث َ ع ْ ل َ ب َ ي ْ ن ِ
ا ل آ م ِ ل ِ
آ م ِ ل
ث َ ع ْ ل َ ب ا ت ُ
ا ل آ م ِ ل
ث َ ع ْ ل َ ب َ ة ُ
ت َ ط ْ ب ِ ي ع ا ن ِ
ث َ ع ْ ل َ ب َ ة ً
ا ل إ ِ ي د ا ع ا ت ِ
م َ ش ْ ر َ ف َ ي ْ ن ِ
أ َ س ْ ل َ م َ ة َ
ت َ ط ْ ب ِ ي ع ٌ
ت َ ح ْ ت َ ل ّ ا ن ِ
ت ِ ن ّ ِ ي ن ا
ث َ ع ْ ل َ ب ا ت
م َ ش ْ ر َ ف ٌ
ي ُ ن ْ ه ِ ض ا
ي ُ ن ْ ه ِ ض ُ
ا ل ب ا ه ِ ظ ا
أ َ خ ْ م َ ص ِ
ت َ ط ْ ب ِ ي ع ِ
ت ِ ن ّ ِ ي ن ٍ
ت َ ح َ ر ّ ِ ي ا ت
ت َ خ ْ ت َ ب ِ ر ا ن ِ
ت َ ن ا ق ُ ض ُ
ت َ ح ْ ت َ ل ّ ا ن ِ
ت َ ح ْ ت َ ل ِ ل ْ
ت َ ح ْ ت َ ل ّ ا
ي َ ح ْ ت َ ل ِ ل ْ
ي َ ح ْ ت َ ل ّ َ
ت َ ص َ ف ّ ُ ح ٌ
ت َ ح ْ ت َ ل ّ ُ
أ َ ب ْ ه َ ى
ا ل ب ا ه ِ ظ
آ م ِ ل َ ة َ
ث َ ع ْ ل َ ب ا ت ِ
آ م ِ ل َ ة
آ م ِ ل َ ة
