ت َ خ ْ ت َ ب ِ ر ُ و ن َ
ا ل م َ أ ْ م ُ و ل َ ت َ ي ْ ن ِ
ص ُ ن ْ د ُ و ق َ ي ْ
ا ل ت ّ َ ق ا ل ِ ي د ُ
غ َ ز ّ ِ ي ّ َ ت َ ي ْ ن ِ
م ُ ت َ س ا ب ِ ق َ ت ا
ا ل م ُ ج ْ ر ِ م َ ت َ ي ْ ن ِ
ل َ ص ّ َ ق ْ ت ِ
م ُ ت َ و َ ق ّ ِ ع ُ و
ع َ ر ّ ا ب َ ت َ ي ْ ن ِ
ا ل أ َ س ْ ل َ م َ ت ا ن ِ
ت َ م ْ و ِ ي ل ِ ي ّ ٍ
ن ُ ق ْ ت َ ف َ ى
إ ِ ي ط ا ل ِ ي ّ ا ت ِ
ا ل م َ ت ا ه َ ت َ ي ْ ن ِ
ا ل ت ّ ِ ن ّ ِ ي ن ا
م ُ د ِ ي ر ِ ي ّ َ ة ُ
إ ِ ع ا ش َ ت ا ن ِ
ا ل ص ّ َ ن ا د ِ ي ق َ
م َ ت ا ه َ ة ٌ
م ُ ت َ د ا ع ِ ي َ ت َ ي ْ ن ِ
ا ل ث ّ َ ع ْ ل َ ب َ ة َ
ر ِ ي ف ِ
غ َ ز ّ ِ ي ّ ِ
س ُ و م ِ ر ِ ي ّ ا ت
ت ُ ف ْ ن َ ى
م ُ ت َ و َ ق ّ ِ ع ِ
ت َ ك ْ ت ِ ي ل ُ
ت َ ح َ ر ّ ِ ي
ا ل إ ِ د ْ م ا ن ُ
و َ ك ِ ي ل َ ي ْ ن ِ
ا ل ب ِ ع ْ ث َ ت َ ي ْ ن ِ
م ُ ج ْ ر ِ م َ ة
و َ د ّ َ ع ْ ت ِ
ا ل ع ُ م ُ و م ِ ي ّ َ ة ُ
ر ِ ي ف ٌ
ا ِ ت ّ ِ ه ا م ِ ي ّ ا ن ِ
ا ل أ َ خ ْ م َ ص ُ
ا ل م ُ ح ا ص َ ر َ ت َ ي ْ
ا ِ ح ْ ت ِ ي ا ط ِ
ا ل ف ُ ن ْ د ُ ق ِ ي ّ َ ت َ ي ْ
م َ أ ْ م ُ و ل ا ً
ا ل ر ّ ا ب ِ ط َ ت ا ن ِ
م َ ت ا ه َ ة
و َ د ّ َ ع َ
و ُ ك َ ل ا ء ِ
أ َ ر َ ق ّ ا
ت َ ت َ ل ا ف َ ي ْ ن َ
أ َ ب ْ ه َ ي ا
ر ُ ز ّ
ا ل ع ُ م ُ و م ِ ي ّ ُ و
ت َ ط ْ ب ِ ي ع َ
ف ُ ن ْ د ُ ق ِ ي ّ
ا ل ت ّ َ م ْ و ِ ي ل ِ ي ّ ا ت ِ
ا ل إ ِ ع ا ش َ ت َ ي ْ
ف ُ ن ْ د ُ ق ِ ي ّ َ ة ً
ا ل م ُ س ْ ت َ م ْ ل َ ك ا ت ِ
إ ِ ع ا ش َ ة ً
ث َ ع ْ ل َ ب ِ
م ُ ج ْ ر ِ م ِ ي
ت َ د ْ ر ِ ي ب ِ ي ّ
ث َ ع ْ ل َ ب ُ
ي ُ د َ ر ّ ِ س ا
م ُ ج ْ ر ِ م َ ة
م ُ ت َ س ا ب ِ ق ا ً
و َ د ّ َ ع َ ت
أ َ ر ْ ي ا ف ِ
ا ل م َ ش ا ر ِ ف ِ
ص ُ ن ْ د ُ و ق َ
غ َ ز ّ ِ ي ّ َ ت َ ي ْ ن ِ
ا ِ ح ْ ت َ ل َ ل ْ ت ُ ن ّ َ
ا ل ب ا ه ِ ظ ا ت ِ
ث َ ع ْ ل َ ب ا ت ِ
ا ل م ُ ج ْ ر ِ م ِ ي
ا ل ص ّ َ ن ا د ِ ي ق ُ
ا ل م ُ س ْ ت َ م ْ ل َ ك َ ت ا ن ِ
ا ل ت ّ َ م ْ و ِ ي ل ِ ي ّ َ ة َ
ر ا ب ِ ط ا ت ُ
ا ل م ُ س ْ ت َ م ْ ل َ ك ِ ي ن َ
ا ِ ن ْ ت ِ ح ا ل ا ت ِ
ت َ ط ْ ب ِ ي ع َ ي ْ ن ِ
ت َ ط ْ ب ِ ي ع ا
ا ل ع َ ر ّ ا ب ا ت ِ
ا ل م ُ س ْ ت َ م ْ ل َ ك َ ت َ ي ْ
ع ُ م ُ و م ِ ي ّ َ ت َ ي ْ
أ َ ب ْ ه ا
غ َ ز ّ ِ ي ّ َ ت ا ن ِ
و َ ك ِ ي ل ا ت
س َ ل ِ ي ف َ ي ْ
أ َ ب ْ ه َ ي َ ي ْ
إ ِ ي ط ا ل ِ ي ّ َ ي ْ
ا ل ر ّ ا ب ِ ط َ ت َ ي ْ
ي َ ض ْ م َ ح ِ ل ّ ُ و ا
إ ِ ث ا ر ا ت ِ
م ُ ت َ س ا ب ِ ق ُ
ت َ م ْ ل َ ل ْ ن َ
ا ل ت ّ ِ ن ّ ِ ي ن َ ي ْ ن ِ
ا ل ت ّ َ د ْ ر ِ ي ب ِ ي ّ ا ت ِ
ا ل غ َ ز ّ ِ ي ّ َ ة ُ
ا ل س ّ ُ و م ِ ر ِ ي ّ ِ
ا ل إ ِ ع ا ش َ ة ِ
أ َ ر َ ق ّ ا
ح َ ر ِ ج ا ت ِ
ا ل ت ّ َ د ْ ر ِ ي ب ِ ي ّ َ ة َ
ت ُ و َ د ّ ِ ع ْ ن َ
ت َ ن ا ق ُ ض ا ت ُ
أ َ ض ْ م َ ح ِ ل ّ ُ
أ َ ر َ ق ّ ا
ح َ ر ِ ج
ث َ ع ْ ل َ ب َ ت َ ي ْ ن ِ
ل َ م ْ س ُ
م ُ ج ْ ر ِ م ُ و
ا ل أ َ ر َ ق ّ ا ن ِ
ا ل أ َ ر َ ق ّ َ ي ْ ن ِ
م ُ ت َ و َ ق ّ ِ ع ا ت ِ
ب َ ع ْ ث َ ة ٍ
ع َ ر ّ ا ب َ
ل َ م ْ س ِ
ش َ ر ا س َ ة ٍ
ع ُ م ُ و م ِ ي ّ ِ ي ن َ
ا ل س ّ ُ م ْ ع َ ة ِ
أ َ ج ْ ر ا م
ي ُ ن ْ ه ِ ض ْ
م ا ئ ِ ع ٌ
ا ل غ َ ز ّ ِ ي ّ ُ
م ُ ت َ س ا ب ِ ق ِ ي
ا ل ف ُ ن ْ د ُ ق ِ ي ّ ا ت ِ
ا ل م ُ ت َ س ا ب ِ ق ُ
ح َ ر َ ك ِ ي ّ َ ة ُ
م َ أ ْ م ُ و ل َ ت َ ي ْ ن ِ
س َ ل ِ ي ف َ ة ِ
آ م ِ ل ِ ي
ت َ م ْ و ِ ي ل ِ ي ّ ا
ن ُ ن ْ ه ِ ض َ
ج َ م ْ ع ِ ي ّ ا ت ِ
ج َ م ْ ع ِ ي ّ َ ة ِ
م ُ س ْ ت َ م ْ ل َ ك ا ت ٍ
م َ أ ْ م ُ و ل َ ة ِ
م ُ ج ْ ر ِ م ِ ي
م ُ ج ْ ر ِ م َ ة ُ
ت ُ ق ْ ت َ ف َ ى
ا ل م ُ ع ْ ط ِ ي ا ت ُ
ا ل ت ّ َ ق ا ل ِ ي د ِ
ت َ ك ْ ت ِ ي ل ا ت ِ
م ُ د ِ ي ر ِ ي ّ ا ت ِ
ت َ ض ْ م َ ح ْ ل ِ ل ْ
ا ل ر ّ ا ب ِ ط ا ت
ا ِ ن ْ ت ِ ح ا ل ا ت ِ
ا ِ ت ّ ِ ه ا م ِ ي ّ ا ً
ب ا ه ِ ظ َ ي ْ
ج ُ ر ْ م َ ي ْ
ج َ م ْ ع ِ ي ّ َ ة ٍ
س ُ م ْ ع َ ة ٌ
ا ل ت ّ َ ص َ ف ّ ُ ح ا ت ِ
ا ل أ َ ر َ ق ّ َ ي ْ
ج َ م ْ ع ِ ي ّ َ ة َ
ا ل ا ِ ح ْ ت ِ ي ا ط َ ي ْ
ا ل م ُ ح ا ص َ ر ا ت ِ
ا ل س ّ ُ و م ِ ر ِ ي ّ َ ة
ا ل أ َ ر َ ق ّ َ ي ْ
ت َ ك ا م ُ ل ِ ي ّ َ ي ْ ن ِ
ت َ د ْ ر ِ ي ب ِ ي ّ ِ ي
ا ل إ ِ ي ط ا ل ِ ي ّ ا ت ِ
أ َ ر َ ق ّ
ا ل ث ّ َ ع ْ ل َ ب َ
م ُ ع ْ ط ِ ي َ ت َ ي ْ
أ َ ن ْ ه َ ض َ ت ا
ا ل ت ّ َ د ْ ر ِ ي ب ِ ي ّ َ ت َ ي ْ
م ُ ج ْ ر ِ م ٌ
و ُ ك َ ل ا ء ُ
ا ل م ُ د ِ ي ر ِ ي ّ َ ت َ ي ْ ن ِ
ر ا ب ِ ط َ ت َ ي ْ
ت َ ق ْ ل ِ ي د ِ
ا ِ ق ْ ت َ ف َ و ْ ا
ا ل ت ّ َ ك ا م ُ ل ِ ي ّ َ ي ْ
م ُ د ِ ي ر ِ ي ّ َ ت ا ن ِ
م ُ س ْ ت َ م ْ ل َ ك ُ و
ت َ د ْ ر ِ ي ب ِ ي ّ َ ة ً
إ ِ ع ا ش ا ت ٍ
أ َ ر َ ق ّ َ ي ْ
ت َ م ْ و ِ ي ل ِ ي ّ َ ة ِ
ح َ ر َ ك ا ت
ت َ م ْ و ِ ي ل ِ ي ّ َ ة ً
ح َ ر َ ك َ ت َ ي ْ
ص َ ن ا د ِ ي ق ِ
أ َ ر َ ق ّ َ
ت َ د ْ ر ِ ي ب ِ ي ّ ا
ا ل ح َ ر ِ ج َ ة َ
ا ل ت ّ َ م ْ و ِ ي ل ِ ي ّ ُ
ت َ ح ْ ف ِ ي ز ا ت ِ
ا ِ ت ّ ِ ه ا م ِ ي ّ َ ة َ
ت ِ ن ّ ِ ي ن ا ن ِ
ا ل إ ِ ي ط ا ل ِ ي ّ َ ي ْ ن ِ
س َ ل ِ ي ف ا ت
ا ل م ُ ت َ س ا ب ِ ق ِ ي ن َ
ص ُ ن ْ د ُ و ق ِ
ا ل ح ِ ص ّ َ ت َ ي ْ
ر ا ب ِ ط َ ة
ا ل م َ أ ْ م ُ و ل َ ت َ ي ْ
ا ل س ّ َ ل ِ ي ف ا ت ِ
ا ل س ّ ُ و م ِ ر ِ ي ّ َ
ج َ م ْ ع ِ ي ّ َ ة َ
ا ِ ت ّ ِ ه ا م ِ ي ّ َ
ا ل ت ّ َ ح ْ ف ِ ي ز
ج ُ ر ُ و م َ
ت َ ق ا ل ِ ي د َ
ا ل س ّ ُ و م ِ ر ِ ي ّ ا ت ِ
ع َ ر ّ ا ب
ج ُ ر ْ م ا
ا ل س ّ َ ل ِ ي ف َ ت َ ي ْ ن ِ
م َ ت ا ه َ ة ِ
ت ُ ص َ ح ّ ِ ح ْ ن َ
إ ِ ي ط ا ل ِ ي ّ ا ت ِ
ت ُ ف ْ ن َ ي ْ ن َ
ا ل ر ّ ا ب ِ ط ِ
م ُ ج ْ ر ِ م َ ة ِ
د َ ر ّ َ س ْ ت ِ
د َ ر ّ َ س ْ ت ُ م ا
إ ِ ي ط ا ل ِ ي ّ ا ت ٍ
ح َ ر َ ك ِ ي ّ َ ة ِ
ا ل م ُ ج ْ ر ِ م ِ ي
م ُ ت َ و َ ق ّ ِ ع ا ن ِ
ا ل أ َ ب ْ ه َ ى
م َ أ ْ م ُ و ل َ ت َ ي ْ
ا ل ت ّ َ م ْ و ِ ي ل ِ ي ّ ا ت ُ
غ َ ز ّ ِ ي ّ َ ة ِ
ص َ ن ا د ِ ي ق ُ
ا ل ت ّ َ د ْ ر ِ ي ب ِ ي ّ َ ة ُ
ا ل س ّ ُ و م ِ ر ِ ي ّ ِ ي ن َ
و َ ك ِ ي ل ُ
ا ل ف ُ ن ْ د ُ ق ِ ي ّ َ ي ْ ن ِ
ت َ د ْ ر ِ ي ب ِ ي ّ ا ت ٍ
ت َ ق ْ ل ِ ي د ا
ت ِ ن ّ ِ ي ن ِ
إ ِ د ْ م ا ن َ ي ْ ن ِ
إ ِ ي ط ا ل ِ ي ّ َ ي ْ ن ِ
ا ل ح َ ر َ ك ِ ي ّ َ
ا ل ت ّ َ ك ْ ذ ِ ي ب ا ت ِ
ا ل ت ّ َ م ْ و ِ ي ل ِ ي ّ َ ي ْ
م ُ س ْ ت َ م ْ ل َ ك ا ن ِ
ا ل إ ِ ع ا ش ا ت ُ
ت َ س ْ ت َ أ ْ ه ِ ل ُ و ن َ
س ُ و م ِ ر ِ ي ّ ِ ي
ص ُ ن ْ د ُ و ق ِ
غ َ ز ّ ِ ي ّ َ ي ْ
ا ل آ م ِ ل َ ت َ ي ْ
ا ل م ُ ت َ و َ ق ّ ِ ع َ ت َ ي ْ ن ِ
س ُ و م ِ ر ِ ي ّ ِ ي ن َ
ت َ س ْ ت َ أ ْ ه ِ ل ْ
أ ُ ص َ ح ّ ِ ح ُ
آ م ِ ل َ ت ا ن ِ
ي ُ ف ْ ن ُ و ن َ
ر ُ ز ّ ٌ
ا ل و ُ ك َ ل ا ء َ
ا ِ ح ْ ت ِ ي ا ط ٍ
ت َ ك ْ ت ِ ي ل ا ت ٍ
أ َ ر َ ق ّ َ ي ْ ن ِ
أ َ ر َ ق ّ َ ي ْ
ر ا ب ِ ط ا ت ِ
آ م ِ ل ا
ر ا ب ِ ط ا ت ِ
ر ا ب ِ ط ا ت ِ
ت َ ق ا ل ِ ي د
م َ ت ا ه ا ت ِ
ع َ ر ّ ا ب ا ت
ت َ ت َ ل ا ف َ
ا ِ ح ْ ت ِ ي ا ط ٌ
ع َ ر ّ ا ب ا ن ِ
ا ل م ُ ج ْ ر ِ م ِ
ا ل أ َ ر َ ق ّ ُ
ا ل أ َ ر َ ق ّ ا ن ِ
م ا ئ ِ ع َ ة ُ
ا ل أ َ خ ْ م َ ص َ
ت َ ق ْ د ِ ي م ا ت ٍ
م ُ س ْ ت َ م ْ ل َ ك َ
ت َ م َ ل ّ ُ و ا
ث َ ع ا ل ِ ب ِ
ي َ ق ْ ت َ ف ِ ي ا
إ ِ ي د ا ع ا ت
م ُ ج ْ ر ِ م َ
ت َ ح ْ ف ِ ي ز ا ت ِ
ا ل م َ ش ْ ر َ ف ِ
ا ل ب َ ع ْ ث َ ة َ
ا ِ ق ْ ت َ ف َ ي ا
ب َ ع َ ث ا ت ِ
ت َ ك ْ ذ ِ ي ب ا ت ِ
ت َ ن ا ن ِ ي ن َ
ا ل ع َ ر ّ ا ب ِ
أ ُ ن ْ ه ِ ض ُ
س ُ م ْ ع َ ة َ
ا ل م ُ ع ْ ط ِ ي َ
س َ ل ِ ي ف َ ة
ا ل أ َ ر َ ق ّ
ح َ ر َ ك َ ة ِ
إ ِ د ْ م ا ن ِ
ا ل ح َ ر ِ ج ا ت
ا ِ ح ْ ت ِ ي ا ط ا ت ٍ
إ ِ د ْ م ا ن ا ت
ا ل م ُ ج ْ ر ِ م ُ
آ م ِ ل ِ ي ن َ
آ م ِ ل ِ ي
ر ا ب ِ ط ا ن ِ
ر ا ب ِ ط ا
ج َ م ْ ع ِ ي ّ ا ت
أ َ ر َ ق ّ َ ي ْ ن ِ
إ ِ ي ط ا ل ِ ي ّ ا
إ ِ ي ط ا ل ِ ي ّ َ
س ُ م ْ ع َ ة ُ
ب ا ه ِ ظ َ ة ِ
ب ا ه ِ ظ ا ت ِ
ت َ خ ْ ت َ ب ِ ر ِ ي
ي ُ ن ْ ه َ ض ْ
ب ِ ع ْ ث َ ة ٌ
ح َ ر ِ ج ا ت ُ
م ُ س ْ ت َ م ْ ل َ ك ٍ
إ ِ ث ا ر ا ت ِ
ا ِ ح ْ ت ِ ي ا ط ا ت ِ
إ ِ د ْ م ا ن ِ
ح َ ر ِ ج ا ت ِ
إ ِ ي ط ا ل ِ ي ّ ا ت
م ُ ع ْ ط ِ ي
ج َ م ْ ع ِ ي ّ َ ة ُ
ا ل ح َ ر َ ك َ ة ُ
ح ِ ص ّ َ ت ا ن ِ
و َ ك ِ ي ل َ ت َ ي ْ
أ َ خ ْ م َ ص ِ
ت َ ق ْ ل ِ ي د ٌ
ص َ ح ّ َ ح ا
م ُ ت َ د ا ع ِ ي َ ة
ي َ خ ْ ت َ ب ِ ر ا ن ِ
ي ُ ن ْ ه َ ض َ
ت َ ك ْ ذ ِ ي ب ا ت ُ
ت َ ت َ ل ا ف َ ى
ا ل ح َ ر َ ك ا ت ِ
ا ل آ م ِ ل ا ت ُ
ت َ ن ا ق ُ ض ا ت ٌ
ا ِ ح ْ ت ِ ي ا ط ا ت ِ
م ُ س ْ ت َ م ْ ل َ ك ِ
ث َ ع ا ل ِ ب َ
م ُ ع ْ ط ِ ي ا ت ُ
أ َ ر َ ق ّ َ ي ْ
أ َ ر ْ ي ا ف ِ
ت َ ق ا ل ِ ي د َ
ا ل ر ّ ِ ي ف ِ
ا ِ ح ْ ت ِ ي ا ط ا ت ٌ
ي َ س ْ ت َ أ ْ ه ِ ل ْ
ح َ ر ِ ج َ ة َ
ا ل إ ِ ع ا ش َ ة َ
ا ل ح َ ر َ ك ا ت ِ
ش َ ر ا س َ ة َ
ا ل ب َ ع ْ ث َ ة ُ
أ َ ر ْ ي ا ف ُ
ا ل ج ُ ر ْ م َ
و َ ك ِ ي ل َ ة ِ
ج َ م ْ ع ِ ي ّ ا ت ُ
ا ل ح َ ر ِ ج ا ت ُ
ا ل ت ّ َ ك ْ ذ ِ ي ب
إ ِ د ْ م ا ن َ
ا ِ ح ْ ت ِ ي ا ط ا ن ِ
م ُ ج ْ ر ِ م َ ة
ت َ ص َ ف ّ ُ ح
ج ُ ر ْ م َ ي ْ ن ِ
ج ُ ر ْ م َ ي ْ
م ُ ج ْ ر ِ م َ ة ٍ
س ُ ل َ ف ا ء َ
س ُ و م ِ ر ِ ي ّ
ج َ م ْ ع ِ ي ّ ا ت ُ
ت َ ن ا ق ُ ض ا ت
ت َ ح َ ر ّ ِ ي َ ي ْ
ح َ ر َ ك ِ ي ّ ٌ
ع َ ر ّ ا ب َ ة ِ
أ َ خ ا م ِ ص َ
ا ل ت ّ َ ن ا ق ُ ض َ
ع َ ر ّ ا ب َ ة ُ
ا ِ ح ْ ت ِ ي ا ط َ ي ْ
ص َ ر ا م َ ة ُ
ا ل ح ِ ص ّ َ ة َ
ع َ ر ّ ا ب َ ي ْ
ا ل أ َ س ْ ل َ م َ ة
ح َ ر ِ ج َ ي ْ
ا ل آ م ِ ل ِ ي ن َ
م ُ ج ْ ر ِ م َ ة ٌ
د َ ر ّ َ س ْ ن ا
ص َ ر ا م َ ة َ
ص َ ن ا د ِ ي ق َ
ا ِ ح ْ ت ِ ي ا ط َ ي ْ ن ِ
غ َ ز ّ ِ ي ّ َ ة
إ ِ د ْ م ا ن ا ن ِ
ت َ م ْ و ِ ي ل ِ ي ّ َ ة َ
إ ِ د ْ م ا ن ا ت
ن َ ت َ ل ا ف َ ى
ب َ ع ْ ث َ ة ُ
م ُ ت َ و َ ق ّ ِ ع
إ ِ ي د ا ع ا ت ِ
م ُ س ْ ت َ م ْ ل َ ك ا
ح َ ر َ ك ِ ي ّ ُ
أ َ ن ْ ه َ ض َ ت
ت َ ص َ ف ّ ُ ح َ
ا ل إ ِ ي د ا ع ُ
ت َ م ْ و ِ ي ل ِ ي ّ َ ة ٍ
ع َ ظ ّ َ م ْ ن َ
ع َ ر ّ ا ب ا ت ِ
ا ل ا ِ ح ْ ت ِ ي ا ط
م ُ ح ا ص َ ر ا ت
ا ل م ُ ع ْ ط ِ ي ا ت
ع َ ظ ّ َ م ْ ت ِ
ع َ ر ّ ا ب ا ت ُ
ا ل ر ّ ا ب ِ ط ُ و
ت َ م ْ و ِ ي ل ِ ي ّ َ ة ٌ
ا ل ب َ ع َ ث ا ت
م َ أ ْ م ُ و ل َ
ا ل ح َ ر َ ك ِ ي ّ
م ُ ح ا ص َ ر ا ت
م ُ ح ا ص َ ر ا ت
و َ د ّ َ ع ْ ت َ
أ َ خ ْ م َ ص َ
ا ل إ ِ ع ا ش ا ت ِ
ج َ م ْ ع ِ ي ّ َ ت ا ن ِ
أ َ خ ا م ِ ص َ
م َ ش ا ر ِ ف َ
ا ل أ َ ب ْ ه َ ي َ ي ْ
ا ل إ ِ ث ا ر ا ت ِ
ا ل م ُ ج ْ ر ِ م ِ ي ن َ
أ َ ج ْ ر ا م ِ
ج ُ ر ُ و م ِ
ا ل م ُ ج ْ ر ِ م ِ ي
أ َ ر ْ ي ا ف ٌ
ت ُ ل َ ص ّ ِ ق ِ ي ن َ
ح َ ر َ ك ِ ي ّ ُ
س ُ و م ِ ر ِ ي ّ َ
آ م ِ ل َ ي ْ ن ِ
آ م ِ ل َ ي ْ
ص ُ ن ْ د ُ و ق ٍ
ت ُ و َ د ّ ِ ع َ
ا ل أ َ خ ا م ِ ص ِ
ا ل م ا ئ ِ ع َ ة َ
ح ِ ص ّ َ ت َ ي ْ
ي َ س ْ ت َ أ ْ ه ِ ل ا ن ِ
ت ُ ل َ ص ّ ِ ق ا
إ ِ ي ط ا ل ِ ي ّ َ ة
ت ُ د َ ر ّ ِ س ْ
ا ل آ م ِ ل ُ و
آ م ِ ل َ ت َ ي ْ ن ِ
ا ل ر ّ ا ب ِ ط ا ت ُ
ح َ ر َ ك ِ ي ّ َ ة َ
إ ِ ي ط ا ل ِ ي ّ َ ة
ع َ ظ ّ َ م ْ ن ا
ا ل أ َ ر َ ق ّ َ ي ْ
ا ل أ َ ر َ ق ّ َ
ص َ ي ْ ر ُ و ر َ ة
و َ ك ِ ي ل َ ت َ ي ْ
ي ُ د َ ر ّ ِ س ْ
أ َ ج ْ ر ا م َ
ا ل آ م ِ ل َ ت َ ي ْ
ا ل أ َ ر ُ ز ّ ُ
أ َ خ ْ م َ ص َ ي ْ ن ِ
ا ل ث ّ َ ع ْ ل َ ب
ع َ ر ّ ا ب ِ ي ن َ
ل َ ص ّ َ ق ْ ن ا
م َ ت ا ه َ ت َ ي ْ ن ِ
ت ُ ن ْ ه َ ض ا ن ِ
م ُ ج ْ ر ِ م َ ة ً
ن ُ ل َ ص ّ ِ ق ْ
ت ُ د َ ر ّ ِ س ُ
ا ل ث ّ َ ع ْ ل َ ب َ ة
أ َ ر َ ق ّ َ
ن ُ ص َ ح ّ ِ ح ُ
إ ِ ث ا ر َ ت َ ي ْ
ا ل م َ أ ْ م ُ و ل َ
و َ ك ِ ي ل َ ت ا ن ِ
ص َ ح ّ َ ح ْ ت ِ
ص َ ي ْ ر ُ و ر َ ة
ا ل م ا ئ ِ ع َ ة ِ
م َ أ ْ م ُ و ل ُ
ي ُ ع َ ظ ّ ِ م ا
ا ِ خ ْ ت َ ب َ ر َ
أ ُ ص َ ح ّ ِ ح ْ
ت َ ص َ ف ّ ُ ح ِ
ا ل م ُ ع ْ ط ِ ي ا ت ِ
ت ُ و َ د ّ ِ ع ُ
م ُ ت َ س ا ب ِ ق ا
ا ِ ن ْ ت ِ ح ا ل ا ً
س َ ل ِ ي ف َ ة ُ
م ُ ت َ د ا ع ُ و ن َ
ا ل ح َ ر َ ك ِ ي ّ ِ
ح َ ر ِ ج َ ي ْ
م َ أ ْ م ُ و ل َ ة ٌ
أ ُ د َ ر ّ ِ س ُ
ا ل آ م ِ ل َ ت َ ي ْ ن ِ
إ ِ د ْ م ا ن ا ت ِ
م ُ ج ْ ر ِ م َ ة ِ
ت َ ح َ ر ّ ِ ي َ
ا ل م ا ئ ِ ع َ ة ُ
م ُ ح ا ص َ ر ا ت ُ
م ُ ج ْ ر ِ م َ ة ُ
م ا ئ ِ ع َ ي ْ ن ِ
ا ل م ُ ج ْ ر ِ م ا ت
ج ُ ر ْ م َ ي ْ
ا ل و ُ ك َ ل ا ء ِ
ا ل ر ّ ا ب ِ ط ا ت ِ
ا ل غ َ ز ّ ِ ي ّ َ
ي ُ ل َ ص ّ ِ ق ُ
ت ُ ص َ ح ّ ِ ح ا
ا ل ر ّ ا ب ِ ط ا ت ِ
ي ُ ص َ ح ّ ِ ح ُ
ا ل غ َ ز ّ ِ ي ّ َ
ت َ ت َ ل ا ف َ ى
غ َ ز ّ ِ ي ّ ا ن ِ
س َ ل ِ ي ف ا ت ِ
م ُ ج ْ ر ِ م ُ و ن َ
غ َ ز ّ ِ ي ّ َ ة ً
ا ل ر ّ ا ب ِ ط َ ة َ
ا ل أ َ خ ا م ِ ص
ا ل ر ّ ا ب ِ ط ا ت ُ
ا ل ح َ ر َ ك ِ ي ّ ُ
ت َ ن ا ق ُ ض ا ت ِ
م ا ئ ِ ع َ ت َ ي ْ
ح َ ر َ ك ِ ي ّ َ ة ُ
ا ل إ ِ ع ا ش ا ت ِ
إ ِ ي ط ا ل ِ ي ّ َ ة ِ
إ ِ ي ط ا ل ِ ي ّ َ ة ُ
ا ل إ ِ ي ط ا ل ِ ي ّ ُ
ب ا ه ِ ظ َ ي ْ ن ِ
ا ل ت ّ َ ق ْ د ِ ي م ِ
ح َ ر َ ك ِ ي ّ ا ت
ص َ ح ّ َ ح َ ت ا
ص َ ن ا د ِ ي ق َ
ت َ ط ْ ب ِ ي ع ا ت
ا ل إ ِ ي ط ا ل ِ ي ّ َ
ن ُ ع َ ظ ّ ِ م ْ
و َ ك ِ ي ل ا
ا ل أ َ خ ْ م َ ص َ ي ْ ن ِ
إ ِ ع ا ش َ ت َ ي ْ ن ِ
ع َ ر ّ ا ب َ ي ْ ن ِ
ا ل س ّ َ ل ِ ي ف ا ت
ا ل ت ّ َ ط ْ ب ِ ي ع
ا ل ب ا ه ِ ظ َ ة َ
ا ل إ ِ ي ط ا ل ِ ي ّ ا
ت ُ ن ْ ه ِ ض ُ و ا
م ُ ت َ د ا ع ِ ي َ ي ْ
ي ُ د َ ر ّ ِ س ا ن ِ
ر ا ب ِ ط َ ت ا ن ِ
م ُ ت َ س ا ب ِ ق ٌ
م ُ ج ْ ر ِ م ا ت ُ
ا ل ت ّ َ ط ْ ب ِ ي ع ُ
م َ ت ا ه َ ت ا ن ِ
ج ُ ر ُ و م َ
ا ل م ُ ج ْ ر ِ م َ ة َ
ا ل م ُ ج ْ ر ِ م ا ت ُ
أ َ ت َ ل ا ف َ ى
إ ِ ي ط ا ل ِ ي ّ ُ
غ َ ز ّ ِ ي ّ َ ي ْ ن ِ
إ ِ ي ط ا ل ِ ي ّ ِ
ع ُ م ُ و م ِ ي ّ ِ ي ن َ
ت َ ق ْ ل ِ ي د ا ً
ا ل ت ّ َ ص َ ف ّ ُ ح ُ
ع َ ر ّ ا ب ُ و
س ُ و م ِ ر ِ ي ّ ا ت
إ ِ ي ط ا ل ِ ي ّ ُ
ا ل م ا ئ ِ ع َ ت َ ي ْ
م ُ ت َ و َ ق ّ ِ ع ُ
ا ل ل ّ َ م ْ س
ع َ ر ّ ا ب ِ ي
ا ل م َ ش ْ ر َ ف َ ي ْ ن ِ
أ َ ض ْ ر ا ر ا ً
ت َ ح َ ر ّ ِ ي ا ت ِ
ا ل ب َ ع َ ث ا ت ِ
م ُ ك َ س ّ َ ر ا ت
ت َ ص َ ف ّ ُ ح ا ت ِ
ا ل س ّ َ ل ِ ي ف ا ت ِ
س َ ل ِ ي ف َ ي ْ ن ِ
م ُ ج ْ ر ِ م ا ت ِ
ص ُ ن ْ د ُ و ق ٌ
ص َ ن ا د ِ ي ق ُ
ح َ ر َ ك ِ ي ّ ا
م ُ ج ْ ر ِ م ا ت ِ
م ُ ت َ س ا ب ِ ق ُ و
ص َ ح ّ َ ح ْ ت ُ ن ّ َ
ا ل أ َ ض ْ ر ا ر َ
ل َ ص ّ َ ق ْ ت ُ ن ّ َ
م ُ ت َ س ا ب ِ ق َ ة
م ُ د ِ ي ر ِ ي ّ َ ة
س ُ و م ِ ر ِ ي ّ ا ت
د َ ر ّ َ س ُ و ا
م ُ س ْ ت َ م ْ ل َ ك َ ي ْ ن ِ
ص ُ ن ْ د ُ و ق ا
ص ُ ن ْ د ُ و ق ا ن ِ
م ُ د ِ ي ر ِ ي ّ ا ت
م ا ئ ِ ع َ ي ْ
ا ل م َ أ ْ م ُ و ل ا ن ِ
م ُ س ْ ت َ م ْ ل َ ك َ
ت ُ ن ْ ه َ ض ُ و ا
ا ل م ُ ح ا ص َ ر ا ت
م ُ د ِ ي ر ِ ي ّ َ ة
م ُ ك َ س ّ َ ر ا ت ٍ
ص َ ي ْ ر ُ و ر َ ة ٍ
م َ أ ْ م ُ و ل ِ ي ن َ
أ َ ر َ ق ّ ِ
ب ا ه ِ ظ َ ي ْ
ت ُ ص َ ح ّ ِ ح ِ ي
ص َ ي ْ ر ُ و ر َ ة ُ
م ُ ج ْ ر ِ م ِ ي ن َ
إ ِ د ْ م ا ن ا ت ُ
ت َ ك ْ ت ِ ي ل ا ت ِ
م ُ ج ْ ر ِ م ا
ا ل س ّ ُ و م ِ ر ِ ي ّ
ا ل م ُ ج ْ ر ِ م َ ة َ
ي ُ ن ْ ه َ ض ُ و ن َ
ا ل ص ّ ُ ن ْ د ُ و ق ِ
إ ِ ي ط ا ل ِ ي ّ َ ي ْ ن ِ
ا ل ا ِ ح ْ ت ِ ي ا ط َ ي ْ
ا ل ا ِ ح ْ ت ِ ي ا ط َ ي ْ ن ِ
ا ل م ُ ج ْ ر ِ م َ ة ُ
ا ل م ُ ت َ س ا ب ِ ق ِ
ا ل م ُ ج ْ ر ِ م ا ت ِ
م ُ ج ْ ر ِ م ِ ي
ا ِ ن ْ ت ِ ح ا ل َ
ا ل ا ِ ح ْ ت ِ ي ا ط ا ت ُ
س ُ و م ِ ر ِ ي ّ َ ة
ا ل م ُ ت َ د ا ع ِ ي َ
ت ُ د َ ر ّ ِ س ا ن ِ
ت َ ص َ ف ّ ُ ح ا ت ُ
م ُ ج ْ ر ِ م ُ و
ا ل ب ا ه ِ ظ ِ ي ن َ
ح َ ر َ ك ِ ي ّ ا ن ِ
ا ِ ن ْ ت ِ ح ا ل ا ت
ت َ ق ْ ل ِ ي د ا ن ِ
ص ُ ن ْ د ُ و ق ا ن ِ
ت َ ط ْ ب ِ ي ع ا ت ِ
إ ِ ي ط ا ل ِ ي ّ ِ ي
ت َ ح َ ر ّ ِ ي ا ن ِ
ا ل م ُ ج ْ ر ِ م َ ي ْ
س ُ و م ِ ر ِ ي ّ َ ة ٌ
س ُ و م ِ ر ِ ي ّ ا ً
إ ِ ي ط ا ل ِ ي ّ ِ ي ن َ
م َ أ ْ م ُ و ل ِ ي
م َ أ ْ م ُ و ل َ ة َ
ث َ ع ْ ل َ ب َ ي ْ ن ِ
ت َ ح َ ر ّ ِ ي ا ت ِ
ت َ ك ا م ُ ل ِ ي ّ َ
ح َ ر َ ك ِ ي ّ َ ي ْ ن ِ
ت َ ط ْ ب ِ ي ع ا ت ِ
ي ُ د َ ر ّ ِ س ُ و ن َ
إ ِ ي ط ا ل ِ ي ّ ُ و
ت َ ك ا م ُ ل ِ ي ّ ٍ
ا ل أ َ خ ْ م َ ص َ ي ْ
ا ل إ ِ د ْ م ا ن ا ت ِ
ث َ ع ْ ل َ ب َ ي ْ
إ ِ ي ط ا ل ِ ي ّ ِ ي ن َ
ا ل م ُ ت َ د ا ع ِ ي
ا ل ع ُ م ُ و م ِ ي ّ ا ت
م ُ د ِ ي ر ِ ي ّ َ ة ٍ
م ُ ت َ س ا ب ِ ق ا ت ٍ
ا ل أ َ ض ْ ر ا ر ِ
ف ُ ن ْ د ُ ق ِ ي ّ ا ت
س َ ل ِ ي ف َ ت َ ي ْ
س َ ل ِ ي ف َ ت َ ي ْ ن ِ
ا ل م َ أ ْ م ُ و ل ا ت ِ
س ُ و م ِ ر ِ ي ّ َ ت ا ن ِ
ا ل م ُ ت َ د ا ع ِ ي َ ة
ا ل ت ّ َ ك ْ ذ ِ ي ب َ
ا ل م ُ ع ْ ط ِ ي َ ت َ ي ْ
ا ل م ُ ع ْ ط ِ ي َ ت َ ي ْ ن ِ
إ ِ ي ط ا ل ِ ي ّ ِ ي ن َ
ا ل س ّ َ ل ِ ي ف َ ة ُ
م ُ ت َ و َ ق ّ ِ ع َ ة
م ُ د ِ ي ر ِ ي ّ َ ة ِ
أ َ ن ْ ه َ ض ْ ت ُ
ا ل غ َ ز ّ ِ ي ّ َ ة ِ
ا ِ خ ْ ت َ ب َ ر ا
ف ُ ن ْ د ُ ق ِ ي ّ َ ة
غ َ ز ّ ِ ي ّ َ ت ا ن ِ
م َ أ ْ م ُ و ل َ ة ُ
ت َ د ْ ر ِ ي ب ِ ي ّ َ
إ ِ ي ط ا ل ِ ي ّ َ ت َ ي ْ ن ِ
ا ِ ح ْ ت َ ل َ ل ْ ن ا
ا ل ح َ ر ِ ج َ ي ْ ن ِ
ت َ ق ْ ل ِ ي د َ ي ْ
ا ل م ُ ت َ د ا ع ِ ي ا
ا ل أ َ ر ْ ي ا ف ُ
ت َ م ْ و ِ ي ل ِ ي ّ ا ت ِ
ا ل ب ِ ع ْ ث َ ت ا ن ِ
ج ُ ر ْ م َ ي ْ ن ِ
م ُ ت َ و َ ق ّ ِ ع ا ت
س ُ و م ِ ر ِ ي ّ َ ة َ
ا ل ح َ ر َ ك ِ ي ّ ا ت ُ
م ُ ج ْ ر ِ م َ ت َ ي ْ
م ُ ت َ س ا ب ِ ق َ ة ِ
ع ُ م ُ و م ِ ي ّ َ ة ِ
ا ل ث ّ َ ع ا ل ِ ب ِ
ا ل ح َ ر َ ك ِ ي ّ َ ة َ
ا ل م ُ س ْ ت َ م ْ ل َ ك
ا ل ا ِ ح ْ ت ِ ي ا ط ا ت
س ُ و م ِ ر ِ ي ّ ا ت ِ
م ُ ج ْ ر ِ م َ ي ْ ن ِ
ا ل ع َ ر ّ ا ب ا
ح َ ر َ ك ِ ي ّ ا ت ِ
ا ل أ َ ر َ ق ّ َ ي ْ
ف ُ ن ْ د ُ ق ِ ي ّ َ ة ِ
ح َ ر َ ك ِ ي ّ َ ي ْ
ت ُ ص َ ح ّ ِ ح ا ن ِ
إ ِ ي ط ا ل ِ ي ّ ا ن ِ
ي ُ ص َ ح ّ ِ ح ُ و ن َ
ا ل إ ِ ي ط ا ل ِ ي ّ ِ
ع ُ م ُ و م ِ ي ّ ِ ي
ا ل ح َ ر َ ك ِ ي ّ ا ن ِ
م ُ ت َ س ا ب ِ ق َ ة ُ
م َ أ ْ م ُ و ل ا ت ِ
ع ُ م ُ و م ِ ي ّ َ ي ْ ن ِ
ا ل م ُ ج ْ ر ِ م ِ ي ن َ
ا ِ خ ْ ت َ ب َ ر ْ ت َ
إ ِ ي ط ا ل ِ ي ّ َ ت ا ن ِ
م َ أ ْ م ُ و ل َ ت َ ي ْ ن ِ
ا ل ح َ ر َ ك َ ت َ ي ْ ن ِ
ا ل ح ِ ص َ ص ِ
ت َ م ْ و ِ ي ل ِ ي ّ ا ت
إ ِ ث ا ر َ ت َ ي ْ
ي َ ت َ ل ا ف َ ي ا
إ ِ د ْ م ا ن َ ي ْ
س َ ل ِ ي ف َ ت َ ي ْ
ا ل ع َ ر ّ ا ب ِ ي
م ُ ت َ س ا ب ِ ق ا ن ِ
ا ل ث ّ َ ع ْ ل َ ب ا
ا ل ح ِ ص َ ص َ
ت َ م ْ و ِ ي ل ِ ي ّ ُ
ت َ ق ْ ل ِ ي د َ ي ْ ن ِ
ا ل م ُ ح ا ص َ ر ا ت ِ
ا ل ت ّ َ ك ْ ذ ِ ي ب ا ت ُ
ا ل ب ا ه ِ ظ َ ت َ ي ْ ن ِ
ت َ ك ا م ُ ل ِ ي ّ َ ة
ا ل ح ِ ص ّ َ ت َ ي ْ ن ِ
ا ل ت ّ ِ ن ّ ِ ي ن َ ي ْ ن ِ
ا ل ع ُ م ُ و م ِ ي ّ ا ت ُ
ت ُ و َ د ّ ِ ع ُ و ن َ
م ُ ت َ و َ ق ّ ِ ع ِ ي ن َ
ب ا ه ِ ظ َ ت َ ي ْ
ت َ د ْ ر ِ ي ب ِ ي ّ ِ ي
ت َ ط ْ ب ِ ي ع َ ي ْ
ا ل ت ّ َ م ْ و ِ ي ل ِ ي ّ
س ُ و م ِ ر ِ ي ّ ا
س ُ و م ِ ر ِ ي ّ ا ن ِ
ت َ ك ا م ُ ل ِ ي ّ َ ة
ا ل ث ّ َ ع ْ ل َ ب ا ت ُ
س ُ و م ِ ر ِ ي ّ ا ت ِ
ي َ س ْ ت َ أ ْ ه ِ ل َ
أ َ س ْ ت َ أ ْ ه ِ ل ُ
ت ُ ع َ ظ ّ ِ م ُ و ا
ت ُ ع َ ظ ّ ِ م ُ و ن َ
ت َ س ْ ت َ أ ْ ه ِ ل ا
ا ل إ ِ ي ط ا ل ِ ي ّ َ ي ْ
ت ُ ع َ ظ ّ ِ م ْ ن َ
ت ُ د َ ر ّ ِ س ُ و ن َ
ا ل م ُ ت َ د ا ع ِ ي َ ة َ
ا ل ت ّ َ ك ْ ذ ِ ي ب ا ت ِ
ا ل م ُ ج ْ ر ِ م ُ و ن َ
ا ل ج َ م ْ ع ِ ي ّ َ ة َ
ا ل أ َ ر َ ق ّ ِ
ا ل ج َ م ْ ع ِ ي ّ ا ت ِ
ن َ س ْ ت َ أ ْ ه ِ ل ُ
ا ل س ّ ُ و م ِ ر ِ ي ّ ا ت ِ
إ ِ ي ط ا ل ِ ي ّ ِ ي ن َ
ت َ م ْ و ِ ي ل ِ ي ّ َ
ص ُ ن ْ د ُ و ق َ ي ْ
ا ل م ُ ت َ د ا ع ِ ي ن َ
ا ل م ُ ت َ د ا ع ِ ي
ت َ ك ا م ُ ل ِ ي ّ َ ة َ
ت َ ك ا م ُ ل ِ ي ّ َ ة َ
م ُ ت َ و َ ق ّ ِ ع َ ة ً
ا ل ت ّ َ ح ْ ف ِ ي ز ا ت ُ
ا ل م ُ ت َ د ا ع ِ ي َ ة ِ
إ ِ ي ط ا ل ِ ي ّ ِ ي ن َ
ا ل ت ّ َ ح َ ر ّ ِ ي ا ت ِ
ا ِ ن ْ ت ِ ح ا ل ا ت ُ
ت َ ل ا ف َ ي ْ ت ُ م ا
ا ل أ َ ر َ ق ّ َ
غ َ ز ّ ِ ي ّ َ ت َ ي ْ
ا ل ع ُ م ُ و م ِ ي ّ َ ي ْ
ص ُ ن ْ د ُ و ق َ ي ْ
س ُ و م ِ ر ِ ي ّ ِ ي ن َ
ا ل ع َ ر ّ ا ب َ ت َ ي ْ ن ِ
ا ل س ّ َ ل ِ ي ف َ ي ْ
إ ِ ي ط ا ل ِ ي ّ ا ت ُ
ي َ خ ْ ت َ ب ِ ر ُ و ا
ع ُ م ُ و م ِ ي ّ ُ و ن َ
إ ِ ي ط ا ل ِ ي ّ ا ت ِ
أ َ س ْ ل َ م َ ت َ ي ْ
ا ل م ُ ت َ د ا ع ِ ي
م ُ ج ْ ر ِ م َ ت َ ي ْ ن ِ
ا ِ ق ْ ت َ ف َ ي ْ ت ِ
ت َ د ْ ر ِ ي ب ِ ي ّ ا ت
ا ل م َ أ ْ م ُ و ل َ ي ْ ن ِ
ح َ ر َ ك َ ت َ ي ْ
ح َ ر َ ك ِ ي ّ َ ت َ ي ْ
إ ِ ي ط ا ل ِ ي ّ ا ت ِ
ت َ ح َ ر ّ ِ ي َ ي ْ ن ِ
س ُ و م ِ ر ِ ي ّ ُ و ن َ
م ُ ت َ و َ ق ّ ِ ع ِ ي ن َ
ح َ ر َ ك ِ ي ّ َ ت ا ن ِ
إ ِ ي ط ا ل ِ ي ّ ُ و
ا ل ت ّ َ ق ْ د ِ ي م ا ت
ت َ د ْ ر ِ ي ب ِ ي ّ ا ً
ح َ ر ِ ج َ ت َ ي ْ
ا ِ ق ْ ت َ ف َ ي ْ ت ُ م
ا ل م ُ ت َ د ا ع ِ ي َ ي ْ
ص ُ ن ْ د ُ و ق َ ي ْ ن ِ
ا ل ب ا ه ِ ظ َ ت َ ي ْ ن ِ
ي ُ ص َ ح ّ ِ ح ُ و ا
ا ل غ َ ز ّ ِ ي ّ َ ي ْ ن ِ
د ُ س ْ ت ُ و ر ِ ي ّ َ ة
ا ل م ُ ج ْ ر ِ م َ ت َ ي ْ
ا ل س ّ َ ل ِ ي ف َ ي ْ ن ِ
إ ِ ي ط ا ل ِ ي ّ َ ي ْ
ت َ د ْ ر ِ ي ب ِ ي ّ ا ت
ا ل ت ّ َ ح ْ ف ِ ي ز ا ت ِ
ا ل س ّ َ ل ِ ي ف ا
ا ل س ّ َ ل ِ ي ف ا ن ِ
م ُ ج ْ ر ِ م َ ي ْ
ا ل ا ِ ح ْ ت ِ ي ا ط ا ت ِ
ا ل م ُ ت َ و َ ق ّ ِ ع ا ت
ا ل م ُ ت َ س ا ب ِ ق ا ت ِ
ا ل م ُ ت َ س ا ب ِ ق ا ت ِ
ا ل م ُ س ْ ت َ م ْ ل َ ك َ
م ُ س ْ ت َ م ْ ل َ ك َ ة
ا ل م ُ د ِ ي ر ِ ي ّ َ ة ُ
ا ل إ ِ د ْ م ا ن َ ي ْ ن ِ
ا ل س ّ ُ و م ِ ر ِ ي ّ َ ي ْ
ا ل إ ِ ي ط ا ل ِ ي ّ َ ي ْ
إ ِ ي ط ا ل ِ ي ّ َ ي ْ
ا ِ ق ْ ت َ ف َ ي ْ ت ُ م ا
ا ل ت ّ َ ط ْ ب ِ ي ع ا ت ُ
ا ل إ ِ ي ط ا ل ِ ي ّ َ ة َ
ا ل ت ّ َ د ْ ر ِ ي ب ِ ي ّ ا
س ُ و م ِ ر ِ ي ّ َ ي ْ ن ِ
ا ل إ ِ ع ا ش َ ت َ ي ْ
ا ل إ ِ ث ا ر َ ت َ ي ْ ن ِ
ا ل ص ّ َ ي ْ ر ُ و ر َ ة ُ
و َ د ّ َ ع ْ ت ُ ن ّ َ
ا ل م ُ س ْ ت َ م ْ ل َ ك ِ ي
ا ل س ّ َ ل ِ ي ف َ ت َ ي ْ ن ِ
إ ِ ع ا ش َ ت َ ي ْ ن ِ
ي َ ت َ ل ا ف َ ي ا ن ِ
ا ل إ ِ د ْ م ا ن َ ي ْ
ت َ د ْ ر ِ ي ب ِ ي ّ َ ة ِ
أ َ ر َ ق ّ ا ن ِ
ا ل أ َ ر َ ق ّ
أ َ ر َ ق ّ َ
ا ل أ َ ر َ ق ّ َ ي ْ
ا ل أ َ ر َ ق ّ ِ
أ َ ر َ ق ّ ُ
أ َ ر َ ق ّ ِ
أ َ ر َ ق ّ َ ي ْ
ا ل ت ّ َ ص َ ف ّ ُ ح ا ت ِ
ا ل ف ُ ن ْ د ُ ق ِ ي ّ ا ت ُ
ا ل م ُ ج ْ ر ِ م َ ي ْ
ا ل ح َ ر ِ ج َ ت َ ي ْ ن ِ
ا ل م ُ س ْ ت َ م ْ ل َ ك ُ و
م ُ س ْ ت َ م ْ ل َ ك َ ة
ا ل ع ُ م ُ و م ِ ي ّ َ ة ِ
ا ل م ُ ح ا ص َ ر َ ت ا ن ِ
م ُ ح ا ص َ ر َ ت َ ي ْ ن ِ
م ُ س ْ ت َ م ْ ل َ ك َ ي ْ
ا ل ت ّ ِ ن ّ ِ ي ن َ ي ْ
ا ل إ ِ ي ط ا ل ِ ي ّ ا
آ م ِ ل َ ت َ ي ْ ن ِ
ا ل م ُ ج ْ ر ِ م َ ت َ ي ْ ن ِ
م ُ ت َ س ا ب ِ ق َ ي ْ
ا ل إ ِ ي ط ا ل ِ ي ّ ا ت ِ
ا ل ر ّ ا ب ِ ط َ ت َ ي ْ ن ِ
ا ل ا ِ ح ْ ت ِ ي ا ط ا
م ُ س ْ ت َ م ْ ل َ ك َ ة َ
ا ل ت ّ َ د ْ ر ِ ي ب ِ ي ّ ِ
ت َ د ْ ر ِ ي ب ِ ي ّ ا ت ٍ
م َ ت ا ه َ ت َ ي ْ ن ِ
ا ل م َ أ ْ م ُ و ل َ ت ا ن ِ
ا ل م ُ ت َ و َ ق ّ ِ ع ا ت ُ
م ُ ت َ و َ ق ّ ِ ع َ ت ا ن ِ
ا ل م ُ ح ا ص َ ر َ ت َ ي ْ
م ُ ت َ و َ ق ّ ِ ع ُ و
ا ل م ُ ت َ س ا ب ِ ق ِ ي ن َ
ا ل م ُ ت َ س ا ب ِ ق ِ ي
م ُ د ِ ي ر ِ ي ّ َ ت َ ي ْ
ا ل ف ُ ن ْ د ُ ق ِ ي ّ َ ة ُ
ف ُ ن ْ د ُ ق ِ ي ّ ُ و
ا ل ت ّ َ م ْ و ِ ي ل ِ ي ّ َ ة
م ُ س ْ ت َ م ْ ل َ ك َ ة ِ
ا ل ت ّ َ ق ْ ل ِ ي د َ ي ْ ن ِ
ا ل م ُ س ْ ت َ م ْ ل َ ك ا ت
م ُ ت َ و َ ق ّ ِ ع َ ي ْ ن ِ
م ُ ت َ و َ ق ّ ِ ع َ ي ْ ن ِ
ا ل و َ ك ِ ي ل َ ت َ ي ْ ن ِ
ا ل م ُ ت َ و َ ق ّ ِ ع َ ة ِ
ن َ ض ْ م َ ح ِ ل ّ َ
ا ل م ُ ت َ و َ ق ّ ِ ع َ ة ِ
ت َ ك ا م ُ ل ِ ي ّ َ ي ْ
أ ُ ف ْ ن ِ ي َ
ا ل ص ّ ُ ن ْ د ُ و ق َ ي ْ ن ِ
ا ِ ض ْ م َ ح ْ ل َ ل ْ ت ِ
م ُ س ْ ت َ م ْ ل َ ك َ ة ُ
ا ل إ ِ ي ط ا ل ِ ي ّ ا ت ُ
ا ل و َ ك ِ ي ل َ ي ْ
م ُ س ْ ت َ م ْ ل َ ك َ ة ُ
م ُ س ْ ت َ م ْ ل َ ك َ ة ً
ت ُ د َ ر ّ ِ س ِ ي ن َ
أ َ س ْ ل َ م َ ت َ ي ْ
ا ل ت ّ َ م ْ و ِ ي ل ِ ي ّ ا ت ِ
د ُ س ْ ت ُ و ر ِ ي ّ َ ة ٌ
ت َ س ْ ت َ أ ْ ه ِ ل ُ و ا
ا ِ ض ْ م َ ح ْ ل َ ل ْ ن َ
م ُ س ْ ت َ م ْ ل َ ك ُ و ن َ
ا ل ت ّ َ م ْ و ِ ي ل ِ ي ّ ِ ي
ا ل م ُ ت َ س ا ب ِ ق َ ي ْ ن ِ
ا ل م ُ ت َ س ا ب ِ ق َ ي ْ
ا ل م ُ ح ا ص َ ر َ ت َ ي ْ ن ِ
م ُ س ْ ت َ م ْ ل َ ك ُ و ن َ
ت َ د ْ ر ِ ي ب ِ ي ّ َ ي ْ
ت َ د ْ ر ِ ي ب ِ ي ّ َ ي ْ ن ِ
ا ل ث ّ َ ع ْ ل َ ب َ ت َ ي ْ
ا ل م ُ ت َ س ا ب ِ ق َ ي ْ
ت َ ك ا م ُ ل ِ ي ّ َ ت َ ي ْ
ا ل ف ُ ن ْ د ُ ق ِ ي ّ َ ت َ ي ْ
ا ل م ُ س ْ ت َ م ْ ل َ ك َ ي ْ
ت َ م ْ و ِ ي ل ِ ي ّ َ ي ْ
ا ل ع ُ م ُ و م ِ ي ّ ِ ي ن َ
ي ُ ن ْ ه َ ض ا
ا ل ت ّ َ د ْ ر ِ ي ب ِ ي ّ َ ت ا
ا ل س ّ ُ و م ِ ر ِ ي ّ ُ و ن َ
إ ِ ي ط ا ل ِ ي ّ َ ت َ ي ْ
ا ل و َ ك ِ ي ل َ ت َ ي ْ ن ِ
ا ل ص ّ ُ ن ْ د ُ و ق َ ي ْ ن ِ
ا ل ا ِ ت ّ ِ ه ا م ِ ي ّ َ ة ُ
ا ل إ ِ ي ط ا ل ِ ي ّ ِ ي
ا ِ س ْ ت َ أ ْ ه َ ل ْ ت ُ م
ا ل ع َ ر ّ ا ب َ ت َ ي ْ ن ِ
ا ل د ّ ُ س ْ ت ُ و ر ِ ي ّ َ ة
ا ل م ُ ت َ و َ ق ّ ِ ع ُ و ن َ
ت َ د ْ ر ِ ي ب ِ ي ّ َ ي ْ ن ِ
ت َ ك ا م ُ ل ِ ي ّ َ ت َ ي ْ
س ُ و م ِ ر ِ ي ّ َ ت َ ي ْ ن ِ
ا ل ف ُ ن ْ د ُ ق ِ ي ّ ُ و ن َ
س ُ و م ِ ر ِ ي ّ َ ت َ ي ْ
م ُ س ْ ت َ م ْ ل َ ك َ ت ا ن ِ
ا ل ا ِ ت ّ ِ ه ا م ِ ي ّ َ ة َ
ا ل ت ّ َ ك ا م ُ ل ِ ي ّ َ ي ْ
ع ُ م ُ و م ِ ي ّ َ ت َ ي ْ ن ِ
م ُ س ْ ت َ م ْ ل َ ك َ ت ا ن ِ
ت َ د ْ ر ِ ي ب ِ ي ّ َ ت َ ي ْ
ا ل م َ ت ا ه َ ت َ ي ْ
ا ِ خ ْ ت َ ب َ ر ْ ت ُ ن ّ َ
أ َ س ْ ل َ م َ ت َ ي ْ ن ِ
ا ل ت ّ َ د ْ ر ِ ي ب ِ ي ّ ُ و ن َ
ا ل ح َ ر َ ك ِ ي ّ َ ت َ ي ْ ن ِ
م ُ ت َ د ا ع ِ ي ا ت ُ
ا ل م ُ ت َ س ا ب ِ ق َ ت َ ي ْ
م ُ د ِ ي ر ِ ي ّ َ ت َ ي ْ ن ِ
ا ل إ ِ ي ط ا ل ِ ي ّ َ ت َ ي ْ ن ِ
ا ل ت ّ َ د ْ ر ِ ي ب ِ ي ّ َ ي ْ ن ِ
ا ل إ ِ ي ط ا ل ِ ي ّ َ ت َ ي ْ
ا ل م ُ س ْ ت َ م ْ ل َ ك َ ت َ ي ْ
ا ل م ُ د ِ ي ر ِ ي ّ َ ت َ ي ْ
ا ِ ت ّ ِ ه ا م ِ ي ّ َ ت َ ي ْ
ا ل ب َ ع ْ ث َ ت َ ي ْ
ا ل إ ِ ي ط ا ل ِ ي ّ َ ت َ ي ْ ن ِ
ا ل ا ِ ت ّ ِ ه ا م ِ ي ّ َ ي ْ ن ِ
ا ل ت ّ َ م ْ و ِ ي ل ِ ي ّ َ ت َ ي ْ
ا ل ت ّ َ د ْ ر ِ ي ب ِ ي ّ َ ت ا ن ِ
ا ل م ُ ت َ س ا ب ِ ق َ ت َ ي ْ ن ِ
ب ِ ع ْ ث َ ت َ ي ْ
ب َ ع ْ ث َ ت َ ي ْ ن ِ
م ُ س ْ ت َ م ْ ل َ ك َ ت َ ي ْ
ا ل م ُ د ِ ي ر ِ ي ّ َ ت َ ي ْ ن ِ
ب َ ع ْ ث َ ت َ ي ْ
م ُ ت َ س ا ب ِ ق َ ت َ ي ْ ن ِ
ا ل م ُ ت َ س ا ب ِ ق َ ت َ ي ْ ن ِ
ا ل م ُ ع ْ ط ِ ي َ ي ْ
م ُ ت َ د ا ع ِ ي َ ت َ ي ْ ن ِ
م ُ ت َ و َ ق ّ ِ ع َ ت َ ي ْ ن ِ
ا ل ع ُ م ُ و م ِ ي ّ َ ت َ ي ْ ن ِ
ا ل م ُ ت َ و َ ق ّ ِ ع َ ت َ ي ْ ن ِ
ا ل ا ِ ت ّ ِ ه ا م ِ ي ّ َ ت َ ي ْ
ا ل ب ِ ع ْ ث َ ت َ ي ْ
ا ل آ م ِ ل َ ة ُ
ا ِ ح ْ ت ِ ي ا ط ا ت ٍ
م ُ س ْ ت َ م ْ ل َ ك َ ت َ ي ْ ن ِ
ا ل آ م ِ ل َ ة َ
ا ل آ م ِ ل َ ة
ب ِ ع ْ ث َ ت َ ي ْ ن ِ
ا ِ ت ّ ِ ه ا م ِ ي ّ َ ت َ ي ْ ن ِ
ا ل م ُ ت َ س ا ب ِ ق َ ت َ ي ْ
ا ل م ُ ت َ س ا ب ِ ق َ ت َ ي ْ ن ِ
س َ ل ِ ي ف َ ت َ ي ْ ن ِ
ي ُ ف ْ ن َ ي ا
ا ل أ َ ر َ ق ّ َ ي ْ
ا ل أ َ ر َ ق ّ َ
ا ل أ َ ر ْ ي ا ف
ا ل ف ُ ن ْ د ُ ق ِ ي ّ ِ ي ن َ
ا ل أ َ خ ْ م َ ص
ا ل م ُ س ْ ت َ م ْ ل َ ك َ ي ْ ن ِ
ا ل م ُ س ْ ت َ م ْ ل َ ك َ ت َ ي ْ ن ِ
ا ل م ُ س ْ ت َ م ْ ل َ ك َ ي ْ ن ِ
ا ل ف ُ ن ْ د ُ ق ِ ي ّ ا ن ِ
