n z v z k i l r
n z v z k i l r
t q m c p e x
n z m c k r
n z b z n g
p i b z l e
n z m c k r
n z y c m n e
n z t u n g r
t z v z - n g r
t z v z - n g r
t r t a k i t r u
m r b r l z m
b z a m u
t z v z p e
m z l e d e n g
d w a l z m g r
t z v z - n g r
n z v z p x n g
n z v z p x n g
n z v z p x n g
n z v z p x n g
n z v z p x n g
o b q p x k r
n z v z p x n g
n z v z p x n g
t u n e p w z
t q r p n a l z m
t q v o
n z t u n g r
n z r p i m l r
v z k i m l e
r m c t i l e
n z v z b z n g
t z v z - n g r
n z v z b z n g
n z v z b z n g
n z v z b z n g
x l r k r
k r l z m l e
n z v z p e n g
m n c t i k r
n z v z k i l r
n z v z k i l r
n z w z t r n g
n z m c t x p w z
n a p i b z k u
v z k i m l e
d w a t x t r x
t z r p i p e
t q v z p e b z
n z v z t r n g
n z v z k i l r
t q v z p e b z
v z k i m l e
n z v z p x n g
v z k i m l e
t q v z p e b z
r k a l z m
v z m i o l e
n a n g i p e
t r n g i u
n z v z k i o l r
a t u l z n g r
v z k i m l e
n a m n c - k a p q n g r
n z r p i b z l r
n z v z k i o l r
v z k i m l e
n z v z k i o l r
v z k i m l e
n z v z k i o l r
n z v z p e n g
n a p i b z k u
n z v z k i o l r
n z v z p e n g
y z l u m g r
n z v z p e n g
n z v z p e n g
n z v z p e n g
n z v z p e n g
n z v z p e n g
n z v z p e n g
t r k r l z w x u
t q v z p e b z
t q v z p x p e
n z k r l z m l r
t q v z p x p e
k x p r t z
t q v z p x p e
n a m n c t x p o
n z v z p e n g
n z v z p e n g
r m c t i p e k r
t q a s u p e b z
n a p i t r - m o u p o
n z v z - k r b o
a s u m i p e b o
t q v z p e b z
t q v z p x p e
n z v z - k r b o
v z k i m l e
n z g l q o l r
v z k i m l e
t q v z p e b z
n z r p i l r
v z k i m l e
v z m i o l e
n z m n c l z b z
t z k u k i n g
v z m i o l e
n z v z k i l r
v z k i m l e
a n g c t i k r
n z v z - k r b o
n z v z - k r b o
n z v z - k r b o
r p i o b z l e
n z r p i m l r
n z v z - k r b o
n z v z - k r b o
n z v z - k r b o
n z v z - k r b o
n z k u k i n g
v z t r n g r
t q o t i p e l e
v z t r n g r
t q v z p x p e
n z m n c l z b z
v z t r n g r
n a m n c t x p o
n a y r k r t x
n z r p i b z l r
v z t r n g r
n z m c t x p w z
n z r m c t i l r
v z t r n g r
n z v z p x n g
n z p i l z l r
v z t r n g r
n z n g i - t r p e n g r k r
v z t r n g r
n z l z t r - n g r d e
m c - k z a m u
n a v z m i b z l e
t q v z p x p e
n a v z m i b z l e
m n c l z - n g r m
n z d w a o n g r
n a v z m i b z l e
y z l u m g r
n a v z m i b z l e
t r k r l z w x u
t q v z p e x
n z v z - k r b o
t q v z p e b z
t q v z p e x
m w i t x k r
r l x n g i t i l e
v z p x b z k r
n z r p i l r
t q v z p e x
t q v z p e - k z x
t q v z p e b z
n z a b r t z k r
n z r m c t i l r
t q v z p e - k z x
t z m w x l r n g
n z a b r t z k r
t q v z p e x
t q v z p e - k z x
t q p i b z k r
n z r p i l r
n z m n c p e n g
t q v z p e x
t q v z p e x
n z r p i l r
t q v z p e - k z x
v z p x b z k r
t q v z p e x
t q v z p e - k z x
t q p i b z k r
y r l q b z k r
t q p i b z k r
t q y r k r p e
t q v z p e x
t q v z p e - k z x
t z v o p e
t q v z p e x
n z v z - k z n g
t q p i b z k r
t q p i p e b z l e
t q v z p e - k z x
t q p i p e b z l e
t q v z p e x
n z r l e t i n g r
t q p i b z k r
t z v z o p e n g
t q o l v x t i p e l e
n z v z - k r b o
n z p w x n g
n z p i l z l r
t z l v c m l r
t q v o p x p e
t z v z k i n e d r
n z r p i l r
t z v z o p e n g
t q v z p x p e
n z v z p x b z n g
t q m w i t x p e
t q v z p e m g r
t q p i b z k r
v z p x b z k r
v z p x b z k r
v z p x b z k r
n a v z m i b z l e
n a r l x t i b o
p r o t x k r
n a m n c t x p o
t z v z o p e n g
t q p i p e b z l e
r m c t i p e k r
t z v z o p e n g
r m c t i p e k r
n z p w x n g
t q r p i b z l e
t q r p i - n g r n
n z m u n g r
v z p x b z k r
n z m u - k r g r
y r k r p x b z l e
v z p x b z k r
r p i o b z l e
v z p x b z k r
n z t w z l r
t q o b q t r p e
t q v z p e - k z x
n z v z - k z n g
t z v z k i n e d r
t z v z k i n e d r
t z v z k i n e d r
n z r p i m l r
r p i o b z l e
t z v z k i n e d r
t z v z k i n e d r
t z v z k i n e d r
n z v z k i l r
t q p i p e b z l e
t z v z k i n e d r
t q t u n e p w z
a t u l z n g r
y a g o x t x
t r v z n e - k a k r
n z r p i m l r
t z y a p x p e n g
t q v z p e m g r
n z a b r t z k r
t q t u n e p w z
n z v z - k r m
t q m n c - n g r d e
n a v z m i b z l e
n z v z p e - k r d r
n z v z - k r m
m z l i   k c
n z v z - k z n g
n z v z - k r m
n z v z - k r m
n z v z - k r m
n z v z - k r m
n z v z - k r m
n z v z p x b z n g
n a v z m i b z l e
t z v z k i n e d r
n z v z - k r m
n z v z - k r m
n z v z n e p e l r
t z v z k i n e d r
n z v z - k r m
n z v z - k r b z k r
n z v z - k r m
t u t i p x - n g r m
t q w z t i p e l e
n z v z - k r m
n a d w a p e k r
t z r k a l z p e m
n z v z - k r n g e
t z v o p e
n z v z - k r n g e
t z v z n e p e n g
t u t i p x - n g r m
n z v z - k z n g
n z v z - k r b z k r
t z v z n e p e n g
t z v z n e p e n g
t z v z n e p e n g
n z v z n e p e l r
n z v z n e p e l r
m r b r t i t r p e
t z v z n e p e n g
t z v z n e p e n g
y r k r p x b z l e
t q w a i p e l e
n z v z - k z n g
n z v z p x b z n g
t z v z k i n e d r
n z w z - k r n g e
m n c l z - n g r m
n z v z p x b z n g
r m c t i p e k r
n z v z p x b z n g
n z v z n e p e l r
n z v z p x b z n g
n z v z n e p e l r
t q y a p x p e b z
m n c l z - n g r m
n z v z - k z n g
d w a l z m g r
n z v z p x b z n g
t z v z p e - k a i n g
n z w z - k r n g e
n z v z n e p e l r
t z v z k i n e d r
t r v z n e - k a k r
n z w z - z l w z - k r g r
n a v z m i b z l e
n z v z n e p e l r
t r v z n e - k a k r
t r v z n e - k a k r
n z v z n e p e l r
t r v z n e - k a k r
n z w z - k r n g e
t r v z n e - k a k r
n z m n c l z b z n g
n z x l r - k r g r
n z v z - k r n g e
n a d w a p e k r
n a v z m i b z l e
t r v z n e - k a k r
n z v z o - n g r m
n a w x b u n g r
t q o t i - a t e m
t r v z n e - k a k r
t z v z p e - k a i n g
n a v z m i b z l e
n g q t i p e l e
d w a l z m g r
n z v z n e p e l r
n z v z n e p e l r
m z l w e d e n g
t z v z p e - k a i n g
n z v z - k r n g e
n z v z - k r n g e
t z v z p e - k a i n g
t z v z p e - k a i n g
n z v z - k z n g
n z v z p e - k r d r
t z v z p e - k a i n g
n z v z p e - k r d r
t q r g l q t i k r
t z r m c t i p e l r
n e d e
n e n g e
t z v z p e - k a i n g
t z v z p e n g
n z v z - k r n g e
t q m c p e k r
t q v z - n g r m
n a r p n z '
n a v z b z n g
t q v z p e m g r
n z v z p e - k r d r
m n c l v z r n g r
t z s i k l u t i
t q v z - n g r g r
n z v z - k r n g e
t q m c p e k r
m n c - e p e l z l e
t q m c p e k r
t q p n z ' l e
t q m c p e k r
t q v z p e m g r
n z v z - k r n g e
t q t u p x - n g r m
n a v z b z k r
t q v z - n g r g r
t q m n c - n g r d e
t z a y o t i
t q m n c - n g r d e
t q n g r l r l z p e
k r l z p e b z k r
n z v z d z m q n g
n z b z - k r g r
k r a p w x
n a p i b z k r
n a p i t r - m o u p o
n z v z - k r b z k r
n z v z k a i - k r g r
n z v z k a i - k r g r
t q n g r l r l z p e
r n g i - b a t r p q
k x t q
n z v z - k r n g e
n z p r t r - k r n g e
n z p n a k i p x - m o u l r
t r v z n e - k a k r
n z v z k a i - k r g r
n z m n c l z b z n g
n z a l v z t r n g
n z a s u n g
n a l x n g i t i k u
t z r m c t i p e l r
n a k a t x b z l e
n z m n c l z b z n g
n z v z - k r b z k r
n z v z - k r b z k r
n z m n c l z b z n g
n z t u - z v z - k r d e
n a n g r l r t r k i
t q v z - n g r g r
m w x l r t x - z l w z k r
n z m n c l z b z n g
n z a l v z t r n g
n z v z - k r b z k r
n z n g i - k r d r
t q y r n i p e
t q w z - n g r g r
n z m n c p e n g
m n c - m i p e - a m u
n z t u - z v z - k r d e
n z v z p e - k r d r
n z v z p e - k r d r
n z v z p e - k r d r
n a v o p e - n g r g r
t z r m c t i p e l r
n z v z - z v z b z n g
l x l v r k i m l e
n z v z - z v z b z n g
n z v z - z v z b z n g
n z v z - z v z b z n g
m n c - m i p e - a m u
t q v z - n g r g r
t z r m c t i p e l r
t q v z - n g r g r
n z v z - n g r m l r
t q v z - n g r g r
m n c - e p e l z l e
m n c - m i p e - a m u
y a n e - z v z k r
n a a g l q p e k r
t q v z - n g r g r
n z m c - k r d e
t q v z - n g r g r
n z r l z - k r b z l e
t q y z l u p e k r
t q v z - n g r g r
t q k r k a ' p e
t q v z - n g r g r
t q v o t i t r p e m l e
t z v z p x p e b z n g
t q m n c - n g r d e
t z m w i - n g r d r
n z o t r n g r
n z v z - k r b z
n z x l r m l r
n a v z k r
t z v z p x p e b z n g
t q v o t i t r p e m l e
r p i - m o u p q l e
n z b o m - k r d e
t z l v c l z p e - n g r d r
n z l i - k r d e
n z v z - n g r m l r
n z o t r n g r
n z w z t i - k r b z l e
n z w z - z l w z - k r g r
n z y a l z - k r g r
t q d w a p l r k r n g
n z v z - z v z b z n g
n z v z - z v z b z n g
t z l v c - a t e n g
n z y c m n e k r b z
n z r k a t x n g r
t q r p n a p e - n g r m l e
n a p i t x t r - m o p o
n z p n a k i p x l r
t q v z t r - m o p w z k r
a t w z l r - n g r m l e
t q v o t x - n g r p w z
t q v z m i t r p e b z l e
t q v z t r - m o p w z k r
t q y c o m
t q v z t r - m o p w z k r
t q v z m i t r p e b z l e
t q v z t r - m o p w z k r
t q v z m i t r p e b z l e
t q v z t r - m o p w z k r
w x b u p x - n g r m
t q v z m i t r p e b z l e
t q v z m i t r p e b z l e
t q v z m i t r p e b z l e
t q t w z p e b z l e
t q v o t x - n g r p w z
t z l v c - a t e n g
n z w z t i - k r b z l e
t q y r k r p e n g r
n z p r p x - k r d r
t q a o k z
t q m u - n g r g r
t z v z p x p e b z n g
n z a l v z t r n g r
n z a t u p x - n g r m
t z m c p x p e b z l r
t q v z m i t r p e l e n g
y a p x - z v z k r
n a y a p w x t i m l e
n z p n a t i - k r b z m u
t z n g r l r k i o p e l r
n z v z k a i - k r g r
t z v z p e - k a i n g
n z v z k a i - k r g r
n z v z d z - k r g r
n a y a p w x t i m l e
n z v z k a i - k r g r
n z v z k a i - k r g r
t z n g r l r k i o p e l r
n z y a p w x - k r d r
t z v z p e - k a i n g
n z d w a t r - k r d e
t q m w i - n g r g r
t q n g r l r p x p e k r
n a m n c n e - n g r g r
t z y c m n e t r p e - n g r d r
t q n g r l r p x p e k r
t u t r p q
t q t u t r p q
n a m n c n e - n g r g r
t q y r k r t r - a t e m
t r n z p i - k r p o ' u
n z t u - z v z - k r d e
n z y a g o x - k r d e
t q a m u k x t r
t q m u - n g r b e
n a m u p e k u
t q n g r l r p x p e m
t q r k a l z p e m g r
t q v z m i t r p e l e n g
n z r p i l z - k r d r
n a m n c n e - n g r g r
t z v z p e - k a i n g
r m c t i - n g r g r l e
n z r k a l z m q n g q
t q y a p x p e b z
t q v z m i t r p e l e n g
n a m n c n e - n g r g r
k r l z p e b o
t r k r l z w a m u
t z l v c l z p e - n g r d r
n a m n c n e - n g r g r
n z a b r t z - z v z n g r
r m c t i - n g r g r l e
t z r t w z t i p e - k z n g
n a y a p w x t i m l e
t q p i
n z a m a - k r d e
n a p i t x t r - m o p o
t q v z m i t r p e l e n g
t q v z m i t r p e l e n g
t q v z m i t r p e l e n g
t q v z m i t r p e l e n g
t q v z m i t r p e l e n g
n z r p w ' a - k r d e
n z y a p w x - k r d r
n a p i t x t r - m o p o
t q m z n r p e
n z k r k a ' - k r d e
n a m n c - k a p q n g r
t z r t w z t i p e - k z n g
t z y c m n e - n g r p e m l r
t r n z p i - k r p o ' u
n a y a p w x t i m l e
n z p n u t i t x
t z r l x n g i t i - k a i n g
t q y z l u l z p e
n a p i t x t r - m o p o
n z a b r t z - z v z n g r
t z y c m n e - n g r p e m l r
b z t i p e d e
t q x n g i - a t e b z k r
t z y c m n e - n g r p e m l r
t q m z n r l x p e
t q v z - n q b l q n e n e
t r n z p i - k r p l e u
n a m n c n e - n g r g r
t q v z - n q b l q n e n e
t q v z - n q b l q n e n e
n z p r l x l r
t q v z - n q b l q n e n e
n a k r k a ' - z v z k u
t z p r o p e n g
t q v z - n q b l q n e n e
n a k a t x b z l e
t q v z - n q b l q n e n e
a m y a
n z d w a t r - m o u - k r g r
t q p r t r p e b z k r
n a k a t x b z l e
n z a b r t z - z v z n g r
t q l x n g i t i - a t e x
t q v z - n q b l q n e n e
n z r k a t x n g r
t q v z - n q b l q n e n e
n z l x n g i t i - k r g r
y r n i - e b i r p e n g
y r n i - e b i r p e n g
t z m n c t x - a l o p e n g
n z r p i - a n i - k r m l e
n z s u t i p e
n z r p i - a n i - k r m l e
t z y c m n e - n g r p e m l r
n z r p i - a n i - k r m l e
w z t i k r
t r t q k a p e p w q l e
n z r m n q - k r d r
n a k r k a ' - z v z k u
t z m n c t x - a l o p e n g
m r b r t i t r p e
n z y c m n e - k r b z l r
r d r n g
t q m n c - l x b l r p e k r
n z r m a l v z - k r g r
n a a t w z l r - n g r g r
m z ~ n i b r
t q t o p w z b e - n g r n e
t q a l v c - l z b q - n g r g r
n z w z - k r d e
y r n i - e b i r p e n g
x n g i t x t r l e
t z m c n g r
n a p i n e m c
t q p i t i k r
n z r p i - k r m e
n z r p l a m e i t i - k r d e
t q o t i t r p e m l e
t q r p n a p e - n g r m l e
t q p r t z
t z p e o n g r
p e t r l e
t r p e l e u
t q e t u n e p x p e
n z r p l a m e i t i - k r d e
t q a b r t z - z v z - n g r g r
t z r t a n g r p e
t q o p x p e - n g r d e
t q r k a l z p e - n g r m q g r
n a a l e - k a i p z n g
d w a - r b r l z - n g r m q g r
t r t r k a - z l w z p w z u
n z v o p x k r
t r v o - n g r p m c u
o m i t x p x b z l e
t q o - z l i o p e k r
p r t r p z
n a a m i n g r - n g r g r
n g r g u
n z d w a t r - k r g r
d r t w r n g e l e
t q p l c o
n a y a g o x n g
n z r m c - k r b z
t q m c l a m u
n z p r p x k r
t q a e n z l i k r
n z v z - n q b l q - k r n g e
t q v z - e t r - n g r d e
n z v z n e - k r g r
t q v z d z p e k r
t q v z k i l e
t q v z k i p x
t q v z n e k r
t q r v z m i p w q
n z v z o - k r m o p w q k r
t q o k r
n a d r v r - n g r b o
t z m r g e p e n g
n a a t w z l r - n g r d e
n z y c t i k r
k r a p w x
n z n g r l r p x - k r m g r
t z a n g c p e b z l r
t q n g c n e o m
n g r l x o b z l e
n z r p i l z n g r
n z k q b l q p x - k r m c
t z p n z - l z b q n g r
t r t r k a - z l w z p w z u
n a o k a t r - n g r d e
t z y c m n e p e b z
n z k r k a ' k r b z l e
t r n z k q l u - k r p e p w q g r u
t r r b l x p w z u
r l r - n g r m e
t z p r e s i n q n g
t q m c p e x
n z a l e b z
w a i p n z ' l e
t r t z r p n a p e u
n z r p n a n e o p e - k r m l r
n z y r m
n c b l o n g r
p x i q t x n e
t r o p i l v z u
n a p i l v z t i
n a y a p w x t i b o
t q m e i t i o
t z l v a b e t r p e b z
y r w i t x p x l e n g
t q r w z s o
k r k a ' - l e - b l r k u
y a p w x t i - z v z b z k r
n a y a p w x t i b o
t z p n z - l z b q n g r
t e k a t r t x b z l e
n a y a p w x t i b o
n z p l z p x - k r m a m u
t q a g l q p e k r
n z g l q l z - m o u l r
t q a e n z l i t i - n g r g r
n a n g e l u n e - n g r d r
n a r l x t i b z m e
t z r l x n g i t i - a y r n r n g r
r l r - n g r m e
t r - r l r - n g r p o u
t q k r l x l z p e l e
n a o k l a t i t r - m o p q g r
n a n g q d r
n a n g q t x k r
n z n g q t i t x p w z
t z r p n z t r p z n g
r p n z ' p e
n z p n z ' p e m
n a r l a s z p e l r
t q a y z l u - a t e l e
y z l u p x p e m
t q y z l u m i p e - m o u x
t z y z l u t r p e m q n g
t q y c o n g r
n a y c t i p x m
y c t x o p e
y r l z o
n z p n a t i - k r b z m u
