t q m n c
v z x
v z x
v z x
v z x
v z x
v z x
v z x
t q m n c
t w z q
m c l x
t u o m
n a l i
m c l x
m c l x
m c l x
k x l i
m c t x m
n z m c t r
n a v z b z
t u o m
n z v z
n z v z
l i p e
v z t x
v z t x
v z t x
v z t x
n a v z b z
m c t x m
n a l i
m c t x m
m c t x m
v z t x
v o m l e
v z t x
k x p c
s c d r
t w z x
n z v z
n a v z b z
n z v z
n a v z b z
t q n e p e
n z v z
n z m c t r
o t i m
n z v z
t u p x m
v z - z v z x
t q v z p e
t q v z p e
t q v z p e
t q v z p e
m c p o
v z t r l e
t u p x m
m c p o
t q e t u
m c p o
t u p x m
v z t r l e
v z t r l e
v z t r l e
v z t r l e
v z t r l e
v z t r l e
v z t r l e
t q p i b z
n a v z n g
s c g u
t r s u k a
n a v z n g
t q m c p e x
n a v z - k a i n g
v o k r
v z m i m q
v z t x
t q v z p e m
t q v z p e
m c l e
t q v z p e m
t q v z p e m
w z t r p o
t q v z b o
t q v z p e m
v z m i m q
b r t i t x
t q p i p e m
t q v z p e m
v z m i m q
t q v z b o
t q v z b o
t u p x m
t q v z b o
t q p i b z
y c p x
t q n g i
t q v z p e m
v z - z v z x
t q v z p e m
n z m c t r
v z - z v z x
t q p i m e
v z - z v z x
r p i l e
t q t u p x m
v z - z v z x
t q v z b o
v z m i m q
v z m i m q
t q m c p e x
s u t x
v z m i m q
m c p x m
m c p x m
v z m i m q
v z m i m q
m z l e d e
v z m i m q
t u l z m c
w z t r p o
t q r p i p e x
m c p x m
n a v z n g
n a v z n g
n a v z n g
t z v z p e
n z w z k r
t q v z p e m
r p i l e
n a r p n z '
n e d r n g
v z - z v z x
m c l z k r
n a v z n g
v z - z v z x
m c p x m
v z - z v z x
n a v z n g
t q p i b o
t q v z b o
t q p i p e m
t q v z p e m
t q v z p e m
t q p i b z
v z p e m
v z p e m
v z p e m
v z t r l e
k x l r p r
v z p e m
r g l q k r
e s z ' n e
b r n g e
t r - r m n q u
n e n g e n g
t q v z p e m
n z r p i b z
n z m c p x
k x n a m u
k x b q n g
v z t r k r
n z m c p x
m c t r k r
v o m
t u l z m c
t q m c p e l e
v z p e m
t z v z - n g r
v z p e m
v z p e m
m n c p e x
v z p e m
v z p e m
n z r p i b z
v z p e m
t z v z p e
t q v z p e
t z v z p e
t q n g i
m c t r k r
n z r p i b z
b z a m u
m n c p e x
t q v z p e m
t q v z b o
m c t r k r
n z m c p x
n z y c m n e
m r b r p e
p i b z l e
t z v z - n g r
n z m c p x
t q v z b o
b z t i p e d e
n z m c p x
n z m c p x
t q a s u l e
o t i l e
t q m e i p x
t q p i m e
t q p i m e
t q r p i p e x
t q p i m e
t q y r n i p e x
m w i t x k r
n z v z n g
y c m n e p e
n i p e n g e
t q r p i p e x
t q v z p e
n z v z b z n g
t q r p i b z l e
t q r p i p e x
n z v z b z n g
d w a t r k r
t z v z - n g r
n z v z b z n g
t z v z p e
t q r p i p e x
t z v z p e
t q p n z ' l e
t q p i p e m
t z v z p e
t z v z p e
t q v z b e
y r m q
n i b r n g e
n z v z k i l r
a e l w a p x
r k a l z m
n z y c m n e
m c l x n g
m n c t i k r
m c l x n g
t z v z - n g r
t q p i p e m
t q m c p e l e
n z o - k r m
n a p i b z k u
x l r k r l e
k z t e d e
r m c t i l e
x l r b z l e
t q p i m e
x l r b z l e
n z m c k r
n z v z k i l r
t z v z - n g r
