n z p n a t i - k r b z m u
y r l z o
n a y c t i p x m
y c t x o p e
t q y c o n g r
t z y z l u t r p e m q n g
t q a y z l u - a t e l e
t q y z l u m i p e - m o u x
y z l u p x p e m
n a r l a s z p e l r
n z p n z ' p e m
r p n z ' p e
t z r p n z t r p z n g
n a n g q d r
n z n g q t i t x p w z
n a n g q t x k r
n a o k l a t i t r - m o p q g r
t q k r l x l z p e l e
r l r - n g r m e
t r - r l r - n g r p o u
t z r l x n g i t i - a y r n r n g r
n a r l x t i b z m e
n a n g e l u n e - n g r d r
t q a e n z l i t i - n g r g r
n z g l q l z - m o u l r
t q a g l q p e k r
n z p l z p x - k r m a m u
n a y a p w x t i b o
t e k a t r t x b z l e
t z p n z - l z b q n g r
n a y a p w x t i b o
y a p w x t i - z v z b z k r
k r k a ' - l e - b l r k u
t q r w z s o
y r w i t x p x l e n g
t z l v a b e t r p e b z
t q m e i t i o
n a y a p w x t i b o
t r o p i l v z u
n a p i l v z t i
p x i q t x n e
n c b l o n g r
n z y r m
t r t z r p n a p e u
n z r p n a n e o p e - k r m l r
w a i p n z ' l e
n z a l e b z
t q m c p e x
t z p r e s i n q n g
r l r - n g r m e
t r r b l x p w z u
t r n z k q l u - k r p e p w q g r u
n z k r k a ' k r b z l e
t z y c m n e p e b z
n a o k a t r - n g r d e
t r t r k a - z l w z p w z u
t z p n z - l z b q n g r
n z k q b l q p x - k r m c
n z r p i l z n g r
n g r l x o b z l e
t q n g c n e o m
t z a n g c p e b z l r
n z n g r l r p x - k r m g r
k r a p w x
n z y c t i k r
n a a t w z l r - n g r d e
t z m r g e p e n g
n a d r v r - n g r b o
t q o k r
t q v z n e k r
t q r v z m i p w q
n z v z n e - k r g r
t q v z k i l e
t q v z - e t r - n g r d e
n z v z o - k r m o p w q k r
t q v z d z p e k r
n z v z - n q b l q - k r n g e
t q v z k i p x
t q a e n z l i k r
n z p r p x k r
t q m c l a m u
n z r m c - k r b z
n a y a g o x n g
t q p l c o
d r t w r n g e l e
n z d w a t r - k r g r
n g r g u
n a a m i n g r - n g r g r
p r t r p z
t q o - z l i o p e k r
o m i t x p x b z l e
n z v o p x k r
t r v o - n g r p m c u
t r t r k a - z l w z p w z u
d w a - r b r l z - n g r m q g r
n a a l e - k a i p z n g
t q r k a l z p e - n g r m q g r
t q o p x p e - n g r d e
t z r t a n g r p e
t q a b r t z - z v z - n g r g r
n z r p l a m e i t i - k r d e
t q e t u n e p x p e
t z p e o n g r
t r p e l e u
p e t r l e
t q p r t z
t q r p n a p e - n g r m l e
t q o t i t r p e m l e
n z r p l a m e i t i - k r d e
t q p i t i k r
n z r p i - k r m e
n a p i n e m c
t z m c n g r
x n g i t x t r l e
y r n i - e b i r p e n g
n z w z - k r d e
t q a l v c - l z b q - n g r g r
t q t o p w z b e - n g r n e
m z ~ n i b r
n a a t w z l r - n g r g r
n z r m a l v z - k r g r
t q m n c - l x b l r p e k r
r d r n g
n z y c m n e - k r b z l r
m r b r t i t r p e
t z m n c t x - a l o p e n g
n a k r k a ' - z v z k u
n z r m n q - k r d r
t r t q k a p e p w q l e
w z t i k r
n z r p i - a n i - k r m l e
t z y c m n e - n g r p e m l r
n z r p i - a n i - k r m l e
n z s u t i p e
n z r p i - a n i - k r m l e
t z m n c t x - a l o p e n g
y r n i - e b i r p e n g
y r n i - e b i r p e n g
n z l x n g i t i - k r g r
t q v z - n q b l q n e n e
n z r k a t x n g r
t q v z - n q b l q n e n e
t q l x n g i t i - a t e x
n z a b r t z - z v z n g r
n a k a t x b z l e
t q p r t r p e b z k r
n z d w a t r - m o u - k r g r
a m y a
t q v z - n q b l q n e n e
n a k a t x b z l e
t q v z - n q b l q n e n e
t z p r o p e n g
n a k r k a ' - z v z k u
t q v z - n q b l q n e n e
n z p r l x l r
t q v z - n q b l q n e n e
t q v z - n q b l q n e n e
n a m n c n e - n g r g r
t r n z p i - k r p l e u
t q v z - n q b l q n e n e
t q m z n r l x p e
t z y c m n e - n g r p e m l r
t q x n g i - a t e b z k r
b z t i p e d e
t z y c m n e - n g r p e m l r
n z a b r t z - z v z n g r
n a p i t x t r - m o p o
t q y z l u l z p e
t z r l x n g i t i - k a i n g
n z p n u t i t x
n a y a p w x t i m l e
t r n z p i - k r p o ' u
t z y c m n e - n g r p e m l r
t z r t w z t i p e - k z n g
n a m n c - k a p q n g r
n z k r k a ' - k r d e
t q m z n r p e
n a p i t x t r - m o p o
n z y a p w x - k r d r
n z r p w ' a - k r d e
t q v z m i t r p e l e n g
t q v z m i t r p e l e n g
t q v z m i t r p e l e n g
t q v z m i t r p e l e n g
t q v z m i t r p e l e n g
n a p i t x t r - m o p o
n z a m a - k r d e
t q p i
n a y a p w x t i m l e
t z r t w z t i p e - k z n g
r m c t i - n g r g r l e
n z a b r t z - z v z n g r
n a m n c n e - n g r g r
t z l v c l z p e - n g r d r
k r l z p e b o
t r k r l z w a m u
n a m n c n e - n g r g r
t q v z m i t r p e l e n g
t q y a p x p e b z
n z r k a l z m q n g q
r m c t i - n g r g r l e
t z v z p e - k a i n g
n a m n c n e - n g r g r
n z r p i l z - k r d r
t q v z m i t r p e l e n g
t q r k a l z p e m g r
t q n g r l r p x p e m
t q m u - n g r b e
t q a m u k x t r
n a m u p e k u
n z y a g o x - k r d e
n z t u - z v z - k r d e
t r n z p i - k r p o ' u
t q y r k r t r - a t e m
n a m n c n e - n g r g r
t u t r p q
t q t u t r p q
t q n g r l r p x p e k r
t z y c m n e t r p e - n g r d r
n a m n c n e - n g r g r
t q n g r l r p x p e k r
t q m w i - n g r g r
n z d w a t r - k r d e
t z v z p e - k a i n g
n z y a p w x - k r d r
t z n g r l r k i o p e l r
n z v z k a i - k r g r
n z v z k a i - k r g r
n a y a p w x t i m l e
n z v z d z - k r g r
n z v z k a i - k r g r
t z v z p e - k a i n g
n z v z k a i - k r g r
t z n g r l r k i o p e l r
n z p n a t i - k r b z m u
n a y a p w x t i m l e
y a p x - z v z k r
t q v z m i t r p e l e n g
t z m c p x p e b z l r
n z a t u p x - n g r m
n z a l v z t r n g r
t z v z p x p e b z n g
t q m u - n g r g r
t q a o k z
n z p r p x - k r d r
t q y r k r p e n g r
n z w z t i - k r b z l e
t z l v c - a t e n g
t q v o t x - n g r p w z
t q t w z p e b z l e
