n z m u n g r
t z v z - n g r
t q v z p x p e
n z a l e - k r d r l e
n z v z k a i - k r g r
n z b z t i - l x b l r n g
t q r g l q t i k r
t q v z p e
t u n e
t q v z p e b z
t z m u p e - n g r d r
n z m u - k r d r
t q r g l q t i k r
t q w a i p e x
n z y c m n e - k r d e
n z a b r t z l v z l r
n z v z - k r b o
t z y z l u p e - m o p w z n g
t q v z p e - k z x
n a n g q n a m u
n z r p i m
k x t o p w z n e
n z m c t r
n z r p i - a n i - k r m l e
n z m c k r
t q w x b u p x m
t q v z p e
n z w z - k r n g e
b z p n z ' x
n z v z - n g r m l r
n z y c m n e - k r m
t q v z p e m
n z v z - k r m
t w z k i p x l e l e
n z k r k a ' p x - k r m l r
t z m n c t x - a l o p e n g
n z l v c n g
t q v z p e - k z x
k c n g p e
n z a t r k a t i
t u n e p w z
n e n g e n g
n z m n c p e n g
t q v z - n g r g r
n z r p i - a n i - k r m l e
t q p i b z k r
a t a k q t i - l z b q t x k r
t q t u p x m
l c - a p q b z l e
n a p i b z k u
n z p r t z - k r b z k r
t q m c p e x
t q w z t i p e l e
t q r p i b z l e
t z r t w z - k z n g
t q y a g o x p e
t z v z k i n e d r
n z v z k i l r
t z a y z l u
t q p i b z
t q v z p x p e
t q v z m i t r p e b z l e
t q p i b z
n z r p i b z l r
n z r p i l r
n z v z k i o l r
n z v z b z n g
t q o t i - a t e m
n z v z b z n g
k r a l i
t q v z p e - k z x
k r l z t r p z k r
t q m c p e l e
n a v z m i b z l e
t q m n c
t q p i m e
t q y r n i t x p e
t z v z o p e n g
v z p e m
t q a t a t r p e l e
t q r p n a p e - n g r m l e
t q v z p e - k z x
n z p i l z l r
t z v z p e - k a i n g
n a e s z ' m z n g
t q v z p e m g r
o t i b z
n a p i b z k u
v z - z v z x
t z v z p e
n a v e x
v z p x b z k r
t q r k a l z p e - n g r m q g r
n z l x n g i t i - k r g r
t q r p i b z l e
t z v z n e p e n g
t q v z - n q b l q n e n e
t z v z p e - k a i n g
t r v z n e - k a k r
n z v z k i o l r
