n z m u - k r g r
p i p e b z
t r t q w z p e u
t q v z p e m g r
t q v z t r - m o p w z k r
v z m i o l e
t z v z - a t e n g
n z v z b z n g
v z - z v z x
t q v z m i t r p e l e n g
n z y r l q b z
t q m i b i
t q v z p e m g r
k c m a
o s o p x b z k r
n z v z p x b z n g
n z v z - k r m
t q n g r l r p x p e k r
n z d w a t r - m o u - k r g r
t q v z p e x
n a p i t x t r - m o p o
a o t i
o m i t x p x b z l e
t z v z p x p e b z n g
n z a b r t z n g r
n z v z n e p e l r
t z m n c - n g r d r
t q k i p o p e
v o m i k r
v z m i o l e
n z v z - z v z b z n g
d w a l z m g r
n a v o p e k r
m q d e
v z x
t q m u - n g r g r
v z k i m l e
n z v z - k r b z k r
k x y r l z
t q t u n e p w z
n z m n e t i
n z v z - k r b z k r
n a o p e k r
n z v z - k r b z k r
t q r p i m l e
m c p x m
n z l x n g i t i - k r g r
n z r p i b z l r
r b l x t x p e l e
m c l z k r
k r l z m g r
n a m n c - k a p q n g r
r p i l e
t u n e p w z
t q p n z ' p e l e
v z - z v z x
n a v z b z
n a v z n g
n z v z - k r n g e
n z v z p x b z n g
v z p x b z k r
t z l z t i t r
n z y c m n e k r b z
t q t u n e p w z
n z v z - k r d r
v z k i m l e
l i p w z
n z v z - k z n g
t z v z p e - k a i n g
t q v z p e - k z x
t q v z b o
r p i m
n a p i t r - m o u p o
v z - z v z x
n g r l r m i m l e
v z t r n g r
n a n g i t x p w z
t q w z t i p e l e
v z k i m l e
t z v z p e
n z k r l z m l r
v z k i m l e
t q v z t r p e
v z m i o l e
r p i l e
t q k u k i - n g r n a m u
n z r p i - a n i - k r m l e
t q p i p e m
t z v z o p e n g
t u l z m c
t q p i p e m
m z k e '
n z y a p w x - k r d r
n a k q t x o m
m w i t x
t r v z n e - k a k r
t q w x b u p x
t q o l i q t i p e b z l e
n z n g i - k r d r
n z v z - k r n g e
