m c p z
n z r l r - n g r b z
n a v z n g
n a v z n g
n z a y o n g r
n z v z
t z a k i - l z b q p e
a p u l e
n z n g r l r m i p x b z l r
n z r p i b z l r
v z k i m l e
t q v z m i t r p e l e n g
w z t r p o
n z o l i q k r
n z o k a t r k r
t q v z t r - m o p w z k r
t z r l x n g i t i n g
t z v z - n g r
n a v z m i b z l e
t r t q w z p e u
n z v z k a i - k r g r
n z v z k i l r
t z n g r l r k i p e b z l r
t q m r t u - n g r d e
n z v z k i o l r
n z v z - n g r m l r
n a a g l q b z l r
t q m n c - l x b l r p e k r
t z v z k i n e d r
m z t e
n c n q n g q
n z v z p x n g
t z v z p e - k a i n g
r k a l z m
n z m c k r
l a p e
n a k a b o
y r k r t x o
t q w x b u p x
v z p x b z k r
t q r m c t i p e k r
y r m q
n a v z n g
n z a l v z t r p l r
t z a v e a t i p e
n z v z
n z v z p e n g
k x l i
t z a n g c p e l r
n a r t a n g r t i k r
t q y a p w x t i p e m l e
t z v e c p e n g
n z m c t x p w z
n z a m z b l q p x - k r m c
k r k a ' n e p w z k r
n z r m c t i l r
t q r m c t i p e k r
n z v z p x b z n g
n z v z p e n g
t q v z p x p e
n z v z k a i - k r g r
n z w z - k r n g e
t z m n c - n g r d r
n z m c p x
t q v z p x p e
r m c t i - n g r g r l e
p w r k i l v c - n g r g r
n z v z k i l r
n z a t u p x - n g r m
t q v z p e m g r
t q v z p e
t z m n c t x - a l o p e n g
n z v z - k r b o
t q a s u p e
n z v z p e - k r d r
t q p n z ' b q p e l e
v z p e m
n z a p x - n g r m
n z a l v z t r n g
t r v z n e - k a k r
n z v z - k r b z k r
n z m u - k r g r
t q t r k a p e m
t q t w z o p e
t q r p i b o
t q m n c - n g r d e
n z v z k i o l r
t z v z p e
t q d w a p l r k r n g
n z r m c t i l r
w z t r p o
p z t i t x k r
t q t w z p e
o t i l e
t z v z p e
n z o t i p e - k r m
v z p x b z k r
t z m n c - n g r d r
t q v o b e
n z r p i l r
