o t i b z
t q v z p e b z
n z m c t x p w z
n z v z k a i - k r g r
t z p r p x p e n g
m c l x
n z v z p x b z n g
t q t u p x m
n a v z m i b z l e
t r v z n e - k a k r
n z v z n e p e l r
t z y r n i n e t r p e b z n g
t q v z m i t r p e l e n g
n z v z - k r b o
a l q l i o l e
k x m u l e
n z r p i - a n i - k r m l e
n a r l x t r p z k r
t z v z p x p e b z n g
t q v z p e
p w x p w z
n z r p i b z
n z v z - k z n g
n z p n z ' b z
t q v z b o
w z p x m
t z v z p e
t q v z p e - k z x
y a n e - z v z k r
v z t r n g r
m n c l z - n g r m
n z v z k i
n z r p i - a n i - k r m l e
t q y z l u p e m c
m a l e l e
t q w x b u p x - n g r m
n a p i t x t r - m o p o
t q v z p x p e
n z v z k a i - k r g r
v z - z v z x
n z y c m n e - k r m
t q a t w z l r p e
n z t u n g r
t z y c m n e t r p e - n g r d r
n z k q l u t x
v z - z v z x
t q m c p e k r
t u t x l z m
t q v z p e b z
n z r m c t i l r
r n i p e x
t z v z n e p e n g
n z t w z - k r n g e
t q v z p e x
t q v z p e - k z x
n z v z p x b z n g
t q v z m i t r p e b z l e
n z v z b z n g
n z m c p x b z l r
n z v z p e n g
t z v z k i n e d r
t q o t i m l e
t q p i b z k r
n a b z d r
t q v z m i t r p e l e n g
t q r p i b z l e
n z m c t x p w z
t q v z p e x
v z p e m
n a v z n g
t q v z t r - m o p w z k r
r m c t i - n g r g r l e
v z b o
n z v z
n z - z p q t r - k r d r
m e i t x t a t x p x
n a m w i
y z l u m c
n z m c - k r n g e l e
t q n g r l r l z p e
t q a y r n i p e
t u t x p w z
n z r p i b z l r
t q y r n i p e x
t u t i p x - n g r m
t q v z p e - k z x
t q v z p e x
t q p i m e
t q v z - n g r g r
v z t x
n z m c o m l r
m z l w e n g
w x t x l z
t r v z n e - k a k r
n z a n g i o
y r l q b z k r
m n c l z - n g r m
t z y c m n e t r p e - n g r d r
n z d w a o n g r
n z v o u n e o p e m
