n z v z p e - k r d r
m n c p e x
t q v z p x p e
n z v z p x b z n g
k r l x l z p e l e
n z r p i m
v o k r
t z a o l v z - a t e b z
n z w z - k r g r
v z - z v z x
n a m w i
n z y r b z
n z r p i l z - k r d r
t z v z n e p e n g
n z v z p e - k r d r
n z v z - n g r m l r
n z v z - n g r m l r
t q m c p x b z k r
t q v z p e
t q y r p u t i p x n g r
n z v z k i l r
k x b q g r n g
t q v z p e x
n a v z n g
n z v z - k r b o
n z b z n g
t z v z k i n e d r
t z v z k i n e d r
t q v z - n q b l q n e n e
t r k r l z w x u
v z m i o l e
t q v z - n q b l q n e n e
n z a y o n e p e - k r d r
n z w z t r n g
v z - n q b l q m
v z t r l e
n z v z - k r n g e
m n c l z - n g r m
t q t w z o p e
t q m c p e l e
n z n g i k r
y c m n e k i m l e
v z m i m q
n z v z - k r m
v z k i m l e
y r k r p x b z l e
t z l v c - a t e n g
t q a l v c - l z b q - n g r g r
n z a t u p x - n g r m
k x e t u
v z x
n z a t o l w a - n g r n g
v z t r n g r
t r v z n e - k a k r
n z a p u s r - k r d r
t q r p i p e x
n z v z - k r n g e
n z v z - n g r m l r
t q v z p e x
t q y r p u t i p x n g r
m c l x
n z v z p e n g
y z l u m l e
t z k a p u t r p e
t q k r l z - a t e b z k r
n z v z - k r b o
t z v z p x p e b z n g
n z v z p x b z n g
n a n
t q p i p e m
n z v z n e p e l r
m w i t x k r
n z o - z l i o - k r g r
n z v z k i o l r
n a v z b z
t q r p i p e x
t q v z p x p e
v z t x
t q v z p e b z
p i b z l e
n z r p i m
n z v z p e n g
n e m u n g
t w z t x p o
s c m
t q v z p x p e
t q v z m i t r p e l e n g
t q v z p e b z
v z x
y a p x - z v z k r
t q m u
y a p w x t i - z p w x m a m u
e s z ' t i
t q x l r p e k r
o b q o b z
t q v z b o
t q p i b z
t q v z p e m g r
t z v z n e p e n g
n z v z - z v z b z n g
