n a p i b z k u
n z v z k i o l r
t q p i b z k r
n z m c p x
n z v z n e p e l r
v z b z
n z m n c l z b z
p w x p w z
v z t r n g r
t q v z p e b z
n z m n c l z b z n g
t u o m
v z t r n g r
t q v z - n g r g r
t q d w a p l r k r n g
n z r t w z - k r d r
v z m i m q
n z k q o - k r m
t q r p i b z l e
n z v z - k z n g
t q v z p e x
t q y r k r p e
n z v z - n g r m l r
t q v z p e x
t q v z p e
t q y a p w x t i p e m l e
n z m c p e - k z p z
n a y c t i p x m
t q a m z b l q p x m c
t q v z p x p e
t q v z m i t r p e b z l e
t q y r p u t i p x n g r
n z v z - n g r m l r
t q y a p x p e k r
n z m c t r
t z a m c t i - n g r d e
n z v z - k z n g
t q n g r l r p e k r
n z v z p e n g
a l v z t r l e
t q v z - n q b l q n e n e
n z v z p e n g
n a m n c - k a p q n g r
v z p x b z k r
n z o t i p e - k r m
v z p x b z k r
t q v z p e m g r
t q r m c t i p e k r
t r m c l e u
t q w x l i k i t x p x
m n c l v z r n g r
n a m n c t x p o
n z r m c t i l r
v z k i m l e
y c p x
n z w z n g
n z v z p e n g
t z y a p w x t i p e b z l r
t q v z p e m
l v c - a l z u p q
k x y r l z
x l r b o l e
t q t u l z
t q p i p e b z l e
n z y c m n e - k r b o
n z w a i n e - n g r b z l r
w z n g r
a b r t z t x p e k r
t u t x l z m
n a i p q p x n g r
v z m i m q
n a a g l q p e k r
n z v z k i l r
t z a p u l r
e l a k r
n z w z - k r g r
t r n z m n e t i u
n z v z - k r g r
t r v z n e - k a k r
n z y c m n e
n z p n a t i - k r g r
m z n r y a g w e n g r l c
v z p x b z k r
v z p e m
n a y a g o x n g
t q t u p x m
t r n z l x n g i t i k a l r
n a v z b z
n a v z b z
n z t c n g r l z k r
n a v z b z
t q o b q t r p e
v z p e m
k r k a ' - l e - b l r k u
n z a b r t z n g r
v z t x
n z v z - z v z b z n g
v z x
t q w a i k i
v z p x m
n z m c t x p w z
t z v z p x p e b z n g
t q m c p e l e
t r v z n e - k a k r
a o l v z b z
t q p r t r p e b z k r
m c t r k r
t q o l v x t i p e l e
d w a t x t r x
t q v z p e
a t u l z n g r
n z m w x l r t i - l z b q n g
t z v z p x p e b z n g
a b r t z l v z k r
n z l x n g i t i - k r g r
n z v z - n g r m l r
t q v z p e m
n z d w a t r - k r g r
t u p x m
n z r p i b z l r
t q v z m i t r p e b z l e
n z d w a o n g r
n z v z p x n g
m c l z k r
m e i t x t a t x p x
t q v o b e
p i b z l e
t z k u k i n g
v z x
v z m i o l e
n a r t w z m
m e l z m c
t z v z - n g r
v z p e m
t q v z m i t r p e l e n g
n a y a - p w z - t i p e x
n z v z k i l r
p i b z l e
t q v z m i t r p e b z l e
n z v z p x n g
n z b z n g
n z v z - z v z b z n g
n z v z n e p e l r
v z k i m l e
n z r p i l r
n a t r k a - z l w z l e
t q t u n e p w z
t z y c m n e - n g r p e m l r
t q v z b o
n z r p i l r
t z n g r l r k i o p e l r
t z m n c - n g r d r
t q v z b o
n z r l a l z - k r g r
n a p i p x - l z b q n g
r p i o b z l e
k c m a n g
l v c - a l z u p q
t q m n c - l x b l r p e k r
v z - z v z x
m n c l z - n g r m
o b q o b z
n z y a y o l z - k r m g r
v z x
t q n g r l r l z p e
y c m n e p e
p i b z l e
v z m i o l e
t q w x b u p x - n g r m
t q y r n i p e x
n a p i p x - l z b q n g
n a p i b z k u
t q a m e i b z k r
r k a t r p q
v z k i m l e
n z w z t r n g
n z v z
n a p i t r - m o u p o
v z p e m
n z v z - k r b z k r
t z m n c t x - a l o p e n g
t q a w r k x t r p e l e
n z m n c l z b z n g
n a y a p w x t i b o
n z v z - k r n g e
n z a t w z l r - n g m
m n c l z - n g r m
t q a y r n i p e
x l r m l e
t z v z k i n e d r
n z v z - z v z b z n g
t q b z p e
n z p r p x n g r
m r t u t x
t q v z m i t r p e l e n g
t z v z p e - k a i n g
n z e t u p e - k r n g e
n z d w a o n g r
m n c l z - n g r m
n a v z n g
n z v z k i l r
v z x
n z v z k a i - k r g r
m c l x n g
t q r p i b z l e
n z v z k i o l r
t q m c p e l e
n z y c m n e
n a y a p w x t i b o
t r a y z l u p l e u
n z v z - n g r m l r
t q r l r p e - n g r m l e
v z m i o l e
t z v z - n g r
t q v z p e b z
n a v z m i b z l e
t q m c p e l e
n z p n a k i p x l r
n a o k a t r p q l r
t q p r k i l z m
l x e d e
n z d w a t r - k r d e
x l r k r l e
t q v z - n g r g r
t z v z o p e n g
n z v z - k r n g e
v z m i m q
n z v z p x n g
r g l q k r
t q t u l z
n z v z n e - k r g r
m c l x
n z v z b z n g
p e t i k r
n z v z - k r m
n z v z p x b z n g
t r w z p e l e u
n z x l r b z l r l e
t q t u p x m
n z r p i b z
m c l x n g
v z m i m q
n z v z
y z l u m l e
n z v z - k r n g e
n z t u n g r
t q y r p l a t r n g r
m c t r k r
n a r l z
n z r t r n g r t i o l r
t q v z m i t r p e b z l e
t q v z m i t r p e b z l e
t q v z m i t r p e b z l e
w x b u p x - n g r m
t q v z t r - m o p w z k r
t q v z m i t r p e b z l e
t q v z t r - m o p w z k r
t q v z m i t r p e b z l e
t q v z t r - m o p w z k r
t q y c o m
t q v z t r - m o p w z k r
t q v z m i t r p e b z l e
t q v o t x - n g r p w z
a t w z l r - n g r m l e
t q v z t r - m o p w z k r
n z p n a k i p x l r
n a p i t x t r - m o p o
t q r p n a p e - n g r m l e
n z r k a t x n g r
n z y c m n e k r b z
t z l v c - a t e n g
n z v z - z v z b z n g
n z v z - z v z b z n g
t q d w a p l r k r n g
n z y a l z - k r g r
n z w z - z l w z - k r g r
n z w z t i - k r b z l e
n z o t r n g r
n z v z - n g r m l r
n z l i - k r d e
t z l v c l z p e - n g r d r
n z b o m - k r d e
r p i - m o u p q l e
t q v o t i t r p e m l e
t z v z p x p e b z n g
n a v z k r
n z x l r m l r
n z v z - k r b z
n z o t r n g r
t z m w i - n g r d r
t q m n c - n g r d e
t z v z p x p e b z n g
t q v o t i t r p e m l e
t q v z - n g r g r
t q k r k a ' p e
t q v z - n g r g r
t q y z l u p e k r
n z r l z - k r b z l e
t q v z - n g r g r
n z m c - k r d e
t q v z - n g r g r
n a a g l q p e k r
y a n e - z v z k r
m n c - m i p e - a m u
m n c - e p e l z l e
t q v z - n g r g r
n z v z - n g r m l r
t q v z - n g r g r
t z r m c t i p e l r
t q v z - n g r g r
m n c - m i p e - a m u
n z v z - z v z b z n g
n z v z - z v z b z n g
n z v z - z v z b z n g
l x l v r k i m l e
n z v z - z v z b z n g
t z r m c t i p e l r
n a v o p e - n g r g r
n z v z p e - k r d r
n z v z p e - k r d r
n z v z p e - k r d r
n z t u - z v z - k r d e
m n c - m i p e - a m u
n z m n c p e n g
t q w z - n g r g r
t q y r n i p e
n z n g i - k r d r
n z v z - k r b z k r
n z a l v z t r n g
n z m n c l z b z n g
m w x l r t x - z l w z k r
t q v z - n g r g r
n a n g r l r t r k i
n z t u - z v z - k r d e
n z m n c l z b z n g
n z v z - k r b z k r
n z v z - k r b z k r
n z m n c l z b z n g
n a k a t x b z l e
t z r m c t i p e l r
n a l x n g i t i k u
n z a s u n g
n z a l v z t r n g
n z m n c l z b z n g
n z v z k a i - k r g r
t r v z n e - k a k r
n z p n a k i p x - m o u l r
n z p r t r - k r n g e
n z v z - k r n g e
k x t q
r n g i - b a t r p q
t q n g r l r l z p e
n z v z k a i - k r g r
n z v z k a i - k r g r
n z v z - k r b z k r
n a p i t r - m o u p o
n a p i b z k r
k r a p w x
n z b z - k r g r
n z v z d z m q n g
k r l z p e b z k r
t q n g r l r l z p e
t q m n c - n g r d e
t z a y o t i
t q m n c - n g r d e
t q v z - n g r g r
n a v z b z k r
t q t u p x - n g r m
n z v z - k r n g e
t q v z p e m g r
t q m c p e k r
t q p n z ' l e
t q m c p e k r
m n c - e p e l z l e
t q m c p e k r
n z v z - k r n g e
t q v z - n g r g r
t z s i k l u t i
m n c l v z r n g r
n z v z p e - k r d r
t q v z p e m g r
n a v z b z n g
n a r p n z '
t q v z - n g r m
t q m c p e k r
n z v z - k r n g e
t z v z p e n g
t z v z p e - k a i n g
n e n g e
n e d e
t z r m c t i p e l r
t q r g l q t i k r
n z v z p e - k r d r
t z v z p e - k a i n g
n z v z p e - k r d r
n z v z - k z n g
t z v z p e - k a i n g
t z v z p e - k a i n g
n z v z - k r n g e
n z v z - k r n g e
t z v z p e - k a i n g
m z l w e d e n g
n z v z n e p e l r
n z v z n e p e l r
d w a l z m g r
n g q t i p e l e
n a v z m i b z l e
t z v z p e - k a i n g
t r v z n e - k a k r
t q o t i - a t e m
n a w x b u n g r
n z v z o - n g r m
t r v z n e - k a k r
n a v z m i b z l e
n a d w a p e k r
n z v z - k r n g e
n z x l r - k r g r
n z m n c l z b z n g
t r v z n e - k a k r
n z w z - k r n g e
t r v z n e - k a k r
n z v z n e p e l r
t r v z n e - k a k r
t r v z n e - k a k r
n z v z n e p e l r
n a v z m i b z l e
n z w z - z l w z - k r g r
t r v z n e - k a k r
t z v z k i n e d r
n z v z n e p e l r
n z w z - k r n g e
t z v z p e - k a i n g
n z v z p x b z n g
d w a l z m g r
n z v z - k z n g
m n c l z - n g r m
t q y a p x p e b z
n z v z n e p e l r
n z v z p x b z n g
n z v z n e p e l r
n z v z p x b z n g
r m c t i p e k r
n z v z p x b z n g
m n c l z - n g r m
n z w z - k r n g e
t z v z k i n e d r
n z v z p x b z n g
n z v z - k z n g
t q w a i p e l e
y r k r p x b z l e
t z v z n e p e n g
t z v z n e p e n g
m r b r t i t r p e
n z v z n e p e l r
n z v z n e p e l r
t z v z n e p e n g
t z v z n e p e n g
t z v z n e p e n g
n z v z - k r b z k r
n z v z - k z n g
t u t i p x - n g r m
t z v z n e p e n g
n z v z - k r n g e
t z v o p e
n z v z - k r n g e
t z r k a l z p e m
n a d w a p e k r
n z v z - k r m
t q w z t i p e l e
t u t i p x - n g r m
n z v z - k r m
n z v z - k r b z k r
n z v z - k r m
t z v z k i n e d r
n z v z n e p e l r
n z v z - k r m
n z v z - k r m
t z v z k i n e d r
n a v z m i b z l e
n z v z p x b z n g
n z v z - k r m
n z v z - k r m
n z v z - k r m
n z v z - k r m
n z v z - k r m
n z v z - k z n g
m z l i   k c
n z v z - k r m
n z v z p e - k r d r
n a v z m i b z l e
t q m n c - n g r d e
n z v z - k r m
t q t u n e p w z
n z a b r t z k r
t q v z p e m g r
t z y a p x p e n g
n z r p i m l r
t r v z n e - k a k r
y a g o x t x
a t u l z n g r
t q t u n e p w z
t z v z k i n e d r
t q p i p e b z l e
n z v z k i l r
t z v z k i n e d r
t z v z k i n e d r
t z v z k i n e d r
r p i o b z l e
n z r p i m l r
t z v z k i n e d r
t z v z k i n e d r
t z v z k i n e d r
n z v z - k z n g
t q v z p e - k z x
t q o b q t r p e
n z t w z l r
v z p x b z k r
r p i o b z l e
v z p x b z k r
y r k r p x b z l e
n z m u - k r g r
v z p x b z k r
n z m u n g r
t q r p i - n g r n
t q r p i b z l e
n z p w x n g
r m c t i p e k r
t z v z o p e n g
r m c t i p e k r
t q p i p e b z l e
t z v z o p e n g
n a m n c t x p o
p r o t x k r
n a r l x t i b o
n a v z m i b z l e
v z p x b z k r
v z p x b z k r
v z p x b z k r
t q p i b z k r
t q v z p e m g r
t q m w i t x p e
n z v z p x b z n g
t q v z p x p e
t z v z o p e n g
n z r p i l r
t z v z k i n e d r
t q v o p x p e
t z l v c m l r
n z p i l z l r
n z p w x n g
n z v z - k r b o
t q o l v x t i p e l e
t z v z o p e n g
t q p i b z k r
n z r l e t i n g r
t q v z p e x
t q p i p e b z l e
t q v z p e - k z x
t q p i p e b z l e
t q p i b z k r
n z v z - k z n g
t q v z p e x
t z v o p e
t q v z p e - k z x
t q v z p e x
t q y r k r p e
t q p i b z k r
y r l q b z k r
t q p i b z k r
t q v z p e - k z x
t q v z p e x
v z p x b z k r
t q v z p e - k z x
n z r p i l r
t q v z p e x
t q v z p e x
n z m n c p e n g
n z r p i l r
t q p i b z k r
t q v z p e - k z x
t q v z p e x
n z a b r t z k r
t z m w x l r n g
t q v z p e - k z x
n z r m c t i l r
n z a b r t z k r
t q v z p e b z
t q v z p e x
t q v z p e - k z x
n z r p i l r
v z p x b z k r
r l x n g i t i l e
m w i t x k r
t q v z p e x
t q v z p e b z
n z v z - k r b o
t q v z p e x
t r k r l z w x u
n a v z m i b z l e
y z l u m g r
n a v z m i b z l e
n z d w a o n g r
m n c l z - n g r m
n a v z m i b z l e
t q v z p x p e
n a v z m i b z l e
m c - k z a m u
n z l z t r - n g r d e
v z t r n g r
n z n g i - t r p e n g r k r
v z t r n g r
n z p i l z l r
n z v z p x n g
v z t r n g r
n z r m c t i l r
n z m c t x p w z
v z t r n g r
n z r p i b z l r
n a y r k r t x
n a m n c t x p o
v z t r n g r
n z m n c l z b z
t q v z p x p e
v z t r n g r
t q o t i p e l e
v z t r n g r
n z k u k i n g
n z v z - k r b o
n z v z - k r b o
n z v z - k r b o
n z v z - k r b o
n z r p i m l r
r p i o b z l e
n z v z - k r b o
n z v z - k r b o
n z v z - k r b o
a n g c t i k r
v z k i m l e
n z v z k i l r
v z m i o l e
t z k u k i n g
n z m n c l z b z
v z m i o l e
v z k i m l e
n z r p i l r
t q v z p e b z
v z k i m l e
n z g l q o l r
v z k i m l e
n z v z - k r b o
t q v z p x p e
t q v z p e b z
a s u m i p e b o
n z v z - k r b o
n a p i t r - m o u p o
t q a s u p e b z
r m c t i p e k r
n z v z p e n g
n z v z p e n g
n a m n c t x p o
t q v z p x p e
k x p r t z
t q v z p x p e
n z k r l z m l r
t q v z p x p e
t q v z p e b z
t r k r l z w x u
n z v z p e n g
n z v z p e n g
n z v z p e n g
n z v z p e n g
n z v z p e n g
n z v z p e n g
y z l u m g r
n z v z p e n g
n z v z k i o l r
n a p i b z k u
n z v z p e n g
n z v z k i o l r
v z k i m l e
n z v z k i o l r
v z k i m l e
n z v z k i o l r
n z r p i b z l r
n a m n c - k a p q n g r
v z k i m l e
a t u l z n g r
n z v z k i o l r
n a n g i p e
t r n g i u
v z m i o l e
r k a l z m
t q v z p e b z
v z k i m l e
n z v z p x n g
v z k i m l e
t q v z p e b z
n z v z k i l r
n z v z t r n g
t q v z p e b z
t z r p i p e
d w a t x t r x
v z k i m l e
n a p i b z k u
n z m c t x p w z
n z w z t r n g
n z v z k i l r
n z v z k i l r
m n c t i k r
n z v z p e n g
k r l z m l e
x l r k r
n z v z b z n g
n z v z b z n g
n z v z b z n g
t z v z - n g r
n z v z b z n g
r m c t i l e
v z k i m l e
n z r p i m l r
n z t u n g r
t q v o
t q r p n a l z m
t u n e p w z
n z v z p x n g
n z v z p x n g
o b q p x k r
n z v z p x n g
n z v z p x n g
n z v z p x n g
n z v z p x n g
n z v z p x n g
t z v z - n g r
d w a l z m g r
m z l e d e n g
t z v z p e
b z a m u
m r b r l z m
t r t a k i t r u
t z v z - n g r
t z v z - n g r
n z t u n g r
n z y c m n e
n z m c k r
p i b z l e
n z b z n g
n z m c k r
t q m c p e x
n z v z k i l r
n z v z k i l r
t z v z - n g r
n z v z k i l r
n z m c k r
x l r b z l e
t q p i m e
x l r b z l e
r m c t i l e
k z t e d e
x l r k r l e
n a p i b z k u
n z o - k r m
t q m c p e l e
t q p i p e m
t z v z - n g r
m c l x n g
m n c t i k r
m c l x n g
n z y c m n e
r k a l z m
a e l w a p x
n z v z k i l r
n i b r n g e
y r m q
t q v z b e
t z v z p e
t z v z p e
t q p i p e m
t q p n z ' l e
t z v z p e
t q r p i p e x
t z v z p e
n z v z b z n g
t z v z - n g r
d w a t r k r
n z v z b z n g
t q r p i p e x
t q r p i b z l e
n z v z b z n g
t q v z p e
t q r p i p e x
n i p e n g e
y c m n e p e
n z v z n g
m w i t x k r
t q y r n i p e x
t q p i m e
t q r p i p e x
t q p i m e
t q p i m e
t q m e i p x
o t i l e
t q a s u l e
n z m c p x
n z m c p x
b z t i p e d e
t q v z b o
n z m c p x
t z v z - n g r
p i b z l e
m r b r p e
n z y c m n e
n z m c p x
m c t r k r
t q v z b o
t q v z p e m
m n c p e x
b z a m u
n z r p i b z
m c t r k r
t q n g i
t z v z p e
t q v z p e
t z v z p e
v z p e m
n z r p i b z
v z p e m
v z p e m
m n c p e x
v z p e m
v z p e m
t z v z - n g r
v z p e m
t q m c p e l e
t u l z m c
v o m
m c t r k r
n z m c p x
v z t r k r
k x b q n g
k x n a m u
n z m c p x
n z r p i b z
t q v z p e m
n e n g e n g
t r - r m n q u
b r n g e
e s z ' n e
r g l q k r
v z p e m
k x l r p r
v z t r l e
v z p e m
v z p e m
v z p e m
t q p i b z
t q v z p e m
t q v z p e m
t q p i p e m
t q v z b o
t q p i b o
n a v z n g
v z - z v z x
m c p x m
v z - z v z x
n a v z n g
m c l z k r
v z - z v z x
n e d r n g
n a r p n z '
r p i l e
t q v z p e m
n z w z k r
t z v z p e
n a v z n g
n a v z n g
n a v z n g
m c p x m
t q r p i p e x
w z t r p o
t u l z m c
v z m i m q
m z l e d e
v z m i m q
v z m i m q
m c p x m
m c p x m
v z m i m q
s u t x
t q m c p e x
v z m i m q
v z m i m q
t q v z b o
v z - z v z x
t q t u p x m
r p i l e
v z - z v z x
t q p i m e
v z - z v z x
n z m c t r
t q v z p e m
v z - z v z x
t q v z p e m
t q n g i
y c p x
t q p i b z
t q v z b o
t u p x m
t q v z b o
t q v z b o
v z m i m q
t q v z p e m
t q p i p e m
b r t i t x
v z m i m q
t q v z p e m
t q v z b o
w z t r p o
t q v z p e m
t q v z p e m
m c l e
t q v z p e
t q v z p e m
v z t x
v z m i m q
v o k r
n a v z - k a i n g
t q m c p e x
n a v z n g
t r s u k a
s c g u
n a v z n g
t q p i b z
v z t r l e
v z t r l e
v z t r l e
v z t r l e
v z t r l e
v z t r l e
v z t r l e
t u p x m
m c p o
t q e t u
m c p o
t u p x m
v z t r l e
m c p o
t q v z p e
t q v z p e
t q v z p e
t q v z p e
v z - z v z x
t u p x m
n z v z
o t i m
n z m c t r
n z v z
t q n e p e
n a v z b z
n z v z
n a v z b z
n z v z
t w z x
s c d r
k x p c
v z t x
v o m l e
v z t x
m c t x m
m c t x m
n a l i
m c t x m
n a v z b z
v z t x
v z t x
v z t x
v z t x
l i p e
n z v z
n z v z
t u o m
n a v z b z
n z m c t r
m c t x m
k x l i
m c l x
m c l x
m c l x
n a l i
t u o m
m c l x
t w z q
t q m n c
v z x
v z x
v z x
v z x
v z x
v z x
v z x
t q m n c
