м э к ъ у о г ъ у м а з э м к ӏ э
ш а м г ь э н э м к ӏ э
г ъ о ш э г ь   ч ӏ э г ъ ы ч ӏ э л ъ э х ы у
ч ъ ы г ы   ш ъ у а м п ӏ х э м э
б ы л ы м б э л ы д ж э х э м к ӏ э
ӏ а ш ӏ у ӏ у ш ӏ у м
ӏ а ш ӏ у ӏ у ш ӏ у к ӏ э
г ъ о ш э г ь   ч ӏ э г ъ ы ч ӏ э л ъ э х э
к ъ э б э с к ъ э   ш ӏ о ӏ у э х э м э
к ъ а з м а к ъ б з ы у э х э м к ӏ э
к ӏ э н к ӏ э ж ъ а п х ъ э х э м к ӏ э
х ь а л ы г ъ у щ а п ӏ э х э м к ӏ э
г ъ о п э к ӏ ь а к у э х э м к ӏ э
п х ъ э н к ӏ ы п х ъ э х э м к ӏ э
к ъ а з м а к ъ б з ы у э м к ӏ э
ш ъ х ь а н г ъ у п ч ъ э м к ӏ э
к у к у н э г ъ э п л ъ э х э м э
х ь а н т х ъ у п с ы э х э м э
б ы л ы м б э л ы д ж э х ы у
ш ъ х ь а н г ъ у п ч ъ э х э р
б ж ь э м а т э к ӏ э
ӏ а ш ӏ у ӏ у ш ӏ у х э м э
б ы л ы м б э л ы д ж э х э р
х ь а н т ы к ъ у а к ъ у ы у
ш ъ х ь а н г ъ у п ч ъ э к ӏ э
а п к ӏ х а л ъ х ь э х э к ӏ э
б а т ы р г ъ э г ъ э х э м к ӏ э
б з ы у к ӏ ь а л ъ э х э м к ӏ э
х ь э т ӏ р э п ӏ ы й ы у
ц ы к I у х э м к ӏ э
х ь э н ч э м ы ӏ у э х э м к ӏ э
ш э к Ӏ у а х ь э х э
т ы г ъ у р ы г ъ у х ы у
ш ъ х ь а н г ъ у п ч ъ э х ы у
х ь а ц э п ӏ а ц э х э м к ӏ э
ц у э к ъ о к ӏ э х ь э х э к ӏ э
б э д з э н э ш ъ у э х э м э
ц ы к I у х э к ӏ э
п ӏ э с т ӏ э к ӏ э ш ы п э х ы у
к ъ а з м а к ъ б з ы у х ы у
а н э д э л ъ ф ы б з э х э р
ш ъ х ь а н г ъ у п ч ъ э м
о ф и с   п с э у а л ъ э м к ӏ э
ӏ а ш ӏ у ӏ у ш ӏ у х э к ӏ э
г ъ о п э к ӏ ь а к у э х э р
ш э к Ӏ у а х ь э р
п л ъ ы ж ь г ь э ф э х э м э
х ь а ц ӏ э б а ц ӏ э х э м к ӏ э
ш ъ х ь э а т ы н г ъ э х э м э
х ы г ъ э х ъ у н э х э м к ӏ э
ч ӏ ы л ъ э т е п л ъ э х э р
к ъ а з м а к ъ б з ы у э к ӏ э
к у к у н э г ъ э п л ъ э х э р
о ф и с   п с э у а л ъ э х э р
н ы к ъ о л ӏ а г ъ э х э к ӏ э
т х ы л ъ ӏ ы г ъ ы п ӏ э х ы у
х ь э т ӏ р э п ӏ ы й э х э р
м э к ъ э к ъ а щ э х э м к ӏ э
р э х ь э н й э л э х э м э
г ъ о п э к ӏ ь а к у э к ӏ э
ч I а п ц I э х э м э
х ь а л ы г ъ у щ а п ӏ э р
ч ӏ ы л ъ э т е п л ъ э м к ӏ э
х ы г ъ э х ъ у н э х э м э
х ы г ъ э х ъ у н э м к ӏ э
т ы г ъ у а к ӏ о х э м к ӏ э
р э х ь э н й э л э м к ӏ э
ш ъ х ь э а т ы н г ъ э х э р
о ф и с   п с э у а л ъ э к ӏ э
х ь а н т ы к ъ у а к ъ у э к ӏ э
п л ъ ы ж ь г ь э ф э х э к ӏ э
ж ъ о г ъ о б ы н э х э к ӏ э
п х ъ э т а к ъ э х э м к ӏ э
н э х ъ у т э м к ӏ э
б э л ы д ж э п с э х э к ӏ э
ц э л ъ э к ӏ э х э м к ӏ э
ж ъ о н ы г ъ у а к ӏ э х э
у н э ч ӏ э г ъ э х э м к ӏ э
г ь э г у а л ъ э х э м к ӏ э
а з э н а д ж а п ӏ э х э м э
к ъ о л э б з ы у э х э к ӏ э
ч I а п ц I э к ӏ э
н ы б г ъ у э ш ӏ э ф э х э р
т х ь э л ӏ ы к ӏ у э х э р
х ь а ц ӏ э б а ц ӏ э м к ӏ э
м э к ъ э к ъ а щ э х э к ӏ э
д ж ы х а ш ъ о х э м к ӏ э
х ь э т ӏ р э п ӏ ы й э к ӏ э
р э х ь э н й э л э х э м к ӏ э
г ъ о п э к ӏ а к у э х э р
п ӏ э с т ӏ э к ӏ э ш ы п э р
а п ш ъ ы ш ъ э х э м к ӏ э
х ь а ц э п ӏ а ц э х э м э
б э л ы д ж э п с э м к ӏ э
а х ъ щ а ш ъ х ь э х э к ӏ э
ӏ о н ы г ъ о м а з э х ы у
б ж ъ э ш ъ у э х э м к ӏ э
х ь а ц ӏ э б а ц ӏ э х э к ӏ э
м э к ъ э к ъ а щ э х э м э
ж ъ о н ы г ъ у а к ӏ э м к ӏ э
ж э у к ъ ы г ъ э х э м э
е т ӏ а г ъ о м к ӏ э
ч I ы б ж ь э м к ӏ э
б г ъ э х э л ъ э х э к ӏ э
т х ы л ъ ӏ ы г ъ ы п ӏ э м к ӏ э
м э т э к х ъ у а й э м к ӏ э
х ь э б а д з э х э м к ӏ э
х ы г ъ э х ъ у н э х э р
ж ь ы к о р е н э м к ӏ э
х ь а н т ӏ а р к ъ у э р
д ж э г ъ о г ъ у э х э м к ӏ э
ц ы к I у х э р
а п к ӏ х а л ъ х ь ы у
а п к ӏ х а л ъ х ь э х э
ж ъ о н ы г ъ у а к ӏ э к ӏ э
ӏ о н ы г ъ о м а з э м к ӏ э
г ъ у ч ӏ ӏ у н э х э м э
п ш ъ э д а л х ь э м к ӏ э
ӏ э н т э г ъ у э х э к ӏ э
т х ь э л ӏ ы к ӏ у х ы у
н э к ӏ у ш ъ у х ы у
з ы у ӏ э ш ы н э х э м э
ж ъ о н ы г ъ у а к ӏ э х э м э
м э к ъ э к ъ а щ э х э р
б г ъ э к ӏ э с э х э м э
ш ы к ӏ э п ш ы н э х э м э
т ы г ъ у а к ӏ о х э м э
х ь а н т ӏ а р к ъ у э
к х ъ у л ъ ф ы г ъ э х э
ш ы н а х ь ы к ӏ э х э к ӏ э
б э д з э н э ш ъ у э р
р э х ь э н й э л э х ы у
д ж э г о г ъ у э х э к ӏ э
ц ы к I у к ӏ э
ж э к ӏ э ш х у э х э м к ӏ э
ш э ч а л ъ э к ӏ э
ш э к э р х а ф э м к ӏ э
а з э н а д ж а п ӏ э х э
х ь а н т ы к ъ у а к ъ у э р
к ъ а у н э х э м к ӏ э
п э г ъ у а н э х э к ӏ э
к ъ о л э б з ы у э х э р
к ӏ ы к ъ ы р ж ь э г ъ у ш ӏ у ы ц ӏ э м
т х ь э к ӏ у м э к ӏ э
д ж э г ъ о г ъ у э х э р
г ъ о п э к ӏ а к у х ы у
б э д з а у э х э м к ӏ э
а х ъ ч а ш ъ х ь э х э м э
б з ы у п ц ӏ э х э к ӏ э
н э к ӏ у ш ъ у х э р
м э т э к х ъ у а й э у
п л ъ ы ж ь г ь э ф э х э
п а ш ъ х ь э х э м к ӏ э
а х ъ щ э б э д з э р э р
т ӏ у а к ӏ э х э м к ӏ э
ш э ч а л ъ э х э м к ӏ э
х ь э н ч э м ы ӏ у э х ы у
л э б л э б ы й э х ы у
к ъ о л э б з ы у э х э м э
ж ъ а б г ъ о х э м к ӏ э
а х ъ щ э б э д з э р э к ӏ э
б з ы у к ӏ ь а л ъ э х ы у
т х ь а р к ъ о м к ӏ э
ш ы к ӏ э п ш ы н э х э р
з э у а п ӏ э х э м к ӏ э
х ь э т ӏ р э п ӏ ы й э м
х ы б л ы г у э х э м к ӏ э
к ӏ ы ш ъ у э х э м к ӏ э
ж э к ӏ э ш х у х ы у
б л а ш х ъ о х э к ӏ э
п х ъ э н к ӏ ы п х ъ э
б а т ы р г ъ э г ъ э м
н э б з ы ц ы у
п ш ъ э д а л х ь э х э р
м э т э к х ъ у а й э х э
ж э к ӏ э ш х у э х э р
ш ы н а х ь ы к ӏ э м к ӏ э
б ы д з ы щ э х э к ӏ э
г ь э г у а л ъ э х ы у
н ы б г ъ у э ш ӏ э ф э к ӏ э
ш ы к ӏ э п ш ы н э х э
ц э л ъ э к ӏ э м к ӏ э
т х ь э к ӏ у м э х ы у
х ы г ъ э х ъ у н э х э
ч I ы к ъ у э х э м э
б э н э н ы г ъ э х э м э
х ь э т ӏ р э п ӏ ы й э р
у н э ч ӏ э г ъ э х э к ӏ э
б г ъ э к ӏ э с э х ы у
б ы р с ы р ы л э х э м к ӏ э
п х ъ э т а к ъ э х э м э
х ь э я т э м к ӏ э
ч I ы к ъ у х ы у
л э н ы с т э х э м к ӏ э
ж ь ы г ъ о г у э м к ӏ э
б ы р с ы р ы л э х ы у
п л ъ ы ж ь г ь э ф э р
б э д з э н э ш ъ у э к ӏ э
ц ӏ ы ӏ р г ъ э х э м э
х ь э ӏ у э х э м к ӏ э
б л э м ы у э м к ӏ э
к х ъ а н з э г у э х э
ч э щ н ы к ъ о м к ӏ э
г ъ о п л ъ а ш ъ у э р
ж ь ы г ъ о г у э х э м э
п ы н д ж х э м к ӏ э
п с ы х ъ о х э м к ӏ э
б а т ы р г ъ э г ъ ы у
а б а д з э х э м к ӏ э
ч э щ н ы к ъ о х э м э
б ы р с ы р ы л э м к ӏ э
д ж э г о г ъ у э х э м э
г ъ о п л ъ а ш ъ у э м
а х ъ ч а ш ъ х ь э х э
к ъ о л а д ж э х э м к ӏ э
т е х а к ӏ у э м к ӏ э
ч э р э у а н э х э м э
а х ъ щ а п с э х э к ӏ э
ш ъ х ь э ӏ у х э х э
ц э л ъ э к ӏ э х э м э
ӏ э л г ь а н э х э м э
ш а м г ь э н э х э м э
н э к ӏ у ш ъ у х э
б э г ь э х ъ э х э м к ӏ э
г ъ о п л ъ а ш ъ у э м
б ы р с ы р ы л э х э м э
б л ы н ы к ӏ э х э к ӏ э
ч I ы б ж ь э х э р
а х ъ ч э б э г э к ӏ э
г ы н ы п л ъ э х ы у
ш ы н а х ь ы к ӏ ы у
б ж ь ы н ы ф ы ц э к ӏ э
п э б ж ъ а к ъ о х э р
е б л э г ъ а п ӏ э х ы у
б э щ ы ш ӏ э м к ӏ э
х ь а к ӏ э х э м к ӏ э
б ж ь ы н ы ф ы ц э х э
ч I а п ц I э у
х ь э б а д з э х э м э
к у г ъ а ч ъ э х ы у
з э у а п ӏ э х э к ӏ э
а р г ъ о й э х ы у
п а ш ъ х ь э х э к ӏ э
а м а л э х э м к ӏ э
п ш ъ э д а л х ь э х ы у
ӏ э н т э г ъ у х ы у
б з ы у п ц ӏ э х э р
н ы б г ъ у э ш ӏ э ф э
б ж ъ а п э х э м к ӏ э
б ж ь э п ч ӏ э х э к ӏ э
