м э у ш ъ ы э х э м э
ӏ э н т э г ъ у э к ӏ э
б ж ь ы н ы ф ы ц э х э м э
б з ы у к ӏ ь а л ъ э у
а д ы г э х э м к ӏ э
щ ы к ӏ э п с э х э р
б ж ъ э у э х э м к ӏ э
т е х а к ӏ у э х э р
б ж ь ы н ы ф ы ц ы у
ш ъ э ж ъ ы е х э к ӏ э
л ъ а п с ӏ э х э к ӏ э
а х ъ щ а п с э х э р
б э г ь э х ъ э к ӏ э
б ж ъ э ш ъ у э х ы у
ж ь ы г ъ о г у ы у
ӏ э л д ж а н э м к ӏ э
т х ь а р к ъ о х э р
м э х ъ а д ж э м к ӏ э
д э г ъ н а л ъ э х ы у
к ъ э б ы п ц ӏ э х ы у
ш ъ х ь э м а ж ь э х э м к ӏ э
ц ӏ ы ӏ р г ъ э х ы у
к ъ о л а г ь э м к ӏ э
б з э г у э х э к ӏ э
ж ь ы к о р е н э х э
ӏ о н ы г ъ о м а з э
б г ъ э х э л ъ э х ы у
д е б л э х э м к ӏ э
к ъ о л э б з ы у х ы у
ш ъ х ь э м а ж ь э х э м э
д ы й д э л ъ э к ӏ э
л ъ э г у а н д ж э у
х ъ у п х ъ э к ӏ э
а х ъ щ а ш ъ х ь ы у
б э д з э р э х э м э
з э у а п ӏ э м к ӏ э
х ь а р з э х э к ӏ э
б з ы х ь а ф э х э м э
т ӏ у а к ӏ э х э к ӏ э
к ъ у а п э х э к ӏ э
х ы г ъ э х ъ у н э
к ӏ ы ш ъ у э х э м э
к ъ э л э м э м к ӏ э
н а п ӏ э х э м к ӏ э
б ы р с ы р ы л ы у
а х ъ ч э б э д з э р э
д ж ы н д ж ы ф э х э р
б г а л э х э м к ӏ э
ӏ э х ъ у а м б э х э
к ӏ ы к ъ ы р ж ь э г ъ у ш ӏ у ы ц ӏ э к ӏ э
п э б ж ъ а к ъ о х э
б г ъ э х э л ъ ы у
к ъ о л э б з ы у э м
п а ш ъ х ь э х э м э
б г ъ э х э л ъ э х э м э
б э н а н э э х э к ӏ э
а ш ъ о ц у а к ъ э
а х ъ щ а п с э х ы у
к ӏ э р а х ъ о м к ӏ э
н э х ъ у т э к ӏ э
б з э ш э н э х э к ӏ э
к ъ а у м э х э м к ӏ э
ш ъ э ж ъ ы е м к ӏ э
б л ы г у э м к ӏ э
ц ы к I у м
к ъ э б ы п ц ӏ э у
б з ы л ъ ф ы г ъ э у
н э п э т а л х ь э у
б ж ь ы н ы ф ы ц э х э р
т а к ъ и к ъ э х э м э
б л а б ж ъ э м к ӏ э
б г а н э х э м к ӏ э
а б а д з э х э к ӏ э
ш э п л ъ ы м к ӏ э
б л а б ж ъ э х э р
д ж ы х а ш ъ о х э р
ш ъ х ь э ӏ а т ы н г ъ э х э м к ӏ э
т х ь а р к ъ о к ӏ э
с э м э г у х ы у
к ъ о л а д ж э м к ӏ э
н э ш э г ъ о ж ь э р
ж ъ а б г ъ о м к ӏ э
ш э н ч ъ э х э к ӏ э
п э б ж ъ а к ъ о р
ж ъ а п х ъ э х э м э
з э у а п ӏ э х э м э
н ы к ъ о л ӏ а г ъ э м
к ъ у ш ъ х ь э х э р
т х ь э п к ӏ э х э р
д ж э г ъ о г ъ у э м
н э б з ы ц э х э
ц э л ы х э м к ӏ э
п ы д ж э м к ӏ э
х ь а ц э п ӏ а ц э
ӏ э л д ж а н э к ӏ э
т х ь э к ӏ у м э
б ы д з ы щ э х э р
т х ь а п э х э м э
к ъ а у м э м к ӏ э
п к ӏ а у э м к ӏ э
ж ъ о р к ъ ы э м
ч э р э у а н э х э р
ш ъ х ь э м а ж ь э х э
д е д ж э г ъ у ы у
ӏ э н т э г ъ у э м
п щ а г ъ у э х ы у
ш э н ч ъ э м к ӏ э
г ъ о п л ъ а ш ъ у э
ц у а б з э х э м э
ч ъ ы г х а т э х э
б ж ъ а п э м к ӏ э
ч э щ н ы к ъ о к ӏ э
п ч ъ э ӏ у э м к ӏ э
а р г ъ о й э х э р
б л э г ъ э ж ъ э
к ъ э б э р т а й э х э к ӏ э
ц у а б з э х э к ӏ э
г ь э г у а л ъ э м
у н э ч ӏ э г ъ э р
ш ы п х ъ у э к ӏ э
ч э щ н ы к ъ о х э
п ч ъ э ӏ у э х э р
к у т л э х э к ӏ э
н э п с э х э м к ӏ э
н э п э т а л х ь э
ч ы ӏ у н э х э р
м ы х ъ о м ы ш ӏ э м к ӏ э
ч ъ ы г а й э х э р
а х ъ щ а л ъ э х э р
щ э д ж а г ъ о х э р
ж э к ӏ э ф э х э р
щ ы л э м а з э х ы у
х ы б л ы г у ы у
а н э б з э х э к ӏ э
к ӏ о ц ӏ ы х э м э
б э щ ы ш ӏ э х э м э
л ъ э к ӏ э х э м э
д э г ъ н а л ъ э к ӏ э
а р х ъ у а н ы у
м ы х ъ о м ы ш ӏ э х э р
к ӏ ы ш ъ у х ы у
м э к ъ э к ъ а щ э м
н э к ӏ ы м а з э к ӏ э
ж а к ӏ ь э х э м э
п ы н д ж х ы у
б г ъ э х э л ъ э р
п а ш ъ х ь э х э р
а б а д з э х ы у
б э л ы д ж э р
б э л ъ ф э х э м э
д е б л э х э к ӏ э
д ы й д э л ъ э м
ч I ы б ж ь э х э
а л т э с э х ы у
м э з а й э х ы у
м ы х ъ о м ы ш ӏ э р
н э к ӏ у ш ъ у м
ж ъ а п х ъ э х ы у
н э ӏ а з э х э м э
ц ы г ъ о х э м э
а н а й э х э м э
б э л ы д ж э п с э х ы у
к ъ а у н э х ы у
д з а к ӏ о м к ӏ э
б г ъ э х э л ъ э х э
б ж ь э п ч ӏ ы у
з э у а п ӏ э к ӏ э
ч I ы к ъ у э х э
к ъ у ш ъ х ь э х э
ӏ э л г ь а н э р
х ь а к ӏ э х э м э
д э г у э х э р
н э к ӏ ы м а з э у
н э ш ъ у х ы у
у н э ч ӏ э г ъ э
б ж ъ а у э х э р
ж ъ а б г ъ о к ӏ э
б э д ж э б ы х ы у
ц ы г ъ о х э к ӏ э
х ъ у а н э м к ӏ э
к у т л э м к ӏ э
х ь э н ч э м ы ӏ у э
ӏ э р с х э к ӏ э
п ы л э х э к ӏ э
а б р а д ж э х э
ӏ э л г ь а н э у
д ж э г о г ъ у э м
б э н ы х э м к ӏ э
ш ъ э ж ъ ы е х э
ж э л ы й э х э м э
ӏ у г ъ о х э к ӏ э
б э л ы д ж э п с э р
щ ы л э м а з э м
б э г ь э х ъ э р
а х ъ ч э б э г э м
п ы д ж э х э м э
б ж ъ а п э х ы у
б г ы р ы п х ы ш ъ х ь э м
ж ъ а б г ъ о х э р
ӏ у г ъ о м к ӏ э
щ ы н а г ъ о к ӏ э
щ э д ж а г ъ о м
ч э щ н ы к ъ о м
б г а л э м к ӏ э
н а п ц э х э к ӏ э
х ь э б э х э к ӏ э
н э х ъ у т э р
б л ы г у э х э м э
д е б л э м к ӏ э
д ж ы х а ш ъ о х э
л ъ э г у а н д ж э
б ж ь а щ э к ӏ э
т а к ъ и к ъ э к ӏ э
б э л ы д ж э м
т ӏ у а к ӏ э х ы у
ч ӏ ы у н э х э р
ч ы л э х э к ӏ э
б з ы л ъ ф ы г ъ э р
к х ъ у э х э м э
к у ш ъ э х э м э
т х ь э м а т э м к ӏ э
н э п к ъ ы х э р
ж ь ы х ъ ы р з ы у
п ч э н ы к ӏ э
п ч ъ э ӏ у э х э
б э н а н э э х ы у
б э д з э р э к ӏ э
х э т э р ы к ӏ э х э к ӏ э
м э к ъ э к ъ а щ э
б э л ы д ж э п с э м
б ж ы х ь а п э х э
т ы р к ъ о х э р
б г ы р ы п х ы ш ъ х ь э х э р
н э к ӏ ы м а з э
х ь э б э х э м э
ӏ э р с х э м э
к ъ у р н э х э р
ӏ у с э х э к ӏ э
ж ъ а б г ъ о м
д э г ъ н а л ъ э м
к у а н д э х э р
у п ч ӏ э х э м э
м а х ъ э х э м э
х ь э б а д з э у
г о г о н э х э р
с э м э г у р
д а н э х э м к ӏ э
ц ы п э м к ӏ э
ӏ э х ъ у а м б э
м ы х ъ о м ы ш ӏ э х э м э
б э г ь э х ъ ы у
ш э п л ъ ы р
н а п ц э к ӏ э
б л а ш ъ х ь э р
б ж ь э п ч ӏ э м
ш ъ у а к ӏ о у
а н э б з э х ы у
ш э п л ъ ы к ӏ э
т х ь э п к ӏ э
ш ы п х ъ у э м
х ь э ӏ у э х э
п ч ъ э п с ы м к ӏ э
б э н ж ъ ы й э
б э д з а у э х э
х ь а р ы ф х э м к ӏ э
ч ъ ы г х а т э м
к ъ ы ц э к ӏ э
а п ш ъ ы ш ъ э х э м э
к ъ э л ъ ы х э р
п л ӏ э м ы й э х ы у
б г ъ э х э л ъ э м
ш э п л ъ ы х ы у
х ь э я т ы у
д э г у э х э р
ц у м п э к ӏ э
б з ы у х э м э
ч ъ ы г х а т э
л э б л э б ы й э р
л ъ а п с ӏ э м
п ӏ э х э м к ӏ э
х ь э я т э х э
а п с э х э м к ӏ э
з ы у ӏ э ш ы н э р
д ж а б г ъ о м
ч ъ у а к ъ о к ӏ э
н э х ъ у т э м
п с э о н г ъ э х э к ӏ э
к ъ у ш ъ х ь э р
т а к ъ и к ъ э
н э ш ъ у э х э р
ц у а б з э х э р
б г ъ э н ы х ы у
б э н а н э э х э
ч I ы б ж ь э
ч ы ӏ у н ы у
б э д з э р э х э
х ъ у п ӏ э х э
ш ы п х ъ у ы у
к у ц э х э м э
з э у а п ӏ э м
б л э г ъ э ж ъ э х э м э
п х ъ ы к ӏ э
б э н ы х э м э
ч ы л э к ӏ э
г ъ о ж ь ы ш э п л ъ э х э м к ӏ э
б э н э н ы г ъ э м к ӏ э
ш э н ч ъ э х э
д э г у х ы у
л а л э м к ӏ э
щ э д ж а г ъ о
б ж ь ы г о м к ӏ э
б ж ь ы г о к ӏ э
ш э н ч ъ э м
х ь а р з э х э
п ч э н ы х э р
а б а д з ы у
б э д з э р э м
ж ъ о н ы г ъ у а к ӏ э
ш ъ ы н э х ы у
г о г о н э х э
ӏ э р с х э р
н э ӏ а з э х э р
б э н э н ы г ъ э к ӏ э
б л а б ж ъ э м
б г а н э к ӏ э
ч ӏ ы у н э х э
ц ы г ъ о х ы у
щ ы н а г ъ о м
б г ы р ы п х ы ш ъ х ь э к ӏ э
ч ы ӏ у н э р
ж ь ы х ъ ы р з э
б ж ъ а у ы у
п с э о н г ъ э х э м э
х ь а к ӏ э х э
б ы д з ы щ э
ц ы п э к ӏ э
б г ъ э н ы х э м к ӏ э
г ъ о ж ь ы п л ъ ы ж ь х ы у
г ъ о ж ь ы п л ъ ы ж ь х ы у
д ж э г о г ъ у э
п с э о н г ъ э м к ӏ э
а д ы г э х ы у
б л а б ж ъ э х э
е т ӏ а г ъ о х э м э
п щ а г ъ у ы у
т х ы б з э х э
ч ъ ы г а й ы у
ш ъ х ь э м а ж ь э м
ж ъ а п х ъ э х э р
к ӏ ы ш ъ у ы у
ч ӏ ы р ы г ъ ы с э х э м э
б э л ъ ф э х э
б ж ъ э м ы й э к ӏ э
б г ъ э н ы х э к ӏ э
т х ь э м а т э к ӏ э
д ж ы н ы х ы у
б ж ь ы ш ӏ о у
м э у ш ъ ы ы у
т х ь э м а т э м
б з а к о х ы у
б ж ь э х э к ӏ э
б э н ы м к ӏ э
ц а д л ь э м
т ф э и м к ӏ э
ц а д л ь э р
т е х а к ӏ у э
б а т ы р э х э р
н э х ъ у т ы у
х ъ у п ӏ э м
ш ы б з ы к ӏ э
б г ы р ы п х ы ш ъ х ь э х ы у
ӏ э л д ж а н э
ш э н ч ъ э р
л ъ э м ы д ж э х э м к ӏ э
х ъ у п ӏ э у
м а ж ь э к ӏ э
п с э о н г ъ э х э р
ш э п л ъ ы р
г ъ у а п э к ӏ э
б ж ь ы н ы ф ы ц э
м а ш и н э у
б а т ы р э х э м э
б ж ь э п ч ӏ э
а р г ъ о й э х э
б л э х э р
ч ӏ ы у н э м
щ э н ы й ы у
е л э н э х э р
п ы ж ъ ы у
п а ш ъ х ь э р
ч ы ф ы т э х э р
е б л э г ъ а п ӏ э р
т х ы ц ӏ э х э
п ы л э х ы у
м а ж ь э х ы у
д ж ы х а ш ъ о
х ь э б э х ы у
ч ы л э х э р
а р г ъ о й ы у
н а п ӏ э х э р
п ы н д ж м
л ъ э м ы д ж э х э р
к ӏ э р а х ъ о
н э ш ъ у э р
ч ӏ ы р ы г ъ ы с э р
б г ы р ы п х э к ӏ э
т х ы б з э у
с э м э г у
с э х э м к ӏ э
б ж ъ а к о у
д э г у э х э
т х ы б з э р
х а с э к ӏ э
б з э ш э н э р
б г а л э х э
м а х ъ э х ы у
н а п ӏ э х э
б э н э н ы г ъ э
п с э о н г ъ э р
х ъ а г ъ э х ы у
б а т ы р э х э р
т ы р к ъ о у
к ӏ о ц ӏ ы м
ӏ у г ъ о х э р
н ы с а щ э х э
п ч э н ы м
ж э г ъ у э м
е б л э г ъ а п ӏ э к ӏ э
у п ч ӏ э х э
н э ш ъ у э м
х ъ у п ӏ э р
ч ъ ы г ы   ш ъ у а м п ӏ м
п ӏ э х э к ӏ э
л ӏ ы ж ъ ы г ъ у ы у
х ь э ӏ у э р
п ч э н ы р
д ж ы р э х э м к ӏ э
ш ы б з ы м
б г а н э х э
л ӏ ы ж ъ ы г ъ у х ы у
ч ъ ы г а й э м
б г ъ э н ы х э р
х э к у э м
ж э л ы й э х э
б а т ы р э м к ӏ э
у п ч ӏ э к ӏ э
к ъ а у н э
т х ь а п э
ш ъ х ь а н т э
п с ы х ъ о р
к ӏ о ц ӏ ы к ӏ э
щ э н ы й э
е т ӏ а г ъ о х э р
л ъ э м ы д ж э х э
б з ы у х ы у
б ж ь ы г о м
б л ы н ы к ӏ э к ӏ э
т ы р к ъ о р
а л т э с э
с а е х э к ӏ э
ц ы г ъ о у
г ъ у а п э х э
п ы д ж э
к ӏ ы й ы у
ӏ у г ъ о к ӏ э
х ь а р ы ф х э р
л ъ э б ы ӏ у э х э р
х э к у ы у
д ж ы н ы х э к ӏ э
к ъ ы г ъ э х э р
ш э п л ъ ы у
н а п ц э р
м э з а й э х э
ж ъ о г ъ о б ы н э к ӏ э
х ь а р ы ф х ы у
к ъ у р н э
б г а л э к ӏ э
у п ч ӏ э р
х а с э х э р
к у ш ъ э м
б а д ж э у
к ъ у а п э м
л ъ э б ы ӏ у э к ӏ э
х ъ а г ъ э х э
т ф э и х э р
х э к у э р
ч ӏ ы у н э
н э п к ъ ы у
п ы д ж э м
н э п с ы у
к ъ у а щ э м
Х ь а о
н а п ӏ э к ӏ э
о с ы х ы у
б ж ь а щ э м
х ъ а г ъ э м
ч э л э х э р
п щ а г ъ у э х э р
ш а к ӏ о к ӏ э
м а х ъ э м к ӏ э
д ж ы н э р
п ц ы х э р
ч ы л э р
л а л э х э
о р ы ж ъ э х э р
д е б л э р
б л ы н ы к ӏ э
ш ы р ы у
т ӏ а м ы х э м э
с э х э к ӏ э
н ы с а щ э м
к ӏ э х ь ы у
к ъ ы г ъ э к ӏ э
я т ӏ э р
б ж ъ а щ э к ӏ э
ӏ у г ъ о р
б г ы б з э р
п щ а г ъ у э х э
б э т ы м к ӏ э
к у т л э
н а п ц э
б г ъ э н ы у
б ж ь ы г о
х ь э ж ъ у э м
к ъ ы г ъ э р
д ы й э р
ц у а б з э м
ц у а б з э
б з ы у х э
б э н а н э э
а п ш ъ ы ш ъ э р
м а ш и н э
п ӏ э х э р
к ъ у а щ э
п ӏ о н ы м к ӏ э
д з а к ӏ о
л а л э р
т э п с э х э р
ж э г ъ у э
м а ж ь э у
н э п с э м
д а к ъ э х ы у
б г ы б з э м
б з э у т э у
д е б л э
с э м к ӏ э
ш ы р э х ы у
л а л э у
б л э х э
м а ж ь э р
ш а к ӏ о у
х а с э м
н а к ӏ э у
а н а й э м
т ф э и м
б з э у т э м
с э х ы у
х а с э у
к ӏ ы й э
б л э р
б з ы у м
ч ӏ ы р э
ш ы р э к ӏ э
б э щ ы ш ӏ э
д э г у э
б а д ж э
б а д ж э м
ц ы е р
к у э х э
к у ц э
а п с ы у
б з ы у
ш ы р э х э
д з ы о у
а б ы к ъ у э к ӏ э
ч ъ у ж ъ ы у
х ь э т ӏ р э п ӏ ы й э х э
к ӏ э к ӏ ь а щ ы н м к ӏ э
к ӏ э л э е г ъ а д ж э х э
т г ъ э н э г ъ у р г ь э х э м к ӏ э
д з ы о р
д а к ъ э у
т г ъ э н э г ъ у р г ь э м к ӏ э
л ъ э к ъ у а п ц ӏ э х э к ӏ э
д з ы о м
л э г ъ у э
к ӏ э л э е г ъ а д ж э х э м к ӏ э
т г ъ э н э г ъ у р г ь э х э к ӏ э
а ш ъ о ц у а к ъ э х э м э
к ӏ э к ӏ ь а щ ы н х э м э
а ш ъ о ц у а к ъ э х э к ӏ э
н ы б ы д ж м к ӏ э
к ӏ э к ӏ ь а щ ы н м
ш ы р э м
т г ъ э н э г ъ у р г ь э у
н а ш э р
а ш ъ о ц у а к ъ э х э
и л ъ э с и п ш ӏ ы х э к ӏ э
с у р э т к ӏ э
г ъ у а п э х э м к ӏ э
л ъ э к ъ у а п ц ӏ э м
п с ы к ъ е ф э х х ы у
с а е к ӏ э
а ч ъ э г ъ а ш ъ у э х ы у
г ъ у н д э х э м к ӏ э
ж ы ф л ъ а т э х э р
б э р э т ӏ и н э м к ӏ э
ж э у к ъ ы г ъ ы у
ж ъ о р к ъ ы э м
а ч ъ э г ъ а ш ъ у э х э
ш ы р э р
л ъ э г у а д ж э к ӏ э
к ӏ э л э е г ъ а д ж э
б ж ь э м
б ж ы б э х э м к ӏ э
ж ъ о р к ъ ы э р
ж ъ ы р к у х ы у
б ж ы б э х э м к ӏ э
а п с э х э
п ӏ э р
ж ъ а г ъ э к ӏ э
е л э н э х э м к ӏ э
ш ъ у т ы х э м к ӏ э
а б ы к ъ у э х э к ӏ э
с ы р э р
ж ъ у г ъ э х э р
к ӏ э т ы л э х ы у
с у р э т р
г ъ у к ӏ э х э м э
ц ы п э
ж ъ ы р к у э х э
ж ъ о р к ъ ы э к ӏ э
п с ы б ы б э х э
л э г ъ у э х э к ӏ э
к ӏ э к ӏ ь а щ ы н
г ъ у а п э х э м э
б э р э т ӏ и н э х э
г ъ у р г ь э х ы у
ж ъ о р к ъ ы э р
н э ф ы м
б ж ы б э х э к ӏ э
б г ъ э п с э х э р
г ъ у а п э х ы у
л ъ э п х ъ а б э у
а б ы к ъ у э х э р
с у р э т х ы у
б г ъ э п с э х э м э
н э п э т а л х ь э м
ж ъ ы п ӏ э х э м э
г ъ у т х ь э п с э р
г ъ у р г ь э х э р
ж ъ ы р к у э
н ы б ы д ж х э
щ ы к ӏ э п с э р
а к ъ ы л э х ы у
а р г ъ о й э х э м э
н ы б ы д ж р
ж ъ ы р к у э м
ж э к ӏ э ш х у э
т у т ы н э м к ӏ э
г ъ о ж ь ы ш э п л ъ э х э р
б э щ ы ш ӏ э р
б ж ы м э х э к ӏ э
г ъ а л э к ӏ э
г ъ у к ӏ э х э р
б ж ъ э ш ъ у э р
б ж ъ э ш ъ у э к ӏ э
г ъ о ж ь ы ш э п л ъ э х э м э
ж э к ӏ э ш х у э
а к ъ ы л ы у
а п с э
ж э к ӏ э ф э к ӏ э
ӏ о т а л ъ к ӏ э
г ъ у н д э х э р
б ж ы б э х ы у
н а л ъ э к ӏ э
м ы ш к ӏ у э м
к ӏ э т ы л э р
б г ъ э п с э к ӏ э
г ъ у к ӏ э р
о р ы ж ъ э х э м э
г ъ а т х э м
а р г ъ о й э р
к у э
б ж ы м э х э м э
т у т ы н ы у
л ъ э к ӏ ы у
ж э к ӏ э ф э х э
к ӏ э т ы л э к ӏ э
ж ъ ы п ӏ э х э
б г ъ э п с ы у
б г ъ э п с э х э
б г ъ э п с э р
а к ъ ы л э р
а к ъ ы л ы у
п ч ъ э ӏ у э м
г ъ о ж ь ы ш э п л ъ э р
п щ ы н э к ӏ э
о с ы л ӏ ы у
м э л э м к ӏ э
д ж э ф ы м к ӏ э
а л ы р э г ъ у ш ӏ э р
г ъ у к ӏ э
б г ъ э п с э
и л ъ э с э х э к ӏ э
с э м
г ъ о ж ь ы п л ъ ы ж ь р
л ъ э к ӏ э м
м э л ы у
а л ы р э г ъ у ш ӏ э х э
а к ъ ы л э х э
н ы с э
г ъ у н д э м
и н ы х э м э
н ы с э у
ш ъ у т ы р
г ъ у а п э х э р
о с ы м к ӏ э
б ж ъ а п э р
ж ъ а г ъ х э м э
п ч ъ э ӏ у э
ӏ о т а л ъ м
ж ъ о г ъ у х ы у
п с ы б ы б э
г ъ о ж ь ы ш э п л ъ э
ж ъ а г ъ у
ж ъ о г ъ у э м к ӏ э
и н ы х ы у
п с ы б ы б э р
и л ъ э с э м к ӏ э
а р г ъ э й э р
а д ы г э р
е л э н э м
м э л э х э
б ж ы м э х э
ж ъ а г ъ э х ы у
ж ъ э р ы м э х э
м ы л ы р
м ы е х э р
и н ы м
и н ы р
с э
ж ъ э г ъ у а й э х э м э
ж ъ э г ъ у а й э х э р
ж ъ о т э
ж ъ э г ъ у а й э х э
ж ъ э г ъ у а й ы у
м ы е р
г ъ э з е т х э
г ъ э з е т м
