г ъ э з е т м
г ъ э з е т х э
м ы е р
ж ъ э г ъ у а й ы у
ж ъ э г ъ у а й э х э
ж ъ о т э
ж ъ э г ъ у а й э х э р
ж ъ э г ъ у а й э х э м э
с э
и н ы р
и н ы м
м ы е х э р
м ы л ы р
ж ъ э р ы м э х э
ж ъ а г ъ э х ы у
б ж ы м э х э
м э л э х э
е л э н э м
а д ы г э р
а р г ъ э й э р
и л ъ э с э м к ӏ э
п с ы б ы б э р
и н ы х ы у
ж ъ о г ъ у э м к ӏ э
ж ъ а г ъ у
г ъ о ж ь ы ш э п л ъ э
п с ы б ы б э
ж ъ о г ъ у х ы у
ӏ о т а л ъ м
п ч ъ э ӏ у э
ж ъ а г ъ х э м э
б ж ъ а п э р
о с ы м к ӏ э
г ъ у а п э х э р
ш ъ у т ы р
н ы с э у
и н ы х э м э
г ъ у н д э м
н ы с э
а к ъ ы л э х э
а л ы р э г ъ у ш ӏ э х э
м э л ы у
л ъ э к ӏ э м
г ъ о ж ь ы п л ъ ы ж ь р
с э м
и л ъ э с э х э к ӏ э
б г ъ э п с э
г ъ у к ӏ э
а л ы р э г ъ у ш ӏ э р
д ж э ф ы м к ӏ э
м э л э м к ӏ э
о с ы л ӏ ы у
п щ ы н э к ӏ э
г ъ о ж ь ы ш э п л ъ э р
п ч ъ э ӏ у э м
а к ъ ы л ы у
а к ъ ы л э р
б г ъ э п с э р
б г ъ э п с э х э
б г ъ э п с ы у
ж ъ ы п ӏ э х э
к ӏ э т ы л э к ӏ э
ж э к ӏ э ф э х э
л ъ э к ӏ ы у
т у т ы н ы у
б ж ы м э х э м э
к у э
а р г ъ о й э р
г ъ а т х э м
о р ы ж ъ э х э м э
г ъ у к ӏ э р
б г ъ э п с э к ӏ э
к ӏ э т ы л э р
м ы ш к ӏ у э м
н а л ъ э к ӏ э
б ж ы б э х ы у
г ъ у н д э х э р
ӏ о т а л ъ к ӏ э
ж э к ӏ э ф э к ӏ э
а п с э
а к ъ ы л ы у
ж э к ӏ э ш х у э
г ъ о ж ь ы ш э п л ъ э х э м э
б ж ъ э ш ъ у э к ӏ э
б ж ъ э ш ъ у э р
г ъ у к ӏ э х э р
г ъ а л э к ӏ э
б ж ы м э х э к ӏ э
б э щ ы ш ӏ э р
г ъ о ж ь ы ш э п л ъ э х э р
т у т ы н э м к ӏ э
ж э к ӏ э ш х у э
ж ъ ы р к у э м
н ы б ы д ж р
а р г ъ о й э х э м э
а к ъ ы л э х ы у
щ ы к ӏ э п с э р
н ы б ы д ж х э
ж ъ ы р к у э
г ъ у р г ь э х э р
г ъ у т х ь э п с э р
ж ъ ы п ӏ э х э м э
н э п э т а л х ь э м
б г ъ э п с э х э м э
с у р э т х ы у
а б ы к ъ у э х э р
л ъ э п х ъ а б э у
г ъ у а п э х ы у
б г ъ э п с э х э р
б ж ы б э х э к ӏ э
н э ф ы м
ж ъ о р к ъ ы э р
г ъ у р г ь э х ы у
б э р э т ӏ и н э х э
г ъ у а п э х э м э
к ӏ э к ӏ ь а щ ы н
л э г ъ у э х э к ӏ э
п с ы б ы б э х э
ж ъ о р к ъ ы э к ӏ э
ж ъ ы р к у э х э
ц ы п э
г ъ у к ӏ э х э м э
с у р э т р
к ӏ э т ы л э х ы у
ж ъ у г ъ э х э р
с ы р э р
а б ы к ъ у э х э к ӏ э
ш ъ у т ы х э м к ӏ э
е л э н э х э м к ӏ э
ж ъ а г ъ э к ӏ э
п ӏ э р
а п с э х э
б ж ы б э х э м к ӏ э
ж ъ ы р к у х ы у
ж ъ о р к ъ ы э р
б ж ы б э х э м к ӏ э
б ж ь э м
к ӏ э л э е г ъ а д ж э
л ъ э г у а д ж э к ӏ э
ш ы р э р
а ч ъ э г ъ а ш ъ у э х э
ж ъ о р к ъ ы э м
ж э у к ъ ы г ъ ы у
б э р э т ӏ и н э м к ӏ э
ж ы ф л ъ а т э х э р
г ъ у н д э х э м к ӏ э
а ч ъ э г ъ а ш ъ у э х ы у
с а е к ӏ э
п с ы к ъ е ф э х х ы у
л ъ э к ъ у а п ц ӏ э м
г ъ у а п э х э м к ӏ э
с у р э т к ӏ э
и л ъ э с и п ш ӏ ы х э к ӏ э
а ш ъ о ц у а к ъ э х э
н а ш э р
т г ъ э н э г ъ у р г ь э у
ш ы р э м
к ӏ э к ӏ ь а щ ы н м
н ы б ы д ж м к ӏ э
а ш ъ о ц у а к ъ э х э к ӏ э
к ӏ э к ӏ ь а щ ы н х э м э
а ш ъ о ц у а к ъ э х э м э
т г ъ э н э г ъ у р г ь э х э к ӏ э
к ӏ э л э е г ъ а д ж э х э м к ӏ э
л э г ъ у э
д з ы о м
л ъ э к ъ у а п ц ӏ э х э к ӏ э
т г ъ э н э г ъ у р г ь э м к ӏ э
д а к ъ э у
д з ы о р
т г ъ э н э г ъ у р г ь э х э м к ӏ э
к ӏ э л э е г ъ а д ж э х э
к ӏ э к ӏ ь а щ ы н м к ӏ э
х ь э т ӏ р э п ӏ ы й э х э
ч ъ у ж ъ ы у
а б ы к ъ у э к ӏ э
д з ы о у
ш ы р э х э
б з ы у
а п с ы у
к у ц э
к у э х э
ц ы е р
б а д ж э м
б а д ж э
д э г у э
б э щ ы ш ӏ э
ш ы р э к ӏ э
ч ӏ ы р э
б з ы у м
б л э р
к ӏ ы й э
х а с э у
с э х ы у
б з э у т э м
т ф э и м
а н а й э м
н а к ӏ э у
х а с э м
ш а к ӏ о у
м а ж ь э р
б л э х э
л а л э у
ш ы р э х ы у
с э м к ӏ э
д е б л э
б з э у т э у
б г ы б з э м
д а к ъ э х ы у
н э п с э м
м а ж ь э у
ж э г ъ у э
т э п с э х э р
л а л э р
д з а к ӏ о
п ӏ о н ы м к ӏ э
к ъ у а щ э
п ӏ э х э р
м а ш и н э
а п ш ъ ы ш ъ э р
б э н а н э э
б з ы у х э
ц у а б з э
ц у а б з э м
д ы й э р
к ъ ы г ъ э р
х ь э ж ъ у э м
б ж ь ы г о
б г ъ э н ы у
н а п ц э
к у т л э
б э т ы м к ӏ э
п щ а г ъ у э х э
б г ы б з э р
ӏ у г ъ о р
б ж ъ а щ э к ӏ э
я т ӏ э р
к ъ ы г ъ э к ӏ э
к ӏ э х ь ы у
н ы с а щ э м
с э х э к ӏ э
т ӏ а м ы х э м э
ш ы р ы у
б л ы н ы к ӏ э
д е б л э р
о р ы ж ъ э х э р
л а л э х э
ч ы л э р
п ц ы х э р
д ж ы н э р
