ж а к ӏ ь э у
ӏ э р с х ы у
г ъ о п л ъ а ш ъ у э к ӏ э
н а л ъ э х э к ӏ э
д ж ы х а ш ъ о м к ӏ э
д э г ъ н а л ъ э х э к ӏ э
д ж э г ъ о г ъ у э х э к ӏ э
к у а н д э м
а д ы г э х э
г ъ о ж ь ы ш э п л ъ э х э м э
ч ӏ ы р ы у
п л ӏ э м ы й ы у
т х ы ц ӏ э м к ӏ э
ш а м г ь э н э х э к ӏ э
г ъ а л э
ч ъ у ж ъ э х э м э
п ы н д ж м к ӏ э
х ь э я т э х э м к ӏ э
б ы л ы м б э л ы д ж э м
б э л ъ ф э х э к ӏ э
б л ы г у э х э
ч ӏ ы р ы г ъ ы с э м
ч ъ ы г х а т э р
т ы г ъ у а к ӏ о х э к ӏ э
ч ы л э м
н ы б ы д ж х э р
ӏ э л г ь а н э х э к ӏ э
к ъ о л э б з ы у э к ӏ э
ж э у к ъ ы г ъ э к ӏ э
к ъ э л ъ ы х ы у
к ӏ э р а х ъ о х э
д а е х э
б ы р с ы р ы л э х э
о с ы л ӏ э р
щ ы л э м а з э м к ӏ э
п к ӏ а у э м
а х ъ щ э б э д з э р э х э м э
п х ъ э ц ӏ а к ӏ э х э р
б л э г ъ э ж ъ э х э р
ч ъ ы г л э н ы с т э р
о с ы л ӏ э м к ӏ э
л ъ э м ы д ж э х э к ӏ э
ч ъ ы г а й э м к ӏ э
ц ӏ ы ӏ р г ъ э х э м к ӏ э
х ь э т ӏ р э п ӏ ы й э х э к ӏ э
а п к ӏ х а л ъ х ь э х э м э
ӏ э н т э г ъ у э х э м к ӏ э
п с ы к ъ е ф э х э м к ӏ э
л ъ э б ы ӏ у э х ы у
к ъ э л ъ ы м
п с ы б ы б э х э м к ӏ э
д ж э г ъ о г ъ у х ы у
б ж ь э х э р
н а к ӏ э к ӏ э
ӏ э р с
б л а ш ъ х ь э х э р
б л э м ы у э х э м э
м ы е х э м э
ч ӏ ы л ъ э т е п л ъ э х ы у
х ь а ц э п ӏ а ц э к ӏ э
ш ъ у а к ӏ о м к ӏ э
у н э ч ӏ э г ъ ы у
к у а н д э м к ӏ э
ч ъ у а к ъ о м к ӏ э
б з ы л ъ ф ы г ъ э х э м к ӏ э
г ъ о ш э г ь   ч ӏ э г ъ ы ч ӏ э л ъ э м
к ӏ о ц ӏ ы х э р
а х ъ щ а ш ъ х ь э х э
д ы й д э л ъ ы у
ш ы к ӏ э п ш ы н э м
п а ш ъ х ь э х э
ш а к ӏ о
ц у м п э х э м к ӏ э
а н а н а с э м
л ъ э к ӏ э х э р
ж ь ы к о р е н э х э к ӏ э
л ъ э м ы д ж э х э м э
ш э н ч ъ э
г ъ у б д ж ы у
ж ъ а б г ъ о х ы у
ӏ о ф ш ӏ э н ы у
б э д з а у э х э р
г ъ э з е т х э м к ӏ э
б г ъ э к ӏ э с э м
а р г ъ э й э
б ж ъ а п э х э м э
т х ь э п к ӏ э р
п ч ъ э ӏ у э х э м э
щ э н ы й э х э
х ь а к ӏ э м к ӏ э
б ж ы х ь э х ы у
л э г ъ у э х э
ш ы б з ы х э м к ӏ э
ш ъ у а к ӏ о
ж ъ ы п ӏ э х э м к ӏ э
к ӏ ы ш ъ у э м
я т ӏ э х ы у
м ы е м
ч I а п ц I э р
б ж ы х ь а п э м к ӏ э
