к у ш ъ э к ӏ э
ш ы р э м к ӏ э
п ы ж ъ э
т ы р к ъ о х э м э
х ь а н т ы к ъ у а к ъ у э х э р
а к ъ ы л э х ы у
н а л ъ э м к ӏ э
к у г ъ а ч ъ э х э р
х ь э т ӏ р э п ӏ ы й э х э м э
а р г ъ э й э х э
б ж ы б э м
г ъ а т х э х э к ӏ э
ч ы ф ы т э к ӏ э
а д ы г э к ӏ э
г ъ о г о г ъ у х ы у
л э г ъ у э м к ӏ э
г ъ а т х э х э
д з а к ӏ о у
к х ъ у л ъ ф ы г ъ э к ӏ э
б з э ш э н э х э м к ӏ э
к ъ о л э б з ы у э м к ӏ э
к у ц э м
л ъ э б ы ӏ у э
к ъ о л а г ь э х э м э
к ъ о л а г ь э х ы у
п ӏ э с т ӏ э к ӏ э ш ы п ы у
к х ъ у л ъ ф ы г ъ э х э к ӏ э
г ь э г у а л ъ э
б ж ь ы ш ӏ о р
н э ш э г ъ о ж ь э
ӏ у г ъ о х ы у
т ӏ а м ы к ӏ э
м а ж ь э х э м к ӏ э
н э х ъ у т э х э м к ӏ э
н э ш ъ у э х э
ж ъ у г ъ э х э м э
п ӏ э х ы у
с ы р э х э м э
т х ы б з э м
ж э у к ъ ы г ъ э х э к ӏ э
н э ш ъ у э к ӏ э
к ъ э б э р т а й э х э
б л а ш х ъ о х ы у
х ь э я т э х э р
ш э к Ӏ у а х ь э х э м к ӏ э
к ъ у ш ъ х ь э х ы у
к ъ у а щ э х э р
б ы л ы м б э л ы д ж э к ӏ э
к ъ э л ъ ы х э м к ӏ э
н э ш э г ъ о ж ь э х э р
д а н э м к ӏ э
х ъ у а н э р
т х ь э м а т э х э к ӏ э
л ъ а п с ӏ э х э р
т ы г ъ у а к ӏ о м к ӏ э
ш ъ х ь а н т э х ы у
а б ы к ъ у ы у
ӏ у с э х э р
н а п ц э х э м к ӏ э
ӏ у с э м
н э ш ъ у ы у
т х ь э м а т э х э м к ӏ э
к ъ э б ы п ц ӏ э х э
п а ш ъ х ь э у
д ж ы н д ж ы ф э к ӏ э
б ж ы х ь э к ӏ э
г ъ у а п э у
х ъ а г ъ э х э м к ӏ э
б з ы х ь а ф э р
к ъ о л а д ж э к ӏ э
г ъ у н д э х ы у
д з ы о х э
к ъ о л а г ь э
ӏ э б ж ъ а н э м к ӏ э
ш ы к ӏ э п ш ы н э
м а ж ь э м
х ъ у п х ъ э у
ш ъ х ь э а т ы н г ъ э у
г ь э г у а л ъ э у
н э ӏ а з э р
к ъ ы ц э м к ӏ э
п ы д ж э р
ч ӏ ы у н э х э к ӏ э
д ж ы н э к ӏ э
п ш ъ э д а л х ь э х э к ӏ э
г ъ у ч ӏ ӏ у н э х э
ӏ э б ы ч ъ у э х э
ж ъ ы п ӏ э м к ӏ э
ц э л ы р
я т ӏ э х э р
ж ъ о р к ъ ы э х э к ӏ э
б ж ы б э м к ӏ э
ж ь ы г ъ о г у э х э р
ж ъ ы п ӏ э р
к ъ ы г ъ э м
д э г ъ н а л ъ э
л ъ э г у а н д ж э х э р
ж ъ о р к ъ ы э х э м к ӏ э
ж ъ а г ъ э х э м к ӏ э
ц у а б з э у
