щ ы к ӏ э п с э к ӏ э
а п ш ъ ы ш ъ э м
а б ы к ъ у э х э м к ӏ э
ж ъ э р ы м э х э р
б л ы г у э х э м к ӏ э
х ъ у п ӏ э х э к ӏ э
н э ш ъ у х ы у
к у г ъ а ч ъ э х э м э
м а ж ь э х э к ӏ э
к ъ э б э с к ъ э   ш ӏ о ӏ у э к ӏ э
н а ш э х э
ч ъ у а к ъ о у
б э л ы д ж э п с э х э м э
г ъ а л э м
г ъ у р г ь э м к ӏ э
к ъ о л а д ж э м
к ъ а у н э м к ӏ э
л э н ы с т э р
б ж ь ы н ы ф ы ц э м
а х ъ ч э б э д з э р э х ы у
ш ы н а х ь ы к ӏ э х э м э
б ж ь э п ч ӏ э х э р
ж э к ӏ э ф э м
б л а б ж ъ э
о ф и с   п с э у а л ъ э у
к х ъ а н з э г у э х э к ӏ э
е т ӏ а г ъ о х э м к ӏ э
к х ъ а н з э г у э к ӏ э
ш э п л ъ ы х э р
г ъ у к ӏ э к ӏ э
п х ъ э н к ӏ ы п х ъ э к ӏ э
х э г ъ э г у э х э м к ӏ э
т ы р к ъ о м к ӏ э
а п с э х ы у
б э д ж э б ы х э м к ӏ э
х ъ у п х ъ э м
х ъ у п ӏ э
ӏ э н т э г ъ у э х э р
б г а л э х э м э
ц э л ъ э к ӏ э
п щ а г ъ у э х э к ӏ э
п х ъ э ц ӏ а к ӏ э х э м к ӏ э
ӏ о ф ш ӏ э н э х э
х ь а к ӏ э р
п х ъ э н к ӏ ы п х ъ э х э м э
п л ӏ э м ы й э х э р
ш ы б з ы х э м э
б ж ъ а к о м к ӏ э
п ш ъ э д э л ъ э
ӏ у с э м к ӏ э
т э п с э х ы у
ч ъ ы г ы   ш ъ у а м п ӏ
ц у а б з э р
х ь э б э х э м к ӏ э
н а п ц э х э м э
п ӏ о н ы х э м э
а л т э с ы у
х ь э ж ъ у э
к у г ъ а ч ъ э х э
а р х ъ у а н э х э м к ӏ э
п ы н д ж к ӏ э
о р ы ж ъ э р
ш ъ х ь а н г ъ у п ч ъ э х э
т э п с э р
х ъ у а н э х э м э
д е д ж э г ъ у э х э р
е т ӏ а г ъ о х э к ӏ э
п э г ъ у а н э х э м э
а н э д э л ъ ф ы б з э х э м к ӏ э
д а к ъ э х э
п ц ы к ӏ э
б з э г у э к ӏ э
щ ы л э м а з э к ӏ э
г ъ у ч ӏ ӏ у н э х э р
щ ы л э м а з э х э м э
д ж ы х а ш ъ о м
о р ы ж ъ э м к ӏ э
ч ӏ ы у н э м к ӏ э
н э ф ы х э м к ӏ э
к ъ э б э р т а й э
ӏ а ш ӏ у ӏ у ш ӏ у х ы у
ч ы ф ы т э м к ӏ э
х а с э х ы у
х ы б л ы г у э
б э д ж э б ы х э к ӏ э
б а т ы р г ъ э г ъ э х э к ӏ э
б з ы х ь а ф э х э
б з ы у к ӏ а л ъ э х э
ж э г ъ у э р
б г ъ э х э л ъ э к ӏ э
ӏ э л г ь а н э к ӏ э
н а ш э х э р
ж э к ӏ э ш х у э р
к х ъ у л ъ ф ы г ъ э р
с э м э г у х э м э
ш а к ӏ о х э
б л э г ъ э ж ъ э м к ӏ э
б э л ъ ф э
п ӏ э м
ш ы н а х ь ы к ӏ э х ы у
