ц э л ъ э к ӏ э х э к ӏ э
к ъ э б ы п ц ӏ э к ӏ э
л ъ э к ӏ э х э
б г а н э
щ э д ж а г ъ о р
х ь а л ы г ъ у щ а п ӏ э м к ӏ э
б г ы б з э х ы у
а н е з е м к ӏ э
т э п с э х э м э
ц ы п э у
д ж ы н э х э м к ӏ э
д а н э х э м э
ч ъ ы г х а т э х э к ӏ э
ш ы к ӏ э п ш ы н э р
ц э л ъ э к ӏ э х э
к ъ а у м э к ӏ э
о с ы к ӏ э
о с ы л ӏ э х ы у
м э х ъ а д ж э к ӏ э
к ӏ ы й э м
п ы н д ж
н э к ӏ э т ӏ э р э х э к ӏ э
ч ъ ы г х а т э м к ӏ э
б э н а н э э р
п щ а г ъ у э х э м э
п ч ъ э п с ы х э к ӏ э
х ь а н т ы к ъ у а к ъ у э м к ӏ э
б г ъ э д ж ы б э х э м к ӏ э
а н а й э м к ӏ э
б ж ъ э м ы й э м
щ ы б ж ь э д у м э х э м к ӏ э
щ ы б ж ь э д у м э м к ӏ э
м ы е у
б з э ш э н э м к ӏ э
ч ъ у а к ъ о х э м к ӏ э
т ы г ъ у а к ӏ о к ӏ э
т г ъ э н э г ъ у р г ь э к ӏ э
т э п с э к ӏ э
ч э щ н ы к ъ о х э р
к у ш ъ э х э м к ӏ э
б г ъ э н ы м
п х ъ ы х э м э
д ы й э м к ӏ э
п ы л э м к ӏ э
б ж ы х ь а п э х э м э
ш ъ о у а л ъ э у
к ӏ э н к ӏ э ж ъ а п х ъ э м
к ъ о л э б з ы у э
ш ы п х ъ у э х э р
н э к ӏ ы м а з э х э р
ж ъ у г ъ э х э
м ы ш к ӏ у э
г ъ а л э м к ӏ э
м а з э х э м э
с э м э г у х э
б ж ы м ы у
а м а л э м
ӏ о н ы г ъ о м а з э к ӏ э
ш ӏ о м ы к ӏ ы м к ӏ э
н ы б ы д ж х э к ӏ э
г ъ о ж ь ы п л ъ ы ж ь х э р
д ы й э
а б а д з э х э м э
к ӏ э л э е г ъ а д ж э х ы у
к ъ э б э с к ъ э   ш ӏ о ӏ у э м
а н е з е х э
г ъ о п э к ӏ а к у э
б з ы л ъ ф ы г ъ э х ы у
а х ъ щ а ш ъ х ь э х э м э
н ы к ъ о л ӏ а г ъ э х э м э
ш ъ о у а л ъ э р
т э п с э м к ӏ э
м ы л ы к ӏ э
к ъ а у н э х э м э
ш ъ э ж ъ ы е р
н ы к ъ о л ӏ а г ъ э х ы у
ж ъ а п х ъ э р
п ӏ о н ы у
ш ъ э ж ъ ы е
д а к ъ э к ӏ э
ш э н ч ъ э м к ӏ э
г ъ о ж ь ы п л ъ ы ж ь м к ӏ э
л э г ъ у э х э м э
ж ъ у г ъ э р
т ы г ъ у р ы г ъ у э х э к ӏ э
х ь а н т ӏ а р к ъ у э к ӏ э
г ъ у т х ь э п с э к ӏ э
д э г у э х э м э
т х ь э м а т э у
м э т а з э х ы у
х ь а н т х ъ у п с ы э м к ӏ э
б з э г у э р
ж ь ы х ъ ы р з э х ы у
к ъ у р н э р
т ы г ъ у р ы г ъ у э р
п ы д ж э х э
х ъ у п ӏ э х э м к ӏ э
ч ӏ ы р э х э
б з э у т э м к ӏ э
н э п э т а л х ь э м к ӏ э
