б э л ъ ф э р
ж ъ о т э х э к ӏ э
б ы р с ы р ы л э х э
м э х ъ а д ж э х э р
а б а с э м к ӏ э
а х ъ щ а л ъ ы у
п ч э н ы у
е б л э г ъ а п ӏ э м
а ш ъ о ц у а к ъ э р
б э л ы д ж э х э к ӏ э
м э т а з э х э м к ӏ э
х а с э м к ӏ э
б ж ъ э ш ъ у э м
к у к у н э г ъ э п л ъ э х э к ӏ э
ж ъ у г ъ э х э к ӏ э
н ы с а щ э х ы у
б ж ь ы г о х э р
т ӏ а м ы х э м к ӏ э
б з э у т э р
п л ъ ы ж ь г ь э ф э м
б з э г у э м
п ч э н ы
т х ь э л ӏ ы к ӏ у э р
к ъ о л а д ж э х э к ӏ э
к ӏ э х ь ы м к ӏ э
ч ъ ы г а й э
ч э л э р
а х ъ ч э б э д з э р э х э м э
к у а н д э к ӏ э
м ы е х э к ӏ э
т х ь э л ӏ ы к ӏ у э х э
ж ъ а п х ъ э к ӏ э
о с ы л ӏ э к ӏ э
л ъ э м ы д ж э р
л ъ э г у а н д ж э х э к ӏ э
ӏ э х ъ у а м б э х э р
н э к ӏ у ш ъ у к ӏ э
л ъ а п с ӏ э х э м к ӏ э
б л ы н ы к ӏ э р
д ж а б г ъ о х э р
а к ъ ы л э х э р
т х ь э м а т э
к ъ у а п э х э р
я т ӏ э у
ж ъ э г ъ у а й э х ы у
г ъ о ж ь ы ш э п л ъ э м к ӏ э
ш ъ х ь э ӏ у х э х э м к ӏ э
а н а й э х ы у
к ъ у а п э х э
а р х ъ у а н э х э р
ш ъ х ь э м а ж ь э р
л ъ э г у а н д ж э к ӏ э
б ж ъ э д ы г ъ у э х э к ӏ э
п х ъ э н к ӏ ы п х ъ э м к ӏ э
г ъ у н д э х э к ӏ э
б э д з а у э к ӏ э
к ъ ы г ъ э х э м к ӏ э
м э л э к ӏ э
б л ы г у э р
а х ъ ч э б э д з э р э м
а ш ъ о ц у а к ъ э х ы у
с у р э т х э м к ӏ э
н э к ӏ э т ӏ э р э х э м к ӏ э
а л ы р э г ъ у ш ӏ э к ӏ э
а л ы р э г ъ у ш ӏ ы у
б а д ж э х э м к ӏ э
к ъ э л э м э х э м э
б ж ъ а п э х э р
а б а д з э
х ь а н т ӏ а р к ъ у х ы у
ц у э к ъ о к ӏ э х ь э х э м к ӏ э
ӏ э б ж ъ а н э х э м к ӏ э
б л а ш ъ х ь э
ж э л ы й э х э м к ӏ э
ӏ у г ъ о х э м к ӏ э
к ъ у а щ э у
н э б з ы ц э к ӏ э
б ж ы х ь а п э х э р
и л ъ э с э к ӏ э
а х ъ щ а л ъ э к ӏ э
к х ъ у л ъ ф ы г ъ э м к ӏ э
х ь э б ы у
б ж ы х ь а п э р
е л э н э
д з а к ӏ о х э к ӏ э
к х ъ у х ы у
т х ь а п э х э
а н э б з э у
л э н ы с т э х э
а к ъ ы л э м
г ы н ы п л ъ э м к ӏ э
х ь а н т ы к ъ у а к ъ у э х э м э
х ь а н т ӏ а р к ъ у ы у
б л э г ъ э ж ъ э к ӏ э
н ы р
ш ъ х ь а н г ъ у п ч ъ э
к ъ э б ы п ц ӏ э м
д ы й э х э м к ӏ э
ж ъ э р ы м э к ӏ э
н э п с э к ӏ э
