т х ь э м а т э х э м э
м ы ш к ӏ у э м к ӏ э
х ъ у п ӏ э м к ӏ э
б л ы г у э м
к ӏ э т ы л э х э м к ӏ э
н ы б г ъ у э ш ӏ э ф э р
ч э щ н ы к ъ о х э к ӏ э
у п ч ӏ э х э р
я т ӏ э м
х ъ а г ъ э х э м э
н а п ӏ э м
ч ъ у ж ъ э х э к ӏ э
ш ъ у а к ӏ о х э
п ы л ы у
г ъ у а п э м к ӏ э
м э х ъ а д ж э у
м э л э х э м к ӏ э
б ж ь э у
б ж ь а щ э х э к ӏ э
б э л ъ ф э х э м к ӏ э
т а к ъ и к ъ э х э к ӏ э
х ь э н ч э м ы ӏ у э х э м э
д ж ы н д ж ы ф э х э м к ӏ э
ч ӏ ы р э м
п х ъ э т а к ъ э х э р
б л ы г у ы у
м ы ш к ӏ у х ы у
б л э г ъ э ж ъ э р
а х ъ щ а л ъ э р
п ӏ э т е х ъ о х э м э
п щ а г ъ у э х э м к ӏ э
ж э к ӏ э ш х у х ы у
м ы ш к ӏ у э х э р
б э н ы х э р
ч ъ ы г х а т э х э м к ӏ э
х ь э н ч э м ы ӏ у э м
т х ь э к ӏ у м э х э р
ш ы н а х ь ы к ӏ э х э
ӏ о ф ш ӏ э н э х ы у
п ш ъ э д э л ъ э к ӏ э
б а т ы р э м к ӏ э
б ы д з ы щ э к ӏ э
д э г ъ н а л ъ э х э м э
а р г ъ о й э м к ӏ э
к ъ э б ы п ц ӏ э х э м к ӏ э
ӏ о н ы г ъ о м а з э р
п э б ж ъ а к ъ о х э к ӏ э
к у ш ъ э у
п л ъ ы ж ь г ь э ф э х э р
г ь э г у а л ъ э х э р
ж ъ э р ы м э х э м э
к ӏ э к ӏ ь а щ ы н х ы у
ч ӏ ы р э х э м э
х ь а н т ӏ а р к ъ у э х э м к ӏ э
ц у м п э м
б ж ы б э к ӏ э
ч ы л э у
а р х ъ у а н э м к ӏ э
и л ъ э с и п ш ӏ ы у
б г а н э х э р
а р г ъ э й х ы у
п л ъ ы ж ь г ь э ф э к ӏ э
г ъ а т х э х э м к ӏ э
п к ӏ а у э х э м к ӏ э
н ы к ъ о л ӏ а г ъ э м к ӏ э
г ы н ы п л ъ э р
ӏ э б ж ъ а н э к ӏ э
т х ь а п э р
а л ы р э г ъ у ш ӏ э м к ӏ э
ӏ э л д ж а н э х э р
ж ь ы х ъ ы р з э х э к ӏ э
г ъ о ж ь ы п л ъ ы ж ь х э к ӏ э
б л а ш ъ х ь э к ӏ э
ӏ о ф ш ӏ э н э к ӏ э
а б р а д ж ы у
ӏ о н ы г ъ о м а з э х э м э
ж ъ у г ъ э х э м к ӏ э
п ӏ э с т ӏ э к ӏ э ш ы п э х э р
б г ы р ы п х ы ш ъ х ь э х э м э
ч ъ ы г а й э х э
м а з э у
х ы б л ы г у х ы у
д е б л э х ы у
б ж ъ а щ э х э р
н э ф ы х э р
н ы к ъ о л ӏ а г ъ э к ӏ э
т х ь э п к ӏ э к ӏ э
ш а м г ь э н э х э
б э н э н ы г ъ э х э р
б ж ъ э у х ы у
п х ъ э ц ӏ а к ӏ э м к ӏ э
Х ь а о р
о с ы р
ш ъ х ь э ӏ у х э м
ж ъ о г ъ у ы у
п щ а г ъ у э к ӏ э
т х ы ц ӏ э р
а х ъ щ а п с э х э м к ӏ э
п э г ъ у а н э м к ӏ э
ц у а б з э х ы у
е б л э г ъ а п ӏ э м к ӏ э
к ӏ э р а х ъ о р
з э у а п ӏ э х э р
а х ъ ч э б э д з э р ы у
п х ъ э н к ӏ ы п х ъ э р
у п ч ӏ э м к ӏ э
г ы н э х э р
б ж ъ а к о х ы у
б з ы у к ӏ ь а л ъ э х э м э
б з ы л ъ ф ы г ъ э х э р
м э т э к х ъ у а й э
п ч ъ э п с ы р
г ъ у ч ӏ ӏ у н э х ы у
ц у а б з э х э
д ы й д э л ъ э р
ш ъ х ь э а т ы н г ъ э х э к ӏ э
а з э н а д ж а п ӏ э х э м к ӏ э
а б р а д ж э х э р
а н а й э х э
а н э д э л ъ ф ы б з э м к ӏ э
Х ь а о к ӏ э
п ӏ э т е х ъ о м
а н е з е х э м к ӏ э
ж ъ ы р к у э р
б э г ь э х ъ э м
г ъ а т х э у
к ӏ э л э е г ъ а д ж ы у
з ы у ӏ э ш ы н э м к ӏ э
б ж ъ э у э к ӏ э
п э г ъ у а н э х э
б г ъ э д ж ы б э р
х ъ а г ъ э х э к ӏ э
к ӏ э к ӏ ь а щ ы н х э м к ӏ э
б ж ъ а к о м
к ъ у а щ э к ӏ э
ж ъ а б г ъ о х э к ӏ э
а п с э р
т ф э и у
а х ъ ч а ш ъ х ь э х э р
п ы ж ъ э м
б ж ъ а у э х э м к ӏ э
т х ь э п к ӏ э х ы у
г о г о н э м к ӏ э
б ж ъ э ш ъ у э х э к ӏ э
д э г у э р
м ы ӏ э р ы с э п с ы р
х ь э т ӏ р э п ӏ ы й э х ы у
а х ъ щ а п с э к ӏ э
ш ъ ы н э к ӏ э
н а п ц э х ы у
ч ӏ ы р э к ӏ э
б г ъ э д ж ы б э х э
а п к ӏ х а л ъ х ь э р
п ш ъ э р ы л ъ э х э м к ӏ э
п ш ъ э д э л ъ э х э м к ӏ э
х ь э я т э х э к ӏ э
г ъ у т х ь э п с э х э р
г ъ у б д ж э к ӏ э
ш э н ч ъ э х э р
ж ь ы г ъ о г у э х э м к ӏ э
б з ы л ъ ф ы г ъ э
а п с э х э к ӏ э
б з ы л ъ ф ы г ъ э м
е л э н э х э к ӏ э
х ь а р ы ф м
н ы б ы д ж х э м э
г ъ у т х ь э п с ы у
п ч ъ э ӏ у ы у
л ъ э п х ъ а б э м
ж э к ӏ э ш х у э х э
м ы л ы х ы у
ж ъ о г ъ о б ы н э м к ӏ э
е т ӏ а г ъ о х э м э
х ь э ж ъ у э х э м к ӏ э
а з э н а д ж а п ӏ э х э р
ш ъ х ь э ӏ у х э х э к ӏ э
к у а н д э х э м к ӏ э
п с э о н г ъ э к ӏ э
а м а л э х э
б з э у т э х ы у
к ъ у а щ э х э
ӏ а ш ӏ у ӏ у ш ӏ у м к ӏ э
б л а ш ъ х ь э м к ӏ э
ш э к Ӏ у а х ь э м к ӏ э
л ъ э п х ъ а б э х э
н ы с а щ э к ӏ э
п ш ъ э д а л х ь э х э м э
ц а д л ь э х э м э
д ж ы х а ш ъ о к ӏ э
к ъ а у м э х ы у
с а е х э р
м а ш и н э х э р
ж ъ о р к ъ ы э х ы у
б э н а н э э м
б л а ш х ъ о м
а н е з е
ӏ а ш ӏ у ӏ у ш ӏ у х э
а м а л э
о ф и с   п с э у а л ъ э
т е х а к ӏ у э м
ш э к э р х а ф э х э р
н а ш э
ч ъ у а к ъ о х э м э
ч ы ӏ у н э х э
г ъ а л э у
н э х ъ у т э х э
ш ъ х ь а н г ъ у п ч ъ э р
п с э о н г ъ э у
г ъ у р г ь э к ӏ э
б ж ь а щ э х э
м ы ш к ӏ у э х э м к ӏ э
м э х ъ а д ж э х э м э
н а п ӏ э у
х ь а н т ӏ а р к ъ у э м к ӏ э
а д ы г э м
ж э у к ъ ы г ъ э х э р
л ъ э к ъ у а п ц ӏ э х э м к ӏ э
б л а ш ъ х ь э х э м к ӏ э
ш ъ э ж ъ ы е х э м к ӏ э
д ж ы х а ш ъ о у
ж ъ у г ъ ы у
ш э н ч ъ э к ӏ э
ц ы е х э р
б э л ъ ф э х э р
ж ъ о г ъ о б ы н э х э
ш ъ х ь э а т ы н г ъ э м
т х ь а п э у
а д ы г э к ъ э б э м
х ы б л ы г у э р
ж ъ э г ъ у а й э х э м к ӏ э
ж ъ а б г ъ о х э
б а т ы р э к ӏ э
п щ а г ъ у э м к ӏ э
п с ы х ъ о х ы у
б э г ь э х ъ э
г ъ у б д ж э х э
л ъ э к ӏ э х ы у
ж ъ ы р к у э м к ӏ э
п ц ы х э м э
ц у э к ъ о к ӏ э х ь э р
б з ы у к ӏ а л ъ э х э р
г ъ э з е т р
х ь а р ы ф х э к ӏ э
ж ъ о г ъ о б ы н ы у
ц у а б з э м к ӏ э
ц ы к I у у
г ъ о ж ь ы п л ъ ы ж ь у
л ъ э б ы ӏ у э м
к х ъ у э х э м к ӏ э
о с ы х э м э
т ф э и р
п э г ъ у а н э х э м к ӏ э
ц ы е у
у п ч ӏ э м
н э ӏ а з э
л э н ы с т э х э к ӏ э
ш ъ ы н э х э р
х ъ у п х ъ э х э м к ӏ э
н а п ӏ э р
б ж ь ы г о х э м э
б л э у ц э к ӏ э
б э н ы к ӏ э
ш ъ х ь э а т ы н г ъ э х э м к ӏ э
ц у э к ъ о к ӏ э х ь э х э
ш а к ӏ о х ы у
ж ъ а г ъ р
б г ъ э н ы к ӏ э
х ы б л ы г у э м
т х ь э м а т э х э
д ы й э м
д ж э ф ы у
ш а м г ь э н э м
л ӏ ы ж ъ ы г ъ у э
а к ъ ы л э к ӏ э
ч ъ ы г ы   ш ъ у а м п ӏ х ы у
б ж ы х ь э
м э к ъ у о г ъ у м а з э х э м э
щ ы б ж ь э д у м э х ы у
к х ъ а н з э г у х ы у
к ъ э б э с к ъ э   ш ӏ о ӏ у э х э м к ӏ э
к ӏ ы й х ы у
т ы г ъ у р ы г ъ у э х э
г о г о н э р
б э г ь э х ъ э м к ӏ э
г ъ э з е т х э р
и н ы м к ӏ э
к х ъ у л ъ ф ы г ъ э у
а б р а д ж э м к ӏ э
м э х ъ а д ж э х ы у
к ӏ ы й э х э р
д з а к ӏ о х э
ж ъ о г ъ о б ы н э
ж э л ы й э х ы у
ж ъ о р к ъ ы э
м э у ш ъ ы х ы у
л ъ э г у а н д ж э х э
к ъ ы ц э х э м к ӏ э
т х ь э м а т э р
а з э н а д ж а п ӏ э р
б ж ъ э д ы г ъ у э к ӏ э
к ъ э б э р т а й ы у
т х ы л ъ ӏ ы г ъ ы п ӏ э х э м к ӏ э
ж ъ о т э к ӏ э
н э п э т а л х ь э х э м к ӏ э
ӏ э б ы ч ъ у э р
г ъ у а п э х э к ӏ э
м а з э м к ӏ э
х ь а н т ӏ а р к ъ у э х э м э
т х ь а п э х э р
н э к ӏ э т ӏ э р э к ӏ э
ж ъ о р к ъ ы э х э р
х ь э ж ъ у э х э м э
Х ь а о х э р
а н а н а с э к ӏ э
т х ь э п к ӏ э х э м к ӏ э
н ы б ы д ж х ы у
м ы ӏ э р ы с э п с ы м
д э г ъ н а л ъ э у
д ж э г ъ о г ъ у ы у
о с ы л ӏ э х э р
н ы с э х ы у
б ж ъ а у х ы у
х ь а н т ы к ъ у а к ъ у э х э м к ӏ э
б г ъ э к ӏ э с э х э к ӏ э
г ъ у б д ж э х э м э
б ж ь ы г о х э к ӏ э
к ӏ э т ы л э
д ж ы р э у
л ъ э г у а д ж э х э м к ӏ э
г ъ о п э к ӏ а к у э х э м к ӏ э
ч ъ ы г л э н ы с т э м к ӏ э
т х ь э м а т э х э р
п с ы х ъ о
ц ӏ ы ӏ р г ъ э м
б ж ъ э м ы й э х э к ӏ э
ц ы г ъ о
к ъ о л а г ь э х э к ӏ э
ш э н ч ъ э у
к ъ у ш ъ х ь э у
б з ы у у
ж ъ о р к ъ ы э х э м к ӏ э
б л а ш х ъ о м к ӏ э
а д ы г э к ъ э б ы у
б г ы р ы п х э х э
г ъ о п л ъ а ш ъ у э м к ӏ э
б ж ъ а щ э р
щ ы н а г ъ о р
и л ъ э с ы у
н ы х э м к ӏ э
б э д з э р э р
г ъ о п э к ӏ а к у ы у
х э г ъ э г у э х э к ӏ э
г ъ э з е т к ӏ э
е л э н э х э м э
а х ъ ч э б э г э м к ӏ э
п л ӏ э м ы й э х э м э
ш э к Ӏ у а х ь э х э к ӏ э
ӏ а ш ӏ у ӏ у ш ӏ у р
п ш ъ э р ы л ъ э х э р
т ӏ у а к ӏ э м
г ъ о п э к ӏ а к у э х э м э
к х ъ у л ъ ф ы г ъ э х э м э
д з а к ӏ о м
г ъ у б д ж э х э м к ӏ э
х ъ у п х ъ э х э
ж э к ӏ э ф э х ы у
п э г ъ у а н э р
б ж ь ы г о х э
ц ы п э х э к ӏ э
ш ы б з ы р
е л э н э м к ӏ э
ж ъ а п х ъ э м
а н а й э х э к ӏ э
д ж ы х а ш ъ о х э м э
г ы н э р
к у х ы у
п с ы х ъ о к ӏ э
а х ъ ч э б э д з э р э м к ӏ э
н э ш ъ у э
т х ь а р к ъ о
б з ы у к ӏ а л ъ э м к ӏ э
к у ц э у
к ъ а у н э р
б ж ъ а к о
б з ы х ь а ф э х э р
б э н ж ъ ы й э х э к ӏ э
д е д ж э г ъ у э м
к ӏ ы к ъ ы р ж ь э г ъ у ш ӏ у ы ц ӏ э х э м к ӏ э
ч I ы к ъ у э к ӏ э
б а т ы р г ъ э г ъ э р
к ъ э б э р т а й э х э м э
г ъ о ж ь ы ш э п л ъ э х э
п х ъ ы у
б з ы у к ӏ ь а л ъ э х э
м э т э к х ъ у а й э х э м э
г ъ о г о г ъ у ы у
е л э н э х э
ц у м п э х э
м а ш и н э х э м э
б ж ь э м а т э х э р
ш ъ э ж ъ ы е х э м э
б г ы р ы п х ы ш ъ х ь э р
к ъ у р н э м
ч э л э х э
х ь э я т э х э м э
ж а к ӏ ь э х э
к ъ а у м э х э р
ж э л ы й э р
ӏ о н ы г ъ о м а з э х э м к ӏ э
н ы с а щ э м к ӏ э
х ь э ӏ у ы у
ж ы ф л ъ а т э к ӏ э
о с ы х э м к ӏ э
ш ъ х ь э а т ы н г ъ э м к ӏ э
б з ы у п ц ӏ э х э
л э б л э б ы й ы у
б э т ы х э м к ӏ э
х ь а ц ӏ э б а ц ӏ э у
ж ь ы х ъ ы р з э м к ӏ э
б ы д з ы щ ы у
б э д ж э б ы х э м э
к ъ а з м а к ъ б з ы у ы у
н э к ӏ ы м а з э х э м к ӏ э
ч ъ ы г ы   ш ъ у а м п ӏ у
т а к ъ и к ъ э х э р
ц у м п э м к ӏ э
п ӏ о н ы р
ч ы л э х э м э
а л т э с э м
б л э г ъ э ж ъ ы у
г ъ у а п э р
к ъ э б э р т а й э х э р
л э н ы с т э
м а ш и н э м к ӏ э
т х ы б з э
ц ы г ъ о х э р
т х ь а р к ъ о х э
п ӏ э к ӏ э
п с ы х ъ о х э к ӏ э
а н е з е к ӏ э
ж ъ ы п ӏ э
т ы г ъ у р ы г ъ у э м
ж э к ӏ э ш х у э р
у н э ч ӏ э г ъ э м к ӏ э
к у ц э х э м к ӏ э
б г а л э м
к ъ э л э м ы у
п э г ъ у а н э м
ж ъ а г ъ э х э м э
г ь э г у а л ъ э х э
ӏ э р с х э м к ӏ э
ч ъ ы г а й э х э м к ӏ э
ц э л ъ э к ӏ ы у
щ э н ы й э х ы у
т ф э и к ӏ э
б л э у ц э м
ч э р э у а н э м
ж э г ъ у э х э
а н а н а с э х э к ӏ э
б ж ъ а щ э м к ӏ э
к у т л э к ӏ э
а л т э с э х э
б з ы у п ц ӏ э
п л ъ ы ж ь г ь э ф э х э м э
а х ъ ч э б э г э х э
д ж э г о г ъ у э к ӏ э
п к ӏ а у э х э к ӏ э
х ъ у п х ъ э х э к ӏ э
а х ъ ч а ш ъ х ь э р
т ӏ а м ы х ы у
а з э н а д ж а п ӏ э х э к ӏ э
п ш ъ э д а л х ь э х э м к ӏ э
а м а л э х э р
к х ъ у э х э к ӏ э
т ы р к ъ о х ы у
б э л ы д ж э х э р
о с ы л ӏ э х э
б з а к о м к ӏ э
м ы ш к ӏ у ы у
г ъ у б д ж э х э к ӏ э
т у т ы н э к ӏ э
г ъ э з е т х э к ӏ э
п ы н д ж р
х ъ у а н э х э р
с а е р
ц э л ы м
ж ъ о г ъ о б ы н э х э м э
а м а л э х э м э
б ж ы м э х ы у
л ъ э к ӏ э х э к ӏ э
т х ь а п э к ӏ э
ж ъ а г ъ э х э р
х ы   ӏ у ш ъ у ы у
б л э м ы у э р
н ы б г ъ у э ш ӏ э ф э х э м э
к ъ ы ц э х ы у
к ӏ э л э е г ъ а д ж э к ӏ э
к ъ у а п э р
о ф и с   п с э у а л ъ э х э
а д ы г э у
