d a h
s t ' i g á n g
g a t á a
s t ' i g á i n i i
s ç á l s
s t ' i ' a h l á n g g i i n i i
k ' a j ú u
k ' a j ú u
s t ' i ' w á a . a n g   ñ a s a ' á a n g
g i s í i d a n g ' a n g a n g
k ú n i d
g i s í i d a n g   ñ a s a a ' á n g
d a h ä s
g i s í i d
k ' a j ú u s
d í i g u d
d í i g u d
d a h g a a
k ú n i d a a
h l g í l g a
d a h ' a n g
n é e l a a s
á l j a h l s
d a h g a n g
k í l   í i j a
ñ e . é e ä s
d a h ä s g a
g a y é e d ä s
g a t á a g a n
k í l   i s ' u s
s ç á a l a a s
k á a . a y d s
n í i h l ' u s
s t ' i g á a s
d l á a n a a s
s ç á l a n g
ñ í i y a a ä s
s k y á a h l s
á l j a l g a
k ' a j ú u g a
s k y á a l g a
d l á n ' w a a
k ú n i i d a a ' a h l a n g g a n g
k ú n i i d a n g   ñ a s a a ' á n g g a n g
s ç á l ' a n s
d í i g u d ' u u j
n í i h l ' a n g ä s g a
d l á n ' u u j
k í l   i s ä s a a
d l á n a n g
ñ e . é e ' u s
h l g é e l a a n
h l g é e l a a s
d l á n ä s g a
k í l   i s ' w a a
á l j a a l a a n
t a   k ú n 0
k í l   í i j a n
d í i g u d a a
t a   k ú n ä s a a
t l a   ç u g á n g
h l g í l g a n g
ñ í i y ä ' a n g
ñ í i y ä g a n g
h l g í l g a n g
á l j a h l ä s
ñ í i y ä ' w a a s
k ú n i d a a n
ñ e e ' w ä g a n
k ú n i d ' w a a
g a t á a ' w a a
t l a   ç u y á a n
t l a   ç u ä s á a
t l a   ç u ä s g a
k ú n i d ä s a a
g a y é e d ' u s
t a   k w á a n a a
k ú n i d ' u u j
d a h ' a h l a n s
d a h ' w a a n g
t a   k ú n ' a n g
t a   k ú n ' a n g
n í i h l ' a n g
g a y é e d a a n
k í l   i s ' a n s
g a t á a ' a n s
t a   k ú n . g a n g
d a h ä s e e h l
s ç á a w ' a h l
k ' a j ú u ' w a a
ñ e . é e y a a s
g a y é e d ' a n s
n á a n e e ' a n g
h l g i h l ä s a a
ñ e . é e y a a n
d a h ' a a w a a n
n á a n e e ' u u j
h l g i h l ä s g a
k á a . a y d a n g
k á a . a y d a
s t ' i ' á a w a a
g i s í i d a a s
s ç á w ' a a w a a
g i s í i d a a n
d í i g w i i d a a ' a h l a n g
d í i g w i i d a n g g a n g
g i s í i d ' w a a s
g a t á a ä s a a s
k í l   i s ' w a a s
ñ e e ' a n g a n g
g a y é e d ' a n g
ñ í i y ä g i i n i i
d í i g u d ' a n g
d í i g u d a a s
t a   k ú n ä s a a s
h l g í l . a n g
s ç á w ' w ä g a n
d l á n ' w a a ä s
g a y é e d ä s a a
g a y é e d ' w a a s
s ç á l ' a n g ä s
g a y é e d ä s g a
ñ í n y a a n g ' u s
d í i g w i i d ' a h l a n g g a n
x á l   ñ á a t ' e e l a a
x a d á a l ' w a a s
d í i g u d ä s g a
á l j a h l ' w a a
d í i g w i i d a n g   ñ a s a a ' á n g g a n g
s t ' i ' á n g g a n
ñ e e ' a n g g a n
s t ' i ' a h l á n s
t l a   ç u ' w á a ' u u j
g a y é e d ' a h l
ñ í n y a a n g a a s
s ç á w ' a n g g a n
ñ e . é e ä s a a n g
s t ' i ' á a n g a a
ñ í i y ä ' w a a ä s
ñ e e ' w a a ä s a a
ñ e e ' a n g ' u u j
s ç á w ' a a w a a n
n í i h l ä s a a n g
h l g i h l ä s a a s
x a d á a l ä s g a
s ç á w ' a a n g a a
c h í i g a n g ' u s
ñ e e ' w a a ' u u j
g i s í i d ä s a a s
d í i g u d ä s a a s
s k y á a h l ' w a a
t l a   ç u ' w á a n g
s ç á w ' a n g a n g
n í i h l ä s e e h l
s ç á l g a n g a n g
d l á n ' a n g g a n
t a   k ú n ' w ä g a n
n í i h l ' a n g ' u u
d a h ' a n g ä s g a
d a h ' a n g ' w a a
n í l g a n g g a n g
k ' a j ú u ' a n g g a
ñ e . é e ' u u j a n g
ñ ' u s ä g ú n g a n g
t a   k w á a n ' a h l
s ç á w g i i n i i
n á a n e e ' w ä g a n
s ç á w ä s a a ' u s
n á a n e e ' a n g g a
t l a   ç u ' w á a ' u s
s k y á a l g a n g a n g
k á a . a y d ä s a a s
s ç á l ' w a a ä s a a
s t ' i ' á n g ' u u j
g a t á a ' a n g ' u u
h l t a n é e . e e h l
s ç á w ' a n g g a n g
n á a n e e ä s a a n g
x a d á a l ' u j a a
g i s í i d ' u j a a
n á a n e e ' a a w a a
t a   k ú n ' w a a ' u j a a
s ç á l ' a n g g a n g
k í l   i s ä s a a ' u s
s ç á w g a n g g a n g
x a d á a l g a n g ' a n g ' w a a
g a t á a ' a a w a a s
k ú n i d ' a n g a n g
s ç á w ' w a a ' u u j
t a   k ú n ' u j a a
ñ e e ' w a a ä s e e h l
s ç á l ' w a a ' a h l
k ú n i d ' w a a ' u s
s k y á a h l ' w a a s
x a d á a l ä s a a n g
ñ í i y ä ' w a a ä s a a
s ç á l ' w a a . a n g
h l g i h l ' w a a ä s
s t ' i g á a n g a a n
k ú n i d ' a a w a a n
n í i h l ' a a w a a s
d í i g u d ' a n g g a
j a d a h l g w á a y ' u u
ñ í i y ä g a a n g a a
t a   k ú n ä s a a ' u s
x a d á a l ' a n g ä s
j a d a h l g w á a y g a n
k í l   i s ' w a a ä s g a
n á a n e e ' w a a ä s
n á a n e e ' w a a ' u u j
ñ ' u s ä g ú n g ' a n g
j a d a h l g w á a y g a
x á l   ñ á a t ' e e h l
n á a n e e ' a n g g a n
x á l   ñ á a t ' e e h l
k á a . a y d ' a n g g a
d í i g w i i d ' a h l a n g g i i n i i
s k y á a h l ' a n g ä s
d a h ' u u j a a n g a a
t a   k ú n ' a a n g a a n
ñ e e ' a a w a a . a n g
n á a n e e ' a a w a a n
g a t á a ' w a a ä s a a
t l a   ç u ' ú u j a n g
t a   k ú n . g a a n g a a
x a d á a l ' a n g g a
t l a   ç u g á n g g a n g
s ç á w ' a n g ' w a a ä s
t a   k ú n . g a n g ' a n g ' w a a
k ' a j ú u ä s a a ' u s
ñ í i y ä ' a n g ä s a a
n á a n e e ' a a w a a s
ñ í i y ä ' a n g g a n g
ñ ' u s ä g ú n g ' w a a s
g a y é e d a n g g a n g
s ç á w ' a n g ' u j a a
ñ ' u s ä g ú n g ä s g a
c h í i g a n g ä s a a s
n á a n e e ' a a n g a a
s k y á a h l ' w a a n g
t l a   ç u ' á n g a n g
t l a   ç u ä s á a . a n g
k ' a j ú u ' w a a ' u s
k ' a j ú u ' a n g ä s a a
k í l   i s ' a n g ä s g a
k í l   i s ä s a a . a n g
d l á n ' w a a . a n g
g a t á a ' a n g ä s g a
k á a . a y d a a . a n g
k ú n i d ' a n g ' w a a s
