ñ e e ' a a n g a a s
s t ' i g a
k ú n i d ä s a a s
h l t a n é e . e e h l ' a n g ' a a w a a . a n g
g i s í i d ' a n g g a n g
g i s í i d ' a n g ' a a w a a s
d a h ' a a n g a a ' a h l a n g g a a
n í i h l ' a n g ' w a a ' a h l a n g g a n g
k ' a j á a w a a
s ç á l ' a n g ' w a a ä s g a
x á l   ñ á a t ' e e h l ' w ä g a n
ñ ' u s ä g ú n g ' a n g ' w a a ' a h l
ñ í i y ä ' a a w a a ' a h l a n g g a a
á l j a l g a n g ' a n g g a n g
k í l   í i j a n g ' a n g ' w a a n g
s ç á l ' w a a ä s a a n g
n í i h l ' a n g ' a a w a a s
j a d a h l g w á a y ' a n g ' w a a ä s a a s
d l á n ä s a a n g
g a y é e d ' a n g ' w a a
d í i g w i i d a a n g a a
c h í i g a n g ' a n g ' a a w a a ' a h l a n g g a n g
t a   k ú n ' w a a
s ç á w ' a n g ' w a a ' u s
g i s í i d a n g
s t ' i ' á n g ' a a w a a ' a h l a n g
ñ í i y ä ' a n g ' w a a ' u u j a a n g a a
k á a . a y d a n g ' w a a . a n g
s ç á l ' a n g ' w a a
s ç á l ä s a a n g
s k y á a h l ' a n g g a n g
d l á n ' a n g ' w a a ' u u j a a n g a a
s ç á a l ' a h l a n g g a n g
k ú n i d ' w a a . a n g   ñ a s a a s d l ä ' á n g g a n g
ñ í i y ä ' a a n g ' a h l a n s
x a d á a l ' w a a ä s a a s
g i s í i d ' a n g ä s e e h l
k ú n i d ' a n g g a n g
s ç á l ' w a a ' a h l a n s
s ç á l ' a n g ' w ä g i i n i i
n á a n e e ' a a n g a a n
g a y é e d ' a a n g ' a h l a n g g a n g
k í l   í i j a n g   ñ a s a a ' á n g
t a   k ú n . g a n g ' a n g a n g
k y á a m b d a   í n ' a a n g a a ' a h l a n g g a n g
x a d á a l a n g   ñ a s a a s d l á a n g
k ú n i d ' a n g ' w a a ' a h l a n g g a n
ñ í n y a a n g ä s a a ' u s
s ç á w a n g   ñ a s a ' á a
j a d a h l g w á a y ' a n g
s ç á w ' w a a
ñ í i y ä ' a n g ' w ä g a n
c h í i g a n g
s t ' i ' á n g ' a a w a a s
ñ í n y a a n g ' w a a ' a h l a n g g a n
k ú n i d ä s a a n g
g a y é e d ' u j a a
g a t á a ' w a a
t l a   ç u ' w á a ä s g a
d í i g u d ' a n g g a n g
k á a . a y d ' a n g ' u s
k ú n i d ' a n g ' w a a ' a h l a n g g a n g
á l j a h l ' a n g ' u u j a n g
t a   k ú n ' a n g g a a n g a a
k ú n i d ' w a a ä s a a
k y á a m b d a   í n ' a a n g ' a h l a n g g i i n i i
g i s í i d a n g a n g
h l g í l g i i n i i
g a t á a ' a n g ' w ä g a a n g a a n
g i s í i d ' a n g g a a n g a a n
d a h ' w a a ' u u j a n g
x a d á a l ' a a n g a a
k á a . a y d a n g ' a n g ' w a a n g
t a   k ú n a n g
s ç á w ' w a a ä s a a n g
k ' a j ú u ' a n g ' a a w a a ' a h l a n g
k ' a j á a w a n g   ñ a s a ' á a n g
á l j a h l
g a y é e d ' w a a ä s a a ' u u j a n g
h l g i h l ' a n g ' w a a ' a h l a n g g a n
d a h ' a a n g a a
d a h ' a n g ' w a a ä s e e h l
g a t á a ' a n g g a
c h í i g a n g g a n g ' a n g a n g
ñ e e ' w a a n g
k ú n i d ' w a a . a n g   ñ a s a a s d l ä ' á n g
t a   k ú n ' w a a . a n g
ñ e e ' a n g ' w a a ' u u j a a n g a a
h l g i h l ' a n g ' u u
g i s í i d ' u u j a n g
d í i g u d ' w a a
k í l   i s ' a a n g ' a h l a n g g a n
k í l   í i j a n g   ñ a s a ' á a n g
t a   k ú n ' w ä g a a n g a a
n í i h l ' a n g ' w a a n g
s t ' i ' a h l á n g g a n g
ñ í n y a a n g ' a a n g a a n
ñ ' u s ä g ú n g ' w a a . a n g   ñ a s a a s d l ä ' á n g g a n g
t l a   ç u ä s á a n g
g a t á a ' a n g ' w a a ä s a a ' a h l a n s
