t a   k ú n ' w a a
s t ' i ' á n g ' a a w a a n
g a y é e d ' u u
k í l   i s ' a n g ' a a w a a n
j a d a h l g w á a y ' a a n g a a . a n g
s ç á w ' a a n g a a n
g a t á a ' a a w a a n
k á a . a y d ' u j a a
s ç á w ' a n g ' w a a ä s a a
n á a n e e ' a n g ' u u j
g i s í i d ' w a a ' u u j a n g
x a d á a l g a
n á a n e e ' a a w a a ' a h l a n g
n í i h l ' a n g ' w a a ä s a a ' a h l a n s
ñ í i y ä ' w a a ' u u j a a n g a a
d l á n . g a n g ' a n g ' w a a
g i s í i d ' a h l a n g g i i n i i
h l g i h l ' a n g ä s a a . a n g
h l g i h l ' a n g ' w a a ' u u j
ñ í n y a a n g ' a n s
ñ ' u s ä g ú n g ' a n g g a a n g a a n
n í l g a n g a n g
ñ í i y ä ' a n g ' w ä g a a n g a a
j a d a h l g w á a y ' a n g ' w a a ä s g a
ñ ' u s ä g ú n g ' a n g ' w ä g i i n i i
s t ' i ' á n g ' w a a
n í i h l ' u u j a n g
g a t á a g a a n
t a   k ú n a n g   ñ a s a ' á a n g
x á l   ñ á a t ' e e h l ' a n g ' u u j a n g
n í i h l ' w a a ä s a a ' u u j a n g
ñ e e ' a n g ' a a w a a ' a h l a n g g a n g
n á a n e e . a n g   ñ a s a a ' á n g
ñ í n y a a n g ' a n g ä s g a
j a d a h l g w á a y ' a n g ' w a a
ñ í i y ä ' a n g g a n g
ñ í i y ä ' w a a n g
s k y á a h l ' a n g ' w a a
k ' a j ú u g a n g ' a n g g a n g
h l g i h l ' a n g ' w a a ä s a a ' u s
t l a   ç u á n g
g a y é e d ' a a n g a a ' a h l a n g g a a
n á a n e e . a n g   ñ a s a a s d l ä ' á n g
t l a   ç u ä s á a ' u u j a n g
h l g i h l ' a n g ' a a w a a . a n g
h l t a n é e . e e h l ' w a a . a n g
j a d a h l g w á a y ' a a n g a a s
ñ e . é e . a n g   ñ a s a a s d l ä ' á n g g a n g
j a d a h l g w á a y ' w a a n g
k í l   i s ' u u j a n g
g a y é e d a a s
s ç á w ' a n g ' u s
k y á a m b d a   í n ' a n g ä s a a s
ñ í n y a a n g ä s a a ' u u j a n g
s t ' i ' á n g ' a a w a a ' a h l a n g g a n g
k ' a j ú u ' w a a . a n g   ñ a s a a ' á n g
t l a   ç u ' á n g ' w a a ' u u j
s t ' i ' á n g ' u s
g a t á a g a n g g a n g
j a d a h l g w á a y ' a n g ' w a a ä s a a ' u s
ñ ' u s ä g ú n g ' a n g ' w a a ' u u j
d l á n ' w a a ä s a a ' u s
x á l   ñ á a t ' e e h l g a a n g a a
s t ' i ' á n g ' u u j a a n g a a
s ç á l ä s a a . a n g
g a t á a ' a n g ' w a a ' a h l a n g g i i n i i
h l t a n é e . e e h l ' u j a a
x a d á a l ' w ä g a n
k í l   i s ' a n g ä s a a
k ú n i d ' w a a . a n g   ñ a s a a ' á n g g a n g
g a t á a ' a n g ä s
s k y á a h l ' a n g ' a a w a a . a n g
ñ ' u s ä g ú n g ' a n g ' w a a
t a   k ú n ' a n g g i i n i i
d l á n ' w a a ä s a a
k í l   i s ' a n g g a
ñ e e ' a n g ' a a w a a . a n g
s t ' i ' á n g ä s a a n g
á l j a h l ' a n g ' u s
k ú n i d ' a a w a a s
k í l   i s ' a n g ' w a a ä s a a n g
x á l   ñ á a t ' e e h l ' a n g ' w ä g a a n g a a n
g i s í i d a n g
ñ ' u s ä g ú n g ' a n g ' w ä g a a n g a a n
n í i h l ' w a a ' a h l a n g g i i n i i
ñ ' u s ä g ú n g ' w a a ä s g a
ñ í n y a a n g a a ' a h l a n g g a n g
x á l   ñ á a t ' e e h l ' w a a . a n g   ñ a s a a s d l á a
d a h ' a a n g ' a h l a n g g i i n i i
g i s í i d ' a n g ' w a a ä s a a ' a h l a n s
d l á n ' a a w a a ' a h l a n g g a n g
h l g i h l ä s a a ' u u j a n g
j a d a h l g w á a y ' a a w a a ' a h l a n g g a a
d í i g u d ' w a a . a n g   ñ a s a a s d l ä ' á n g
k ' a j ú u ä s a a . a n g
j a d a h l g w á a y ' a n g a n g
n í i h l ' a a w a a
k á a . a y d a a n g a a n
d l á n ' a n g ' a a w a a n
s ç á w ä s a a s
