x a d á a l ' a n g ' a a w a a
k ' a j ú u ä s a a
t l a   ç u ' á n g g a
d a h ' a n g ' u s
t a   k ú n ' a n g ' w a a ä s a a ' u s
g a y é e d ' w a a ' u s
k ' a j ú u ' a n g ' w ä g a n
h l t a n é e . e e h l ' w ä g a n
x a d á a l g a n g
j a d a h l g w á a y ' a n g
g a y é e d a n g
k ' a j ú u g a a n g a a
s k y á a h l ä s a a
á l j a a l a a
x a d á a l ' u s
s ç á w ' a n g ä s a a . a n g
s ç á w ' a n g g a a n g a a n
k á a . a y d ä s g a
d l á n ' a a n g ' a h l a n s
g a t á a g a n g ' a n g g a n g
d a h . a n g   ñ a s a a ' á n g g a n g
ñ í n y a a n g g a n g
k ' a j ú u ' a n g ' w ä g i i n i i
k ' a j ú u ' a a n g ' a h l a n s
t a   k ú n ' w a a ' u u j a n g
s k y á a h l ' a n g ' w a a ä s a a ' a h l a n s
d l á n
x á l   ñ á a t ' e e h l ' a n g ' w a a ä s a a
d a h ' w ä g a a n g a a n
d l á n ä s e e h l
h l t a n é e . e e h l ' a n g ä s a a ' a h l a n s
d a h g a a . a n g
x á l   ñ á a t ' e e h l ' a n g g a n g
c h í i g a n g ' a n g a n g
g a y é e d ' a n g ' w a a ' u u j a a n g a a
k ' a j ú u ä s a a ' u u j a n g
á l j a a l ' a h l
x a d á a l ' a a n g ' a h l a n s
k ' a j á a w ' a h l a n s
d a h g a n g ' a n g a n g
g a y é e d ' w a a ä s g a
n í i h l ' w a a ' a h l a n g g a n g
n á a n e e
s ç á l ' a n g ' w a a . a n g
g a t á a ' w a a ' u u j a a n g a a
á l j a h l ' w a a . a n g   ñ a s a a ' á n g g a n g
s ç á l g a n g
ñ ' u s ä g ú n g
t l a   ç u g á a n g a a n
s ç á l ' a n g ä s a a s
á l j a a l a a ' a h l a n g
h l t a n é e . e e h l ' a n g ' w ä g a a n g a a
s t ' i ' á n g g i i n i i
k á a . a y d ' a n g ä s a a ' u s
d í i g u d ' a n g ' w a a ä s a a n g
c h í i g a n g ' w a a . a n g   ñ a s a ' á a
t l a   ç u ' w ä g á n
x á l   ñ á a t ' e e l ' a h l a n g g a n
c h í i g a n g ' a n g ' w a a ä s e e h l
ñ í i y ä ' a n g ' w a a
x a d á a l ' a n g ä s a a ' u s
s t ' i ' w á a
x á l   ñ á a t ' e e h l ' w a a ' u s
j a d a h l g w á a y ' a n g ä s a a
d a h ' w a a ' u j a a
s ç á w ' w ä g a a n g a a
x á l   ñ á a t ' e e h l g a n g ' w a a . a n g
s t ' i ' á a n g ' a h l
ñ í i y ä ' a a w a a
x á l   ñ á a t ' e e h l ' a n g ' w a a ' u u j a n g
k ' a j ú u ' a a w a a n
ñ e e ' a n g ' w a a ' a h l a n g g a n
s ç á w ' w a a
k á a . a y d ' a a w a a n
n í i h l ' w a a
s ç á w g a n g
d í i g u d ' w a a s
g a t á a ' a n g ' w a a ä s a a s
c h í i g a n g ' a n g ' w a a s
g a y é e d ' w a a ä s
t l a   ç u ' á n g ä s a a n g
n é e l ' a h l
k ú n i d ' a n g ' w a a ä s a a . a n g
ñ í i y ä ' w a a ä s a a ' u s
ñ í n y a a n g ' a n g ä s a a . a n g
g a y é e d ' a n g ' a a w a a ' a h l a n g
t l a   ç u ' á n g g a a n g a a n
t a   k ú n ' a n g ' a a w a a
ñ í n y a a n g ' a n g ' w ä g a a n g a a n
h l g i h l ' a a n g a a . a n g
n á a n e e g a n g ' a n g ' w a a . a n g
d í i g u d ' a n g ä s
g i s í i d ' a a w a a n
c h í i g a n g ' a n g ä s a a
k ú n i i d ' a h l a n g g a n
h l g í l g a n
d a h g a a ' a h l a n g g a a
x a d á a l ' a h l
s t ' i ' á n s
j a d a h l g w á a y ' w a a ' u s
