ñ í n y a a n g ' a a n g ' a h l
s k y á a h l ' a n g ' a a w a a ' a h l a n g g a a
g a y é e d a n g a n g
s k y á a h l ' a n g ' a a w a a ' a h l a n g
c h í i g a n g ' a a w a a
n á a n e e ' a n g ' a a w a a s
t l a   ç u ' á a w a a n
k á a . a y d ' a n g ä s
ñ í n y a a n g ä s a a
ñ ' u s ä g ú n g ' u u j a a n g a a
k á a . a y d ' a n g ' w ä g i i n i i
k ' a j ú u ' a a w a a s
s ç á w g a n g ' a n g g a n g
s k y á a h l ' u u
k y á a m b d a   í n ' a n g ' w a a ä s g a
c h í i g a n g ' w a a
k y á a m b d a   í n ' w a a n g
s t ' i ' ú u j
d l á n ä s a a ' u u j a n g
n í i h l ' w a a ä s a a n g
s ç á l ' a a n g ' a h l
d a h ' w a a ä s a a ' u s
d l á n ' a n g ä s
ñ e e ' a a w a a ' a h l a n g
c h í i g a n g ' a n g g a a n g a a n
t l a   ç u á n g   ñ a s a a s d l ä ' á n g g a n g
k í l   í i j a n g
d í i g w i i d a n g   ñ a s a a s d l ä ' á n g
á l j a a l a a . a n g
s ç á w ' w a a . a n g
k ' a j ú u ' a n g ' w a a ' u u j
x a d á a l ' u u
t l a   ç u ' w á a . a n g   ñ a s a a ' á n g
c h í i g a n g ' w ä g a a n g a a n
c h í i g a n g a n g   ñ a s a a ' á n g g a n g
s ç á w ' a n g
ñ e . é e ' a h l
c h í i g a n g ' a a n g ' a h l
k ' a j ú u ' a n g ' w a a ' a h l a n g g i i n i i
h l g i h l ' a a w a a n
d í i g u d ' a n g ' w a a ' a h l a n g g a n
k y á a m b d a   í n ' a n g ' w a a ' u u j a n g
t l a   ç u á n g   ñ a s a a ' á n g g a n g
n á a n e e ' a n g ' w a a ä s a a ' u u j a n g
s ç á w ' w a a ' u u j a n g
n í l g a n g ' a n g ' w a a n g
n á a n e e ' w a a s
t a   k ú n . g a n g ' w a a
g a t á a ' u u
h l g í l a n g   ñ a s a a s d l ä ' á n g g a n g
s ç á l g a n
ñ í i y ä ' a n g ' w a a ' u u j a n g
d í i g u d a a . a n g
c h í i g a n g ' w a a ' a h l a n g g a n g
s ç á w ' a n g ' w a a ä s a a ' a h l a n s
ñ í n y a a n g ' a a w a a n
ñ e e ' a a n g a a
d l á n ' a n g ' w a a s
t a   k ú n ' a n g ' w a a ' a h l a n g g i i n i i
g a t á a ' a n g ' w a a ä s e e h l
ñ í n y a a n g ' a n g ' w a a ' a h l a n g g a n g
k í l   í i j a n g ' a n g a n g
d l á n ' a n g
d l á n . g a n
s ç á l g a n g ' a n g a n g
k ' a j ú u g a n g ' w a a n g
c h í i g a n g ' w ä g a a n g a a
d í i g u d ' a n g ' w a a ä s a a s
s k y á a h l ' w a a ä s
á l j a h l
g a y é e d ' w a a ' u u j
á l j a h l ' a n g ä s a a . a n g
h l t a n é e . e e h l ' w a a ' a h l a n g g i i n i i
x a d á a l ' a a n g a a s
d l á n . g a n g ' a n g ' w a a n g
k á a . a y d ' a n g ' w a a
k y á a m b d a   í n . g a n
d í i g u d ä s e e h l
ñ e . é e s
g a t á a ä s a a
s ç á l ' w a a ' u u j
d a h ' w a a ä s a a n g
d a h ' a n g ä s a a n g
k y á a m b d a   í n ' a n g ' w a a ' u u j
x á l   ñ á a t ' e e h l ' w a a ä s a a ' u s
g a t á a ' a n g ' w a a ' u j a a
d a h ' a a n g a a ' a h l a n g
x á l   ñ á a t ' e e h l a n g   ñ a s a ' á a
d a h ' a a n g a a n
t l a   ç u ' á n g ' u u
ñ í n y a a n g ' a n g ' u s
k y á a m b d a   í n ' w ä g a a n g a a
g a y é e d ' w a a . a n g
k ' a j ú u ' a n g ' u u j a a n g a a
s k y á a h l ' w a a ' a h l
d a h g i i n i i
d í i g u d s
h l g i h l ä s
k í l   i s ' a n g g i i n i i
s t ' i ' á a w a a s
