s k y á a l g a n g
ñ ' u s ä g ú n g g a a n g a a
h l t a n é e . e e h l ' a h l a n s
k á a . a y d ' a n g ' w a a s
x á l   ñ á a t ' e e h l ' a n g ä s g a
s ç á w ' a n g ' a a w a a n
j a d a h l g w á a y g a n g g a n g
t l a   ç u ' a h l á n g g i i n i i
k í l   í i j a n g
d í i g u d ' w a a ä s a a n g
ñ í n y a a n g ' a n g ' w ä g a a n g a a
ñ í n y a a n g ' w a a ' a h l
s ç á w ' w a a ä s
g a y é e d a n g   ñ a s a ' á a
k í l   i s ' w a a . a n g   ñ a s a a s d l ä ' á n g g a n g
k y á a m b d a   í n ' u u
g a y é e d ' w a a ' u u j a n g
ñ e . é e . a n g
ñ ' u s ä g ú n g ä s a a . a n g
k í l   i s ' w a a
n á a n e e ' a n g ' w a a ' a h l a n g g i i n i i
ñ í n y a a n g g a n g ' a n g ' w a a . a n g
t l a   ç u ' w á a . a n g   ñ a s a a s d l ä ' á n g
n á a n e e ' w a a n g
d a h ' a n g ä s a a ' a h l a n s
h l g i h l ' w a a . a n g   ñ a s a a s d l á a
ñ í n y a a n g ' a a w a a ' a h l a n g g a a
h l t a n é e . e e h l ' w a a ä s a a ' u u j a n g
k ú n i d ' w a a ' u u j
j a d a h l g w á a y ' w a a ä s e e h l
ñ e e g a n g ' a n g a n g
ñ e . é e ' a h l a n g g a n g
k á a . a y d ' a n g ' w a a ä s a a
d í i g u d ' a n g ' w a a ' u u j a n g
x á l   ñ á a t ' e e h l ' w ä g a a n g a a n
g a y é e d ' a a n g ' a h l
g a y é e d ' a n g ' w a a ä s a a n g
n í i h l ' a n g ä s e e h l
s ç á a w ' a h l a n g g a n
k í l   i j a a . a n g
á l j a h l ' a n g ' a a w a a ' a h l a n g
g i s í i d a a
k í l   i s
n í l g a n g ' w a a . a n g
s t ' i ' w á a . a n g
k ' a j ú u ' u j a a
g i s í i d ' w a a . a n g   ñ a s a ' á a
d í i g u d ' a n g g a n g
c h í i g a n g
k ú n i d ' a n g ' w a a ' u u j a n g
ñ e e g a n g ' a n g ' w a a . a n g
j a d a h l g w á a y ' a a w a a s
ñ í i y ä ' w a a ' u s
k ' a j ú u ' w a a ä s a a ' u s
ñ e e ' w a a . a n g   ñ a s a a s d l á a
s ç á w ' a n g ' w ä g a a n g a a
n á a n e e ä s a a
t a   k ú n ' a n g ' u u j
n á a n e e ' w ä g i i n i i
s t ' i ä s g a
d í i g u d ' a a w a a ' a h l a n g g a a
ñ e e ' a n g ' w ä g a a n g a a
s t ' i ' w á a ' u u j a n g
h l t a n é e . e e l g a
s ç á w ' u u j
h l t a n é e . e e h l ' w a a ä s
k ú n i d ' u u
h l g i h l ' a n g
c h í i g a n g ' w a a ' u s
s ç á w ' a a w a a ' a h l a n g
á l j a h l ' a n g g a n g
ñ ' u s ä g ú n g ' w a a ä s a a ' a h l a n s
j a d a h l g w á a y g a n g ' w a a n g
g i s í i d ' a n g ' u u j a a n g a a
k ú n i d ' u u j a n g
ñ e e ' a n g ' w ä g a a n g a a n
t l a   ç u ' á n g ' w a a ä s a a ' u u j a n g
d í i g u d ' w ä g i i n i i
c h í i g a n g ' w a a ' u u j a n g
n á a n e e ä s a a . a n g
k ú n i d s
s k y á a l g a n g ' a n g ' w a a . a n g
k á a . a y d ' a n g
g a y é e d ' u u j
g a t á a ' a a w a a . a n g
x á l   ñ á a t ' e e h l ' a n g ' a a w a a ' a h l a n g
x á l   ñ á a t ' e e h l ' a n g ' w a a ' u j a a
s t ' i á n g   ñ a s a a ' á n g
k ú n i i d a n g ' w a a
k á a . a y d ' w a a
ñ í n y a a n g ' w a a
d l á n ' a a n g a a n
n á a n e e g a n g a n g
t l a   ç u ' ú u
g a y é e d a n g ' w a a
ñ e e ' w a a
x a d á a l ' a n g ' w a a s
k í l   i s ' w a a ' u u j
n í l a n g   ñ a s a a s d l ä ' á n g
c h í i g a n g ' a n g ' w ä g a a n g a a
