n i l i k u f a
m b a y a
u n g e n u k a
w a a n d i k i z a
u j e
m w a t a t a
u m e l i p a
h u k a n a
z i n g a l i a n d a a
k u j i n g a
k i n g i n e
t u n g a l i s o m a
a n g a l i n u n u a
v i k i e u a
a k a o n e
w a m e j i b u
m a j i n g a
n i k a b a k i
u n g e j i b u
u m e f a a
u l i o n a
k i k a a n d i k i s h e
k u t a t a
t u n g e o t a
u l i t a t a
v i n g e t a t a
y a n a f a
u n g e a n d i k a
m u p u m b a v u
u n a j i b u
k i l i k w e p a
z i m e b a k i
i k a t a t a
t u n a l i p a
y a k a j i b u
a k i l a l a
y a t a k a n a
l i i m b e
w a k i i m b a
i k a n e
t u k a i m b a
a k a n e
y a k i t a t a
t u n g e p e n d a
a o t e
y a k a o t e
i m e k u f a
n i l i l i p a
u k a l a l a
i l i k a n a
m w a a n d a a
l i n a b a k i
v i n a j i b u
y a n a a f i k i
u l i f a a
m v i v u
n g o n j w a
n i n a l i p a
u a n d i k e
y a k a b a k i
t u k i j a
u l i k w e p a
k i l i b a k i
u k a o t a
w a l i k w e p a
k i b o v u
y a n g e o n a
m w e u p e
t u k i l a l a
u t a f a a
z i t a p e n d a
i t a t e
l i k a f a a
m k a f e
i n g a l i k a n a
u k a o t e
z a l a l a
u m e k u f a
l i k i l a l a
l i t a a n d i k i s h a
k i t a a n d a a
i t a a m b a
v i l i o n a
a k a a f i k i
m l i l a l a
u e u e
m l i s o m a
n i t a a n d i k a
u m e a n d i k a
m j e
i a n d i k i s h e
a n g a l i a n d i k a
w a n g e j i b u
i k a s a f i r i
i n g a l i n u n u a
m k i t a t a
i m e a m b a
z i o n e
m k i b a d i l i
n i k i a m b a
n a k a n a
z i k i k a n a
v i k i a n d a a
z i n a a n d i k i z a
i m e o t a
l i n g a l i n u k a
k i l i k u f a
m h e s h i m i w a
u n a b a d i l i
u k i n u k a
k i k a k w e p e
u n g a l i a n d i k i z a
i k a a n d i k i z e
u n g a l i j i b u
l a t a t a
n i k a a f i k i
a m e a n d a a
k i n g e o n g e a
z i l i f a a
z i k a a n d i k i s h a
z i k a l i p a
v y a l i p a
u t a a n d a a
w a a n d i k i s h a
l i k a i m b a
i n g a l i a m b a
v i t a a m b a
w a n a a n d i k i z a
u k i l i p a
z i k a f a
v i l i k w i m b a
z i k a l i p e
m n a a n d a a
z i m e b a k i
a n g a l i t a t a
v i m e o t a
a n g e b a k i
i l i a n d i k i z a
v i k a n u n u a
h u s a f i r i
z i k i s o m a
t u t a a n d i k i s h a
z i k a n u n u e
a k a j i b u
a k a p e n d e
v i n a a n d a a
k i s o m e
i t a s a f i r i
i k i b a d i l i
h i y o
y a l i o n g e a
y a n a p e n d a
m a h e s h i m i w a
i a n d a e
y a n g a l i j i b u
z i n g e l i p a
t u n g e t a t a
k i l i p e
w a k a n u n u a
u n g a l i o n a
i n a o n a
w a k i a n d i k i z a
w a n g a p i
z i n g a l i p e n d a
w a k a n u k e
i k i f a a
c h a n u k a
z i k i e u a
m n g e p e n d a
n i n g e k a n a
c h a f a
a m e s a f i r i
n i t a k a n a
k u t u p u
w a l i k u j a
n i k a a m b e
w a k a a n d i k a
y a l i t a t a
w a t a a n d i k i z a
u m e f a a
u k a f a e
i m e s o m a
u k i l a l a
g o n j w a
z i l i k a n a
k i n a o n g e a
z i l i s a f i r i
w a m e a f i k i
u n g a l i k w e p a
k i n g a l i n u n u a
k i k a a n d i k i z a
w a o n g e a
l i n a t a t a
w a t a a n d a a
t u n g e l a l a
a t a o n a
h u k o
z i n a f a a
w a o t a
z i l i a f i k i
u a n d a e
k i n g a l i b a d i l i
m b a y a
u l i k u f a
n i k a b a k i
z i k i a m b a
i j i b u
k i n a l i p a
a n g a l i a n d a a
i n g e l i p a
u n a s o m a
v i t u p u
w a t a s a f i r i
l i l i a n d a a
y a k i p e n d a
w a k w e p a
u l i p e
p u m b a v u
a n g a l i k a n a
u l a l e
n i n a s a f i r i
u k i b a d i l i
u o n e
u l i a n d i k i z a
t u n g a l i a n d i k i z a
t u n g a l i f a a
z i k a o n g e e
l i m e b a d i l i
n g o n j w a
u t a a n d i k i z a
n i n g e s o m a
u a f i k i
v i k a j e
y a k a l a l e
k i p u m b a v u
v i n a p e n d a
z i t a p e n d a
y a a n d a e
l a l a l a
y a l i a n d i k i z a
a n g a l i f a a
i a n d i k i z e
w a o n g e a
v i t a j i b u
v i l i k u j a
t u l a l e
i l i b a d i l i
m l i k u f a
z i n g e b a d i l i
i l i n u k a
m w e p e s i
y a m e a m b a
j e u p e
u m e a n d i k i s h a
u l i o t a
u n a e u a
u s o m e
a n u k e
i k i n u k a
u n a a n d i k i s h a
i n g e k w e p a
h u i m b a
l a s a f i r i
m k i s o m a
t u t a l a l a
a k w e p e
m k a j i b u
y a b a d i l i
m l i o n a
k i l i a m b a
h u s o m a
k i t a l i p a
z i k a p e n d a
k u z e e
i n g e o n a
a k i a n d i k i z a
k i l i a f i k i
i a n d i k e
v i k a l i p a
l i n g a l i a m b a
k i t a o t a
z i n g e e u a
k i n a k a n a
i n u n u e
a k a l a l e
n i k i f a
z i t a f a a
m t a p e n d a
u o t e
m n g e a n d a a
i l i b a d i l i
u t a a n d i k i s h a
i t a o t a
w a t a o t a
i m e a m b a
u m e k w i m b a
z i l i l a l a
k i b a k i
n i t a t e
n i l i j i b u
a l i k a n a
i k i e u a
z i l i k u f a
p a h e s h i m i w a
m h e s h i m i w a
z i m e e u a
t u n a j i b u
z i a f i k i
v i n g a l i e u a
l i n g e o t a
l a a m b a
t u m e j i b u
a l i j i b u
y a l a l a
i k i j a
v y a t a t a
z i t a b a d i l i
i k a l i p a
z a i m b a
y a n a a n d i k i s h a
u k a o t e
k w a o
z i a n d i k e
u a m b e
m e u p e
n i o n e
u k i a f i k i
z i n g e a f i k i
w a m e a n d a a
u a n d a e
k i l i l a l a
k i n a n u n u a
y a l i k w e p a
w a n g a l i p e n d a
u k a e u e
l i k a f a
i n a j a
i t a e u a
y a n g e a n d i k i s h a
k u a n d i k i z a
i n g a l i a n d a a
w a n g e o n g e a
v i n a o n g e a
w a k i o n a
m t a l i p a
n i k a l a l e
z i k a j i b u
t u p u
l i l e
w a n g a l i a n d i k a
m w e n y e w e
m n a l a l a
a l i k w e p a
a t a t e
l i k a n u n u a
u n g a l i s a f i r i
u m e k w e p a
k i k a o n g e a
m w a o
i n g e k a n a
m a g o n j w a
w a n g e b a k i
u n g e b a d i l i
t u k a k a n a
t u n a s o m a
v i a n d i k i z e
l i m e o t a
n j e m a
z i k a i m b e
v i o t e
l i k a a n d i k i s h a
u k a a f i k i
u n g a l i a n d i k i s h a
u n a p e n d a
w a k a k w e p a
i t a b a d i l i
t w a k a n a
z i t a s a f i r i
u n g a l i s a f i r i
m v i v u
c h a b a d i l i
u n g e k w e p a
t u n u k e
m n g a l i l i p a
m n g e a f i k i
z i t a k w i m b a
u n g a l i j i b u
n g o n j w a
k i l i o t a
l i k a s o m e
k i n a n u k a
t u t a o t a
w a k a j i b u
z i n a t a t a
n i f a e
u n a t a t a
k i z i t o
m j e u r i
y a n g e f a a
w a m e k a n a
i o n e
v i k a n u k a
t u l i k w e p a
k i k a l i p a
m p u m b a v u
k i m e e u a
u n g e l a l a
a k a a n d i k i z a
z i m e k w i m b a
t u a n d i k i z e
n j e u r i
a m e b a k i
h u o
z i k i o n a
n a k w e p a
t u l i k w i m b a
n i a n d a e
u n a o n a
v i m e n u k a
k i m o j a w a p o
k i k a b a d i l i
m m e b a k i
v y a s a f i r i
u m e k w i m b a
m n a s a f i r i
v i m e e u a
i m e b a d i l i
v i n g e o n a
t w a o n a
i t a k u j a
m k i a n d i k i s h a
m i j i n g a
i n g a l i a n d a a
t u t a l i p a
i k a p e n d e
c h a k a n a
i k i s a f i r i
w a n g e a n d i k a
a l i b a k i
p a j i n g a
i k i a n d i k i s h a
v i n a l a l a
n i n a b a k i
m b i v u
m n g e k u f a
m u v i v u
n z e e
m w i n g i n e
i k a b a d i l i
i m e k w i m b a
u t a a m b a
w a a n d i k a
u k a t a t a
v i k i b a k i
z i n g a l i j i b u
u m e o t a
u k a a n d i k a
u n g a l i o n g e a
v i n g e a m b a
i k a t a t e
l a e u a
u n a t a t a
y a o n e
z i n a o n a
h u f a
a p e n d e
z i k a o n g e e
l i k a j i b u
t u n g a l i p e n d a
k i k i k a n a
v i k a e u e
t w a b a d i l i
h a p o
m n a j a
a n g a l i a f i k i
u m e a f i k i
w a k a f e
a l i a n d i k i s h a
v i k a k w e p a
k i k a n u n u a
u k a s a f i r i
z a a f i k i
z i j i b u
n i k i b a k i
v i n g a l i k a n a
u k i k a n a
w a s o m e
w a e u e
i l i p e
m w a m b e
y a b a k i
y a m e e u a
a k i j i b u
n a a m b a
a n g e j i b u
y a s o m a
y a n g a l i a f i k i
v i n g a l i l i p a
n g a p i
z a j i b u
v i k i l i p a
t u k i k w e p a
y a t a l a l a
y a m e k u j a
y a n u n u e
z i l i k w e p a
u n a k u f a
l i k i s a f i r i
y a k a n u n u e
t u l i l i p a
u m e o n a
m s a f i r i
l a o n a
u m e l i p a
v i n a f a a
w a i m b e
i k a l a l e
k i n a l a l a
u k i a m b a
z i n g a l i a n d i k i s h a
i f a e
u t a s a f i r i
i m e b a k i
z i k a s o m e
k i b a d i l i
n i k i l i p a
u k a s a f i r i
z i l i k u f a
i m e k w e p a
i b a d i l i
u t a k u j a
k u z u r i
u k i p e n d a
m n g a l i b a k i
t u k a j i b u
t u t a t a t a
z i n a o n g e a
l i t a s a f i r i
i l a l e
v y a f a
i k a o n g e e
i n g e a n d i k i s h a
l i m e b a k i
l i l i f a a
k i n g a l i k u j a
y a t a b a k i
u n g a l i k w i m b a
k i f e
m n g e n u k a
i n g e n u n u a
u k a n e
z i n g e b a k i
a f e
n i b a d i l i
m t a a n d a a
y a n g e s o m a
v i k a b a k i
u l i f a a
w e n y e w e
m a t u p u
l i n g a l i b a k i
i k i a n d a a
k u z e e
t u n a a n d i k i s h a
k i l i s a f i r i
u m e a n d i k i z a
k i n a a f i k i
a n g e a m b a
n g a p i
i a m b e
v i l i k a n a
u m e t a t a
n i t a a n d i k i z a
p a t u p u
m g o n j w a
z i n g e o n a
n i m e n u k a
l i n a b a d i l i
y a m e k w i m b a
a n a e u a
k i k i l i p a
k u b a y a
p a h e s h i m i w a
w a n a b a k i
u k a a n d i k i z a
y a n g a l i a n d i k i z a
w a a n d i k i z a
l i n a a n d a a
y a k a a n d i k i s h a
z i a n d i k e
a t a k u j a
z i k i a n d i k i s h a
p u m b a v u
w a k a s a f i r i
p a l e
z i t a o t a
z i k a j a
m k i o n a
l i n g a l i o n a
h u m o
n i k a b a d i l i
u t a e u a
u a m b e
u k i o n g e a
v y e m a
z a f a a
t u m e k w e p a
h u e u a
y a t a a f i k i
n i l i o t a
y a n a b a k i
t w a s a f i r i
u n g e o t a
i l i l a l a
n i n g a l i k w i m b a
n i m e t a t a
w a n a n u n u a
k i c h a f u
i n g e k u f a
c h a f a a
u l i j i b u
k i k i n u n u a
n i k a k a n a
w a k a a n d a a
a k a o n g e e
z i k a l i p a
t u k a o n e
n i n g a l i a m b a
z i n g a l i a n d i k i z a
w a i m b a
n y e u p e
z i k i o n g e a
p a l e
i b a d i l i
i l i a n d i k a
v i b i v u
t u k a e u a
n i n a k w e p a
u k a o n a
a n g a l i s a f i r i
t u k a t a t e
l i n a o n a
z i n a n u k a
m i b o v u
a t a t a t a
u n a a m b a
y a n a a n d i k a
i k a o t a
l i n g e s a f i r i
n j e m a
i n g a l i k w e p a
a n a f a a
z i o n g e e
m z u r i
i l i e u a
y u l e
m l e
m n g e a m b a
v i m e a m b a
y a n a s o m a
w a n g a l i k u f a
l i k i a n d i k i s h a
m l i o t a
u k a b a d i l i
u l i a n d a a
u n g a l i k a n a
v i m e a n d a a
z i m e o n a
w a o n g e a
y a n g a l i a n d a a
a k a a n d i k e
m n g a l i a f i k i
t u m e f a a
z i k a f e
u n g e k w i m b a
l a b a d i l i
w a k i a n d i k i s h a
u n g a l i l i p a
l i l i b a d i l i
w a t a k u j a
w a n g a l i k w i m b a
i a n d i k i s h e
t u k a s a f i r i
v i l i n u n u a
i l i p e n d a
w a k a a n d i k i s h a
p e n g i n e
v i l e
m w e u p e
t u a n d a e
i n g a l i o n a
z a a m b a
k i k a a m b a
k i k a a n d a e
v i t a k w i m b a
k i n g e p e n d a
m t a a m b a
m u z i t o
p a n g a p i
i n g a l i k u f a
u k i a n d i k a
i l i k a n a
k i n g a l i b a k i
w a n g a l i k u j a
a n a k w e p a
v i n a i m b a
v i n a f a
w a f a e
a k i f a a
c h e u p e
t w a l i p a
z i n a p e n d a
t u t a k u f a
y a l i s o m a
h u m o
u t a l a l a
z i i m b e
m n a o n g e a
y a e u e
i k i a n d a a
i k i a m b a
u k a l i p a
u n g a l i n u k a
m f a e
y a n a a n d i k i z a
z i l i b a k i
y a i m b a
v i n g e a n d i k a
t u n g e s o m a
z i l i k w i m b a
z i n g e t a t a
u k a s o m a
y a f a e
u n g e k u j a
h u a n d i k a
l i k a k w e p a
v i k a b a d i l i
y a p e n d a
w a a n d i k a
w a a m b a
y a l i a n d i k a
i k a l a l a
u n g a l i k u f a
i n a f a
m k a a f i k i
l i n g a l i t a t a
m t u p u
m o t e
z i m e a n d i k a
t u k a a n d i k a
w a k a p e n d a
k i o n g e e
t u k a k a n e
t u k a a n d a e
z i m e k u f a
z i f a e
a k a b a d i l i
u m e l i p a
m v i v u
z i l e
m t a k u j a
i t a k w i m b a
k i k a n u k a
k u j e u r i
u l i a n d i k a
i m e n u n u a
z i n g e a n d i k a
i m e a n d i k i s h a
i k a a f i k i
k i t a a f i k i
m z u r i
y a m e l a l a
k i m e p e n d a
i k a n u k a
m m e a n d i k a
u a n d i k i s h e
i k a t a t a
n i n g e k u j a
u n a e u a
a n a a n d i k i z a
z i m e j i b u
v y a f a a
z i n g a l i k u j a
z i k a o n a
z a a n d i k i s h a
i n g e o n g e a
u b a k i
h u a f i k i
z i n g e j i b u
k i m e o n a
z a n u k a
u k i f a
y a a n d i k i s h a
i n a b a d i l i
w a t a e u a
m v i v u
z i t a s a f i r i
a k i o n a
l a a f i k i
v i k a l a l e
t w a a m b a
a k a t a t a
u n g e a m b a
z i n g a l i b a k i
i o n g e e
y a k a o n e
t u k i a f i k i
u m e a n d i k i s h a
u n g a l i o n a
a n a a n d a a
i m e n u k a
l i j e
u m e l a l a
l i n g a l i j i b u
c h a a f i k i
w a m e k u f a
n i n g e t a t a
u k a a n d i k e
u n g a l i b a d i l i
y a k a n u k e
z i o n g e e
y a n a k w e p a
l i a n d i k i z e
k i k a i m b e
l i a n d i k e
y a n a o t a
m k a o n g e a
l i k a l a l a
u l i a n d i k a
u n u n u e
u t a t a t a
k i m e b a d i l i
v i n g a l i n u n u a
w a n a n u k a
m z i t o
i k a n u n u e
u k a a m b e
v i k a b a d i l i
u k i j i b u
k w e p e s i
u m e k u f a
n i n g a l i n u n u a
u k a a n d i k a
y a k a k w e p a
u k a s o m e
a k a b a d i l i
v y a i m b a
m n g e a n d i k i z a
i n g e a f i k i
a a n d i k i s h e
m t a t e
u n a f a a
y a t a p e n d a
u n a k a n a
u n g e k u f a
a k i i m b a
k i k a f a e
t u k a a f i k i
z i t a t a t a
u k a e u e
i n a e u a
u k a o t e
z i t a a n d i k i s h a
z i n g a l i s o m a
l i n a a f i k i
l i t a s o m a
u n a k u f a
z i t a a f i k i
i k a k w e p e
a n g a l i o t a
a n g e o n a
n i l i a n d i k a
z i k i b a d i l i
z i k i o t a
i i m b e
a n g e o t a
w a k i l a l a
y a m e a f i k i
w a n a f a a
m w a e u a
y a k a a n d a e
i l i s o m a
a k a j a
n i n g e k w i m b a
m w e u p e
y a n a b a d i l i
y a l a l a
t u k a o t e
m v i v u
l a f a a
y a l i o t a
w a n g e k w e p a
i n a a f i k i
l i n g e k u f a
u l i a f i k i
u m e a n d i k i s h a
n i m e b a k i
y a k i a m b a
u n g a l i a n d a a
h u b a d i l i
m k a n u n u e
y a t a t a
t u t a s o m a
i l a l e
v i f a e
l i k i o n g e a
u n g a l i k u f a
y a l i a f i k i
u k a b a d i l i
z i k a j i b u
u t a b a d i l i
i k i a n d i k a
l i n a k u f a
u t a j i b u
n y e p e s i
l i t a o n g e a
z i n g e s a f i r i
i k a a n d i k i z a
a m e a n d i k a
a k a p e n d a
z i k i j a
z i n a o n g e a
u n g e b a k i
m u b i v u
m l i p e n d a
i n a n u n u a
y a e u a
k i n g a l i o n g e a
a k a a m b a
n i n a p e n d a
i n g e k u f a
z i n g a l i b a k i
w a k a k a n a
w a j i b u
m p u m b a v u
m k a e u a
w a i m b a
m n a i m b a
k u j e u r i
w a k i k w e p a
v i m e f a a
n i k i a n d a a
y a k a o n g e e
k u v i v u
v y a b a k i
z i n a i m b a
l i n g a l i k a n a
a l i n u n u a
w a n a p e n d a
z i l i a n d i k i z a
u l a l e
a t a l i p a
k i m e n u k a
u n a o n g e a
u t a s a f i r i
y a n g a l i s o m a
y a l i b a k i
u n g e o t a
m m e s o m a
a e u e
y a n g e a f i k i
a k a a n d a e
y a m e p e n d a
z i n g a l i p e n d a
t u n g e k a n a
a o n e
z a f a a
m k a a n d a e
w a o n a
m w a i m b a
u n g a l i l a l a
i k a n e
i n a e u a
n i k a k w e p e
m n a a n d i k i z a
i n g a l i b a k i
u k i f a a
i m e s a f i r i
n i l i a n d i k i z a
a k i l i p a
a k a n u k a
i f a e
n i n a k u f a
i m e e u a
i k a o n e
k i j e
u k a b a d i l i
z i k i l i p a
u n a l a l a
a t a n u k a
z i n g a l i f a a
y a k a a n d i k i z e
l i m e p e n d a
m k a a n d i k i s h a
k i n g e f a a
v i z e e
z i n g a l i o n a
k i k i k w e p a
i m e a f i k i
c h a c h e
n i k a n u n u a
l i t a l a l a
m u z u r i
v i k a a n d i k a
u k a t a t e
u k a l i p e
v i k i i m b a
i t a a f i k i
z i m e j i b u
i o n e
i m e s a f i r i
u n a k a n a
z i k a k w e p a
u k a a n d i k i z e
a n u n u a
w a t a f a a
t u k a s a f i r i
n i k a f e
u n a k w e p a
u k i n u n u a
t u l i o t a
m k a l i p a
u f a e
y a k a l a l a
m k a n e
v i m e a n d i k i z a
a n g e l a l a
u e u e
i m e o n a
z i s o m e
t u p u
u m e n u k a
v i p u m b a v u
u l i b a k i
i k a o n a
u l i s o m a
i t a a n d i k i z a
m b i v u
w a n g a l i o t a
t u l i b a d i l i
n i n g a l i a f i k i
z i l i s o m a
h u j i b u
u k a o n g e e
a k i a n d i k a
k i l i b a d i l i
l i t a k a n a
z a j i b u
z i n a o t a
m k i j i b u
z i n g e a n d i k i s h a
a n a t a t a
z i n a s o m a
i k i o n g e a
m k i k w e p a
p a o
v i e u e
t u m e b a k i
z i m e k u j a
i k a b a d i l i
w a n g e n u k a
i n g e b a d i l i
w a m e a n d i k a
v i k a l i p e
y a n g e n u n u a
y a n g e o t a
i k a l a l a
i k a a n d i k i s h e
k i m e o n g e a
u n g a l i o t a
z i n g e a f i k i
z i n a s o m a
a n a a m b a
y a j a
z i k i a n d i k i z a
k i k a a n d i k e
u m e e u a
u l i a m b a
u j e
v i n g e a n d i k i s h a
m b o v u
v i f e
w a k a l a l e
t u m e o n g e a
a a n d a a
u k a b a d i l i
y a k a f a e
w a b a d i l i
u n g a l i t a t a
n i t a o n a
k i k a n e
u n g a l i t a t a
a l i l a l a
t u l i a n d a a
w a n a j a
t u k a o t a
m w a l i p a
z i t a k u j a
u m e k w i m b a
w a n g e f a a
z a o
z i n g e o t a
a m e a n d i k i z a
a k i b a d i l i
z i m e k w e p a
m u z e e
i k a a m b e
w a l i a n d i k i z a
y a p e n d a
a l i n u k a
n i n g e k w e p a
z a a n d a a
m i z u r i
u n g a l i k w i m b a
u k a t a t e
u n a k u j a
z i k a k a n a
m k a s o m a
a k i p e n d a
u k a l a l e
v i n g e n u k a
i n g a l i o n a
i n a b a d i l i
l i n g e a n d i k i z a
z i n a l i p a
m f u p i
w a b a d i l i
m t a o t a
l i m e e u a
l i k a a f i k i
n i k a a n d i k i z a
u k a e u a
a n g e a n d i k a
p a f u p i
k i n a b a k i
a l i b a d i l i
p a z e e
t w a f a a
k i n g a l i e u a
l i n g a l i k w e p a
t u k i s a f i r i
y a n u n u a
t u k a j a
h u a n d i k i s h a
a k a f a a
t u k a b a d i l i
m n g a l i b a d i l i
u k a j i b u
u m e k u j a
u n g a l i a n d i k a
k w e p e s i
l i t a n u k a
t u m e n u k a
n j e u r i
z i l i t a t a
u m e k u j a
y a n a a n d a a
a n g a l i n u k a
k i k i n u k a
h u a f i k i
t u t a t e
t u m e a n d i k i z a
w a l i p a
u l i a f i k i
y a n a j a
y a n a l a l a
a n g e a n d i k i z a
m i p u m b a v u
k i t a n u n u a
u k i a f i k i
a n a j i b u
i k i f a
m k i s a f i r i
m w e m a
n i n g a l i l a l a
v i n g e j i b u
a a n d i k a
w a t a l i p a
k i k a k a n a
u k a f a
v i l i l a l a
u a n d i k i z e
n i n g e l a l a
w a t a t e
t u n a a m b a
z i l e
b a y a
z i k i b a k i
z i k a t a t e
z i k i l a l a
z i k a a n d i k i s h e
w a a f i k i
k i n a b a d i l i
z i n g a l i k a n a
n i p e n d e
i k a j a
v i k a f e
h u s o m a
i n g e j i b u
m b i v u
w a n a a n d i k a
u n g a l i a n d i k a
m m e k w e p a
z i n g a l i k u f a
a k a o t e
u n g a l i o t a
i t a l a l a
k i k a o t e
u k a a n d i k i z e
z i t a o n a
v i n g e n u n u a
m t a n u k a
v i t a b a k i
m u b i v u
n a o n a
v i t a o n a
m n g e a n d i k i s h a
u l i k w e p a
t u a f i k i
u l i s a f i r i
w a p e n d e
w a n g e a f i k i
w a s o m a
y a l i p a
m t a s o m a
m m e k w i m b a
y a o t e
n i j e
z i t a n u k a
v i t a o t a
y a k a a m b a
m l i k a n a
a n a o n a
u n g e k w i m b a
v i n g e a n d i k i z a
w a t a a f i k i
k i n g a l i s o m a
w a a n d i k i z a
k i l i t a t a
k i m e k u j a
n i k i s o m a
y a i m b e
u n a a f i k i
u m e n u k a
f u p i
i n a o n a
z i b a k i
t u t a a n d i k i z a
n i k i o t a
n i k i e u a
v y a k w e p a
u k a f e
n a f a a
l i k a o n a
z i k a f a a
n i k i n u k a
m k a s o m e
z i l i n u k a
y a a n d a a
u t a o n a
k i t a n u k a
v i z i t o
v i n g a l i a n d i k a
a n g e n u k a
i n g a l i b a d i l i
m w a s a f i r i
k u b a y a
a k a k a n a
i k a o n a
w a n a i m b a
z i k i k w e p a
v y a a m b a
n i n g e b a k i
u k a n e
w a k a n a
z i n g e k w e p a
t u n g e n u n u a
y a b a k i
u m e a n d i k i z a
i n g e t a t a
m a z e e
v y a n u k a
i t a k a n a
u m e s o m a
k i k a n u n u e
w a l i e u a
k i k a s o m a
y a k i a f i k i
l a n u k a
m k a n u n u a
n i m e l a l a
m w e p e s i
a n a k u j a
y a l i k w i m b a
w a k i s o m a
w a k i e u a
i n a k w e p a
z i b a d i l i
z a o t a
v i t a k u j a
l a o n g e a
k i k a i m b a
z i k a a n d i k i z e
j e m a
w a s o m a
k u f u p i
u m e n u n u a
z i n u n u e
i n g a l i e u a
w a t a k w e p a
i l i t a t a
v i k i k a n a
i o t e
u k a k w e p a
k i l i a n d i k i z a
z a o n a
w a p e n d a
v i n g a l i k w i m b a
i k a s o m a
i l i a f i k i
t u k a n u k e
i k a i m b a
l i t a k u j a
u k a s a f i r i
v i a f i k i
m l i a n d a a
k i n g e o t a
a m e l a l a
l i l i s a f i r i
y a t a a n d i k i z a
v i m e k u f a
w e p e s i
z i l i p e n d a
m w i n g i n e
k i l i k u j a
y a n g e a n d i k a
m m e k u f a
i k i p e n d a
k i g o n j w a
t w a s o m a
a k a s o m a
a n g e n u n u a
c h a a n d i k i z a
t u n a a n d i k i z a
l i n g e a n d i k a
z i n g a l i a f i k i
n a f a
u l i n u k a
u k a n u n u e
u k i a n d i k a
u f a e
l i t a a f i k i
i n a t a t a
i k i l a l a
z i k a l a l a
a l i a n d a a
i n a a n d i k a
z i k a a n d i k i z a
u n g a l i b a k i
i k a f a
k i n g e l a l a
z i k a s a f i r i
i m e l i p a
u l i a n d i k i z a
i k i e u a
n i n u k e
u n g e a n d i k i s h a
t u m e p e n d a
u n a l a l a
m m e a m b a
z i k i j i b u
t u l i l a l a
z i n g e a n d i k a
z i o n e
p a g o n j w a
w a n g e e u a
a n g a l i a n d i k i s h a
a n a k a n a
m w e p e s i
y a k i l a l a
u n g a l i p e n d a
t u m e n u n u a
a e u a
y a l i k a n a
n i k a k w e p a
m u h e s h i m i w a
v y a a f i k i
i n g a l i j i b u
u l i j i b u
w a e u a
n i k i p e n d a
l i k a f a e
i j e
z a i m b a
z i k i o n g e a
k i n g e l i p a
w a t a l a l a
i l i n u k a
u k a a n d i k i s h e
z i k a p e n d e
z i n g e a m b a
l i n g a l i k u f a
u j i b u
l i k a j e
y a k i k w e p a
y a m e n u k a
a n g e l i p a
i t a b a k i
u n a k w e p a
k i l i l i p a
y a a n d i k a
i n a s o m a
u k i s a f i r i
u f a e
m j i n g a
u m e k w e p a
a m e t a t a
l i n g e k a n a
w a l i p e
k i t a a n d i k a
v i n g a l i j i b u
z i l i k u j a
l i n g a l i a n d a a
w a k i k a n a
n i k i a n d i k i s h a
t u k a j i b u
n i k a a n d i k i s h a
y a n g a l i k u f a
u k a a n d a a
y a k a e u a
n y e u p e
n i m e o t a
z i l i b a d i l i
t u m e k u j a
v i n g e k a n a
k i l i o n a
i n u k e
i n g e l a l a
a k w e p a
t u k i a n d i k a
v i k a f a e
i n g e f a a
i n g a l i a n d i k i z a
i m e p e n d a
z i k a n e
m w a f a
v i k a k a n a
z i k a s a f i r i
l i l i a n d i k a
k i l a l e
u k a s a f i r i
y a t a a n d i k a
l a k a n a
k i k i a n d i k i z a
y a n g e e u a
k i k i t a t a
i k i o t a
n i l i s o m a
p e m a
w a a n d a a
z i n g a l i k w i m b a
m n g a l i t a t a
u n g e l a l a
t u t a o n a
u l i k a n a
v i n g a l i p e n d a
l i m e a n d i k a
l i k i f a a
a n a l i p a
v i t a a n d i k a
w a n g a l i k a n a
t u l i a m b a
m e u e
i k a n u n u a
a t a b a k i
w a f u p i
k u n u k a
u m e t a t a
a k a o t a
v i t a k a n a
z a s o m a
w a k a o t e
u n g a l i e u a
i m e k a n a
l i p e n d e
i n g a l i o t a
u l i l a l a
p a j e u r i
a a f i k i
u n a a n d i k a
p e p e s i
i k a s a f i r i
m w e u p e
m i j e u r i
a k a i m b e
z i n a t a t a
u t a a n d i k a
w a k a o t a
v i n a l i p a
w a k a n e
m n a a f i k i
n i k i o n g e a
n i k a j e
n i k i n u n u a
u n g a l i k a n a
w a k i o t a
m n g e o t a
m a c h a c h e
n i t a k u f a
t u n a o t a
a t a o t a
k i l i a n d i k i s h a
w a l i k w i m b a
w a n a k a n a
z i k a k a n a
m o n g e e
u t a a n d a a
i t a b a d i l i
u f e
y a o t a
y a n g a l i l i p a
w a j e u r i
m w a j a
i k i b a d i l i
t u k a p e n d a
k u t u p u
w a l i j i b u
y a b a d i l i
t u n g e a n d i k a
y a t a s a f i r i
m b o v u
t u l i j i b u
k i k a o n a
z i k a p e n d a
y a n g e k u j a
v i t a n u k a
y a k a t a t e
i k a l i p e
i n a a n d i k i s h a
n i m e a n d a a
u l i k w i m b a
h u o n g e a
u l i k w i m b a
a o n g e e
i k i l i p a
t u e u e
n i t a j i b u
u t a b a k i
m w a f a a
u k i n u n u a
m z e e
l i t a p e n d a
y a n g e j i b u
m k a a n d i k i z e
z i k i t a t a
k u o n a
a n a k w i m b a
n a e u a
u k a n u n u a
a k i n u k a
v i l i j i b u
m g o n j w a
k u f a
l i n g e p e n d a
w a m e a n d i k i s h a
j e u r i
u n g a l i p e n d a
u m e p e n d a
u n g e f a a
a a f i k i
n i t a o n g e a
u t a a n d i k a
w a o n a
m m e l a l a
z i k a f a e
z i k i f a a
a m e b a d i l i
z i t a k u j a
l i l i t a t a
u k a a n d i k a
m u c h a f u
t u a n d i k e
w a j i b u
w a j i n g a
z i k a k w e p e
k i k a l a l a
l i l i j i b u
c h a o t a
l i k a a n d a a
i n a a m b a
l i k a o n g e e
l i n g a l i e u a
v i n g e b a k i
a n g a l i k u f a
k i n g a l i k a n a
y a p e n d e
a n g a l i e u a
u l i b a k i
l i k i o t a
t u k a f a a
u t a n u n u a
m m e a n d i k i s h a
l i t a b a k i
w a s a f i r i
y a n a i m b a
v i k w e p e
z i n g a l i l i p a
h u f a a
w a t a k w i m b a
m i z i t o
u k a l a l a
u n a a f i k i
z i k a f e
z i n a f a a
i m e a f i k i
z i k a f a a
y a l i j i b u
t u n g e a m b a
m i t u p u
z i m e a f i k i
i m e k w e p a
w a k a a m b e
z i m e t a t a
u l i p e n d a
a l i k w i m b a
i n g e b a k i
w a o t a
i l i k u j a
i m e a n d i k a
m n g e t a t a
m u t u p u
w a b a k i
l i n a a n d i k i z a
i t a s o m a
i j e
a n g a l i p e n d a
u n g a l i k u f a
y a k a p e n d e
y a k i b a k i
m n g a l i k u f a
y a m e a n d a a
t u m e s o m a
u n g e n u n u a
u t a k a n a
m n g e f a a
z i k i e u a
y a k i s o m a
k i t a l a l a
z i n g a l i s a f i r i
w a l i b a k i
m k a b a k i
z i a n d a e
i a f i k i
t u m e a f i k i
i l i a n d i k i z a
u l i p e
l i t a t e
a n g a l i a m b a
y a a m b a
t u k i a n d i k i z a
h u o t a
t u n a p e n d a
n i m e o n a
i t a j i b u
y a k i k a n a
m m e a n d i k i z a
i n a a n d a a
u k a i m b a
n z i t o
y a n g e b a k i
l i l i s o m a
i k a a n d i k i s h e
m a j e u r i
u m e b a d i l i
k i n u k e
u l i s o m a
z i k a a f i k i
u n g a l i n u k a
y a n g a l i k a n a
i m e f a a
z i t a t e
n i k i l a l a
z i n g a l i a m b a
m u n g a p i
k i n g a l i a n d i k i s h a
y a a n d i k i s h e
l i l i k u j a
y a f a
y a k a a m b e
h u a n d a a
y a n g a l i o t a
m o n e
v i k i l a l a
v i k a f a
l i k i b a k i
u m e e u a
i t a k w e p a
u n g e k u f a
z i n g a l i k u j a
w a m e s o m a
w a t a o n g e a
z i k a a n d a a
w a n g a l i a f i k i
w a t a o n a
i t a j i b u
z i k a a n d a a
w a n g a l i l a l a
l i m e a n d a a
v i k i b a d i l i
k u n g a p i
w a k a n a
v i t a e u a
l e n y e w e
u n g e k w e p a
u n g a l i f a a
m k a l a l e
t u l i n u k a
u m e o n a
z i k a t a t e
u n g a l i a f i k i
t u n a f a a
l i n g e f a a
k i m e s a f i r i
i k i f a a
y a o n g e a
w a j i b u
l a b a k i
a n a b a d i l i
i n a a n d i k i z a
i n g a l i a n d i k i s h a
f u p i
t u n g a l i k a n a
m w a n u n u a
m u j e u r i
m k a t a t e
i t a n u n u a
w a o
l i l i l i p a
i n g a l i s a f i r i
w a m e b a d i l i
y a n g a l i e u a
t u k a i m b e
n i n u n u e
p e n y e w e
l i n g e o n g e a
c h a j i b u
m t a l a l a
i n g e o n g e a
n i k i a f i k i
u o t e
p u m b a v u
l i k i n u n u a
y a n g a l i l a l a
z i n g e s a f i r i
z i f a e
z i m e f a a
l i n g a l i a n d i k i z a
n i n a n u n u a
u k i o n a
l i k w e p e
i n a a f i k i
z i l i k u j a
t u k a a n d i k i s h e
z i n g a l i s a f i r i
m i b i v u
m u h e s h i m i w a
c h a b a k i
y a n a t a t a
n i n g a l i f a a
i k a a n d i k a
n i m e a m b a
w a o n g e a
m n g a l i a n d i k i s h a
u t a a f i k i
i n g e o n a
p a z e e
i l i f a a
l i n a n u k a
w a l i p a
u k i t a t a
l i t a f a a
t w a n u k a
u m e s o m a
i n a b a k i
u n a a n d i k i s h a
l i k a a n d i k i z e
u n g e s o m a
h i y o
a l i s o m a
k i l i n u k a
v i n a a f i k i
m w e m a
i k i k w e p a
u l i n u k a
y a k i f a a
u m e k w e p a
v i l i e u a
k i k a e u e
y a l i p e
i t a f a a
t u m e e u a
u k i n u k a
t u m e a n d i k i s h a
v i k a j i b u
v i f u p i
k i n g e a f i k i
a m e k w e p a
t u b a k i
w a a f i k i
z a n u n u a
i l i j i b u
l i k a n u k a
z i k a o n g e a
v y a o
w a k a k w e p e
m a z u r i
n a o n g e a
v y a j a
m l i b a k i
l i l i k u f a
h i z o
u k a j e
z a k a n a
z a j a
y a m e b a k i
n i k a l i p e
u n a j i b u
w a n g a l i s o m a
y a k a a n d i k i z a
u k a o n g e e
n i n g e b a d i l i
z a o t a
u k a e u e
i k a n u n u e
h u k a n a
u o n g e e
z i k a t a t a
k i k i f a
w a a m b a
z i k i a n d i k i z a
m u v i v u
v i m e t a t a
u k i a f i k i
u n g a l i a n d a a
u n g e a f i k i
l i k a a m b e
k u j i n g a
k u k a n a
t u l i e u a
v i k a e u a
l i k a j a
k i k a s a f i r i
n i n g a l i s o m a
m k a j a
u n g e k a n a
i a n d i k i z e
u l i k u f a
u k a t a t a
w a a n d i k a
t u j i b u
i n g e s a f i r i
u k a a f i k i
z i k a a m b e
i f e
z i t a b a k i
v i v u
t u n a o n g e a
a t a a f i k i
t u k a a m b e
u n g e a n d a a
u k i l i p a
a l i t a t a
l i n g a l i o t a
w a n g a l i e u a
i k i b a k i
z i n a f a
u t a k w e p a
z i k a e u a
i t a a n d a a
v i i m b e
v i n a o t a
u l i o n g e a
u n g a l i a n d i k i s h a
m l i b a d i l i
u k i j a
v i k a o n e
m l i n u k a
n a l i p a
k i k i f a a
l i o n g e e
v y a j i b u
w a m e p e n d a
m u j i n g a
k i n a k u j a
z i n a s a f i r i
u k a a n d i k i s h a
u k i t a t a
y a n a s a f i r i
t u n a t a t a
m n a l i p a
y a n u k a
i k i n u n u a
i m e k u j a
j e p e s i
u e u e
u n g e j i b u
h a o
i k a b a d i l i
i k a k a n a
n i l i a n d a a
a s a f i r i
t u n g a l i a n d a a
y a n g a l i p e n d a
u n g a l i a m b a
i k a f a e
h u k w e p a
z i t a s o m a
w a k i t a t a
k i k a s a f i r i
y a k a i m b e
u t a k u f a
a k a e u e
z i k i i m b a
n i l i k w e p a
z i n a j i b u
u a n d i k i z e
l i k i k a n a
i l i k w e p a
w a k a a m b a
u l i o n a
n i s o m e
n i k i o n a
l i m e a m b a
i n g e n u n u a
i k a b a k i
v i k a a n d i k i z a
u n a s a f i r i
n i n g a l i b a d i l i
u n g e n u k a
u k i a n d i k i z a
v i k a n u n u e
y a n g e n u k a
u n g e p e n d a
a k i a n d i k i s h a
m n g a l i o n g e a
m k i k a n a
i m e k u j a
l i k a j i b u
u n g e o n g e a
k i n g e k w i m b a
w a n g a l i a n d i k i s h a
z i n g e p e n d a
u t a e u a
i t a o t a
w a n u n u a
v i t a k u f a
y a s o m e
y a m e a n d i k a
u k i t a t a
u k a f a e
t u k a a f i k i
v i k a n e
n i l i k a n a
m k i l i p a
t u n g a l i n u k a
h e s h i m i w a
n j i n g a
l i n g a l i a f i k i
w e n g i n e
k i a n d a e
k i k a t a t a
w a n u n u a
z i s a f i r i
a t a t a
m k a f a e
z a a n d i k i s h a
v i n a j a
v i n g a l i l a l a
z i m e a n d i k a
i k a i m b a
i n a s a f i r i
t u n g a l i l i p a
m m e f a a
y a a m b a
i n g e k w i m b a
p a j e u r i
u l i e u a
a l i k u j a
z i n g a l i o t a
m k i o n g e a
v i h e s h i m i w a
z i k a e u a
k i m e a n d i k i z a
n i t a k w e p a
m k i f a a
u n g a l i e u a
z i m e o t a
l i n g e o n a
c h a a n d i k i s h a
z i m e b a d i l i
u m e s a f i r i
w a b a d i l i
a n g e a n d a a
w a n a a n d i k i s h a
v i b a k i
n a p e n d a
a b a k i
a n g e k w i m b a
c h a f u
u k a k a n e
z i a n d i k i s h e
y a b a k i
m t a s a f i r i
z i k i k a n a
a k i t a t a
v i n g a l i k u j a
t u k a a n d i k i z a
i n g e o t a
t u m e b a d i l i
m w a j i b u
a n g a l i l i p a
n a s a f i r i
w a k a a n d i k i s h e
z i k i s a f i r i
z i t a a n d i k a
k i k a b a k i
y a a n d i k i z a
u n u n u e
k u b a k i
m n a p e n d a
h u a m b a
i n g e j i b u
u l i s a f i r i
n i n a k a n a
m i z e e
k u a n d i k a
t u n g e f a a
m n g e n u n u a
u k a b a k i
i k a k w e p a
y a k a i m b a
u n a a n d a a
z i n g e a n d i k i s h a
p a j i n g a
u n g e l i p a
u n g e s a f i r i
v i k i p e n d a
v i m e j i b u
v y a k a n a
m k a a n d i k a
w a n a a f i k i
m m o j a w a p o
u k a k a n e
w a l a l a
a f a
t w a o t a
z i n a p e n d a
z i l i a f i k i
w a t a s o m a
u k a n u k a
y a n g e s a f i r i
k i m e k a n a
n i l i a m b a
l i n g e b a d i l i
i m e k u f a
y a k a b a k i
w a k a n a
y a n g a l i b a k i
a n g e p e n d a
k i m e a n d i k a
m u b o v u
w a n g e n u n u a
h e s h i m i w a
m l i e u a
k i m e n u n u a
u k a o n e
u n g a l i o n g e a
v i k i a n d i k i z a
t u n g e j i b u
u n a a n d i k a
n a s o m a
w a k a j a
c h a t a t a
h u l i p a
h u k o
t u k a a n d i k e
u k a b a k i
a t a b a d i l i
k w e u p e
w a k w e p a
u n a k w i m b a
y a f a a
y a k i a n d i k a
y a o
m w e p e s i
w a m e t a t a
z i k a f a e
k i n g e k a n a
i t a t a t a
u n g e o n g e a
l a l i p a
m i b a y a
z i k a f a
m k a a n d i k i z a
v i l i t a t a
m n g e j i b u
l a i m b a
l i k a t a t e
n i k a s a f i r i
t u n g e o n a
u n g a l i p e n d a
z i k a t a t a
u k a o n g e a
t u n g e l i p a
y a n g a l i k w e p a
z i m e n u k a
t u n g a l i o t a
u n g e k w i m b a
w a p u m b a v u
i t a e u a
m n g a l i a m b a
m u c h a c h e
p a z i t o
y a n g e k w i m b a
a m e a m b a
k i n g e o n a
u t a k w e p a
y a t a n u n u a
u k a o t a
t u n g e a n d i k i z a
k i t a b a d i l i
m a n g a p i
u m e a n d a a
w a k i a m b a
y a l i k u f a
n i n a a m b a
a a m b e
l i n g a l i s a f i r i
u n a k w i m b a
w a f a a
z i n g e a n d a a
w a n g e k a n a
m n g a l i l a l a
l i n a e u a
c h a f u
l i k a a n d i k a
z i l a l e
k u n u n u a
v i n a t a t a
y a n g a l i k w i m b a
u n g a l i o t a
z a o n a
a n a a n d i k i s h a
m b a d i l i
t u k a f e
y a n a o n a
t u k a p e n d e
a k a k a n e
z i l i j i b u
z i e u e
t u l i k a n a
w a m e s a f i r i
w a o t e
k w e m a
l a a n d i k i s h a
z i m e o n g e a
i n g a l i f a a
w a a n d a a
w a k a k a n e
w a k a e u e
u t a f a a
w a l i t a t a
u k a n u k a
u k i a n d i k a
i k a p e n d a
a k a e u a
i n g e p e n d a
i k i s o m a
z a n u k a
m w a o
m j i n g a
v y a a n d i k a
a l i a n d i k i z a
y a s a f i r i
w a m e a n d i k i z a
a k a a f i k i
n i n a b a d i l i
z i k i j i b u
l i k i a f i k i
n i m e a n d i k a
l i k a i m b e
k i p e n d e
i k a f a a
u n g e o n g e a
u t a k a n a
i m e a n d i k i z a
m w e n y e w e
h u t a t a
y a k i j i b u
k i n a a n d a a
n i k i f a a
t u t a p e n d a
z i n g e n u k a
k i k a t a t e
a t a k w i m b a
i t a p e n d a
t u n g e n u k a
p e n g i n e
w a a n d i k e
t u l i o n g e a
i k i k a n a
n i n g a l i a n d i k a
i k i t a t a
i k a a n d a e
y a n a k a n a
u k a a f i k i
l i m e k u f a
t u n g a l i b a k i
i k i n u k a
u m e a m b a
z a s a f i r i
z a l i p a
y a f a
u n g a l i o n g e a
k i k a n u k e
m k a s a f i r i
w a v i v u
t u k a f a
p a z u r i
v i j e u r i
w a s a f i r i
z i n g e a m b a
m k a p e n d e
k i l i f a a
i k i j a
y a l i s a f i r i
y a n g a l i n u n u a
t u n a n u n u a
v i m e a n d i k a
k i k a a n d i k i z e
u j e
m n g a l i p e n d a
u n g e k a n a
z i t a t a t a
u n a k u j a
z i t a n u n u a
u l i l i p a
m n g a l i f a a
t u n g a l i j i b u
y a m e a n d i k i z a
l i k a a n d a e
z i l i b a k i
m h e s h i m i w a
m n g e b a k i
z i n g e p e n d a
i n g e f a a
w a t a j i b u
i j i b u
z i k a a n d i k a
u m e a n d a a
z i k i k w e p a
z i t a a n d i k i z a
t u k a l i p e
a t a j i b u
i l i o n a
l i n g a l i b a d i l i
u n a s o m a
n i n g a l i o t a
v i l i s a f i r i
z i l i l a l a
i n g a l i k u j a
k w e n y e w e
t u k i t a t a
u k a n u n u e
w a k a i m b e
u n a a n d i k i s h a
w a k a l a l a
k i n g a l i a f i k i
y a j a
w a n g a l i s a f i r i
k i k a a f i k i
k i k a b a d i l i
v i n g a l i k u f a
u l i a m b a
v i k i o n g e a
n a l a l a
m a b a y a
i n g e a n d a a
v i l i b a d i l i
u k a a n d i k i z e
u a m b e
k i n g e a n d i k a
z i l i s o m a
a n g a l i o n a
z i n a l a l a
k i k a p e n d e
v i a m b e
m n g e s o m a
t u o n e
i n a k w e p a
k u b o v u
w a n g a l i o n g e a
u k a l a l e
a t a s a f i r i
l i k a o n g e a
w a j i b u
l i n a k w e p a
m l i k u j a
i n a l a l a
z i n g a l i n u k a
t u k i s o m a
z a j a
l i m e n u n u a
v i t a a n d i k i s h a
t u n g a l i n u n u a
z i k a b a k i
z i l i o n a
u m e s o m a
w a l i o n g e a
u l i l a l a
v i k i f a a
z i n g e l a l a
v i p e n d e
i n g e p e n d a
u n g e a n d i k i s h a
a m e l i p a
i k a k w e p e
i m e s o m a
y a t a a n d a a
i k i o n a
z i k a i m b a
w a t a k u f a
u t a a f i k i
z i t a o n g e a
u m e o n g e a
w a t a a n d i k a
n i k i t a t a
z i k a k w e p a
u n g e b a k i
u k i s a f i r i
z i k a a f i k i
m a n d i k i z e
n i k i j i b u
z i t o
l i k a f e
p e u p e
i k a o n e
y a f a a
u l a l e
z i p e n d e
i k a f a
z i n g a l i a m b a
k w e p e
w a t a b a k i
l i m e s o m a
u m e b a k i
w a n g e a n d i k i s h a
k u z i t o
i k a b a k i
u n g e t a t a
a n g e b a d i l i
u k a a n d a a
n i l i k w i m b a
i p e n d e
n i t a n u k a
h i c h o
n i n a k u j a
u t a k u j a
m p u m b a v u
z i t a o n a
u k a k a n e
t u k i j i b u
i k a f a e
z i t a k u f a
m k a a n d a a
u k a l i p e
a n g e s a f i r i
i t a k w i m b a
w a l i l i p a
y a n g e b a d i l i
i l i s a f i r i
u l i o t a
u n g a l i a n d i k i z a
c h a o n g e a
t u n u n u e
u n g a l i b a d i l i
u n g a l i l a l a
z i l i k a n a
a t a a n d i k a
y a k i o n a
y a e u a
w a n u k a
p a f u p i
w a l i a m b a
n i n a e u a
u l i f a a
z i k i l a l a
a t a e u a
a k a a n d a a
i t a a n d a a
v i m e k u j a
l i n g e j i b u
u k a o n a
a s o m e
w a n a l a l a
w a l a l e
v i n a o n a
u l i k a n a
z i k a j e
v i k i s a f i r i
v i n a s a f i r i
l i n g e k u j a
m n a f a a
a l i p e n d a
m n g a l i s a f i r i
i n a a n d i k i z a
w a f a
i t a n u k a
z i t a t e
z i n a j a
t u l i s o m a
u k i o n g e a
y a t a k u f a
z i k a a m b a
z i k a b a d i l i
z i n g e k u f a
z i n g a l i a f i k i
u m e o n g e a
p a c h a f u
v i n g e l i p a
z i j e
m a n d a e
k u s o m a
k i t a j i b u
y a m e t a t a
t u p e n d e
z i l i p e
w a f a a
a k a s a f i r i
n i l i l a l a
y a m e o n g e a
v i g o n j w a
w a k i a n d i k a
u k i l i p a
i k a o t e
n i n g a l i a n d i k i z a
a l i l i p a
h u a m b a
u n a e u a
z i k a o t e
w a l i p e n d a
v i l i p e n d a
w a l i a f i k i
k i k w e p e
k u b o v u
z i l i a n d i k i s h a
k i k a j a
k i k i o t a
z i n g e k u j a
k u v i v u
w a t a t a
u k a n u n u a
z i n g a l i b a d i l i
y a l i a n d a a
w a a n d a a
k u a n d i k i s h a
n i n g e a f i k i
z i a n d i k i s h e
a i m b a
p a t u p u
a k a b a k i
u o n e
u k a s o m e
k i l i e u a
y a b a d i l i
t u k a b a d i l i
u m e e u a
l i a f i k i
i k a j i b u
m e n g i n e
i n g e a m b a
a k i k w e p a
i n g e b a d i l i
y a n g a l i k u j a
k i n a f a a
l i k a s o m a
w a n g e o t a
k i k a a m b e
m t a n u n u a
u n a j i b u
l i m e a n d i k i s h a
l i t a n u n u a
u k a j e
k u h e s h i m i w a
i n g a l i a n d i k i s h a
u n g a l i k w e p a
y a k a b a d i l i
z a a n d i k i z a
t u k i e u a
y a k w e p e
m l i k w e p a
v i k a a n d a a
u l i a n d i k i z a
c h a p e n d a
i k a b a k i
l i l i o n a
v i l i a f i k i
l i k a p e n d a
z i l i p e n d a
u k i a n d i k i s h a
f u p i
u k a t a t e
u n g e p e n d a
m a p u m b a v u
m w a a n d i k i z a
p a b o v u
u k a n u k e
u t a n u k a
u n g a l i s a f i r i
p a z i t o
t u k a n e
t u t a o n g e a
z i l i p e
t u o t e
n z u r i
a n a s o m a
u k a a n d a e
z i m e k w e p a
u l i e u a
u k i f a
m s o m e
u n g a l i a m b a
k i t a e u a
u n g e t a t a
t u n g a l i o n a
u n a s a f i r i
z i k i n u n u a
w a k i s a f i r i
u k i s a f i r i
u n a a n d i k i z a
i n g e a n d i k i s h a
z a a m b a
n i n a o n g e a
i t a a n d i k a
z a a n d i k i z a
u n a a n d i k i z a
a k i k a n a
a l i o n g e a
v y a a n d i k i s h a
m k a a f i k i
m l i a n d i k a
m n a b a k i
v i m e a n d i k i s h a
z e e
l i m e f a a
i k i j i b u
v i a n d a e
m b o v u
n j i n g a
w a k a s o m a
k i n g e j i b u
u n g e e u a
z i n g e l a l a
i m e t a t a
i k i a m b a
a m e k u j a
w a k w e p a
p a v i v u
i k a k a n e
k i n a e u a
w a k a j i b u
u t a k u f a
w a n u k e
i k a a m b a
u l i b a k i
i s o m e
n i o t e
z i l i t a t a
u k a s a f i r i
z i k a b a k i
k i n a a n d i k a
m n a a n d i k i s h a
t u k i k a n a
u l i a n d a a
n i t a l a l a
n i k a f a a
u a n d i k e
z i n g a l i k w e p a
y a l a l e
i k a n u k e
m k i a f i k i
u a f i k i
m k i o t a
m k a a n d i k i s h e
w a l i p a
u m e o n a
z i n g a l i n u k a
c h a k w e p a
w a n g a l i o n a
n i t a o t a
v i l a l e
m a c h a f u
h u n u k a
k i m e a n d a a
m m e l i p a
i k a s o m e
u n u n u e
u m e o n g e a
l i e u e
l i k a o t a
z i k a b a d i l i
z a o
w a l i a n d a a
z i t a a m b a
m k i l a l a
v i t a n u n u a
m e p e s i
i k i s a f i r i
u n a o t a
t u n a o n a
z i m e o n a
w a n g e b a d i l i
v i m e l i p a
t u k i o n a
p a c h a f u
y a m e n u n u a
n i t a s o m a
y a k a k a n e
v i m e o n g e a
i n g e l i p a
l i a m b e
z i n u k e
u n g e o n a
v i k a a n d i k e
l i l i k w e p a
n i l i o n a
a k a a n d i k i s h e
t u k a k w e p a
m w a p e n d a
u s o m e
j i n g a
u m e a n d i k i z a
u t a a n d i k i z a
w a s o m a
z i m e s o m a
y a m e k u f a
a l i o n a
v i b a y a
m k a l a l a
v i k i j a
n i k a s o m a
u t a k u f a
v i n a n u k a
a n g e e u a
u k a n e
w a n u n u e
k i n g a l i n u k a
u k i a n d i k i z a
n i t a a n d a a
t u k a a n d i k i s h a
k u l i p a
z i n g a l i j i b u
z i m e k w i m b a
i p e n d e
w a k a f a e
y a n g a l i n u k a
n j e m a
m m e o t a
i n g a l i a f i k i
y a k a o n a
t u n g a l i t a t a
v i o n g e e
u k a o n e
v i k a o n g e e
y a n g a l i a n d i k i s h a
n i n g e l i p a
k i n g e k w e p a
z i n g a l i l i p a
h u f a
w a n g a l i j i b u
h e s h i m i w a
z i n a f a
u k i i m b a
u k w e p e
z i n g a l i k u f a
t u b a d i l i
n i n g a l i e u a
v i l i a m b a
i l i n u n u a
t u o n g e e
y a s o m a
w a k a a f i k i
w a t a a n d i k i s h a
w a n g a l i n u n u a
h u j a
u t a o t a
u t a p e n d a
v y a n u n u a
m n g a l i n u k a
k i k a o n e
i n a j i b u
v i n a s o m a
z i n a k w e p a
t u m e a n d i k a
z i k a l a l a
u n g e k a n a
z i n a o t a
y a a m b a
y a n u k a
m n g a l i k u j a
z i k a n u n u a
p e n y e w e
n i n g e e u a
n y i n g i n e
l i k i j a
w a n u k a
y a n g e p e n d a
a k a t a t e
u k i p e n d a
z i e u e
w a l i n u n u a
u l i n u n u a
v i n g e s a f i r i
u p e n d e
i l i t a t a
w a k a n u k a
n i n g e o n a
u f e
z i n g a l i o t a
w a n g e p e n d a
u t a k w i m b a
v i n g a l i s o m a
y a m e k a n a
w a n a b a d i l i
v i b a d i l i
t u n a f a
v y a o n g e a
t u m e s a f i r i
k u c h a f u
u n g e s a f i r i
u i m b e
u k i a n d a a
y a o n g e a
z i n g e o n g e a
z i n g e a n d a a
w a b a d i l i
z i k i i m b a
u n g a l i j i b u
z i l i f a a
m t a k a n a
u k a a n d i k i s h e
w a k a l i p a
w a l i k u f a
w a m e l i p a
w a k a i m b a
n i k a i m b a
m i c h a c h e
v i n g e s o m a
u p e n d e
u k a n u n u a
k i t a p e n d a
i n g a l i a n d i k a
n i m e k u f a
v i k a s a f i r i
w a t a t a
h e s h i m i w a
v y e u p e
l i t a a m b a
l i n g e a m b a
v i k a l a l a
z i n g e j i b u
i m e a n d a a
k i n a s a f i r i
m k i e u a
i a n d a e
u n g e a n d i k i s h a
z i k a a n d i k a
u k w e p e
y a k a n u n u a
n i k i a n d i k i z a
l i k a l i p e
n i n a a n d i k a
w a j a
a n a s a f i r i
v i n a n u n u a
n i a m b e
n i k a o n a
n i t a b a d i l i
n y i n g i n e
m m e n u n u a
k i m e s o m a
y a n u n u a
u t a t e
u n g a l i a f i k i
a k a j e
w a k w e p e
l i k i l i p a
m a b i v u
i t a l i p a
z i k a k a n e
u k a f a a
v i t a l i p a
k u g o n j w a
u k i a n d i k i s h a
l a j i b u
w a m e k u j a
u n g a l i b a k i
u t a t a t a
v i k a b a k i
u n a b a d i l i
z i o t e
u n g e k u j a
m k a a m b a
m n a n u k a
l i b a k i
a m e k w i m b a
i k a e u e
a m e k u f a
k i n g a l i a n d i k a
m i n g i n e
w a k i l i p a
w a b a k i
z i n g e k w e p a
l i k i a n d i k a
z i n g e k a n a
l i m e o n g e a
w a o t a
i k a s o m a
t u f a e
v i t a b a d i l i
u k a i m b e
n i b a k i
m k a o t a
u k a t a t a
z a f a
l i k a k a n a
u t a l i p a
i l i a m b a
u n g a l i s o m a
u m e b a k i
u n a n u k a
v i k a s o m e
k i j i n g a
z i b a d i l i
n z e e
j i n g i n e
k u g o n j w a
t u n g e k w i m b a
y a k a a n d i k a
m u c h a f u
n i n a k w i m b a
u l i b a d i l i
z i k i a n d a a
v i n a k a n a
i n g a l i j i b u
a m e n u k a
z i n g a l i k a n a
a n g a l i k w e p a
u l i a n d i k i s h a
u k i a n d i k i s h a
z i l i a n d i k a
y a k i o t a
u k i s o m a
l i n g a l i f a a
i n a f a a
u n g e a m b a
z a n u n u a
y a m e l i p a
u k a a m b e
m m o j a w a p o
a k a o n a
t u t a b a d i l i
w a f a
y a b a k i
t w i m b e
k i n a s o m a
z i k a s a f i r i
u t a o t a
y a k a b a d i l i
n i k a o n g e a
y a k w e p a
u k i o n a
z i n g e b a d i l i
t w a n u n u a
i b a k i
v i k a o n g e a
u k i o t a
z i m e k a n a
m n a k w e p a
n i m e s a f i r i
y a k a f e
k u m o j a w a p o
i k i p e n d a
a n g a l i k u j a
i n a l i p a
k i n g a l i o n a
u k a n u n u e
l i n g e k w e p a
v y e p e s i
i l i k w i m b a
y a j a
w a k a o n g e e
i t a f a a
u k a a n d i k i s h e
i t a o n a
w a m e n u k a
m l i a m b a
u k i o n a
y a n g a l i f a a
z i t a k a n a
m i g o n j w a
i m e o n a
w a o n a
u k a i m b a
y a j i b u
w a o n e
l a k w e p a
v i t a a f i k i
i k a k a n e
n i k a s a f i r i
t u k a j e
z a o n g e a
l i k i n u k a
y a n g a l i o n a
m w e m a
u k a a m b a
c h e n y e w e
u k a k w e p e
u l i k a n a
z i n a a n d a a
u m e o t a
k u l e
z i n a o n a
i o t e
u l i t a t a
l i l i l a l a
t u t a k u j a
t u n g a l i k w e p a
n i k a j i b u
w a c h a c h e
a n a p e n d a
a k i f a
k i m e l a l a
k i s a f i r i
w a n g a l i l i p a
h u n u k a
u l i a n d i k i s h a
n a b a k i
k i k a e u a
y a n u k a
l i n g a l i s o m a
v i n g a l i k w e p a
u m e b a k i
w a n u k a
k w i n g i n e
i l i o n g e a
i t a k u f a
u k i k w e p a
v i n g a l i f a a
i k a a m b a
z i k a p e n d e
k i k i j a
y a k a n u k a
m j e u r i
t u m e l a l a
y a n g e k w e p a
u t a l i p a
z a e u a
i k i a f i k i
m o j a w a p o
y a n u k e
u b a d i l i
z i l i l i p a
h u j a
y a o
z i k a a n d a e
h u o
t u n a i m b a
u n g e t a t a
k i l i j i b u
h u e u a
i k i a n d i k i z a
u k a k w e p e
z i t a a n d i k a
u t a a n d i k a
t u n a a n d i k a
u k a a n d a e
l i m e n u k a
z a k a n a
k i n g e s o m a
m k i i m b a
i k a e u a
y a a f i k i
u k a s o m a
t u k i b a d i l i
i n g e k w i m b a
l i f e
k i t a k u j a
m i c h a f u
a l i e u a
m b i v u
l i t a j i b u
l i n a k u j a
t u p u
u m e k a n a
l i l i n u n u a
u l i n u k a
k i n a a m b a
i t a t a t a
t u n g a l i k u f a
v i k a n u k e
m n g a l i k w e p a
n a o t a
u n g e b a d i l i
z i m e p e n d a
i n g a l i o n g e a
t u t a a n d i k a
l i l i a n d i k i s h a
i n g a l i f a a
i n g a l i t a t a
i n g a l i a n d i k i z a
n i k a o t e
n i m e k a n a
m k a b a d i l i
t u t a j i b u
u k i o t a
z i n g a l i b a d i l i
k i n g a l i k u f a
w a e u a
w a k a f a a
a n g e s o m a
z i k a n u n u e
w a k i j i b u
n i k a s o m e
t u n a a n d a a
u m e t a t a
z i t a e u a
w a j i b u
w a k a j e
y a n a a m b a
k u o t a
m i n g a p i
z i m e a m b a
i n g e a n d a a
m l i p e
t u k i i m b a
i l i l i p a
a m e j i b u
z i m e f a a
y a n g e a n d a a
p a b a y a
i k a t a t e
c h a n u n u a
u n g a l i f a a
m m e o n a
z i k a a n d i k e
i l i o n a
m t a b a d i l i
u n g a l i b a k i
i t a l a l a
z i k a a f i k i
i k i j i b u
k u j i b u
u k a i m b a
w a k i j a
v i n a e u a
z i i m b e
u n g e a n d a a
n i k a o n e
y a k i b a d i l i
k i n g a l i t a t a
z i t a k w i m b a
t u l i a n d i k i s h a
u o n g e e
a a n d a e
i n g e a n d i k a
i m e l i p a
l i k a l a l e
u n g e p e n d a
z i m e a f i k i
m n g a l i e u a
l i k i a n d i k i z a
n i n g a l i k u j a
u l i l a l a
z i k a b a d i l i
u n g a l i a n d i k i s h a
l i k a o n e
t u n g e e u a
l i n g e b a k i
w a k a o n a
v i k i n u n u a
z i n g e s o m a
u k i f a a
w a a n d i k i s h a
w a n g a l i a n d a a
u b a d i l i
i k i b a k i
t u n g e a n d i k i s h a
u n a o n g e a
k i l i p e n d a
n i e u e
i k a f e
k u z i t o
w e n y e w e
w a n a j i b u
l i n g e a n d i k i s h a
n i n g a l i j i b u
n i t a k w i m b a
u i m b e
i l i a m b a
v i n u k e
w a k a a n d a e
a k a i m b a
u t a f a a
k w a m b a
u t a j i b u
m n a t a t a
z i n a a f i k i
w a t u p u
z i n g a l i l a l a
p a b i v u
l i l i k a n a
l i t a o t a
u k a p e n d e
w a n g e a m b a
l i k i a n d a a
n z u r i
i m e t a t a
w a p e n d a
y a k a j e
w a e u a
t u m e l i p a
n i n g e k u f a
z i n g e k u f a
u n a l i p a
a n g a l i o n g e a
t u k a n u k a
t w a t a t a
z i m e k u j a
y a a n d i k i z e
z i n g a l i o n a
n i n g a l i n u k a
w a m e o t a
i m e k w i m b a
z a a n d i k a
u k a p e n d a
m l i j i b u
l i m e k w e p a
y a k a s o m a
t u n g a l i b a d i l i
n a i m b a
z i n a e u a
a t a p e n d a
t u l i f a a
l i n g e s o m a
u k i e u a
z i l i e u a
z i k a n u k a
k i n a k u f a
t u k a o n g e a
a m e a n d i k i s h a
w a o n a
k w e n y e w e
z i o t e
u n g a l i l a l a
m z e e
k i z e e
v y a a n d a a
w a l i p a
a m e e u a
k i a n d i k e
u t a a f i k i
h i l o
k i k i o n a
k i n g a l i k w e p a
u l i o n g e a
m k a i m b e
i f e
i k a s o m e
u n g e o n a
w a k i n u n u a
n i n g a l i t a t a
n z e e
i m e a n d i k i z a
y a n g a l i a n d i k a
t u k i p e n d a
i n g a l i s a f i r i
i l i n u n u a
w a k a b a d i l i
m n g a l i a n d i k i z a
i k i a f i k i
l a o t a
i k w e p e
y a n a l i p a
k i n a o t a
z i n a l a l a
v i m e s o m a
m n g a l i k a n a
c h a a n d a a
u l i k u j a
c h a s a f i r i
z i n g e k w i m b a
y a k a a n d i k e
l i k i t a t a
n i l i a f i k i
i n a s o m a
u k a a f i k i
v i n g a l i a n d a a
u k a a n d i k i z a
u k a a n d i k i s h a
t u k i f a a
i m e o n g e a
i n g a l i k a n a
h u f a a
y a l e
i n g a l i k u f a
i n g a l i l a l a
l i l i a f i k i
z i s a f i r i
u n g e b a k i
m n g a l i k w i m b a
m v i v u
m k i n u n u a
w a b a k i
z i l i a n d i k i z a
n i m e f a a
t u n g a l i k u j a
u k i j i b u
k i n a k w i m b a
i t a a n d i k i s h a
u m e s a f i r i
u n a o n a
m n a k a n a
i t a a m b a
z i l i a n d a a
u k a a f i k i
i l i a f i k i
z i k a s a f i r i
n i n a a f i k i
z i a f i k i
k i n g e b a d i l i
n i l i a n d i k i s h a
u n g a l i k a n a
z i s o m e
u t a k a n a
i n a k a n a
i k a a n d i k a
n i t a b a k i
a k a n u n u a
z i n g a l i n u n u a
m b i v u
h u j i b u
m u z i t o
u n u k e
l i n g e a f i k i
m b a y a
a n g a l i b a d i l i
h u o n g e a
u n g e a n d i k a
m b o v u
v i k a j i b u
i k a j i b u
y a m e a n d i k i s h a
a k i a f i k i
n i k a f a
l i k a e u a
z i n g e f a a
l i t a l i p a
y a n a o n g e a
u m e k a n a
v i t a l a l a
w a n g a l i a m b a
u n g a l i k u j a
w e m a
v i k a p e n d a
n a b a d i l i
y a k a n a
u k i b a k i
u s a f i r i
v i t a t e
z i n g a l i k w e p a
l a a n d i k i z a
v i b o v u
h u l a l a
h i z o
n i m e k w i m b a
a k a f a
t u k a s o m e
v i k a a f i k i
m n g a l i a n d a a
l i n u n u e
m f e
l i n g a l i k w i m b a
i l i p e
n i k i j a
w a l i o n a
w a s a f i r i
m p e n d e
u k i s o m a
u k i a m b a
p a p u m b a v u
a m e o t a
w a h e s h i m i w a
p a v i v u
z i j e
v i k a o t e
u k i a n d a a
n i k a n u k e
w a a m b a
m b a k i
z i f e
z a a f i k i
i t a o n g e a
z i n a a n d i k i s h a
n i m e k u j a
h u s a f i r i
n i m e o n g e a
l i l i o n g e a
i n a k w i m b a
u n g a l i k u j a
w a m e b a k i
u n a l i p a
m w i n g i n e
n i n g a l i k a n a
i t a k w e p a
l i k a p e n d e
a k a n u k e
u t a s o m a
m k i a m b a
u m e k a n a
i n a n u n u a
k i m e f a a
z i l a l e
k i n g e s a f i r i
i n g e a f i k i
u t a a n d a a
u k a p e n d a
a a n d i k i z e
u m e k u f a
v i l i a n d i k a
n i l i f a a
k i m e a m b a
u n g e o n a
a o t a
z i l i a n d i k a
w a b o v u
w a n g a l i t a t a
m w a a f i k i
z i n g a l i n u n u a
n i k a a n d i k i z e
h u l a l a
c h a l a l a
u n a t a t a
y a l i l a l a
u k a n u k e
v i n a b a k i
w a n a k w e p a
u l i t a t a
u k a b a k i
l i t a k w i m b a
k i a f i k i
l i m e o n a
l i n a o t a
i k a j e
y a s a f i r i
m w a l a l a
y a k a s a f i r i
k i b i v u
w a t a t a
a n a n u n u a
h u p e n d a
p a b o v u
w a k a l i p e
u k i i m b a
l i n u k e
w a k a f a
l i l i n u k a
z i n g e a n d i k i z a
i m e e u a
z i m e a n d i k i s h a
i k i o n a
l i k a b a k i
i t a b a k i
z i k i a n d i k a
u n g a l i a n d a a
n i t a k u j a
i n a o n g e a
w a a n d i k i s h e
u n a a n d a a
v i k a j a
v i m e a f i k i
i k a o n g e a
u n g e j i b u
u n g e b a d i l i
u k i b a k i
t u m e k w i m b a
t w a b a k i
i n a o t a
y a l i a n d i k i s h a
t u l i b a k i
i k a l i p a
y a k i l i p a
z i k i a f i k i
m l i a f i k i
a n a n u k a
i l i a n d a a
l i k a a n d i k i s h e
v i l i a n d i k i s h a
i n g a l i s o m a
n i k a p e n d a
u n g a l i n u n u a
k i j i b u
m n g a l i a n d i k a
v i k a t a t a
k i k a f a a
i i m b e
h u b a d i l i
t u n g a l i a m b a
u k i o t a
m k a f a
i n g e l a l a
u t a o t a
z i n g e a n d i k i z a
a k i s a f i r i
u l i a n d i k a
t w a a n d i k i z a
a n a l a l a
z i n g a l i f a a
w a l i k a n a
m m e t a t a
z i b a k i
u t a t e
k i k a f a
u n g e n u k a
h i v y o
n i l i e u a
t u n g e o n g e a
v i k i s o m a
t u k i a m b a
w a n g a l i a n d i k i z a
m w a o t a
i n g e n u k a
y a k i i m b a
y a l i a m b a
z i n a a n d a a
u n a p e n d a
z i n g a l i t a t a
u k i k w e p a
l i n g e a n d a a
a a n d i k i z a
k i m e a f i k i
v i n g a l i b a d i l i
v i n g e p e n d a
z a k w e p a
u k a k w e p a
n i t a a f i k i
i k a f e
v i n g e k u j a
u n a f a a
a k i a n d a a
u k a l a l a
w a n u n u a
a a n d i k e
m k a k w e p a
l i t a b a d i l i
i k i l a l a
m w e m a
i n g a l i l i p a
y a m e o n a
l i n a k a n a
m l i f a a
u t a j i b u
m u m o j a w a p o
u n g e a n d i k i z a
k i t a k u f a
w a n g e s a f i r i
u n g e l i p a
t u s a f i r i
u n a b a k i
i n a s a f i r i
w a n g e s o m a
m k a a n d i k e
v i t a k w e p a
u k i j a
l i k i a m b a
u m e a m b a
w a t a t a t a
y a m e s o m a
u n a f a a
n y e p e s i
k i a m b e
k i t a a n d i k i z a
w a e u a
u n g a l i f a a
k i k i p e n d a
z i k a l i p e
z i n a a n d i k a
l a f a
a p e n d a
z i t a f a a
u t a a n d i k i s h a
w a n g e k u j a
v i t a s o m a
y a b a d i l i
k w e p e
z a t a t a
y a a n d a a
z i k i n u n u a
y a a n d a a
u m e a f i k i
z i m e a n d i k i s h a
y a a n d i k a
a k a o n g e a
n i m e p e n d a
w a m e a m b a
i n g e s o m a
a k a n a
w a j e
y e n y e w e
i n g e k a n a
n i k a j a
a k a l i p a
z i n a b a k i
l i n g a l i k u j a
u m e n u k a
t u t a k w e p a
z i k a o n e
t u p u
t u m e t a t a
v i n a a n d i k a
t u n g a l i a n d i k a
m k a b a d i l i
v i l i b a k i
k i l i s o m a
l a p e n d a
z i n g a l i e u a
y a n g e a m b a
z i n g a l i t a t a
i l i o n g e a
w a k i a f i k i
i n g e s o m a
m u g o n j w a
a l a l a
v i k a a n d i k i z e
u n a a n d i k i z a
m l i o n g e a
l i k a s a f i r i
v i t a s a f i r i
z i t a a n d a a
n i n g e a n d a a
z i n g e k a n a
z i k a a n d i k i s h e
w a t a t a
m n g e a n d i k a
u k a j i b u
i n g a l i e u a
u n g a l i k w i m b a
v i n g a l i o n a
v i k i f a
u n g e n u n u a
k i k i i m b a
z i k i f a
z i k a o t a
l i k a t a t a
y a t a a n d i k i s h a
y a k a l i p e
y a k i o n g e a
z i k i n u k a
v y a o t a
c h a o n a
i n g a l i s o m a
t u t a n u k a
w a o
w a s a f i r i
a m e n u n u a
m a f i k i
k i k a p e n d a
z i n a k a n a
k i n g a l i o t a
y a l i o n a
m l a l e
t u l i p e
w a k a n u n u e
a t a a n d i k i s h a
a n g a l i a n d i k i z a
t u k a k w e p e
t u k a o n g e e
m l i l i p a
u k a j i b u
a l a l e
t w a a n d a a
v i k i a n d i k a
v i j e
k u j a
i n g a l i n u k a
a n u n u e
z a b a d i l i
n i n g e n u n u a
i k i s o m a
m k a p e n d a
z i l i a m b a
u n g e e u a
u n g a l i k u j a
n i a n d i k e
l i k a a f i k i
v i k a o n a
m y e p e s i
y a a n d i k i z a
z i l i j i b u
u n a o t a
z a s o m a
u l i k w e p a
w a l i l a l a
y a k a o n g e a
m m e e u a
u n g a l i s o m a
m g o n j w a
l i n g a l i o n g e a
w a t a a m b a
i n g a l i o n g e a
u o n g e e
a k a f e
u l i b a d i l i
v i k a p e n d e
v i n g a p i
t u n a a f i k i
k i n g e n u k a
y a o n a
y a t a k u j a
m w a k a n a
z i k a o t e
k i k i e u a
i l i s a f i r i
u n u k e
t u k a t a t a
w a n g e l i p a
n i t a s a f i r i
m w i m b e
n i n g a l i p e n d a
y a k i s a f i r i
w a l a l a
u l i k u j a
u m e a n d i k a
z i n a j i b u
v i l i o n g e a
n i n a o t a
n i n a t a t a
v i n a a n d i k i z a
i k a n u k a
z i t a a n d a a
t w a f a
p e p e s i
i k a l a l e
u t a n u n u a
i k a o t a
n i n g e p e n d a
u n a a f i k i
c h a j a
m t a a n d i k i z a
n i n a o n a
m n a o t a
z i k i a n d a a
i n a p e n d a
k i m e b a k i
y a a f i k i
u l i l i p a
u a n d i k i z e
u k i o n g e a
y a k a a f i k i
z i n g a l i s o m a
i n g a l i o t a
y a n g a l i a m b a
t u k i n u n u a
l i n g a l i l i p a
m l i a n d i k i s h a
u k a j i b u
w a f a a
z i n a a n d i k i s h a
k i l i a n d i k a
u k a b a d i l i
m w i n g i n e
a f a a
z i n a l i p a
w a a n d i k i z a
k i k a a n d a a
v i m e b a d i l i
u k a l i p a
u k a a m b e
y a o n g e e
n i l i s a f i r i
t u f e
m m e b a d i l i
a k i e u a
k i k a j i b u
z i t a a n d i k i s h a
u n g a l i e u a
n i m e b a d i l i
u k i b a d i l i
y a l i l i p a
w a k i o n g e a
u k a f e
z i n g e s o m a
u k a o n e
z i n a e u a
l i t a a n d i k i z a
m t a k u f a
n i k i a n d i k a
i k a a n d i k e
n i k w e p e
w a n g a l i b a k i
k i k a o n g e e
y a k a n a
l a o
v i s o m e
u t a a m b a
i k i i m b a
u k a j a
z i k i o n a
m n g e k w e p a
t w a a n d i k a
i n g a l i k w e p a
t u t a a f i k i
t u s o m e
n i n g e o n g e a
l i n g e l a l a
z i k a n u n u a
v i m e p e n d a
v y e n y e w e
z i k a e u e
m w a a n d i k a
k i k i s a f i r i
u n g e k w e p a
w e n y e w e
w a k i f a
m j i n g a
m k a k a n e
t u n g a l i s a f i r i
z i m e l i p a
n i t a p e n d a
i n a k u j a
m n g e k a n a
l i k a a n d i k e
k i l e
l i k a o t e
h u l i p a
u p e n d e
k i k a a n d i k a
n i k a n u k a
k u a f i k i
y a n a n u n u a
