k u m o j a w a p o
c h e n y e w e
w a n g e a n d i k i s h a
z i n g e a n d i k i s h a
t u n g e a n d i k i z a
v y e u p e
u i m b e
m m o j a w a p o
y a n g a l i a n d i k i s h a
v i m e a n d i k i s h a
l i m e a n d i k i s h a
i n g e a n d i k i s h a
n i n g a l i a n d i k i z a
v y e p e s i
m m o j a w a p o
k i n g e a n d i k a
z i n g a l i a m b a
w a t a a n d i k i s h a
w a k a a n d i k i s h e
l i n g e b a d i l i
t u n g e k w i m b a
y a n g a l i k w i m b a
t u n g a l i t a t a
y a n g e b a d i l i
u n g e a n d i k i s h a
u n g e a n d i k i s h a
w a m e a n d i k i z a
y a m e a n d i k i z a
w a n a a n d i k i s h a
v i k i a n d i k i z a
k i n g a l i a n d i k a
y a n g e k w i m b a
k i k a a n d i k i z e
z i n g e b a d i l i
y a n g a l i n u n u a
w a n g e b a d i l i
k u h e s h i m i w a
v y a a n d i k i s h a
v i t a a n d i k i s h a
n i n g a l i a n d i k a
i n g e k w i m b a
z i n g e o n g e a
w a n g a l i n u n u a
t u n g a l i n u n u a
z i n g a l i k a n a
v i n g e s a f i r i
n i n a k w i m b a
z i m e k w i m b a
a n g e k w i m b a
u n g e k w i m b a
y a n g e k w e p a
u n g a l i o n g e a
u l i a n d i k i s h a
w a n g a l i l i p a
z i n g a l i l i p a
n i t a b a d i l i
n i n a b a d i l i
z i t a a n d i k i z a
z i k a b a d i l i
l i n g a l i s a f i r i
y a n g a l i o n a
l a a n d i k i s h a
m n g a l i p e n d a
l i n g e k w e p a
z i n g e k w e p a
t u n g a l i o t a
y a n g e s a f i r i
v i n g a l i s o m a
u t a a n d i k i z a
k i n g e k w e p a
k u a n d i k i s h a
i n g e b a d i l i
z i n g a l i a f i k i
z i n g e p e n d a
z i n g a l i o t a
y a n g e p e n d a
w a n a b a d i l i
t u t a b a d i l i
m h e s h i m i w a
n i n g e a f i k i
y a a n d i k i z a
v i t a b a d i l i
z a a n d i k i z a
m n g a l i a m b a
z a a n d i k i z a
w a n g e n u n u a
m o j a w a p o
l i n g e a m b a
y a n g a l i k w e p a
u k a a n d i k i s h e
m n g e n u n u a
w a t a a n d i k a
w a n g a l i o n g e a
z i k a a n d i k a
k i n a a n d i k a
z i k a b a d i l i
k i k a b a d i l i
z i k a a n d i k a
a k a a n d i k i s h e
z i n g e a n d a a
z i m e o n g e a
z i n g e a n d a a
a n g e b a d i l i
w a n g e p e n d a
u k a a n d i k i s h e
m k a a n d i k i s h e
z i n g e k u j a
m n a a n d i k i s h a
a n g a l i k w e p a
u n g e o n g e a
l i m e n u n u a
v i m e o n g e a
m w a a n d i k i z a
y a k a b a d i l i
z i n g e a m b a
k i m e n u n u a
n i k i a n d i k i z a
n i n g a l i o t a
z i n g e n u k a
t u m e b a d i l i
z i l i a n d i k i s h a
u k i a n d i k i s h a
u k i a n d i k i s h a
u k i a n d i k i s h a
a n a a n d i k i s h a
m n g a l i l a l a
u n a a n d i k i s h a
t u n g a l i o n a
w a n g a l i s a f i r i
t u n g a l i k w e p a
z i n a k w e p a
z i n g e k u f a
v i n g e s o m a
i n a a n d i k i z a
z i n g a l i k w e p a
u n a k w i m b a
i t a k w i m b a
u n a k w i m b a
a m e k w i m b a
z i n g e k a n a
a t a k w i m b a
w a n g e k a n a
u n g e o n g e a
l i m e o n g e a
z i t a n u n u a
z i n g a l i b a d i l i
l i n a k w e p a
t u k a a n d i k i s h a
y a k i a n d i k a
w a m e s a f i r i
k i m e a n d i k a
z i n g a l i j i b u
l i n g a l i s o m a
w a k i s a f i r i
n i k a s a f i r i
y a n g a l i b a k i
k i n g a l i n u k a
u l i a n d i k i s h a
z i t a o n g e a
t u n g a l i b a k i
z i k a k w e p a
l i k a p e n d a
v i m e a n d i k a
z i k i k w e p a
n i n a o n g e a
h e s h i m i w a
y a n g a l i n u k a
w a n g a l i o n a
h e s h i m i w a
n i n g a l i e u a
i n g e a n d a a
z i m e k w e p a
n i k a s a f i r i
v i n g a l i k w e p a
a a m b e
t u l i o n g e a
n i k a o n g e a
v i n a s a f i r i
z i k a s a f i r i
u n g e s a f i r i
u n g e s a f i r i
t u t a p e n d a
t u k a a n d i k i z a
k i t a p e n d a
a n g e a n d a a
n i m e s a f i r i
z i k a n u n u a
k i n g a l i o n a
w a k a o n g e e
v i k i p e n d a
z i n a p e n d a
t u t a o n g e a
u t a k w i m b a
i n g e p e n d a
i n g e p e n d a
u n g e p e n d a
l i t a n u n u a
a n g e p e n d a
z i n a a n d a a
v i k i o n g e a
i t a a n d a a
l i m e n u k a
t u n g a l i j i b u
i n g e a m b a
l i k i n u k a
z i n g a l i n u k a
z i k a a n d a e
l i n g a l i b a d i l i
v y a a n d i k a
y a n g a l i f a a
k i n g a l i a f i k i
k i n g e j i b u
h e s h i m i w a
y a m e n u n u a
i l i k w i m b a
y a k a a n d i k a
l i k a o n g e a
z i k i n u n u a
w a l i o n g e a
u m e o n g e a
u m e o n g e a
z i n g a l i n u k a
z i l i p e n d a
k i k a p e n d e
v i t a n u n u a
u n g a l i l a l a
z i m e n u k a
y a n g a l i k u j a
u k a n u n u e
u k a n u n u e
l i n g a l i f a a
m m e n u n u a
u k a a n d a a
u k i a n d i k i z a
l i n g e j i b u
v i m e j i b u
u k a n u n u a
k i n g e k a n a
u k a n u n u a
m n g e j i b u
a n g e s a f i r i
i n g e j i b u
t u m e s a f i r i
n i k i j i b u
l i k a a n d i k a
n i n a a n d i k a
t u k a p e n d e
t u n a a n d i k a
m a p u m b a v u
y a m e k u f a
