a f a
y a o
w a f a
w a f a
y a f a
h u o
i o t e
i k i a f i k i
u f e
y a j a
y a j a
w a j a
w a f a a
z a o
v i a m b e
i t a f a a
w a o t a
w a l i k u f a
w a k a j a
y a o
v i l i t a t a
y a k a o n a
z e e
y a k i o n a
y a n a o n a
v i b a k i
k i k i j a
v i k i j a
h u f a
v i k i s a f i r i
a t a s a f i r i
v i l i a f i k i
v i l i s a f i r i
c h a t a t a
a n g a l i o n a
u n g a l i b a d i l i
u j e
u n g a l i k w e p a
i k i j i b u
u n g a l i s o m a
v i k a b a k i
v y a n u n u a
y a t a k u f a
w a t a k u f a
y a s a f i r i
m k a a n d i k i z a
u n g a l i o t a
a n g a l i l i p a
y a t a a n d a a
v i k a a n d a a
u k i a n d a a
i k i a n d i k i z a
v i l i p e n d a
k u l e
w a t a s o m a
z a f a
u n g a l i a m b a
v i k a s a f i r i
u n g a l i p e n d a
u n g a l i a n d i k i z a
h u k o
v i l i b a d i l i
m w a o
i n g a l i k u j a
u l i f a a
k i n a s a f i r i
k i t a b a d i l i
u l i o t a
i n g a l i a n d i k a
i n g a l i a n d i k i s h a
i j i b u
i k i s a f i r i
f u p i
n z e e
h u j a
h u j a
u l i b a k i
u o n e
i l i t a t a
p e u p e
m k a a f i k i
h i c h o
w a v i v u
m k i a f i k i
w a f a a
z i o t e
a l i l i p a
m i z e e
i t a l i p a
u k a l i p e
u t a l i p a
u t a l i p a
i n a l i p a
a n g a l i k u j a
z a j a
u l i t a t a
u l i k a n a
p a f u p i
l i l i o n a
u l i k a n a
u k a n e
u k a j e
z a o n g e a
i s o m e
y a f a a
y a f a a
i n a l a l a
u k a l a l e
i p e n d e
k w e p e
m k i l a l a
a l i e u a
i l i o n a
z i j e
m b o v u
u t a t e
m j i n g a
c h a f u
u s o m e
a i m b a
m k a l a l a
n j e m a
m n g a l i k u j a
i k i j a
k i l i e u a
u l i l i p a
k i l i f a a
z i l i f a a
k i l i j i b u
k u z i t o
c h a f u
u n a k u j a
p a t u p u
t w i m b e
m a b a y a
u k w e p e
a k a j e
u n g a l i b a k i
u l i a n d a a
k w e u p e
y a k a f e
n a s a f i r i
u l i e u a
i b a k i
a s o m e
a k i f a
i k a f a
k u v i v u
w a o n e
a l i o n a
l a i m b a
l a l i p a
z a l i p a
i a n d a e
w a l a l a
u k w e p e
i l i a m b a
m a b i v u
u k i f a
p a z u r i
w a o n a
p a z i t o
z i l i l i p a
p a b o v u
y a a f i k i
i n a f a a
k u n u n u a
n j i n g a
m n a f a a
z i n u k e
l a j i b u
z a e u a
t u n u n u e
w a l a l e
z i l a l e
p e n g i n e
y a e u a
w a l i p a
m a n d a e
w a t a t a
j i n g a
w a l i a n d a a
n a l a l a
w a k a n a
a k i t a t a
p a v i v u
m i c h a c h e
t u o n e
n i l i o n a
t u f a e
m l i e u a
l i k i l i p a
w a j i b u
w a k i l i p a
v i t a l i p a
z a o n a
t u k a l i p e
m e n g i n e
u a m b e
i l i n u n u a
w a o t e
z i l i p e
k w e m a
z i l i p e
n i o t e
a k i k a n a
h u l i p a
i k i k a n a
k u l i p a
t u n a f a
z i k i a n d a a
i k a f a e
l i l i k w e p a
z a k a n a
n i b a k i
n i t a l a l a
t u k i s o m a
v i k a l a l a
w a k a l a l a
z i k i l a l a
w a k a l i p a
l i k a l i p e
v i t a a f i k i
z i k a l a l a
a b a k i
k i k w e p e
t u o t e
v i l a l e
y a b a k i
y a b a k i
k u s o m a
i l i o n g e a
z a a m b a
w a l i l i p a
t u k a j e
w a n a l a l a
y a j i b u
m s o m e
z i e u e
z i e u e
n i l i k w i m b a
k i m e l a l a
w a l i t a t a
p a z i t o
n y i n g i n e
t u m e l a l a
z i l i j i b u
k i m e a n d a a
u t a f a a
u l i l a l a
