u l a l e
u k a i m b e
z i n g a l i k u f a
u n a j i b u
w a n u k a
y a l a l e
t u k a f e
k u b o v u
y a a m b a
u k i s a f i r i
u k i s a f i r i
m k a s a f i r i
m e p e s i
h u e u a
m i b a y a
l i k i j a
k u b a k i
n a b a k i
z i n a f a
i k i o n a
w a t a t a
i t a o n a
h u t a t a
u p e n d e
u k i o t a
w a b a k i
k i k a j a
i k a j i b u
i k a f a a
u t a o t a
i k a s o m e
u l i a m b a
t u k a f a
m w e m a
k i p e n d e
y a s o m a
z i k a f a
u k a f a a
u t a k u f a
a m e l i p a
m l i k u j a
m m e l i p a
i k a o n e
u t a a f i k i
m u b o v u
m u c h a f u
u k a a n d a e
u p e n d e
i p e n d e
y a n u k e
l i k a f e
u k i o n a
z i k i s a f i r i
u k i o n a
k u c h a f u
n z u r i
w a n u k a
w a n u k a
w a n u k e
u n a a n d a a
v i b a d i l i
w a l i a f i k i
l i e u e
v i k i f a a
u k i l i p a
u k a a n d a e
l i l i l a l a
z i l i t a t a
u l i b a d i l i
u b a d i l i
y a l i k u f a
n a s o m a
m w e p e s i
i k a k a n e
a t a e u a
m k i o t a
u m e o t a
u n a e u a
i t a e u a
m m e o t a
z i l i a f i k i
m k a o t a
u k a o t a
z i l i s o m a
t w a o t a
k u b o v u
m b a d i l i
u t a o t a
m i c h a f u
u n a o t a
i k a e u a
u a f i k i
w a s o m a
z i b a d i l i
a k a e u a
v i n g e l i p a
m u c h a c h e
m w a j i b u
w a k a f a e
k i k a a f i k i
y a n u k a
u k i i m b a
w a n a a f i k i
w a a n d a a
w a k a s o m a
w a a n d a a
z i l i o n a
t u k a n e
z i k a j e
u k a o n e
u m e o n a
m l i k w e p a
u k a o n e
a k a o n a
i m e o n a
u k a o n a
m k i e u a
i k a o t e
z i t a t e
i k a k a n e
i n g a l i f a a
v i o n g e e
i k a b a k i
v i b a y a
u k a s o m e
k i t a k u j a
a t a a n d i k a
u m e b a k i
a k a b a k i
m n a b a k i
u k i a n d i k a
u k a b a k i
i k a a n d a e
u k a b a k i
v i n a o n a
h u a m b a
k u a n d i k a
u t a k a n a
z i n g e l a l a
z i n g e l a l a
k i j i n g a
h u a m b a
v y a k a n a
y a l i a n d a a
w a l i a m b a
u k a a m b e
z i t o
p a c h a f u
m a c h a f u
n i k a f a a
z i n a j a
u m e e u a
z i l i b a k i
y a k a i m b a
p a j i n g a
m k a a n d a a
v i l i a m b a
l i m e f a a
h u n u k a
u k a s a f i r i
y a k i j i b u
a n a s a f i r i
v i j e u r i
u n a s a f i r i
i n g e f a a
u l i s a f i r i
i n a j i b u
m j e u r i
l i b a k i
u n u n u e
u k a n u k e
a l i o n g e a
y a k a n u k a
y a k a b a k i
z a n u k a
t u k i o n a
n i k i f a a
i l i s a f i r i
n a p e n d a
z i k a f a e
y a n u k a
m i g o n j w a
t u l i s o m a
l a k w e p a
i k a e u e
u k a i m b a
k i n a f a a
i t a t a t a
i m e k u f a
w a c h a c h e
l i k a o t a
p a c h a f u
l i a f i k i
k i k i o t a
z i l i k a n a
n i t a o t a
n i k a o n a
k u g o n j w a
m n g a l i f a a
k u g o n j w a
w a k a i m b e
v i k a s o m e
u m e a n d a a
a t a j i b u
t u k a k w e p a
y a m e l i p a
v i n g a l i k u j a
u n g e k u j a
u n g e l i p a
w a m e l i p a
v i m e l i p a
k i k a a m b e
n i n a k u j a
w a n g e o t a
l i k a i m b e
y a n a k a n a
z i l i l a l a
u k a n u k a
z i l i a n d i k a
m n a k w e p a
h u n u k a
n i l i l a l a
a l i p e n d a
m a n g a p i
v i a n d a e
u a n d i k e
w a n u n u e
u k i s o m a
a k a s a f i r i
w a k w e p a
u k a k a n e
u k a k a n e
v i k a o n g e e
w a k a e u e
a t a b a d i l i
u k a k a n e
w a k w e p e
v i m e k u j a
y a k a k a n e
u k a k w e p e
l i n a e u a
u n g e o n a
w a k a i m b a
u k a k w e p e
a k a a f i k i
a k a t a t e
j i n g i n e
i n g e l i p a
t u n a o n a
k i n g e s o m a
k i t a e u a
u t a t a t a
u n g e e u a
a n g e e u a
y a o n g e a
n y i n g i n e
u t a k u j a
a m e k u j a
w a k a j i b u
u n a s o m a
i t a k u f a
t u k a a n d i k e
i n g e o t a
a n a s o m a
y a k i o t a
a m e k u f a
t u l i k a n a
i k i t a t a
u k a t a t a
z i t a o n a
u k a s o m a
i m e t a t a
k i k a e u a
t u n a i m b a
k i n a e u a
i k a s o m a
m k a a n d i k a
v i g o n j w a
a m e n u k a
i m e s o m a
u n a b a d i l i
i k i s o m a
l i k a t a t e
i t a a n d i k a
w a t a b a k i
p e n y e w e
z a s a f i r i
m p u m b a v u
w a k a n u k a
u t a a n d i k a
t u o n g e e
m k i i m b a
m w e n y e w e
z a n u n u a
u m e b a k i
a k a k a n e
m n a n u k a
i m e a n d a a
u k a a f i k i
u n a n u k a
k i k a o n e
u t a n u k a
w a t a j i b u
i t a n u k a
u k a t a t e
i k a b a k i
u t a k u f a
n i n a e u a
u m e s o m a
z i m e o n a
z i n a o n a
m n g e b a k i
m t a k a n a
z i n a o t a
t u p e n d e
y a k w e p a
w a l i n u n u a
l i a m b e
k i k a b a k i
z i k a b a k i
t u n g e n u k a
z i k a b a k i
u k a a m b a
k i k a t a t e
u n a a n d i k a
i k a a m b a
z i n a l a l a
t w a n u n u a
i k a a m b a
z i k a k a n e
v i n a k a n a
n i l i a m b a
n i a m b e
y a b a d i l i
t u b a d i l i
w a b a d i l i
c h a o n g e a
k w e n y e w e
i k a n u k e
t u k i j i b u
m l i a m b a
t u m e a n d i k a
m k a p e n d e
n i m e a n d i k a
u k a n u k a
y a l i s a f i r i
u m e b a k i
z i p e n d e
k i t a j i b u
k i s a f i r i
t u k i e u a
w a k w e p a
w a s a f i r i
m n g a l i n u k a
y a k w e p e
m t a n u n u a
m i n g i n e
z i k a o t e
u m e a n d a a
u n u n u e
u l i n u n u a
m l i a n d i k a
m a n d i k i z e
v i n a n u n u a
a k a a n d a a
z i t a a n d i k a
z i t a a n d i k a
y a m e k a n a
t u n g e l i p a
w a k a k a n e
w a b a d i l i
t u n g e f a a
t u n a n u n u a
l i n g e k u j a
y a n u n u a
k w i n g i n e
m k a a m b a
u m e a m b a
v i p e n d e
a m e a m b a
i k i a m b a
w a m e k u j a
i k a p e n d a
u n g e t a t a
a n a p e n d a
u k i k w e p a
l i k i a n d i k a
u k i p e n d a
u n g e t a t a
i k a k w e p e
u n g e t a t a
i k i p e n d a
m n g a l i s a f i r i
u n g a l i s a f i r i
u t a p e n d a
u m e s a f i r i
v i n g a l i f a a
a l i a n d i k i z a
n i n g e l i p a
u n g e a m b a
y a m e o n g e a
t u k i b a d i l i
t u n g e o n a
w a a n d i k e
i m e a n d i k i z a
z i k a i m b a
m t a s a f i r i
u m e a n d i k i z a
z i k i i m b a
k i n g e o n a
n i t a a n d a a
y a k a n u n u a
l i k i a f i k i
v i n a n u k a
i k i n u k a
w a l i p e n d a
z i k a a f i k i
n i n g e o n a
n i k a i m b a
w a p u m b a v u
u n g a l i j i b u
w a k a a f i k i
m w a p e n d a
k i n a a n d a a
n i k i t a t a
n i k a s o m a
l i k a s o m a
z i k i k a n a
i n g a l i a f i k i
v i n a s o m a
u n a a n d i k i z a
u l i a n d i k i z a
w a m e t a t a
u n g a l i a f i k i
m n g e s o m a
a k i k w e p a
n i t a s o m a
z i t a k u f a
i t a p e n d a
t u t a k u j a
n i n a k a n a
u t a k w e p a
v y a o n g e a
k i m e s o m a
n i m e k u f a
l i m e s o m a
l i m e k u f a
w a k i a n d i k a
z i k a p e n d e
t u k a b a d i l i
i n a k w e p a
k i n a s o m a
z i m e s o m a
v i k a a n d i k e
i n g a l i j i b u
z i k i j i b u
v i n g a l i k u f a
z i k a a m b a
w a k i a m b a
y a k a b a d i l i
n i k a j i b u
u k i o n g e a
z i t a a m b a
n i n a a m b a
u n g e b a k i
l i t a a m b a
v i k a o n g e a
l i f e
y a t a n u n u a
k i k a n u k e
w a m e n u k a
n i n g e e u a
t u n g e j i b u
n i t a n u k a
l i k a k a n a
u n g e k a n a
u n g e k a n a
u k a o n g e a
z i n g e j i b u
v i n a t a t a
z i t a t a t a
u m e o n g e a
t u k i t a t a
z i k a t a t a
z i t a k a n a
m n a p e n d a
i k a k w e p a
t u k i k a n a
u n g a l i o n g e a
z i m e k a n a
y a m e t a t a
w a n g a l i j i b u
z i a n d i k i s h e
z i a n d i k i s h e
u k a a n d i k i z e
c h a p e n d a
c h a k w e p a
l i k a a n d a e
k i m e k a n a
u n a a n d i k i z a
y a m e k u f a
m a p u m b a v u
t u n a a n d i k a
t u k a p e n d e
n i n a a n d i k a
l i k a a n d i k a
n i k i j i b u
t u m e s a f i r i
i n g e j i b u
a n g e s a f i r i
m n g e j i b u
u k a n u n u a
k i n g e k a n a
u k a n u n u a
v i m e j i b u
l i n g e j i b u
u k i a n d i k i z a
u k a a n d a a
m m e n u n u a
l i n g a l i f a a
u k a n u n u e
u k a n u n u e
y a n g a l i k u j a
z i m e n u k a
u n g a l i l a l a
v i t a n u n u a
k i k a p e n d e
z i l i p e n d a
z i n g a l i n u k a
u m e o n g e a
u m e o n g e a
w a l i o n g e a
z i k i n u n u a
l i k a o n g e a
y a k a a n d i k a
i l i k w i m b a
y a m e n u n u a
h e s h i m i w a
k i n g e j i b u
k i n g a l i a f i k i
y a n g a l i f a a
v y a a n d i k a
l i n g a l i b a d i l i
z i k a a n d a e
z i n g a l i n u k a
l i k i n u k a
i n g e a m b a
t u n g a l i j i b u
l i m e n u k a
i t a a n d a a
v i k i o n g e a
z i n a a n d a a
a n g e p e n d a
l i t a n u n u a
u n g e p e n d a
i n g e p e n d a
i n g e p e n d a
u t a k w i m b a
t u t a o n g e a
z i n a p e n d a
v i k i p e n d a
w a k a o n g e e
k i n g a l i o n a
z i k a n u n u a
n i m e s a f i r i
a n g e a n d a a
k i t a p e n d a
t u k a a n d i k i z a
t u t a p e n d a
u n g e s a f i r i
u n g e s a f i r i
z i k a s a f i r i
v i n a s a f i r i
n i k a o n g e a
t u l i o n g e a
a a m b e
v i n g a l i k w e p a
n i k a s a f i r i
z i m e k w e p a
i n g e a n d a a
n i n g a l i e u a
h e s h i m i w a
w a n g a l i o n a
y a n g a l i n u k a
h e s h i m i w a
n i n a o n g e a
z i k i k w e p a
v i m e a n d i k a
l i k a p e n d a
z i k a k w e p a
t u n g a l i b a k i
z i t a o n g e a
u l i a n d i k i s h a
k i n g a l i n u k a
y a n g a l i b a k i
n i k a s a f i r i
w a k i s a f i r i
l i n g a l i s o m a
z i n g a l i j i b u
k i m e a n d i k a
w a m e s a f i r i
y a k i a n d i k a
t u k a a n d i k i s h a
l i n a k w e p a
z i n g a l i b a d i l i
z i t a n u n u a
l i m e o n g e a
u n g e o n g e a
w a n g e k a n a
a t a k w i m b a
z i n g e k a n a
a m e k w i m b a
u n a k w i m b a
i t a k w i m b a
u n a k w i m b a
z i n g a l i k w e p a
i n a a n d i k i z a
v i n g e s o m a
z i n g e k u f a
z i n a k w e p a
t u n g a l i k w e p a
w a n g a l i s a f i r i
t u n g a l i o n a
u n a a n d i k i s h a
m n g a l i l a l a
a n a a n d i k i s h a
u k i a n d i k i s h a
u k i a n d i k i s h a
u k i a n d i k i s h a
z i l i a n d i k i s h a
t u m e b a d i l i
z i n g e n u k a
n i n g a l i o t a
n i k i a n d i k i z a
k i m e n u n u a
z i n g e a m b a
y a k a b a d i l i
m w a a n d i k i z a
v i m e o n g e a
l i m e n u n u a
u n g e o n g e a
a n g a l i k w e p a
m n a a n d i k i s h a
z i n g e k u j a
m k a a n d i k i s h e
u k a a n d i k i s h e
w a n g e p e n d a
a n g e b a d i l i
z i n g e a n d a a
z i m e o n g e a
z i n g e a n d a a
a k a a n d i k i s h e
z i k a a n d i k a
k i k a b a d i l i
z i k a b a d i l i
k i n a a n d i k a
z i k a a n d i k a
w a n g a l i o n g e a
w a t a a n d i k a
m n g e n u n u a
u k a a n d i k i s h e
y a n g a l i k w e p a
l i n g e a m b a
m o j a w a p o
w a n g e n u n u a
z a a n d i k i z a
m n g a l i a m b a
z a a n d i k i z a
v i t a b a d i l i
y a a n d i k i z a
n i n g e a f i k i
m h e s h i m i w a
t u t a b a d i l i
w a n a b a d i l i
y a n g e p e n d a
z i n g a l i o t a
z i n g e p e n d a
z i n g a l i a f i k i
i n g e b a d i l i
k u a n d i k i s h a
k i n g e k w e p a
u t a a n d i k i z a
v i n g a l i s o m a
y a n g e s a f i r i
t u n g a l i o t a
z i n g e k w e p a
l i n g e k w e p a
m n g a l i p e n d a
l a a n d i k i s h a
y a n g a l i o n a
l i n g a l i s a f i r i
z i k a b a d i l i
z i t a a n d i k i z a
n i n a b a d i l i
n i t a b a d i l i
z i n g a l i l i p a
w a n g a l i l i p a
u l i a n d i k i s h a
u n g a l i o n g e a
y a n g e k w e p a
u n g e k w i m b a
a n g e k w i m b a
z i m e k w i m b a
n i n a k w i m b a
v i n g e s a f i r i
z i n g a l i k a n a
t u n g a l i n u n u a
w a n g a l i n u n u a
z i n g e o n g e a
i n g e k w i m b a
n i n g a l i a n d i k a
v i t a a n d i k i s h a
v y a a n d i k i s h a
k u h e s h i m i w a
w a n g e b a d i l i
y a n g a l i n u n u a
z i n g e b a d i l i
k i k a a n d i k i z e
y a n g e k w i m b a
k i n g a l i a n d i k a
v i k i a n d i k i z a
w a n a a n d i k i s h a
y a m e a n d i k i z a
w a m e a n d i k i z a
u n g e a n d i k i s h a
u n g e a n d i k i s h a
y a n g e b a d i l i
t u n g a l i t a t a
y a n g a l i k w i m b a
t u n g e k w i m b a
l i n g e b a d i l i
w a k a a n d i k i s h e
w a t a a n d i k i s h a
z i n g a l i a m b a
k i n g e a n d i k a
m m o j a w a p o
v y e p e s i
n i n g a l i a n d i k i z a
i n g e a n d i k i s h a
l i m e a n d i k i s h a
v i m e a n d i k i s h a
y a n g a l i a n d i k i s h a
m m o j a w a p o
u i m b e
v y e u p e
t u n g e a n d i k i z a
z i n g e a n d i k i s h a
w a n g e a n d i k i s h a
c h e n y e w e
k u m o j a w a p o
