a t a a n d i k i z a
m y e u p e
t u n g a l i o n g e a
u a n d i k i s h e
t w a p e n d a
u n g a l i a n d i k i z a
t u k a l a l e
u m e b a d i l i
w a n g a l i k w e p a
z i k i j a
i k a l i p e
u n a l a l a
n a a n d i k a
m k a o n g e e
i b a k i
i n g a l i t a t a
w a k i f a a
u n a a m b a
z i n a n u k a
u l i p e n d a
m b o v u
i l i l i p a
a m e o n g e a
u k a j i b u
m k i f a
p a z u r i
w a f e
k i n g e b a k i
u n g e k u f a
u k a p e n d a
h u y o
m n g e s a f i r i
y a k a a n d i k i s h e
n i l i n u k a
z i n g a l i e u a
u k a b a k i
k u h e s h i m i w a
w a a n d i k a
c h a f u
y a k i a n d i k i s h a
n i m e k w e p a
v i k a s a f i r i
i l i o t a
v i k i a n d i k i s h a
z i n g e t a t a
i l i a n d i k a
u n g e l i p a
m u b a y a
p a g o n j w a
i n g e k u j a
z i k a o n g e a
k u b a d i l i
n i j i b u
m n g e e u a
y a j e
t u l i a n d i k a
u f e
w e u p e
y a k w e p a
l i m e l i p a
a m e o n a
w a k a t a t e
u k a i m b e
u k a a n d i k e
w a m e k w e p a
u k a a n d i k i z a
y a k a t a t a
m b a y a
i s a f i r i
p a c h a c h e
t w a m b e
u t a b a k i
l i l a l e
t u m e a n d a a
z i k i a n d i k i s h a
z i t a o t a
m z i t o
t u m e k a n a
k i m e k w e p a
i k a a m b e
k i k a f e
z i n a k a n a
m k a o n a
u t a o n g e a
a l i s a f i r i
n a a n d i k i s h a
i k a a f i k i
z i k a a f i k i
z i n g e l i p a
u k a p e n d e
z i t a e u a
y a a m b e
n i n g e n u k a
i t a s o m a
k w a o
t u k a l a l a
c h e m a
u n g e k u j a
l i t a e u a
i m e n u k a
