u k a l i p a
i k i f a
v i n g e e u a
u k i b a d i l i
w a n a t a t a
u k a o n g e a
n i t a t a t a
u l i o n g e a
k i n g e a m b a
z i k a j i b u
y a m e j i b u
k u p u m b a v u
k i t a s o m a
u b a d i l i
n i k a b a d i l i
z e n y e w e
u n a s o m a
k u o n g e a
u t a b a k i
y a a n d i k i s h a
k i n g e a n d i k i z a
z u r i
a f a e
n i l i p e n d a
a k a b a k i
m k a j i b u
y a l i n u n u a
n z i t o
i k a i m b e
w a t a n u k a
n i f e
a a m b a
n a j i b u
y a l i p a
v i k i o t a
t u n g a l i k w i m b a
y a n u n u a
t u m e o t a
k u p u m b a v u
u n a k a n a
n i a f i k i
u k a f a a
m k i n u k a
l i o n e
y a s a f i r i
u k a f a a
h u a n d i k i z a
u l i o n a
y a l i f a a
l i l i p e
z i t a a n d i k i z a
m n a a n d i k a
a k i s o m a
l i k a a m b a
k i l i n u n u a
n i m e a n d i k i s h a
u m e n u n u a
k i n g a l i j i b u
z i l i o n a
t w a i m b a
z i n g a l i o n g e a
z i l i o n g e a
m w a o n a
y a t a o n a
w a n g e t a t a
z i k i l i p a
a n a o n g e a
l a a n d a a
i n g a l i p e n d a
i n u n u e
u n g e s o m a
y a f e
u t a a m b a
u k a e u a
z i k a n u k a
n i k a e u e
y a a n d i k e
l i s o m e
v i o n e
m c h a f u
a k a n u n u e
k i k i l a l a
l i n a k w i m b a
i k w e p e
u n a n u n u a
i n g a l i a n d i k a
w a p e n d a
m k a b a k i
n i k a a n d i k a
k i m e k w i m b a
v i n u n u e
y a n a f a a
i k a j i b u
a s a f i r i
z i l i a m b a
l i l i a n d i k i z a
k i t a a m b a
y a n g e t a t a
u k i a n d a a
h u n u n u a
