n i l i t a t a
k i n g e a n d i k i s h a
m u j i n g a
a n a k u f a
z i n a n u n u a
z i m e a n d i k i z a
i k i k a n a
l i l i k w i m b a
i k a b a d i l i
w a j a
k i f a e
k i t a t e
u t a e u a
m k a k a n a
m n g e k u j a
v i l i n u k a
u l i j i b u
m i f u p i
n i m e n u n u a
z i t a n u n u a
b o v u
a b a d i l i
m f u p i
n i n g a l i k w e p a
m y e m a
u l i a m b a
z i n g e o n a
i k a n u n u a
l i k i f a
v i j i b u
a j i b u
i t a k a n a
w a k a e u a
y a k i n u k a
v i a n d i k i s h e
v i k a t a t e
w a l i s o m a
i k a e u a
y a a f i k i
i n a i m b a
u k a a m b a
n i k a a m b a
w a k a b a k i
w a a f i k i
l i t a k w e p a
z i a m b e
m u z e e
m t a t a t a
t u m e a m b a
t w a l a l a
v i t a a n d i k i z a
z i k a i m b e
i k a a n d i k i s h a
z i t a l a l a
i l i k u f a
m n g e l i p a
w a m e f a a
z i l i n u n u a
a t a a n d a a
a b a d i l i
t u j e
h u b a k i
t u n g e k u f a
u l i k u f a
k i k a s o m e
u s o m e
l i l i p e n d a
u k i i m b a
t u k a s o m a
w a m e o n g e a
m n a o n a
y a o t a
v i k a a n d i k i s h a
t u t a e u a
k i n a a n d i k i s h a
k i k a a f i k i
v y a o n a
z i n g e n u n u a
v i c h a f u
n i k i i m b a
i e u e
n i m e s o m a
a n g e k u j a
i a n d i k e
l i k a b a d i l i
u n a o t a
z i k a e u e
k i t u p u
m k a o n e
k u p e n d a
n i n g a l i l i p a
v i n g a l i o t a
n i i m b e
v i m e b a k i
i n a l a l a
m k a i m b a
w a o t a
m t a e u a
n i t a a n d i k i s h a
w a n g e a n d a a
