v i n g e k w i m b a
z i t a l i p a
t u l i s a f i r i
z i n a a n d i k i z a
y a n g a l i s a f i r i
y a o n a
i k i a n d i k i s h a
i k a j i b u
t w a j a
u l i s o m a
i k a o n g e e
m e m a
w a m e n u n u a
w a a m b a
w a m e o n a
z a p e n d a
m a v i v u
h u o n a
i t a a f i k i
k i n g a l i p e n d a
w a i m b a
n i n a j i b u
u k i a m b a
i n a a n d i k a
u k a l a l e
v i n g e k w e p a
t u n a b a k i
k i n g a l i a n d a a
w a a f i k i
z i n a k w e p a
v i k a a n d a e
z i j i b u
n i n a a n d i k i z a
i k a f a a
w a k a p e n d e
m n a b a d i l i
u n g e f a a
k i k i a f i k i
i n g a l i l i p a
u n g a l i n u n u a
k i k a b a k i
n i k a t a t e
u n g a l i s o m a
w a k a a n d i k i z e
t u l i k u f a
n i a n d i k i z e
y a k a n e
n i n a f a a
m t u p u
z i k a a n d i k i z e
u l i p e
k i v i v u
n i k a j i b u
v i t a t a t a
k i i m b e
u k i s o m a
z i k a j e
u m e b a d i l i
k i n g a l i l a l a
u n g e a n d a a
z i m e e u a
t u n g e a n d a a
n i n g e a m b a
n i n g e a n d i k a
k i l i o n g e a
y a n a e u a
z i k a s o m a
i l i a n d i k i s h a
y a k a f a a
t u k i f a
y a a n d i k i z a
l i m e t a t a
u k a j e
i l i k w e p a
u l e
u t a l a l a
w a l i n u k a
z a k w e p a
y a n g e k u f a
w a f a a
w a k i b a d i l i
w a n g a l i b a d i l i
u s a f i r i
h u n u n u a
z i k a b a k i
z i k a j a
c h a l i p a
a t a s o m a
z a p e n d a
i m e o t a
w a l i s a f i r i
u l i b a d i l i
v i n g a l i t a t a
k i n g a l i a m b a
i n g e a n d i k i z a
k i n g e k u f a
l i k i p e n d a
i k i k w e p a
m a b o v u
w a n g e l a l a
