z i k a j i b u
w a n u n u a
i n g a l i l a l a
t u t a a n d a a
i m e l a l a
i n a p e n d a
a n g e a n d i k i s h a
u k a f a
u l i a f i k i
v i k a s o m a
i t a n u n u a
k i t a k a n a
z i k a a n d i k e
z i m e s o m a
m k a l i p e
u n a p e n d a
z i t a k u f a
w a k a a n d i k e
y a l i p a
u k a o n a
m u j e u r i
a m e a f i k i
i n g a l i n u k a
v i m e s a f i r i
l i m e a n d i k i z a
u m e s a f i r i
z i m e s a f i r i
m u g o n j w a
n i l i b a k i
i n g a l i b a k i
a k a a n d i k i z e
u t a s o m a
t u k a b a k i
z a a n d i k a
u t a n u k a
v y a p e n d a
v y a b a d i l i
m t a o n a
w a n a o t a
l i l i b a k i
a k i j a
t u n a j a
n i k i b a d i l i
w a t a n u n u a
k i k a o t a
w a k w e p a
v y a s o m a
y a k a n a
w a k a s a f i r i
t u m e k u f a
i k i n u n u a
z i t a b a d i l i
w a p e n d a
i m e f a a
i n a o t a
z i n g a l i a n d i k i z a
v i n g a l i o n g e a
u m e a m b a
z i k i a n d i k a
i n g e k u j a
u a n d i k e
a o n g e a
u n a n u n u a
i n a a m b a
u m e n u n u a
u m e a f i k i
i k i a n d i k i z a
y a n g a l i b a d i l i
u n a a m b a
w a n g e a n d i k i z a
y a k i f a
l i l i a m b a
u k a a n d i k i s h a
y a t a e u a
u t a k u j a
m b i v u
h a y o
w a s o m a
z i k a k w e p e
v i k a i m b e
m k a n u k a
k i n a a n d i k i z a
y a i m b a
u l i n u n u a
l i n g a l i p e n d a
i n a o n g e a
k u b i v u
i m e p e n d a
a n g a l i j i b u
z i p e n d e
z i n a b a d i l i
i n a n u k a
m w a a m b a
c h a s o m a
i k i o n g e a
w a b a y a
t u l i p e n d a
a l i a n d i k a
y a k i a n d i k i z a
i n a b a k i
