z i t a l a l a
w a l i f a a
m m e s a f i r i
v y a a n d i k i z a
i k i l i p a
i n g e n u k a
u n g a l i k w e p a
z i k a a n d a e
u m e a n d i k a
z i t a k w e p a
u t a n u k a
k i f u p i
z i k a i m b a
a n g e o n g e a
u k i n u k a
c h a f u
u n a k w e p a
a l i k u f a
z i l i a n d a a
w a m e k w i m b a
t u k i o n g e a
y a k a j i b u
k i t a o n g e a
k u f u p i
u k a k w e p e
l i k i b a d i l i
u t a l i p a
t u n g e k w e p a
m j e u r i
l i t a a n d i k a
i n g e a m b a
m k i p e n d a
k i o t e
w a o n g e e
u n a n u k a
w a l a l a
y a t a j i b u
m k a s a f i r i
w a k a t a t a
i k a a n d i k i z a
v i t a f a a
k i e u e
u k a b a k i
u k a l i p e
i k i o t a
u t a a n d i k i s h a
y a t a b a d i l i
l i k a b a d i l i
l i k a k a n e
y a k a e u e
i l e
a t a k u f a
m n u n u e
y a t a n u k a
i t a k u j a
l i n a a n d i k i s h a
y a n g e k a n a
n i n g e j i b u
z i n a n u n u a
u n g a l i b a d i l i
k w i m b a
y a k a k a n a
k i k a l a l e
z a t a t a
i k a k a n a
l i k i o n a
a t a l a l a
m l i s a f i r i
z a a n d a a
a n g a l i b a k i
z i k w e p e
i n g e b a k i
i m e a n d i k i s h a
z i n g e n u n u a
z i l i l i p a
w a k a s o m e
w a n g a l i f a a
v i l i f a a
u n g e a f i k i
v i k a f a a
a n a a f i k i
a k a l a l a
u n a o n a
z i t a o n g e a
i l i k w i m b a
t u t a b a k i
n i n a a n d i k i s h a
z i k a b a d i l i
u n g e a n d i k i z a
u t a o n a
u n g a l i l i p a
a n a a n d i k a
m n a a m b a
i k a s a f i r i
u l i a n d i k i s h a
z i k a o t a
k i k a j i b u
u o t e
a i m b e
m k a j e
u t a k w e p a
z i k a s o m a
t u k i l i p a
l i t a t a t a
m n g e l a l a
m n g e b a d i l i
c h a e u a
z i m e l i p a
n i n a s o m a
l i m e a f i k i
y a m e s a f i r i
i e u e
z i n g e o t a
h u o n a
u n g e s o m a
v i l i k u f a
z i n a a m b a
u n g a l i n u n u a
z i n a b a k i
k i z u r i
z i k i o t a
z i t a k w e p a
a k a a m b e
k i k i b a d i l i
v i n a b a d i l i
a s o m a
v i n g e a f i k i
i s a f i r i
v i l i k w e p a
k i m e a n d i k i s h a
w a n g a l i n u k a
u k i l a l a
n i k a n u n u e
v i c h a c h e
w a o
m u f u p i
z i m e l a l a
l i n a p e n d a
v i k i n u k a
i n g e e u a
v i l i a n d a a
k i k i s o m a
n i l i k u j a
m w a s o m a
y a t a k w i m b a
u n g e a f i k i
y a l i n u k a
a k a a n d i k a
n a a f i k i
k u z u r i
m l i n u n u a
n i n g a l i a n d a a
w a k a b a d i l i
z a b a d i l i
a j e
v i s a f i r i
t u a n d i k i s h e
k u s a f i r i
u s a f i r i
k i n a o n a
u k a o n g e e
n z i t o
z i n u n u e
p u m b a v u
m u t u p u
n i k a a n d i k e
u k a n u k a
i k a a n d i k i z e
t u k a a m b a
n i k a l a l a
z i a m b e
u t a o n g e a
m w a o n g e a
w a t a b a d i l i
l i l i o t a
n i n g e a n d i k i z a
l i n a a m b a
a k a k w e p e
u j i b u
z i t a s o m a
l i k i i m b a
l i n g a l i a n d i k a
y a t a k w e p a
z i k a o n e
t u n a e u a
z i m e k u f a
u k i p e n d a
w a n a s a f i r i
n i k a t a t a
w a z i t o
k w e m a
l i k a l i p a
t u k a e u e
n i k a o n g e e
u n a n u k a
z i n a a m b a
n i t a e u a
h u i m b a
i k a o t e
z i n a i m b a
z i m e n u n u a
l i n g a l i l a l a
y a m e f a a
m m o j a w a p o
u n u k e
y a k a f a
p e m a
i t a t e
u t a b a d i l i
v i k i k w e p a
z i k a n e
v i k a k a n e
h a p o
v i m e o n a
i n g e k w e p a
k i n a k w e p a
m k i a n d i k i z a
n i m e a f i k i
m c h a f u
w a c h a f u
k i n g e a n d a a
w a b a d i l i
u k a f a e
y a n g a l i t a t a
u k a e u a
w a s a f i r i
v i k a o t a
y a k a s a f i r i
w a m e e u a
a k a k w e p a
z i l i b a d i l i
y a t a t a t a
z i k i f a
i n g a l i k u j a
w a k a n a
v i n g e o t a
i k a s a f i r i
u k a s a f i r i
z i t a b a k i
t u t a f a a
a n g e t a t a
a l i p e
k i t a f a a
y a a f i k i
i t a k u f a
z i l i o t a
a n a o t a
y a o
u j i b u
i l i s o m a
u n g e n u n u a
k i l i k a n a
i k a a n d a a
t u k a l i p a
k i n a p e n d a
i m e k a n a
k u b i v u
w a z u r i
i t a a n d i k i s h a
n i k a n e
n i n g a l i b a k i
u l i k w i m b a
z i l i n u k a
w a l i o t a
a t a f a a
a n g a l i l a l a
i s o m e
h u a n d a a
k i n u n u e
m t a k w i m b a
m a n d i k e
m t a k w e p a
y a l i b a d i l i
k i m e o t a
m u b o v u
u n g e a n d i k a
v i l i l i p a
t u n g e a f i k i
u n g a l i a f i k i
w a j a
u k i f a a
a n g a l i s o m a
t u k a f a e
m n u k e
y a n g a l i o n g e a
u a f i k i
i l i a n d i k i s h a
u m e j i b u
z i k a b a k i
t w a o n g e a
y a t a t a
i k a a n d i k e
w a n a o n g e a
w a n a e u a
u k i k a n a
m w a k w e p a
z i k i s o m a
i n u k e
k w e u p e
y a k i n u n u a
l i k i j i b u
l i a n d i k i s h e
n i k a e u a
l i n g e n u n u a
w a a m b e
l i k i s o m a
v i k a a m b e
z i n g e k w i m b a
z i n u k e
t w a j i b u
l i s a f i r i
n y i n g i n e
a l i p a
a m e f a a
n i n g a l i s a f i r i
w a a f i k i
n i t a n u n u a
m n g a l i s o m a
z a f a
n i l i p e
i m e o n g e a
n i n g e f a a
t u k a o n a
m k a o t e
u n a b a k i
m t u p u
k i k i b a k i
u l i p e n d a
m j i b u
m z e e
v i n g a l i s a f i r i
z i t a a f i k i
w a k a b a k i
u n a a n d i k a
k w i n g i n e
v i n g a l i a f i k i
k i n a j i b u
m k a a m b e
i k a a f i k i
y a m e b a d i l i
u l i k u j a
z i k w e p e
v i n a a m b a
n y e p e s i
i k a b a k i
n i k i s a f i r i
z i n a a n d i k a
t u n a k w e p a
n i s a f i r i
y a t a s o m a
y a a n d i k a
t u n a b a d i l i
i l e
u n a k w i m b a
p e u p e
n a n u n u a
u k a a n d i k e
l i t a o n a
w a l i a n d i k i s h a
n z u r i
z i n a s a f i r i
m k i a n d a a
l i n a l i p a
n i n g e a n d i k i s h a
t u t a a m b a
h u o t a
i t a n u k a
m m e j i b u
k u c h a c h e
n i n a n u k a
k u a n d a a
k i o n e
u k a i m b e
k i m e t a t a
h u a n d i k i z a
a n g e f a a
u a n d i k i s h e
z i n g e f a a
u l i o t a
n a t a t a
y a l a l a
u t a s o m a
z i n a b a d i l i
w a f a
u t a o n a
t u t a s a f i r i
u n g a l i l i p a
h u a n d i k i s h a
i l i e u a
l i k a n u n u e
u m e k u j a
z i n g a l i k w i m b a
y a t a t e
m m e a f i k i
i n a j i b u
a t a k w e p a
a k a s o m e
i l i k u j a
m m e k u j a
l i n g a l i a n d i k i s h a
t u n g a l i a f i k i
w a a n d a e
k i k a l i p e
l a s o m a
w a t a k a n a
i n g a l i a m b a
i n a f a a
t u k a a n d a a
v i k i j i b u
m t a f a a
v i t a o n g e a
n i k a o t a
l i n g e n u k a
y a k a a n d a a
w a b a k i
w a n g e k u f a
v i n g a l i a n d i k i s h a
u n g e o t a
u k a o n g e a
l i m e j i b u
z i n g a l i a n d i k a
u k a b a k i
u k i k a n a
k i k i j i b u
t u l i k u j a
z i k a l a l e
u k i l a l a
u i m b e
u k a s o m e
k i n g a l i a n d i k i z a
u t a p e n d a
i n a t a t a
t u l i a f i k i
z i m e t a t a
u n g e f a a
z i m e l a l a
i t a o n a
a n a b a k i
t u k a a n d i k i z e
a n g e k a n a
z i t a l i p a
z i l i s a f i r i
i k a j a
w a n g e k w i m b a
y a a n d i k i s h a
u t a n u n u a
u k a j i b u
i o n g e e
u k a j a
w a t a p e n d a
i n g e a n d i k i z a
i n g e a n d i k a
z i l i k w e p a
c h e p e s i
a n g a l i k w i m b a
i n a k a n a
i k a n u k e
i n a k u f a
k u f a a
i m e l a l a
n i k a k a n e
w a g o n j w a
n i n g a l i a n d i k i s h a
u t a p e n d a
v i l i s o m a
v i n g a l i n u k a
k i n a t a t a
m w a b a d i l i
k i l i k w i m b a
t u m e o n a
z i t a k a n a
n a j a
l i m e k w i m b a
n i m e a n d i k i z a
k i k a k a n e
m l i k w i m b a
u n a b a d i l i
u m e j i b u
z i m e b a d i l i
m w a a n d i k i s h a
z i m e n u k a
m n g e o n a
v i k i o n a
z i k i t a t a
z i l i n u n u a
c h a a n d i k a
m t a a n d i k i s h a
m w a b a k i
l i k a s a f i r i
a o n a
i a m b e
m o j a w a p o
n i k a i m b e
u n g e e u a
z a s a f i r i
z a o n g e a
i l i b a k i
u a n d a e
n i k a f a e
m a z i t o
