u t a a n d i k i s h a
w a n g e k u j a
v i t a s o m a
y a b a d i l i
k w e p e
z a t a t a
y a a n d a a
z i k i n u n u a
y a a n d a a
u m e a f i k i
z i m e a n d i k i s h a
y a a n d i k a
a k a o n g e a
n i m e p e n d a
w a m e a m b a
i n g e s o m a
a k a n a
w a j e
y e n y e w e
i n g e k a n a
n i k a j a
a k a l i p a
z i n a b a k i
l i n g a l i k u j a
u m e n u k a
t u t a k w e p a
z i k a o n e
t u p u
t u m e t a t a
v i n a a n d i k a
t u n g a l i a n d i k a
m k a b a d i l i
v i l i b a k i
k i l i s o m a
l a p e n d a
z i n g a l i e u a
y a n g e a m b a
z i n g a l i t a t a
i l i o n g e a
w a k i a f i k i
i n g e s o m a
m u g o n j w a
a l a l a
v i k a a n d i k i z e
u n a a n d i k i z a
m l i o n g e a
l i k a s a f i r i
v i t a s a f i r i
z i t a a n d a a
n i n g e a n d a a
z i n g e k a n a
z i k a a n d i k i s h e
w a t a t a
m n g e a n d i k a
u k a j i b u
i n g a l i e u a
u n g a l i k w i m b a
v i n g a l i o n a
v i k i f a
u n g e n u n u a
k i k i i m b a
z i k i f a
z i k a o t a
l i k a t a t a
y a t a a n d i k i s h a
y a k a l i p e
y a k i o n g e a
z i k i n u k a
v y a o t a
c h a o n a
i n g a l i s o m a
t u t a n u k a
w a o
w a s a f i r i
a m e n u n u a
m a f i k i
k i k a p e n d a
z i n a k a n a
k i n g a l i o t a
y a l i o n a
m l a l e
t u l i p e
w a k a n u n u e
a t a a n d i k i s h a
a n g a l i a n d i k i z a
t u k a k w e p e
t u k a o n g e e
m l i l i p a
u k a j i b u
a l a l e
t w a a n d a a
v i k i a n d i k a
v i j e
k u j a
i n g a l i n u k a
a n u n u e
z a b a d i l i
n i n g e n u n u a
i k i s o m a
m k a p e n d a
z i l i a m b a
u n g e e u a
u n g a l i k u j a
n i a n d i k e
l i k a a f i k i
v i k a o n a
m y e p e s i
y a a n d i k i z a
z i l i j i b u
u n a o t a
z a s o m a
u l i k w e p a
w a l i l a l a
y a k a o n g e a
m m e e u a
u n g a l i s o m a
m g o n j w a
l i n g a l i o n g e a
w a t a a m b a
i n g a l i o n g e a
u o n g e e
a k a f e
u l i b a d i l i
v i k a p e n d e
v i n g a p i
t u n a a f i k i
k i n g e n u k a
y a o n a
y a t a k u j a
m w a k a n a
z i k a o t e
k i k i e u a
i l i s a f i r i
u n u k e
t u k a t a t a
w a n g e l i p a
n i t a s a f i r i
m w i m b e
n i n g a l i p e n d a
y a k i s a f i r i
w a l a l a
u l i k u j a
u m e a n d i k a
z i n a j i b u
v i l i o n g e a
n i n a o t a
n i n a t a t a
v i n a a n d i k i z a
i k a n u k a
z i t a a n d a a
t w a f a
p e p e s i
i k a l a l e
u t a n u n u a
i k a o t a
n i n g e p e n d a
u n a a f i k i
c h a j a
m t a a n d i k i z a
n i n a o n a
m n a o t a
z i k i a n d a a
i n a p e n d a
k i m e b a k i
y a a f i k i
u l i l i p a
u a n d i k i z e
u k i o n g e a
y a k a a f i k i
z i n g a l i s o m a
i n g a l i o t a
y a n g a l i a m b a
t u k i n u n u a
l i n g a l i l i p a
m l i a n d i k i s h a
u k a j i b u
w a f a a
z i n a a n d i k i s h a
k i l i a n d i k a
u k a b a d i l i
m w i n g i n e
a f a a
z i n a l i p a
w a a n d i k i z a
k i k a a n d a a
v i m e b a d i l i
u k a l i p a
u k a a m b e
y a o n g e e
n i l i s a f i r i
t u f e
m m e b a d i l i
a k i e u a
k i k a j i b u
z i t a a n d i k i s h a
u n g a l i e u a
n i m e b a d i l i
u k i b a d i l i
y a l i l i p a
w a k i o n g e a
u k a f e
z i n g e s o m a
u k a o n e
z i n a e u a
l i t a a n d i k i z a
m t a k u f a
n i k i a n d i k a
i k a a n d i k e
n i k w e p e
w a n g a l i b a k i
k i k a o n g e e
y a k a n a
l a o
v i s o m e
u t a a m b a
i k i i m b a
u k a j a
z i k i o n a
m n g e k w e p a
t w a a n d i k a
i n g a l i k w e p a
t u t a a f i k i
t u s o m e
n i n g e o n g e a
l i n g e l a l a
z i k a n u n u a
v i m e p e n d a
v y e n y e w e
z i k a e u e
m w a a n d i k a
k i k i s a f i r i
u n g e k w e p a
w e n y e w e
w a k i f a
m j i n g a
m k a k a n e
t u n g a l i s a f i r i
z i m e l i p a
n i t a p e n d a
i n a k u j a
m n g e k a n a
l i k a a n d i k e
k i l e
l i k a o t e
h u l i p a
u p e n d e
k i k a a n d i k a
n i k a n u k a
k u a f i k i
y a n a n u n u a
u n a a n d i k i z a
k i m e k a n a
l i k a a n d a e
c h a k w e p a
c h a p e n d a
u k a a n d i k i z e
z i a n d i k i s h e
z i a n d i k i s h e
w a n g a l i j i b u
y a m e t a t a
z i m e k a n a
u n g a l i o n g e a
t u k i k a n a
i k a k w e p a
m n a p e n d a
z i t a k a n a
z i k a t a t a
t u k i t a t a
u m e o n g e a
z i t a t a t a
v i n a t a t a
z i n g e j i b u
u k a o n g e a
u n g e k a n a
u n g e k a n a
l i k a k a n a
n i t a n u k a
t u n g e j i b u
n i n g e e u a
w a m e n u k a
k i k a n u k e
y a t a n u n u a
l i f e
v i k a o n g e a
l i t a a m b a
u n g e b a k i
n i n a a m b a
z i t a a m b a
u k i o n g e a
n i k a j i b u
y a k a b a d i l i
w a k i a m b a
z i k a a m b a
v i n g a l i k u f a
z i k i j i b u
i n g a l i j i b u
v i k a a n d i k e
z i m e s o m a
k i n a s o m a
i n a k w e p a
t u k a b a d i l i
z i k a p e n d e
w a k i a n d i k a
l i m e k u f a
l i m e s o m a
n i m e k u f a
k i m e s o m a
v y a o n g e a
u t a k w e p a
n i n a k a n a
t u t a k u j a
i t a p e n d a
z i t a k u f a
n i t a s o m a
a k i k w e p a
m n g e s o m a
u n g a l i a f i k i
w a m e t a t a
u l i a n d i k i z a
u n a a n d i k i z a
v i n a s o m a
i n g a l i a f i k i
z i k i k a n a
l i k a s o m a
n i k a s o m a
n i k i t a t a
k i n a a n d a a
m w a p e n d a
w a k a a f i k i
u n g a l i j i b u
w a p u m b a v u
n i k a i m b a
n i n g e o n a
z i k a a f i k i
w a l i p e n d a
i k i n u k a
v i n a n u k a
l i k i a f i k i
y a k a n u n u a
n i t a a n d a a
k i n g e o n a
z i k i i m b a
u m e a n d i k i z a
m t a s a f i r i
z i k a i m b a
i m e a n d i k i z a
w a a n d i k e
t u n g e o n a
t u k i b a d i l i
y a m e o n g e a
u n g e a m b a
n i n g e l i p a
a l i a n d i k i z a
v i n g a l i f a a
u m e s a f i r i
u t a p e n d a
u n g a l i s a f i r i
m n g a l i s a f i r i
i k i p e n d a
u n g e t a t a
i k a k w e p e
u n g e t a t a
u k i p e n d a
l i k i a n d i k a
u k i k w e p a
a n a p e n d a
u n g e t a t a
i k a p e n d a
w a m e k u j a
i k i a m b a
a m e a m b a
v i p e n d e
u m e a m b a
m k a a m b a
k w i n g i n e
y a n u n u a
l i n g e k u j a
t u n a n u n u a
t u n g e f a a
w a b a d i l i
w a k a k a n e
t u n g e l i p a
y a m e k a n a
z i t a a n d i k a
z i t a a n d i k a
a k a a n d a a
v i n a n u n u a
m a n d i k i z e
m l i a n d i k a
u n u n u e
u l i n u n u a
u m e a n d a a
z i k a o t e
m i n g i n e
m t a n u n u a
y a k w e p e
m n g a l i n u k a
w a s a f i r i
w a k w e p a
t u k i e u a
k i s a f i r i
k i t a j i b u
z i p e n d e
u m e b a k i
y a l i s a f i r i
u k a n u k a
n i m e a n d i k a
m k a p e n d e
t u m e a n d i k a
m l i a m b a
t u k i j i b u
i k a n u k e
k w e n y e w e
c h a o n g e a
w a b a d i l i
t u b a d i l i
y a b a d i l i
n i a m b e
n i l i a m b a
v i n a k a n a
z i k a k a n e
i k a a m b a
t w a n u n u a
z i n a l a l a
i k a a m b a
u n a a n d i k a
k i k a t a t e
u k a a m b a
z i k a b a k i
t u n g e n u k a
z i k a b a k i
k i k a b a k i
l i a m b e
w a l i n u n u a
y a k w e p a
t u p e n d e
z i n a o t a
m t a k a n a
m n g e b a k i
z i n a o n a
z i m e o n a
u m e s o m a
n i n a e u a
u t a k u f a
i k a b a k i
u k a t a t e
i t a n u k a
w a t a j i b u
u t a n u k a
k i k a o n e
u n a n u k a
u k a a f i k i
i m e a n d a a
m n a n u k a
a k a k a n e
u m e b a k i
z a n u n u a
m w e n y e w e
m k i i m b a
t u o n g e e
u t a a n d i k a
w a k a n u k a
m p u m b a v u
z a s a f i r i
p e n y e w e
w a t a b a k i
i t a a n d i k a
l i k a t a t e
i k i s o m a
u n a b a d i l i
i m e s o m a
a m e n u k a
v i g o n j w a
m k a a n d i k a
i k a s o m a
k i n a e u a
t u n a i m b a
k i k a e u a
i m e t a t a
u k a s o m a
z i t a o n a
u k a t a t a
i k i t a t a
t u l i k a n a
a m e k u f a
y a k i o t a
a n a s o m a
i n g e o t a
t u k a a n d i k e
i t a k u f a
u n a s o m a
w a k a j i b u
a m e k u j a
u t a k u j a
n y i n g i n e
y a o n g e a
a n g e e u a
u n g e e u a
u t a t a t a
k i t a e u a
k i n g e s o m a
t u n a o n a
i n g e l i p a
j i n g i n e
a k a t a t e
a k a a f i k i
u k a k w e p e
w a k a i m b a
u n g e o n a
l i n a e u a
u k a k w e p e
y a k a k a n e
v i m e k u j a
w a k w e p e
u k a k a n e
a t a b a d i l i
w a k a e u e
v i k a o n g e e
u k a k a n e
u k a k a n e
w a k w e p a
a k a s a f i r i
u k i s o m a
w a n u n u e
u a n d i k e
v i a n d a e
m a n g a p i
a l i p e n d a
n i l i l a l a
h u n u k a
m n a k w e p a
z i l i a n d i k a
u k a n u k a
z i l i l a l a
y a n a k a n a
l i k a i m b e
w a n g e o t a
n i n a k u j a
k i k a a m b e
v i m e l i p a
w a m e l i p a
u n g e l i p a
u n g e k u j a
v i n g a l i k u j a
y a m e l i p a
t u k a k w e p a
a t a j i b u
u m e a n d a a
v i k a s o m e
w a k a i m b e
k u g o n j w a
m n g a l i f a a
k u g o n j w a
n i k a o n a
n i t a o t a
z i l i k a n a
k i k i o t a
l i a f i k i
p a c h a f u
l i k a o t a
w a c h a c h e
i m e k u f a
i t a t a t a
k i n a f a a
u k a i m b a
i k a e u e
l a k w e p a
t u l i s o m a
m i g o n j w a
y a n u k a
z i k a f a e
n a p e n d a
i l i s a f i r i
n i k i f a a
t u k i o n a
z a n u k a
y a k a b a k i
y a k a n u k a
a l i o n g e a
u k a n u k e
u n u n u e
l i b a k i
m j e u r i
i n a j i b u
u l i s a f i r i
i n g e f a a
u n a s a f i r i
v i j e u r i
a n a s a f i r i
y a k i j i b u
u k a s a f i r i
h u n u k a
l i m e f a a
v i l i a m b a
m k a a n d a a
p a j i n g a
y a k a i m b a
z i l i b a k i
u m e e u a
z i n a j a
n i k a f a a
m a c h a f u
p a c h a f u
z i t o
u k a a m b e
w a l i a m b a
y a l i a n d a a
v y a k a n a
h u a m b a
k i j i n g a
z i n g e l a l a
z i n g e l a l a
u t a k a n a
k u a n d i k a
h u a m b a
v i n a o n a
u k a b a k i
i k a a n d a e
u k a b a k i
u k i a n d i k a
m n a b a k i
a k a b a k i
u m e b a k i
a t a a n d i k a
k i t a k u j a
u k a s o m e
v i b a y a
i k a b a k i
v i o n g e e
i n g a l i f a a
i k a k a n e
z i t a t e
i k a o t e
m k i e u a
u k a o n a
i m e o n a
a k a o n a
u k a o n e
m l i k w e p a
u m e o n a
u k a o n e
z i k a j e
t u k a n e
z i l i o n a
w a a n d a a
w a k a s o m a
w a a n d a a
w a n a a f i k i
u k i i m b a
y a n u k a
k i k a a f i k i
w a k a f a e
m w a j i b u
m u c h a c h e
v i n g e l i p a
a k a e u a
z i b a d i l i
w a s o m a
u a f i k i
i k a e u a
u n a o t a
m i c h a f u
u t a o t a
m b a d i l i
k u b o v u
t w a o t a
z i l i s o m a
u k a o t a
m k a o t a
z i l i a f i k i
m m e o t a
i t a e u a
u n a e u a
u m e o t a
m k i o t a
a t a e u a
i k a k a n e
m w e p e s i
n a s o m a
y a l i k u f a
u b a d i l i
u l i b a d i l i
z i l i t a t a
l i l i l a l a
u k a a n d a e
u k i l i p a
v i k i f a a
l i e u e
w a l i a f i k i
v i b a d i l i
u n a a n d a a
w a n u k e
w a n u k a
w a n u k a
n z u r i
k u c h a f u
u k i o n a
z i k i s a f i r i
u k i o n a
l i k a f e
y a n u k e
i p e n d e
u p e n d e
u k a a n d a e
m u c h a f u
m u b o v u
u t a a f i k i
i k a o n e
m m e l i p a
m l i k u j a
a m e l i p a
u t a k u f a
u k a f a a
z i k a f a
y a s o m a
k i p e n d e
m w e m a
t u k a f a
u l i a m b a
i k a s o m e
u t a o t a
i k a f a a
i k a j i b u
k i k a j a
w a b a k i
u k i o t a
u p e n d e
h u t a t a
i t a o n a
w a t a t a
i k i o n a
z i n a f a
n a b a k i
k u b a k i
l i k i j a
m i b a y a
h u e u a
m e p e s i
m k a s a f i r i
u k i s a f i r i
u k i s a f i r i
y a a m b a
k u b o v u
t u k a f e
y a l a l e
w a n u k a
u n a j i b u
z i n g a l i k u f a
u k a i m b e
u l a l e
u l i l a l a
u t a f a a
k i m e a n d a a
z i l i j i b u
t u m e l a l a
n y i n g i n e
p a z i t o
w a l i t a t a
k i m e l a l a
n i l i k w i m b a
z i e u e
z i e u e
m s o m e
y a j i b u
w a n a l a l a
t u k a j e
w a l i l i p a
z a a m b a
i l i o n g e a
k u s o m a
y a b a k i
y a b a k i
v i l a l e
t u o t e
k i k w e p e
a b a k i
z i k a l a l a
v i t a a f i k i
l i k a l i p e
w a k a l i p a
z i k i l a l a
w a k a l a l a
v i k a l a l a
t u k i s o m a
n i t a l a l a
n i b a k i
z a k a n a
l i l i k w e p a
i k a f a e
z i k i a n d a a
t u n a f a
k u l i p a
i k i k a n a
h u l i p a
a k i k a n a
n i o t e
z i l i p e
k w e m a
z i l i p e
w a o t e
i l i n u n u a
u a m b e
m e n g i n e
t u k a l i p e
z a o n a
v i t a l i p a
w a k i l i p a
w a j i b u
l i k i l i p a
m l i e u a
t u f a e
n i l i o n a
t u o n e
m i c h a c h e
p a v i v u
a k i t a t a
w a k a n a
n a l a l a
w a l i a n d a a
j i n g a
w a t a t a
m a n d a e
w a l i p a
y a e u a
p e n g i n e
z i l a l e
w a l a l e
t u n u n u e
z a e u a
l a j i b u
z i n u k e
m n a f a a
n j i n g a
k u n u n u a
i n a f a a
y a a f i k i
p a b o v u
z i l i l i p a
p a z i t o
w a o n a
p a z u r i
u k i f a
m a b i v u
i l i a m b a
u k w e p e
w a l a l a
i a n d a e
z a l i p a
l a l i p a
l a i m b a
a l i o n a
w a o n e
k u v i v u
i k a f a
a k i f a
a s o m e
i b a k i
u l i e u a
n a s a f i r i
y a k a f e
k w e u p e
u l i a n d a a
u n g a l i b a k i
a k a j e
u k w e p e
m a b a y a
t w i m b e
p a t u p u
u n a k u j a
c h a f u
k u z i t o
k i l i j i b u
z i l i f a a
k i l i f a a
u l i l i p a
k i l i e u a
i k i j a
m n g a l i k u j a
n j e m a
m k a l a l a
a i m b a
u s o m e
c h a f u
m j i n g a
u t a t e
m b o v u
z i j e
i l i o n a
a l i e u a
m k i l a l a
k w e p e
i p e n d e
u k a l a l e
i n a l a l a
y a f a a
y a f a a
i s o m e
z a o n g e a
u k a j e
u k a n e
u l i k a n a
l i l i o n a
p a f u p i
u l i k a n a
u l i t a t a
z a j a
a n g a l i k u j a
i n a l i p a
u t a l i p a
u t a l i p a
u k a l i p e
i t a l i p a
m i z e e
a l i l i p a
z i o t e
w a f a a
m k i a f i k i
w a v i v u
h i c h o
m k a a f i k i
p e u p e
i l i t a t a
u o n e
u l i b a k i
h u j a
h u j a
n z e e
f u p i
i k i s a f i r i
i j i b u
i n g a l i a n d i k i s h a
i n g a l i a n d i k a
u l i o t a
k i t a b a d i l i
k i n a s a f i r i
u l i f a a
i n g a l i k u j a
m w a o
v i l i b a d i l i
h u k o
u n g a l i a n d i k i z a
u n g a l i p e n d a
v i k a s a f i r i
u n g a l i a m b a
z a f a
w a t a s o m a
k u l e
v i l i p e n d a
i k i a n d i k i z a
u k i a n d a a
v i k a a n d a a
y a t a a n d a a
a n g a l i l i p a
u n g a l i o t a
m k a a n d i k i z a
y a s a f i r i
w a t a k u f a
y a t a k u f a
v y a n u n u a
v i k a b a k i
u n g a l i s o m a
i k i j i b u
u n g a l i k w e p a
u j e
u n g a l i b a d i l i
a n g a l i o n a
c h a t a t a
v i l i s a f i r i
v i l i a f i k i
a t a s a f i r i
v i k i s a f i r i
h u f a
v i k i j a
k i k i j a
v i b a k i
y a n a o n a
y a k i o n a
z e e
y a k a o n a
v i l i t a t a
y a o
w a k a j a
w a l i k u f a
w a o t a
i t a f a a
v i a m b e
z a o
w a f a a
w a j a
y a j a
y a j a
u f e
i k i a f i k i
i o t e
h u o
y a f a
w a f a
w a f a
y a o
a f a
