d i i l t ł ʼ é é ł
n d í í d z į ́ į ́ s
h a d i i l t ʼ e e ł
h a d a d i i l t ʼ e e ł
d a h w i i ʼ n i i h
n á z h n í k e e h
n a ʼ a z t ł ʼ ǫ ́
c h ʼ í z h n í ʼ á á z h
i i n i ł h a a z h
c h ʼ í n í y á
y i s x a a s
b i b a z d o o z h ʼ á á z h
d a z h d í n ó o ł ʼ į į ł
d a s i i l ʼ é é l
d a h í í n í i c h é é h
n a h i i l n i i h
k ʼ i d a d i d i i l y é é ł
h e e s h c h a h
n á á z h d o o t ʼ a s h
d a h i n o o h c h a ʼ
n í d a h w i i l n i h
y i s d é í n í ł ʼ é é l
n á h á l á á ʼ
d a ʼ a h o o g ą ́ ą ́ ʼ
c h ʼ í d a n o o ł d l o o z h
d a z d é e s x é é l
j i y o o c h a h
y i b a d ó y a ʼ
c h ʼ í d a n i i l d l ó ó s h
b i b a d o o t ʼ a a s h
y i s í n í n a h
n d e i d i y o o ł n i h
n a h í n í ł n i i ʼ
c h ʼ í n o o h k a i
y i n o ł y é
y i s d á d a j i s ʼ é é l
n í d a h i s o o l á á ʼ
d e i d i y o o h n a h
n i d a ʼ j i z h c h ʼ ą ą ʼ
d i n i s t s x i z
d e í n í i l d z í í l
c h ʼ í d a a l d l ó ó s h
n ó d a a h
b i b a d i d o o h k a h
d a n i i t ʼ į į h
n á á n o o h k a i
c h ʼ í j í l d l o o z h
b i b a d i d e e s h á á ł
k ʼ i d i d i i l y é é ł
d a ʼ i i d i i l w o s h
b i b a ń d i i k a h
n á á n i i k á á h
n í d a s o o h d l į ́ į ́ ʼ
i i z h d o o ł b į į ł
c h ʼ í n í s h d l ó ó s h
n á y o o h ʼ n a h
y i s d á d a d o o ł ʼ o ł
n é i i d l e e h
d e i d i i ł t ł ʼ i i z h
d e i z k ʼ ą ́ ą ́ z
n d a s i i l t s ʼ ǫ ́ ǫ ́ d
h o o h c h a h
á n ó ł t s ʼ ó ó z í
y i s d á d a d i i l ʼ o ł
s h i j é í d í s h j o o l
c h ʼ í j í g h á á h
d e i d i i ł t ł ʼ í í s h
i i z h d o o ł h o s h
h o n i s h c h i n
á d a n o ł t s ʼ ó ó z í
d a ʼ i i z h d o o ł b į į ł
b i b a d i d o o h ʼ a s h
d e i s o o ł y e ʼ
h e e s h g h a l
y i s h h a s h
d a j í l c h ʼ ą ą ł
d e i d i y o o ł h é é ł
c h ʼ í n i i l d l ó ó s h
a d í í n í s h d í í n
n d a z h d o o d z į ́ į ́ s
d a ł i n i i k ʼ a i i
c h ʼ í d e e s h d l o s h
d a j i y e e c h é é h
b i b a d i s o o ʼ á á z h
b i b a n í z h d í ʼ a s h
b i b a z h d ó ʼ a a s h
d a z h d i y o o ł h é é ł
á d a j í ł t s ʼ ó ó z í
a h i j o o g ą ́ ą ́ ʼ
d a ʼ i i c h ʼ i i z h
c h ʼ í n i i t ʼ a a s h
c h ʼ í d e e s h á á ł
d a y i i ł t s o o d
d a d o o ł t ł ʼ i i z h
n i n é i i ʼ n e e h
h a d a a h k ʼ ę ́ ę ́ h
n d a s o o ł t s ʼ ǫ ́ ǫ ́ d
n e i d o o ł t s ʼ ǫ ł
d a d e e k w i h
n i d a ʼ a z h c h ʼ ą ą ʼ
d a n i h í l á z h o o z h
d e i d í n ó o ł ʼ į į ł
n i d a ʼ i i c h ʼ ą ą h
d e í n í i d ǫ ́ ǫ ́ s
d a s o o k ʼ ą ́ ą ́ z
d e í n ó ł t s ʼ ǫ ǫ d
b i b a d i d i i t ʼ a s h
d a n i h í t s ą ́ ą ́ ʼ
c h ʼ í d o o ł d l o s h
n d e i d o o ł g i s h
c h ʼ í d i i t ʼ a s h
d a n i h i k é t s í í n
h a d e i d o o ł ʼ o ł
d a o o h j į ́ į ́ h
d í n í i b į į ł
j i d í n ó o ł ʼ į į ł
n d e i d o o d z į ́ į ́ s
d a z h d i ʼ n í ł d í í n
b i b a d i d í í n á á ł
d a ʼ i i d i i l b į į ł
n i h i n á t ʼ é é z h
n i h i n á t ʼ é é z h
á d e i i d z a a
n d a z h d o o t į ́ į ́ ł
c h ʼ í n o o ʼ á á z h
d a n ó o ł ʼ į ́ į ́ ʼ
h a d a z h d o o ł t ʼ e e ł
d a d e e d z a ʼ
d a n i h i t s i i g h a ʼ
d a h o n i i l c h i n
d e i d i ł h į ́ į ́ h
d i s i i t s ʼ ą ́ ą ́ ʼ
h w í í n í l n e ʼ
c h ʼ í n í s h á á h
d a ʼ j i s ł į ́ į ́ ʼ
j i n é é ł ʼ į ́ į ́ ʼ
d a s i n o o ʼ į ́ į ́ ʼ
d a n i h i t s é k ʼ e e
a d í í n í ł d í í n
d e i i j į ́ į ́ ʼ
n d a s h o o ł j o o l
j i i s g h a l
d a n i h i n á z h i i n
n í d a j i d l e e h
d a a w o d
d a j i i s i i b a ʼ
d i n i i b į į h
n a h á ł n i i ʼ
h a z h d o o ł t ʼ e e ł
y i s d á d o o ł ʼ o ł
d a n i h i c h ʼ í í ʼ
n i d a s h o o ł c h i d
d a z h d o o c h ʼ i s h
d a ʼ a h i i g ą ́ ą ́ ʼ
d a d i i d į ́ į ́ ł
í d a h o o ł ʼ a a h
n d a z h d o o t ł i s h
n i n á d a a ʼ n e e h
n e i s t s ʼ ǫ ́ ǫ ́ d
d e i d i i l t s é é ł
n í d a s h i i l z h o h
h a d a d i i l g o ł
n i h i ł e e t s ʼ a ʼ
n á á d o o h k a h
d a ʼ o h c h ʼ i i s h
d a ʼ o o ł h á á s h
n á n i i k e e h
d a ʼ d i i t ł ʼ ó ó ł
d í í n í ł h į ́ į ́ ʼ
a d e e s h t ł ʼ ó ó ł
n á á n ó h k á á h
d i i d í í ł j é é ʼ
n i d a j i s ʼ n a ʼ
a h í í n í g ą ́ ą ́ ʼ
n d e i d o o ł t ʼ i h
d a h o j í l c h i n
d a d i y i i l y é é ł
n d a z h d o o ʼ n a h
h a d e i i l g h a a ł
n d a d o o ł g i s h
n á á j í t ʼ a a s h
y i y í í c h ʼ i i z h
y í l c h ʼ ą ł
d a n i h i t s ó ó k é
h a d a j i s x a a l
d i z h d í í ł j é é ʼ
d a j i j o o z b a ʼ
y i s h z h ó ó ʼ
n i z h d o o ł c h i ł
n é i i k w i
d a n i h i t s ʼ í í s
n d e i z d z į ́ į ́ z
d a ʼ i i d o o ł h o s h
d a ʼ o o ł z h i i z h
n i z h d o o l j o ł
d a ʼ j i i ł h a a z h
n í d a h o h s o
n e e t ʼ į ́ į ́ ʼ
n e i d o o ł g i s h
n d a j i z d z į ́ į ́ z
d a h o d o o ł n i h
n i d e i i l g i z h
a j i i ł h a a z h
n d a z h d o o l j o ł
n á h ó ł n i h
n ó o ł ʼ į ́ į ́ ʼ
n á á n á d á á h
d a n i h i c h ʼ o o n í
d a ʼ i i l z h i i z h
h a d e i d o o k a ł
n i ʼ d o o c h ʼ ą h
d a d o o h d į ́ į ́ ł
n e i d o o ł t e e ł
c h ʼ é é í n í s i d
a d e i d o o ł t ʼ a h
k ʼ i d a d o o l á
n d a z h d o o t i ł
í i n i d z a a
d a y i i ł c h i i ʼ
d e i i l g h a s h
h a d a s h o o ł g i z h
d a ʼ i i l z h i s h
d a h a z l į ́ į ́ ʼ
d a j i c h ʼ i s h
d a h o z h d o o t a ł
a d o o m a s
a d a s i i t ʼ é é l
a d a j i t s ʼ ǫ ǫ d
n d a s o o ł t ʼ a ʼ
h a d e i i l k a a ł
n i d a j i ł c h i d
n d a s i i l t s e e d
n d a d i i ʼ n e e ł
n á h o s i i d z o
n d a a ł t s ʼ ǫ ǫ d
d e i n i i l y é
d e í n ó h ʼ e e ł
h a d e i ł g é é s h
n i d a s h i i l g i z h
d a n i h i t ʼ ą ą ʼ
n d a s i i l k á á ʼ
n d a d i i l c h i ł
n i d a s i i ʼ n e ʼ
d a a h c h ʼ i s h
n i h í l á t s í í n
j i n e e z k é
d a z h d o o j a h
h a a h k ʼ ę ́ ę ́ h
a d a a h s ǫ ́ ǫ ́ s
n i d a j i s h g i z h
