d e i t i ʼ
d e i l ó ó s
í í n í t e e l
a z h í
d a j i z i i d
n d a a t a z
a d a a s a a l
a d a a ʼ e e ł
h a z ǫ ʼ
j i ł ʼ á
a d e i i l j i i d
a d a a t s ʼ ǫ ǫ d
y i y i d
a z h i ʼ
w o h c h a
a z á a n i i
n i y e ʼ
a y é é l
o o m á á z
a n á á ʼ
a t ł ʼ ó
y i z á z í
y i s h ʼ á
s í ł h é
á t ʼ į ́
a z é é ʼ
y i s h ʼ á
b i b i d
n i z á z í
d a y o o ʼ n é é h
n i n á á ʼ
b i z á z í
h a k ą ʼ
y i n á á ʼ
j i d ą ́
y í g h a z
y i z é é s
y i t s ó í
h a c h o ʼ
a c h a a n
h á n a a í
n á n í k w i
y í n í n i l
j i i ł h é
j i l k e e d
n i ł t e e h
i i l t ʼ i ʼ
y í n i i ʼ
j i d i s é í
j i t i ʼ
d e i s d o
n i z h i ʼ
y i b í z h í
a j á á d
i i l t ʼ é é h
j í í c h a
b i l a h
a j á á d
s i i l n á
n e i l é
a h i g ą ́
i i n é é h
y í j i h
y i g o d
d í k ó ó h
a j i z ǫ ́ ǫ ́ s
s o o g i s
d o h s é í
y i i l ʼ á
d í í j i h
b i j a a ʼ
n i t s ó í
y i n i i h
b i t s ó í
y o o n a h
j o o z ǫ ́ ǫ ́ s
j i z í í d
d e i ł ą ą h
j i z g i s
y í ł t s o s
y i j á á d
h a j a a ʼ
j i ł t s o ʼ
i i l t ʼ ó ó d
s h í n i ʼ
d e i ł ʼ á
b i k e e ʼ
j o o ʼ a s h
d a n i n e e z
d e i z í í d
n i j i z l á
j i g h a a s
w o l y é
d e i i t i ʼ
n i k e e ʼ
h a z é é ʼ
y i ł h i z
d e i n i i h
n i t s ʼ i n
n a a h n é
s h i d o h
á k ʼ a ʼ í
h a k a i ʼ
y i b i d
n i d a j i l é
a k ʼ a h
j í ł d ó ó h
b i d á y i ʼ
h a d a a ʼ
w o o s ą ́
y í k ʼ a ʼ í
h a k ʼ i s
j i i ł b a ʼ
a h o h g ą ́
d i s é í
a c h ʼ o z h
y i j á á d
d í í c h a h
n a n i l o ʼ
o ł c h i n
s é d é é l
n i ł j i i d
n a a h ł o ʼ
o o h n é é h
y í ł ʼ a a d
y i ł t ʼ o ʼ
d e i i c h a
n i h i t o ʼ
h o ł n e ʼ
d e i d z í í d
a n i m á á s
d e i s é é h
n á h ó z o
j í n e e z
y i i b a ʼ
d o o h d z i ł
n a a s h ł o ʼ
i i l t ʼ o o d
y i d a a ł t ʼ é
d e i ł h i z
h a i k a a ł
n i s é é h
d o o ł d a h
d a s o o g i s
n o ł d ó ó h
y i s é é h
n i k é y a h
i i t e e ł
n e i i d l o ʼ
y i s h t ʼ o ł
s é ł h į ́
s h i g a a n
y i d e e ł
b í k ʼ a ʼ í
j í í n i i ʼ
y i i g i z h
i i t e e ł
y i l ʼ i s
i i ʼ m á á z
w o ł k i ł
y í ł d ó ó h
n á s h k w i
j í í l ó ó z
y i s h ʼ į ́
s h í n a a í
d e i j e e h
d í í t ʼ o ł
y í n í z ǫ ́ ǫ ́ z
d a j i z é é s
h a t s ʼ í í s
h a b í z h í
n e i i ʼ n é
a j i t ł ʼ ó
h ó l n e ʼ
j í í z e e z
d e i i d ą ́
n i l k e e d
o o h m á á s
y ó ó n é é h
h ó ó l n e ʼ
d i ł h i ł
n e i i ʼ n é
j í í ł j i d
h a d á y i ʼ
y i i l ʼ a a d
y í ł d é é l
n j ó n e ʼ
n i h i w o l
h á á g e e d
y i i ʼ n i l
h a t ʼ ą ą ʼ
n i h i w o l
d i i l d o h
y i s d z í í d
j i ł j į z h
b i t s o o ʼ
n i d e i l é
y i i t ʼ á á ł
d a n i h i z ǫ ʼ
y i t s i i ʼ
y i s ʼ i s
s i i l g h a ł
d a d e e z k w i h
a d e i z ǫ ́ ǫ ́ s
a j i ʼ e e ł
d e i ʼ i z
j i ł ʼ e e ł
h a i i k a l
n a a ł t ʼ i ʼ
i i ł t ʼ o o d
j i ł d e e ł
w o ł d e e ł
y i i l t s o ʼ
a d o o ł j i ł
y i s h d é é h
n i j i z y į ́
y i ł t ʼ á á h
a d a a h t e e ł
n i h i b i d
h á t á á ʼ
h á á ł g e e d
d a a h h a a s
j i ł j i i d
i i s h t e e ł
y i ł ʼ e e ł
j o o l t a ł
y i d i y e e s h n a h
n i d á y i ʼ
h a n i k a a ł
n d í í t i ł
a d i i t i ł
í í n í m á á z
a d i i l t ʼ o ł
y i i l ą ą d
j i d i ʼ i l
ł i n i i t s x o
s h i c h a a n
j o o l k i d
a d e e z h í
y o o ʼ n a h
d o o h j i h
y i y í í l ó ó z
y i d o o j i h
d a o o ł b a ʼ
a j í í s a a l
n d í í l o h
d i i l z h o h
d e i ł t s o ʼ
d a n i h i j á á d
n a a ʼ n a ʼ
