n d e e s h ʼ n e e ł
d a ʼ s i i t ł ʼ ǫ ́
d a y i i ł t s ó ó d
a d a d o o ʼ o ł
a d a j i ł t ʼ é é h
d a n i h í k ʼ a ʼ í
y i d í í ł h į ́ į ́ ʼ
d a d i i l j į s h
h a d a j i ł h a a ł
d a n i h i d o h
d e í n í i j á á h
d a d i n o h t ł é é ʼ
d a z h d o o l z h o h
n i h i m á y á z h í
n i h í t s ą ́ ą ́ ʼ
n d a j i z h t ł i z h
d e i n o ł y é
n i s h i i t ł i z h
a d a d o o ł t ʼ o ł
d a j i i ł t s o o d
y i i d ǫ ́ ǫ ́ s
d a o o h t s ó ó h
d a n i h i g h a n
d a o d i i l n i h
d a n i h i t s i i ʼ
n j i s t s ʼ ǫ ́ ǫ ́ d
n d a d i i l t e e ł
d e i z t ł é é ʼ
y i d o o ł t ʼ i s
h a d a j i z g e e d
n í d a h o s i i d z o
j i i l g h a a ł
d a j í í k ʼ ą ́ ą ́ z
d í n í i l ʼ į į ł
a h o o g ą ́ ą ́ ʼ
n i d a a ł c h i d
i i d o o ł t ʼ a h
y i d o o d į ́ į ́ ł
d a d o o ł h a s h
d a n i h i k é y a h
n i s í n í ł k á á ʼ
d a o o c h ʼ i i z h
n i d a a ł c h i d
a d a s o o ł t ʼ a ʼ
n í s h i i l z h o h
n o o k e e h
h a i k ʼ ę ́ ę ́ h
i i d o o ł h o s h
b i n á t ʼ é é z h
d a j i c h ʼ i i s h
n d e i d o o ł k a h
h a y í í ł g e e d
n d a d o o ʼ n e e ł
a d e i i l t ʼ é é h
d e i c h ʼ i s h
y i y í í ł ʼ a a d
b i t s i i g h a ʼ
d a n i h i k e e ʼ
d a j i i ł t s ą ́
a s o o ł į ́ į ́ ʼ
d o o h c h ʼ i s h
h a d a j i ł k a a ł
h a y í í ł t ʼ e ʼ
d a ʼ a l z h i s h
d e í ł t ʼ é é h
a d a s o o ʼ é é l
d a h o o l n e ʼ
n i d o o t ʼ a h
d o o h c h ʼ i s h
h a d a j i ł t ʼ e ʼ
n d í í n e e ł
n i d a a ł g i z h
d i i d į ́ į ́ ł
s h i n a a l t e ʼ
d a z h d o o ł d i ł
h a i i k ʼ ę ę ʼ
d a n i h i z é í
h a j í í ł t ʼ e ʼ
n i s o o ł t ʼ a ʼ
n á á n í s d z á
d a z h d o o c h a h
d a j í í s h o o z h
d a n i h i k ą ʼ
n i s é n e ʼ
h a d a a ł ʼ e e ł
d a h w i i d l e e h
y i y í í z ǫ ́ ǫ ́ z
d a j í í ł c h o z h
d a y í í ł k ą ą d
y i d i ł h į ́ į ́ h
h o n i i l c h i n
d a y i i g i s h
n d a j i ł t ʼ a ʼ
a s é ł į ́ į ́ ʼ
h a n o o d a a ʼ
d a d o o j a h
h a d a a h k a a ł
j i d i ł h į ́ į ́ h
d e i i d ǫ ́ ǫ ́ s
d a o o s h o o z h
d a a h t ʼ e e s h
y i y i i ł h a ł
d e i i l d l á á d
d a d é e s x é é l
n i d a a s t ʼ a ʼ
h a j i ł g é é s h
d a d i i d į ́ į ́ ł
n í d e i s h o h
h a d a a ł t ʼ e ʼ
h a d i i l g h a ł
d e i j į ́ į ́ ʼ
d a s o o ł t ł ʼ á
w o o ł t s ó ó d
y o o t ł ʼ į ́ į ́ ł
y i y í í ł t ʼ a ʼ
k ʼ i d o o l á
h a d í í k ʼ ę h
d a d o o ł d a h
a j i i ł h á á s h
n i h i k é y a h
d a d i i l z h o h
d e i c h ʼ i i s h
d a d o o ł c h o s h
j i d o o ł j į s h
d a n i h i z h i ʼ
h a y í í k ʼ ę ę ʼ
y i i t ł ʼ į ́ į ́ ł
n d a a z h t ł i z h
h a d í í ł h a ł
d a n i h i z ę ę s
n d e e s h t e e ł
n i i t ʼ į į h
d e i i d l ó ó z
h a i ł g é é s h
n i s i i l ʼ é é l
a d a j i s t ʼ ó ó d
k ʼ i d í í n í l á
n í d a h o j i z o
w o h c h ʼ i i s h
d e i i t ł í í s h
n d i i t ł i s h
d a s h o o j é é ʼ
n d e e s h t ʼ i h
n i h a a d a a n í
d a j i i ł b á á h
d e i d o o c h i h
ł i k ʼ a i i
a d a a ł t ʼ á á h
d e i i l b á á h
d i d o o ł j é é ʼ
n i h i t s ó ó k é
h a d e e s h k a ł
n i s i i ʼ n a ʼ
n d a d i i t a s
h a i i l g h a a ł
d e i i l d é é h
n d e e s h t ʼ a h
á d a n o h d i n
h o h n i i h
d e e s h t ł ʼ é é ł
n i s o o ł t ʼ i ʼ
w o ł t ł ʼ é é h
d a z h d i ł i d
n i s i i ʼ n e ʼ
n d a d o o ł j o ł
b i d a n o ł t ʼ é
í c h ʼ i i s h
h á í n í ł k a a l
n i t s i i g h a ʼ
d e i i t ʼ i z
a d a d o o h t i ł
j i i j į ́ į ́ h
y i i l z h í í s h
n i j i s h c h i d
d a j í ʼ é é s h
n i d a j i z t ą ́
d e i y i i ł t s ą ́
d o o ł d l o s h
d e i i l c h o z h
d a j í í s h ǫ ǫ d
n í l á z h o o z h
n d e e s h k a h
b í l á z h o o z h
n e i d z į ́ į ́ s
d a j i z h c h í í ʼ
s h i k é t s í í n
n i s o o ł t s e e d
d a n i h i z h í
n d e i i l t ʼ a ʼ
d e i i l t s ą ́
s h i c h i d í
d a j i l k ʼ a i i
n d a s o o t a z
n i d a a s ʼ n a ʼ
i i s h n é é h
j i i n o h b a a h
n ó s h d a a h
n d e e s t s ʼ ǫ ł
e e s h z h i i z h
j o o l z h ó ó ʼ
h a z h d o o ł ʼ o ł
d a j i ł d l a a d
d a j í í g h a z
d a o o t s o i i
n i d a s i i g į ́
a s o o t ł ʼ ǫ ́
d a d i i t ʼ o ł
d a j í í l ó ó z
d e i i t s ó ó h
y i s h c h ʼ ą ł
d e i i l z é é h
a d a a h ʼ e e ł
d e e s h c h o s h
j í í s h i i z h
d a n i h i t o ʼ
b i n o ł t ʼ é
n i d a j i ʼ n a ʼ
n i s í n í t a z
n i h i c h ʼ o z h
a d a s i i d ǫ ́ ǫ ́ z
n á h í l á á h
h a d a j i z k a l
a d a j i ł j i i d
d a j i s n á
a y í í ł t ʼ ó ó d
d e i i l k e e d
h a d e i i l t ʼ e ʼ
n i h i j á á d
w o o ł c h í í h
d e i i d ǫ ́ ǫ ́ z
j i n e e z d á
n d o o t ł i s h
h a d i i l k a ł
d a ʼ j i ł e e h
d a y i i g i s
b i d a n i i l t ʼ é
n e i i l g i z h
j i d o o g i s h
d a j i s m á á z
n i s h o o ł g i z h
d a j í ł t s ó ó s
b í l á t s í í n
n á h ó h ł á á h
s h i c h ʼ í í ʼ
n i ł e e t s ʼ a ʼ
d a n i h i n í í ʼ
d a n i h i j á á d
i i n o ł b į į h
d a d o o h d i ł
i i s i i l b ą ́
n i s i i t é é l
n i h í k ʼ a ʼ í
w o ł t s ʼ ǫ ł
j o o l c h ʼ ą ł
d a a l t s ą ́
d a j í í ł d l á á d
d a y í í y i z h
d a a h d l e e ʼ
n e i s t ʼ a ʼ
d a a h ł ą ą h
y i s x a ł
d a o o h b á á h
d a j i ł c h o z h
i i c h ʼ i i z h
n i h i g h a n
á n i i d i n
d e i i l k ą ą h
n e i ł t ʼ i ʼ
n i h í n a a í
n i h i g a a n
d e i i l t ʼ e e s
d e i d o o g i s h
h a i ł h a a ł
á n ó ł d í í l
n i d a a h t i n
n i d a a z n e ʼ
h á í n í ł ʼ é é l
h a o o ł g e e d
y i i s h b á á h
d a j i s h j į z h
y i n i ł t s ą ́
á n i i l d í í l
a j í í z ǫ ́ ǫ ́ z
y i i l ʼ e e ł
n í n í d á
n a a s t ʼ a ʼ
n á h w i i d z o
n a n i ł t s e e d
y i d i y o o n a h
n d i i l t s ʼ ǫ ł
n d a d i i d l o h
y i i s t s é é h
d a y i i b á á h
d a j o o l d é é l
d a o o ł d l á á d
w o ł t ʼ o o d
n i h i c h a a n
h a o o ł t ʼ e ʼ
n i c h ʼ i y ą ʼ
n i h i k ʼ o s
d i n i i l y i ł
d a a h ʼ i z
d í í ł c h o s h
d e i z h j é é ʼ
b i n i i l t ʼ é
o o l z h i i z h
d a h o j i t a a ł
y i d o o ł d o h
y í n í z e e z
d e i i ʼ n i i ʼ
i i t s ʼ ǫ ́ ǫ ́ d
n í s h é s h o h
n i s í n í y į ́
y í n í ł d é é l
y i s h n á á h
y i i l t s ó ó d
n d í í ʼ n e e ł
d a o o s y e ʼ
y i i l t ʼ e e s
n i d a j i t i n
d a h o h n i i h
d a a h d ą ́
d i d o o k o h
d e e s h j į s h
n á h á s o
n i s o o ł k á á ʼ
n i h i t s i i ʼ
n d e e s h j o ł
d e i i l d e e ʼ
d e í ł k e e d
n i h i t s i i ʼ
n i h i n á z i z
b i c h ʼ i y ą ʼ
d a d i i d i ł
j o o ł t s o s
n d i i l ʼ o ł
á l á t s í í n
y i i s h g i s h
n d e e s t s i ł
d e i s h í í s h
h a i i l t ʼ e ʼ
j i d o o j i h
s h o o ł j į z h
d i i l c h o s h
n j i s t s e e d
y i y í í z i i d
y i i t ʼ i z
d a j í ʼ e e ł
n d i i ʼ n a h
n d o o ł t s ʼ ǫ ł
d a h o d i i t a ł
n i h i n í í ʼ
n i h i n í í ʼ
d a o o ł ą ą d
d a j i k ʼ ę ę h
h a i i k a a ł
d a j i l d é é h
s h i z á a n i i
d a a h s é é s
n i h i n á á ʼ
d e i i d z í í d
d a s o o ł ʼ a a d
y i i l g h a ł
n i i ʼ n e e z
d a n i h i z é é ʼ
d e i s h ǫ ǫ h
h o o ł n e ʼ
y i d o o l d a h
h a d e i k a a ł
d a j i ł j i i d
h a a s h t ʼ e ʼ
y i d o o ł ʼ a a ł
d e i i g a a s
h a a s h k a a ł
d a j i ł j į z h
k ʼ i d í l é
a d a a s á á ł
y i s t s ą ́
n d o o ł c h i ł
s h i i l g h a s h
h a i i l k a a l
d e í ʼ é é s h
d a o o ł d é é l
y í t ł i z h
n d í í ł c h i ł
n i h i k ą ʼ
n d í í ł ʼ o ł
n i s o o t a z
b i d e e z h í
h a d i i g o ł
d a j i d e e ł
a d í í ł t ʼ o ł
n e i ł t s e e d
y i t s ʼ í í s
í i n í n í z i n
a d a j i z ǫ ́ ǫ ́ z
n a a s h t ʼ i ʼ
d a j i z h j a a ʼ
d i n o h j o o l
n i h i k ą ʼ
d i i l j į s h
n a n i t e e ł
w o ł z h ó ó h
n a a ł ʼ e e ł
y i s h d é é l
h a j i ł ʼ e e ł
d i i c h ʼ i s h
b i d a j í ł t ʼ é
y i i t s ó ó h
d o o c h a h
n i h í t á á ʼ
d e e s h d a h
d e i i t ł e e h
n i s h ó ó s h
d e i i g i z h
s h i j ó ó z h
y i s h ʼ i s h
y i i t ʼ o o d
y i i l t ʼ ó ó d
d e i i b á á h
n i l d l ó ó s h
j i y o o n a h
n d a a ł ʼ e e ł
h w i i l n e ʼ
d a j i z d é é l
n i s m á á s
j i z h g i s h
y i i l z é é h
y i ł j i i d
n i s é ł k á á ʼ
d o o ł n á á ł
s h i n á á ʼ
w o ł t ʼ i h
o ł z h i s h
w o ł t s o s
y i i t ʼ ó ó d
d a d i ʼ i l
y i i l t s ʼ ǫ ł
j o o l d e e ʼ
d a d i j o o l
y í n í t i ʼ
j i i g i s h
n j i s k á á ʼ
y í l d z i ł
n a a t ʼ a ʼ
w o ł j į z h
n e i s k á á ʼ
w o ł t ʼ e e s
d a h o ł n e ʼ
n a a s h ʼ n a ʼ
n i h i c h ʼ i y ą ʼ
n d o o ł ʼ o ł
d e i ł t e e h
w o ł c h o z h
s h i n á z i z
y i ł c h o z h
y í c h a
a d o o h ʼ o ł
d a j i s ʼ é é l
y i s h c h o z h
d a n i h i z i z
y i i l d é é l
y i s t ʼ e e s
h o j i t a a ł
d e i i l ą ą d
y i s h j į z h
i i l t ʼ á á h
n i d a j i ł t é
n i h i z h í
a n a a l t e ʼ
y i s h t e e h
d e i ł j į z h
h a a ł ʼ e e ł
d e e s h d o h
y i s h j e e h
n i h í t á á ʼ
d a j i s t į ́
y í n í g h a z
i i l c h i n
a d e e s h t i ł
a d e e s m a s
y i i l t e e h
y i n á z i z
n j i s t ʼ a ʼ
d a o o s ą ́
y i i g i z h
a j í í ł j i d
d a a ł t s o ʼ
y i i d z í í d
a j í í m á á z
y i s t s ʼ í í d
s i t s o o ʼ
y i k ʼ a h
n d e i i ʼ n é
w o h ʼ i s h
y i i g i s h
y o o ʼ n é é h
y i i d z i i d
d i i c h i h
d a a ł n á á h
n a a ʼ n a ʼ
d a n i h i j á á d
d e i ł t s o ʼ
d i i l z h o h
n d í í l o h
a j í í s a a l
d a o o ł b a ʼ
y i d o o j i h
y i y í í l ó ó z
d o o h j i h
y o o ʼ n a h
a d e e z h í
j o o l k i d
s h i c h a a n
ł i n i i t s x o
j i d i ʼ i l
y i i l ą ą d
a d i i l t ʼ o ł
í í n í m á á z
a d i i t i ł
n d í í t i ł
h a n i k a a ł
n i d á y i ʼ
y i d i y e e s h n a h
j o o l t a ł
y i ł ʼ e e ł
i i s h t e e ł
j i ł j i i d
d a a h h a a s
h á á ł g e e d
h á t á á ʼ
n i h i b i d
a d a a h t e e ł
y i ł t ʼ á á h
n i j i z y į ́
y i s h d é é h
a d o o ł j i ł
y i i l t s o ʼ
w o ł d e e ł
j i ł d e e ł
i i ł t ʼ o o d
n a a ł t ʼ i ʼ
h a i i k a l
j i ł ʼ e e ł
d e i ʼ i z
a j i ʼ e e ł
a d e i z ǫ ́ ǫ ́ s
d a d e e z k w i h
s i i l g h a ł
y i s ʼ i s
y i t s i i ʼ
d a n i h i z ǫ ʼ
y i i t ʼ á á ł
n i d e i l é
b i t s o o ʼ
j i ł j į z h
y i s d z í í d
d i i l d o h
n i h i w o l
h a t ʼ ą ą ʼ
y i i ʼ n i l
h á á g e e d
n i h i w o l
n j ó n e ʼ
y í ł d é é l
y i i l ʼ a a d
h a d á y i ʼ
j í í ł j i d
n e i i ʼ n é
d i ł h i ł
h ó ó l n e ʼ
y ó ó n é é h
o o h m á á s
n i l k e e d
d e i i d ą ́
j í í z e e z
h ó l n e ʼ
a j i t ł ʼ ó
n e i i ʼ n é
h a b í z h í
h a t s ʼ í í s
d a j i z é é s
y í n í z ǫ ́ ǫ ́ z
d í í t ʼ o ł
d e i j e e h
s h í n a a í
y i s h ʼ į ́
j í í l ó ó z
n á s h k w i
y í ł d ó ó h
w o ł k i ł
i i ʼ m á á z
y i l ʼ i s
i i t e e ł
y i i g i z h
j í í n i i ʼ
b í k ʼ a ʼ í
y i d e e ł
s h i g a a n
s é ł h į ́
y i s h t ʼ o ł
n e i i d l o ʼ
i i t e e ł
n i k é y a h
y i s é é h
n o ł d ó ó h
d a s o o g i s
d o o ł d a h
n i s é é h
h a i k a a ł
d e i ł h i z
y i d a a ł t ʼ é
i i l t ʼ o o d
n a a s h ł o ʼ
d o o h d z i ł
y i i b a ʼ
j í n e e z
n á h ó z o
d e i s é é h
a n i m á á s
d e i d z í í d
h o ł n e ʼ
n i h i t o ʼ
d e i i c h a
y i ł t ʼ o ʼ
y í ł ʼ a a d
o o h n é é h
n a a h ł o ʼ
n i ł j i i d
s é d é é l
o ł c h i n
n a n i l o ʼ
d í í c h a h
y i j á á d
a c h ʼ o z h
d i s é í
a h o h g ą ́
j i i ł b a ʼ
h a k ʼ i s
y í k ʼ a ʼ í
w o o s ą ́
h a d a a ʼ
b i d á y i ʼ
j í ł d ó ó h
a k ʼ a h
n i d a j i l é
y i b i d
h a k a i ʼ
á k ʼ a ʼ í
s h i d o h
n a a h n é
n i t s ʼ i n
d e i n i i h
y i ł h i z
h a z é é ʼ
n i k e e ʼ
d e i i t i ʼ
w o l y é
j i g h a a s
n i j i z l á
d e i z í í d
d a n i n e e z
j o o ʼ a s h
b i k e e ʼ
d e i ł ʼ á
s h í n i ʼ
i i l t ʼ ó ó d
j i ł t s o ʼ
h a j a a ʼ
y i j á á d
y í ł t s o s
j i z g i s
d e i ł ą ą h
j i z í í d
j o o z ǫ ́ ǫ ́ s
y o o n a h
b i t s ó í
y i n i i h
n i t s ó í
b i j a a ʼ
d í í j i h
y i i l ʼ á
d o h s é í
s o o g i s
a j i z ǫ ́ ǫ ́ s
d í k ó ó h
y i g o d
y í j i h
i i n é é h
a h i g ą ́
n e i l é
s i i l n á
a j á á d
b i l a h
j í í c h a
i i l t ʼ é é h
a j á á d
y i b í z h í
n i z h i ʼ
d e i s d o
j i t i ʼ
j i d i s é í
y í n i i ʼ
i i l t ʼ i ʼ
n i ł t e e h
j i l k e e d
j i i ł h é
y í n í n i l
n á n í k w i
h á n a a í
a c h a a n
h a c h o ʼ
y i t s ó í
y i z é é s
y í g h a z
j i d ą ́
y i n á á ʼ
h a k ą ʼ
b i z á z í
n i n á á ʼ
d a y o o ʼ n é é h
n i z á z í
b i b i d
y i s h ʼ á
a z é é ʼ
á t ʼ į ́
s í ł h é
y i s h ʼ á
y i z á z í
a t ł ʼ ó
a n á á ʼ
o o m á á z
a y é é l
n i y e ʼ
a z á a n i i
w o h c h a
a z h i ʼ
y i y i d
a d a a t s ʼ ǫ ǫ d
a d e i i l j i i d
j i ł ʼ á
h a z ǫ ʼ
a d a a ʼ e e ł
a d a a s a a l
n d a a t a z
d a j i z i i d
a z h í
í í n í t e e l
d e i l ó ó s
d e i t i ʼ
