h o j í í t á á l
d a n i h i k ą ʼ
j i d i i t s ʼ į ́ į ́ h
y i b a d o o g h á á h
s h i j á á d
w o o t ł é é ʼ
n d o o h ł o h
a g o d
í í ʼ é é l
b i b a d o o s h á á h
d a j o o l k i d
a d í í n í i l d í í n
n i t s ʼ í í s
d a d i i l z é í
y i i l t ʼ o ʼ
d i i s t s ʼ į ́ į ́ h
a j í í t s ʼ ǫ ́ ǫ ́ d
h w i i d l e e h
j i c h a
y i i d z i i d
n á h k w i
d a n o ł m á á s
w o h s ǫ ́ ǫ ́ s
a j í í t e e l
j i d o o c h i h
h i l g h a a ł
d a d i s o o t s ʼ ą ́ ą ́ ʼ
a d í í n ó ł d í í n
y i i l t į ́
h a d e e s h t ʼ e e ł
y i i t ł e e h
n i s é t ą ́
d a j í í s h i i z h
y i i l g h a s h
n d e i l o ʼ
n i ʼ d e e s h c h ʼ ą h
n d a s o o d z į ́ į ́ z
á d i n
n e i i l ʼ e e ł
y i i c h ʼ i i z h
a d a a z n á
d e i ł d l a a d
n á y i i z l á á ʼ
n i s í n í ł t s ʼ ǫ ́ ǫ ́ d
j i l ʼ á
d a j i i b a ʼ
n i s i i l y á
n d e i i l t s e e d
n í t á á ʼ
j i s x a ł
w o o ł b á á h
í í s a a l
h o o c h a h
h a d a a h g é é d
i i s h x á á s h
y i s h d l ó ó s h
n e i i l j o o ł
a d a d i i l j i ł
y o o l d é é l
d i i l t ʼ o ł
n í d a h o ł n i h
d a a y ą ́
y í ł ʼ é é l
w o o n i l
d e i i l z h ó ó ʼ
n i s í n í ʼ n a ʼ
d a n i h i t s ʼ i n
j i i ł h a s h
y i i l b á á h
h a d a s o o ł k a a l
n a h i d í í ł n i h
ó h t ʼ į ́
y i y í í c h ʼ i i z h
n i d e i i g é
w o ł ʼ a h
d i n o h t ł é é ʼ
w o ł d l ó ó s h
n i h i y i d
d a d o o ł t ł ʼ í í s h
n d a o o n e ʼ
n d a d o o h n e e ł
n d i i t i ł
o o s b ą ́
y i i j į ́ į ́ ʼ
h a d o o h k ʼ ę h
h a d a j i ł ʼ e e ł
n i z ę ę s
y i i ł b a ʼ
n á h ó l n i h
d a ł i n i i t s x o
n d e e s h c h i ł
h a j á á d
y i i t s o i i
y i n i ł t s o o d
n i i j a a ʼ
n d a d i i t į ́ į ́ ł
y i z é í
n d a d o o ł c h i ł
y i d i i ł t ł ʼ i i z h
d a h o o ł n e ʼ
