h a d e i z g e e d
n i c h i d í
d a z h d o o ł d o h
a d a d i i l t ʼ a h
j i c h ʼ i i s h
d a j o o l t s ą ́
b i k ʼ i s
b i z i z
n d a j i l j o o ł
d í n í ł h é é l
y i i l j į z h
y i y í í t i ʼ
n í ł d ó ó h
n i h i c h ʼ o z h
y a a d a a n í
n d a s o o ł t ʼ i ʼ
n i s h í n í t ł i z h
h a o o k a l
d e i ł d e e ł
d e í ł m á á s
d i i l y į ́ į ́ h
w o h c h ʼ i s h
n d í í ł t s i ł
d i n i s h ʼ i l
d i n i i t ʼ i l
j i d í í ł i d
y i y í í ł ʼ é é l
y i s d á á ł ʼ é é l
w o h d ą ́
d i n o o h b į į h
n i h i t s ʼ í í s
h a k e e ʼ
d a n i h i j a a ʼ
n í i l ʼ į ́
a c h ʼ i i s h
n i h i y e ʼ
w o ł m a z
n á á d i i k a h
d a n í i l ʼ į ́
b i n á z h i i n
d a a l d i n
n e i d i y o o ł n i h
á t s ą ́ ą ́ ʼ
n i h i n á á ʼ
n á h a a d l á á ʼ
y i i k ʼ ą ą s
b í n a a í
a n á z i z
y i n i t s o i i
n í ł d o
y í n í ł t į ́
d a d i d o o h k o h
h á á k ʼ ę ę ʼ
d a n i h i d a a ʼ
j o o ł t ʼ o ł
y i i j į ́ į ́ h
a d a j i z m á á z
d a y í í c h ʼ i i z h
n i h i k é y a h
h o d i i l n i h
d e i d o o l z h o h
a d a j i z t e e l
b i b a d o o k á á h
d a y i i ł h a ł
a z h d o o t s ʼ ǫ ł
d a n i h i ł e e t s ʼ a ʼ
s h i d e e z h í
d a d o o d i ł
n d a j i ʼ n é
n i d a y i i ł n i i h
y i y í í ł c h o z h
n a n i ł k a a h
k ʼ i d í í l á
n a a s h k a a h
j i i s i i b a ʼ
y í n í s h i i z h
j í í c h ʼ i i z h
n í s h í n í s h o h
y i i l k i d
n e i i l t s ʼ ǫ ǫ d
a ł e e t s ʼ a ʼ
w o o ł h a ł
b i z ǫ ʼ
y i s h h i z h
n d a s i i l ʼ é é l
j i i s x į ́
n i z h d o o ʼ n e e ł
h a d a z h d o o k a ł
n i h i g a a n
d o o h s į ́ į ́ ł
y i n í ł m á á z
o o ł h á á s h
h á á ł h a a l
d a d í n ó o ł ʼ į į ł
n á y o o s h ʼ n a h
n j i z d z į ́ į ́ z
j i l z h ó ó h
d a d e e z a ʼ
n i z h d o o n e e ł
d a d o ł h į ́ į ́ h
