d a j i d ą ́
d a o o l ó ó z
n e i d o o l e e ł
n i s o o l á
i i d ǫ ́ ǫ ́ z
c h ʼ í d a d i i l d l o s h
h a g a a n
j í í ł d l á á d
n i k é t s í í n
j i n í j a a ʼ
a d e e s ǫ ́ ǫ ́ s
n i h i n i i ʼ
n é í s h o h
a s í n í ł c h ą ́ ą ́ ʼ
ń d i n i i b į į h
n a a s h t ʼ a ʼ
d a j í t ł ʼ į ́ į ́ h
n i s í n í ł t s e e d
d a d i n i i l y i ł
b i b a ń d ó h ʼ a s h
d a n i h i j á á d
y i l k e e d
d i d o ł j e e h
j i d i i ł t ł ʼ í í s h
y i s x i z
c h ʼ í d o o l d l o s h
j i d i t ł é é ʼ
b í n i ʼ
j í í t i ʼ
d a j i ł ą ą h
n a n i y é
h o j í l c h i n
d a ʼ a c h ʼ i i s h
n d a j i s t s e e d
d a j i i n i i b a a h
n i z h ʼ d o o c h ʼ ą h
h a d a a ł g é é d
d e e s h c h ʼ i s h
n i ʼ d o o h c h ʼ ą h
y í t s ą ́ ą ́ ʼ
a d a a z t s ʼ ǫ ́ ǫ ́ d
h a c h i d í
b i n i i ʼ
n i t o ʼ
y i g h a a s
s h i z á z í
y i z á a n i i
y i s k ʼ ą ą s
d a ʼ o o ł h a a z h
d a o o b a ʼ
y i i d é é s
s i i g i s
n i t i ʼ
h a d a d o o ł t ʼ e e ł
d a n i h i k é y a h
y í n í k ʼ ą ́ ą ́ z
d a z h d o o l t ʼ o ł
n í d a s o o k w i
y i d í í ł t s é é ł
n i b í z h í
d a z h d o o j i h
y i i t ʼ a s h
d a n i h i t s ʼ í í s
d a ʼ s o o t ł ʼ ǫ ́
n d a d o o h t ł i s h
a y e ʼ
í í n í z ǫ ́ ǫ ́ z
n i h i g h a n
n i d a h i s o o ł n i i ʼ
c h ʼ í d a n i i l d l o o z h
h a j í í ł g i z h
a d í í ʼ o ł
s h é c h í í ʼ
y i i d o o ł t s é é ł
í i t ʼ į ́
d a z h d e e z k w i h
d a j i s t ʼ é
n á n í d a a h
n i s h é ł g i z h
n d a d o o n e e ł
n e i ł t ʼ a ʼ
n á á n ó h t ʼ a a s h
y i y í í k ʼ ę ę ʼ
d í z h n ó o d a a ł
y i s h ʼ a h
s h í k ʼ a ʼ í
n i h i k é t s í í n
d a y í í ł d l á á d
a d a z h d o o ł t ʼ i h
n a h a s h n i i h
h a d o o ł k a ł
n d a j i s t ʼ i ʼ
a n á á ʼ
d i n o h b į į h
n d a d o o h ʼ n a h
d a h a l g h a a ł
d a j í í c h ʼ i i z h
y i d o o g i s h
n a a s ʼ n a ʼ
n i y i z h
