d e i z h j a a ʼ
y i s ǫ ́ ǫ ́ s
s h é ł j į z h
n i j i ł g i z h
n d í í t a s
h a k ʼ o s
h ó n i i h
w o o ł k ą ą d
n i h i t s ó í
d a s i i t ł é é ʼ
d a z h d o o ł n á á ł
y o o z ǫ ́ ǫ ́ s
d a n i h i n á t ʼ é é z h
s h i i l j į z h
n i ʼ i z
y i s d á d a o o ł ʼ é é l
d a n i h i t s i i ʼ
a m á y á z h í
n d o o n e e ł
i i t ł ʼ ó
y i b a ń d í ʼ a s h
n i h i t s o o ʼ
j í í k ʼ ę ę ʼ
a t s ó í
c h ʼ é g h á á h
d o o ł t ł ʼ i i z h
n d a j i s k á á ʼ
y í t á á ʼ
s i i d é é l
y i i s h c h í í h
n i z h d o o ł t ʼ a h
y i i s h j į ́ į ́ h
n i h i t ł ʼ a a k a ł
n i h i c h o ʼ
n i j i l é
a j o o s b į į h
s h o o c h í í ʼ
y i z h g i s h
y i n i i l y é
a d a d o o t s ʼ ǫ ł
y í ł t ʼ a ʼ
y i n á z h i i n
n i k ʼ é í
n í j í d l e e h
n j i t a z
d í í ł h a s h
n i h i j á á d
n e i ł g i z h
d a d i n i i t ł é é ʼ
y o o s h n é é h
n i s i i l k á á ʼ
n i h i n á á ʼ
y i t ʼ ą ą ʼ
n d a d o o t a s
d a a h h o d
d a s i i l n á
d í í d z i ł
h a a s h k ʼ ę ́ ę ́ h
í í ł t ʼ ó ó d
o o ł j i d
d í n ó o h k e e ł
n i s h j á á h
y i l a h
w o o h b á á h
n i k ʼ a h
d a z h d i t ł é é ʼ
d a n i h i n á á ʼ
d a j i s x a ł
h a j a a ʼ
h a i d o o ł ʼ o ł
h a d e i i l g é é d
j o o ʼ i s h
h a d a z h d o o ł g o ł
w o o h g i s
h á í n í g e e d
s h é t ʼ é é z h
d a y í í c h ʼ i i z h
y i i j i h
n i h í t s ą ́ ą ́ ʼ
a d a z h d o o ł t ʼ o ł
j i d o o ł d i ł
i i ʼ e e ł
i i l g h á á s h
w o o ł c h i i ʼ
w o h ʼ į ́
w o ł ʼ á
n a a s h t é
c h ʼ í d a d o o l d l o s h
y í n a a í
a d a a ł t ʼ o o d
d e i t ł e e h
d i s í n í t s ʼ ą ́ ą ́ ʼ
w o o ł d l o o z h
d e í n ó ł t s ó ó s
d a a h t ł í í s h
k ʼ i d e i d i d o o l é é ł
y í s h i i z h
á n i ʼ
h a d o o ł g o ł
n d o o t i ł
