d a n i h i c h ʼ o o n í
í d a h o j i i ł ʼ a a h
n a a s h t ł í í s h
d a n i h í k ʼ a ʼ í
h á í n í k a l
í d a h o o ł ʼ ą ́ ą ́ ʼ
w o o c h a
w o h t ł í í s h
y i z h í
d a j í ł m á á s
d e i n e e z ʼ į ́ į ́ ʼ
d í í l t ł ʼ é é ł
h á í n í ł h a a l
h a n i k ʼ ę ́ ę ́ h
n i t ʼ o o d
n i h i z ę ę s
s h i k é y a h
a ł e e h
s h i g h a n
d a a d l e e ʼ
d a a ł c h o z h
n i d a a t ʼ a ʼ
d e e s h c h i h
n e i s t ʼ i ʼ
n i w o d
á l á z h o o z h
d o o ł d o h
d e i z h t ʼ é é z h
d a n i h í n i ʼ
n i s h é ł c h i d
y i s d é i i l ʼ é é l
d a h i n o h c h é é h
n i h i k ą ʼ
n i h i c h ʼ í í ʼ
n i ł t ʼ o ʼ
d í n í í d a a ł
d a d o o ł m a s
d e i i l t ʼ ó ó d
d e e s h z h o h
d i i t s ʼ į ́ į ́ h
d i i l g h a s h
h a t ł ʼ a a k a ł
d a y o o l k i d
n d i i l g i s h
h a d e i d o o ł k a ł
w o o s h o o z h
n a n i l é
a d a d o o ł t ʼ a h
d e í ʼ į ́
j i i b a ʼ
d a y o o ł t s é é h
d a d i d i i z é í
á n i i l t s ʼ ó ó z í
y i i ł h a s h
n i y ą ́
n i d a s h i i l c h i d
d a s h i i t ʼ é é z h
h a z l į ́ į ́ ʼ
h a d a s i i k ʼ ę ę ʼ
h a d e e s h g o ł
y i i l t s o o d
h a d a n o o h d a a ʼ
d a y í í z e e z
d a y o o n é é h
d a z h d i d o o s é í
j o o l t s ą ́
n á h o j i l n i h
n á á d i i t ʼ a s h
í h o o ł ʼ ą ́ ą ́ ʼ
j i d l e e ʼ
í í s a a l
d i n i s h h i ł
y í n í s ą ́
d e i s m á á z
n i s h í n í ł g i z h
h a z h i ʼ
a n i ł t ʼ é é h
j i k ʼ ę ę h
h a j i ł g é é d
a g a a n
s i i k ʼ ą ́ ą ́ z
j i k ʼ ą ą s
d e e s h į ́ į ́ ł
a d a j i s a a l
n i i t ł ʼ a h
y i y i i ł h é
h a t s ʼ i n
k ʼ i z h d i l é
y i s d á d e i d o o ł ʼ o ł
y i i l t ʼ o ł
h a d a d i i g o ł
d a s o o d é é l
s h i t s ó ó k é
d a d o o h g i s h
d a j i z í í d
w o ł d i n
y i s h t ł ʼ é é h
a d o o ł t ʼ a h
n i s í n í t é é l
d a j o o l d e e ʼ
