d i d e e s h k o h
a j í í ł t ʼ a ʼ
d a o o c h ʼ i i z h
n i h i t ł ʼ e h
n á h á s h ł á á h
y i b a d ó ʼ a a s h
n d a d o o ł t s ʼ ǫ ł
d a a ł j į z h
y i y i i ł b a ʼ
h o d e e s h n i h
d a n i h i t ł ʼ a a k a ł
c h ʼ í n ó h k á á h
b i k ʼ é í
d a d i i l n á á ł
d a d i y o o ł h é é ł
n d o o ł k a h
n i s h t ł ʼ a h
n i d a ʼ d i i c h ʼ ą h
d e i i l z h ó ó s h
y i s h t ł ʼ á
w o ł k ą ą h
n i s h í n í ł c h i d
d a d o o h c h ʼ i s h
n d o o h t į ́ į ́ ł
j i l t ł ʼ é é h
c h ʼ í d o o h ʼ a s h
í í n í ł j i d
n i d a s o o t é é l
d o o h t ʼ o ł
d e e s t ʼ i s
d e i i l d é é l
y í j á á h
y i g a a n
n e i d o o ł t ʼ i h
n i d e i z l á
n i d a a h ł é
j i t s ʼ í í d
i i z ǫ ́ ǫ ́ s
d i d e i d i d o o ł j a h
d a ʼ i i d o o ł b į į ł
b i b a d i s o o h k a i
h a j í í g e e d
n e i i t ł í í s h
d a h a l c h i n
n d a h i d i i l n i h
n e i i l t s e e d
d a a ł k ą ą h
w o ł t s ą ́
y i i k ʼ ą ́ ą ́ z
h a o o g e e d
d a ʼ s o o ł c h ą ́ ą ́ ʼ
y i i l d z i ł
y i i g a z
n j i s ʼ é é l
d a ʼ i i l e e h
h a n i ł h a a ł
d a a ł t ʼ o ʼ
d a ʼ o ł z h i s h
d a n i h i c h ʼ i y ą ʼ
h a n á t ʼ é é z h
n a a h t e e ł
j i i t s ó ó h
o o ł b į į h
d a ʼ j i i ł h á á s h
h a d e i i k a a ł
d a z h ʼ d o o t ł ʼ ó ó ł
n i d a s o o h ʼ n a ʼ
w o ł d z i ł
d a ʼ s i i l į ́ į ́ ʼ
a d o h
n ó k e e h
h a y í í ł ʼ é é l
n i n á á ʼ
d a n i h i t s i i ʼ
d a o o ł b á á h
d a n i h i m á y á z h í
s h i i g i s h
n e i d o o ł t ʼ a h
y i i l k ą ą h
h a d í í ł ʼ o ł
d a n i h i g a a n
h a w o l
y í t i ʼ
n a a s t s ʼ ǫ ǫ d
i i t s ʼ ǫ ǫ d
b i z é í
s h i z i z
y i i l ʼ é é l
d a j i s t ʼ a ʼ
a n i i ʼ
y i k a i ʼ
n d a s i i d l o ʼ
d a a d e e ł
j i i n i i b a a h
j i ł ą ą h
d a o o ł k i d
s h i t o ʼ
y o o ʼ i s h
n í k ʼ a ʼ í
d í í ł h į ́ į ́ ʼ
a d o o ł t ʼ o ł
d a z d i i z t s ʼ ą ́ ą ́ ʼ
d e i d o o l t ʼ o ł
a d a j i s t ʼ i ʼ
b i b a ń d í d á á h
y i n á t ʼ é é z h
j i d o o l z h o h
n d a d i i ʼ n a h
d i z é é h
b i b a ń d í s h d á á h
n í d a s i i d l į ́ į ́ ʼ
y i z h d o o ł t s é é ł
d a n í i l ʼ į ́ į ́ ʼ
d e í n í i l t ʼ é é h
y i d i y o o ł h é é ł
o o h ʼ e e ł
d a n i h i j á á d
n i s i i ʼ n e ʼ
d a n i h i w o l
d e i i l d l a a d
n d o o h ł e e ł
d a z h d i k ó ó h
d i n i i t ł é é ʼ
w o h h i z h
n a a h ʼ n a ʼ
h ó l n e ʼ
d a j i ł t ʼ á á h
d i d a d o ł j e e h
n á á n á d z á
n i s í n í d z į ́ į ́ z
n i j i ł c h i d
á d a o h t ʼ į ́
d i i d z é é h
n i s í n í n e ʼ
y i z h j é é ʼ
n i c h ʼ o o n í
h a z ę ę s
d a y i i ł h a s h
y i c h í í h
n d a j i s t s ʼ ǫ ́ ǫ ́ d
n d a d o o ł t ʼ a h
n d a d o o ł t e e ł
y i i s h b á á h
w o o c h ʼ i i z h
n i t ł ʼ a h
n á n í k e e h
n i d e e z h í
d a a ł k e e d
n i h i n á z h i i n
y i i l c h ʼ ą ł
d a j i s d o
h o j i n i i h
d a j i n i t ł ʼ a h
n i h i t ł ʼ a a k a ł
n d a s o o l o ʼ
h a j ó ó z h
w o o h d z i i d
d a z h d i i ł t ł ʼ í í s h
j i d i i ł t ł ʼ i i z h
d e i i t s ʼ í í d
a d o o h t s ʼ ǫ ł
w o h s é é s
n a ʼ í c h ʼ ą ą h
h a d a j i s k a a l
n i h i n a a l t e ʼ
n d a j i z t a z
í i d a z n í z i n
j i i ł t s ą ́
h a d a j i k ʼ ę ́ ę ́ h
a s í n í t ł ʼ ǫ ́
d a d í n ó o ł h é é l
n i h i g a a n
y i k ʼ i s
n i z h d o o ł t s ʼ ǫ ł
c h ʼ í j í l d l ó ó s h
n i n á z i z
d í í y į ́ į ́ ł
y i k é y a h
d í í ł i d
y i n i ł b a ʼ
y i i b a ʼ
d a ʼ í í c h ʼ i i z h
d e i i t ʼ ó ó d
d a y o o n a h
d a a h k ʼ ę ę h
c h ʼ é é d a j i s i d
y i l t a ł
n d a a l j o o ł
á d a a ł t s ʼ ó ó z í
d a j o o d z i i d
y i d ą ́
d a o l y é
n a n i ł t é
n á á n i i t ʼ á á z h
d a n i h i c h ʼ i y ą ʼ
d a n i t ł ʼ a h
j i c h ʼ i s h
y i i l d l ó ó s h
d e i i l z h í í s h
d a j o o d ą ́ ą ́ ʼ
a s i i t ł ʼ ǫ ́
a k a i ʼ
y i s h d ą ́ ą ́ ʼ
a d a d i i t i ł
d a d o o h c h ʼ i s h
y i s h c h í í h
a t s ó ó k é
j i i n í b a a h
í í ł j i d
a n í í ʼ
d a h a l e e h
o o z ǫ ́ ǫ ́ z
y o o ł t ʼ o ł
b i j ó ó z h
y í n í l t ł ʼ á
o o t e e l
n i c h ʼ o z h
d i s h h į ́ į ́ h
y i i d z í í d
á z h n í l d í í l
d a d i i l c h o s h
y i i ʼ o ł
n i z h d o o ł k a h
n i k ʼ ą ą s
y i k ą ʼ
ń d a y o o ʼ n a h
y i s h c h ʼ i i s h
y i t ʼ o o d
c h ʼ í í n í y á
d a n i h i g a a n
s h i z é í
h a n i ł k a a ł
b i n i s h t ʼ é
d a d i n o h j o o l
d a z h d i ł h į ́ į ́ h
a n i ʼ e e ł
y í ʼ o ł
d a y i i t s ó ó h
d a s i i l t ʼ é
n d a a ʼ n é
j i y e e c h é é h
n i s í n í t ą ́
a d i i l t ʼ a h
n i n á s h ʼ n e e h
d e i i l t s é é h
n a a z t é é l
b i c h ʼ í í ʼ
d e i z h c h í í ʼ
j i t ł e e h
d a d i t s x i z
d a a h k ʼ ą ą s
b i t s ʼ í í s
d a n i h i y e ʼ
n d a d o o t i ł
w o h s é é h
h w í í n í t á á l
d a d i i l d l o s h
h ó ó t á á l
y i s í í d
d a h i n i i c h a ʼ
n d a d o o h h é é ł
y i y í í ł k ą ą d
á n í ł t s ʼ ó ó z í
n i s é d z į ́ į ́ z
b i k a i ʼ
a d e i d o o z ǫ ́ ǫ ́ s
w o h n í í ł
y o o n a h
h a d a z h d o o ł k a ł
n d a d i i t i ł
n i l t ʼ o o d
d e i s t ʼ é
n a a s h c h i d
y i d o o ł h a s h
n a a s h c h i d
d e i z h d o o ł t s é é ł
d a n i h i j a a ʼ
d a ʼ i i s i i l b ą ́
y i i d ą ́ ą ́ ʼ
s h i z ǫ ʼ
d a d i i l d a h
y i i c h í í h
á n a a í
c h ʼ í d o o g á á ł
í í t e e l
i i s m á á s
d e i ł j i i d
h a d a n e e s d a a ʼ
h a d í í ł t ʼ e e ł
d a d o o h d z i ł
a d e i i ʼ n é é h
n d a a h ʼ n é
d a n i h i t ł ʼ e h
d a d i i l t ʼ i s
j i d i d o o k o h
d a a h n i i h
y i c h ʼ i y ą ʼ
h á l á z h o o z h
a j í í n á
d a n i h i d o h
d a n i h i j a a ʼ
j i d o o d z i ł
a n i ł t ʼ á á h
d a h o s i i d l į ́ į ́ ʼ
n d í í y é é ł
d a j i y o o n é é h
y i i g i s
h a n á z h i i n
y i d e e s t s é é ł
s h i b í z h í
n d e i d o o ł t e e ł
s h í n a a í
d a n i h i t s ʼ í í s
d a o o y ą ́ ą ́ ʼ
a d e e s h t ʼ o ł
b i g a a n
i i ʼ n é é h
n í d a h a z o
n d e e s h t i ł
n i j e e h
d a n i h i z á a n i i
d a a h d z í í d
d e i s h ó ó s h
d e i i t ʼ o o d
h a d a n i i d a a ʼ
n í d e i i k w i
d a n o o j a a ʼ
a d a d i i d ǫ ́ ǫ ́ s
h a d a a ł k a a ł
h a n i i d á á h
d a n i h i l a h
d e i s h j į z h
d a j í í ł ą ą d
n e i ł k a a h
y i i l t ł ʼ é é h
d e i z h g i s h
y i s h t ʼ o ʼ
y i n é é ł ʼ į ́ į ́ ʼ
n i d a j i s h c h i d
n i d a s o o n e ʼ
d a d o o ł t ł ʼ é é ł
n j i s t ʼ i ʼ
n i ʼ s h í n í c h ʼ ą ą ʼ
j i n í ł m á á z
c h ʼ í d i i l d l o s h
d e i d i d o o s é í
n e i s ʼ é é l
d a n i h í l á t s í í n
n d a z h d o o ʼ n e e ł
d a o h s ą ́
y i i b a ʼ
d o h s é é h
d a o o ł d e e ʼ
y o o d ą ́ ą ́ ʼ
d a n i h i t ʼ ą ą ʼ
n a a s d z į ́ į ́ s
d a a ł ʼ á
h a d o o ł t ʼ e e ł
n d a z h d o o ł t ʼ a h
n i d e i i ʼ n é
d a a ł d e e ł
d a z h d o o l d a h
n i z h d o o ʼ n a h
y i y í í ł d é é l
a n á z h i i n
h o z h d o o l n i h
d a a h c h a
d a a h h i z h
n i l d e e ł
h a a s h g é é s h
d a n i h i g h a n
n i h i g a a n
a k e e ʼ
n i h i z ę ę s
y o o l z h ó ó ʼ
n d a d o o h ʼ n e e ł
h a z h d o o ł k a ł
n i s o o h ʼ n a ʼ
n d a s o o ł k á á ʼ
i i s h ʼ e e ł
d i s é t s ʼ ą ́ ą ́ ʼ
d e i d i s é í
d a n i h i d á y i ʼ
y i w o d
d a n i h i d o h
n d e i s ʼ é é l
y i i l t ł ʼ á
n i s i i t ą ́
y í ł k i ł
h a i i g e e d
d a s o o n i l
s í t s ą ́ ą ́ ʼ
d a j i y i z h
d a n i h i j é í d í s h j o o l
a d a j i z t s ʼ ǫ ́ ǫ ́ d
d a d i i j i h
j i ł k ą ą h
d e i s i i l y e ʼ
w o h ł ą ą h
d i d o o h k o h
d a a z t ł i z h
d i d í ł j e e h
y o o d z i i d
n i d a ʼ a t ł ʼ o ʼ
n i n á d a j i ʼ n e e h
c h ʼ í n i i k á á h
w o o z i i d
d a n o h j á á h
n á á d e e s h d á á ł
d e i t ʼ e e s h
d a y í í l ó ó z
n a n i ł c h i d
n d a d o o ʼ n a h
j i i ł t s o o d
n i s é ł t s ʼ ǫ ́ ǫ ́ d
h a i i g é é d
y i d o o ł c h o s h
n i j i ł t é
h a d o o ł ʼ o ł
y i c h i d í
y í l t a ł
y i i l d é é l
n i h i c h ʼ í í ʼ
n i s o o h ʼ n e ʼ
i i l e e h
y o o h n a h
n i n á h ʼ n e e h
n a a t ł í í s h
d e i i t i ʼ
s é ł t ʼ é
n i h i c h i d í
d o o h k ó ó h
á n í n í l d í í l
d e í l d z í í l
y o o ł ʼ a h
d a d í n í i l ʼ į į ł
d e i z n i l
d i i d į ́ į ́ ł
y i y i i ł b á á h
a d a z h d o o z ǫ ́ ǫ ́ s
í h w i i l ʼ a a h
c h ʼ é é d a n i i l z í í d
n d a j i s ʼ é é l
w o o ł t ł ʼ á
a g o d
d a n i h i n á z i z
y i ł j į z h
d a o o ł d é é l
j í í ł t į ́
d a j i ł h i z
d a o o ł k ą ą d
i i d o o ł t ʼ i h
j i j o o b a a h
a d a a n é é h
d e i d i y i i ʼ n a h
d a n i h i t s é k ʼ e e
n i h í l á z h o o z h
d a a ł z h ó ó h
d a j i y ą ́
n i h i c h ʼ o o n í
n a ó ó n e ʼ
n i s í n í l á
n i d a s h o o ł g i z h
y i d o o y į ́ į ́ ł
n d e e s h ʼ o ł
d a n i h i c h a a n
n á h d l e e h
h a i ł k a a ł
y í n í ł m á á z
a z h d o o ʼ o ł
n d e e s h ł o h
w o ł k e e d
d a z n e e z ʼ į ́ į ́ ʼ
d a n i h i g o d
d a a h j e e h
d a n i h i c h ʼ o z h
n d e i s t ʼ a ʼ
n j i z h t ł i z h
n a a s h j o o l
b i d a a ʼ
ó o h d z a a
y i i l t s ą ́
y i i b á á h
y o o ʼ á á ł
h i n i s h c h é é h
d e i d o o ł d i ł
n é ʼ į ́ į ́ ʼ
w o o ł ą ą d
n e i i ʼ n a ʼ
c h ʼ í d í í l d l o s h
n i s h o o ł j o o l
b i k é y a h
i i d í í b į į ł
ł i n í t s x o
a d e i i l t ʼ á á h
n a n i t a z
n i g a a n
d a n i h i t s i i ʼ
d a ł i n o h t s x o
y í n í l k i d
