y i y i i ł t s ó ó d
d a d i i c h a h
n e e z d á
n j i z l o ʼ
d a y o o h n a h
n i h i t s ʼ í í s
a k ʼ é í
y i s t ʼ é
d a j i d l e e ʼ
a d o o ʼ o ł
n i h i z á z í
y i s h d l o o z h
c h ʼ í n i i k a i
d a n i h i z á z í
d e i i c h a
d a h w i i t a a ł
n e i d o o l o h
a d a a h n é é h
y i k ʼ ą ą s
n i h i z é é ʼ
j i i ł t s ó ó d
a a d a a n í
n i h i n á á ʼ
y í ł t ʼ ó ó d
n á h ó h s o
n d e e s h t į ́ į ́ ł
h a i i l g h a a l
n d a z h d o o ł t e e ł
n i h i t s ʼ í í s
h í í c h a h
j i ł m a z
n d i i ʼ n e e ł
í h o o ł ʼ a a h
á j í ł t s ʼ ó ó z í
y i s m a z
y i s d á j í í ł ʼ é é l
y i s h d l e e ʼ
n i h i d á y i ʼ
n d í í ł t ʼ a h
d a j í l ʼ é é s
n i k a i ʼ
y í n í c h a
d a o o h j į ́ į ́ ʼ
j í í y ą ́ ą ́ ʼ
d a n i h i d a a ʼ
d a d i i t s ʼ į ́ į ́ h
n d e i s t ʼ i ʼ
y i j á á d
d i i j i h
h o d o o h t a ł
n e i ł t s ʼ ǫ ǫ d
n i h i k ą ʼ
h ó t a a ł
n á y o o ʼ n a h
n i z h d o o t i ł
d a n i h i b í z h í
h i n i i c h a ʼ
a d a a ł j i i d
d e í ł ʼ á á h
a d a j i ł t ʼ o o d
b i t s i i ʼ
n i d a s o o ł t į ́
d a d i i l g h a s h
n i z h í
n i h i j á á d
j i d i z é é h
d e i k ʼ ę ę h
í d a h o o ł ʼ a a h
d e i s ʼ é é l
y i n í ł d o
d a n i h i c h o ʼ
s h i y é é l
d í í c h ʼ i s h
a d e i s t ʼ a ʼ
n í d a a s d l į ́ į ́ ʼ
d a j í í y ą ́ ą ́ ʼ
y i ł k ą ą h
k ʼ i d i i l y á
c h ʼ é é n ó h s í í d
y i n a a l t e ʼ
j i i ł h a ł
s h é g i s h
d a y í í t ʼ ó ó d
n d a a z t a z
h a d e i i g é é d
n i h i j a a ʼ
n á h w i i l n i h
j í í z i i d
d a j i i l g h a a ł
d e i d o o t ʼ o ł
j i d í í s é í
k ʼ i d a d i i l y é
d i i d i d o o ł j a h
n i h i c h a a n
n i d a ʼ a z t ł ʼ ǫ ́
d a h o h ł e e h
h a a h g é é d
j i l d e e ł
a n i z ǫ ́ ǫ ́ s
d a j i i s o o b a ʼ
y i i l t ʼ á á h
i i t ʼ é é l
n a a ł g i z h
d i d e e s t s ʼ į ́ į ́ ł
d a n i h i w o l
y i y í í g h a z
s h i i j é é ʼ
n í d a s i i k w i
n i l d i n
s í n í k ʼ ą ́ ą ́ z
s h i d á y i ʼ
s h i n á á ʼ
i i ł h a a z h
j i n í ł d o
y i i g i s h
d a n i h i t ł ʼ a a k a ł
d a s i i d é é l
s h o o g i s h
y í t ł i z h
d a z h d o o ł t ʼ i s
a d a s o o ł t ʼ ó ó d
a t s ʼ i n
d í n í k w i h
d a d í n í i l y é é l
i i n i i l b į į h
d z i ʼ i z
d o o ł t ł ʼ í í s h
n i z h d o o l o h
y i y í í ł d l á á d
n i s o o d z į ́ į ́ z
a s i i l c h ą ́ ą ́ ʼ
i i t e e l
n a o o n e ʼ
a d a s i i ʼ m á á z
n í n í ʼ į ́ į ́ ʼ
n d a z h d o o t a s
y i d i y o o h n a h
d e i ł n á á h
h a d e i d o o k ʼ ę h
n d í í ł t e e ł
y o o ł k i ł
d a n i h í t s ą ́ ą ́ ʼ
i i s h t ʼ é é h
a s i i l į ́ į ́ ʼ
h í í n í l g h a l
á n í l d í í l
d i n o h ʼ i l
n í d a h a a d l á á ʼ
b i y é é l
d a n i h a a d a a n í
b i n á á ʼ
y i l d l o o z h
d i d í í n í ł j é é ʼ
n i g o d
j í í z ǫ ́ ǫ ́ z
d a z h n i ʼ į į h
j i n í í ł
d a ʼ d o o t ł ʼ ó ó ł
h a c h ʼ o z h
j i z h t ʼ é é z h
d a o o t i ʼ
d a d i i c h ʼ i s h
n i h í k ʼ a ʼ í
d a d o o h k ó ó h
h a t ł ʼ e h
y i i ʼ n í í ł
d a z h d i z é é h
d a j i t ł e e h
b a a d a a n í
n i s h i i l c h i d
y í n í l d l o o z h
y i i l c h o z h
j í í t ł é é ʼ
d a j i i ł h é
n i d a s i i ʼ n a ʼ
a d é i i t ʼ į ́
á d a d i i ʼ n í í ł
á d a d o o h n í í ł
s í n í ł h į ́
n d e i d o o ł ʼ o ł
w o o ł t s o o d
y i n í í ʼ
d e i d o o ł h a s h
n i d a s i i t ą ́
n e i s t s e e d
n o h t ł ʼ a h
n e i ł ʼ e e ł
a z h d o o ł t ʼ i h
d i t s x i z
d e i i c h ʼ i i z h
á n í s h d í í l
s i t s ʼ i n
d o o h c h i h
h a d a d i i k a ł
d a a ł j i i d
y í l á z h o o z h
n d a h i d o o ł n i h
a d e e s h ʼ o ł
h a i i l t ʼ e ʼ
s h i j a a ʼ
n i s é ł t į ́
n d i i l t e e ł
d e í n í i t ʼ a a h
n d e i d o o ł t ʼ a h
d a d i i d l i d
s h i t ʼ ą ą ʼ
h a t s ó í
d a n i h i k ʼ a h
d a s h i i g i s h
n i d a h i i l n i i h
y i l d é é h
w o ł t a ł
y i i l t ʼ ó ó d
d i ʼ i l
h a c h ʼ i y ą ʼ
s é k ʼ ą ́ ą ́ z
y i z g i s
á d a a d z a
a d i i t ʼ o ł
j i d o o t ʼ o ł
d a h i n i i c h é é h
a d e i d o o ł j i ł
h a j í í k ʼ ę ę ʼ
n i k ą ʼ
d e i s n á
h a i ł t ʼ e ʼ
d e í n ó ł t ʼ é é h
d e e z a ʼ
a d a a h s á á ł
c h ʼ é l d l o o z h
n e i ł t é
í h o o ł ʼ ą ́ ą ́ ʼ
d e i i c h ʼ i s h
w o o l ó ó z
d a o o ł t s o o d
d a h o j i n i i h
a d a s o o ł t ʼ i ʼ
n a h í ł n i i h
í í ł t ʼ i ʼ
d a j i t ʼ o o d
d a y o o d ą ́ ą ́ ʼ
n i h i t s ʼ í í s
í í n í s a a l
s h o o t ʼ é é z h
s é ł n á
n d a z h d o o n e e ł
n i j i z t ą ́
y í n í t ł i z h
a d a s i i l t ʼ a ʼ
d a s h i i l j i d
d a a ł n á á h
d i i c h i h
y i i d z i i d
y o o ʼ n é é h
y i i g i s h
w o h ʼ i s h
n d e i i ʼ n é
y i k ʼ a h
s i t s o o ʼ
y i s t s ʼ í í d
a j í í m á á z
y i i d z í í d
d a a ł t s o ʼ
a j í í ł j i d
y i i g i z h
d a o o s ą ́
n j i s t ʼ a ʼ
y i n á z i z
y i i l t e e h
a d e e s m a s
a d e e s h t i ł
i i l c h i n
y í n í g h a z
d a j i s t į ́
n i h í t á á ʼ
y i s h j e e h
d e e s h d o h
h a a ł ʼ e e ł
d e i ł j į z h
y i s h t e e h
a n a a l t e ʼ
n i h i z h í
n i d a j i ł t é
i i l t ʼ á á h
y i s h j į z h
d e i i l ą ą d
h o j i t a a ł
y i s t ʼ e e s
y i i l d é é l
d a n i h i z i z
y i s h c h o z h
d a j i s ʼ é é l
a d o o h ʼ o ł
y í c h a
y i ł c h o z h
s h i n á z i z
w o ł c h o z h
d e i ł t e e h
n d o o ł ʼ o ł
n i h i c h ʼ i y ą ʼ
n a a s h ʼ n a ʼ
d a h o ł n e ʼ
w o ł t ʼ e e s
n e i s k á á ʼ
w o ł j į z h
n a a t ʼ a ʼ
y í l d z i ł
n j i s k á á ʼ
j i i g i s h
y í n í t i ʼ
d a d i j o o l
j o o l d e e ʼ
y i i l t s ʼ ǫ ł
d a d i ʼ i l
y i i t ʼ ó ó d
w o ł t s o s
o ł z h i s h
w o ł t ʼ i h
s h i n á á ʼ
d o o ł n á á ł
n i s é ł k á á ʼ
y i ł j i i d
y i i l z é é h
j i z h g i s h
n i s m á á s
d a j i z d é é l
h w i i l n e ʼ
n d a a ł ʼ e e ł
j i y o o n a h
n i l d l ó ó s h
d e i i b á á h
y i i l t ʼ ó ó d
y i i t ʼ o o d
y i s h ʼ i s h
s h i j ó ó z h
d e i i g i z h
n i s h ó ó s h
d e i i t ł e e h
d e e s h d a h
n i h í t á á ʼ
d o o c h a h
y i i t s ó ó h
b i d a j í ł t ʼ é
d i i c h ʼ i s h
h a j i ł ʼ e e ł
y i s h d é é l
n a a ł ʼ e e ł
w o ł z h ó ó h
n a n i t e e ł
d i i l j į s h
n i h i k ą ʼ
d i n o h j o o l
d a j i z h j a a ʼ
n a a s h t ʼ i ʼ
a d a j i z ǫ ́ ǫ ́ z
í i n í n í z i n
y i t s ʼ í í s
n e i ł t s e e d
a d í í ł t ʼ o ł
d a j i d e e ł
h a d i i g o ł
b i d e e z h í
n i s o o t a z
n d í í ł ʼ o ł
n i h i k ą ʼ
n d í í ł c h i ł
y í t ł i z h
d a o o ł d é é l
d e í ʼ é é s h
h a i i l k a a l
s h i i l g h a s h
n d o o ł c h i ł
y i s t s ą ́
a d a a s á á ł
k ʼ i d í l é
d a j i ł j į z h
h a a s h k a a ł
d e i i g a a s
y i d o o ł ʼ a a ł
h a a s h t ʼ e ʼ
d a j i ł j i i d
h a d e i k a a ł
y i d o o l d a h
h o o ł n e ʼ
d e i s h ǫ ǫ h
d a n i h i z é é ʼ
n i i ʼ n e e z
y i i l g h a ł
d a s o o ł ʼ a a d
d e i i d z í í d
n i h i n á á ʼ
d a a h s é é s
s h i z á a n i i
d a j i l d é é h
h a i i k a a ł
d a j i k ʼ ę ę h
d a o o ł ą ą d
n i h i n í í ʼ
n i h i n í í ʼ
d a h o d i i t a ł
n d o o ł t s ʼ ǫ ł
n d i i ʼ n a h
d a j í ʼ e e ł
y i i t ʼ i z
y i y í í z i i d
n j i s t s e e d
d i i l c h o s h
s h o o ł j į z h
j i d o o j i h
h a i i l t ʼ e ʼ
d e i s h í í s h
n d e e s t s i ł
y i i s h g i s h
á l á t s í í n
n d i i l ʼ o ł
j o o ł t s o s
d a d i i d i ł
b i c h ʼ i y ą ʼ
n i h i n á z i z
n i h i t s i i ʼ
d e í ł k e e d
d e i i l d e e ʼ
n d e e s h j o ł
n i h i t s i i ʼ
n i s o o ł k á á ʼ
n á h á s o
d e e s h j į s h
d i d o o k o h
d a a h d ą ́
d a h o h n i i h
n i d a j i t i n
y i i l t ʼ e e s
d a o o s y e ʼ
n d í í ʼ n e e ł
y i i l t s ó ó d
y i s h n á á h
y í n í ł d é é l
n i s í n í y į ́
n í s h é s h o h
i i t s ʼ ǫ ́ ǫ ́ d
d e i i ʼ n i i ʼ
y í n í z e e z
y i d o o ł d o h
d a h o j i t a a ł
o o l z h i i z h
b i n i i l t ʼ é
d e i z h j é é ʼ
d í í ł c h o s h
d a a h ʼ i z
d i n i i l y i ł
n i h i k ʼ o s
n i c h ʼ i y ą ʼ
h a o o ł t ʼ e ʼ
n i h i c h a a n
w o ł t ʼ o o d
d a o o ł d l á á d
d a j o o l d é é l
d a y i i b á á h
y i i s t s é é h
n d a d i i d l o h
n d i i l t s ʼ ǫ ł
y i d i y o o n a h
n a n i ł t s e e d
n á h w i i d z o
n a a s t ʼ a ʼ
n í n í d á
y i i l ʼ e e ł
a j í í z ǫ ́ ǫ ́ z
á n i i l d í í l
y i n i ł t s ą ́
d a j i s h j į z h
y i i s h b á á h
h a o o ł g e e d
h á í n í ł ʼ é é l
n i d a a z n e ʼ
n i d a a h t i n
á n ó ł d í í l
h a i ł h a a ł
d e i d o o g i s h
d e i i l t ʼ e e s
n i h i g a a n
n i h í n a a í
n e i ł t ʼ i ʼ
d e i i l k ą ą h
á n i i d i n
n i h i g h a n
i i c h ʼ i i z h
d a j i ł c h o z h
d a o o h b á á h
y i s x a ł
d a a h ł ą ą h
n e i s t ʼ a ʼ
d a a h d l e e ʼ
d a y í í y i z h
d a j í í ł d l á á d
d a a l t s ą ́
j o o l c h ʼ ą ł
w o ł t s ʼ ǫ ł
n i h í k ʼ a ʼ í
n i s i i t é é l
i i s i i l b ą ́
d a d o o h d i ł
i i n o ł b į į h
d a n i h i j á á d
d a n i h i n í í ʼ
n i ł e e t s ʼ a ʼ
s h i c h ʼ í í ʼ
n á h ó h ł á á h
b í l á t s í í n
d a j í ł t s ó ó s
n i s h o o ł g i z h
d a j i s m á á z
j i d o o g i s h
n e i i l g i z h
b i d a n i i l t ʼ é
d a y i i g i s
d a ʼ j i ł e e h
h a d i i l k a ł
n d o o t ł i s h
j i n e e z d á
d e i i d ǫ ́ ǫ ́ z
w o o ł c h í í h
n i h i j á á d
h a d e i i l t ʼ e ʼ
d e i i l k e e d
a y í í ł t ʼ ó ó d
d a j i s n á
a d a j i ł j i i d
h a d a j i z k a l
n á h í l á á h
a d a s i i d ǫ ́ ǫ ́ z
n i h i c h ʼ o z h
n i s í n í t a z
n i d a j i ʼ n a ʼ
b i n o ł t ʼ é
d a n i h i t o ʼ
j í í s h i i z h
d e e s h c h o s h
a d a a h ʼ e e ł
d e i i l z é é h
y i s h c h ʼ ą ł
d e i i t s ó ó h
d a j í í l ó ó z
d a d i i t ʼ o ł
a s o o t ł ʼ ǫ ́
n i d a s i i g į ́
d a o o t s o i i
d a j í í g h a z
d a j i ł d l a a d
h a z h d o o ł ʼ o ł
j o o l z h ó ó ʼ
e e s h z h i i z h
n d e e s t s ʼ ǫ ł
n ó s h d a a h
j i i n o h b a a h
i i s h n é é h
n i d a a s ʼ n a ʼ
n d a s o o t a z
d a j i l k ʼ a i i
s h i c h i d í
d e i i l t s ą ́
n d e i i l t ʼ a ʼ
d a n i h i z h í
n i s o o ł t s e e d
s h i k é t s í í n
d a j i z h c h í í ʼ
n e i d z į ́ į ́ s
b í l á z h o o z h
n d e e s h k a h
n í l á z h o o z h
d a j í í s h ǫ ǫ d
d e i i l c h o z h
d o o ł d l o s h
d e i y i i ł t s ą ́
n i d a j i z t ą ́
d a j í ʼ é é s h
n i j i s h c h i d
y i i l z h í í s h
j i i j į ́ į ́ h
a d a d o o h t i ł
d e i i t ʼ i z
n i t s i i g h a ʼ
h á í n í ł k a a l
í c h ʼ i i s h
b i d a n o ł t ʼ é
n d a d o o ł j o ł
n i s i i ʼ n e ʼ
d a z h d i ł i d
w o ł t ł ʼ é é h
n i s o o ł t ʼ i ʼ
d e e s h t ł ʼ é é ł
h o h n i i h
á d a n o h d i n
n d e e s h t ʼ a h
d e i i l d é é h
h a i i l g h a a ł
n d a d i i t a s
n i s i i ʼ n a ʼ
h a d e e s h k a ł
n i h i t s ó ó k é
d i d o o ł j é é ʼ
d e i i l b á á h
a d a a ł t ʼ á á h
ł i k ʼ a i i
d e i d o o c h i h
d a j i i ł b á á h
n i h a a d a a n í
n d e e s h t ʼ i h
d a s h o o j é é ʼ
n d i i t ł i s h
d e i i t ł í í s h
w o h c h ʼ i i s h
n í d a h o j i z o
k ʼ i d í í n í l á
a d a j i s t ʼ ó ó d
n i s i i l ʼ é é l
h a i ł g é é s h
d e i i d l ó ó z
n i i t ʼ į į h
n d e e s h t e e ł
d a n i h i z ę ę s
h a d í í ł h a ł
n d a a z h t ł i z h
y i i t ł ʼ į ́ į ́ ł
h a y í í k ʼ ę ę ʼ
d a n i h i z h i ʼ
j i d o o ł j į s h
d a d o o ł c h o s h
d e i c h ʼ i i s h
d a d i i l z h o h
n i h i k é y a h
a j i i ł h á á s h
d a d o o ł d a h
h a d í í k ʼ ę h
k ʼ i d o o l á
y i y í í ł t ʼ a ʼ
y o o t ł ʼ į ́ į ́ ł
w o o ł t s ó ó d
d a s o o ł t ł ʼ á
d e i j į ́ į ́ ʼ
h a d i i l g h a ł
h a d a a ł t ʼ e ʼ
n í d e i s h o h
d a d i i d į ́ į ́ ł
h a j i ł g é é s h
n i d a a s t ʼ a ʼ
d a d é e s x é é l
d e i i l d l á á d
y i y i i ł h a ł
d a a h t ʼ e e s h
d a o o s h o o z h
d e i i d ǫ ́ ǫ ́ s
j i d i ł h į ́ į ́ h
h a d a a h k a a ł
d a d o o j a h
h a n o o d a a ʼ
a s é ł į ́ į ́ ʼ
n d a j i ł t ʼ a ʼ
d a y i i g i s h
h o n i i l c h i n
y i d i ł h į ́ į ́ h
d a y í í ł k ą ą d
d a j í í ł c h o z h
y i y í í z ǫ ́ ǫ ́ z
d a h w i i d l e e h
h a d a a ł ʼ e e ł
n i s é n e ʼ
d a n i h i k ą ʼ
d a j í í s h o o z h
d a z h d o o c h a h
n á á n í s d z á
n i s o o ł t ʼ a ʼ
h a j í í ł t ʼ e ʼ
d a n i h i z é í
h a i i k ʼ ę ę ʼ
d a z h d o o ł d i ł
s h i n a a l t e ʼ
d i i d į ́ į ́ ł
n i d a a ł g i z h
n d í í n e e ł
h a d a j i ł t ʼ e ʼ
d o o h c h ʼ i s h
n i d o o t ʼ a h
d a h o o l n e ʼ
a d a s o o ʼ é é l
d e í ł t ʼ é é h
d a ʼ a l z h i s h
h a y í í ł t ʼ e ʼ
h a d a j i ł k a a ł
d o o h c h ʼ i s h
a s o o ł į ́ į ́ ʼ
d a j i i ł t s ą ́
d a n i h i k e e ʼ
b i t s i i g h a ʼ
y i y í í ł ʼ a a d
d e i c h ʼ i s h
a d e i i l t ʼ é é h
n d a d o o ʼ n e e ł
h a y í í ł g e e d
n d e i d o o ł k a h
d a j i c h ʼ i i s h
b i n á t ʼ é é z h
i i d o o ł h o s h
h a i k ʼ ę ́ ę ́ h
n o o k e e h
n í s h i i l z h o h
a d a s o o ł t ʼ a ʼ
n i d a a ł c h i d
d a o o c h ʼ i i z h
n i s í n í ł k á á ʼ
d a n i h i k é y a h
d a d o o ł h a s h
y i d o o d į ́ į ́ ł
i i d o o ł t ʼ a h
n i d a a ł c h i d
a h o o g ą ́ ą ́ ʼ
d í n í i l ʼ į į ł
d a j í í k ʼ ą ́ ą ́ z
j i i l g h a a ł
n í d a h o s i i d z o
h a d a j i z g e e d
y i d o o ł t ʼ i s
d e i z t ł é é ʼ
n d a d i i l t e e ł
n j i s t s ʼ ǫ ́ ǫ ́ d
d a n i h i t s i i ʼ
d a o d i i l n i h
d a n i h i g h a n
d a o o h t s ó ó h
y i i d ǫ ́ ǫ ́ s
d a j i i ł t s o o d
a d a d o o ł t ʼ o ł
n i s h i i t ł i z h
d e i n o ł y é
n d a j i z h t ł i z h
n i h í t s ą ́ ą ́ ʼ
n i h i m á y á z h í
d a z h d o o l z h o h
d a d i n o h t ł é é ʼ
d e í n í i j á á h
d a n i h i d o h
h a d a j i ł h a a ł
d a d i i l j į s h
y i d í í ł h į ́ į ́ ʼ
d a n i h í k ʼ a ʼ í
a d a j i ł t ʼ é é h
a d a d o o ʼ o ł
d a y i i ł t s ó ó d
d a ʼ s i i t ł ʼ ǫ ́
n d e e s h ʼ n e e ł
n i d a j i s h g i z h
a d a a h s ǫ ́ ǫ ́ s
h a a h k ʼ ę ́ ę ́ h
d a z h d o o j a h
j i n e e z k é
n i h í l á t s í í n
d a a h c h ʼ i s h
n i d a s i i ʼ n e ʼ
n d a d i i l c h i ł
n d a s i i l k á á ʼ
d a n i h i t ʼ ą ą ʼ
n i d a s h i i l g i z h
h a d e i ł g é é s h
d e í n ó h ʼ e e ł
d e i n i i l y é
n d a a ł t s ʼ ǫ ǫ d
n á h o s i i d z o
n d a d i i ʼ n e e ł
n d a s i i l t s e e d
n i d a j i ł c h i d
h a d e i i l k a a ł
n d a s o o ł t ʼ a ʼ
a d a j i t s ʼ ǫ ǫ d
a d a s i i t ʼ é é l
a d o o m a s
d a h o z h d o o t a ł
d a j i c h ʼ i s h
d a h a z l į ́ į ́ ʼ
d a ʼ i i l z h i s h
h a d a s h o o ł g i z h
d e i i l g h a s h
d a y i i ł c h i i ʼ
í i n i d z a a
n d a z h d o o t i ł
k ʼ i d a d o o l á
a d e i d o o ł t ʼ a h
c h ʼ é é í n í s i d
n e i d o o ł t e e ł
d a d o o h d į ́ į ́ ł
n i ʼ d o o c h ʼ ą h
h a d e i d o o k a ł
d a ʼ i i l z h i i z h
d a n i h i c h ʼ o o n í
n á á n á d á á h
n ó o ł ʼ į ́ į ́ ʼ
n á h ó ł n i h
n d a z h d o o l j o ł
a j i i ł h a a z h
n i d e i i l g i z h
d a h o d o o ł n i h
n d a j i z d z į ́ į ́ z
n e i d o o ł g i s h
n e e t ʼ į ́ į ́ ʼ
n í d a h o h s o
d a ʼ j i i ł h a a z h
n i z h d o o l j o ł
d a ʼ o o ł z h i i z h
d a ʼ i i d o o ł h o s h
n d e i z d z į ́ į ́ z
d a n i h i t s ʼ í í s
n é i i k w i
n i z h d o o ł c h i ł
y i s h z h ó ó ʼ
d a j i j o o z b a ʼ
d i z h d í í ł j é é ʼ
h a d a j i s x a a l
d a n i h i t s ó ó k é
y í l c h ʼ ą ł
y i y í í c h ʼ i i z h
n á á j í t ʼ a a s h
n d a d o o ł g i s h
h a d e i i l g h a a ł
n d a z h d o o ʼ n a h
d a d i y i i l y é é ł
d a h o j í l c h i n
n d e i d o o ł t ʼ i h
a h í í n í g ą ́ ą ́ ʼ
n i d a j i s ʼ n a ʼ
d i i d í í ł j é é ʼ
n á á n ó h k á á h
a d e e s h t ł ʼ ó ó ł
d í í n í ł h į ́ į ́ ʼ
d a ʼ d i i t ł ʼ ó ó ł
n á n i i k e e h
d a ʼ o o ł h á á s h
d a ʼ o h c h ʼ i i s h
n á á d o o h k a h
n i h i ł e e t s ʼ a ʼ
h a d a d i i l g o ł
n í d a s h i i l z h o h
d e i d i i l t s é é ł
n e i s t s ʼ ǫ ́ ǫ ́ d
n i n á d a a ʼ n e e h
n d a z h d o o t ł i s h
í d a h o o ł ʼ a a h
d a d i i d į ́ į ́ ł
d a ʼ a h i i g ą ́ ą ́ ʼ
d a z h d o o c h ʼ i s h
n i d a s h o o ł c h i d
d a n i h i c h ʼ í í ʼ
y i s d á d o o ł ʼ o ł
h a z h d o o ł t ʼ e e ł
n a h á ł n i i ʼ
d i n i i b į į h
d a j i i s i i b a ʼ
d a a w o d
n í d a j i d l e e h
d a n i h i n á z h i i n
j i i s g h a l
n d a s h o o ł j o o l
d e i i j į ́ į ́ ʼ
a d í í n í ł d í í n
d a n i h i t s é k ʼ e e
d a s i n o o ʼ į ́ į ́ ʼ
j i n é é ł ʼ į ́ į ́ ʼ
d a ʼ j i s ł į ́ į ́ ʼ
c h ʼ í n í s h á á h
h w í í n í l n e ʼ
d i s i i t s ʼ ą ́ ą ́ ʼ
d e i d i ł h į ́ į ́ h
d a h o n i i l c h i n
d a n i h i t s i i g h a ʼ
d a d e e d z a ʼ
h a d a z h d o o ł t ʼ e e ł
d a n ó o ł ʼ į ́ į ́ ʼ
c h ʼ í n o o ʼ á á z h
n d a z h d o o t į ́ į ́ ł
á d e i i d z a a
n i h i n á t ʼ é é z h
n i h i n á t ʼ é é z h
d a ʼ i i d i i l b į į ł
b i b a d i d í í n á á ł
d a z h d i ʼ n í ł d í í n
n d e i d o o d z į ́ į ́ s
j i d í n ó o ł ʼ į į ł
d í n í i b į į ł
d a o o h j į ́ į ́ h
h a d e i d o o ł ʼ o ł
d a n i h i k é t s í í n
c h ʼ í d i i t ʼ a s h
n d e i d o o ł g i s h
c h ʼ í d o o ł d l o s h
d a n i h í t s ą ́ ą ́ ʼ
b i b a d i d i i t ʼ a s h
d e í n ó ł t s ʼ ǫ ǫ d
d a s o o k ʼ ą ́ ą ́ z
d e í n í i d ǫ ́ ǫ ́ s
n i d a ʼ i i c h ʼ ą ą h
d e i d í n ó o ł ʼ į į ł
d a n i h í l á z h o o z h
n i d a ʼ a z h c h ʼ ą ą ʼ
d a d e e k w i h
n e i d o o ł t s ʼ ǫ ł
n d a s o o ł t s ʼ ǫ ́ ǫ ́ d
h a d a a h k ʼ ę ́ ę ́ h
n i n é i i ʼ n e e h
d a d o o ł t ł ʼ i i z h
d a y i i ł t s o o d
c h ʼ í d e e s h á á ł
c h ʼ í n i i t ʼ a a s h
d a ʼ i i c h ʼ i i z h
a h i j o o g ą ́ ą ́ ʼ
á d a j í ł t s ʼ ó ó z í
d a z h d i y o o ł h é é ł
b i b a z h d ó ʼ a a s h
b i b a n í z h d í ʼ a s h
b i b a d i s o o ʼ á á z h
d a j i y e e c h é é h
c h ʼ í d e e s h d l o s h
d a ł i n i i k ʼ a i i
n d a z h d o o d z į ́ į ́ s
a d í í n í s h d í í n
c h ʼ í n i i l d l ó ó s h
d e i d i y o o ł h é é ł
d a j í l c h ʼ ą ą ł
y i s h h a s h
h e e s h g h a l
d e i s o o ł y e ʼ
b i b a d i d o o h ʼ a s h
d a ʼ i i z h d o o ł b į į ł
á d a n o ł t s ʼ ó ó z í
h o n i s h c h i n
i i z h d o o ł h o s h
d e i d i i ł t ł ʼ í í s h
c h ʼ í j í g h á á h
s h i j é í d í s h j o o l
y i s d á d a d i i l ʼ o ł
á n ó ł t s ʼ ó ó z í
h o o h c h a h
n d a s i i l t s ʼ ǫ ́ ǫ ́ d
d e i z k ʼ ą ́ ą ́ z
d e i d i i ł t ł ʼ i i z h
n é i i d l e e h
y i s d á d a d o o ł ʼ o ł
n á y o o h ʼ n a h
c h ʼ í n í s h d l ó ó s h
i i z h d o o ł b į į ł
n í d a s o o h d l į ́ į ́ ʼ
n á á n i i k á á h
b i b a ń d i i k a h
d a ʼ i i d i i l w o s h
k ʼ i d i d i i l y é é ł
b i b a d i d e e s h á á ł
c h ʼ í j í l d l o o z h
n á á n o o h k a i
d a n i i t ʼ į į h
b i b a d i d o o h k a h
n ó d a a h
c h ʼ í d a a l d l ó ó s h
d e í n í i l d z í í l
d i n i s t s x i z
n i d a ʼ j i z h c h ʼ ą ą ʼ
d e i d i y o o h n a h
n í d a h i s o o l á á ʼ
y i s d á d a j i s ʼ é é l
y i n o ł y é
c h ʼ í n o o h k a i
n a h í n í ł n i i ʼ
n d e i d i y o o ł n i h
y i s í n í n a h
b i b a d o o t ʼ a a s h
c h ʼ í d a n i i l d l ó ó s h
y i b a d ó y a ʼ
j i y o o c h a h
d a z d é e s x é é l
c h ʼ í d a n o o ł d l o o z h
d a ʼ a h o o g ą ́ ą ́ ʼ
n á h á l á á ʼ
y i s d é í n í ł ʼ é é l
n í d a h w i i l n i h
d a h i n o o h c h a ʼ
n á á z h d o o t ʼ a s h
h e e s h c h a h
k ʼ i d a d i d i i l y é é ł
n a h i i l n i i h
d a h í í n í i c h é é h
d a s i i l ʼ é é l
d a z h d í n ó o ł ʼ į į ł
b i b a z d o o z h ʼ á á z h
y i s x a a s
c h ʼ í n í y á
i i n i ł h a a z h
c h ʼ í z h n í ʼ á á z h
n a ʼ a z t ł ʼ ǫ ́
n á z h n í k e e h
d a h w i i ʼ n i i h
h a d a d i i l t ʼ e e ł
h a d i i l t ʼ e e ł
n d í í d z į ́ į ́ s
d i i l t ł ʼ é é ł
