m i ³ - Ɂ ḗ Ɂ ²
r ø n Ɂ ³
k u g Ɂ ³
h a n ¹ ³
g u e n ²
m i ³ - g u e n ²
k ú g Ɂ ²
m i ³ - n i é ¹ ²
t e i ³
m i ³ - b ú Ɂ ²
m i ³ - h n i á ¹ ²
k a Ɂ ¹ ²
d s é i ¹ ²
t o g Ɂ ¹ ²
s i u Ɂ ¹ ²
h l a i ¹ ³
Ɂ i u Ɂ ³
Ɂ m e i ³
k o n ³
k a n g ²
Ɂ ǿ Ɂ ¹ ²
k i u Ɂ ³
h o g Ɂ ¹ ²
k i i Ɂ ¹
m i ³ - n i ó Ɂ ¹ ²
d s e n ³
t ø n g ¹ ³
h é i n ²
Ɂ n ó Ɂ ¹
m i ¹ + Ɂ ē Ɂ ³
m i ³ - Ɂ u a n ²
c h i ó Ɂ ¹
Ɂ i u Ɂ ³
m i ³ - k i u Ɂ ²
h n g i á Ɂ ²
m i ³ - Ɂ á n ²
Ɂ e n ¹ ³
m i ³ - h m á Ɂ ²
k i e n ¹ ³
d s e n ³
t o g Ɂ ²
s i i Ɂ ¹
Ɂ u ǿ Ɂ ¹
m i ³ - h l á n ²
r o n ³
t i á n ²
m i ³ + n í Ɂ ¹
c h i e g ³
m i ³ - Ɂ m ē Ɂ ²
c h i o Ɂ ³
t s o n ¹ ²
c h i ó n ²
g u e n ²
Ɂ ē n ¹ ²
t s e n ¹ ²
Ɂ u a n Ɂ ¹ ²
Ɂ u é n Ɂ ²
Ɂ e i ¹ ³
m i ³ - Ɂ n á Ɂ ¹ ²
t s ø Ɂ ¹ ³
n ǿ Ɂ ²
m i ³ - n g á Ɂ ¹ ²
m i ³ - Ɂ i ú Ɂ ¹ ²
k a n ²
h á n Ɂ ²
Ɂ o ¹ ²
Ɂ m ǿ i ²
h o ¹ ³
m i ³ - n g o ²
n g i é Ɂ ¹
m i ³ - Ɂ i a ¹ ²
Ɂ n á Ɂ ¹ ²
n g i e ¹
n g ē ³
m i ³ - t i ² + l e Ɂ ¹
n g i e Ɂ ³
m i ³ - g u á i ²
n g i o Ɂ ³
m i ³ - n g o Ɂ ³
t s o g ¹ ³
t s í Ɂ ²
n g ē Ɂ ²
m i ³ - b a ²
m i ³ - t e i ²
t s ē n Ɂ ²
Ɂ m é i ¹
h n g i u ¹ ³
Ɂ ǿ n g ²
Ɂ m ǿ i ²
m i ³ - n ø Ɂ ²
n g a i ³
m i ³ - h u u Ɂ ³
m i ³ - n g ē Ɂ ²
h a n ³
c h i o ¹ ²
n g a i ³
s i u Ɂ ¹ ³
n g ē ³
m i ³ - Ɂ ú g Ɂ ²
m i ² + r ø ³
m i ³ - n g i e ²
Ɂ e i ¹ ³
n g o ²
t é n g ¹
n g i e Ɂ ³
s i u Ɂ ¹ ²
Ɂ e i n ¹ ³
h u a n Ɂ ³
b a n ¹ ²
g u a i ¹ ³
m i ³ - h e n Ɂ ²
Ɂ m a i ¹ ²
h n g i u ¹ ²
t e ¹ ³
g ø Ɂ ¹ ²
Ɂ l i u Ɂ ²
c h i o g ¹ ³
h i a n ²
b a ¹ ²
g u i u g Ɂ ²
h i a n ¹ ²
Ɂ ø g Ɂ ³
n u n g ²
d s i a n ¹ ³
l ē Ɂ ³
Ɂ e i ¹ ³
Ɂ i é i Ɂ ¹
m i ³ - h ḗ n ²
Ɂ m e i ³
m i ³ - k ø g Ɂ ²
n i n g ²
m i ³ - h i o Ɂ ³
h i a n ¹ ²
h i a n ²
m i ³ - h m ǿ Ɂ ¹ ²
b u Ɂ ¹
l ó Ɂ ¹
t s ø Ɂ ¹ ³
t a g Ɂ ¹ ²
Ɂ l ø a Ɂ ¹
h m ó Ɂ ¹ ²
k a n ¹ ³
d s i ¹
n e i ³
Ɂ l i e Ɂ ¹
m i ³ - Ɂ a g Ɂ ²
t s ē n Ɂ ³
t i a n ¹
c h i o g ¹ ²
t a n g Ɂ ³
m i ³ - s i o g ³
h n a Ɂ ¹ ²
t s é n Ɂ ²
m i ³ - n g o ²
d s i o Ɂ ³
d s i o Ɂ ¹ ²
m i ³ - i e ¹ ²
m i ³ - Ɂ ø a ²
h ø n ³
d s i a n Ɂ ³
m i ¹ + r ø ³
Ɂ e n g ¹ ³
d s e n ¹ ³
m i ³ - h l e g ²
Ɂ u ø Ɂ ¹ ²
Ɂ u ø Ɂ ¹ ³
h u a n Ɂ ³
g u ø n ¹ ²
Ɂ a n ¹ ³
c h i o g ¹ ²
h ē n Ɂ ¹ ³
m i ³ - k a n ¹ ²
m i ³ - n e i ³
h e n Ɂ ³
Ɂ e n g ²
k a n ¹ ³
m i ³ - Ɂ o n Ɂ ³
l e n ²
h ē n ¹ ²
g u á i ²
Ɂ i a n ¹
k o ¹ ²
m i ³ - h i u g Ɂ ³
i a n ¹ ²
Ɂ l i u Ɂ ¹ ²
g u i u ¹ ³
m i ³ - s é i ²
h i é g Ɂ ¹ ²
h i a n ²
Ɂ a n ¹ ³
h u e n ¹ ³
k i a n g ¹
m i ³ - h i u g Ɂ ³
m i ³ - n g ē ¹ ²
m i ³ - n g ē ¹ ³
k a n g ¹ ³
t o n ³
k i a Ɂ ¹ ³
d s i a n ¹ ²
g u e n ¹ ²
n g i o Ɂ ¹ ²
m i ¹ + Ɂ ē Ɂ ³
g u i a n ¹ ²
n a ¹ ³
k i u g Ɂ ¹
m i ³ - h m ē Ɂ ³
m i ³ - g u g ¹ ²
m i ³ - g u Ɂ ¹ ²
g ø i ¹ ²
h a n ¹ ³
k i a n ¹ ³
m i ² + g u g ¹
m i ³ + h n í ¹
k i e n g ¹ ³
m i ³ - h i u g Ɂ ³
n g ē ¹ ³
h i a n ²
h l i u g ¹ ³
Ɂ l i a n Ɂ ¹
d s i o Ɂ ¹ ³
g u i u g Ɂ ¹
s i u Ɂ ¹ ³
k i a n ¹ ²
n g ē ¹ ²
k i e n Ɂ ¹ ³
s i ú g Ɂ ¹ ²
Ɂ i e n ²
h u Ɂ ³
Ɂ m é i ¹ ²
h u e n ¹ ³
h n g i e Ɂ ¹ ²
m i ³ - n i Ɂ ¹ ²
m i ³ - k u ² + h m a Ɂ ¹ ²
t i a g ¹ ²
k i i n ²
Ɂ u a n ¹ ³
l i o g ¹ ³
Ɂ i e i Ɂ ¹ ³
c h i o n ³
t a n g Ɂ ²
t i a g ¹
s i a n Ɂ ¹ ³
m i ³ - l ø Ɂ ²
t a n Ɂ ¹ ²
Ɂ n a i Ɂ ¹ ³
m i ³ - h o g ¹ ²
d s á g Ɂ ¹
m i ³ - k o g Ɂ ³
t i a n ¹ ³
m i ³ - r ø g ²
g u i o n ³
n g ē ¹ ³
h n a Ɂ ¹ ³
m i ³ - n i á n g ¹ ²
Ɂ l i Ɂ ¹ ³
m i ³ - t i ú Ɂ ¹
g u i a n ¹ ³
t s e n Ɂ ¹ ²
Ɂ m a i ¹ ³
h e n Ɂ ¹ ²
m i ³ - h n ø ¹ ²
k i e n Ɂ ¹ ³
m i ³ - h m ø Ɂ ²
k u ø i n ²
Ɂ n g i o ¹ ²
Ɂ n g i o ¹ ³
t s o g Ɂ ¹
t s ē n ¹ ²
m i ³ - k ø i n ¹ ²
m i ³ - h n á Ɂ ¹ ²
m i ³ - l o Ɂ ²
h u Ɂ ³
h u Ɂ ¹ ³
h n g i a n g Ɂ ³
m i ³ - t s o g Ɂ ²
t o Ɂ ³
t s ē n ¹ ³
m i ³ - h n g i í Ɂ ²
Ɂ l i u Ɂ ¹ ²
n i á ¹ ²
d s i a g ¹ ³
m i ³ - t s é n Ɂ ²
k i o n Ɂ ¹ ²
t s o n ¹ ²
m i ³ - h ē n ¹ ²
g u i o n ³
n i á n g ¹
m i ³ - k a n ¹ ²
m i ² + Ɂ m a Ɂ ¹ ³
Ɂ l i e Ɂ ¹ ²
k a i Ɂ ¹ ²
h i u g Ɂ ¹
Ɂ o Ɂ ¹ ²
m i ³ - m i ² + h o g ³
h u a n Ɂ ¹ ²
t s i Ɂ ¹ ²
m i ¹ + Ɂ a i ¹
g u i o n ³
h á g Ɂ ¹ ²
g u ø n ²
m i ³ - h ø n ²
g u ø n Ɂ ¹
m i ³ - k i e g ²
m i ³ - k i ó n ²
m i ² + h o g ³
t s i g ³
k i a Ɂ ¹ ³
m i ³ - k ø i n ¹ ²
m i ³ - h n ē Ɂ ³
Ɂ i u Ɂ ³
m i ³ - Ɂ n i u Ɂ ²
m i ³ - k i i ² + t o g ³
m i ³ - i a Ɂ ³
m i ³ - k i ó Ɂ ¹ ²
h a i n Ɂ ²
l ø ³ + l i ú Ɂ ²
Ɂ o g ¹ ²
m i ² + Ɂ o g ³
m i ¹ + h o g ³
m i ¹ + g a n ¹
k u ø i n ¹ ³
d s o g Ɂ ¹ ²
m i ³ - Ɂ i o ¹ ²
d s i ó Ɂ ¹
m i ³ - m i ² + d s i a n ¹ ²
k i e n g ²
h n g i a Ɂ ³
k u ø i n ¹ ²
n g a Ɂ ¹ ²
g u ø n ¹ ³
h u ø i n ¹ ³
n g i e ¹ ³
m i ¹ + k o n ³
c h i o n Ɂ ¹ ³
m i ³ - n g i e ¹ ²
h u a n Ɂ ¹ ³
t s ø n g ¹ ³
k u ø i n ³
m i ³ - Ɂ u ǿ Ɂ ¹ ²
m i ³ - g u i e Ɂ ¹ ²
m i ² + g a n ¹
m i ¹ + g a n ¹
m i ³ - k a i Ɂ ¹ ²
t s á i Ɂ ¹ ²
b u Ɂ ¹ ³
t o n ³
Ɂ n i Ɂ ¹
m i ² + Ɂ ḗ Ɂ ²
m i ³ - Ɂ e n ¹ ²
Ɂ e n ¹ ³
c h i u n Ɂ ²
m i ¹ + n i Ɂ ³
h n g i a n g Ɂ ³
m i ² + t i ³
k u g Ɂ ¹ ³
g u i a n ¹ ³
m i ³ - Ɂ n ø i ²
h o g Ɂ ¹ ²
m i ³ - t a ¹ ²
m i ³ - h a ¹ ²
Ɂ l a n Ɂ ¹ ³
d s i a g ¹ ²
m i ³ - g u u Ɂ ¹ ²
m i ³ - l ø g ²
d s u g Ɂ ¹
m i ³ - t s e n ³
Ɂ e n Ɂ ¹ ³
c h i o g Ɂ ³
m i ² + h n i ³
m i ³ - h a n ¹ ³
m i ³ - t s o g Ɂ ²
h l i a n ¹ ²
s i a n Ɂ ¹ ²
m i ³ - h e n ²
h n g i o ¹ ²
t ø n g ²
g u ø n Ɂ ¹
t s ø Ɂ ¹ ²
m i ³ - u ² + l i a n ¹
g u i a n g ¹
Ɂ l ø a Ɂ ¹ ²
Ɂ l a n Ɂ ¹ ²
m i ³ - h i e g Ɂ ²
m i ³ - Ɂ á n ¹ ²
g u i e n g ¹
m i ³ - t s ø Ɂ ²
b ø ¹ + h m e ³
c h i ² + m é Ɂ ²
m i ³ - h a i ²
m i ¹ + t i ³
m i ³ - m i ² + g u g ¹
k i u g Ɂ ²
m i ³ - m i ² + k a n ³
m i ³ - m i ² + g a n ¹
u ² + l i a n ¹
m i ³ - Ɂ e ²
n g i e Ɂ ¹ ³
c h i o g Ɂ ³
g u ø n ¹ ²
m i ³ - h m o n g Ɂ ²
c h i u n Ɂ ³
c h i a n Ɂ ¹ ²
m i ³ - k á i Ɂ ¹ ²
m i ² + Ɂ o g ¹ ³
m i ³ - h ø Ɂ ¹ ²
m i ¹ + t i a n ³
m i ³ - m i ² + g a n ¹
h m a Ɂ ¹ ³
m i ² + Ɂ n i o ¹
m i ³ - h n i o Ɂ ²
m i ³ - g u e n Ɂ ²
m i ³ - Ɂ e n ¹ ²
m i ³ - Ɂ a g Ɂ ³
Ɂ n g i e n g ¹
t s a n Ɂ ¹ ²
m i ³ - s i a n ³
m i ³ - Ɂ ē n Ɂ ¹ ²
m i ² + t a n ¹ ³
t s e n Ɂ ³
t s e n Ɂ ¹ ³
m i ³ - t e i ¹ ²
Ɂ u g ¹ ³
m i ³ - n g o ²
m i ² + h l í Ɂ ²
m i ³ - b u Ɂ ¹ ²
m i ³ - Ɂ i a g ¹ ²
m i ³ - h m ø Ɂ ¹ ²
m i ³ - l o ¹ ²
m i ³ - Ɂ e i n ¹ ³
h á i n Ɂ ¹ ²
m i ² + t a n ¹ ³
m i ³ - s e i ¹ ²
m i ³ - m i ² + h i n Ɂ ³
m i ³ - m i ² + d s i ú g ²
l ø ² + l i ú Ɂ ²
g u i u g Ɂ ¹
k u a n ¹ ²
d s i á g Ɂ ¹ ²
h ø n ¹
m i ³ - l i e Ɂ ³
m i ¹ + l e i ¹ ³
t i ² + l i ³
s i u g Ɂ ²
m i ¹ + h l ē n Ɂ ³
m i ³ - Ɂ e i ¹ ³
s i a n Ɂ ¹
h n g i a Ɂ ²
m i ³ - Ɂ a i Ɂ ²
m i ² + h i n Ɂ ³
m i ² + l e i ¹ ³
m i ³ - Ɂ e n ¹ ²
m i ³ - Ɂ u a i ¹ ²
m i ³ - Ɂ u g ¹ ³
m i ³ - d s ē n ¹ ³
m i ³ - b a n ¹ ²
m i ¹ + h n i a ¹ ³
g u i e n g ²
d s i ó Ɂ ¹ ²
m i ³ - h l ø a ¹ ²
t i ² + d s ø ³
b ø ² + h m e ²
m i ¹ + h n i a ¹ ³
h a ² + Ɂ a n ³
l a n Ɂ ¹ ²
m i ³ - h e n ¹ ²
u ² + n i o ¹ ³
m i ³ - s i u g ³
m i ³ - h n i a ¹ ²
m i ³ - h o g Ɂ ¹ ²
h á n Ɂ ¹
d s i a n Ɂ ¹ ²
m i ³ - t a n Ɂ ¹ ²
m i ³ - h m a Ɂ ¹ ³
Ɂ l i a n Ɂ ²
m i ² + h l ē n Ɂ ³
m i ³ - h ē n ¹ ²
c h i u n Ɂ ¹ ²
m i ³ - t a g ¹ ²
m i ³ - t s o g Ɂ ²
d s e n ¹ ³
Ɂ n g i e n g ³
m i ³ - Ɂ e n g ²
m i ³ - t a ²
k i i ² + t o g ³
m i ³ - l a g ¹ ²
t ø ³ + Ɂ é n Ɂ ¹
m i ³ - Ɂ o Ɂ ¹ ²
d s ø ³ + l é ²
c h i o g Ɂ ¹
m i ² + l e i ¹ ³
m i ¹ + d s ē n ¹ ³
m i ¹ + t a n ¹ ³
g u i o n Ɂ ³
k i e n g ¹ ³
Ɂ i a n ¹ ²
m i ³ - t a g ¹ ²
n g i e Ɂ ¹ ²
m i ² + d s í g ²
Ɂ a n Ɂ ¹ ³
m i ² + t i á n ²
m i ² + t i a n ³
m i ² + d s i ú g ²
m i ² + d s i u g ³
m i ³ - h l a i ¹ ²
c h i ² + n g i o ³
m i ³ - g ǿ i ¹ ²
c h i ² + n g i o ³
m i ³ + d s ē n ¹ ²
m i ² + g a n ¹ ³
m i ³ - l i ¹ ²
b ø ² + l ē n Ɂ ²
Ɂ e n Ɂ ²
l e n ²
m i ³ - g ø i ¹ ²
m i ³ - Ɂ l i a n Ɂ ¹ ²
t i ² + d s o ¹
m i ³ - t i u ¹ ²
m i ³ - m i ² + h l ē n Ɂ ¹
m i ² + k u e n ¹ ³
m i ³ + h l ē n Ɂ ¹
m i ³ - k i a n ¹ ²
m i ³ - Ɂ l i a n Ɂ ²
m i ³ - t ø ² + Ɂ e n Ɂ ³
m i ³ - m i ² + l i a g ¹ ³
m i ³ - Ɂ é i Ɂ ¹ ²
m i ³ - t a i ³
c h i ² + n g i u ³
c h i ² + d s í ²
c h i ¹ + n g i u ³
m i ³ - h n g i u ¹ ²
m i ³ - n g i o Ɂ ²
m i ¹ + l e i ¹ ³
m i ² + k u e n ¹ ³
t s e n Ɂ ¹
c h i a g Ɂ ¹ ²
m i ³ - t ø n g ²
k ø ¹ + h i n Ɂ ³
m i ³ - h n g i o Ɂ ³
m i ³ - Ɂ m a ²
k ø ² + h i n Ɂ ³
m i ³ - t i u n ¹ ²
m i ³ - k o n ³
Ɂ n i a Ɂ ¹ ²
m i ² + k á n ¹ ²
m i ³ - g u a i ¹ ²
t s e n Ɂ ¹ ²
m i ³ + d s i í ¹
m i ³ - m i ² + h n i a n g ³
m i ³ - h o g Ɂ ¹ ²
m i ³ - Ɂ l í Ɂ ¹ ²
h é n Ɂ ¹
m i ³ - d s i ¹ ²
m i ³ - Ɂ i e i Ɂ ²
m i ³ - h o g ¹ ²
k u a n ¹ ²
m i ³ - r ø n Ɂ ³
m i ³ - b e n ¹ ²
l ø ¹ + l i u Ɂ ¹ ³
t i ² + d s ø a ¹ ²
m i ² + d s i u g ³
m i ³ - h n g ē Ɂ ¹ ²
m i ³ - n g ē ³
m i ³ - m i ² + k i o n Ɂ ¹
t ø ² + g u g Ɂ ¹ ²
m i ³ - Ɂ á i Ɂ ¹ ²
m i ³ - Ɂ e Ɂ ¹ ²
m i ³ - t s á i Ɂ ¹ ²
m i ³ - h a n Ɂ ¹ ²
m i ³ - h i n Ɂ ³
m i ³ - h o g ¹ ²
m i ³ - h a i ¹ ²
m i ¹ + k u e n ¹ ³
m i ³ - d s i o g ³
m i ³ - n g a i ¹ ²
m i ¹ + Ɂ m a Ɂ ¹ ³
m i ² + Ɂ l i u g ³
m i ³ - Ɂ u ø Ɂ ¹ ³
m i ³ - h n á i Ɂ ²
m i ³ - d s a n ¹ ²
m i ³ - h a i n Ɂ ²
m i ³ - n e i ¹ ²
c h i e n Ɂ ¹ ²
t s e n Ɂ ¹ ³
m i ³ - t o g Ɂ ¹ ²
m i ³ - h l i u g ¹ ²
m i ³ - h u Ɂ ²
c h i ¹ + m e Ɂ ¹ ³
m i ³ - l i o Ɂ ¹ ²
t i ¹ + d s i o g ³
m i ³ - r o n ³
m i ³ - Ɂ u ø i ¹ ²
m i ³ - t a n g Ɂ ²
k i i ³ + t á g ¹
c h i ¹ + l a n Ɂ ¹ ³
m i ³ - h u a n Ɂ ¹ ²
m i ² + c h i a n ³
d s i a n Ɂ ¹ ²
m i ³ - t a g Ɂ ¹ ²
m i ³ - r a n g ²
m i ² + k i o n Ɂ ¹
m i ³ - d s é i ¹ ²
m i ³ - k u ø i n ¹ ²
m i ³ - l a n ²
m i ³ - h a n Ɂ ¹ ²
m i ³ - n i e ²
m i ³ - d s i o Ɂ ¹ ²
m i ³ - Ɂ u a n Ɂ ¹ ²
m i ³ - c h i o Ɂ ³
d s i i ³ + l é ²
m i ³ - d s i a n Ɂ ³
t s ø Ɂ ²
m i ² + d s i a g Ɂ ³
m i ³ - h u ø i n ²
l a n ³
m i ³ - h l i a n Ɂ ¹ ³
m i ³ - t o g Ɂ ²
m i ³ - Ɂ u a i Ɂ ¹ ²
m i ³ - h u a n Ɂ ³
c h i ² + k i a n ³
m i ³ - h i n ²
m i ³ - Ɂ i e n ¹ ²
m i ³ - h e i n ¹ ²
m i ³ - t s ē n Ɂ ³
m i ³ - Ɂ a n Ɂ ¹ ²
m i ³ - t i a n ¹ ²
m i ¹ + c h i a n ³
k ø ¹ + k a n g ¹ ³
m i ³ - t i á n Ɂ ¹ ²
m i ³ - g u i e n g ²
m i ³ - c h i o n ³
h e n Ɂ ³
h e n Ɂ ²
m i ³ - t s ø Ɂ ²
m i ³ - c h i o n Ɂ ¹ ³
m i ³ - t s ø n g ¹ ²
m i ³ - c h i a g Ɂ ²
m i ³ - g u i e Ɂ ²
m i ¹ + k u u Ɂ ¹ ³
g u ø n Ɂ ¹ ²
m i ³ - h a n g ¹ ²
m i ³ - h n g i e n g ³
b ø ² + h m e ²
m i ³ - d s i a n ¹ ²
m i ³ - t i ² + l í Ɂ ¹
m i ³ - g o g Ɂ ¹ ²
m i ³ - Ɂ l i Ɂ ¹ ²
m i ³ - c h i o g ¹ ²
m i ³ - h u ø i n ²
m i ³ - Ɂ l i e Ɂ ¹ ²
g u u ² + d s ē n ¹ ³
m i ³ - Ɂ a i Ɂ ¹ ²
m i ³ - t o n ²
m i ² + k i o n Ɂ ¹ ³
m i ³ - h n a Ɂ ¹ ²
g u u ¹ + d s ē n ¹ ³
m i ³ - h i a n ¹ ²
m i ³ - h i a n ¹ ²
m i ³ + c h i a n ¹ ²
m i ³ - l ø ² + l i u Ɂ ¹ ²
m i ³ - t s ē n Ɂ ¹ ²
h e n Ɂ ³
m i ³ - Ɂ e n Ɂ ¹ ²
m i ³ - d s á n Ɂ ¹ ²
m i ³ - c h i o g ²
m i ³ - c h i o g ¹ ²
m i ³ - c h i o Ɂ ³
m i ³ - g u i a n ¹ ³
c h i ¹ + d s a n ³
m i ³ - g u i e n Ɂ ¹ ²
m i ³ - c h i o g ¹ ²
k ø ¹ + k a n g ¹ ³
m i ³ - Ɂ o Ɂ ¹ ²
g u u ² + d s ē n ¹ ³
m i ³ - d s i a g ¹ ²
m i ³ - u ² + l i a n ¹
m i ³ - h m o Ɂ ³
t s ø ³ + k u e n Ɂ ¹ ²
d s ø ² + t o g Ɂ ¹ ²
m i ³ - d s i o Ɂ ¹ ²
m i ³ - c h i á g ¹ ²
m i ³ - t s e n Ɂ ¹ ²
m i ³ - k u ø i n ²
m i ³ - k u a n ¹ ²
m i ³ - d s á g Ɂ ¹ ²
m i ³ - h n g i ó Ɂ ²
m i ³ - m i ² + t i a n ³
m i ³ - t i o Ɂ ¹ ²
m i ³ - u ² + l i a n ¹
m i ³ - t s o n ¹ ²
m i ³ - m i ² + g a n ¹
m i ³ - t i a n ¹ ²
m i ³ - n a ²
m i ³ - t s ø Ɂ ²
m i ³ - t s i Ɂ ³
m i ³ - Ɂ e n Ɂ ¹ ³
m i ³ - n g a Ɂ ¹ ²
m i ³ - h n g i á Ɂ ²
m i ³ - m i ² + Ɂ a i ¹
m i ³ - t i ² + d s ø ³
t s ø ² + k u e n Ɂ ¹ ²
c h i ² + d s a n ¹ ²
m i ³ - m i ² + Ɂ a i ¹
m i ³ - c h i u n Ɂ ²
m i ³ - c h i u n Ɂ ³
m i ³ - n g i é ²
m i ³ - l ø ² + l i u Ɂ ¹ ²
m i ³ - k o ¹ ²
m i ³ - h n g i a Ɂ ²
m i ³ - h n g i a Ɂ ¹ ²
m i ³ - Ɂ a g Ɂ ³
m i ³ - c h i ² + n g i u ³
m i ³ - m i ² + g a n ¹ ³
m i ³ - c h i ² + n g i o ³
m i ³ - b ø ² + l ḗ n Ɂ ²
t s ø ² + k u e n Ɂ ¹ ²
m i ³ - m i ² + d s i í ¹
m i ³ - m i ² + Ɂ o g ¹ ³
m i ³ - c h i ² + m e Ɂ ¹ ²
m i ³ - c h i ² + n g i u ³
m i ³ - g u i a n Ɂ ²
m i ³ - Ɂ ē n ¹ ²
m i ³ - t i ² + l i Ɂ ¹
g u ø i ¹
k ø i n ¹
m i ³ - t s ø Ɂ ¹ ²
m i ³ - c h i ² + l a n Ɂ ¹ ²
m i ³ - c h i ² + l a n Ɂ ¹ ²
m i ³ - u ² + n i o ¹ ³
m i ³ - l ø ² + l i u g Ɂ ³
m i ³ - l ø ² + l i u g Ɂ ³
m i ³ - c h i ² + d s á n ²
m i ³ - h l i ú g ²
t s ø ¹ + k u e n Ɂ ¹ ²
m i ³ - t i ² + l e i 2 ¹
m i ³ - t ø ² + g u g Ɂ ¹ ²
m i ³ - d s ø ² + t o g Ɂ ¹ ²
m i ³ - m i ² + c h i a n ³
Ɂ i a n Ɂ ¹ ³
m i ³ - t s e n Ɂ ¹ ²
m i ³ - h e n Ɂ ³
m i ³ - g u u ² + d s ḗ n ¹ ³
m i ³ - m i ² + d s i a g Ɂ ³
m i ³ - t ø ² + g u g Ɂ ¹ ²
m i ³ - k i a n ¹ ²
m i ³ - k u g Ɂ ¹ ³
m i ³ - h n o Ɂ ¹ ²
Ɂ ø g ³
m i ³ - Ɂ n o Ɂ ¹ ²
t o Ɂ ²
m i ³ - h n o Ɂ ¹ ²
