m i ³ - h n o Ɂ ¹ ²
t o Ɂ ²
m i ³ - Ɂ n o Ɂ ¹ ²
Ɂ ø g ³
m i ³ - h n o Ɂ ¹ ²
m i ³ - k u g Ɂ ¹ ³
m i ³ - k i a n ¹ ²
m i ³ - t ø ² + g u g Ɂ ¹ ²
m i ³ - m i ² + d s i a g Ɂ ³
m i ³ - g u u ² + d s ḗ n ¹ ³
m i ³ - h e n Ɂ ³
m i ³ - t s e n Ɂ ¹ ²
Ɂ i a n Ɂ ¹ ³
m i ³ - m i ² + c h i a n ³
m i ³ - d s ø ² + t o g Ɂ ¹ ²
m i ³ - t ø ² + g u g Ɂ ¹ ²
m i ³ - t i ² + l e i 2 ¹
t s ø ¹ + k u e n Ɂ ¹ ²
m i ³ - h l i ú g ²
m i ³ - c h i ² + d s á n ²
m i ³ - l ø ² + l i u g Ɂ ³
m i ³ - l ø ² + l i u g Ɂ ³
m i ³ - u ² + n i o ¹ ³
m i ³ - c h i ² + l a n Ɂ ¹ ²
m i ³ - c h i ² + l a n Ɂ ¹ ²
m i ³ - t s ø Ɂ ¹ ²
k ø i n ¹
g u ø i ¹
m i ³ - t i ² + l i Ɂ ¹
m i ³ - Ɂ ē n ¹ ²
m i ³ - g u i a n Ɂ ²
m i ³ - c h i ² + n g i u ³
m i ³ - c h i ² + m e Ɂ ¹ ²
m i ³ - m i ² + Ɂ o g ¹ ³
m i ³ - m i ² + d s i í ¹
t s ø ² + k u e n Ɂ ¹ ²
m i ³ - b ø ² + l ḗ n Ɂ ²
m i ³ - c h i ² + n g i o ³
m i ³ - m i ² + g a n ¹ ³
m i ³ - c h i ² + n g i u ³
m i ³ - Ɂ a g Ɂ ³
m i ³ - h n g i a Ɂ ¹ ²
m i ³ - h n g i a Ɂ ²
m i ³ - k o ¹ ²
m i ³ - l ø ² + l i u Ɂ ¹ ²
m i ³ - n g i é ²
m i ³ - c h i u n Ɂ ³
m i ³ - c h i u n Ɂ ²
m i ³ - m i ² + Ɂ a i ¹
c h i ² + d s a n ¹ ²
t s ø ² + k u e n Ɂ ¹ ²
m i ³ - t i ² + d s ø ³
m i ³ - m i ² + Ɂ a i ¹
m i ³ - h n g i á Ɂ ²
m i ³ - n g a Ɂ ¹ ²
m i ³ - Ɂ e n Ɂ ¹ ³
m i ³ - t s ø Ɂ ²
m i ³ - t s i Ɂ ³
m i ³ - n a ²
m i ³ - t i a n ¹ ²
m i ³ - m i ² + g a n ¹
m i ³ - t s o n ¹ ²
m i ³ - u ² + l i a n ¹
m i ³ - t i o Ɂ ¹ ²
m i ³ - m i ² + t i a n ³
m i ³ - h n g i ó Ɂ ²
m i ³ - d s á g Ɂ ¹ ²
m i ³ - k u a n ¹ ²
m i ³ - k u ø i n ²
m i ³ - t s e n Ɂ ¹ ²
m i ³ - c h i á g ¹ ²
m i ³ - d s i o Ɂ ¹ ²
d s ø ² + t o g Ɂ ¹ ²
t s ø ³ + k u e n Ɂ ¹ ²
m i ³ - h m o Ɂ ³
m i ³ - u ² + l i a n ¹
m i ³ - d s i a g ¹ ²
g u u ² + d s ē n ¹ ³
m i ³ - Ɂ o Ɂ ¹ ²
k ø ¹ + k a n g ¹ ³
m i ³ - c h i o g ¹ ²
m i ³ - g u i e n Ɂ ¹ ²
c h i ¹ + d s a n ³
m i ³ - g u i a n ¹ ³
m i ³ - c h i o Ɂ ³
m i ³ - c h i o g ¹ ²
m i ³ - c h i o g ²
m i ³ - d s á n Ɂ ¹ ²
m i ³ - Ɂ e n Ɂ ¹ ²
h e n Ɂ ³
m i ³ - t s ē n Ɂ ¹ ²
m i ³ - l ø ² + l i u Ɂ ¹ ²
m i ³ + c h i a n ¹ ²
m i ³ - h i a n ¹ ²
m i ³ - h i a n ¹ ²
g u u ¹ + d s ē n ¹ ³
m i ³ - h n a Ɂ ¹ ²
m i ² + k i o n Ɂ ¹ ³
m i ³ - t o n ²
m i ³ - Ɂ a i Ɂ ¹ ²
g u u ² + d s ē n ¹ ³
m i ³ - Ɂ l i e Ɂ ¹ ²
m i ³ - h u ø i n ²
m i ³ - c h i o g ¹ ²
m i ³ - Ɂ l i Ɂ ¹ ²
m i ³ - g o g Ɂ ¹ ²
m i ³ - t i ² + l í Ɂ ¹
m i ³ - d s i a n ¹ ²
b ø ² + h m e ²
m i ³ - h a n g ¹ ²
m i ³ - h n g i e n g ³
g u ø n Ɂ ¹ ²
m i ¹ + k u u Ɂ ¹ ³
m i ³ - g u i e Ɂ ²
m i ³ - c h i a g Ɂ ²
m i ³ - t s ø n g ¹ ²
m i ³ - c h i o n Ɂ ¹ ³
m i ³ - t s ø Ɂ ²
h e n Ɂ ³
h e n Ɂ ²
m i ³ - c h i o n ³
m i ³ - g u i e n g ²
m i ³ - t i á n Ɂ ¹ ²
k ø ¹ + k a n g ¹ ³
m i ¹ + c h i a n ³
m i ³ - t i a n ¹ ²
m i ³ - Ɂ a n Ɂ ¹ ²
m i ³ - t s ē n Ɂ ³
m i ³ - h e i n ¹ ²
m i ³ - Ɂ i e n ¹ ²
m i ³ - h i n ²
c h i ² + k i a n ³
m i ³ - h u a n Ɂ ³
m i ³ - Ɂ u a i Ɂ ¹ ²
m i ³ - t o g Ɂ ²
m i ³ - h l i a n Ɂ ¹ ³
l a n ³
m i ³ - h u ø i n ²
m i ² + d s i a g Ɂ ³
t s ø Ɂ ²
m i ³ - d s i a n Ɂ ³
d s i i ³ + l é ²
m i ³ - c h i o Ɂ ³
m i ³ - Ɂ u a n Ɂ ¹ ²
m i ³ - d s i o Ɂ ¹ ²
m i ³ - n i e ²
m i ³ - h a n Ɂ ¹ ²
m i ³ - l a n ²
m i ³ - k u ø i n ¹ ²
m i ³ - d s é i ¹ ²
m i ² + k i o n Ɂ ¹
m i ³ - r a n g ²
m i ³ - t a g Ɂ ¹ ²
d s i a n Ɂ ¹ ²
m i ² + c h i a n ³
m i ³ - h u a n Ɂ ¹ ²
c h i ¹ + l a n Ɂ ¹ ³
k i i ³ + t á g ¹
m i ³ - t a n g Ɂ ²
m i ³ - Ɂ u ø i ¹ ²
m i ³ - r o n ³
t i ¹ + d s i o g ³
m i ³ - l i o Ɂ ¹ ²
c h i ¹ + m e Ɂ ¹ ³
m i ³ - h u Ɂ ²
m i ³ - h l i u g ¹ ²
m i ³ - t o g Ɂ ¹ ²
t s e n Ɂ ¹ ³
c h i e n Ɂ ¹ ²
m i ³ - n e i ¹ ²
m i ³ - h a i n Ɂ ²
m i ³ - d s a n ¹ ²
m i ³ - h n á i Ɂ ²
m i ³ - Ɂ u ø Ɂ ¹ ³
m i ² + Ɂ l i u g ³
m i ¹ + Ɂ m a Ɂ ¹ ³
m i ³ - n g a i ¹ ²
m i ³ - d s i o g ³
m i ¹ + k u e n ¹ ³
m i ³ - h a i ¹ ²
m i ³ - h o g ¹ ²
m i ³ - h i n Ɂ ³
m i ³ - h a n Ɂ ¹ ²
m i ³ - t s á i Ɂ ¹ ²
m i ³ - Ɂ e Ɂ ¹ ²
m i ³ - Ɂ á i Ɂ ¹ ²
t ø ² + g u g Ɂ ¹ ²
m i ³ - m i ² + k i o n Ɂ ¹
m i ³ - n g ē ³
m i ³ - h n g ē Ɂ ¹ ²
m i ² + d s i u g ³
t i ² + d s ø a ¹ ²
l ø ¹ + l i u Ɂ ¹ ³
m i ³ - b e n ¹ ²
m i ³ - r ø n Ɂ ³
k u a n ¹ ²
m i ³ - h o g ¹ ²
m i ³ - Ɂ i e i Ɂ ²
m i ³ - d s i ¹ ²
h é n Ɂ ¹
m i ³ - Ɂ l í Ɂ ¹ ²
m i ³ - h o g Ɂ ¹ ²
m i ³ - m i ² + h n i a n g ³
m i ³ + d s i í ¹
t s e n Ɂ ¹ ²
m i ³ - g u a i ¹ ²
m i ² + k á n ¹ ²
Ɂ n i a Ɂ ¹ ²
m i ³ - k o n ³
m i ³ - t i u n ¹ ²
k ø ² + h i n Ɂ ³
m i ³ - Ɂ m a ²
m i ³ - h n g i o Ɂ ³
k ø ¹ + h i n Ɂ ³
m i ³ - t ø n g ²
c h i a g Ɂ ¹ ²
t s e n Ɂ ¹
m i ² + k u e n ¹ ³
m i ¹ + l e i ¹ ³
m i ³ - n g i o Ɂ ²
m i ³ - h n g i u ¹ ²
c h i ¹ + n g i u ³
c h i ² + d s í ²
c h i ² + n g i u ³
m i ³ - t a i ³
m i ³ - Ɂ é i Ɂ ¹ ²
m i ³ - m i ² + l i a g ¹ ³
m i ³ - t ø ² + Ɂ e n Ɂ ³
m i ³ - Ɂ l i a n Ɂ ²
m i ³ - k i a n ¹ ²
m i ³ + h l ē n Ɂ ¹
m i ² + k u e n ¹ ³
m i ³ - m i ² + h l ē n Ɂ ¹
m i ³ - t i u ¹ ²
t i ² + d s o ¹
m i ³ - Ɂ l i a n Ɂ ¹ ²
m i ³ - g ø i ¹ ²
l e n ²
Ɂ e n Ɂ ²
b ø ² + l ē n Ɂ ²
m i ³ - l i ¹ ²
m i ² + g a n ¹ ³
m i ³ + d s ē n ¹ ²
c h i ² + n g i o ³
m i ³ - g ǿ i ¹ ²
c h i ² + n g i o ³
m i ³ - h l a i ¹ ²
m i ² + d s i u g ³
m i ² + d s i ú g ²
m i ² + t i a n ³
