h n o ³
d s ē n ¹ ³
m i ³ - h i ú Ɂ ²
m i ³ - n ǿ Ɂ ²
h n ó Ɂ ²
t ø n g ¹ ²
Ɂ é n ²
h m ḗ Ɂ ²
h l é g ²
n g o ²
h o g ¹
h n ø ¹ ²
n g o ¹
Ɂ o n Ɂ ³
h ú g ²
Ɂ l u g ²
d s ē n ¹ ³
Ɂ e n ¹ ³
h u g ²
n i u Ɂ ³
h n ē Ɂ ³
m i ³ - t ǿ Ɂ ²
h u ø ¹ ²
h l é g ²
Ɂ o g Ɂ ³
h u u Ɂ ³
t i ¹ + d s ø ³
Ɂ m o Ɂ ¹ ³
t i ² + l i ³
h ḗ Ɂ ²
m i ³ - k u ú ²
l i g ²
m i ³ - m i ² + h n i ³
i é ²
h n i o ³
l i Ɂ ²
t e n g ¹ ²
Ɂ e ²
g o g Ɂ ³
t e n g ¹
c h i ³ + d s á n ²
h ø g ²
n ø Ɂ ³
l i ²
Ɂ a ¹ ²
h ē Ɂ ²
s e ¹ ²
h n ē Ɂ ³
h u g ²
t o n ³
l i ó g ¹
l e g ²
h n i o ³
h u g ²
h n g i í Ɂ ²
t a g ¹ ²
Ɂ ø a ²
h ú Ɂ ²
s i o g ³
Ɂ é ²
t a g Ɂ ¹ ²
s i o g ³
h u u ³
Ɂ m o Ɂ ¹ ²
s i u g ³
h ḗ n ²
l ē Ɂ ²
t s o g ¹
t e n g ¹ ³
h i u g ¹
l ǿ ²
Ɂ e n ¹ ³
s e ¹ ²
ø g ³
n g i e ¹
b a ²
s i u g ³
m i ³ - Ɂ l ǿ g ²
h n i o ¹
s i u g ³
l i ¹ ³
t ø n g ³
k i e Ɂ ³
Ɂ ø Ɂ ²
h n i a ¹
Ɂ l ǿ g ²
i é ²
Ɂ u a n Ɂ ¹ ²
t ó Ɂ ¹ ²
Ɂ e n ¹
Ɂ u u ¹
k i á Ɂ ²
t i a n ¹ ³
m i ³ - i é ²
Ɂ u a n ¹ ³
h e n ³
h e n ¹
Ɂ ǿ Ɂ ¹
l o g ¹ ³
t u g Ɂ ²
t s e n ³
n g ē Ɂ ²
h m ø Ɂ ³
t o n ¹ ³
b i ¹ ³
m i ³ - g u i ú ²
h i ú g Ɂ ²
s i á n ²
n g ó ¹
k a i Ɂ ³
t i o Ɂ ¹ ²
b á ²
Ɂ ḗ Ɂ ²
h n ē Ɂ ³
h u u Ɂ ³
h a g ¹ ³
s i o g ³
h e n ¹ ²
h n ø a ¹ ²
Ɂ ó Ɂ ¹ ²
k u u ³
n g i e ¹
b á ²
l i u g ²
k o n ³
Ɂ u e n ¹
Ɂ á n ²
n g ē ³
k u u ²
k á n ²
k i o Ɂ ³
l i ¹ ²
t a g Ɂ ¹ ³
h n o Ɂ ¹ ³
n e i ³
h n g i o ¹ ³
m i ¹ + r ø ³
Ɂ e ²
k o n ³
m i ² + h m ē ³
h n i o ³
i a Ɂ ³
m i ³ - h i ú g Ɂ ²
t s ǿ n ²
k i e n ¹
m ē Ɂ ³
k o n ³
Ɂ e n ¹ ³
k i e Ɂ ³
h a i n Ɂ ³
t ø a ¹ ³
k i e g ²
h e n ²
l a g ¹ ³
l o g ¹ ²
Ɂ a n ³
m i ³ - n i o ²
m ē Ɂ ³
h u ø ¹ ³
h l á i ²
k i e Ɂ ³
m i ³ - h é n ²
Ɂ ó Ɂ ¹ ³
k ē n ²
Ɂ ó Ɂ ²
t e i ³
Ɂ ó Ɂ ²
r ø g ²
t ø n g ²
h u Ɂ ³
m i ³ - h n i o ³
r ó n ²
t s o g ¹
h o g ¹ ²
t a g ¹ ³
Ɂ m a ¹ ³
Ɂ e n g ¹ ³
s i u g Ɂ ²
s i u g Ɂ ²
t o Ɂ ¹ ²
h o g Ɂ ¹ ²
Ɂ a n ²
i e ¹ ²
t s a ³
h i ²
h a ¹ ²
h u ø ¹ ³
l ē Ɂ ²
Ɂ e n ²
m i ³ - h m ē Ɂ ³
h i e g Ɂ ³
m i ³ - h u g ²
m i ³ - l ē Ɂ ²
n i o ²
b e n ¹ ³
m i ³ - n g ø Ɂ ³
l a g ¹ ³
t s o ¹ ²
h a n Ɂ ¹
h u ø ¹ ³
m i ³ - k á n ²
g u Ɂ ²
t ø a ¹ ³
m i ³ - Ɂ l i u Ɂ ²
t s é n ²
h n i o Ɂ ²
Ɂ e ¹ ²
t i ó n ²
c h i e g ²
m i ³ - n g ē Ɂ ²
h a i ¹ ²
d s e n ²
k o n ³
i e ¹ ³
h u Ɂ ¹ ²
c h i e g ³
t i u ¹ ³
h i a n ¹ ³
m i ³ - k ø g Ɂ ²
Ɂ e i Ɂ ²
s e i ¹ ³
k i e n g ¹ ²
b u Ɂ ¹ ³
h e i n Ɂ ³
m i ¹ + Ɂ ē Ɂ ³
n i e ²
m i ³ - k i á Ɂ ²
Ɂ o g ¹
n g o Ɂ ¹
t i á n Ɂ ¹
s i á n ²
h i n Ɂ ³
k ó g Ɂ ¹
k ø g ²
t i a n ¹ ²
g ø i ²
ø g ¹ ³
k i e g ³
h i u g Ɂ ³
m i ³ - k u u ²
h n i a ¹ ²
h l i a n ¹
n g ē ²
m a i ¹ ²
m i ³ - h u g ²
h á g ¹ ²
Ɂ i e n ¹
d s i o g ³
g u i u ¹ ³
n g ē ¹
