m i ³ - h n g ē Ɂ ²
m i ³ - h m o n g Ɂ ²
m á i ¹
Ɂ e n g ¹ ²
t i ³ + l í Ɂ ¹
m i ³ - Ɂ m ǿ i ²
n á ²
g u i a n Ɂ ¹ ³
t s e n Ɂ ¹ ²
t i ¹ + l e Ɂ ¹
m i ³ - Ɂ i a n ²
m i ³ - g u i ú Ɂ ¹ ²
m i ³ - Ɂ o n Ɂ ³
h n g i a Ɂ ²
Ɂ a g Ɂ ¹
d s o g Ɂ ¹
c h i ¹ + k i a n ³
k o g Ɂ ³
n g a i ¹ ²
h n g ē Ɂ ¹ ³
t i ² + d s i o g ¹
Ɂ e ¹ ³
t s ø Ɂ ³
Ɂ ē n ¹ ²
m i ³ - t s o n ¹ ²
m i ³ - s i u g ³
Ɂ o g ¹ ²
d s ø ¹ + t o g Ɂ ¹
m i ¹ + d s i a g Ɂ ³
t s e n Ɂ ¹
m i ³ - m i ² + Ɂ a i ¹
m i ¹ + h ø ³
h n ē Ɂ ³
m i ³ + Ɂ n i o ¹
m i ³ - h e n ¹ ²
n g ē ¹ ³
m i ³ - c h i ² + d s a n ¹ ²
h í ²
m i ³ - t i a g Ɂ ²
m i ³ - i a n ¹ ²
Ɂ l i Ɂ ¹ ²
l a n ¹ ²
m i ³ - Ɂ n a Ɂ ¹ ²
m i ³ - Ɂ o g Ɂ ³
g u e n ³
m i ³ - d s a g ¹ ²
Ɂ m a ¹ ²
h u a n Ɂ ³
m i ³ - m i ² + h l ē n Ɂ ³
Ɂ n g i e n g ¹ ²
h u e n ¹ ²
Ɂ e ³
h e n ¹ ²
u e n Ɂ ²
h é i n ²
d s i á n Ɂ ²
h n g i e n g ³
m i ³ - Ɂ ø g Ɂ ²
r o n ²
g u u Ɂ ³
m i ³ - h m a Ɂ ¹ ²
m i ³ - Ɂ u a n ¹ ²
m i ³ - h a n Ɂ ¹ ²
m i ³ - t ø ² + g u g Ɂ ¹ ²
h e n ³
Ɂ e ¹
t e i Ɂ ¹ ³
m i ² + d s i a g Ɂ ³
m i ³ - m a i ¹ ²
m i ³ - h a i ¹ ²
m i ¹ + g u g ¹
m i ³ - ø g ²
h i o Ɂ ³
t e i Ɂ ¹ ²
Ɂ o n ¹ ²
k i o n Ɂ ¹ ²
m i ² + h l i Ɂ ³
m i ³ - m i ² + k u e n ¹ ²
h i u g Ɂ ³
m i ³ - h l i u g ¹ ²
k ø ² + k a n g ¹ ²
h e n Ɂ ²
m i ³ - m i ² + h i n Ɂ ³
d s i o g ³
m i ³ - m i ² + Ɂ a n ¹ ³
h i á n ²
h e n Ɂ ¹ ³
n e n g ²
m i ³ - t i a n Ɂ ¹ ²
t s ø n g ¹ ²
h n g i e ¹
t o n Ɂ ¹ ²
g u i ó n Ɂ ²
Ɂ ø n g ²
h e n ³
m i ³ - t i ² + l i ³
m i ¹ + k i o n Ɂ ¹ ³
h u a i Ɂ ²
m i ³ - m ē ¹ ²
m i ³ - h l i u g ¹ ²
