m i ³ - d s e n ³
m i ³ - Ɂ l i a n Ɂ ¹ ²
Ɂ i e n ¹
Ɂ m a ¹ ³
m i ³ - g u ø n Ɂ ¹ ²
m i ³ - t i ² + d s i o g ³
m i ³ - s i u Ɂ ¹ ²
l e n ¹
Ɂ i o g ¹
m i ³ - h i u g Ɂ ¹ ²
m i ³ - m i ² + d s í g ²
Ɂ i a ¹ ³
t i ² + l í Ɂ ¹
h u a i Ɂ ¹ ²
m i ³ - k a n ¹ ²
Ɂ ǿ n g ²
t i u n Ɂ ¹ ³
h n a Ɂ ¹ ³
Ɂ a n ¹ ²
k i e n g ²
h a i ³
g u e n Ɂ ¹
h e Ɂ ³
m i ³ - t s i Ɂ ¹ ²
Ɂ i a g ²
k i a n g ¹ ³
t e i ¹ ²
Ɂ a ¹
k o g Ɂ ³
u ¹ + n i o ¹ ³
t ø ¹ + Ɂ e n Ɂ ³
t e i Ɂ ¹ ²
g u i á n Ɂ ¹ ²
c h i ¹ + n g i o ³
k o ¹ ³
m i ² + d s ē n ¹ ²
k i e i Ɂ ¹ ²
n g ē Ɂ ¹
Ɂ i a n ²
m i ³ - l a n ¹ ²
m i ² + h n i a ¹ ³
b i ¹ ²
k i o Ɂ ³
m i ³ - h ǿ Ɂ ¹ ²
t o n Ɂ ³
m i ³ - Ɂ i e i ¹ ²
k u ¹ ²
m i ³ - n i u Ɂ ³
m i ³ - h e n ³
l i e Ɂ ³
Ɂ ø a ³
n g ø Ɂ ³
m i ³ - h n i a ¹ ²
t s í Ɂ ¹
m i ³ - h l i a n ¹ ²
m i ³ - n a n g ¹ ²
m i ³ - Ɂ n á i Ɂ ¹ ²
m i ³ - Ɂ i u Ɂ ³
d s é i ¹ ³
m i ³ - m i ² + h m ē ³
k i a n ¹ ²
Ɂ n a i ¹ ²
g u i e Ɂ ¹ ²
h i é g ²
Ɂ ø g ²
t i u n ¹
m i ³ - n g ē ¹ ³
n g ē ³
m i ¹ + h l i Ɂ ³
m i ³ - Ɂ i a n ²
h n i a ¹ ²
h ḗ n ²
m i ³ - s i u g Ɂ ²
m i ³ - l o g ¹ ²
m i ³ - n g i e Ɂ ³
m i ² + h n i a ¹ ³
t a n Ɂ ³
m i ³ - t a n g Ɂ ¹ ²
m i ² + d s i g ³
Ɂ é i Ɂ ¹ ²
h n g ē Ɂ ²
m i ³ - t i ² + d s ø ³
m i ³ - h u ø ¹ ²
Ɂ u a n ²
h ó g Ɂ ¹
m i ³ - k a n g ²
m i ³ - h u Ɂ ¹ ²
Ɂ e n Ɂ ¹ ²
g u ø n Ɂ ¹
Ɂ ē n Ɂ ¹ ²
h ø Ɂ ¹ ³
m i ³ - m i ² + t e n Ɂ ³
m i ³ - Ɂ n a i Ɂ ²
k ø g ¹ ³
Ɂ e n g ¹ ²
b ú Ɂ ¹ ²
t s o g Ɂ ²
g u i ú ²
m i ³ - Ɂ a n ¹ ³
k i a n ³
