c h i o n ³
h n i á ¹
m i ³ - k i e n ¹ ³
m i ³ - k ø ² + h i n Ɂ ³
m i ³ - l o Ɂ ¹ ²
Ɂ a n ¹ ²
m i ³ - g u i u ¹ ²
m i ³ - Ɂ m ó Ɂ ²
m i ³ - h i a n ¹ ²
m a i ²
Ɂ ē n ¹ ²
m i ³ - k i é n ¹ ²
k i a n g ¹ ³
m i ³ - t i a g ¹ ²
h i e g Ɂ ³
Ɂ i e i Ɂ ²
t s o g ¹ ³
m i ³ - Ɂ o g ¹ ²
m i ³ - Ɂ l i a n Ɂ ²
d s i ó g ¹
m i ³ - t ø n g ²
m i ¹ + g ø g ¹
t i a n ¹ ³
m i ³ - m i ² + k u u Ɂ ¹ ³
k ø ² + h i n Ɂ ¹ ²
m i ³ - h a ¹ ³
h n g i a Ɂ ¹ ³
l í Ɂ ²
n i u Ɂ ³
m i ³ - c h i á g Ɂ ¹ ²
d s e n ¹ ³
m i ³ - m i ² + k u e n ¹ ³
Ɂ a n ³
m i ³ - h a ² + Ɂ a n ³
Ɂ n o Ɂ ¹ ²
h e n Ɂ ³
Ɂ e ²
h e n Ɂ ¹ ²
Ɂ ø g Ɂ ²
m i ³ - Ɂ e Ɂ ¹ ²
m i ² + Ɂ ē Ɂ ³
Ɂ a n ²
i e g ¹ ²
n e n g ¹
Ɂ a g Ɂ ²
m i ³ - k i o n Ɂ ¹ ²
t s ø Ɂ ¹ ²
m i ³ - Ɂ m o Ɂ ¹ ²
u ¹ + n i o ¹ ²
m i ³ - k a n Ɂ ¹ ²
Ɂ m o Ɂ ²
m i ³ - d s ø ² + t o g Ɂ ¹ ²
d s i ¹ ³
b e n ¹ ³
m i ³ - t s ø ² + k u e n Ɂ ¹ ²
g u i e n Ɂ ¹
m i ³ - Ɂ o n ¹ ²
m i ³ - g u i a n Ɂ ¹ ²
m i ³ - Ɂ e n g ¹ ²
t a ¹ ²
k i e n ¹ ³
m i ³ - h ú g ²
Ɂ e n Ɂ ¹ ³
m i ³ - Ɂ é n g ²
m i ¹ + Ɂ n i o ¹
h e i n Ɂ ³
m i ² + Ɂ a i ¹
m i ² + h n í ¹
t i u ¹ ³
m i ³ - Ɂ n a i ¹ ²
m i ³ - Ɂ l u g ²
t a n ¹
m i ³ - k i a n ¹ ²
h i e g ¹ ²
h u u Ɂ ¹ ²
u ² + l é ²
t e n g ²
m i ³ - h e i ²
m i ³ - t i u ¹ ²
m i ³ - h n g i e Ɂ ¹ ²
m i ³ - h u a i Ɂ ²
n g o ¹
m i ³ - m i ² + t a n ¹ ³
m ē Ɂ ³
m i ³ - n i á ¹ ²
m i ³ - t i ² + l i ³
m i ³ - Ɂ i e n ²
m i ³ - n ø Ɂ ¹ ²
k ó g Ɂ ¹ ²
t e i Ɂ ¹ ²
Ɂ n g i e n g ²
m i ³ - g u i e n Ɂ ¹ ²
Ɂ u g ¹ ³
Ɂ u a i Ɂ ¹ ³
i á n ²
k i a n ³
m i ³ - g u ø n ¹ ²
n ø Ɂ ¹ ²
g o g Ɂ ¹ ²
m i ³ - h n g i a n g Ɂ ³
