h é i n Ɂ ¹
Ɂ i e g ²
m i ¹ + k o n ³
m i ² + t i a n ³
g u e n ³
m i ³ - s i o g ³
r ø n Ɂ ³
t s o n ²
h n i a ¹ ²
s i ú g ²
t a n Ɂ ¹ ³
m i ³ - Ɂ e n ¹ ²
Ɂ m a ²
m i ³ - m i ² + g a n ¹ ³
k u ² + h m a Ɂ ¹ ²
m i ¹ + h n i a ¹ ³
s e i ¹ ²
h a i ¹ ³
t ø n g ¹ ³
g u i a n Ɂ ¹
Ɂ l u g ²
h l i a n ¹ ²
k a Ɂ ¹ ²
k a Ɂ ¹ ³
m i ¹ + t e n Ɂ ³
g u i u g Ɂ ²
m i ³ - m i ² + t i ³
g u i a n Ɂ ²
k a i Ɂ ²
h u u ³
m i ³ - c h i o ¹ ²
n g ē ²
k i a n ¹ ³
m i ³ - t e n g ¹ ²
Ɂ i Ɂ ¹ ²
Ɂ n a Ɂ ¹ ²
g u i ó n ²
t s ø Ɂ ¹ ³
t s ē n Ɂ ²
Ɂ e n ¹ ³
m i ² + Ɂ a i ¹
h m á Ɂ ²
g u i o n Ɂ ³
d s i o g ³
Ɂ e ²
h n ø ¹ ³
t s ē n Ɂ ³
h n g i a Ɂ ¹ ³
h l e g ²
t i ú Ɂ ¹
k i e n ¹ ³
h m ó n g Ɂ ¹
k u a n ¹
m i ³ - m i ² + k a n ³
h u Ɂ ¹
t a n Ɂ ¹ ²
h n o Ɂ ¹ ²
m i ¹ + d s i i ³
m i ² + h ø ³
m i ³ - t s ǿ n g ²
Ɂ m a i ¹ ³
d s o g Ɂ ¹ ²
g u i u ¹ ²
t s á n Ɂ ²
m i ³ - h e n Ɂ ²
Ɂ a n ¹
t s á i Ɂ ¹
Ɂ u ø Ɂ ¹ ²
h i a n ¹ ³
Ɂ a n ¹ ²
n i u Ɂ ³
m ē ¹ ²
l ø ² + l i u g Ɂ ³
r o n ²
Ɂ e n ¹ ³
n e i ³
Ɂ i e i Ɂ ³
m i ³ - Ɂ n g i é n g ¹ ²
m i ³ - t a i ³
Ɂ u a n Ɂ ¹ ²
Ɂ l i e Ɂ ²
m i ¹ + Ɂ n i o ¹
n i u Ɂ ¹
k i a Ɂ ¹ ³
m i ³ - Ɂ e n Ɂ ¹ ³
h m ø Ɂ ³
n g i é ²
s i u Ɂ ¹ ²
m i ³ - h i o Ɂ ³
g u ø ¹
m i ³ - b ē n ¹ ²
m i ³ - Ɂ e ²
d s i á g Ɂ ¹ ³
m i ³ - r ø n Ɂ ³
m i ³ - c h i ² + d s a n ²
m i ³ - m i ² + c h i a n ³
m i ³ - Ɂ i a n ²
h m ó Ɂ ¹
k u ¹ + h m a Ɂ ¹ ³
Ɂ i a n ²
