Ɂ i o g ²
m i ¹ + Ɂ a n ¹ ³
m i ³ - h m ó n g Ɂ ¹ ²
m i ³ - c h i o n ³
m i ³ - i e ¹ ²
d s u g Ɂ ¹
c h i o g ³
Ɂ l í Ɂ ¹
g u i a n Ɂ ²
Ɂ n a i Ɂ ³
h i u g Ɂ ¹ ³
m i ³ - g u i e n g ¹ ²
m i ³ - l i e Ɂ ¹ ²
Ɂ n ē ¹ ³
m i ³ - h m ø Ɂ ²
Ɂ ø g ³
m i ³ - m i ² + g a n ¹ ³
h a n Ɂ ¹ ²
m i ² + k i o n Ɂ ¹ ³
m i ³ - n g i u ²
Ɂ u é n Ɂ ²
Ɂ m a ³
Ɂ e ¹ ²
m i ³ - b i ¹ ²
m i ³ - Ɂ e i Ɂ ²
m i ³ - t s i g ²
h i é g ²
t i ³ + l i ¹
k i e n ¹ ³
m i ³ - k ø ² + k á n g ¹ ²
k a n g ¹
k i o n ³
h n ǿ ²
t i ¹ + d s i o g ³
l ē Ɂ ³
Ɂ ø g ³
t ø ² + Ɂ e n Ɂ ³
d s i i ² + l é ²
h a g ¹ ³
m i ¹ + h i n Ɂ ³
d s e n ²
m i ³ - Ɂ n g i e n g ¹ ²
h a n Ɂ ¹ ²
b ē n ¹ ²
k i e n Ɂ ¹ ³
m i ³ - Ɂ e n Ɂ ¹ ³
h m a Ɂ ³
m i ³ - d s ø ² + l é ²
Ɂ i e n ¹ ²
m i ³ - h é Ɂ ²
t s ē n Ɂ ³
h a n g ¹ ²
m ē Ɂ ³
t s o g Ɂ ¹
l a g ¹
t i ² + k ḗ n ¹
g u e n Ɂ ³
Ɂ ó n Ɂ ²
m i ¹ + g u g ¹
c h i o n Ɂ ¹
h n g i o Ɂ ³
h i é g ¹
Ɂ e n ¹ ³
k u é n Ɂ ²
m i ³ - h i ²
m i ³ - g u Ɂ ²
Ɂ o n Ɂ ³
k i o n ³
h e Ɂ ³
l ø g ²
m i ³ - c h i o Ɂ ³
h ø g ²
h n o ³
c h i o g ²
Ɂ a n Ɂ ¹ ²
m i ² + d s i i ³
m i ³ - h é i n Ɂ ¹ ²
Ɂ o g Ɂ ³
m i ³ - h á i n Ɂ ¹ ²
m i ³ - k a n ¹ ²
n ø Ɂ ²
m i ³ - m i ² + h m ē ³
c h i a g Ɂ ¹ ³
m i ³ - h u Ɂ ²
n g i é Ɂ ¹ ²
m i ³ - h u Ɂ ¹ ²
g o g Ɂ ¹
Ɂ l i a n Ɂ ¹ ³
m i ³ - t s á n Ɂ ²
Ɂ l i u Ɂ ³
n g a i ¹ ³
m i ³ - d s e n ²
m i ³ - n u n g ¹ ²
g u i e Ɂ ³
m i ² + Ɂ o g ³
Ɂ e Ɂ ¹ ²
h m a Ɂ ¹ ³
m i ³ - k i e i Ɂ ¹ ²
m i ² + d s i a n ¹ ³
Ɂ u ø Ɂ ¹ ³
