h u g ²
Ɂ a n Ɂ ¹ ³
u e n Ɂ ²
c h i o g ³
t s ø Ɂ ¹ ³
m i ³ - Ɂ m e i ³
m i ¹ + k a n ³
m i ³ - n g ē ¹ ³
m i ³ - b ø ² + l ē n Ɂ ²
Ɂ i a g ¹ ²
k i a n ¹
m i ³ - n g ø Ɂ ³
m i ³ - t i ² + l i ³
t s e n ³
c h i ó n ¹
h i ú Ɂ ²
m i ³ - g u e n ²
Ɂ i e i Ɂ ³
m i ¹ + h l ē n Ɂ ³
d s ē n ¹ ³
t ø ³ + d s ǿ ³
m i ³ + t i ¹
Ɂ i e i ¹ ³
g u ø ¹ ²
h u g ²
n g i ú ²
g u e n Ɂ ¹ ³
h a g ¹ ³
h m a Ɂ ¹ ³
m i ¹ + h l i Ɂ ³
h ē Ɂ ²
Ɂ l ø a Ɂ ³
m i ³ - g u e n Ɂ ¹ ²
m i ³ - h a ² + Ɂ a n ³
k i u Ɂ ²
h n g i ó ²
k i a n ¹ ³
m i ³ - Ɂ n i a Ɂ ¹ ²
m i ³ - h i e g ¹ ²
m i ³ - h n g i e n g ²
m i ³ - Ɂ l a n ¹ ²
m i ² + n i Ɂ ³
b a ³
m i ³ - Ɂ m e i ³
h n i a ¹
h l á n ²
s i u g Ɂ ²
Ɂ u g ¹ ³
m i ³ - m i ² + k u e n ¹ ³
u ² + n i o ¹ ²
m i ³ - h i n Ɂ ³
t o g Ɂ ¹ ²
m i ³ - g u i á n Ɂ ¹ ²
n g ø Ɂ ³
t a ³
g u ø n ¹ ²
m i ³ - k i a n ³
m i ³ - l ø ² + l i ú Ɂ ²
Ɂ n ø i ²
t s ø ² + k u e n Ɂ ¹ ²
m i ³ + k o n ¹ ²
k i o n Ɂ ¹ ²
m i ³ - k á n Ɂ ²
Ɂ m a i ¹ ²
m i ³ - m i ² + k u u Ɂ ¹ ³
t i a n ¹
m i ³ - k u a n ¹ ²
m i ³ - t i ² + d s o ¹
m i ³ - m ḗ Ɂ ²
h n g i a ¹ ³
m a i ³
k ø g Ɂ ¹
h e n ¹
k ø g Ɂ ²
d s u g Ɂ ¹ ²
g u i a n Ɂ ¹ ²
r ø n Ɂ ³
m i ³ - h n g ē Ɂ ²
l á n ¹ ²
s i u g ³
m i ¹ + c h i a n ³
h m o Ɂ ³
c h i o g Ɂ ¹ ²
n g i e ²
m i ³ - h l a n ³
m i ³ - h e Ɂ ³
m i ³ - k ē n ²
Ɂ u a n Ɂ ¹ ²
h u e n ¹ ³
m i ³ - Ɂ n g i o ¹ ²
k i i n g ³
m i ³ - k i a n g ¹ ³
m i ² + k o n ³
h m ó n g Ɂ ¹ ²
Ɂ e n ¹ ³
Ɂ u a i ¹ ³
h l á i ²
m i ³ - m i ² + d s i u g ³
n i o ¹
m i ³ + k i o n Ɂ ¹
m i ³ - k i é Ɂ ¹ ²
h n g i a Ɂ ¹ ²
b a n ³
h e n ¹ ²
k i o n Ɂ ¹ ³
m i ³ - k u g Ɂ ¹ ²
h u u ¹ ²
m i ³ - Ɂ i e n ¹ ²
Ɂ ē n ¹ ³
g u i i g ²
m i ³ - t s e n Ɂ ¹ ²
h e n ³
m i ³ - d s i ²
m i ³ - k i e g ²
Ɂ m o Ɂ ²
g o g Ɂ ¹
t s ē n ³
m i ³ - k u ² + g u é n Ɂ ²
k i i ¹ + t o g ³
s i ú Ɂ ²
m i ¹ + d s i a n ¹ ³
m i ³ - g u ø i ²
m i ³ + r ø ¹ ²
t i ó Ɂ ¹ ²
k u ø i n ¹ ²
m i ² + l i a g ¹ ³
m i ³ - l ø ² + l i u g Ɂ ³
m i ³ - d s o g Ɂ ¹ ²
m i ³ - u ² + n i o ¹ ²
h u Ɂ ²
m i ¹ + h m ē ³
c h i ³ + l á n Ɂ ²
m i ³ - m i ² + h l í Ɂ ²
m i ³ - l a n ²
b a ³
m i ³ - t i o n ²
h n o Ɂ ¹ ²
g u ø n ²
m i ³ - Ɂ a n ²
k u g Ɂ ³
g u e n ¹
h i á n ²
m i ³ - d s u g ²
n i a ¹
Ɂ n á Ɂ ¹ ²
m i ³ - Ɂ i a n ²
k u g Ɂ ¹ ³
k i é Ɂ ¹ ²
Ɂ e n g ¹ ²
m i ³ - h n g i e ¹ ²
k i e n ²
m i ³ - Ɂ u á i Ɂ ¹ ²
h u ú ²
m i ³ - t o n Ɂ ²
m i ³ - t ó n Ɂ ²
m i ³ - t s ē n ³
Ɂ u a i ¹ ³
c h i ² + m e Ɂ ¹ ²
l á i ¹ ²
m i ³ - Ɂ ǿ n Ɂ ²
m i ¹ + k u u Ɂ ¹ ³
h i u g Ɂ ³
m i ³ - Ɂ a n ¹ ²
c h i ¹ + n g i o ³
m i ³ - l ē Ɂ ³
m i ³ - Ɂ u a i ¹ ²
m i ³ - h n o ³
t s a ²
t i ¹ + l i Ɂ ¹
m i ¹ + Ɂ l i u g ³
m i ³ - h n g i a Ɂ ¹ ²
g o Ɂ ¹
c h i ² + l a n Ɂ ¹ ²
Ɂ i e i ³
m i ³ - Ɂ m a ¹ ²
m i ³ - n g ǿ i ²
h a i ¹ ³
d s é n ¹ ³
m i ² + Ɂ l i u g ³
k ó n ²
n g o ²
t s a ¹ ³
g u i u g Ɂ ¹
t ø n g ³
t s á n Ɂ ²
n g i e Ɂ ³
Ɂ m e i ³
t s o n ²
k i e n Ɂ ¹ ³
g u ǿ n ¹ ²
m i ³ - k o g Ɂ ³
s i a n ³
m i ³ - n g á i ¹ ²
Ɂ ē n ¹ ³
k i e n ²
m i ³ - m ē ¹ ²
Ɂ m e i ³
h u ø ¹ ²
m i ³ - t s e n Ɂ ¹ ²
n g a i ¹ ²
g u i a n Ɂ ²
m i ³ - k a Ɂ ¹ ²
s e i ¹ ³
m i ³ - g u i é n Ɂ ²
m i ³ - b ø ² + h m é ²
Ɂ n a i ¹ ²
h m o n g Ɂ ³
n i é ¹
n g o ¹
h i n Ɂ ³
Ɂ n o Ɂ ¹ ²
Ɂ u a i Ɂ ¹ ²
h m ø Ɂ ²
m i ³ - c h i o g Ɂ ¹ ²
m i ³ - Ɂ l i e Ɂ ¹ ²
k ø Ɂ ¹ ²
m i ³ - d s i a n ¹ ²
l o Ɂ ³
h n ø a ¹
m i ³ - m i ² + g u g ¹
Ɂ a n ¹ ³
l ø ³ + l i u g Ɂ ³
t a g Ɂ ²
Ɂ e n Ɂ ¹ ²
m i ³ - t i ² + d s ø ³
k i é n ²
m i ³ - c h i a g Ɂ ²
Ɂ n ē ¹ ²
s e ¹ ²
Ɂ m a i ¹ ²
m i ³ - n ø Ɂ ¹ ²
h a i n Ɂ ¹ ²
m i ³ - h a i ²
n g a i ³
m i ³ - h o ¹ ²
m i ³ - h i n Ɂ ³
n g i e ¹ ³
m i ³ - h n g i e Ɂ ¹ ²
m i ³ - h n g i a n g Ɂ ³
t e g ³
k a n ¹ ³
n g ǿ i ²
c h i o g Ɂ ¹
m i ³ - h ø n ¹ ²
Ɂ é n g ²
t ø g ³
h e i n Ɂ ³
t ø ¹ + Ɂ e n Ɂ ³
Ɂ ø n g ³
u ø i n ¹
m i ³ - h n ē Ɂ ³
u é n Ɂ ²
n g ē ¹ ²
m i ³ - d s e n ²
Ɂ e ¹ ³
m i ³ - g ú Ɂ ¹ ²
m i ³ - c h i a n Ɂ ¹ ²
m i ³ - h a g ¹ ³
k u ²
c h i í n Ɂ ²
t i ² + d s ø a ³
m i ³ - c h i u n Ɂ ²
g u u ¹ + d s ē n ¹ ³
m i ³ - t ø n g ¹ ²
h u u Ɂ ¹ ³
m i ³ - g u i e n g ²
t s a n Ɂ ¹ ²
m i ³ - c h i u n Ɂ ¹ ²
g u i e Ɂ ¹ ²
l e Ɂ ²
m i ³ - m i ² + l e i ¹ ³
h u a n Ɂ ³
m i ³ - t i ó Ɂ ¹ ²
d s i o g ³
m i ³ - Ɂ n g i o ¹ ²
k ø i n ¹ ²
t ó g Ɂ ¹
Ɂ m ó Ɂ ²
m i ³ - h l a n ³
m i ³ - m i ² + Ɂ n i o ¹
t s o ¹
t s e n Ɂ ²
m i ³ - r a n g ¹ ²
m i ³ - Ɂ u a i ¹ ²
m i ³ - c h i o n ³
m i ³ - Ɂ a n ¹ ²
t s i g ²
m i ² + Ɂ n i o ¹
m i ³ + h í n Ɂ ²
n g ē ¹ ³
k i e n ¹ ³
k u ¹
h n ó ²
t s ē n ³
m i ³ - t a ¹ ²
k ø g Ɂ ¹ ²
b ú Ɂ ²
t s i Ɂ ³
h ē n ¹ ³
m i ³ - h i o Ɂ ³
Ɂ o g ¹ ²
m i ³ - n ø Ɂ ¹ ²
Ɂ é n Ɂ ¹ ³
t s i Ɂ ¹
m i ² + k u e n ¹ ²
g u e n ²
g ó g Ɂ ¹ ²
m i ¹ + g a n ¹ ³
n g i e Ɂ ³
t o Ɂ ¹ ³
m i ³ - k u ² + g u e n Ɂ ³
m i ³ - t s ø n g ¹ ²
m i ³ - n g i e Ɂ ¹ ³
s i e g ¹
k a n ¹ ²
l a Ɂ ³
m i ³ - k i o n Ɂ ¹ ²
m i ³ - c h i ² + k i a n ³
m i ¹ + h m ē ³
m i ³ - t é n g ²
m i ³ - n g i e ¹ ³
l a n Ɂ ¹ ²
m i ³ - k a Ɂ ¹ ²
m i ² + d s i g ³
Ɂ i e n ¹ ²
l i e Ɂ ³
n g ē ³
Ɂ i e n ¹ ³
m i ³ - s i u g Ɂ ²
Ɂ n a i ¹ ³
m i ³ - h l i a n ¹ ²
m i ² + l i á g ¹
c h i ² + n g i o ³
m i ³ - k i e n Ɂ ¹ ²
t s e i Ɂ ¹ ³
m i ³ - n ø Ɂ ²
m i ³ - m i ² + d s ē ¹ ³
m i ³ - l e g ²
d s i o g ¹ ²
t s o g ¹
h a n Ɂ ¹ ³
m i ¹ + g a n ¹ ³
m i ³ - n g a i ¹ ²
m i ³ - t s o g ²
m i ³ - l á i ¹ ²
t s ø Ɂ ¹ ³
m i ³ - Ɂ u u ²
m i ³ - h ø Ɂ ¹ ²
n g i é ²
h a n ¹ ³
m i ³ - b i ¹ ²
k i a n ¹ ²
t s e n Ɂ ¹
m i ³ - s e ²
Ɂ a n ¹ ³
m i ³ - m i ² + Ɂ ē Ɂ ³
h n i o Ɂ ²
m i ¹ + k i o n Ɂ ¹ ³
h e n ³
n g á Ɂ ¹ ²
Ɂ e n Ɂ ¹ ³
t e i ³
g u i o n ³
h l a n ³
Ɂ i e n ¹ ³
m i ³ - h n g i a ¹ ³
m i ³ - Ɂ ó n Ɂ ²
m i ³ - t s o n ¹ ²
n g i e ¹
c h i o ¹ ²
c h i u n Ɂ ³
n g ē ¹ ²
h n g i á Ɂ ²
i a n ¹ ³
Ɂ e n ¹ ²
Ɂ i Ɂ ¹ ³
h n í ¹
k i e n g ³
Ɂ l i a n Ɂ ¹ ³
m i ¹ + d s ē n ¹ ³
k ø ¹ + h i n Ɂ ³
n a ¹ ²
d s a n ¹ ²
t a n Ɂ ²
b é n ²
Ɂ i a n ¹ ²
h a n Ɂ ¹ ²
k i e g ²
t i a n Ɂ ¹ ³
m i ³ - t s á ¹ ²
h l a n ³
m i ³ - l i o g ¹ ²
k i o Ɂ ³
k ø ¹ + h i n Ɂ ³
m i ³ - h n ǿ ²
m i ³ - Ɂ u a i Ɂ ¹ ²
h a g Ɂ ²
h m o n g Ɂ ³
m i ³ - Ɂ i é i Ɂ ¹ ²
h u u ²
t ø ² + g u g Ɂ ¹ ²
m i ³ - c h i o g Ɂ ³
h e i n Ɂ ³
m i ³ - k i a n g ¹ ³
c h i o n ¹
t i o n ³
d s i o Ɂ ¹ ³
d s ø ² + l é ²
m i ³ - k ø ² + h i n Ɂ ¹ ²
m i ³ - n g i o Ɂ ¹ ²
c h i o g ²
d s ø ¹ + t o g Ɂ ¹
Ɂ é i ¹
t i a n ¹ ³
t i a n ¹ ³
m i ³ - k u ² + h m a Ɂ ¹ ²
m i ³ - n g ē ²
h e n Ɂ ¹
Ɂ o ¹ ³
h o g ¹ ²
m i ³ - Ɂ a n ¹ ³
m i ³ - t i o n ¹ ²
l a n ²
m i ³ - h l i a n Ɂ ¹ ³
s e ¹ ³
n u n g ¹ ³
l ø ¹ + l i u Ɂ ¹ ³
m i ³ - Ɂ e n Ɂ ¹ ²
m i ³ - h o g ¹ ²
Ɂ l i u g ²
m i ³ - t s a n Ɂ ¹ ²
m i ³ - h m ē Ɂ ³
m ē ¹ ²
t i a n ¹ ²
g u i u g Ɂ ¹
g u i ú Ɂ ¹ ²
h ē Ɂ ²
m i ³ - Ɂ n o Ɂ ¹ ²
m i ³ - d s e n ²
m i ³ - k u u ²
m i ¹ + g u g ¹
Ɂ l i Ɂ ¹ ²
g u g ¹ ²
k u ø i n ¹
h n g i o ¹ ²
k i a n g ¹ ³
Ɂ u a n ¹ ³
m i ³ + g u g ¹
d s u g Ɂ ¹ ²
k i i n g ²
n ø n g ²
t e i ¹
Ɂ e n ³
m i ³ - m i ² + k o n ³
m i ¹ + d s ē ¹ ³
h n g i a Ɂ ²
m i ³ - t e ¹ ²
m i ³ - n u n g ²
m i ³ - k i i Ɂ ²
n g i u ³
m i ³ - t s ø a Ɂ ²
k a n g ³
m i ¹ + d s i u g ³
m i ³ - m á i ¹ ²
m i ³ - k i o Ɂ ³
m i ³ - t s ē n ¹ ²
k i a n ³
m i ³ - h u u ³
l ø ¹ + l i u g Ɂ ³
m i ³ - Ɂ o g Ɂ ³
m i ³ - Ɂ n g i e n g ¹ ²
m i ³ - Ɂ n g i o ¹ ²
t s e n Ɂ ¹ ²
m i ³ - m i ² + h n i a ¹ ²
k i i ¹ + t o g ³
m i ³ - s i ú Ɂ ²
m i ³ - n g ø Ɂ ¹ ²
m i ³ - h n i o ³
t a n Ɂ ¹ ³
g u g ¹
Ɂ i é i Ɂ ¹ ²
m i ³ - d s i ¹ ²
Ɂ ē n Ɂ ¹ ²
Ɂ i ú Ɂ ²
t a n Ɂ ¹ ²
Ɂ o g Ɂ ³
k i o n ³
m i ² + h n i a ¹ ²
m i ³ - g u i i g ²
k ø ² + k a n g ¹ ²
n g i e ¹ ³
m i ³ - m i ² + d s ē n ¹ ³
m i ³ - s i u g ³
b a ¹ ³
m i ³ - m i ² + d s i u g ³
g u i e n g ²
m i ³ - n g ē ²
m i ³ - h u a n Ɂ ³
m i ³ - l a g ¹ ²
l i ¹ ²
