s i a n ³
h e n Ɂ ³
h l e g ²
m i ³ - t o g Ɂ ²
u e n Ɂ ²
h a ¹
t ø n g ²
m i ³ - k ó n ²
k i u Ɂ ²
m i ³ - t i a n Ɂ ²
t s e n ³
m i ³ - h n g i u ¹ ²
Ɂ m a ²
m i ³ - h a g Ɂ ²
m i ³ - h n i a ¹ ²
Ɂ u a n Ɂ ¹ ³
m i ³ - l ø i ²
m i ³ - m i ² + t i ³
n g i e Ɂ ¹ ³
l ø g ³
m i ³ - g u Ɂ ²
m i ² + Ɂ ē Ɂ ³
Ɂ e ¹ ³
m i ² + Ɂ a n ¹ ³
Ɂ i u Ɂ ³
k i a n g ¹ ³
h l i a n Ɂ ¹ ³
m i ³ - Ɂ n g i e n g ¹ ²
Ɂ i e n ¹ ²
t i ² + l e Ɂ ¹
l e n ¹
d s a n Ɂ ¹ ²
m i ³ - b a n ¹ ²
d s i a n Ɂ ³
t s o g ²
m i ³ - g u i o n ³
d s i o g ¹
t ø a ¹ ²
m i ³ - k i u g Ɂ ²
k ǿ ²
k ē n ²
m i ³ - Ɂ m ē Ɂ ¹ ²
m i ³ + h n i a ¹ ²
m i ³ - t i o Ɂ ¹ ²
Ɂ n i Ɂ ¹ ²
m i ¹ + Ɂ a i ¹
Ɂ i u Ɂ ³
k u e n Ɂ ³
m a i ³
m i ³ - t s e n Ɂ ³
m i ³ - m i ² + n i Ɂ ³
h n g i a n g Ɂ ³
k i i n ³
t s o g Ɂ ¹
m i ³ - Ɂ l u g ²
m i ¹ + k i o n Ɂ ¹ ³
c h i e n Ɂ ¹ ³
d s o g Ɂ ¹ ³
Ɂ i e i Ɂ ¹ ²
Ɂ i a ¹ ³
m i ² + Ɂ a n ¹ ³
t s ø Ɂ ¹ ²
m i ³ - Ɂ ó Ɂ ¹ ²
m i ³ - m i ² + k u e n ¹ ³
s i ú g Ɂ ¹
k ø Ɂ ¹
b ø ¹ + h m e ³
m i ² + h o g ³
h a n Ɂ ¹ ²
Ɂ o Ɂ ¹ ²
h i u g Ɂ ¹ ³
d s o g Ɂ ¹ ²
c h i u n Ɂ ³
h l i ú g ²
m i ³ - m i ² + h o g ¹ ²
m i ³ - h a i n Ɂ ²
Ɂ i e n ¹
t i u ¹ ²
m i ³ - b i ¹ ²
k i ó Ɂ ¹ ²
d s ē n ¹ ²
m i ³ - Ɂ ē n Ɂ ²
Ɂ ē n Ɂ ²
h n g i e Ɂ ¹ ³
l i ³
s e i ¹ ²
m i ³ - h m o Ɂ ³
t s a ²
d s i a n ¹ ³
h n g i e n g ³
h ø n ¹ ²
m i ³ - c h i u n Ɂ ³
c h i u n Ɂ ³
m i ³ - n g o ¹ ²
k i a n ¹ ³
m i ³ - Ɂ m ē Ɂ ²
m i ² + h n i ³
u ¹ + n i o ³
h l i a n Ɂ ¹ ³
b u Ɂ ¹
Ɂ l i a n Ɂ ²
n g ē ¹ ²
t e n g ³
Ɂ n g i e n g ¹ ³
r o n ²
l a n ³
k i o n ³
m i ¹ + r ø ³
m i ³ - i e g ²
m i ¹ + d s ē ¹ ³
m i ² + k o n ³
m i ³ - c h i ó n ²
h n g ē Ɂ ²
l á n Ɂ ²
c h i ¹ + l a n Ɂ ¹ ³
m i ³ - m i ² + h n i ³
t s é n ²
m i ³ - d s ú g Ɂ ¹ ²
m i ³ - k i á n ²
k u e n Ɂ ³
t s o g Ɂ ²
m i ³ - h n g i e Ɂ ¹ ²
m i ³ - h u e n ¹ ³
m i ³ - s i e g ¹ ²
k u e n Ɂ ³
m i ³ - n i u Ɂ ³
k i i ² + t o g ³
m i ³ - Ɂ o g ¹ ²
h m o Ɂ ³
m i ³ - c h i u n Ɂ ¹ ²
i a Ɂ ¹
d s á n Ɂ ¹ ²
g u u Ɂ ¹
m i ³ - m i ² + d s i u g ³
m i ³ - h u u ³
m i ³ - h e n Ɂ ¹ ³
m i ³ - s i á n ²
t i o n ³
m i ¹ + h ø ³
t a ¹ ³
t s ø n g ¹ ²
m i ³ - g u i a n Ɂ ¹ ²
h u ø i ²
m i ³ - n g ó ¹ ²
c h i u n Ɂ ¹ ³
c h i o g Ɂ ³
m i ³ - Ɂ e ¹ ²
m i ³ - h u g ²
c h i u n Ɂ ¹
m i ³ - n i n g ²
m i ³ - h i e g Ɂ ¹ ²
h i e g Ɂ ²
m i ³ - Ɂ l i a n Ɂ ²
t i ² + l e i 2 ¹
t s o n ¹ ²
t a g ¹
t i ¹ + l e i 2 ¹
t ø ¹ + g u g Ɂ ¹ ³
n a ²
Ɂ ē n Ɂ ³
t i ¹ + l i ³
h u Ɂ ¹ ³
Ɂ e Ɂ ¹ ²
n g ē ¹ ²
m i ³ - g o g Ɂ ¹ ²
m i ¹ + Ɂ a i ¹
m i ³ - k i i ² + t o g ³
h u ú Ɂ ¹ ²
m i ³ - k i a Ɂ ¹ ³
m i ³ - n i u Ɂ ³
h i o Ɂ ³
g u i a n Ɂ ¹ ²
m i ² + t e n Ɂ ³
d s a g ¹ ³
Ɂ i a ¹ ³
Ɂ n g i e n g ²
h u u ³
m i ³ - n e i ²
m i ³ - g u i e n Ɂ ¹ ²
m i ³ - k u e n Ɂ ³
m i ³ - c h i e g ²
Ɂ m a ¹ ²
m i ³ - u é n Ɂ ²
r ø g ¹
m i ³ - h á n Ɂ ¹ ²
h i u g Ɂ ³
m i ³ - c h i u n Ɂ ³
d s e n ³
h ø Ɂ ¹ ³
Ɂ ú g Ɂ ²
b ø ¹ + l ē n Ɂ ³
m i ³ - h ø Ɂ ¹ ²
g u e n Ɂ ²
m i ¹ + Ɂ m a Ɂ ¹ ³
m i ³ - k o g Ɂ ³
m i ³ - t ó g Ɂ ¹ ²
Ɂ ē n ¹ ²
Ɂ e n Ɂ ¹ ³
t i ú Ɂ ¹
m i ³ - m i ² + d s i g ³
Ɂ n g i o ¹ ²
h ø i ²
m i ² + t i a n ³
t s o n ¹
m i ³ - t s o ¹ ²
m i ³ - h ǿ Ɂ ²
m i ³ - u ø i n ²
m i ¹ + t e n Ɂ ³
h n g i a Ɂ ¹ ²
m i ³ - h u u Ɂ ³
m i ³ - Ɂ e n g ¹ ²
Ɂ l ø a Ɂ ³
n g i e ¹ ³
b u Ɂ ¹ ²
h i ¹ ³
Ɂ i u Ɂ ³
m i ³ - t s é n Ɂ ¹ ²
m i ³ - h a g ¹ ³
m i ³ - r o n ³
t i a n ¹ ²
m i ² + d s i i ³
h n g i ó Ɂ ²
m i ³ - n g ē Ɂ ²
m i ¹ + h ø ³
h n i a ¹
h n g i ú ²
m i ³ - h n g i o ¹ ²
m i ³ - m i ² + k á n ¹ ²
Ɂ n á i Ɂ ¹ ²
m i ³ - t e i Ɂ ¹ ²
m i ³ + Ɂ l i ú g ²
k u ²
t s ǿ n g ²
m i ³ - t s o n ²
m i ³ - h n i o Ɂ ²
m i ³ - r ø n Ɂ ³
m i ³ - l a Ɂ ³
t e g ²
h u Ɂ ¹ ²
l e n ¹
c h i o n Ɂ ¹ ³
g o g Ɂ ¹
m i ³ - t s ø ² + k u e n Ɂ ¹ ²
h e Ɂ ³
m i ² + k u u Ɂ ¹ ²
m i ² + d s i u g ³
Ɂ l a n Ɂ ¹ ³
l u g ²
c h i ¹ + k i a n ³
i á n ²
m i ² + t i á n ²
Ɂ a n Ɂ ¹ ³
m i ² + d s í g ²
n g i e Ɂ ¹ ²
m i ³ - t a g ¹ ²
Ɂ i a n ¹ ²
k i e n g ¹ ³
g u i o n Ɂ ³
m i ¹ + t a n ¹ ³
m i ¹ + d s ē n ¹ ³
m i ² + l e i ¹ ³
c h i o g Ɂ ¹
d s ø ³ + l é ²
m i ³ - Ɂ o Ɂ ¹ ²
t ø ³ + Ɂ é n Ɂ ¹
m i ³ - l a g ¹ ²
k i i ² + t o g ³
m i ³ - t a ²
m i ³ - Ɂ e n g ²
Ɂ n g i e n g ³
d s e n ¹ ³
m i ³ - t s o g Ɂ ²
m i ³ - t a g ¹ ²
c h i u n Ɂ ¹ ²
m i ³ - h ē n ¹ ²
m i ² + h l ē n Ɂ ³
Ɂ l i a n Ɂ ²
m i ³ - h m a Ɂ ¹ ³
m i ³ - t a n Ɂ ¹ ²
d s i a n Ɂ ¹ ²
h á n Ɂ ¹
m i ³ - h o g Ɂ ¹ ²
m i ³ - h n i a ¹ ²
m i ³ - s i u g ³
u ² + n i o ¹ ³
m i ³ - h e n ¹ ²
l a n Ɂ ¹ ²
h a ² + Ɂ a n ³
m i ¹ + h n i a ¹ ³
b ø ² + h m e ²
t i ² + d s ø ³
m i ³ - h l ø a ¹ ²
d s i ó Ɂ ¹ ²
g u i e n g ²
m i ¹ + h n i a ¹ ³
m i ³ - b a n ¹ ²
m i ³ - d s ē n ¹ ³
m i ³ - Ɂ u g ¹ ³
m i ³ - Ɂ u a i ¹ ²
m i ³ - Ɂ e n ¹ ²
m i ² + l e i ¹ ³
m i ² + h i n Ɂ ³
m i ³ - Ɂ a i Ɂ ²
h n g i a Ɂ ²
s i a n Ɂ ¹
m i ³ - Ɂ e i ¹ ³
m i ¹ + h l ē n Ɂ ³
s i u g Ɂ ²
t i ² + l i ³
m i ¹ + l e i ¹ ³
m i ³ - l i e Ɂ ³
h ø n ¹
d s i á g Ɂ ¹ ²
k u a n ¹ ²
g u i u g Ɂ ¹
l ø ² + l i ú Ɂ ²
m i ³ - m i ² + d s i ú g ²
m i ³ - m i ² + h i n Ɂ ³
m i ³ - s e i ¹ ²
m i ² + t a n ¹ ³
h á i n Ɂ ¹ ²
m i ³ - Ɂ e i n ¹ ³
m i ³ - l o ¹ ²
m i ³ - h m ø Ɂ ¹ ²
m i ³ - Ɂ i a g ¹ ²
m i ³ - b u Ɂ ¹ ²
m i ² + h l í Ɂ ²
m i ³ - n g o ²
Ɂ u g ¹ ³
m i ³ - t e i ¹ ²
t s e n Ɂ ¹ ³
t s e n Ɂ ³
m i ² + t a n ¹ ³
m i ³ - Ɂ ē n Ɂ ¹ ²
m i ³ - s i a n ³
t s a n Ɂ ¹ ²
Ɂ n g i e n g ¹
m i ³ - Ɂ a g Ɂ ³
m i ³ - Ɂ e n ¹ ²
m i ³ - g u e n Ɂ ²
m i ³ - h n i o Ɂ ²
m i ² + Ɂ n i o ¹
h m a Ɂ ¹ ³
m i ³ - m i ² + g a n ¹
m i ¹ + t i a n ³
m i ³ - h ø Ɂ ¹ ²
m i ² + Ɂ o g ¹ ³
m i ³ - k á i Ɂ ¹ ²
c h i a n Ɂ ¹ ²
c h i u n Ɂ ³
m i ³ - h m o n g Ɂ ²
g u ø n ¹ ²
c h i o g Ɂ ³
n g i e Ɂ ¹ ³
m i ³ - Ɂ e ²
u ² + l i a n ¹
m i ³ - m i ² + g a n ¹
m i ³ - m i ² + k a n ³
k i u g Ɂ ²
m i ³ - m i ² + g u g ¹
m i ¹ + t i ³
m i ³ - h a i ²
c h i ² + m é Ɂ ²
b ø ¹ + h m e ³
m i ³ - t s ø Ɂ ²
g u i e n g ¹
m i ³ - Ɂ á n ¹ ²
m i ³ - h i e g Ɂ ²
Ɂ l a n Ɂ ¹ ²
Ɂ l ø a Ɂ ¹ ²
g u i a n g ¹
m i ³ - u ² + l i a n ¹
t s ø Ɂ ¹ ²
g u ø n Ɂ ¹
t ø n g ²
h n g i o ¹ ²
m i ³ - h e n ²
s i a n Ɂ ¹ ²
h l i a n ¹ ²
m i ³ - t s o g Ɂ ²
m i ³ - h a n ¹ ³
m i ² + h n i ³
c h i o g Ɂ ³
Ɂ e n Ɂ ¹ ³
m i ³ - t s e n ³
d s u g Ɂ ¹
m i ³ - l ø g ²
m i ³ - g u u Ɂ ¹ ²
d s i a g ¹ ²
Ɂ l a n Ɂ ¹ ³
m i ³ - h a ¹ ²
m i ³ - t a ¹ ²
h o g Ɂ ¹ ²
m i ³ - Ɂ n ø i ²
g u i a n ¹ ³
k u g Ɂ ¹ ³
m i ² + t i ³
h n g i a n g Ɂ ³
m i ¹ + n i Ɂ ³
c h i u n Ɂ ²
Ɂ e n ¹ ³
m i ³ - Ɂ e n ¹ ²
m i ² + Ɂ ḗ Ɂ ²
Ɂ n i Ɂ ¹
t o n ³
b u Ɂ ¹ ³
t s á i Ɂ ¹ ²
m i ³ - k a i Ɂ ¹ ²
m i ¹ + g a n ¹
m i ² + g a n ¹
m i ³ - g u i e Ɂ ¹ ²
m i ³ - Ɂ u ǿ Ɂ ¹ ²
k u ø i n ³
t s ø n g ¹ ³
h u a n Ɂ ¹ ³
m i ³ - n g i e ¹ ²
c h i o n Ɂ ¹ ³
m i ¹ + k o n ³
n g i e ¹ ³
h u ø i n ¹ ³
g u ø n ¹ ³
n g a Ɂ ¹ ²
k u ø i n ¹ ²
h n g i a Ɂ ³
k i e n g ²
m i ³ - m i ² + d s i a n ¹ ²
d s i ó Ɂ ¹
m i ³ - Ɂ i o ¹ ²
d s o g Ɂ ¹ ²
k u ø i n ¹ ³
m i ¹ + g a n ¹
m i ¹ + h o g ³
m i ² + Ɂ o g ³
Ɂ o g ¹ ²
l ø ³ + l i ú Ɂ ²
h a i n Ɂ ²
m i ³ - k i ó Ɂ ¹ ²
m i ³ - i a Ɂ ³
m i ³ - k i i ² + t o g ³
m i ³ - Ɂ n i u Ɂ ²
Ɂ i u Ɂ ³
m i ³ - h n ē Ɂ ³
m i ³ - k ø i n ¹ ²
k i a Ɂ ¹ ³
t s i g ³
m i ² + h o g ³
m i ³ - k i ó n ²
m i ³ - k i e g ²
g u ø n Ɂ ¹
m i ³ - h ø n ²
g u ø n ²
h á g Ɂ ¹ ²
g u i o n ³
m i ¹ + Ɂ a i ¹
t s i Ɂ ¹ ²
h u a n Ɂ ¹ ²
m i ³ - m i ² + h o g ³
Ɂ o Ɂ ¹ ²
h i u g Ɂ ¹
k a i Ɂ ¹ ²
Ɂ l i e Ɂ ¹ ²
m i ² + Ɂ m a Ɂ ¹ ³
m i ³ - k a n ¹ ²
n i á n g ¹
g u i o n ³
m i ³ - h ē n ¹ ²
t s o n ¹ ²
k i o n Ɂ ¹ ²
m i ³ - t s é n Ɂ ²
d s i a g ¹ ³
n i á ¹ ²
Ɂ l i u Ɂ ¹ ²
m i ³ - h n g i í Ɂ ²
t s ē n ¹ ³
t o Ɂ ³
m i ³ - t s o g Ɂ ²
h n g i a n g Ɂ ³
h u Ɂ ³
h u Ɂ ¹ ³
m i ³ - l o Ɂ ²
m i ³ - h n á Ɂ ¹ ²
m i ³ - k ø i n ¹ ²
t s ē n ¹ ²
t s o g Ɂ ¹
Ɂ n g i o ¹ ³
Ɂ n g i o ¹ ²
k u ø i n ²
m i ³ - h m ø Ɂ ²
k i e n Ɂ ¹ ³
m i ³ - h n ø ¹ ²
h e n Ɂ ¹ ²
Ɂ m a i ¹ ³
t s e n Ɂ ¹ ²
g u i a n ¹ ³
m i ³ - t i ú Ɂ ¹
Ɂ l i Ɂ ¹ ³
m i ³ - n i á n g ¹ ²
h n a Ɂ ¹ ³
n g ē ¹ ³
g u i o n ³
m i ³ - r ø g ²
t i a n ¹ ³
m i ³ - k o g Ɂ ³
d s á g Ɂ ¹
m i ³ - h o g ¹ ²
Ɂ n a i Ɂ ¹ ³
t a n Ɂ ¹ ²
m i ³ - l ø Ɂ ²
s i a n Ɂ ¹ ³
t i a g ¹
t a n g Ɂ ²
c h i o n ³
Ɂ i e i Ɂ ¹ ³
l i o g ¹ ³
Ɂ u a n ¹ ³
k i i n ²
t i a g ¹ ²
m i ³ - k u ² + h m a Ɂ ¹ ²
m i ³ - n i Ɂ ¹ ²
h n g i e Ɂ ¹ ²
h u e n ¹ ³
Ɂ m é i ¹ ²
h u Ɂ ³
Ɂ i e n ²
s i ú g Ɂ ¹ ²
k i e n Ɂ ¹ ³
n g ē ¹ ²
k i a n ¹ ²
s i u Ɂ ¹ ³
g u i u g Ɂ ¹
d s i o Ɂ ¹ ³
Ɂ l i a n Ɂ ¹
h l i u g ¹ ³
h i a n ²
n g ē ¹ ³
m i ³ - h i u g Ɂ ³
k i e n g ¹ ³
m i ³ + h n í ¹
m i ² + g u g ¹
k i a n ¹ ³
h a n ¹ ³
g ø i ¹ ²
m i ³ - g u Ɂ ¹ ²
m i ³ - g u g ¹ ²
m i ³ - h m ē Ɂ ³
k i u g Ɂ ¹
n a ¹ ³
g u i a n ¹ ²
m i ¹ + Ɂ ē Ɂ ³
n g i o Ɂ ¹ ²
g u e n ¹ ²
d s i a n ¹ ²
k i a Ɂ ¹ ³
t o n ³
k a n g ¹ ³
m i ³ - n g ē ¹ ³
m i ³ - n g ē ¹ ²
m i ³ - h i u g Ɂ ³
k i a n g ¹
h u e n ¹ ³
Ɂ a n ¹ ³
h i a n ²
h i é g Ɂ ¹ ²
m i ³ - s é i ²
g u i u ¹ ³
Ɂ l i u Ɂ ¹ ²
i a n ¹ ²
m i ³ - h i u g Ɂ ³
k o ¹ ²
Ɂ i a n ¹
g u á i ²
h ē n ¹ ²
l e n ²
m i ³ - Ɂ o n Ɂ ³
k a n ¹ ³
Ɂ e n g ²
h e n Ɂ ³
m i ³ - n e i ³
m i ³ - k a n ¹ ²
h ē n Ɂ ¹ ³
c h i o g ¹ ²
Ɂ a n ¹ ³
g u ø n ¹ ²
h u a n Ɂ ³
Ɂ u ø Ɂ ¹ ³
Ɂ u ø Ɂ ¹ ²
m i ³ - h l e g ²
d s e n ¹ ³
Ɂ e n g ¹ ³
m i ¹ + r ø ³
d s i a n Ɂ ³
h ø n ³
m i ³ - Ɂ ø a ²
m i ³ - i e ¹ ²
d s i o Ɂ ³
d s i o Ɂ ¹ ²
m i ³ - n g o ²
t s é n Ɂ ²
h n a Ɂ ¹ ²
m i ³ - s i o g ³
t a n g Ɂ ³
c h i o g ¹ ²
t i a n ¹
t s ē n Ɂ ³
m i ³ - Ɂ a g Ɂ ²
Ɂ l i e Ɂ ¹
n e i ³
d s i ¹
k a n ¹ ³
h m ó Ɂ ¹ ²
Ɂ l ø a Ɂ ¹
t a g Ɂ ¹ ²
t s ø Ɂ ¹ ³
l ó Ɂ ¹
b u Ɂ ¹
m i ³ - h m ǿ Ɂ ¹ ²
h i a n ¹ ²
h i a n ²
m i ³ - h i o Ɂ ³
n i n g ²
m i ³ - k ø g Ɂ ²
Ɂ m e i ³
m i ³ - h ḗ n ²
Ɂ i é i Ɂ ¹
Ɂ e i ¹ ³
l ē Ɂ ³
d s i a n ¹ ³
n u n g ²
Ɂ ø g Ɂ ³
h i a n ¹ ²
g u i u g Ɂ ²
b a ¹ ²
h i a n ²
c h i o g ¹ ³
Ɂ l i u Ɂ ²
g ø Ɂ ¹ ²
t e ¹ ³
h n g i u ¹ ²
Ɂ m a i ¹ ²
m i ³ - h e n Ɂ ²
g u a i ¹ ³
b a n ¹ ²
h u a n Ɂ ³
Ɂ e i n ¹ ³
s i u Ɂ ¹ ²
n g i e Ɂ ³
t é n g ¹
n g o ²
Ɂ e i ¹ ³
m i ³ - n g i e ²
m i ² + r ø ³
m i ³ - Ɂ ú g Ɂ ²
n g ē ³
s i u Ɂ ¹ ³
n g a i ³
c h i o ¹ ²
h a n ³
m i ³ - n g ē Ɂ ²
m i ³ - h u u Ɂ ³
n g a i ³
m i ³ - n ø Ɂ ²
Ɂ m ǿ i ²
Ɂ ǿ n g ²
h n g i u ¹ ³
Ɂ m é i ¹
t s ē n Ɂ ²
m i ³ - t e i ²
m i ³ - b a ²
n g ē Ɂ ²
t s í Ɂ ²
t s o g ¹ ³
m i ³ - n g o Ɂ ³
n g i o Ɂ ³
m i ³ - g u á i ²
n g i e Ɂ ³
m i ³ - t i ² + l e Ɂ ¹
n g i e ¹
n g ē ³
Ɂ n á Ɂ ¹ ²
m i ³ - Ɂ i a ¹ ²
n g i é Ɂ ¹
m i ³ - n g o ²
h o ¹ ³
Ɂ m ǿ i ²
Ɂ o ¹ ²
h á n Ɂ ²
k a n ²
m i ³ - Ɂ i ú Ɂ ¹ ²
m i ³ - n g á Ɂ ¹ ²
n ǿ Ɂ ²
t s ø Ɂ ¹ ³
m i ³ - Ɂ n á Ɂ ¹ ²
Ɂ e i ¹ ³
Ɂ u é n Ɂ ²
Ɂ u a n Ɂ ¹ ²
t s e n ¹ ²
Ɂ ē n ¹ ²
g u e n ²
c h i ó n ²
t s o n ¹ ²
c h i o Ɂ ³
m i ³ - Ɂ m ē Ɂ ²
c h i e g ³
m i ³ + n í Ɂ ¹
t i á n ²
r o n ³
m i ³ - h l á n ²
Ɂ u ǿ Ɂ ¹
s i i Ɂ ¹
t o g Ɂ ²
d s e n ³
k i e n ¹ ³
m i ³ - h m á Ɂ ²
Ɂ e n ¹ ³
m i ³ - Ɂ á n ²
h n g i á Ɂ ²
m i ³ - k i u Ɂ ²
Ɂ i u Ɂ ³
c h i ó Ɂ ¹
m i ³ - Ɂ u a n ²
m i ¹ + Ɂ ē Ɂ ³
Ɂ n ó Ɂ ¹
h é i n ²
t ø n g ¹ ³
d s e n ³
m i ³ - n i ó Ɂ ¹ ²
k i i Ɂ ¹
h o g Ɂ ¹ ²
k i u Ɂ ³
Ɂ ǿ Ɂ ¹ ²
k a n g ²
k o n ³
Ɂ m e i ³
Ɂ i u Ɂ ³
h l a i ¹ ³
s i u Ɂ ¹ ²
t o g Ɂ ¹ ²
d s é i ¹ ²
k a Ɂ ¹ ²
m i ³ - h n i á ¹ ²
m i ³ - b ú Ɂ ²
t e i ³
m i ³ - n i é ¹ ²
k ú g Ɂ ²
m i ³ - g u e n ²
g u e n ²
h a n ¹ ³
k u g Ɂ ³
r ø n Ɂ ³
m i ³ - Ɂ ḗ Ɂ ²
n g ē ¹
g u i u ¹ ³
d s i o g ³
Ɂ i e n ¹
h á g ¹ ²
m i ³ - h u g ²
m a i ¹ ²
n g ē ²
h l i a n ¹
h n i a ¹ ²
m i ³ - k u u ²
h i u g Ɂ ³
k i e g ³
ø g ¹ ³
g ø i ²
t i a n ¹ ²
k ø g ²
k ó g Ɂ ¹
h i n Ɂ ³
s i á n ²
t i á n Ɂ ¹
n g o Ɂ ¹
Ɂ o g ¹
m i ³ - k i á Ɂ ²
n i e ²
m i ¹ + Ɂ ē Ɂ ³
h e i n Ɂ ³
b u Ɂ ¹ ³
k i e n g ¹ ²
s e i ¹ ³
Ɂ e i Ɂ ²
m i ³ - k ø g Ɂ ²
h i a n ¹ ³
t i u ¹ ³
c h i e g ³
h u Ɂ ¹ ²
i e ¹ ³
k o n ³
d s e n ²
h a i ¹ ²
m i ³ - n g ē Ɂ ²
c h i e g ²
t i ó n ²
Ɂ e ¹ ²
h n i o Ɂ ²
t s é n ²
m i ³ - Ɂ l i u Ɂ ²
t ø a ¹ ³
g u Ɂ ²
m i ³ - k á n ²
h u ø ¹ ³
h a n Ɂ ¹
t s o ¹ ²
l a g ¹ ³
m i ³ - n g ø Ɂ ³
b e n ¹ ³
n i o ²
m i ³ - l ē Ɂ ²
m i ³ - h u g ²
h i e g Ɂ ³
m i ³ - h m ē Ɂ ³
Ɂ e n ²
l ē Ɂ ²
h u ø ¹ ³
h a ¹ ²
h i ²
t s a ³
i e ¹ ²
Ɂ a n ²
h o g Ɂ ¹ ²
t o Ɂ ¹ ²
s i u g Ɂ ²
s i u g Ɂ ²
Ɂ e n g ¹ ³
Ɂ m a ¹ ³
t a g ¹ ³
h o g ¹ ²
t s o g ¹
r ó n ²
m i ³ - h n i o ³
h u Ɂ ³
t ø n g ²
r ø g ²
Ɂ ó Ɂ ²
t e i ³
Ɂ ó Ɂ ²
k ē n ²
Ɂ ó Ɂ ¹ ³
m i ³ - h é n ²
k i e Ɂ ³
h l á i ²
h u ø ¹ ³
m ē Ɂ ³
m i ³ - n i o ²
Ɂ a n ³
l o g ¹ ²
l a g ¹ ³
h e n ²
k i e g ²
t ø a ¹ ³
h a i n Ɂ ³
k i e Ɂ ³
Ɂ e n ¹ ³
k o n ³
m ē Ɂ ³
k i e n ¹
t s ǿ n ²
m i ³ - h i ú g Ɂ ²
i a Ɂ ³
h n i o ³
m i ² + h m ē ³
k o n ³
Ɂ e ²
m i ¹ + r ø ³
h n g i o ¹ ³
n e i ³
h n o Ɂ ¹ ³
t a g Ɂ ¹ ³
l i ¹ ²
k i o Ɂ ³
k á n ²
k u u ²
n g ē ³
Ɂ á n ²
Ɂ u e n ¹
k o n ³
l i u g ²
b á ²
n g i e ¹
k u u ³
Ɂ ó Ɂ ¹ ²
h n ø a ¹ ²
h e n ¹ ²
s i o g ³
h a g ¹ ³
h u u Ɂ ³
h n ē Ɂ ³
Ɂ ḗ Ɂ ²
b á ²
t i o Ɂ ¹ ²
k a i Ɂ ³
n g ó ¹
s i á n ²
h i ú g Ɂ ²
m i ³ - g u i ú ²
b i ¹ ³
t o n ¹ ³
h m ø Ɂ ³
n g ē Ɂ ²
t s e n ³
t u g Ɂ ²
l o g ¹ ³
Ɂ ǿ Ɂ ¹
h e n ¹
h e n ³
Ɂ u a n ¹ ³
m i ³ - i é ²
t i a n ¹ ³
k i á Ɂ ²
Ɂ u u ¹
Ɂ e n ¹
t ó Ɂ ¹ ²
Ɂ u a n Ɂ ¹ ²
i é ²
Ɂ l ǿ g ²
h n i a ¹
Ɂ ø Ɂ ²
k i e Ɂ ³
t ø n g ³
l i ¹ ³
s i u g ³
h n i o ¹
m i ³ - Ɂ l ǿ g ²
s i u g ³
b a ²
n g i e ¹
ø g ³
s e ¹ ²
Ɂ e n ¹ ³
l ǿ ²
h i u g ¹
t e n g ¹ ³
t s o g ¹
l ē Ɂ ²
h ḗ n ²
s i u g ³
Ɂ m o Ɂ ¹ ²
h u u ³
s i o g ³
t a g Ɂ ¹ ²
Ɂ é ²
s i o g ³
h ú Ɂ ²
Ɂ ø a ²
t a g ¹ ²
h n g i í Ɂ ²
h u g ²
h n i o ³
l e g ²
l i ó g ¹
t o n ³
h u g ²
h n ē Ɂ ³
s e ¹ ²
h ē Ɂ ²
Ɂ a ¹ ²
l i ²
n ø Ɂ ³
h ø g ²
c h i ³ + d s á n ²
t e n g ¹
g o g Ɂ ³
Ɂ e ²
t e n g ¹ ²
l i Ɂ ²
h n i o ³
i é ²
m i ³ - m i ² + h n i ³
l i g ²
m i ³ - k u ú ²
h ḗ Ɂ ²
t i ² + l i ³
Ɂ m o Ɂ ¹ ³
t i ¹ + d s ø ³
h u u Ɂ ³
Ɂ o g Ɂ ³
h l é g ²
h u ø ¹ ²
m i ³ - t ǿ Ɂ ²
h n ē Ɂ ³
n i u Ɂ ³
h u g ²
Ɂ e n ¹ ³
d s ē n ¹ ³
Ɂ l u g ²
h ú g ²
Ɂ o n Ɂ ³
n g o ¹
h n ø ¹ ²
h o g ¹
n g o ²
h l é g ²
h m ḗ Ɂ ²
Ɂ é n ²
t ø n g ¹ ²
h n ó Ɂ ²
m i ³ - n ǿ Ɂ ²
m i ³ - h i ú Ɂ ²
d s ē n ¹ ³
h n o ³
