a t u r a
r a p e
r a p a
a i r e e
r a p e n
e s c o n d i e n d o
g a n a o s
t a r e n
p e r d í
t a r a n
g u s t e
g u s t a
t a r a b a
z u r c í
t a r a s e
r a p a r í a
a t u r a d
a i r e ó
c u m p l a
t r u n c ó
g u s t ó
c u m p l e
z u r c e
r a p a d a
r a p a r e
s a t i n a
i n d u c e
a i r e a d
a i r e e s
r a p a r á
d e s f a s é
r a p a r í a
z u r z a
s a t i n o
r a p a m o s
p i e r d a n
a t u r e n
c o n s t e
z u r c í a
a i r e e n
b e r r e é
p r o s p e r e
e m b o t a
a c o r t a
a m o l d o
p r o s p e r o
c o n s t a
c o n s t a
b e r r e a
o c u l t é
o c u l t a
c o n s t e
c o n s t e
n o   t a r e
g u s t a d o
p e r d í a
s a t i n a d o
c o n s t o
d e s f a s o
a i r e a n
r a p a d o s
l i m i t ó
s a t i n a d
a t u r a r a
t e   g a n a s
p r o s p e r e s
s a t i n a s t e
n o   p i e r d a
c o n s t ó
a t u r a b a
p r o s p e r é i s
p r o s p e r a d a
a m o l d a r á
i n d u c i r
a i r e a s t e
b e r r e e n
e x c l u y o
e n c e s t ó
p r o s p e r a d o
e n c e s t e
b l a s o n e
p e r d í a s
b l a s o n é
b e r r e e s
a g u s a n e
a t u r a s t e
b e r r e e n
e n r i p i e
i n d u c í a
b l a s o n o
m a n t i e n e
t r u n q u é
a g u s a n o
p r o f a n e
a m o j a m é
a t u r a r e
n o   a t u r e s
e s c o n d a
n o   r a p e n
s a t i n a d a s
r a p a r í a n
b l a s o n ó
n o   b e r r e e
d e s t r u y a
a t u r a r e
d e s t r u y a
e n r i p i e
e n r i p i é
p r o s p e r a r á n
d e s t r u y e
t r u n q u e
p r o s p e r a m o s
p r o s p e r a m o s
g u s t a r é
c u m p l e s
g a n a d a s
e x p u g n o
a s f a l t ó
m e   g a n a r e
a m o l d a d
a s f a l t o
g a n a r s e
a m o l d á i s
p r o s p e r a r a i s
c u m p l i d o
a t u r a n d o
t r u n c a d o
c o m p u l s e
c o m p u l s é
a r r e d r e
c o n s t a r
l i m i t a r
a m o l d a s e
b e r r e a d a
f l o r e c e
g u s t é i s
e m p a l m e
l i m i t a n
e x p u g n ó
s e   g a n a r a
e m b o t a d a
a m o l d a r a
a c o r t á i s
p r o s p e r á b a m o s
e n m i e n d e
z u r c i r é
p e r d i e r a
d e s f a s a s
r a p a m o s
a i r e a r é
r a p a r e n
r e p a r t e
a f i a n c e
t a r a r e n
z u r z á i s
r a p a r á n
e n r i p i e n
t a r a r í a n
s a t i n a b a
c o n s t a s e
a m o l d a b a
c o n s t e s
v o l a n t e o
d e s n a c e r
d e s n a c e r á
a i r e a n d o
z u r c i r á
c o m p a c t e
a t u r a m o s
b e r r e a b a
p e r d i d a s
m u e s t r e e
p e r d a m o s
i n d u z c a n
a i r e a d o
u r b a n i c é
a i r e a r a
e x c l u í s
m u e s t r e e
m e   g a n a s e
z u r c i e r e
m a n t u v i e r a n
r e p a r t e
d e s f a s e n
m a n t e n g a
z u r c i e s e
a m o j a m a r á
i n d u j e s e
d e s n a c e s
p e r d i m o s
a m o j a m a n
e n t r e l a z ó
m a n t u v i e r e n
n i n g u n e e
v e n t o s e e
g o l p e t e a
p r o f a n e n
n i n g u n e a
m a n t e n e d
c o m p a c t a
t r u n q u e s
d e s t r u y o
a c o r t a b a
d e s t r u y e r a
g u s t a n d o
e n r i p i a r
c u m p l i m o s
n i n g u n e e
e x p u g n e n
a r r e d r a r á
o c u l t á i s
e m b o t a s e
e x p u g n a s
e m b o t a r e
e m b o t a r a
o c u l t a s e
g u s t a r a s
e n m e n d a r á
d e s t r u y á i s
e n m e n d a d o
e x c l u y e r a
e x p u g n a r á
a s f a l t a d
s e   d e s l e n g u a b a
a s f a l t e n
a s f a l t e n
z u r c i d a s
e n r i p i a r a
p e r d e r í a s
o s   d e s l e n g u á i s
b e r r e a r e
p r o y e c t ó
a t u r a d a s
m e n s a j e o
i n d u c í a m o s
c o m p e n d i e
t r u n c a s e
c u m p l i r é
a r r e d r a s
o c u l t a r é
r a p a r e i s
l i m i t a r é
l i m i t á i s
e n c e s t a d
a t u r a r a n
m a n t e n g a
n o   g u s t é i s
c o n s e j a r é
g u s t a s t e
u r b a n i c e
