r e c o n q u i s t á b a m o s
i n m o v i l i z á b a m o s
i n s t r u m e n t á s e m o s
n o s   a p a c i g u á r e m o s
n o   i n m o v i l i c e m o s
n o   d e s i n s e c t e m o s
i n s t r u m e n t a r a i s
r e c o n q u i s t á r e m o s
i n m o v i l i z a s t e i s
o s   a p a c i g u a r í a i s
s e l e c c i o n á r e m o s
n o s   e n f r a s c a r í a m o s
n o   m o r t i f i q u e m o s
e n c a l a b o z á r e m o s
e n c a l a b o z á s e m o s
n o   n i n g u n e e m o s
e n c a l a b o z a r e m o s
e m b r u t e c i é s e m o s
d e s i n s e c t á r e m o s
l e n g ü e t e a r í a m o s
d e s i n s e c t a b a i s
i n m o v i l i z a r e i s
d e s i n s e c t a r a i s
i n s t r u m e n t a r e n
s e   a p a c i g u a r í a n
m a l e f i c i á s e m o s
t e   a p a c i g u a r í a s
r e c o n q u i s t e m o s
i n s t r u m e n t a r á s
n o   r e n d e r i c e m o s
r e c o n q u i s t a r e n
n o   c a l i g r a f í e
o s   a p a c i g u a s e i s
p a u p e r i z á r e m o s
e n c a l a b o z a r í a m o s
e n t r e l a z a r í a i s
e n t r e l a z a s t e i s
c o n e x i o n á r a m o s
e n c a l a b o z a s t e i s
l e n g ü e t e a s t e i s
i n m o v i l i c e m o s
n o   n o s   d e s l e n g ü e m o s
t e   e n f r a s c a r í a s
n o   c a l i g r a f í e s
m o r t i f i c a r í a i s
m o r t i f i c a s t e i s
n o   p a u p e r i c e m o s
r e n d e r i z á r a m o s
e m b r u t e c i e r a i s
c a l i g r a f i a r í a i s
n o   c o m p e n d i e m o s
i n m o v i l i z a m o s
i n s t r u m e n t e m o s
d e s i n s e c t e m o s
l e n g ü e t e a b a i s
v o l a n t e a r e m o s
n o s   a p a c i g ü e m o s
d e s i n s e c t a b a n
n o   m o n e t a r i c é i s
r e n d e r i z a s e i s
i n m o v i l i z a r á s
o s   a p a c i g u a b a i s
m a l e f i c i a r í a n
m e n s a j e a r í a m o s
m a l e f i c i a r í a s
a r r e b a t á s e m o s
d e s i n s e c t a m o s
c o n e x i o n a r e i s
c a l i g r a f i a r a i s
r e n d e r i z a r í a s
p r o y e c t a r í a i s
c o n e x i o n a r é i s
m u e s t r e á b a m o s
r e n d e r i z á s e m o s
f l o r e c i é s e m o s
d e s i n s e c t a r e n
c o m p u l s a r í a m o s
s e l e c c i o n a m o s
p r a c t i c a r í a i s
n o   m a l e f i c i é i s
i n s t r u m e n t a r é
e n c a l a b o z a s e s
d e s i n s e c t a s e s
o s   e n f r a s c a r é i s
o s   e n f r a s c a r e i s
c a l i g r a f i a r é i s
a r r e b a t a r e m o s
l e n g ü e t e a r í a n
m o n e t a r i z a r í a
m o n e t a r i z a m o s
c o m p e n d i a r e m o s
v e n t o s e a r í a i s
m a l e f i c i a r e i s
p a u p e r i z a r a i s
c o m p e n d i a r í a i s
e n m e n d a r í a m o s
t e   e n f r a s c a b a s
d e s i n s e c t a r á s
s e l e c c i o n e m o s
d e s t r u y e n d o
e n t r e l a z á r e m o s
s e   e n f r a s c a b a n
e n t r e l a z a b a i s
d e s i n s e c t a r í a
c a l i g r a f i a s e s
m o r t i f i c a r í a s
a s f a l t a r í a m o s
c a l i g r a f i a m o s
r e c o n q u i s t a r í a
r e c o n q u i s t é i s
n o   d e s i n s e c t e s
a f i a n z á r a m o s
m o n e t a r i z a r í a s
n o   c o m p a c t e m o s
s e   e n f r a s c a s e n
m o r t i f i c a r e i s
m e n s a j e á r e m o s
r e p a r t i é r a m o s
t e   e n f r a s c a s t e
n o   t e   d e s l e n g ü e s
n o   v o l a n t e é i s
s u a v i z á b a m o s
n o   e n m e n d é i s
m u e s t r e á s e m o s
m e n s a j e a r é i s
n o   r e c o n q u i s t e n
g o l p e t e a s t e i s
v e n t o s e a r é i s
n o   e n c a l a b o c e s
v o l a n t e á b a m o s
n o   e n c a l a b o c e n
r e c o n q u i s t a b a
n o   p r o y e c t e m o s
e n c a l a b o z a d a s
u r b a n i z a s e i s
r e c o n q u i s t a s e
i n m o v i l i z a r o n
e n c a l a b o z a r e s
m a l e f i c i a r í a
n i n g u n e a b a i s
n o   m o r t i f i q u e s
r e n d e r i z a m o s
d e s n a c i é r a m o s
m a l e f i c i a r á s
r e c o n q u i s t a n d o
i n s t r u m e n t a n
n o   s e l e c c i o n é i s
n i n g u n e a r e i s
r e n d e r i z a r í a
c o n e x i o n a m o s
e s c o n d í a m o s
m o r t i f i q u é i s
c a l i g r a f i a r á n
t e   e n f r a s c a r e s
m o n e t a r i z a r á s
c a l i g r a f i a d a s
d e s i n s e c t a s e
i n m o v i l i c é i s
n o   t r u n q u e m o s
m o n e t a r i z a r e s
n o   p r a c t i q u é i s
m e n s a j e a r í a n
c o n s e j á r a m o s
r e p a r t i e r e i s
c a l i g r a f i á i s
m a n t u v i e s e i s
r e c o n q u i s t a r e
r e c o n q u i s t a r e
m u e s t r e a b a i s
n o   e x p u g n e m o s
n o   t e   a p a c i g ü e s
m u e s t r e a r í a i s
a r r e b a t a r í a s
m a l e f i c i a m o s
a r r e b a t a r í a n
c o m p e n d i a b a i s
m e   a p a c i g u a r e
e s c o n d e r í a i s
v o l a n t e a r e i s
m a l e f i c i a d a s
e m p a l m á b a m o s
m u e s t r e a s e i s
e x p u g n a r í a i s
p r o y e c t a r a i s
v o l a n t e a r í a s
p a u p e r i z a r e s
p a u p e r i z a r e n
b l a s o n a r í a i s
i n m o v i l i z á i s
r e n d e r i z a r a s
n o   d e s n a z c a m o s
c o n e x i o n a s e s
e m b r u t e c e m o s
m o n e t a r i z a d o s
e s c o n d i s t e i s
l e n g ü e t e a r í a
s e l e c c i o n á i s
e m b r u t e z c a m o s
l e n g ü e t e a m o s
a r r e d r a r í a i s
e n f r á s q u e s e
r e c o n q u i s t a r í a s
n o   p r o f a n e m o s
e n t r e l a z a r á s
e n t r e l a z a r e n
i n s t r u m e n t a d o
a m o j a m á s e m o s
n o   s e   d e s l e n g ü e
m o n e t a r i z a b a s
m e   e n f r a s c a r a
p r a c t i c a r e m o s
r e c o n q u i s t a d a
p a u p e r i z a m o s
l e n g ü e t e e m o s
d e s i n s e c t é i s
m e   e n f r a s c a r é
m o n e t a r i z a r í a
e m b r u t e c i s t e
e m b r u t e c i d a s
e n r i p i á r a m o s
p a u p e r i z a b a n
a g u s a n á r e m o s
g o l p e t e a b a i s
l e n g ü e t e a r á s
p r o f a n á r a m o s
m o r t i f i c a b a n
m o r t i f i c a r e n
b l a s o n á s e m o s
b l a s o n á r e m o s
f l o r e c e r e m o s
m a n t u v i é r e m o s
m a l e f i c i e m o s
r e n d e r i z a s t e
a f i a n z a r a i s
n o   c o m p e n d i e n
p r o f a n a r é i s
e x p u g n a r e m o s
l i m i t á b a m o s
c o m p a c t a r í a s
n o   e m b r u t e z c a
r e n d e r i c e m o s
e m b r u t e c i d o s
m e   e n f r a s c a r e
b e r r e á b a m o s
n o   a f i a n c e m o s
a m o l d a s t e i s
d e s n a c e r í a n
m o n e t a r i z a r é
d e s i n s e c t e s
e x c l u y e n d o
