p r o f a n a
e x p u g n a r í a s
a m o j a m á r e m o s
a r r e b a t a r a s
r e n d e r i z a r a n
s e   e n f r a s c a r í a
a m o l d a s e i s
m a n t é n
n o   n i n g u n e e n
e m p a l m a r í a
e m b r u t e c i e s e n
t r u n c a r é
n o   e s c o n d a n
a r r e b a t e
b e r r e a r í a m o s
p r o f a n a
c o n s t a r e s
r e p a r t i d a s
a s f a l t a s e i s
m e   d e s l e n g ü é
n i n g u n e a
n i n g u n e a b a n
m o r t i f i c a r á n
e n c e s t a r í a
t r u n c a n d o
t a r a s t e
g u s t a r í a n
g o l p e t e e n
e n r i p i a s t e i s
m a n t u v i e r a s
c u m p l i s t e i s
b e r r e a r e n
m o r t i f i c a r o n
p a u p e r i z a r a s
a g u s a n a r í a
t a r a r a s
c o m p u l s e
c o m p a c t a r a i s
r e p a r t i e n d o
c o m p u l s a r e
a r r e b a t a d
c a l i g r a f i e m o s
f l o r e c e r í a
e m b r u t e c i e r e n
m e n s a j e a
e x c l u i r í a
t a r a
c a l i g r a f i a b a
a g u s a n a r e i s
e n c e s t e m o s
m o n e t a r i z a s
l i m i t a b a
a c o r t a r é i s
p a u p e r i z a s t e
l e n g ü e t e a s e i s
g o l p e t e é
d e s n a z c o
r e n d e r i z a r e
n o   a i r e e
r e c o n q u i s t e
m a n t u v i e r a i s
c o m p e n d i a r e s
m a n t e n í a m o s
m a n t e n e m o s
a r r e d r a r á s
a r r e d r a r í a
m e n s a j e e
l e n g ü e t e a r a
s e   a p a c i g u a s e n
e x c l u y e s e i s
e x c l u y e s e s
e x c l u i d o s
n o s   a p a c i g u a r í a m o s
d e s f a s a r é
e m b o t é
a s f a l t e
p r a c t i q u e n
p r o f a n é
c u m p l i d a
m e   e n f r a s c a b a
p e r d í a n
s a t i n a r a n
m u e s t r e é
c o n s t a s t e
m o n e t a r i z o
a s f a l t a r á
c o m p u l s a s e i s
d e s t r u y e s e
l e n g ü e t e e m o s
g o l p e t e a r a
n o   a r r e b a t e
g u s t e n
g u s t a b a
s u a v i z a r e
e n c a l a b o z á r a m o s
n o   p r o s p e r é i s
p r o y e c t a s e i s
a s f a l t a s e
v o l a n t e a s e n
p r o y e c t é
