i n d u j i s t e i s
o s   d e s l e n g u a s t e i s
e m b o t a s e
p e r d i ó
e m b o t a r e s
c o n s t a d a s
n o   c o m p u l s e
e n c a l a b o z a r í a s
t a r á i s
s e   e n f r a s c a r í a n
o c u l t e
u r b a n i z a r a i s
m a l e f i c i e
e n r i p i a r a i s
r a p a r a n
c o m p a c t a b a i s
l i m i t a b a s
p r a c t i q u é
n o   m a n t e n g á i s
i n d u c i r e m o s
e n r i p i a r a n
i n s t r u m e n t ó
c o n s t a r e n
p e r d i d o
a m o j a m e
c a l i g r a f i a s e
c o n s t á r e m o s
g u s t e
c o n s e j a b a n
m u e s t r e e
c o n s e j a d o s
i n m o v i l i z a s
i n d u c í s
m e   d e s l e n g ü e
e n c e s t á s e m o s
b l a s o n é i s
p r a c t i c a r í a n
a m o j a m a r e m o s
s e   g a n e
o s   e n f r a s c a r í a i s
n i n g u n e a b a s
e x p u g n á b a m o s
m a l e f i c i a s e n
s u a v i z a r e s
c o m p e n d i a b a s
a m o l d a s e n
u r b a n i z á s e m o s
e n m e n d á r e m o s
b l a s o n a r e m o s
n o   p a u p e r i c é i s
c o n s t a r í a
i n m o v i l i c e m o s
n o   s a t i n e s
h e l e n i c e m o s
r e n d e r i z a r e
a t u r a s e s
a s f a l t a b a
a c o r t a r e i s
a r r e b a t a r é i s
p r o y e c t a r í a m o s
a g u s a n a r a s
l i m i t a r e s
e n t r e l a z a s e
a g u s a n á s e m o s
p r o s p e r a r a n
c o n e x i o n á i s
p r o y e c t a m o s
z u r z a m o s
l i m i t a b a
g o l p e t e á r e m o s
p r a c t i c a n
a c o r t a d
p r a c t i q u e n
c u m p l i r é i s
s e   d e s l e n g u a s e n
e m b r u t e z c a
g u s t o
e x p u g n a r a
r e n d e r i c e
s a t i n a s e n
a g u s a n e
v e n t o s e é i s
l e n g ü e t e a b a n
i n m o v i l i z a r a
a s f a l t a r a i s
p r o s p e r a r e s
o c u l t e
a i r e a r a n
v e n t o s e a d
v o l a n t e a b a s
c a l i g r a f í e
a i r e a r í a s
p r o s p e r a b a
e m b o t e n
r a p a r o n
r e p a r t i s t e i s
m e n s a j e a r á
p r o s p e r a r í a s
m o r t i f i c o
n o   c o n s t e
