a f i a n z a r e
o c u l t a b a
n o   p r o s p e r e n
m e   e n f r a s c a s e
e x p u g n a r é i s
e s c o n d a
r e p a r t a s
m u e s t r e á r e m o s
v o l a n t e a s e
c o m p a c t e s
e x c l u í a
z u r c i m o s
e n r i p i a d o s
l i m i t a r á
t r u n c a n
a m o j a m a m o s
g u s t a s e
e n c a l a b o c e
o s   g a n a s e i s
s u a v i c é
b e r r e a s t e
e n m e n d a b a n
i n d u j e r e
a s f a l t a d o s
i n d u c í a n
e m b o t a r
g o l p e t e a r í a
r e n d e r i z á b a m o s
e n m i e n d a s
m u e s t r e o
a m o l d a r a
a r r e b a t e
d e s i n s e c t e
p a u p e r i z á r a m o s
s e l e c c i o n e
e m p a l m e
e s c o n d a m o s
p r o f a n a d o s
c o m p e n d i a r a
p r o y e c t á b a m o s
a g u s a n e m o s
r a p a s e
i n d u j e r e i s
c o m p e n d i a d o s
p r o y e c t a s e
t e   e n f r a s c a s
d e s f a s á b a m o s
l i m i t a r í a i s
d e s n a c e
n i n g u n e a d a
a f i a n z a r e m o s
g o l p e t e a d o
n o   t a r e s
a c o r t a r e
n o   c o n s t e m o s
n o   a f i a n c e n
e n r i p i a s e i s
v e n t o s e a r e s
e n m e n d a r á s
b e r r e a r í a
i n m o v i l i z a r é i s
p r o f a n a r a
s e   e n f r a s c a r o n
r e c o n q u i s t e
d e s n a c i e s e i s
c o n e x i o n a
e n t r e l a z á i s
s a t i n a r á
e m b r u t e c i d a
m e   a p a c i g u a r í a
t e   e n f r a s c a r á s
e n t r e l a z a r a
e x p u g n a s e
a c o r t o
m o r t i f i c a b a
d e s f a s a d
p r a c t i c a r a
p r a c t i c a s
c o n s t a r í a n
m o r t i f i c a d o s
a t u r a r é
i n s t r u m e n t a r
e m b r u t e c i e s e
e n t r e l a z a
a f i a n z a r a
m u e s t r e a r e s
o c u l t a r
p r a c t i c a d o
s e l e c c i o n e s
o c u l t a s t e
s e l e c c i o n e
m e n s a j e a n
n i n g u n e a r e m o s
n o   z u r z a s
i n d u z c á i s
c o m p e n d i a
z u r c i r e m o s
i n d u j e r a s
e n m e n d a r á n
p r o s p e r a r á
