n o   i n s t r u m e n t e n
e n t r e l a c e s
r a p a b a s
p r o s p e r a r é
a r r e d r a s t e
s e l e c c i o n a s e
a g u s a n a r í a
t a r a r é i s
b l a s o n a b a
m u e s t r e a r í a m o s
a t u r a b a n
c u m p l i d
l e n g ü e t e a d o s
c o m p e n d i a s e s
b l a s o n a r e
e n c a l a b o z a r a s
f l o r e c i e s e
e m p a l m a r é i s
g u s t a d o s
p e r d e r é i s
p r a c t i c á r a m o s
v o l a n t e a s t e
r e c o n q u i s t á r a m o s
t a r e m o s
e x p u g n e
d e s f a s a r e
i n s t r u m e n t a s t e
n o   m o n e t a r i c e
v e n t o s e a s
v e n t o s e a r í a m o s
b e r r e e
c o n s e j a d
c o m p a c t e m o s
c o m p e n d i a r e i s
a g u s a n a r í a m o s
s u a v i z a r é
a m o j a m a s e
e x p u g n e
g o l p e t e a d o s
n i n g u n e a r í a i s
a s f a l t a r í a
m e n s a j e á s e m o s
u r b a n i c e n
a f i a n z o
c u m p l í a s
s e   d e s l e n g u a r á
d e s f a s a r e
n o   c o n s e j e
a i r e e
s a t i n e s
r a p a s e n
e n c e s t a m o s
d e s t r u í s
a i r e e m o s
e m b r u t e c i e r a n
f l o r e c e r í a
f l o r e c i d a
p r o f a n a n
e n m e n d a d
a i r e a r a s
n o   f l o r e z c á i s
d e s f a s a r o n
e x c l u y é r e m o s
c o m p e n d i a r í a s
e n m e n d a d a
a r r e b a t a r a
m e n s a j e é
s u a v i z a r í a
m a n t e n i d a
d e s i n s e c t á r a m o s
r a p a r í a s
c o m p a c t a r é
i n s t r u m e n t a r í a
e m b r u t e c e
m a l e f i c i e n
n o   i n d u z c a n
m o n e t a r i z a n
g o l p e t e a d a
m e n s a j e e n
b l a s o n e
f l o r e c e r á s
i n m o v i l i c e
c o m p e n d i a r é i s
n o   e x p u g n e n
m u e s t r e a r í a s
a r r e b a t a b a i s
c o n s e j a n
e n t r e l a c é
e n t r e l a z a n d o
d e s f a s a r í a i s
g u s t a r
p r o y e c t a d o
g o l p e t e a r e n
m a l e f i c i a r á n
b l a s o n a n
f l o r e c i m o s
b e r r e a r é
a m o l d a r a n
a f i a n z a m o s
n o   e n c e s t e m o s
