r e n d e r i z a r a i s
s u a v i z a r a n
l i m i t a r e
e n m e n d a r e
a i r e a b a i s
e x p u g n a r á n
t a r a d a
s u a v i z a r á s
m e n s a j e a r í a
p e r d e r á
c o n e x i o n e n
l i m i t a r e n
m a n t e n d r á n
z u r c i e n d o
e n c e s t a b a s
d e s f a s e
e m b r u t e c e
t r u n c a s e n
t a r a d
g u s t a s e n
b l a s o n a r a
m o r t i f i c a r a i s
e x c l u y e s e n
m e n s a j e a b a i s
t e   a p a c i g u a s
e m b r u t e c e r í a
a g u s a n a b a i s
n o   p r o s p e r e s
c u m p l i é r a m o s
c o m p u l s a s e
v o l a n t e a r a i s
d e s t r u i r á
d e s t r u y e r e n
p r o f a n e
t a r ó
d e s f a s a r a
c o m p u l s a b a s
u r b a n i z a s e s
o c u l t a d o
s u a v i c e
r e p a r t i r í a
n o   p i e r d a n
m a n t e n d r í a m o s
a f i a n z a r í a
s e l e c c i o n a s t e
z u r c í a
m o r t i f i c a n d o
n o   i n d u z c á i s
a m o j a m a r e
e m b o t a r í a n
g o l p e t e o
z u r c i e r a
n o s   g a n á b a m o s
a m o l d a b a
a i r e a r e
p e r d e r í a
d e s t r u í a s
a r r e d r e s
a r r e d r á r a m o s
c u m p l i e r e
s e   g a n a r e n
p a u p e r i z a r á
m a n t e n d r é
r a p a d
m o r t i f i c a
l e n g ü e t e a r á n
g u s t e n
z u r c e n
c a l i g r a f i a m o s
v e n t o s e a r e
n o   a g u s a n e
n o   n o s   a p a c i g ü e m o s
m a n t e n d r á
h e l e n i z a b a
u r b a n i z a r a s
h e l e n i z a r a s
c o n s e j a r í a n
g a n é m o n o s
b l a s o n a d a s
m o n e t a r i z a s t e
a t u r a r a s
r e c o n q u i s t a s t e
n o   e x c l u y a n
p r o f a n e n
e m p a l m á r e m o s
v o l a n t e a r e s
n o   r a p é i s
v e n t o s e a b a
e n m e n d a d o s
r a p a s t e
p r o f a n a b a i s
p e r d á i s
c o n e x i o n a s
a g u s a n a r o n
b l a s o n a r a i s
c u m p l i e s e i s
a m o j a m ó
c o n e x i o n a r é
p a u p e r i z a r o n
m e n s a j e a r a i s
