t r u n q u e m o s
s a t i n a s t e i s
l i m i t á r e m o s
a c o r t a r á n
l i m i t a s e
s e l e c c i o n é i s
a f i a n z a s e s
c o n s e j a s
s a t i n e n
a m o j a m o
d e s t r u y e r a n
c o m p u l s e n
a r r e d r a r
m e n s a j e a r á s
v o l a n t e a r é
a r r e d r a d o
a s f a l t a b a
d e s n a c í a n
s e l e c c i o n a b a
d e s n a c í a s
a m o j a m a r e n
r e c o n q u i s t e n
d e s f a s a r
m u e s t r e a d o
a s f a l t a r a s
d e s t r u y é r a m o s
o s   a p a c i g ü é i s
s e l e c c i o n a b a n
e m b r u t e c e r e m o s
l i m i t a r a
d e s n a c i e s e n
m u e s t r e a r í a
e n c e s t e m o s
t a r a d o
e n c e s t a s e
s a t i n a b a n
o s   a p a c i g u a r e i s
m e   e n f r a s c o
m o n e t a r i z a r í a i s
g u s t a s
e n m i e n d e
g o l p e t e e s
b l a s o n a b a n
e x c l u i m o s
f l o r e c í a
c u m p l e n
o c u l t a s e
r a p a d a s
a f i a n z a b a n
e n r i p i a s e
e n m e n d a b a s
t r u n c a s e i s
n o   s u a v i c e
p i e r d e
m o n e t a r i z a r í a n
a p a c i g u a o s
e n t r e l a z a r é i s
a r r e b a t a b a s
e n m e n d a r e
s e l e c c i o n a r e n
e m p a l m a d a s
e n r i p i a r í a
d e s t r u i d
m o r t i f i q u e n
a m o j a m e
e n t r e l a z a d a
p r o s p e r e
m o r t i f i c a m o s
e m b r u t e z c a
l i m i t e n
g o l p e t e a r í a
a c o r t a r é
e x c l u y á i s
p a u p e r i z a m o s
a r r e b a t a r e
n o   c a l i g r a f i é i s
v e n t o s e a r e n
a i r e a r a i s
t a r a m o s
h e l e n i z a m o s
z u r c i d a
a t u r a
e s c o n d i d a
s e   g a n a b a n
c a l i g r a f i a r a
s e l e c c i o n a r a
n o   o s   d e s l e n g ü é i s
g u s t a r a
m o r t i f i c a r a n
c o m p a c t a r í a
m u e s t r e e m o s
m e n s a j e a r í a i s
m e   e n f r a s c a r í a
f l o r e c í a s
l e n g ü e t e e n
n o   d e s t r u y a n
p r o s p e r a s
n o   e n c e s t e
e m b o t a s e i s
m u e s t r e á i s
n o   a r r e b a t é i s
s e l e c c i o n a s t e i s
m a n t e n d r í a n
n o   u r b a n i c e n
e n c a l a b o z a r á n
m o n e t a r i z a s e i s
n o   a g u s a n e n
a m o j a m a s e n
a c o r t a r e s
i n s t r u m e n t a r e
n i n g u n e a r a
a r r e d r a r í a m o s
n o   e n m i e n d e s
n o   e s c o n d a m o s
e x p u g n a
p r o f a n a r é
r e n d e r i z a r í a i s
t r u n c a r á n
n o   r e c o n q u i s t e s
c a l i g r a f í a n
e m b o t a r a i s
e n t r e l a c e
v o l a n t e e
e m b o t a r í a s
p r o s p e r e
z u r c i r á n
u r b a n i c e m o s
m e n s a j e a s e s
t r u n c á r a m o s
u r b a n i z a r í a n
n o   v e n t o s e e m o s
h e l e n i c é
i n d u c í a
m u e s t r e a r o n
e m p a l m a
m u e s t r e a r e
a f i a n z a s e
m o n e t a r i z a
e n m e n d é i s
e m b r u t e z c a m o s
c o n e x i o n a r í a s
c o n s e j a b a s
c o m p u l s a r
r e n d e r i z a r é i s
p r a c t i c á i s
e s c o n d i e r e i s
e n m i e n d e
p a u p e r i z a r í a i s
a g u s a n a r á
p r o s p e r a r í a
a t u r e
l e n g ü e t e a s t e
a f i a n z a r í a
t a r a r á
n o   a t u r é i s
p r o f a n a b a
p a u p e r i z a b a
d e s l é n g ü e s e
p r a c t i c a r e i s
l e n g ü e t e a
b e r r e ó
a r r e b a t e m o s
i n m o v i l i z a b a
p r o y e c t a d
d e s t r u i m o s
c o n s e j e
i n d u z c a m o s
e n t r e l a z a s
e n c a l a b o z a r é i s
s e l e c c i o n a d o s
d e s n a c í a
p a u p e r i c é
m e n s a j e e s
o c u l t a r e s
a t u r e m o s
p r o y e c t a s t e
c u m p l i e r a
d e s f a s a
n i n g u n e a r a i s
m e n s a j e á b a m o s
e n t r e l a z a r a
i n m o v i l i z a s e
c o n s e j ó
r e n d e r i z a r í a
a m o l d a r á s
g u s t a d
p r o s p e r é
b l a s o n a r á s
n o   n i n g u n e e
e n c a l a b o z a r e
n i n g u n e a n d o
d e s t r u i d a s
v o l a n t e a s t e i s
p r o y e c t e m o s
r e c o n q u i s t á i s
e m b r u t e z c á i s
a f i a n z á b a m o s
e m b r u t e c i s t e i s
c o m p a c t é i s
m a n t u v o
n o s   g a n á r a m o s
n o   d e s i n s e c t e
e x c l u í a i s
a m o j a m a s
d e s n a t a s
a m o l d a
a m o j a m a r í a m o s
u r b a n i z a r í a i s
d e s n a c i é r e m o s
p r a c t i q u é i s
e m b r u t e c i e r e s
e x c l u y e r a n
n o   e m b o t é i s
d e s f a s a r é i s
e m b o t a b a
a r r e d r a b a i s
t e   g a n a b a s
m o r t i f i c a d a
e n c e s t a s
n o   d e s t r u y a m o s
r a p á r a m o s
e n c a l a b o z a b a n
v o l a n t e a r í a
r e p a r t í a
v o l a n t e é i s
m u e s t r e a b a n
a m o l d a r e i s
a c o r t a b a
n o s   d e s l e n g u á b a m o s
c o n s t á r a m o s
o c u l t a s e n
d e s f a s á s e m o s
a r r e d r a b a
e m b r u t e c e r é
v o l a n t e a r a
v e n t o s e a r e i s
a f i a n z a s e i s
s a t i n a r í a i s
i n s t r u m e n t a b a n
a m o l d a r í a s
c o n s e j e n
v o l a n t e a r í a n
a m o l d e n
s a t i n a n
a r r e d r a b a
a s f a l t a
c a l i g r a f i a r í a s
d e s t r u i r í a m o s
e x p u g n é
b l a s o n a m o s
e x c l u i r
o c u l t a r e m o s
d e s t r u y e s e
i n d u j e r a
c u m p l á i s
e m b o t a n d o
c o m p e n d i a r á s
c o n e x i o n a d o s
r e n d e r i z a b a s
e n r i p i e
e n t r e l a z a r í a n
a s f a l t a r í a s
n o   a r r e b a t e n
p r a c t i c a
e m b r u t e c e n
p r o y e c t a r e s
c o n s t a r á s
e x p u g n e n
c o m p u l s a d o
g o l p e t e a r í a n
c o m p e n d i e m o s
p r o s p e r á r e m o s
n o   a m o l d e
g u s t a r a
p r o s p e r a r a
a t u r a r í a m o s
i n d u z c a
e n c a l a b o z o
a i r e e n
e n c e s t a r a
a r r e d r e n
e x p u g n á i s
e n c a l a b o z a b a
r e n d e r i c e n
r e n d e r i z a s e s
n o   p r o s p e r e
o c u l t a d o s
e m b r u t e c i m o s
i n s t r u m e n t a d a s
p r a c t i c a d a s
e m b o t a d o
c o m p u l s á r e m o s
b l a s o n a s t e
o c u l t a r á s
n o   v o l a n t e e s
m a n t e n í a
e x p u g n a b a s
s e   d e s l e n g ü e n
p r o f a n a s t e
a f i a n z a r o n
s a t i n a n d o
c o m p u l s e m o s
p r o f a n a s e
e n r i p i a r é
e m b o t e n
n o   c o n e x i o n e n
a p a c i g u a d a
i n s t r u m e n t a r a
g o l p e t e a r á s
d e s f a s a b a i s
d e s n a c i ó
p a u p e r i z a r e i s
a r r e d r a r í a n
d e s i n s e c t a n
s e l e c c i o n a r e
o c u l t a r o n
s e l e c c i o n a s e s
s u a v i z a r o n
r a p á b a m o s
c o n s t a r e
e x p u g n á r a m o s
v o l a n t e e s
a s f a l t a s t e i s
a m o l d a b a i s
t r u n c a s e s
a m o j a m a n d o
m o n e t a r i z a r a
a r r e d r a r a n
p e r d i e r e
t a r a r í a
v o l a n t e a d a
e m b o t a
a g u s a n a s e s
a g u s a n a d
a t u r a s e
p a u p e r i z a r
p e r d í a m o s
d e s i n s e c t a b a s
e x c l u y e
r a p a
d e s i n s e c t a r e i s
u r b a n i z a m o s
e n f r a s c a d a
d e s i n s e c t a r í a i s
c u m p l a n
a c o r t a r a n
e n c e s t a s t e i s
d e s n a c i s t e
e n m e n d é
s u a v i z á r a m o s
p e r d e r í a n
e n t r e l a z a s e s
a r r e b a t a s e s
b l a s o n a r o n
v o l a n t e á s e m o s
e n m i e n d a
c o m p a c t a
c a l i g r a f i a r í a
l e n g ü e t e a b a
v e n t o s e á r a m o s
a i r e a b a s
p e r d e r í a i s
e x c l u y é r a m o s
m o n e t a r i z a r e
m o n e t a r i z a r e i s
n i n g u n e a r e
p r o f a n á b a m o s
l e n g ü e t e a s e
n o   f l o r e z c a
o s   g a n a b a i s
p i e r d e n
g o l p e t e a m o s
m o n e t a r i z a r a
c o m p e n d i a d
t e   g a n e s
p r o s p e r a r á s
m o n e t a r i z a s e
c o n s e j a d a s
r e n d e r i z a r e i s
a r r e d r a r í a
g o l p e t e a r é i s
o c u l t a r a n
c o m p u l s a
d e s t r u y e s e s
n o   i n m o v i l i c e
n i n g u n e a b a
e n m e n d a r e i s
e n c a l a b o c e
m a l e f i c i a r e s
e n c a l a b o z á b a m o s
n o   r e c o n q u i s t e m o s
e s c o n d o
z u r c i e r a
m a l e f i c i á b a m o s
o s   d e s l e n g u a r í a i s
d e s f a s a r a
e m b r u t e c e r á
m o n e t a r i z a d
a g u s a n a b a
a c o r t a r e n
t a r é i s
i n m o v i l i c e
n o   e n t r e l a c e s
e n c a l a b o z a d o
r e p a r t i é s e m o s
e n c e s t a r e m o s
h e l e n i z á r a m o s
n o   a m o l d e n
m e   e n f r a s q u e
a t u r á s e m o s
h e l e n i z a n
s a t i n a r é i s
p r a c t i c a d
e m b r u t e c e r
t r u n c a d a
a c o r t a s e
f l o r e c i e r e n
t r u n c a r a
n o   u r b a n i c e m o s
n o   c o n e x i o n e m o s
f l o r e c i d o s
r e c o n q u i s t a d a s
s u a v i z a r í a n
e n r i p i á i s
a m o l d a n d o
p r a c t i c a r o n
s u a v i z á r e m o s
n o   v e n t o s e e
s u a v i z a s t e
i n m o v i l i z á r e m o s
c u m p l i r í a m o s
e n m e n d a r
i n d u j e r a
m a l e f i c i a r a n
o s   a p a c i g u a r a i s
c o n s e j e n
a i r e á i s
v o l a n t e a d o
s e   g a n e n
r e c o n q u i s t a
i n m o v i l i z a r é
m u e s t r e é i s
n o   a t u r e n
i n m o v i l i z a s e
i n s t r u m e n t a b a s
c o m p u l s á s e m o s
n o   u r b a n i c e
p a u p e r i z a r á n
e m b o t a b a i s
e n c e s t a s e i s
m o r t i f i c a r e m o s
s u a v i z a r á n
r a p a s t e i s
d e s l e n g u a r s e
o c u l t a n d o
a g u s a n a r e n
h e l e n i z a r e i s
a g u s a n a r á n
c o m p a c t a b a n
e s c o n d a s
i n s t r u m e n t a d
p e r d e r í a
i n d u j e r e n
h e l e n i z a r e
a t u r a r á
e n m e n d á i s
e m b o t a b a n
a s f a l t á s e m o s
e m b r u t e c i e r a s
a m o j a m a b a
a r r e d r a r é
f l o r e c i e r a i s
l i m i t a b a i s
n o   t r u n q u e
a m o l d a b a s
r a p a n d o
e n t r e l a z a r é
a s f a l t a d a s
c u m p l a m o s
n o s   e n f r a s c a m o s
c o n e x i o n a r a n
e n c a l a b o z ó
n o s   e n f r a s q u e m o s
i n m o v i l i c é
h e l e n i z a b a i s
c o m p a c t e n
e m b r u t e z c a n
h e l e n i z a r í a
i n s t r u m e n t a m o s
d e s t r u i d a
c o m p u l s a d a s
m a n t u v i e s e
s e l e c c i o n o
n i n g u n e a d a s
r e p a r t i e s e
l i m i t a r e
e n t r e l a z a m o s
e s c o n d e r í a
p r o f a n a m o s
r a p a r é i s
