a w k i n c h i k k u n a l l a
p h u t i y n i y k i l l a
u t u r u n k u y k i t a
p i s i y n i y k i c h i k k u n a m a n
u t u r u n k u y k i k u n a l l a
q ' i p i y k i k u n a m a n t a
a w k i y k i c h i k k u n a l l a
p i s i y n i n c h i k k u n a m a n t a
s a y a y n i y k i c h i k k u n a h i n a
s a y a y n i y k i c h i k k u n a r a y k u
p h a l l c h a y k i c h i k k u n a l l a
w a k c h a y k i c h i k k u n a m a n t a
y a r q a y n i n c h i k k u n a m a n t a
y a r q a y n i y k i c h i k k u n a t a
s a y a y n i y k i c h i k k u n a p a q
p h u t i y n i y k i c h i k k u n a p a q
s a y a y n i y k i c h i k k u n a n k a
w a k c h a y k i c h i k k u n a k a m a
ñ a w p a y k i c h i k k u n a p u r a
u t u r u n k u y k i c h i k k u n a h i n a
w a k c h a y k i c h i k k u n a p a q
w a k c h a y k i c h i k k u n a p a q
u t u r u n k u n c h i k k u n a m a n t a
w a k c h a y k i c h i k k u n a n k a
s a y a y n i y k i c h i k k u n a p i
y a r q a y n i y k i c h i k n i n k a
ñ a w p a y k i c h i k k u n a m a n t a
w a k c h a y k i c h i k k u n a l l a
p a m p a y k i c h i k k u n a n n a q
w a k c h a y k i c h i k k u n a m a n
p a m p a y k i c h i k k u n a p u r a
p a m p a y k i c h i k k u n a n t i n
p h a l l c h a n c h i k k u n a r a y k u
p i s i y n i n c h i k k u n a r a y k u
p i s i y n i y k i c h i k k u n a p i
p a m p a y k i c h i k k u n a n n a q
w a k c h a n c h i k k u n a p u r a
w a k c h a y k i c h i k k u n a p i
w a k c h a n c h i k k u n a h i n a
y a r q a y n i y k u k u n a p u r a
y a r q a y n i y k i k u n a h i n a
y a r q a y n i y k i c h i k h i n a
s a y a y n i n c h i k k u n a w a n
y a r q a y n i n k u k u n a p u r a
s a y a y n i y k i c h i k m a n t a
s a y a y n i y k i k u n a m a n t a
s a y a y n i y k i c h i k r a y k u
p h a l l c h a y k i k u n a h i n a
u t u r u n k u n c h i k k u n a n t i n
p h u t i y n i y k i c h i k n i n t i n
a m a ñ a q c h ' a c h u n k u c h u
ñ a w p a y k i c h i k k u n a n n a q
ñ a w p a y k i c h i k k u n a l l a
p a m p a y k i c h i k k u n a w a n
p ' u y ñ u y k i c h i k k u n a h i n a
y a r q a y n i y k i k u n a n n a q
p a m p a n c h i k k u n a m a n t a
ñ a w p a n c h i k k u n a r a y k u
p i s i y n i y k i k u n a m a n t a
w a k c h a n c h i k k u n a n n a q
w a k c h a n c h i k k u n a n n a q
p i s i y n i y k i c h i k n i n t i n
q ' i p i y k i c h i k k u n a m a n t a
y a r q a y n i y k i k u n a p a q
w a k c h a n c h i k k u n a w a n
y a r q a y n i y k u k u n a n k a
w a k c h a y k u k u n a m a n t a
y a r q a y n i y k i k u n a w a n
w a k c h a y k u k u n a m a n t a
y a r q a y n i n c h i k r a y k u
y a r q a y n i n k u k u n a w a n
y a r q a y n i n k u n a r a y k u
y a r q a y n i y k u n a r a y k u
p h a l l c h a y k u k u n a n n a q
p i s i y n i n c h i k k u n a n t i n
m a y l l a k u s q a n k i c h i k
u t u r u n k u n c h i k k u n a p i
w a k c h a n k u k u n a m a n t a
p h a l l c h a y k i c h i k k u n a m a n
p h a l l c h a y k i k u n a m a n
p h a l l c h a n k u k u n a w a n
p h a l l c h a y k u k u n a m a n
p h a l l c h a y k u k u n a n k a
p i s i y n i n c h i k k u n a n k a
p ' u y ñ u n c h i k k u n a n n a q
u t u r u n k u n k u k u n a l l a
s a y a y n i n k u k u n a n n a q
p h u t i y n i y k i k u n a k a m a
y a y a y k i c h i k k u n a m a n t a
p i s i y n i n k u k u n a k a m a
q ' i p i y k i c h i k k u n a n k a
u t u r u n k u n c h i k k u n a l l a
p a m p a n k u k u n a m a n t a
p ' u y ñ u y k i k u n a r a y k u
p h u t i y n i y k u k u n a n n a q
ñ a w p a y k i c h i k k u n a p
ñ a w p a y k i c h i k n i n k a
s a y a y n i n k u k u n a n k a
y a r q a y n i n k u n a p u r a
y a r q a y n i y k u n a k a m a
p a m p a n c h i k k u n a w a n
p a m p a y k i c h i k n i n k a
s a y a y n i y k u k u n a m a n
p a m p a y k i c h i k r a y k u
y a r q a y n i y k i c h i k p a
y a y a y k i c h i k k u n a t a
y a y a y k i c h i k k u n a t a
p a m p a n c h i k k u n a n t i n
p a m p a y k u k u n a m a n t a
u t u r u n k u n c h i k m a n t a
q ' i p i y k i c h i k k u n a h i n a
a m a y a r q a c h u n k u c h u
p a m p a n k u k u n a r a y k u
p h u t i y n i n c h i k n i n t i n
q ' i p i y k i c h i k k u n a k a m a
p h u t i y n i y k u k u n a n t i n
q ' i p i y k i c h i k k u n a n n a q
p h u t i y n i n k u k u n a m a n
p ' u y ñ u n c h i k k u n a p u r a
w a k c h a n c h i k k u n a p i
w a k c h a y k u k u n a n t i n
w a k c h a y k i k u n a n t i n
w a k c h a n k u k u n a h i n a
y a y a y k i c h i k k u n a p i
p h u t i y n i y k i k u n a h i n a
p h a l l c h a n k u k u n a t a
p ' u y ñ u n c h i k k u n a k a m a
a w k i y k i c h i k k u n a n t i n
ñ a w p a y k u k u n a r a y k u
p i s i y n i n c h i k n i n n a q
p a m p a n c h i k k u n a p u r a
p h u t i y n i y k i c h i k k u n a
p h u t i y n i y k i k u n a m a n
p a m p a n c h i k k u n a l l a
u t u r u n k u n c h i k k u n a p a q
p i s i y n i y k u k u n a n k a
ñ a w p a y k u k u n a k a m a
ñ a w p a y k i c h i k k u n a
p a m p a y k i k u n a p u r a
p i s i y n i n c h i k n i n k a
p h u t i y n i n k u k u n a p
p h u t i y n i n c h i k n i n k a
p a m p a n c h i k k u n a l l a
p ' u y ñ u y k i c h i k k u n a p u r a
p i s i y n i y k u k u n a n n a q
u t u r u n k u y k u k u n a n t i n
w a k c h a y k i c h i k k u n a r a y k u
w a k c h a y k i c h i k k u n a r a y k u
p ' u y ñ u n k u k u n a m a n t a
w a k c h a y k i c h i k p a q
w a k c h a y k i k u n a p a q
w a k c h a y k i k u n a m a n
w a k c h a y k i k u n a m a n
s a y a y n i y k u k u n a t a
w a k c h a y k u n a r a y k u
w a k c h a n k u n a m a n t a
w a k c h a y k u n a r a y k u
y a r q a y n i n k u n a n k a
s a y a y n i n k u n a h i n a
p a m p a n c h i k k u n a p i
s a y a y n i y k i k u n a t a
y a r q a y n i y k u n a m a n
s a y a y n i n c h i k h i n a
p a m p a y k u k u n a n t i n
s a y a y n i y k u n a h i n a
p a m p a n k u k u n a n t i n
p a m p a n k u k u n a n t i n
y a r q a y n i y k u r a y k u
y a r q a y n i n k u r a y k u
ñ a w p a y k u k u n a p u r a
y a y a n c h i k k u n a n t i n
ñ a w p a y k u k u n a h i n a
ñ a w p a y k i k u n a n t i n
p i s i y n i y k u k u n a w a n
u t u r u n k u n k u n a h i n a
y a y a y k i c h i k n i n t i n
u t u r u n k u n k u k u n a t a
u t u r u n k u n k u n a p u r a
y a y a y k i c h i k r a y k u
p i s i y n i y k i c h i k p u r a
p ' u y ñ u n c h i k k u n a p i
p i s i y n i y k u k u n a m a n
p i s i y n i y k u k u n a p a q
ñ a w p a y k i k u n a h i n a
w a k c h a n k u k u n a p a q
w a k c h a n k u k u n a w a n
w a k c h a n k u k u n a w a n
p a m p a n k u k u n a h i n a
p i s i y n i n k u k u n a p u r a
p h u t i y n i y k i c h i k k u n a p
a m a u p y a c h u n k u c h u
p ' u y ñ u y k i k u n a n n a q
p h a l l c h a y k u n a m a n
p h u t i y n i y k i c h i k m a n
p a m p a n k u k u n a p u r a
s a y a y n i y k i c h i k k u n a m a n
p i s i y n i n c h i k k u n a
p ' u y ñ u y k i k u n a n t i n
y a y a n c h i k k u n a n n a q
p i s i y n i n k u k u n a m a n
p h u t i y n i y k u k u n a p i
y a r q a y n i y n i n n a q
w a k c h a y k i c h i k l l a
a w k i y k i c h i k k u n a p
y a y a n c h i k k u n a m a n
ñ a w p a n c h i k k u n a l l a
y a y a y k i c h i k k u n a p a q
a m a c h ' a p h c h a y c h u
y a y a n c h i k k u n a m a n t a
p ' u y ñ u y k i c h i k k u n a m a n
ñ a w p a y k i k u n a n k a
w a k c h a y k u n a k a m a
p h u t i y n i y k u n a h i n a
ñ a w p a n k u k u n a p u r a
c h ' a p h c h a r q a n k i c h i k
p h a l l c h a y k u n a p a q
a m a p h u t i y c h i k c h u
w a k c h a y k i k u n a l l a
ñ a w p a y k i c h i k p a q
w a k c h a n c h i k k a m a
p a m p a y k i c h i k p a q
w a k c h a y k i c h i k t a
s a y a y n i n k u n a p a q
p a m p a y k i c h i k l l a
s a y a y n i n k u k u n a p
w a k c h a n c h i k p u r a
y a r q a y n i n c h i k t a
w a k c h a n c h i k k u n a
y a r q a y n i y k i h i n a
y a r q a y n i y k i k a m a
p a m p a y k i k u n a w a n
p a m p a y k i k u n a n k a
w a k c h a n k u n a k a m a
y a r q a y n i y k u p u r a
s a y a y n i n k u n a l l a
a m a l l u l m i c h u n c h u
q ' i p i n c h i k k u n a h i n a
y a r q a y n i y k u h i n a
s a y a y n i y k u n a w a n
p a m p a y k u k u n a n k a
p ' u y ñ u n c h i k k u n a p a q
y a y a n c h i k k u n a t a
s a y a y n i y k u m a n t a
y a y a y k i c h i k p u r a
u t u r u n k u n c h i k m a n
s a y a y n i y k u r a y k u
y a y a y k i c h i k h i n a
y a y a y k i c h i k k u n a
y a y a y k i c h i k p u r a
p h u t i y n i y k u k u n a r a y k u
