ñ a w p a n k u
u n i q
y a y a
q ' i p i
p i s i q
p i s i y
s u p i q
w i ñ a n
u n i n i
p i s i n i
a w k i y
p h u t i y
y a y a n
s a y a y
y a y a p
u y a r i n
u y a r i q
p ' u y ñ u n
u y a r i y
y a y a l l a
w a k c h a
p i s i c h u n
u n i s q a
w a k c h a
a y p a n a
u p y a s q a n
l l u l m i y
y a y a y l l a
p a m p a n
p a m p a n
p a m p a y
ñ a w p a y
ñ a w p a y
p i s i n k i
w i ñ a s p a
a w k i y p i
a w k i y t a
a w k i y k i t a
ñ a w p a t a
s u p i s a q k u
w i ñ a n k u
p ' u y ñ u l l a
a w k i y k a m a
s u p i n k i
ñ a w p a l l a
s u p i s p a
a y p a n k i
p a m p a p i
y a y a y k i c h i k t a
q ' i p i l l a
a w k i y k i p i
u p y a n k u
a w k i m a n
a w k i w a n
a w k i n p a
a w k i n p a
a w k i y k i w a n
a w k i h i n a
y a y a n k u
y a r q a n a
y a y a y k u
y a y a n p a
y a y a p a q
y a y a n p a
y a y a n k a
y a y a n k a
s a y a n k u
s a y a y t a
y a y a n t a
s a y a n q a
a w k i y m a n
s a y a s q a
l l u l m i n a
l l u l m i n i
p h u t i s p a
p a m p a m a n t a
a w k i p a q
u n i r q a n i
p h u t i y k u
a w k i n p i
a w k i n p i
q ' i p i y k i t a
ñ a q c h ' a q
w i ñ a c h u n
a w k i y k a m a
a w k i y k u t a
a y p a n k u
a y p a y k u
p a m p a t a
a w k i n l l a
p i s i y n i n k u k u n a t a
q ' i p i n k a
p h u t i y p i
y a y a y w a n
a w k i n n a q
y a r q a s a q k u
q ' i p i n t a
a w k i n c h i k
y a y a y k u n a t a
q ' i p i y k u n n a q
q ' i p i y k u
q ' i p i r a y k u
a w k i y k i m a n
s a y a y n i y
u y a r i n q a
y a y a h i n a
ñ a q c h ' a n a
w a k c h a p i
a w k i n c h i k
ñ a w p a y p i
p i s i y n i n k u p a
p ' u y ñ u y k u
a w k i y k i m a n t a
u y a r i y k u
l l u l m i n q a
a w k i n k u t a
p i s i y h i n a
u t u r u n k u n
a w k i k a m a
w i ñ a r q a n i
ñ a w p a y k i t a
p a m p a y k i t a
p h u t i n q a k u
p i s i y n i n t a
p ' u y ñ u y p i
y a y a k u n a
y a y a y m a n
ñ a w p a n n a q
y a y a n w a n
q ' i p i y l l a
s a y a y m a n
p a m p a y k u
y a r q a y k u
p a m p a n k a
w a k c h a t a
p a m p a p a q
p a m p a p a q
q ' i p i y r a y k u
l l u l m i n k i
y a r q a n q a
ñ a w p a n n a q
y a r q a s a q
p i s i s q a n i
u n i n k i c h i k
c h ' a c h u n i
p ' u y ñ u p u r a
ñ a w p a n l l a
p h u t i y l l a
q ' i p i y k i
a w k i y k u n a w a n
q ' i p i y w a n
w i ñ a s a q k u
a w k i n k u p i
u y a r i r q a n k u
a w k i y k u w a n
a w k i h i n a
y a y a y k i p a q
l l u l m i r q a n k u
p a m p a r a y k u
p i s i y n i y k i p a q
ñ a w p a n w a n
ñ a w p a n k u t a
a w k i y h i n a
a w k i y k i c h i k
q ' i p i y k u n a t a
ñ a w p a y l l a
w a k c h a l l a
q ' i p i n t i n
c h ' a c h u n k u
l l u l m i s a q
u p y a r q a n k i
w a k c h a l l a
p a m p a p u r a
u p y a s q a n k i
ñ a w p a p u r a
u y a r i r q a n
p a m p a n k u t a
p a m p a y k i k u n a p a q
w a k c h a y p i
y a y a y k i c h i k w a n
a w k i n m a n t a
q ' i p i y k i p u r a
m a y l l a k u y
u t u r u n k u y p a
p ' u y ñ u y k i n n a q
y a y a k u n a p
a w k i m a n t a
a w k i m a n t a
p ' u y ñ u n p u r a
u t u r u n k u k a m a
ñ a w p a y k u n a t a
a w k i y k u k u n a w a n
p h a l l c h a p a q
c h ' a p h c h a s a q
y a y a n k u t a
y a y a n c h i k
y a y a y h i n a
y a y a n c h i k
y a y a n k u n a
y a y a y h i n a
y a y a n k a m a
y a y a y k u n a
y a y a n i n k a
w a k c h a n k u
w a k c h a y k u
s a y a s q a n i
y a y a y k i p i
a w k i y k i k u n a w a n
p a m p a y m a n
p a m p a n p a q
ñ a w p a y m a n
p a m p a y p a q
ñ a w p a k u n a p
u p y a s q a n c h i k
a w k i n i n k a
q ' i p i y k u n a w a n
y a y a y k i c h i k k u n a w a n
a w k i n k u n a p
ñ a w p a n h i n a
c h ' a c h u c h u n
p ' u y ñ u y k i c h i k p a q
p h u t i y n i n p i
p h u t i y n i y k u
a w k i y k u h i n a
y a y a n k u l l a
a w k i y k i h i n a
a y p a c h u n k u
p ' u y ñ u y h i n a
p ' u y ñ u n k u p a
ñ a w p a m a n t a
y a y a n c h i k l l a
p a m p a n k u p a
w a k c h a y w a n
ñ a w p a n k u n a
y a y a y k i c h i k m a n t a
p a m p a y k u w a n
a w k i n k u n a k a m a
u y a r i n c h i k
a w k i n k u n a k a m a
p a m p a y k i w a n
p h u t i y n i y p a q
p h u t i y n i n k u
p ' u y ñ u n k u t a
p ' u y ñ u y k u p i
ñ a q c h ' a s p a
p h u t i y c h i k
q ' i p i m a n t a
p ' u y ñ u y k u p a q
p h u t i y k u n a p u r a
l l u l m i c h u n k u
