s a y a y n i n k u k u n a t a
y a r q a y n i n k u k u n a l l a
p a m p a y t a
y a y a y k u n a p u r a
a w k i n c h i k m a n
s a y a y n i y k i m a n
p h u t i y n i y k i k u n a m a n t a
u y a r i s a q
p a m p a n k a
ñ a q c h ' a s a q k u
q ' i p i y k i c h i k n i n n a q
p i s i y n i y k i k u n a k a m a
s a y a y n i y k u n a p a q
p h a l l c h a n c h i k k u n a h i n a
w a k c h a n p a q
p i s i n a
a w k i k u n a
a w k i n k u k u n a p a q
a w k i y k u n n a q
p i s i y n i n c h i k p u r a
p a m p a y k u k u n a
ñ a w p a n k u h i n a
u t u r u n k u y k u n a p i
ñ a w p a y k u k u n a p i
p a m p a k u n a p u r a
a w k i n c h i k k u n a p a q
p a m p a n c h i k k u n a n n a q
p h a l l c h a n k u n a n t i n
y a r q a y n i y k u
p a m p a n k a m a
y a r q a y n i n n i n n a q
p i s i y n i y k i p i
s a y a y n i n k u n a w a n
a w k i y k u n k a
s a y a y n i y p a
a w k i n k u w a n
y a y a n c h i k k u n a k a m a
ñ a w p a y k i c h i k k u n a
y a y a m a n t a
ñ a w p a l l a
y a r q a y n i y k u n a p i
p h a l l c h a n c h i k n i n n a q
y a y a y k u n a n k a
a m a c h ' a c h u y c h u
a y p a y c h i k
q ' i p i n p u r a
u p y a r q a n
y a y a y k i k u n a n n a q
ñ a w p a k u n a t a
p ' u y ñ u n k u p a q
s a y a y n i n k u k u n a l l a
a w k i y k u n a p a q
p ' u y ñ u n k u n a r a y k u
s a y a y n i n k u k u n a h i n a
a w k i k u n a p u r a
p i s i n q a
ñ a w p a y k u k a m a
p h u t i y k u n a n k a
s a y a y n i n c h i k k u n a p
w a k c h a y k u n a n t i n
a w k i y k i k u n a p a q
w a k c h a y k u p i
i s p a p a k u s q a n k u
p a m p a y k i n k a
p h u t i y n i y k u n k a
y a r q a y n i n k u p u r a
p a m p a y k u n a m a n
w a k c h a y k u h i n a
y a y a n t i n
i s p a p a k u n q a k u
w a k c h a y h i n a
w a k c h a n k u n a p u r a
p h u t i y n i n c h i k w a n
w a k c h a y k u m a n
ñ a w p a n k u h i n a
ñ a w p a y k u n a m a n
a w k i y k u l l a
q ' i p i t a
p h a l l c h a y k i c h i k n i n t i n
ñ a w p a y k u k u n a h i n a
s a y a y k u n a p u r a
w a k c h a n c h i k n i n k a
p i s i y k u n a
a w k i y k u p a q
a w k i y k u k u n a h i n a
p a m p a y k i n k a
a m a p i s i c h u n k u c h u
y a r q a y n i y k i m a n t a
u y a r i n k i
y a y a y k u n a m a n
p ' u y ñ u p
q ' i p i y k i c h i k n i n k a
ñ a w p a y k u k u n a l l a
ñ a w p a k u n a m a n t a
p ' u y ñ u m a n
p a m p a n k u k u n a n k a
a w k i n k a
w a k c h a k u n a
y a r q a y n i n i n t i n
y a y a y k i c h i k p i
