p i s i y n i y k i c h i k p a
w a k c h a y k i c h i k k u n a n n a q
ñ a w p a n t i n
p a m p a n c h i k m a n
q ' i p i y k u k u n a p i
y a y a n k u n a k a m a
ñ a q c h ' a c h u n
a w k i n c h i k l l a
ñ a w p a y n i n t i n
s a y a y n i y k u n a p u r a
u t u r u n k u n c h i k n i n n a q
i s p a p a k u n k u
p i s i y n i n k u
u t u r u n k u y k i l l a
u t u r u n k u n l l a
a w k i y k i k u n a l l a
p h u t i y n i y k u n a l l a
p a m p a y k i c h i k p u r a
u t u r u n k u y k i c h i k n i n t i n
s a y a y n i n k u k u n a k a m a
q ' i p i k u n a l l a
w a k c h a p
p a m p a n k u p i
ñ a w p a n k u k u n a p
y a r q a y n i y k i c h i k n i n n a q
s u p i y
q ' i p i y n i n k a
p a m p a n c h i k n i n t i n
u p y a n q a
y a y a n k u n a m a n t a
ñ a w p a y k i k u n a l l a
u t u r u n k u k u n a
a w k i y k u t a
p h u t i y n i n h i n a
p a m p a y k i k u n a m a n
w a k c h a y k u k u n a k a m a
y a y a y k u n a n t i n
p a m p a y k u k u n a p u r a
p i s i y n i n c h i k k u n a w a n
y a r q a y n i n c h i k l l a
c h ' a c h u r q a n i
p a m p a y k u n a h i n a
a w k i k u n a p
s u p i n i
ñ a q c h ' a s q a n
ñ a w p a y k u n a
ñ a w p a n c h i k k u n a w a n
ñ a w p a y k i c h i k p u r a
p h a l l c h a y k i c h i k k u n a k a m a
w a k c h a y k u p a
y a r q a y n i y k u k u n a p i
p i s i y n i n k u r a y k u
u t u r u n k u y k u n a r a y k u
w i ñ a s a q
p i s i y n i y p a
p a m p a y k u r a y k u
w a k c h a y k i k u n a p
y a r q a y k u n a p
p h u t i y n i y k i c h i k t a
p ' u y ñ u n k u n a m a n
a w k i n k u n a r a y k u
y a r q a y n i n k u n a m a n
y a y a y k u k u n a h i n a
q ' i p i y n i n n a q
w a k c h a n c h i k
p i s i y n i n c h i k m a n t a
p h a l l c h a k u n a p a q
p i s i y n i n k u k u n a p i
w a k c h a y k i c h i k k u n a h i n a
u t u r u n k u n c h i k t a
q ' i p i n k u k u n a
a w k i y k i c h i k n i n t i n
q ' i p i n c h i k k u n a m a n t a
q ' i p i y k i c h i k k u n a r a y k u
u n i c h u n k u
p i s i y n i n w a n
y a y a n c h i k m a n
w a k c h a n c h i k p i
p a m p a y k i n n a q
w a k c h a n c h i k k u n a n t i n
ñ a q c h ' a y c h i k
y a y a y p a
s a y a y r a y k u
s u p i n
q ' i p i k u n a
p h u t i y n i n t i n
a w k i y k u k u n a p u r a
ñ a w p a y t a
u t u r u n k u y k i c h i k k u n a m a n t a
a w k i y k i c h i k k u n a m a n
a w k i n c h i k n i n n a q
w a k c h a n p i
s a y a y n i n c h i k k u n a n n a q
y a r q a y k a m a
p i s i y p i
a w k i n k u n a n n a q
w a k c h a y k u k u n a l l a
p i s i y n i n p i
a w k i n k u k u n a r a y k u
s a y a y n i n k u p i
