m a y l l a k u s q a n k u
u t u r u n k u n c h i k k u n a k a m a
a w k i y k i c h i k t a
p h u t i y n i y k u k u n a p
p h u t i y n i y k u n a n n a q
w a k c h a n k u k u n a p
p a m p a n c h i k k u n a p a q
p h a l l c h a n
w a k c h a m a n t a
w a k c h a n c h i k p i
p ' u y ñ u y k i c h i k l l a
q ' i p i n k u n a p a q
q ' i p i p
a w k i y k i p u r a
p a m p a y k u n t i n
ñ a w p a w a n
y a y a y k u t a
ñ a w p a y k a m a
s a y a y k u n a n t i n
u y a r i s q a n c h i k
q ' i p i p i
p a m p a y k i k u n a h i n a
m a y l l a k u n i
p h u t i y n i n p a q
ñ a w p a y k u n t i n
w a k c h a y k i c h i k m a n
y a y a n k u k u n a m a n t a
y a r q a y n i y k i c h i k w a n
a w k i n c h i k t a
y a y a n c h i k k u n a l l a
a w k i k u n a p i
u t u r u n k u k u n a n t i n
w a k c h a y k i c h i k k u n a n t i n
m a y l l a k u s q a n c h i k
p a m p a n c h i k r a y k u
s a y a y n i y k u k u n a n n a q
y a r q a y n i n c h i k m a n
w a k c h a y k i c h i k h i n a
p h u t i y n i n n i n n a q
a w k i n k u k u n a m a n
q ' i p i k u n a n n a q
y a y a y n i n t i n
y a r q a y n i n k u k u n a p
p a m p a n k u k u n a p
p a m p a k u n a m a n
w a k c h a k u n a l l a
p h u t i y n i n c h i k p a
y a r q a y n i n c h i k k u n a
w a k c h a y k u k u n a
a w k i y k i k u n a p i
ñ a w p a n k u n a n n a q
a w k i n k u p a
ñ a w p a n k u k u n a n n a q
a w k i p i
p a m p a y k i k u n a p i
y a r q a y n i n k u k u n a
w a k c h a n k u n a w a n
u t u r u n k u n c h i k k u n a n n a q
y a r q a y k u n a n k a
p h u t i y n i y r a y k u
p a m p a w a n
l l u l m i r q a n k i c h i k
p h a l l c h a n k u n a w a n
y a r q a y n i n c h i k k u n a k a m a
y a y a n i n t i n
y a y a y k i c h i k k u n a h i n a
s a y a y n i y k i c h i k p u r a
y a y a n c h i k r a y k u
s a y a y n i y k i k u n a m a n
w a k c h a n n a q
u t u r u n k u n k u k u n a w a n
p ' u y ñ u n c h i k p a
ñ a w p a y k i w a n
a w k i n k u k u n a h i n a
ñ a w p a y k u k u n a
ñ a w p a n l l a
y a r q a y n i n
a w k i y m a n t a
q ' i p i y k i c h i k h i n a
a w k i y k i
a m a p i s i y c h u
i s p a p a k u s q a n i
y a r q a y n i y k u n a p
p a m p a n i n t i n
a y p a r q a n i
a m a s a y a y c h i k c h u
q ' i p i y k u n a h i n a
u y a r i s q a n
ñ a w p a y k u r a y k u
w a k c h a y k i k u n a l l a
ñ a w p a y k u n a p a q
u t u r u n k u n k u k u n a p i
y a y a y k u k a m a
ñ a w p a y k u p a
p h a l l c h a n k u k u n a h i n a
y a y a n l l a
q ' i p i n c h i k p a q
p a m p a n c h i k p u r a
p h a l l c h a n p a
p ' u y ñ u n c h i k k u n a l l a
