s a y a y n i n
a w k i y k u k u n a p i
w a k c h a y k i k u n a n k a
p h a l l c h a y k i m a n
w a k c h a y k u k a m a
a w k i y k u n a n t i n
u t u r u n k u n c h i k n i n k a
y a r q a y n i y k i c h i k
p h a l l c h a n c h i k k u n a n t i n
y a y a y r a y k u
w a k c h a n i n t i n
q ' i p i n k u n a l l a
u t u r u n k u w a n
s a y a y k u n a n k a
u t u r u n k u k u n a t a
ñ a w p a y k i c h i k h i n a
w a k c h a y k i c h i k m a n t a
s a y a y n i y k i k u n a p a q
a m a ñ a q c h ' a y c h u
u y a r i n a
ñ a w p a y k u k u n a w a n
ñ a w p a y k i c h i k k u n a m a n t a
p h u t i y k u n a n n a q
y a r q a y n i y k i c h i k k u n a p a q
p h u t i y n i y k i c h i k k u n a p u r a
p i s i s q a n i k u
y a r q a y n i y k u k u n a n n a q
u t u r u n k u y k u k u n a t a
a w k i n c h i k m a n
y a y a n c h i k t a
w a k c h a y k u n n a q
ñ a w p a n k u n a k a m a
m a y l l a k u n k i c h i k
ñ a w p a n c h i k m a n
p a m p a n k u t a
p ' u y ñ u y k i c h i k w a n
p h a l l c h a n k u k u n a p
p a m p a n k u n a w a n
p h u t i y n i n c h i k k u n a l l a
y a y a n k u k u n a p
w a k c h a y k i c h i k r a y k u
a w k i n k u n a h i n a
p a m p a n k u m a n t a
w a k c h a k u n a m a n
p i s i y n i n k u k u n a n n a q
y a y a n p u r a
a y p a s q a n k u
ñ a w p a n c h i k k u n a m a n
w a k c h a n k u n a p
p a m p a y k u k u n a
p h u t i y n i y k i c h i k m a n t a
p a m p a y k i k u n a m a n t a
y a r q a y n i n k u k u n a m a n t a
a y p a s q a n i k u
p a m p a n c h i k k u n a k a m a
p i s i y n i n c h i k
ñ a w p a y k i c h i k k u n a w a n
y a y a t a
u t u r u n k u y k i n t i n
q ' i p i y k u k u n a w a n
u t u r u n k u y k i k u n a p i
q ' i p i n c h i k k u n a w a n
p i s i y n i n k a
w a k c h a y k u k u n a h i n a
p a m p a y k u n k a
p a m p a y k i k u n a l l a
s a y a y n i y k i c h i k l l a
y a y a r a y k u
p a m p a l l a
y a r q a y p u r a
p h a l l c h a w a n
a w k i n c h i k k u n a p u r a
y a y a n c h i k k u n a r a y k u
p h u t i y n i y k i c h i k k u n a h i n a
ñ a w p a y k i p i
w a k c h a n r a y k u
p h u t i y n i y k u n a t a
y a y a n c h i k k a m a
p i s i y n i n k a m a
a w k i n c h i k k u n a t a
w a k c h a y k i h i n a
s u p i n q a k u
w a k c h a y k u w a n
p h u t i y n i n c h i k k u n a p
p i s i s q a
p h a l l c h a n k u t a
q ' i p i y k i c h i k k u n a l l a
w a k c h a n c h i k k u n a n k a
a w k i n k u l l a
p a m p a y k u k u n a p i
u t u r u n k u y k i m a n
ñ a w p a n p u r a
s a y a y n i y k i c h i k k u n a n n a q
p a m p a y n i n t i n
p a m p a y k i c h i k k u n a n t i n
s a y a y n i y k i
w a k c h a y n i n t i n
ñ a w p a y k i n t i n
i s p a p a k u r q a n
u t u r u n k u y k i c h i k k u n a r a y k u
