q ' i p i n k u n n a q
y a r q a y n i y k u k u n a r a y k u
u y a r i c h u n
ñ a w p a n c h i k t a
s u p i n k i c h i k
w a k c h a y k i t a
i s p a p a k u n
y a y a y k i n t i n
u p y a r q a n c h i k
p h u t i y n i y k u n a p i
w a k c h a y k i c h i k k u n a k a m a
p ' u y ñ u y k u k u n a m a n t a
a w k i n c h i k k u n a t a
y a y a y k u h i n a
p h u t i y n i y k i c h i k r a y k u
s a y a y n i y k i c h i k n i n k a
p h u t i n q a
w a k c h a y w a n
y a y a y k i c h i k k a m a
p h u t i y n i n k u n a m a n
ñ a w p a n k a
y a y a y k i k u n a k a m a
y a y a n k u p a q
p ' u y ñ u y k u n a w a n
y a y a p i
ñ a w p a n k u n a p a q
ñ a w p a n p a
u t u r u n k u n k u n a t a
a m a l l u l m i c h u n k u c h u
a w k i n k u n t i n
s a y a y n i y k i c h i k k a m a
p a m p a n k u k u n a p i
s u p i y c h i k
p h u t i n a
w a k c h a y k i c h i k p a
p h u t i y n i n c h i k k u n a p u r a
u t u r u n k u y k i k u n a p a q
p h u t i y n i n m a n t a
p a m p a y k i c h i k k u n a l l a
u t u r u n k u y k u n a p a q
q ' i p i y k i c h i k k u n a p
p h a l l c h a n c h i k k u n a w a n
s a y a y n i y k u n a m a n
a w k i n k u k u n a p u r a
p i s i y n i y k u t a
u t u r u n k u y k u n a n k a
y a y a y k i c h i k k u n a h i n a
w a k c h a y k u k u n a n t i n
u t u r u n k u n k u n a
ñ a q c h ' a n c h i k
s a y a y n i y m a n t a
y a y a y k u k u n a l l a
s a y a y n i y k i c h i k k u n a
ñ a w p a y k i k u n a p
a w k i y k u n a r a y k u
p h a l l c h a y k i k u n a n n a q
p i s i y n i y k u w a n
w i ñ a r q a n k i c h i k
w a k c h a p i
s a y a y n i y k i w a n
s a y a y n i y k u k u n a m a n t a
ñ a w p a y k i c h i k k a m a
y a y a k u n a m a n t a
a w k i n c h i k k a m a
y a y a y k u k u n a
p h u t i y n i n c h i k
q ' i p i y k u n t i n
p i s i y n i y k u r a y k u
a m a s u p i c h u n k u c h u
p ' u y ñ u y k i c h i k p u r a
y a r q a y n i y k u n a l l a
y a r q a s q a n
s a y a y n i y t a
y a y a y k i p a
p a m p a y k i c h i k k u n a m a n
w a k c h a y n i n n a q
p a m p a y k i c h i k k u n a p
u t u r u n k u n k u k u n a n n a q
ñ a w p a y k u n k a
p h u t i y n i y
m a y l l a k u s q a n i k u
y a r q a y n i n c h i k n i n t i n
p a m p a y
y a r q a y n i y k u n a p a q
ñ a w p a n k a m a
p i s i y n i n k u k u n a l l a
u t u r u n k u p a q
q ' i p i y k i c h i k k a m a
p a m p a y k u k u n a p u r a
u t u r u n k u y k u n a p u r a
p ' u y ñ u y k u k u n a w a n
w a k c h a y k i k u n a r a y k u
s a y a y n i y k i k u n a n n a q
q ' i p i y k i n n a q
a w k i p i
y a y a k u n a p a q
q ' i p i p a q
y a y a n k u n k a
y a r q a y k u n a p a q
s a y a y p a
