p ' u y ñ u y k i k u n a p u r a
w a k c h a y k u w a n
y a r q a c h u n k u
p a m p a y k i k u n a w a n
a w k i y k u n a
w a k c h a y n i n k a
ñ a w p a y k i c h i k k u n a n n a q
y a y a r a y k u
p ' u y ñ u n c h i k m a n
p h u t i y n i n c h i k n i n n a q
p h u t i y n i n k u l l a
q ' i p i n k u h i n a
s a y a n i
a y p a s q a
ñ a w p a k u n a w a n
s a y a y n i n p i
a w k i y k u n a n n a q
p a m p a n c h i k k u n a n k a
p ' u y ñ u y k u l l a
ñ a w p a n k u k u n a m a n t a
w a k c h a y k i m a n t a
y a y a n c h i k w a n
p a m p a n t a
p a m p a y k i c h i k w a n
p i s i y n i y k i c h i k k u n a p u r a
a w k i w a n
a w k i y k i c h i k k u n a t a
ñ a w p a k u n a n n a q
ñ a w p a p
p h u t i y n i n k u n a p a q
p i s i y n i y k u p u r a
p a m p a y k i c h i k m a n
y a y a y k u n a p a q
a w k i k u n a r a y k u
p h a l l c h a y k i k u n a n t i n
u t u r u n k u n k u k u n a m a n t a
u t u r u n k u n k u n a p i
p h u t i y n i n t a
y a y a y k i k u n a t a
a w k i y k i k u n a r a y k u
ñ a w p a y k i k a m a
y a y a y k i c h i k p i
a w k i n c h i k h i n a
p h u t i y n i y k i k u n a p i
u t u r u n k u y k u n k a
y a r q a y n i y k i c h i k k u n a
p a m p a y k i c h i k k u n a
y a y a y k u l l a
p ' u y ñ u k u n a
ñ a w p a n k u n a l l a
c h ' a p h c h a s q a n c h i k
a m a i s p a p a k u c h u n k u c h u
w i ñ a s q a n c h i k
l l u l m i s q a n k i
p h u t i y n i y t a
y a y a y k u r a y k u
p h a l l c h a y k u k u n a l l a
p i s i y k u n a p
ñ a w p a y k i c h i k m a n
a y p a n c h i k
p h u t i y n i n c h i k k a m a
q ' i p i n c h i k k u n a p a q
u y a r i s q a n k u
y a y a y k u n a h i n a
y a r q a y n i y k i c h i k p u r a
p a m p a y k i l l a
p a m p a y k a m a
p h a l l c h a y p a q
s a y a y n i y k i n k a
ñ a w p a y k i c h i k p i
a w k i y n i n k a
ñ a w p a y k u k u n a
p h a l l c h a m a n
y a y a y k i c h i k k u n a p u r a
u y a r i s u n c h i k
p ' u y ñ u y k i c h i k k u n a r a y k u
p a m p a n k u n k a
a w k i n n i n n a q
q ' i p i y k u n k a
p a m p a k u n a r a y k u
p i s i y n i y k u n a k a m a
q ' i p i n c h i k k u n a p i
p ' u y ñ u y k i c h i k k u n a n k a
p h a l l c h a
a w k i y k u p a q
p a m p a n n a q
m a y l l a k u s u n c h i k
w i ñ a s q a n k u
y a y a y k u p i
ñ a w p a n m a n
p ' u y ñ u y k u m a n t a
ñ a q c h ' a y k u
y a y a n k u k u n a l l a
w a k c h a n k u n a r a y k u
a w k i y k i n n a q
a w k i y k u n a w a n
p ' u y ñ u y k i c h i k k u n a p a q
a w k i y k i c h i k l l a
p h a l l c h a y k i c h i k m a n
u y a r i s a q k u
p a m p a m a n t a
p h u t i y n i n c h i k k u n a
w a k c h a y k u k u n a m a n
p a m p a y k i k u n a m a n t a
i s p a p a k u s q a n
ñ a w p a y k i c h i k k u n a p i
y a y a y k u n a n k a
a w k i y k i n n a q
p h u t i y n i n k a m a
p ' u y ñ u n m a n
p ' u y ñ u n c h i k n i n t i n
p a m p a y r a y k u
p i s i y n i n c h i k t a
a w k i y k u n a l l a
y a y a y k i c h i k r a y k u
p h u t i y m a n
y a y a n c h i k r a y k u
y a y a y k u k u n a n t i n
a w k i l l a
p i s i y n i y k u n t i n
a m a ñ a q c h ' a c h u n c h u
p a m p a y k i c h i k k u n a p
u t u r u n k u n c h i k k u n a p
p a m p a n n i n n a q
p h u t i r q a n
p a m p a n k u k u n a p
s a y a y n i n k u k u n a w a n
p h a l l c h a n c h i k k u n a n k a
p i s i y n i y n i n n a q
a w k i k u n a p
p h u t i y n i n p u r a
q ' i p i n c h i k t a
a w k i n k u m a n
u t u r u n k u y k u p a q
u t u r u n k u n k u m a n t a
p h u t i y n i y k u k u n a w a n
a w k i y k i c h i k k u n a p
ñ a w p a y k i c h i k n i n n a q
a w k i n c h i k w a n
p i s i y n i y k u n a m a n t a
s a y a y n i y m a n
y a y a n k u k u n a t a
u t u r u n k u y k i c h i k h i n a
p i s i y m a n
ñ a w p a y k u h i n a
i s p a p a k u r q a n i k u
a w k i y k u n a k a m a
y a r q a s p a
q ' i p i k u n a p
u p y a y
s a y a y n i n k u m a n
p a m p a y k u n a w a n
u t u r u n k u y k i n k a
p i s i y n i y k u n n a q
p a m p a y k u m a n t a
p a m p a y k u k u n a r a y k u
y a y a y k u k u n a n k a
p h u t i y n i n c h i k p i
y a r q a y n i n k u n k a
a w k i y k i c h i k p u r a
q ' i p i n k u k u n a m a n
p h a l l c h a n k u k u n a p u r a
ñ a w p a n k u n a p u r a
a w k i y k i k u n a n n a q
w i ñ a y k u
p h a l l c h a y k i c h i k k u n a p i
p a m p a k u n a n k a
p i s i s q a n
c h ' a c h u r q a n i k u
w a k c h a y
p ' u y ñ u k u n a n n a q
y a y a y k u k u n a l l a
ñ a w p a n c h i k k u n a m a n
a w k i n t a
w i ñ a n a
a w k i n k u m a n t a
p i s i y n i n k u k u n a r a y k u
p ' u y ñ u y k i k u n a h i n a
p ' u y ñ u y k i k u n a n k a
w a k c h a y k u n a m a n t a
p h a l l c h a n m a n t a
ñ a q c h ' a n k u
y a r q a y n i n c h i k k u n a h i n a
y a y a n k u k u n a p i
p h u t i y n i y k i k u n a r a y k u
u t u r u n k u n n a q
p a m p a k u n a w a n
p ' u y ñ u n k u n a p
q ' i p i y k i k u n a
p ' u y ñ u y k i w a n
w a k c h a n c h i k r a y k u
a w k i n k u n a p
p h a l l c h a n c h i k k u n a m a n
p ' u y ñ u y k i c h i k h i n a
p h a l l c h a y k u k u n a k a m a
w a k c h a n k u p a q
w a k c h a k u n a n k a
y a r q a y n i n k u w a n
y a r q a y n i y k i c h i k k u n a n t i n
a w k i n k u n a p i
u p y a y c h i k
i s p a p a k u n q a
a w k i n c h i k k u n a h i n a
ñ a w p a n k u k u n a p a q
p i s i y n i n h i n a
q ' i p i y k i k u n a n n a q
q ' i p i y m a n t a
p i s i y n i n c h i k k a m a
p a m p a n k u k u n a l l a
y a y a y k u n a p i
w a k c h a k u n a w a n
p h a l l c h a n k u n a n k a
p i s i y n i n c h i k p a
w a k c h a y k u n a p u r a
p h u t i y h i n a
ñ a w p a n k u t a
c h ' a c h u n q a k u
m a y l l a k u c h u n
p a m p a n c h i k k u n a t a
c h ' a p h c h a r q a n i k u
y a r q a y n i n k u k a m a
y a y a n k u n a t a
p h a l l c h a y k u k u n a p a q
a w k i n h i n a
s a y a r q a n c h i k
a w k i n c h i k k u n a n k a
a w k i y k i c h i k k u n a r a y k u
s a y a y n i n m a n t a
p ' u y ñ u y k i h i n a
p a m p a n c h i k
y a y a y k i p a
p h u t i y k u n a t a
p ' u y ñ u y m a n t a
p a m p a y k u n a p a q
p h u t i y n i n k u k u n a p a q
y a r q a y n i n k u m a n
p a m p a y k i k u n a l l a
a w k i y k i p i
p a m p a k u n a p a q
y a y a n k u n a r a y k u
p ' u y ñ u y k u n a m a n t a
q ' i p i n c h i k k u n a n n a q
w a k c h a n m a n t a
w a k c h a k u n a n n a q
p ' u y ñ u y n i n k a
a w k i p
w a k c h a y m a n t a
y a y a y k i m a n t a
w i ñ a n q a
c h ' a p h c h a r q a n i
p h u t i y n i y k i c h i k k a m a
a w k i n h i n a
ñ a w p a n c h i k p a
a w k i n r a y k u
p h a l l c h a y k i k u n a w a n
ñ a w p a y k i c h i k k u n a p a q
c h ' a c h u s q a n c h i k
p h u t i y n i n c h i k l l a
p ' u y ñ u k u n a p i
ñ a w p a n k u n k a
p h a l l c h a n c h i k m a n t a
y a y a t a
a w k i n k u p u r a
y a y a n k u n a h i n a
p a m p a y k i c h i k p i
p h a l l c h a y k u n a k a m a
w a k c h a y k u k u n a r a y k u
q ' i p i n p i
q ' i p i k a m a
u t u r u n k u y k u k u n a h i n a
y a y a y k i c h i k k u n a p
ñ a w p a y k i c h i k p a q
y a r q a r q a n c h i k
q ' i p i n k u k u n a m a n t a
y a r q a y n i n k u n a p a q
w a k c h a y k u k u n a k a m a
u t u r u n k u y p i
p a m p a y k u r a y k u
ñ a q c h ' a n q a
p a m p a n n a q
y a y a n k u h i n a
u t u r u n k u y k i k u n a n t i n
y a r q a s u n c h i k
w a k c h a y k u n a p i
y a y a y k i c h i k
p i s i y n i y k i k u n a n k a
w a k c h a k u n a h i n a
a m a p i s i c h u n c h u
a w k i k u n a l l a
ñ a w p a n c h i k w a n
y a r q a y n i y
q ' i p i k u n a p a q
y a y a y p a
y a y a n c h i k k u n a h i n a
s a y a y n i y k i k u n a
u t u r u n k u n c h i k h i n a
ñ a w p a y k u n a p
p a m p a n c h i k k a m a
w a k c h a y k u n a p a q
s a y a s q a n k u
a w k i k u n a h i n a
y a y a y k i c h i k k u n a l l a
ñ a q c h ' a r q a n c h i k
w a k c h a n k u k u n a n k a
p h u t i y k u n a p a q
p a m p a n c h i k k u n a k a m a
p ' u y ñ u k u n a m a n t a
u n i r q a n k i
ñ a w p a y k u w a n
y a r q a y n i n c h i k m a n t a
a m a w i ñ a c h u n k u c h u
y a y a y k u w a n
p h u t i y n i n l l a
q ' i p i n h i n a
p a m p a y k u
y a y a n p u r a
p a m p a n k u n t i n
w a k c h a n k u l l a
q ' i p i n m a n
w a k c h a y m a n
u t u r u n k u n m a n t a
q ' i p i w a n
q ' i p i k u n a m a n t a
a w k i n k u k u n a k a m a
i s p a p a k u r q a n k i c h i k
ñ a w p a y h i n a
p a m p a y k i k u n a h i n a
c h ' a p h c h a r q a n c h i k
w a k c h a n k u n a
y a y a n n a q
y a y a y r a y k u
ñ a q c h ' a r q a n i
w a k c h a y k i k u n a n n a q
s a y a n c h i k
u t u r u n k u y n i n k a
p a m p a y h i n a
y a r q a y n i n k u n a h i n a
p h a l l c h a n c h i k l l a
q ' i p i y k a m a
s a y a y n i y k i c h i k p a q
p h u t i y k u n a p i
ñ a w p a y k i p a
y a y a m a n
ñ a w p a n k u m a n
q ' i p i y k u r a y k u
y a r q a y n i n c h i k k u n a p i
q ' i p i n k u w a n
p i s i y n i n i n k a
p a m p a y k u m a n
p ' u y ñ u n k u k u n a w a n
p h a l l c h a y k u n a r a y k u
p a m p a y k i
m a y l l a k u n k i
s a y a y n i y k i k u n a r a y k u
ñ a w p a k u n a l l a
p i s i n
y a y a p a q
y a y a y k u p a
q ' i p i y k i c h i k k u n a p a q
w a k c h a r a y k u
l l u l m i s q a n i
w a k c h a k u n a w a n
w a k c h a y k i l l a
w a k c h a t a
p h u t i y w a n
w a k c h a k u n a n t i n
w i ñ a s q a n i
p a m p a y k i c h i k k u n a n k a
y a r q a y n i n c h i k k u n a n t i n
y a r q a y n i y k i c h i k r a y k u
y a y a y n i n n a q
a m a p h u t i c h u n k u c h u
p h u t i y n i y k u k u n a l l a
p ' u y ñ u y k u n a k a m a
p a m p a y k i c h i k k u n a m a n t a
p h a l l c h a n i n k a
u t u r u n k u y k i k u n a p
p a m p a y k i k u n a t a
a w k i n k u n a n t i n
p h a l l c h a n c h i k k u n a l l a
ñ a w p a n k u m a n t a
a m a w i ñ a y c h i k c h u
s u p i s q a
ñ a q c h ' a r q a n
a w k i n k u t a
a w k i k u n a w a n
ñ a w p a y k u k u n a n t i n
y a r q a y n i y t a
a w k i y k i k u n a n t i n
ñ a w p a y k i c h i k k u n a h i n a
w a k c h a k u n a r a y k u
m a y l l a k u y k u
y a r q a y n i y p a q
ñ a w p a n k u k u n a n k a
p h u t i y n i n k u k u n a k a m a
a w k i k u n a n n a q
s u p i s q a n i
p a m p a k u n a n n a q
s a y a y n i n k u k u n a r a y k u
s a y a y k u n a p i
p a m p a y k i c h i k k u n a p u r a
p i s i y n i y k i c h i k w a n
a w k i y k u h i n a
p h a l l c h a y k i n n a q
a w k i y k i p u r a
p h u t i y n i y k u n n a q
p h a l l c h a y k u n a n t i n
y a y a y k i c h i k k u n a n k a
p a m p a k u n a p a q
q ' i p i y k i r a y k u
p h u t i y n i y k i c h i k
y a y a k u n a h i n a
q ' i p i n c h i k k u n a p
p i s i y n i n c h i k k u n a k a m a
p a m p a n k u k u n a k a m a
p i s i y p a q
a w k i y k u
ñ a w p a y m a n
y a y a y k i k u n a p
ñ a w p a y k i c h i k k u n a k a m a
w a k c h a k u n a k a m a
u t u r u n k u y k i p u r a
a w k i k u n a k a m a
u n i s q a n i k u
p a m p a n k u n a w a n
q ' i p i y k u n a p i
y a r q a y n i n p u r a
y a y a y k i k u n a h i n a
w a k c h a k u n a m a n t a
w a k c h a y k u k u n a w a n
ñ a w p a n k u n a m a n t a
a w k i y k i c h i k h i n a
ñ a w p a n k u r a y k u
p h u t i y n i n c h i k r a y k u
y a y a y k i c h i k k a m a
w a k c h a k a m a
y a r q a y k u n a w a n
w a k c h a y k i k a m a
q ' i p i n l l a
s a y a y n i n c h i k r a y k u
a w k i n c h i k h i n a
ñ a w p a y k i c h i k l l a
ñ a w p a n c h i k k u n a p u r a
a w k i y k i c h i k n i n k a
ñ a w p a y k u r a y k u
ñ a w p a y k i k u n a h i n a
ñ a w p a n c h i k k u n a w a n
p h u t i y n i n c h i k k u n a n t i n
q ' i p i n p a q
p i s i s q a n k i
y a y a y k u n a w a n
ñ a w p a k u n a k a m a
a w k i n c h i k n i n t i n
ñ a q c h ' a s u n c h i k
w a k c h a n k u n a m a n t a
p h a l l c h a n c h i k w a n
u t u r u n k u n k u l l a
p i s i s q a n k u
p i s i y n i n p u r a
p h u t i y k u n a m a n t a
s u p i s q a n k i
p h a l l c h a y k u k u n a m a n t a
y a y a n k u k u n a w a n
w a k c h a n k u n a p u r a
p a m p a n k u n a n n a q
ñ a w p a y k u n n a q
a w k i t a
p ' u y ñ u n k u n a w a n
i s p a p a k u s q a n k i c h i k
w a k c h a y k a m a
p a m p a n k u n a p i
p a m p a n k u n a n k a
p ' u y ñ u n k u k u n a n t i n
p h u t i y k u n a p
y a r q a y n i n k u n t i n
a w k i y k i c h i k l l a
m a y l l a k u n k u
c h ' a c h u n
q ' i p i y k i p a
p i s i y n i y p i
p a m p a n k u l l a
i s p a p a k u n a
p h u t i y n i n k u p i
y a y a n c h i k h i n a
ñ a w p a n t a
a w k i n k u m a n t a
w a k c h a y k i c h i k p u r a
y a y a n n i n n a q
w a k c h a n m a n
a w k i n c h i k k u n a l l a
y a y a y k i k u n a p u r a
a m a u p y a y c h u
a w k i y k i c h i k m a n t a
ñ a w p a y k u m a n
p ' u y ñ u n k u m a n t a
ñ a w p a n c h i k k u n a
u p y a n q a k u
p h a l l c h a t a
ñ a w p a n k u n n a q
s a y a y n i y k i c h i k k u n a t a
