k n i
h o t
h a d i
ö g w a y ë '
s n i
ë ö d e : g a t
y e
y ö d e : g a ' t a
o n ö h d ö : n i h
ë y ö a d a h s e d
ë ö d ë : g w a d
o n ö n d o : w i : h
ë n ö d ë : g w a d
o n ö d ë n o : d
o y ë '
o n ö k d a n i h
h o ' w a h s e d
y ö d ë n i n ö h
ë w ö d ë : g w a d
ë w ö d a ö d i y o s
s w a d e y ë s t a '
s a d e y ë s t a '
o n ö d e h g a g d ö h
ë y ö d e k ö : n i '
o n ö d a h s e d ö h
h n i ' e o d o : g w a s
h o ' t o ' s a ë y ë h
s a d ö s w e ' d a n i h
s n i h a ' d a : n ö h
h o ' d i y ö g w a d ë j o ö s
d ë y e g
d ë g e g
o t a : '
ë g y e h
d ë s e g
ë g e g ë '
o h s a : '
d ë h n i g
s w a y ë '
w a j ë : '
w a n e g e ä '
w a h s a k
ë n i ' h o t s i '
w a h s o h
w ö ' ö d a w ë '
w o n ö h j ö k
h a t a i n e '
w a ' e n o e t
ë ö h s e d
W a ë n ö h s o h
k n i g ë h
h o d i y ë '
k n o e ' s
g a ä ' t ë h
ë n i y e h
g o t a : '
o s h ä : s
g a
h o n ö h d ö : n i h
d ë g a t a : g
w a t g ë h
w a y a d o w ä : d
ë ö : y a k
h o d i y ë '
w ë n ö d o w ä : s
w a y a d e y ë : s
w a y a d a h s e d
w ö ' ö d o t g a '
ë ö j ë n ö : w ö ' s
ë d w a d e y ë : s
ë s w a d e y ë : s
s n i t a : '
y e y e n ö : s
o g a : y ë s
ë y e y e h
w o h s ä : t
w ë n ö d a : w ë h
s e s w a ë s
h ë n ö d a ö d ö : '
h o n ö d ë n o : d
ë s n o e t
ë w ö h s o h
h ë n ö d ë n i n ö h
ë o h s ä : t
s ä ' t ë h
w ë n ö d ë n i n ö h
w ö ' ö d a ö d ö : '
ë n ö h s o h
ë ö : t g ë h
w a ' ö d w ë : d e d
s n o e ' s
ë g a y e h
w a y a d e k ö : n i '
i : g y a ' s
y a h s o : s
w ë n ö d e : g a ' t a
y e a : w i '
h n y a d e y ë s t a '
d ë n ö t a : g
e s w a t i s
ö k n i y ë '
ë y o : d a '
g o d i y o : h
h n y a d o t g a ' w a s
d ë ö t a : g
ö g w a y e : h
w a : s h e : d
w ö ' ö d e h g a : g
o d i y e : h
h ë n ö d e : g a ' t a
s y e n ö : s
ë s w a t i s
w a d i g ë h
s ë n i : h ë h
h o d i t a : '
w a d a : w i h
w o : g a y ë h
ë g y a t i s
ë n i y a d ö :
w ë n ö d ë n o w a ’ h ö h
s w a n i n ö h
w a d a : w ë h
w o n ö k d ë '
ë o y ë : d a t
h o h s ë h s e h
d ë w ö t a : g
ë k n i n o e t
ë ö d i y e h
ë h n y a d o t g a '
e s w a y a d ö :
d ë y ö t a : g
w a ë n ö d a ö d ö : '
ë n i h s a : g
ë y a : t g ë h
w a g w a : '
s n o w a : e s
ë w ë n ö g ä : g o '
h ë n ö d ë : g w a d t a '
e d w a j ë : '
h o n ö d e k ö : n i : h
o d i y e : h
s n i n ö h
w a ë n ö d o : w i '
ë w ë n ö d o : t g a '
y a h s a ' k a '
w ë n ö d i : w a h s y ö : n i h
h o ' w a t i s
ë n i g w a : '
d w a g w a e '
j o n ö d i : w a h s y ö : n i : h
ë s n i y e h
d w ë n ö g ä g w a s
h o d i y o : h
w a ë n ö d w ë : d e d
s n i g w a e '
w a ' e y a d ö :
ë y e s w a ë h
o d o i s h ë '
w a n i y a d ö :
ë s w a : y a k
ë g a g w a : '
ë g a : t g ë h
e s n y a d a ö d i y o s
ë ö : w i '
ë d w a h s o h
w a a y e n ö : '
y ö d a : w i h
e s w a h s a k
w a ' j e
ë h n y a d a ö d i y o s
w a d a ö d ö : '
w a ë n ö t i s
h ë n ö t a i n e '
e d w a h s a k
y ë n i : h ë h
ë n ö s d a ë ’
ë d w a n i n ö '
ë h n y a t i s
d w a : w i '
a g a h s a : '
ë y o y ë ' h i k
s a k ö : n i : h
h o ' s n i n i n ö '
s a d ë n o : d
ë g a y e n ö : '
w ë n ö y a : s
ë w ë n ö d o w ä : t a '
e s n i : y a k
ë g a s d a ë ’
ë g a y a k a '
ë h s a h s o h
ë d w a h s a k
s n y a s h ä : s
w a ë n ö d e h g a : g
w a ' e : y a k
e s w a : t s ë n
w a j e : s a d
s a s d a : h a ’
h o d o i s h ë '
w a s d a : h a ’
ë g y a h s a k
w a ë n ö d ë ' n i k ö : '
ë w ë n ö d e k ö : n i '
n e d w a y e : '
w a y a h s o h
h o ' s e ' h o t s i '
ë n i y e n ö : '
w a d e h g a : g
g y ë n i : h ë h
w a : d ë : g w a d
ë ö d i n i n ö '
ë s w ë i : d a '
h a d i y ë ' h e s
s n i y ö : d i : h
ë s a s d a ë ’
ë s n y a : d ö '
s a h d ö : n i h
w a y a : t s ë n
h a ' h a : s d e '
ö g a h s ä : t
e s n y a j ë : '
g n i y ö t a '
e s w a : y a k
y a s h e : d a s
e s n y a t i s
w a ë n ö h s e h d a : n ö : '
ë k n i s w a ë h
ë y a d o : w i '
ë h n i ä ' t ë '
w a d i g w a : '
ë y o n ö h j ö k
h o ' g a h s o h
h a d i g w a e '
ë o y ö : d i '
w a d i n i n ö h
h o ' k n i g ë '
w a n i g w a : '
y ö t š o : w i h
w a y a : d ö '
ë y o n ö h d ö : '
h a n i h š o : d
ë w ë n ö d ë n o w a ’ h ö : ’
ë s w a s w a ë h
ë n i a : w i '
g o d ë n o : d
e h n y a h s e d
s w a d i y o : h
o n ö s h ä : s
s w ë d a ' ö h
ë h n i g w a : '
