ë y o n ö k d ë '
h o n o e : d ö h
g y a t g ë ö s
h n i h s a : s
s w a d ë n o : d
ë s a h s e d
s a h d ë : d i h
s a j ä : d ö h
n e s w a y e : '
ë d w a g w a : '
ë w ë n ö t s ë n
d e s a e : t a ’
o n ö t ä h g ö : n
w a d i ä ' t ë '
ë g a i h s a : g
n ë ö : j e : '
s ä n ë d a : s
d w a d a : w i h
w ë n ë n ö g ä g w a s
g a d e w a t a '
ë o n ö h s ä : t
ë k n i g w a : '
s n y a h s a : '
g a ä n ë d a : s
e d w a h s a w ë '
o n j ä : d ö h
h o ' w a t g ë h
g o t s ë h d ö h
ö g w a d ë n o : d
ë y o d i h s ë s
s w a j ä : d ö h
ë o d i y ë : d a t
ë h s e ' h o t s i '
ë s a d o t g a '
d ë y ö g w a e : d
h o ' w a h s a k
ë h s n i n ö '
ë d w a d i y o '
h n y a h s o : s
e h n i h s a : g
ë y ö : s h e : d
o d i k ö : n i : h
s w a t s ë h d ö h
g o n o e : d ö h
ë y a h s a w ë '
a g a h j ö ’ ö h
d e y ö w ë n y e h
ë ö s g a t g w ë h
s n y a t g ë ö s
h o n ö h s a : '
ë n i n ö ' n o s
e d w a s w a ë h
a g e i d a ' ö h
d ë y o n ö d ë j o : ö s
e h n y a y a k a '
s n i h s a : s
g ä n ë d a : s
e s w a n ö k d ë '
ë s w a d a w ë '
ë g y a s d a ë ’
n ë s n i y e : '
g a n e g e : h a '
ë d w a d a w ë '
ö k n i y ö : d i : h
d w a : w a e s
ë o n ö h d ö : '
g o n ö ' j o : d
w o d i y ë : d a t
n e s w a y e : ë h
e s n y a d a w ë '
h a d ë n i n ö h
s n i a : w i : '
ë y a d ë : g w a d
e h n y a d a w ë '
ë g a d e w a d ë '
ë d w a n e g e ä '
ë s w a g a y ë h
d ë : h d a : s
ë s w a h s a w ë '
w a y a t g ë h
ö g w a s h ä : s
h o ' g a d a w ë '
n e s n i y e : '
a g e g a ' h a s
ë y o g a ' h a '
w o d i y ë : d a t
ë w ö d o : w i '
w a d i y e n ö : s
d w a y ë n t w a s
w a ' e k ö n i '
w o y ë : d a t
s a t g a ë : y ö : ’
g a h s e d t a '
s a h s e d t a '
s a h s y ö n i h
w o d i y ë ' h i k
ë y a h s y ö : n i '
ë s w a y e n ö : '
ë y ö d ë n i n ö '
s ë n o e : d ö h
d e y e : s n y e '
h n y a d a : w i h
s n y a d o w ä : s
h o ' s n i h s a : g
s a t g a n y e : h
d ë g y a t a : g
w a y e : n ö : '
s n i a : w i '
d e y o n ö d ë : j o n i h
ö g e g a y ë h
e h n i k ö n i '
h o ' g a y a d ö :
h a d a ö d ö : '
ë y o d i y ë : d a t
w a d e y ë s t a '
ë k n i a : w i '
h o d i n ö ' j o : d
ë s n y a d i y o '
s n i y ö t a '
w o ' o n ö d ö s w e ' d ë '
ë h n i g a n y a k
h o t g a n y e : h
d ë s t a t
e s w a d o : w i '
s n y a t i s t a '
h o ' s a d e y ë : s
ë s n y a s d a ë ’
a g a j ä : d ö h
s i w a g w e : n y ö s
h o d i k ö : n i : h
h o ' j ë : h d a : d
e s n i y ë ' h i k
o ' s a h s y ö n i '
ë d w a y ë n t o '
ë y e ' h a s d ë h
e s a g a y ë h
h o ' s a d a h s e d
ë s n i y e n ö : '
ë ö y a ' d a : ë '
s w a : w i : '
s w a n i y ö t a '
ë g a d ë n o : d ë '
w ö ' ö t g ë h
d w a n i h š o : d
w o ' o n ö d ö s w e ' d ë '
e h n i y e n ö : '
ë d w a : s h e : d
d e o d ë : j o n i h
s a d a o d o : '
ë s n i y ö : d i '
ë s w a n ö ' n o s
s n y a j ä : d ö h
ë s ë : d a '
w ë n ö h s y ö n i h
e d w a y a k a '
e s w a i h s a : g
ë s w a y ë n t o '
w ö ' ö : s h e : d
e h n i n e g e ä '
ë g a t š o : w i '
o d e h g a g d ö h
e d w a d o : w i '
h o ' j e h g w a t
ë w ö d w ë : d e d
e d w a d e y ë : s
h o ' g a t g ë h
h a d i y e n ö : s
g a n e g o : s ä : s
h n i y ë n t w a s
d ë o ' s a ë y ë h
w o ' o y ë ' h i k
w a ë n ö s d a ë ’
d e n i s g a t g w ë s
ë s w ë n i h ë : '
k n i n o w a : e s
o ' g a h s a w ë '
d w a ä n ë d a : s
e s w a h g w a '
ë y o n ö ' k w ë h
a g y o ’ d e ’
ë y ö t g a ë : y ö : ’
e s n y a d i y o '
w o ' o g a y ë h
w ë n ë n i : h ë h
ë y e y e : n ö : '
ë w ö h d ë : d i '
ë o n ö t o w ä s
ë o d i y ë ' h i k
s a d a h s e d ö h
d ë w ö d i : d a t
ë s a y ö : d i '
h a y a ' d a : h a '
ë o n ö t o w ä s
d w a h d ë : d i h
ë s w a y ë ' h i k
ë ö d i g a n y a k
ë y a j o ’ d a : d
e s n i n o w a : e ’
w a ö ' e : s h a '
ë w ö d a ö d ö : '
o d i g a ' h a s
ë y e g e o d ö : '
ë g a d o w ä : t a '
ö g w a y ö : d i : h
d e s a ' s a ë y ë s
ë g a j o ’ d a : d
ë k n e g o : s ä h
h o ' g y a h s e d
ë s w a d o t g a '
n o ' w a j e : '
h o ' g y e n ö : '
ë y a d ë n o : d ë '
ë n i y ë n t o '
ë y ë n o e : t a '
ë y ( ö ) t g a n y e : '
ë g e t a : ë '
d w a s d a : h a ’
d e y ö k n i e : t a ’
h ë n ö d a : w i h
w ë n ö h d ë : d i h
ö g y a d ë n o : d
ë y a g o y ë ' h i k
s a d e : g a ' t a
s n y ë n o e : d ö h
h o ' s a d i y o '
d e s e : s n y e '
ë s y a ' d a : ë '
h o d i y ö : d i : h
e s w ë n ö ' g e ä d
ë ö y a ' j e : n ë t
k n i ' h a : s d e '
d ë y ë h s o w e : g
w ö ' ö t š o : w i '
ë n i n e g o : s ä h
w a ' a g o h d ö : '
h o ' j o n ö d ë : j o ö s
h o ' t o n ö d ë : j o ö s
T a i : w a e s
n e s a j e : ë h
o d i h s ë h s e h
s w a s g a n e : s
ë s a d ë n o : d ë '
h o d i h s ë h s e h
h o ' g a y e n ö : '
ë g a d a ö d i y o s
e s n y a d o w ä : d
ë n ö t g a n y e : '
ë n i g e o d ö : '
d e g a : s n y e '
ë w ë n ö : s h e : d
h o ' d i s n i : d a t
ë d w a ' h a s d ë h
e s n y ë n i h ë : '
h ë n ö s h e : d a s
e s w a j ä : d a k
ë ö d i n i y ö d ë '
d ë n i : s n y e : '
d e g e h g w a '
h o ' w ë n ö j ë : '
w a d i n e g e ä '
d e o d i e : t a ’
s n y a t s ë h d ö h
s n y a s h e : d a s
ë s a h d ë : d i '
ë y o d i g a ' h a '
ë g y a d a ö d ö : '
g e n i h š o : d
ë s w a d ë n i n ö '
y e n i h š o : d
s e j i s d o t a '
h o ' g y a : d ö '
ë k n ö ' j o : d ë '
d ë y o d ë j o : ö s
h o ' t g a t
h o ' s a t š o : w i '
w o d i h s ë s
ö g y a s h ä : s
h o n d i g a : y ë s
d w a d w ë d e t a '
w a n i y ë n t o '
ë s ë n i h ë : '
w a y a t g a ë : y ö : ’
e d w a d ë n y e : d
ë s n y a d e : g a t
ë k n i n o w a : e ’
h o ' g e k ö n i '
s w a d e k ö : n i : h
h o ' w a s d a ë ’
ë d w ë h s o w e : g
s ë d e t g ä d e '
e s w a t o w ä s
n e y ö k n i y e : ë h
ë y ö g y a h j ö k
ë s w a t o w ä s
g o ’ n y ö d a : t
d ë s w ë : h d a : d
ë d w a y e : n ö : '
ë o d i g a ' h a '
w a ' e y ë n t o '
d e s n i s g a t g w ë s
h o ' s n e g o : s ä h
w a ë n ö h d ë : d i '
g ë n ö h d ö n y ö h
d w a j e : s a t a ´
ë y a g o n ö k d ë '
ë s w a d e w a d ë '
ë h n y ë n i h ë : '
e s w a ' h a s d ë h
e d w a ä n ë d a : g
d ë n ë h s o w e : s
ö k n i h s ë h s e h
e h n y a : s h e : d
ë y ö t g w e : n i ’
ë s a t g a n y e : '
h o ' g e g a n y a k
w a y a d a ö d ö : '
e d w a ' e o d o : g o ’
k n i j o ' y a : s
w o n d i n ö k d ë '
e s w a d ë n o : d ë '
s n y a d e w a t a '
o y a ' j e : n ë ' ö h
n ë h n y a : j e : '
ë w ë n ö h d ö : n y ö : '
y a t g w e : n y ö s
ë y ë n ö g ä : g o '
w a y a d ë n i n ö '
h i y a ' d a : h a '
e s w a n ö ' k w ë h
k n i y ë n t w a s
e s n y a t o w ä s
ë ’ n i g o : s y ö : ’
s n y a d o : w i : h
h o ' g e y ë ' h e t
h n y a t š o : w i h
ë s n i y ë n t o '
d ë g a : s n y e : '
g a n ö ' n o s t a '
d ë w ö w ë n y e : '
w a d i n o w a : e s
e d w a n i y ö d ë '
ö g w a n ö k d a n i h
e d w a d e h g a : g
h o ' k n i y e n ö : '
g a g a : n y a ' s
w a n i ' e o d o : g o ’
ë d w a t a ' d ö : '
ë s n i i : w a e g
w a y a t g a n y e : '
e d w a t š o : w i '
ë w ö a j o ’ d a : d
ë w ö d o w ä : t a '
ë h n i ' h a s d ë h
h o ' w a d o : w i '
w a ' e ' h a s d ë h
d ë s w a d ë j o : ö s
e d w a t g a ë : y ö : ’
ë d w ë n o e : t a '
h o n ö t g a n y e : h
ë g y a ' j e : n ë t
w a d i d a : j e ' s
k n i i w a g w e : n y ö s
d e a d i h g w a '
ë o d i g a : y ë h
h o ' d i h n i : d a t
h ë n j o ' y a : s
w a a n ö ' j o : d ë '
e s n y ë n o e : t a '
d e o d i ' s a ë y ë s
s n y a d e : g a ' t a
e s w a n i y ö d ë '
n ö ' k n i y e : '
e h n y a d ë n i n ö '
ë k n i g e o d ö : '
ë s n y a d a ö d ö : '
w a d i n e g e : h a '
w a ' a g o t o w ä s
d w a y a d ö : n y ö h
s a d ë n y e : t a '
e s n y a h s y ö n i '
e s w a t g ë h j i s
g a y ë t w a : g w a s
e s w a t a ' d ö : '
ë d w a d ë n y e : d
h o ' g y a ' d a : ë '
d e s o n y a h s ö s
h o ' s a j ä : d a k
w a j a ' d a : w i t
y ö j a ' d a : w i t a '
d e y o d i e : t a ’
d e o d i ' s a ë y ë h
d ë k n i : s n y e : '
e s n y a h d ë : d i '
w a ë n ö t g w e : n i ’
ö g w a n ö ' j o : d
ë s w a t g a n y e : '
s a y ë ' h i s e h
ë h n y a d a ö d ö : '
ë h n y a t a ' d ö : '
ë w ë n ö s g a n e : g
ë y ö g w a y ë : d a t
ë ö h a ' d a : n ö : '
w a y a ' j e : n ë t
d e d w a : s n y e '
ë w ë n ö j ä : d a k
s a g a h s y ö : n i '
w a d i n i y ö d ë '
ë ö j i s d o : d ë '
w a ë n ë n o e : t a '
d w a j i s d o t a '
d e s w a w ë n y e h
s w a g e o d ö : n y ö h
ë y a d ë ' n i k ö : '
ë y ö g w a n ö k d ë '
e s w a y a ' d a : ë '
h o ' k n i n ö ' n o s
h a d i j i s d o t a '
ë k n i y a ' d a : ë '
h o ' s a d a ö d i y o s
w a ë n ë n ö ' g e ä d
h o ' g y e : n ö : '
h o t i s g a t g w ë h
w ö ' ö a d ë n y e : d
d ë h n i : s n y e : '
e s n i s g a t g w ë h
ë w ö d i ä n ë d a : g
e s w a d o i s h ë : '
e s n y a d ë : g w a d
h o ' s e g e o d ë : '
h o ' s ë n o e : t a '
h o ' g a h d ë : d i '
o n ë ’ n y ö d a : t
d e y a w ë n y e h
ë h n i j i o d a g o '
y a d ë n o w a ’ h ö h
e s w a t g a ë : y ö : ’
d ë h n y ë : h d a : d
ë d w a d o w ä : t a '
e h n y ë n ö ' g e ä d
ë s e t a : ë '
e s w ë d e t g ä d ë h
ö k n i g ö h ë h
w a d i g e o d ö : n y ö h
h o ' w ë n ö s d a ë ’
ë ö d i ' e o d o : g o ’
g e h a ' d a : n ö h
h o ' g a t š o : w i '
h o n ö ' g e ä : d ö h
h o ' s a s g a n e : g
d ë d w a : s n y e : '
ë w ö t ä g ö : d ë '
ë n i y a ' j e : n ë t
h o ' g ë n o e : t a '
s w ë n j o ' y a : s
s h a h s y ö : n i '
d e y a g o ' s a ë y ë s
h o ' g ë n ö ' g e ä d
h o ' s n i y ö d ë '
e s n i j i o d a g o '
h o ' g a g e o d ë : '
h o ' s i w a g w e : n i '
s w a t o w ä s t a '
e s n y a j o ’ d a : d
ë g a j a ' d a : w i t
ë ö d i ' h a s d ë h
h o ' w a d i ä ' t ë '
e h n y a d ë n y e : d
o ' s a d e h g a : g
ë ö d i y a ' d a : ë '
h a g e o ' j i : y a ' s
w ö ' ö g y a h j ö k
h o ' s a d e w a d ë '
o ' w a d ë n o : d ë '
d ë w ë n ö w ë n y e : '
ë s w a d ë n o : d ë '
ë w ö d i g a n y a k
s n i n ö ' n o s t a '
h n i y a ' d a : h a '
ë d w a d e k ö : n i '
g a ' e o d o : g w a s
ë s e g e o d ö : '
ë w ö d i g e o d ö : '
ë g a ' e o d o : g o ’
ë d w ë ’ n y ö d a : t
ë g y ë n ö ' g e ä d
ë n i j o ' y a : k a '
w ö ' ö a j o ’ d a : d
ë y ö g w a y ë ' h i k
o ' s a h s a w ë '
h o ' k n i ä n ë d a : g
g y a d ë n y e : t a '
s n y a t o w ä s t a '
w o ' o n ö t o w ä s
h a h s e h d a : n ö h
ö g ë d e t g ä d ë h
h o ' w a d i ä n ë d a : g
d w a j a ' d a : w i t a '
d w a d ë n y e : t a '
h o ' g a t a ' d ö : '
s a y ö d a h t e : w a d
d e y a g o n y a h s ö s
h o ' g y a d ë n y e : d
w o ' o n ö t o w ä s
d ë s n y ë h s o w e : g
ë w a g a t o w ä s
ë y ö k n i g a ' h a '
h o ' t o d ë : j o ö s
h o ' g y ë t w a : g o '
ë w ö d ë n o : d ë '
w o ' ö g w a h d ö : '
ë h n y a d o w ä : t a '
ë y ö j a ' d a : w i t
s w a h a ' d a : n ö h
a k n ö ' k w ë ' ö h
h o ' s a j o ’ d a : d
h o ' w a t g a n y e : '
h o ' g ä n ë d a : g
ë w ö d i n o w a : e ’
ë g e ' e o d o : g o ’
y e y ë n ö w ö ' k ö '
s a j a ' d a : w i t a '
ë s n y a d ë n o : d ë '
ë g a h a ' d a : n ö : '
ë h s n ö ' j o : d ë '
d ë d w o n y a h s i '
h o n d i n ö k d a n i h
h o n d i n ö k d a n i h
d ë n i s g a t g w ë h
e h n y a t g a n y e : '
ë y o n d i g a : y ë h
d ë h n o n y a h s i '
ë g ë n ö h d ö : n y ö : '
d ë g y a t g ë h j i s
h ë n ë n ö g ä g w a s
h o ' w a d i y ë ' h e t
ë ö d i n ö ' j o : d ë '
s a h s e h d a : n ö h
ë k n i y a ' j e : n ë t
ë n i g e o ' j i : y a k
ë n ë ’ n i g o : s y ö : ’
d ë w ö g a d ë j o : ö s
w o ' o ' n i g ö h ë h
ë ö d i w a g w e : n i '
ö g w ë d e t g ä d e '
ë s n y a t g w e : n i ’
ë y ö k n i n ö ' k w ë h
ë d w a t ä h g ö : d ë '
h o ' g e ' e o d o : g o ’
ë h n y a t g a n y e : '
w a y a t g w e : n i ’
d e s w a ' s a ë y ë s
ë y o n d i n ö ' k w ë h
h o ' g a s g a t g w ë h
d e s n y ë h s o w e : s
s a d ë ' n i k ö n y ö h
h o ' k n i n o w a : e ’
w a ' e y a ' j e : n ë t
h o ' s e j i o d a g o '
d e s w a d ë j o n i h
e s n y ë ’ n y ö d a : t
e s w a y a ' j e : n ë t
s n i j i s d o t a '
h n i j i s d o t a '
s a k n i h s y ö : n i '
d w a ' e o d o : g w a s
e s n y a t g a ë : y ö : ’
ë g i j o ' y a : k a '
h o ' j a g o a d ë : j o ö s
ë w ë n ö t g a ë : y ö : ’
d e y a g w o n y a h s ö s
e d w a y a ' j e : n ë t
ë y ë ’ n i g o : s y ö : ’
s n y ë n ö ' g e ä : d ö h
h o ' t s y a w ë n y e : '
h o n ö t o w ä s t a '
w a y ë ’ n y ö d a : t
ë s w a d ë ' n i k ö : '
n e o d i y e : ë h
e s w a j a ' d a : w i t
w a d i n ö ' n o s t a '
s n i j i o d a : g w a s
ë w ö d i ' h a s d ë h
h o ' d w a d i h g w a t
ë y ë ’ n i g o : s y ö : ’
ë w ö g ö ' e : s h a '
d ë y a g o d ë : j o ö s
h o ' t s o n y a h s i '
h o ' s a j a ' d a : w i t
ë s a ' n i g ö : h ë h
h o ' k n i ' e o d o : g o ’
o ' w ë n ö h s a w ë '
o n d i n ö ' k w ë ' ö h
d e s a d ë n ö : n y o h
g a g e o ' j i : y a ' s
y a d i : w a h s y ö : n i h
w a y ë n ö h d ö : n y ö : '
ë s w ë j o ' y a : k a '
w o ' o n d i n ö k d ë '
d e y ö g w a ' s a ë y ë s
w a d i ' e o d o : g o ’
o ' g y a d ë n o : d ë '
s e d w a h s y ö : n i '
s n i y a ' j e : n ë ' ö h
h o ' g y a h d ë : d i '
g y a d ë n o w a ’ h ö h
h o ' g a j i o d a g o '
ë g e j i s d o : d ë '
h o ' g a d o i s h ë : '
ö k n y ö ' e : s h a s
s w a j ë n ö : w ö ' s e h
h a d i j i o d a : g w a s
ë s w ë ’ n i g o : s y ö : ’
w a d i h a ' d a : n ö : '
s n i y ë t w a : g w a s
h o ' w ë n ë n i h ë : '
h n i h a ' d a : n ö h
h o ' k n i s g a t g w ë h
ë n ö h s e h d a : n ö : '
ë d w a g e o ' j i : y a k
h o ' w ë n ë n ö g ä : g o '
ë h n y a d ë ' n i k ö : '
ë j i d w a d a h t e : w a d
ë w ë n ö t g ë h j i s
ë s n i w a g w e : n i '
h o ' w a d i n o w a : e ’
d w a t g ë h j i s t a '
w ö ' ö k n i n ö ' k w ë h
ë s n i j i s d o : d ë '
ö k n ö ' k w ë h
e s w a g e o ' j i : y a k
o d i y a ' j e : n ë ' ö h
ë d w ë n ö h d ö : n y ö : '
w a d i ' e o d o : g w a s
w ë n ö t g ë h j i : s t a '
o ' s a d ë n o : d ë '
h o ' s a j ë n ö : w ö ' s
o ' j o d i ' s a ë y ë h
h o ' w ë n ë n o e : t a '
h o ' g y a d o i s h ë : '
h o ' g y a t š o : w i '
ö g w a d a ö d i y o s d ö h
h o ' w a d i j i s d o : d ë '
ö g w a y a ' j e : n ë ' ö h
d ë n ö d ë n ö : n y o h
h o ' w a d i j i o d a g o '
e s n i j i s d o : d ë '
h o ' g e g e o ' j i : y a k
ë y a g o ' n i g ö h ë h
h o ' w a d j n i y ö d ë '
o ' w ë n ö t a ' d ö : '
ë y o n ö d e t g ä d ë h
g e j i o d a : g w a s
d w a d i i : w a e s
s w a d a t e : w a t a '
h o ' t g a : s n y e : '
d ë o n ö d ë j o : ö s
ë j i s w a a h s y ö : n i '
h o ' g ë ’ n i g o : s y ö : ’
d a s a d e ' h a : s d ö : '
h a d i g e o ' j i : y a ' s
ë w ë n ë ’ n i g o : s y ö : ’
h ë n ö j a ' d a : w i t a '
s e s w a d a h t e : w a d
d ë s w a d ë n ö : n y o : '
s n i g e o ' j i : y a ' s
h n i g e o ' j i : y a ' s
h o ' d i d w a w ë n y e : '
s n ë ’ n i g o : s y ö ’
ö k n y a d ö s w e ' d a n i h
d ë o n ö d ë j o : ö s
h o ' s ë ’ n i g o : s y ö : ’
o ' w ë n ö t g a n y e : '
d e o n ë n i s o h d a : e
t s a d a t e : w a t a '
e s w a d ë n o w a ’ h ö : ’
h ë n ö j ë n ö : w ö ' s e h
ë s g i : w a h s y ö : n i ‘
ë s w a d ë n o w a ’ h ö : ’
w ö ' ö g y a t o w ä s
ë s w ö d a h t e : w a d
h o ' t ë n o n y a h s i '
ë y ö k n y ö ' e : s h a '
h o ' d i s w a w ë n y e : '
s e s n y a d a h t e : w a d
d a d e ' h a : s d ö : '
j ö g w a d e ' h a : s d ö '
d i s w a d e ' h a : s d ö '
d ë s w ë n i s o h d a ' e : g
s e h n y a d a h t e : w a d
s a n i : w a h s y ö : n i ‘
d ë y ö g y a d ë j o : ö s
d e y ö g y a d ë j o n i h
h o ' w ë n ö t ä h g ö : d ë '
ö k y n ë d e t g ä d e '
h o ' w a d i y a ' j e : n ë t
d ë y ö k n y a d ë : j o ö s
h o ' g ë n ö h d ö : n y ö : '
h o ' j ö g w a d ë : j o ö s
h o ' t ë n ö d ë n ö : n y o : '
s a s i : w a h s y ö : n i ‘
s e d w a i : w a h s y ö : n i ‘
h o ' s y o n y a h s i '
j i d w a d a t e : w a t a '
h o ' w a d ë n o w a ’ h ö : ’
d e y ö k n y a d ë : j o n i h
d e s n y a d e ' h a : s d ö : '
n ö ' w ë n ö j e : '
w ë n ö j a ' d a : w i t a '
s h a d i : w a h s y ö : n i h
d w a d i : w a h s y ö : n i h
h o ' g y ë ’ n i g o : s y ö : ’
h o ' d i s w a d ë n ö : n y o : '
y ö d i : w a h s y ö : n i h
h o ' d i d w ë h s o w e : g
w ö ' ö k n y ö ' e : s h a '
h o ' g y ë n ö h d ö : n y ö : '
h o ' d i d w a : s n y e : '
h n i w a g w e : n y ö s
h o ' k n i y a ' j e : n ë t
h o ' d i s w o n y a h s i '
s a s a d a h t e : w a d
s a w a d i : w a h s y ö : n i ‘
ë d w ö d i : w a e g
h o ' w ë n ë ’ n i g o : s y ö : ’
h o ' g a d ë n o w a ’ h ö : ’
h o ' d i d w a d ë n ö : n y o : '
s a k n i : w a h s y ö : n i ‘
h o ' d i h n i : s n y e : '
ö k n i y ë ' h i s h e
ë t s a d a h t e : w a d
h o ' w ë n ë n ö h d ö : n y ö : '
ë d i s n y a d e ' h a : s d ö : '
h o ' w ë n ö h s e h d a : n ö : '
ë d i d w a d e ' h a : s d ö : '
s w a d i : w a h s y ö : n i h
ë j i s w a d i : w a h s y ö : n i '
s e h n i : w a h s y ö : n i ‘
h o ' s ë n i s o h d a ' e : g
h o ' t ë n ë n i s o h d a : ' e : g
ë d i h n y a d e ' h a : s d ö : '
h o ' k n i d a t
h o ' t g a d ë n ö : n y o : '
d a ë n ö d e ' h a : s d ö : '
y e d a : j e ' s
j ö k n y a d i : w a h s y ö : n i : h
w a ' ö ' e : s h a '
d e y a g o d ë j o n i h
h o ' w ë n ö j ë n ö : w ö ' s
h o ' d i s n y a d ë n ö : n y o : '
t a d i : w a e s
