s a y ö d a h t e : w a d
h o ' g a t a ' d ö : '
d w a d ë n y e : t a '
d w a j a ' d a : w i t a '
h o ' w a d i ä n ë d a : g
ö g ë d e t g ä d ë h
h a h s e h d a : n ö h
w o ' o n ö t o w ä s
s n y a t o w ä s t a '
g y a d ë n y e : t a '
h o ' k n i ä n ë d a : g
o ' s a h s a w ë '
ë y ö g w a y ë ' h i k
w ö ' ö a j o ’ d a : d
ë n i j o ' y a : k a '
ë g y ë n ö ' g e ä d
ë d w ë ’ n y ö d a : t
ë g a ' e o d o : g o ’
ë w ö d i g e o d ö : '
ë s e g e o d ö : '
g a ' e o d o : g w a s
ë d w a d e k ö : n i '
h n i y a ' d a : h a '
s n i n ö ' n o s t a '
ë w ö d i g a n y a k
ë s w a d ë n o : d ë '
d ë w ë n ö w ë n y e : '
o ' w a d ë n o : d ë '
h o ' s a d e w a d ë '
w ö ' ö g y a h j ö k
h a g e o ' j i : y a ' s
ë ö d i y a ' d a : ë '
o ' s a d e h g a : g
e h n y a d ë n y e : d
h o ' w a d i ä ' t ë '
ë ö d i ' h a s d ë h
ë g a j a ' d a : w i t
e s n y a j o ’ d a : d
s w a t o w ä s t a '
h o ' s i w a g w e : n i '
h o ' g a g e o d ë : '
e s n i j i o d a g o '
h o ' s n i y ö d ë '
h o ' g ë n ö ' g e ä d
d e y a g o ' s a ë y ë s
s h a h s y ö : n i '
s w ë n j o ' y a : s
h o ' g ë n o e : t a '
ë n i y a ' j e : n ë t
ë w ö t ä g ö : d ë '
d ë d w a : s n y e : '
h o ' s a s g a n e : g
h o n ö ' g e ä : d ö h
h o ' g a t š o : w i '
g e h a ' d a : n ö h
ë ö d i ' e o d o : g o ’
h o ' w ë n ö s d a ë ’
w a d i g e o d ö : n y ö h
ö k n i g ö h ë h
e s w ë d e t g ä d ë h
ë s e t a : ë '
e h n y ë n ö ' g e ä d
ë d w a d o w ä : t a '
d ë h n y ë : h d a : d
e s w a t g a ë : y ö : ’
y a d ë n o w a ’ h ö h
ë h n i j i o d a g o '
d e y a w ë n y e h
o n ë ’ n y ö d a : t
h o ' g a h d ë : d i '
h o ' s ë n o e : t a '
h o ' s e g e o d ë : '
e s n y a d ë : g w a d
e s w a d o i s h ë : '
ë w ö d i ä n ë d a : g
e s n i s g a t g w ë h
d ë h n i : s n y e : '
w ö ' ö a d ë n y e : d
h o t i s g a t g w ë h
h o ' g y e : n ö : '
w a ë n ë n ö ' g e ä d
h o ' s a d a ö d i y o s
ë k n i y a ' d a : ë '
h a d i j i s d o t a '
h o ' k n i n ö ' n o s
e s w a y a ' d a : ë '
ë y ö g w a n ö k d ë '
ë y a d ë ' n i k ö : '
s w a g e o d ö : n y ö h
d e s w a w ë n y e h
d w a j i s d o t a '
w a ë n ë n o e : t a '
ë ö j i s d o : d ë '
w a d i n i y ö d ë '
s a g a h s y ö : n i '
ë w ë n ö j ä : d a k
d e d w a : s n y e '
w a y a ' j e : n ë t
ë ö h a ' d a : n ö : '
ë y ö g w a y ë : d a t
ë w ë n ö s g a n e : g
ë h n y a t a ' d ö : '
ë h n y a d a ö d ö : '
s a y ë ' h i s e h
ë s w a t g a n y e : '
ö g w a n ö ' j o : d
w a ë n ö t g w e : n i ’
e s n y a h d ë : d i '
d ë k n i : s n y e : '
d e o d i ' s a ë y ë h
d e y o d i e : t a ’
y ö j a ' d a : w i t a '
w a j a ' d a : w i t
h o ' s a j ä : d a k
d e s o n y a h s ö s
h o ' g y a ' d a : ë '
ë d w a d ë n y e : d
e s w a t a ' d ö : '
g a y ë t w a : g w a s
e s w a t g ë h j i s
e s n y a h s y ö n i '
s a d ë n y e : t a '
d w a y a d ö : n y ö h
w a ' a g o t o w ä s
w a d i n e g e : h a '
ë s n y a d a ö d ö : '
ë k n i g e o d ö : '
e h n y a d ë n i n ö '
n ö ' k n i y e : '
e s w a n i y ö d ë '
s n y a d e : g a ' t a
d e o d i ' s a ë y ë s
e s n y ë n o e : t a '
w a a n ö ' j o : d ë '
h ë n j o ' y a : s
h o ' d i h n i : d a t
ë o d i g a : y ë h
d e a d i h g w a '
k n i i w a g w e : n y ö s
w a d i d a : j e ' s
ë g y a ' j e : n ë t
h o n ö t g a n y e : h
ë d w ë n o e : t a '
e d w a t g a ë : y ö : ’
d ë s w a d ë j o : ö s
w a ' e ' h a s d ë h
h o ' w a d o : w i '
ë h n i ' h a s d ë h
ë w ö d o w ä : t a '
ë w ö a j o ’ d a : d
e d w a t š o : w i '
w a y a t g a n y e : '
ë s n i i : w a e g
ë d w a t a ' d ö : '
w a n i ' e o d o : g o ’
g a g a : n y a ' s
h o ' k n i y e n ö : '
e d w a d e h g a : g
ö g w a n ö k d a n i h
e d w a n i y ö d ë '
w a d i n o w a : e s
d ë w ö w ë n y e : '
g a n ö ' n o s t a '
d ë g a : s n y e : '
ë s n i y ë n t o '
h n y a t š o : w i h
h o ' g e y ë ' h e t
s n y a d o : w i : h
ë ’ n i g o : s y ö : ’
e s n y a t o w ä s
k n i y ë n t w a s
e s w a n ö ' k w ë h
h i y a ' d a : h a '
w a y a d ë n i n ö '
ë y ë n ö g ä : g o '
y a t g w e : n y ö s
ë w ë n ö h d ö : n y ö : '
n ë h n y a : j e : '
o y a ' j e : n ë ' ö h
s n y a d e w a t a '
e s w a d ë n o : d ë '
w o n d i n ö k d ë '
k n i j o ' y a : s
e d w a ' e o d o : g o ’
w a y a d a ö d ö : '
h o ' g e g a n y a k
ë s a t g a n y e : '
ë y ö t g w e : n i ’
e h n y a : s h e : d
ö k n i h s ë h s e h
d ë n ë h s o w e : s
e d w a ä n ë d a : g
e s w a ' h a s d ë h
ë h n y ë n i h ë : '
ë s w a d e w a d ë '
ë y a g o n ö k d ë '
d w a j e : s a t a ´
g ë n ö h d ö n y ö h
w a ë n ö h d ë : d i '
h o ' s n e g o : s ä h
d e s n i s g a t g w ë s
w a ' e y ë n t o '
ë o d i g a ' h a '
ë d w a y e : n ö : '
d ë s w ë : h d a : d
g o ’ n y ö d a : t
ë s w a t o w ä s
ë y ö g y a h j ö k
n e y ö k n i y e : ë h
e s w a t o w ä s
s ë d e t g ä d e '
ë d w ë h s o w e : g
h o ' w a s d a ë ’
s w a d e k ö : n i : h
h o ' g e k ö n i '
ë k n i n o w a : e ’
ë s n y a d e : g a t
e d w a d ë n y e : d
w a y a t g a ë : y ö : ’
ë s ë n i h ë : '
w a n i y ë n t o '
d w a d w ë d e t a '
h o n d i g a : y ë s
ö g y a s h ä : s
w o d i h s ë s
h o ' s a t š o : w i '
h o ' t g a t
d ë y o d ë j o : ö s
ë k n ö ' j o : d ë '
h o ' g y a : d ö '
s e j i s d o t a '
y e n i h š o : d
ë s w a d ë n i n ö '
g e n i h š o : d
ë g y a d a ö d ö : '
ë y o d i g a ' h a '
ë s a h d ë : d i '
s n y a s h e : d a s
s n y a t s ë h d ö h
d e o d i e : t a ’
w a d i n e g e ä '
h o ' w ë n ö j ë : '
d e g e h g w a '
d ë n i : s n y e : '
ë ö d i n i y ö d ë '
e s w a j ä : d a k
h ë n ö s h e : d a s
e s n y ë n i h ë : '
ë d w a ' h a s d ë h
h o ' d i s n i : d a t
ë w ë n ö : s h e : d
d e g a : s n y e '
ë n i g e o d ö : '
ë n ö t g a n y e : '
e s n y a d o w ä : d
ë g a d a ö d i y o s
h o ' g a y e n ö : '
h o d i h s ë h s e h
ë s a d ë n o : d ë '
s w a s g a n e : s
o d i h s ë h s e h
n e s a j e : ë h
T a i : w a e s
h o ' t o n ö d ë : j o ö s
h o ' j o n ö d ë : j o ö s
w a ' a g o h d ö : '
ë n i n e g o : s ä h
w ö ' ö t š o : w i '
d ë y ë h s o w e : g
k n i ' h a : s d e '
ë ö y a ' j e : n ë t
e s w ë n ö ' g e ä d
h o d i y ö : d i : h
ë s y a ' d a : ë '
d e s e : s n y e '
h o ' s a d i y o '
s n y ë n o e : d ö h
s a d e : g a ' t a
ë y a g o y ë ' h i k
ö g y a d ë n o : d
w ë n ö h d ë : d i h
h ë n ö d a : w i h
d e y ö k n i e : t a ’
d w a s d a : h a ’
ë g e t a : ë '
ë y ( ö ) t g a n y e : '
ë y ë n o e : t a '
ë n i y ë n t o '
ë y a d ë n o : d ë '
h o ' g y e n ö : '
n o ' w a j e : '
ë s w a d o t g a '
h o ' g y a h s e d
ë k n e g o : s ä h
ë g a j o ’ d a : d
d e s a ' s a ë y ë s
ö g w a y ö : d i : h
ë g a d o w ä : t a '
ë y e g e o d ö : '
o d i g a ' h a s
ë w ö d a ö d ö : '
w a ö ' e : s h a '
e s n i n o w a : e ’
ë y a j o ’ d a : d
ë ö d i g a n y a k
ë s w a y ë ' h i k
d w a h d ë : d i h
ë o n ö t o w ä s
h a y a ' d a : h a '
ë s a y ö : d i '
d ë w ö d i : d a t
s a d a h s e d ö h
ë o d i y ë ' h i k
ë o n ö t o w ä s
ë w ö h d ë : d i '
ë y e y e : n ö : '
w ë n ë n i : h ë h
w o ' o g a y ë h
e s n y a d i y o '
ë y ö t g a ë : y ö : ’
a g y o ’ d e ’
ë y o n ö ' k w ë h
e s w a h g w a '
d w a ä n ë d a : s
o ' g a h s a w ë '
k n i n o w a : e s
ë s w ë n i h ë : '
d e n i s g a t g w ë s
w a ë n ö s d a ë ’
w o ' o y ë ' h i k
d ë o ' s a ë y ë h
h n i y ë n t w a s
g a n e g o : s ä : s
h a d i y e n ö : s
h o ' g a t g ë h
e d w a d e y ë : s
ë w ö d w ë : d e d
h o ' j e h g w a t
e d w a d o : w i '
o d e h g a g d ö h
ë g a t š o : w i '
e h n i n e g e ä '
w ö ' ö : s h e : d
ë s w a y ë n t o '
e s w a i h s a : g
e d w a y a k a '
w ë n ö h s y ö n i h
ë s ë : d a '
s n y a j ä : d ö h
ë s w a n ö ' n o s
ë s n i y ö : d i '
s a d a o d o : '
d e o d ë : j o n i h
ë d w a : s h e : d
e h n i y e n ö : '
w o ' o n ö d ö s w e ' d ë '
d w a n i h š o : d
w ö ' ö t g ë h
ë g a d ë n o : d ë '
s w a n i y ö t a '
s w a : w i : '
ë ö y a ' d a : ë '
ë s n i y e n ö : '
h o ' s a d a h s e d
e s a g a y ë h
ë y e ' h a s d ë h
ë d w a y ë n t o '
o ' s a h s y ö n i '
e s n i y ë ' h i k
h o ' j ë : h d a : d
h o d i k ö : n i : h
s i w a g w e : n y ö s
a g a j ä : d ö h
ë s n y a s d a ë ’
h o ' s a d e y ë : s
s n y a t i s t a '
e s w a d o : w i '
d ë s t a t
h o t g a n y e : h
ë h n i g a n y a k
w o ' o n ö d ö s w e ' d ë '
s n i y ö t a '
ë s n y a d i y o '
h o d i n ö ' j o : d
ë k n i a : w i '
w a d e y ë s t a '
ë y o d i y ë : d a t
h a d a ö d ö : '
h o ' g a y a d ö :
e h n i k ö n i '
ö g e g a y ë h
d e y o n ö d ë : j o n i h
s n i a : w i '
w a y e : n ö : '
d ë g y a t a : g
s a t g a n y e : h
h o ' s n i h s a : g
s n y a d o w ä : s
h n y a d a : w i h
d e y e : s n y e '
s ë n o e : d ö h
ë y ö d ë n i n ö '
ë s w a y e n ö : '
ë y a h s y ö : n i '
w o d i y ë ' h i k
s a h s y ö n i h
s a h s e d t a '
g a h s e d t a '
s a t g a ë : y ö : ’
w o y ë : d a t
w a ' e k ö n i '
d w a y ë n t w a s
w a d i y e n ö : s
ë w ö d o : w i '
w o d i y ë : d a t
ë y o g a ' h a '
a g e g a ' h a s
n e s n i y e : '
h o ' g a d a w ë '
ö g w a s h ä : s
w a y a t g ë h
ë s w a h s a w ë '
d ë : h d a : s
ë s w a g a y ë h
ë d w a n e g e ä '
ë g a d e w a d ë '
e h n y a d a w ë '
ë y a d ë : g w a d
s n i a : w i : '
h a d ë n i n ö h
e s n y a d a w ë '
n e s w a y e : ë h
w o d i y ë : d a t
g o n ö ' j o : d
ë o n ö h d ö : '
d w a : w a e s
ö k n i y ö : d i : h
ë d w a d a w ë '
g a n e g e : h a '
n ë s n i y e : '
ë g y a s d a ë ’
ë s w a d a w ë '
e s w a n ö k d ë '
g ä n ë d a : s
s n i h s a : s
e h n y a y a k a '
d ë y o n ö d ë j o : ö s
a g e i d a ' ö h
e d w a s w a ë h
ë n i n ö ' n o s
h o n ö h s a : '
s n y a t g ë ö s
ë ö s g a t g w ë h
d e y ö w ë n y e h
a g a h j ö ’ ö h
ë y a h s a w ë '
g o n o e : d ö h
s w a t s ë h d ö h
o d i k ö : n i : h
ë y ö : s h e : d
e h n i h s a : g
h n y a h s o : s
ë d w a d i y o '
ë h s n i n ö '
h o ' w a h s a k
d ë y ö g w a e : d
ë s a d o t g a '
ë h s e ' h o t s i '
ë o d i y ë : d a t
s w a j ä : d ö h
ë y o d i h s ë s
ö g w a d ë n o : d
g o t s ë h d ö h
h o ' w a t g ë h
o n j ä : d ö h
e d w a h s a w ë '
g a ä n ë d a : s
s n y a h s a : '
ë k n i g w a : '
ë o n ö h s ä : t
g a d e w a t a '
w ë n ë n ö g ä g w a s
d w a d a : w i h
s ä n ë d a : s
n ë ö : j e : '
ë g a i h s a : g
w a d i ä ' t ë '
o n ö t ä h g ö : n
d e s a e : t a ’
ë w ë n ö t s ë n
ë d w a g w a : '
n e s w a y e : '
s a j ä : d ö h
s a h d ë : d i h
ë s a h s e d
s w a d ë n o : d
h n i h s a : s
g y a t g ë ö s
h o n o e : d ö h
ë y o n ö k d ë '
ë h n i g w a : '
s w ë d a ' ö h
o n ö s h ä : s
s w a d i y o : h
e h n y a h s e d
g o d ë n o : d
ë n i a : w i '
ë s w a s w a ë h
ë w ë n ö d ë n o w a ’ h ö : ’
h a n i h š o : d
ë y o n ö h d ö : '
w a y a : d ö '
y ö t š o : w i h
w a n i g w a : '
h o ' k n i g ë '
w a d i n i n ö h
ë o y ö : d i '
h a d i g w a e '
h o ' g a h s o h
ë y o n ö h j ö k
w a d i g w a : '
ë h n i ä ' t ë '
ë y a d o : w i '
ë k n i s w a ë h
w a ë n ö h s e h d a : n ö : '
e s n y a t i s
y a s h e : d a s
e s w a : y a k
g n i y ö t a '
e s n y a j ë : '
ö g a h s ä : t
h a ' h a : s d e '
w a y a : t s ë n
s a h d ö : n i h
ë s n y a : d ö '
ë s a s d a ë ’
s n i y ö : d i : h
h a d i y ë ' h e s
ë s w ë i : d a '
ë ö d i n i n ö '
w a : d ë : g w a d
g y ë n i : h ë h
w a d e h g a : g
ë n i y e n ö : '
h o ' s e ' h o t s i '
w a y a h s o h
n e d w a y e : '
ë w ë n ö d e k ö : n i '
w a ë n ö d ë ' n i k ö : '
ë g y a h s a k
w a s d a : h a ’
h o d o i s h ë '
s a s d a : h a ’
w a j e : s a d
e s w a : t s ë n
w a ' e : y a k
w a ë n ö d e h g a : g
s n y a s h ä : s
ë d w a h s a k
ë h s a h s o h
ë g a y a k a '
ë g a s d a ë ’
e s n i : y a k
ë w ë n ö d o w ä : t a '
w ë n ö y a : s
ë g a y e n ö : '
s a d ë n o : d
h o ' s n i n i n ö '
s a k ö : n i : h
ë y o y ë ' h i k
a g a h s a : '
d w a : w i '
ë h n y a t i s
ë d w a n i n ö '
ë n ö s d a ë ’
y ë n i : h ë h
e d w a h s a k
h ë n ö t a i n e '
w a ë n ö t i s
w a d a ö d ö : '
ë h n y a d a ö d i y o s
w a ' j e
e s w a h s a k
y ö d a : w i h
w a a y e n ö : '
ë d w a h s o h
ë ö : w i '
e s n y a d a ö d i y o s
ë g a : t g ë h
ë g a g w a : '
ë s w a : y a k
w a n i y a d ö :
o d o i s h ë '
ë y e s w a ë h
w a ' e y a d ö :
s n i g w a e '
w a ë n ö d w ë : d e d
h o d i y o : h
d w ë n ö g ä g w a s
ë s n i y e h
j o n ö d i : w a h s y ö : n i : h
d w a g w a e '
ë n i g w a : '
h o ' w a t i s
w ë n ö d i : w a h s y ö : n i h
y a h s a ' k a '
ë w ë n ö d o : t g a '
w a ë n ö d o : w i '
s n i n ö h
o d i y e : h
h o n ö d e k ö : n i : h
e d w a j ë : '
h ë n ö d ë : g w a d t a '
ë w ë n ö g ä : g o '
s n o w a : e s
w a g w a : '
ë y a : t g ë h
ë n i h s a : g
w a ë n ö d a ö d ö : '
d ë y ö t a : g
e s w a y a d ö :
ë h n y a d o t g a '
ë ö d i y e h
ë k n i n o e t
d ë w ö t a : g
h o h s ë h s e h
ë o y ë : d a t
w o n ö k d ë '
w a d a : w ë h
s w a n i n ö h
w ë n ö d ë n o w a ’ h ö h
ë n i y a d ö :
ë g y a t i s
w o : g a y ë h
w a d a : w i h
h o d i t a : '
s ë n i : h ë h
w a d i g ë h
ë s w a t i s
s y e n ö : s
h ë n ö d e : g a ' t a
o d i y e : h
w ö ' ö d e h g a : g
w a : s h e : d
ö g w a y e : h
d ë ö t a : g
h n y a d o t g a ' w a s
g o d i y o : h
ë y o : d a '
ö k n i y ë '
e s w a t i s
d ë n ö t a : g
h n y a d e y ë s t a '
y e a : w i '
w ë n ö d e : g a ' t a
y a h s o : s
i : g y a ' s
w a y a d e k ö : n i '
ë g a y e h
s n o e ' s
w a ' ö d w ë : d e d
ë ö : t g ë h
ë n ö h s o h
w ö ' ö d a ö d ö : '
w ë n ö d ë n i n ö h
s ä ' t ë h
ë o h s ä : t
h ë n ö d ë n i n ö h
ë w ö h s o h
ë s n o e t
h o n ö d ë n o : d
h ë n ö d a ö d ö : '
s e s w a ë s
w ë n ö d a : w ë h
w o h s ä : t
ë y e y e h
o g a : y ë s
y e y e n ö : s
s n i t a : '
ë s w a d e y ë : s
ë d w a d e y ë : s
ë ö j ë n ö : w ö ' s
w ö ' ö d o t g a '
w a y a d a h s e d
w a y a d e y ë : s
w ë n ö d o w ä : s
h o d i y ë '
ë ö : y a k
w a y a d o w ä : d
w a t g ë h
d ë g a t a : g
h o n ö h d ö : n i h
g a
o s h ä : s
g o t a : '
ë n i y e h
g a ä ' t ë h
k n o e ' s
h o d i y ë '
k n i g ë h
W a ë n ö h s o h
ë ö h s e d
w a ' e n o e t
h a t a i n e '
w o n ö h j ö k
w ö ' ö d a w ë '
w a h s o h
ë n i ' h o t s i '
w a h s a k
w a n e g e ä '
w a j ë : '
s w a y ë '
d ë h n i g
o h s a : '
ë g e g ë '
d ë s e g
ë g y e h
o t a : '
d ë g e g
d ë y e g
h o ' d i y ö g w a d ë j o ö s
s n i h a ' d a : n ö h
s a d ö s w e ' d a n i h
h o ' t o ' s a ë y ë h
h n i ' e o d o : g w a s
o n ö d a h s e d ö h
ë y ö d e k ö : n i '
o n ö d e h g a g d ö h
s a d e y ë s t a '
s w a d e y ë s t a '
ë w ö d a ö d i y o s
ë w ö d ë : g w a d
y ö d ë n i n ö h
h o ' w a h s e d
o n ö k d a n i h
o y ë '
o n ö d ë n o : d
ë n ö d ë : g w a d
o n ö n d o : w i : h
ë ö d ë : g w a d
ë y ö a d a h s e d
o n ö h d ö : n i h
y ö d e : g a ' t a
y e
ë ö d e : g a t
s n i
ö g w a y ë '
h a d i
h o t
k n i
