t a d i : w a e s
h o ' d i s n y a d ë n ö : n y o : '
h o ' w ë n ö j ë n ö : w ö ' s
d e y a g o d ë j o n i h
w a ' ö ' e : s h a '
j ö k n y a d i : w a h s y ö : n i : h
y e d a : j e ' s
d a ë n ö d e ' h a : s d ö : '
h o ' t g a d ë n ö : n y o : '
h o ' k n i d a t
ë d i h n y a d e ' h a : s d ö : '
h o ' t ë n ë n i s o h d a : ' e : g
h o ' s ë n i s o h d a ' e : g
s e h n i : w a h s y ö : n i ‘
ë j i s w a d i : w a h s y ö : n i '
s w a d i : w a h s y ö : n i h
ë d i d w a d e ' h a : s d ö : '
h o ' w ë n ö h s e h d a : n ö : '
ë d i s n y a d e ' h a : s d ö : '
h o ' w ë n ë n ö h d ö : n y ö : '
ë t s a d a h t e : w a d
ö k n i y ë ' h i s h e
h o ' d i h n i : s n y e : '
s a k n i : w a h s y ö : n i ‘
h o ' d i d w a d ë n ö : n y o : '
h o ' g a d ë n o w a ’ h ö : ’
h o ' w ë n ë ’ n i g o : s y ö : ’
ë d w ö d i : w a e g
s a w a d i : w a h s y ö : n i ‘
s a s a d a h t e : w a d
h o ' d i s w o n y a h s i '
h o ' k n i y a ' j e : n ë t
h n i w a g w e : n y ö s
h o ' d i d w a : s n y e : '
h o ' g y ë n ö h d ö : n y ö : '
w ö ' ö k n y ö ' e : s h a '
h o ' d i d w ë h s o w e : g
y ö d i : w a h s y ö : n i h
h o ' d i s w a d ë n ö : n y o : '
h o ' g y ë ’ n i g o : s y ö : ’
d w a d i : w a h s y ö : n i h
s h a d i : w a h s y ö : n i h
w ë n ö j a ' d a : w i t a '
n ö ' w ë n ö j e : '
d e s n y a d e ' h a : s d ö : '
d e y ö k n y a d ë : j o n i h
h o ' w a d ë n o w a ’ h ö : ’
j i d w a d a t e : w a t a '
h o ' s y o n y a h s i '
s e d w a i : w a h s y ö : n i ‘
s a s i : w a h s y ö : n i ‘
h o ' t ë n ö d ë n ö : n y o : '
h o ' j ö g w a d ë : j o ö s
h o ' g ë n ö h d ö : n y ö : '
d ë y ö k n y a d ë : j o ö s
h o ' w a d i y a ' j e : n ë t
ö k y n ë d e t g ä d e '
h o ' w ë n ö t ä h g ö : d ë '
d e y ö g y a d ë j o n i h
d ë y ö g y a d ë j o : ö s
s a n i : w a h s y ö : n i ‘
s e h n y a d a h t e : w a d
d ë s w ë n i s o h d a ' e : g
d i s w a d e ' h a : s d ö '
j ö g w a d e ' h a : s d ö '
d a d e ' h a : s d ö : '
s e s n y a d a h t e : w a d
h o ' d i s w a w ë n y e : '
ë y ö k n y ö ' e : s h a '
h o ' t ë n o n y a h s i '
ë s w ö d a h t e : w a d
w ö ' ö g y a t o w ä s
ë s w a d ë n o w a ’ h ö : ’
ë s g i : w a h s y ö : n i ‘
h ë n ö j ë n ö : w ö ' s e h
e s w a d ë n o w a ’ h ö : ’
t s a d a t e : w a t a '
d e o n ë n i s o h d a : e
o ' w ë n ö t g a n y e : '
h o ' s ë ’ n i g o : s y ö : ’
d ë o n ö d ë j o : ö s
ö k n y a d ö s w e ' d a n i h
s n ë ’ n i g o : s y ö ’
h o ' d i d w a w ë n y e : '
h n i g e o ' j i : y a ' s
s n i g e o ' j i : y a ' s
d ë s w a d ë n ö : n y o : '
s e s w a d a h t e : w a d
h ë n ö j a ' d a : w i t a '
ë w ë n ë ’ n i g o : s y ö : ’
h a d i g e o ' j i : y a ' s
d a s a d e ' h a : s d ö : '
h o ' g ë ’ n i g o : s y ö : ’
ë j i s w a a h s y ö : n i '
d ë o n ö d ë j o : ö s
h o ' t g a : s n y e : '
s w a d a t e : w a t a '
d w a d i i : w a e s
g e j i o d a : g w a s
ë y o n ö d e t g ä d ë h
o ' w ë n ö t a ' d ö : '
h o ' w a d j n i y ö d ë '
ë y a g o ' n i g ö h ë h
h o ' g e g e o ' j i : y a k
e s n i j i s d o : d ë '
h o ' w a d i j i o d a g o '
d ë n ö d ë n ö : n y o h
ö g w a y a ' j e : n ë ' ö h
h o ' w a d i j i s d o : d ë '
ö g w a d a ö d i y o s d ö h
h o ' g y a t š o : w i '
h o ' g y a d o i s h ë : '
h o ' w ë n ë n o e : t a '
o ' j o d i ' s a ë y ë h
h o ' s a j ë n ö : w ö ' s
o ' s a d ë n o : d ë '
w ë n ö t g ë h j i : s t a '
w a d i ' e o d o : g w a s
ë d w ë n ö h d ö : n y ö : '
o d i y a ' j e : n ë ' ö h
e s w a g e o ' j i : y a k
ö k n ö ' k w ë h
ë s n i j i s d o : d ë '
w ö ' ö k n i n ö ' k w ë h
d w a t g ë h j i s t a '
h o ' w a d i n o w a : e ’
ë s n i w a g w e : n i '
ë w ë n ö t g ë h j i s
ë j i d w a d a h t e : w a d
ë h n y a d ë ' n i k ö : '
h o ' w ë n ë n ö g ä : g o '
ë d w a g e o ' j i : y a k
ë n ö h s e h d a : n ö : '
h o ' k n i s g a t g w ë h
h n i h a ' d a : n ö h
h o ' w ë n ë n i h ë : '
s n i y ë t w a : g w a s
w a d i h a ' d a : n ö : '
ë s w ë ’ n i g o : s y ö : ’
h a d i j i o d a : g w a s
s w a j ë n ö : w ö ' s e h
ö k n y ö ' e : s h a s
h o ' g a d o i s h ë : '
ë g e j i s d o : d ë '
h o ' g a j i o d a g o '
g y a d ë n o w a ’ h ö h
h o ' g y a h d ë : d i '
s n i y a ' j e : n ë ' ö h
s e d w a h s y ö : n i '
o ' g y a d ë n o : d ë '
w a d i ' e o d o : g o ’
d e y ö g w a ' s a ë y ë s
w o ' o n d i n ö k d ë '
ë s w ë j o ' y a : k a '
w a y ë n ö h d ö : n y ö : '
y a d i : w a h s y ö : n i h
g a g e o ' j i : y a ' s
d e s a d ë n ö : n y o h
o n d i n ö ' k w ë ' ö h
o ' w ë n ö h s a w ë '
h o ' k n i ' e o d o : g o ’
ë s a ' n i g ö : h ë h
h o ' s a j a ' d a : w i t
h o ' t s o n y a h s i '
d ë y a g o d ë : j o ö s
ë w ö g ö ' e : s h a '
ë y ë ’ n i g o : s y ö : ’
h o ' d w a d i h g w a t
ë w ö d i ' h a s d ë h
s n i j i o d a : g w a s
w a d i n ö ' n o s t a '
e s w a j a ' d a : w i t
n e o d i y e : ë h
ë s w a d ë ' n i k ö : '
w a y ë ’ n y ö d a : t
h o n ö t o w ä s t a '
h o ' t s y a w ë n y e : '
s n y ë n ö ' g e ä : d ö h
ë y ë ’ n i g o : s y ö : ’
e d w a y a ' j e : n ë t
d e y a g w o n y a h s ö s
ë w ë n ö t g a ë : y ö : ’
h o ' j a g o a d ë : j o ö s
ë g i j o ' y a : k a '
e s n y a t g a ë : y ö : ’
d w a ' e o d o : g w a s
s a k n i h s y ö : n i '
h n i j i s d o t a '
s n i j i s d o t a '
e s w a y a ' j e : n ë t
e s n y ë ’ n y ö d a : t
d e s w a d ë j o n i h
h o ' s e j i o d a g o '
w a ' e y a ' j e : n ë t
h o ' k n i n o w a : e ’
s a d ë ' n i k ö n y ö h
d e s n y ë h s o w e : s
h o ' g a s g a t g w ë h
ë y o n d i n ö ' k w ë h
d e s w a ' s a ë y ë s
w a y a t g w e : n i ’
ë h n y a t g a n y e : '
h o ' g e ' e o d o : g o ’
ë d w a t ä h g ö : d ë '
ë y ö k n i n ö ' k w ë h
ë s n y a t g w e : n i ’
ö g w ë d e t g ä d e '
ë ö d i w a g w e : n i '
w o ' o ' n i g ö h ë h
d ë w ö g a d ë j o : ö s
ë n ë ’ n i g o : s y ö : ’
ë n i g e o ' j i : y a k
ë k n i y a ' j e : n ë t
s a h s e h d a : n ö h
ë ö d i n ö ' j o : d ë '
h o ' w a d i y ë ' h e t
h ë n ë n ö g ä g w a s
d ë g y a t g ë h j i s
ë g ë n ö h d ö : n y ö : '
d ë h n o n y a h s i '
ë y o n d i g a : y ë h
e h n y a t g a n y e : '
d ë n i s g a t g w ë h
h o n d i n ö k d a n i h
h o n d i n ö k d a n i h
d ë d w o n y a h s i '
ë h s n ö ' j o : d ë '
ë g a h a ' d a : n ö : '
ë s n y a d ë n o : d ë '
s a j a ' d a : w i t a '
y e y ë n ö w ö ' k ö '
ë g e ' e o d o : g o ’
ë w ö d i n o w a : e ’
h o ' g ä n ë d a : g
h o ' w a t g a n y e : '
h o ' s a j o ’ d a : d
a k n ö ' k w ë ' ö h
s w a h a ' d a : n ö h
ë y ö j a ' d a : w i t
ë h n y a d o w ä : t a '
w o ' ö g w a h d ö : '
ë w ö d ë n o : d ë '
h o ' g y ë t w a : g o '
h o ' t o d ë : j o ö s
ë y ö k n i g a ' h a '
ë w a g a t o w ä s
d ë s n y ë h s o w e : g
w o ' o n ö t o w ä s
h o ' g y a d ë n y e : d
d e y a g o n y a h s ö s
