ë g a g e o ' j i : y a k
h o ' g a h s a k
d e n i : d a : j e ' s
ë d w a s d a ë ’
d w a d e w a t a '
e h n y a h d ë : d i '
h ë n ö d e w a t a '
k n i y ë t w a : g w a s
s n y a t g a ë : y ö : ’
h n i y a d ö : n y ö h
w ö ' ö d ë n o w a ’ h ö : ’
y ö d e y ë s t a '
d ë w ö d i g
w a h s a w ë '
n y a g o y e : ë h
w ö ' ö d a h s e d
h o ' t g y ë : h d a d
y ö t a ' d ö : '
ë n ö d w ë : d e d
ë ö t a : ë '
ë ö d i n ö ' n o s
ë y a j ë n ö : w ö ' s
e d w a t i s
ö k n i n ö k d a n i h
ë h n y a j o ’ d a : d
e h n y a j e : s a d
ë g y a h s y ö : n i '
ë y ö d ë n o w a ’ h ö : ’
n e h n i y e : '
h o ' d i s n i e : d
y ö h s o : s
ë s ë d e t g ä d ë h
h o ' s a h s e d
e h n y a t g ë h j i s
y ö j e : s a t a ´
d w a g a d e ' h a : s d ö '
ë w ë n ö j ë n ö : w ö ' s
d ë k n i : d a t
ë d w a j ä : d a k
h o ' w a d ë n y e : d
d ë g a g
ë w ë n ö y a k a '
ë k n i j i s d o : d ë '
ë g y a d e y ë : s
y ë n ö h d ö n y ö h
h o ' g a y e : n ö : '
w ë n ö t a i n e '
s n i n o w a : e s
ë y o n ö ' e : s h a '
h a : y a ' s
e s w a d ë n i n ö '
ë g a ' h o t s i '
h n y a d e : g a ' t a
w a y a t a ' d ö : '
ë ö a j o ’ d a : d
s h a d i h s y ö : n i h
d e y ë : h d a : s
j e h s y ö : n i h
w a d i t a : ë '
g a d i : w a h s y ö : n i h
d ë o n ö d ë : j o ö s
o ' w ë n ö d ë n o w a ’ h ö : ’
w a d o w ä : d
ë w ö : t g ë h
w a ' e n o e t
h o ' g y a d ë : g w a d
ë i w a g w e : n i '
h o ' g y a t a ' d ö : '
ë g a d i y o '
ë y a g o g a : y ë h
d w a d a : j e ' s
h a d i g a : n y a ' s
ë g y a j o ’ d a : d
j ö g w a d i : w a h s y ö : n i : h
d e y o n ö d ë : j o n i h
ë y ö d o : w i '
h o ' d i h n y ë n i s o h d a ' e : g
ë ö d i : y a k
ë s w a j ë : '
h a d o w ä : s
d ë g y ë : h d a : d
e h n i : y e h
ë ö y e : n ö : '
n w a d i y e : '
ë y ö d w ë : d e d
s n y a j e : s a t a ´
ë s n i g a n y a k
h o ' s a d o t g a '
o n ö h s a : '
h o ' t o d ë j o ö s
ë n ë n o e : t a '
ë y a d a h s e d
ë g a ' h a s d ë h
h o ' g a n ö ' j o : d ë '
h o ' w a d i g e o d ë : '
ë h s a d ë n i n ö '
s w a t i s t a '
g a t a ' d ö : '
ë s n y a t i s
s e g e o ' j i : y a ' s
