h ë n ö d o w ä : s
ë k n ë ’ n i g o : s y ö : ’
w a ' a g o n ö k d ë '
h o ' t g a w ë n y e : '
w a n i n i y ö d ë '
g a n o e ' s
ë k n y a d w ë : d e d
s w ë n ö ' g e ä : d ö h
w a d i n o w a : e ’
h o ' s e s g a t g w ë h
o ' j ö g w a ' s a ë y ë h
h o ' d i s a d ë : j o ö s
ë d w a ' e o d o : g o ’
ë y ö k n y a d ö s w e ' d ë '
ë g y a h s a w ë '
e h n y a d o : w i '
h o ' g e j i o d a g o '
s h a : w i : '
ë h n i : y a k
s w a d o : w i : h
ë y a d ë n i n ö '
h a d i n e g o : s ä : s
ë d w a d ë n i n ö '
ë y i w a g w e : n i '
d e s ë h s o w e : s
ë n ö d o w ä : t a '
h o ' s ë n i h ë : '
w a ' e g ë '
ë h n i n ö ' j o : d ë '
h a s g a t g w ë s
ë y e n ö ' j o : d ë '
ë y ö g y a ' n i g ö : h ë h
h a s w a ë s
ë d w a h d ë : d i '
w a ë n ö j ä : d a k
ë s a n ö k d ë '
h o ' k n i
ë h n y a h d ë : d i '
ö k n i d a ' ö h
h o g a : y ë s
ë ö t i s
j a g o d i : w a h s y ö : n i : h
d ë y e h g w a t
h a d i n ö ' n o s t a '
h o ' n i g ö h ë ' s
w a y ë n ö ' g e ä d
h o ' g y a : s h e : d
h a y ë n t w a s
d ë h n y a w ë n y e : '
h ë n ë n ö h d ö n y ö h
s w a t g w e : n y ö s
ë g y a d o t g a '
ë y o y ë : d a t
ë y ö d o t g a '
w o ' o h s ë s
ë h n y a d e : g a t
ë y o d i y ö : d i '
ë w ö d i g w a : '
w a g ë '
w a y a d e w a d ë '
d ë w ë n ö t a : g
h o ' w a t š o : w i '
ë g e ' h a s d ë h
d ë y e : s n y e : '
e s n i y e : n ö : '
e h n i y ë ' h e t
h i y ë t w a : g w a s
ë s n y a d e k ö : n i '
ë s n i ' h o t s i '
k n i ä ' t ë h
ë n i n o w a : e ’
ë w ö d i ' e o d o : g o ’
ë g y a d e h g a : g
ë y ö g w a g a ' h a '
y e g a : n y a ' s
w a s h e : d a s
e s w a j e : s a d
h o ' g y a s d a ë ’
ë h n i j i s d o : d ë '
e h n y a d a h s e d
w a ä n ë d a : g
h o ' s a : s h e : d
ë g a j i o d a g o '
h o ' t o n ö d ë : j o ö s
ë y a h s o h
ë w ö d ë n i n ö '
s y a d ö : n y ö h
w a ë n ö t g a n y e : '
h o ' d i s w a d a t
y ë n ö g ä g w a s
ë g y a d e : g a t
h o ' k n i ' h o t s i '
h a h s y ö n i h
ë d w a d e w a d ë '
h o ' d i d w a
s w a n o e ' s
d a w a d e ' h a : s d ö : '
h o ' g e j i s d o : d ë '
h o ' j ö k n y a d ë : j o ö s
h o ' g y a t i s
