ë o n ö k d ë '
ë s a d ë ' n i k ö : '
ë g a j ä : d a k
s ë n ö g ä g w a s
y a d ë n y e : t a '
a g ë ’ n i g o : s y ö ’
ë s n y a h s a k
y a t g ë h j i s t a '
ë n ö d a ö d i y o s
ë n ë n ö h d ö : n y ö : '
a g a d i y o : h
g o d a h s e d ö h
w ö ' n i g ö h ë h
d a g y a d e ' h a : s d ö : '
d ë s n i e : d
ë y o n ö t o : w ä s
e s w a y ë : d a t
d ë y a g o n y a h s i '
Ë y ö t a ' d ö : '
ë w ö g y ö : d i '
h o ' s a d o w ä : d
h n y a d e w a t a '
h n y ë n i : h ë h
h o n ë n o e : d ö h
d w a n ö ' n o s t a '
ë w ö d a w ë '
w a d ë n o : d ë '
h o ' k n i n e g o : s ä h
ë n ö t g ë h j i s
j i s w a d i : w a h s y ö : n i : h
ë j i h n y a d a h t e : w a d
w a n i y a ' j e : n ë t
h o ' t s ë : h d a d
ë ö d ë n o w a ’ h ö : ’
d e y ö g w a d ë : j o n i h
o ' g a d ë n o : d ë '
s e g e o d ö : n y ö h
g a y ë n ö w ö ' k ö '
ë y o n ö h d ö : '
w a ë n ö d e w a d ë '
h o ' w a d e y ë : s
s n i ' n i g ö h ë h s
ë s n i y ë ' h i k
ë n ö t g w e : n i ’
ë n ö d e y ë : s
ë y i j o ' y a : k a '
h o t o w ä s t a '
ë s w a h d ö : '
ë h n y a h s e h d a : n ö : '
w ë n ö g ä g w a s
d w a j i o d a : g w a s
ö g y ë ' h i k
ë y o d i y ë ' h i k
e h n i y a ' j e : n ë t
d e y ë : h d a : s
w o ' o d i ' n i g ö h ë h
ë y ö t s ë n
w o ' ö g w a t o w ä s
ö g y a j ä : d ö h
a w ë d e t g ä d e '
s a t i s t a '
h a d e : g a ' t a
w o d i g a ' h a '
o d o : w i : h
h o ' s e g a n y a k
ë w ö a d ë n y e : d
ë s w a y ë t w a : g o '
w a ë n ö d a ö d i y o s
ë s a t g a ë : y ö : ’
w a d i h a ' d a : n ö h
w a t š o : w i h
h a y e n ö : s
ë ö y ë n t o '
d ë w ë n ë : h d a : d
ë d w a d a h s e d
d a w a d i : w a e g
w ö ' ö j ë : '
w a y a : s h e : d
h o ' w a d i g a n y a k
h i ä ' t ë h
ë y ö g w ë d e t g ä d ë h
w o ' ö g w a g a : y ë h
w a n i n ö '
w a ë n ö d e : g a t
ë g e ' h o t s i '
w a ' a g o h j ö k
h o ' w ë n ö h d ë : d i '
h a d i d a : j e ' s
ë s n i n e g o : s ä h
d ë n i g
d ë y ö g w a d ë j o : ö s
ë h n y a d i y o '
h o ' g y ë n ö g ä : g o '
ë s w a n ö ' j o : d ë '
h o ' d w a d i d a t
ë s w a y ö : d i '
s n i k ö : n i : h
h o ' g a g w a : '
ë g y a h s e d
ë j ö d e ' h a : s d ö : '
