ë g a d ë : g w a d
s n i g a ' h a s
o d a ö d i y o s d ö h
ë ö j o ' y a : k a '
d ë : h d a : d
w ö ' ö k n i y ö : d i '
d ë ö d ë n ö : n y o : '
d e k n o n y a h s ö s
e s n i : d a '
k n i n i n ö h
w a d w ë : d e d
d a k n i : w a e g
ë y o d i y ë ' h i k
ë y e i h s a : g
ë w ö d i : y a k
h a d a : w ë h
h o ' g i h s a : g
w a ' e n i n ö '
e s n i k ö n i '
e s n i ä ' t ë '
g y a h s o : s
o n ö t s ë h d ö h
h a d i : y a ' s
h o ' s a : t s ë n
h o ' s a h s a k
w a ë n ë n ö g ä : g o '
h a d i h s a : s
ë d w a g a n y a k
d e y o n ö d ë j o n i h
ë j ö d a h t e : w a d
w a k ö n i '
o ' g y a t g a ë : y ö : ’
e h n i w a g w e : n i '
s a t a ' d ö : '
h o n ö ' j o : d
g y a t g w e : n y ö s
o n ö t s ë h d ö h
h n y a j ë n ö : w ö ' s e h
h o ' t o d i ' s a ë y ë h
ë w ö g e h s ë s
w a ' e h a ' d a : n ö : '
s n y a d a : w i h
n y o n ö j e : ë h
ë s n i : y a k
w o ' o n ö k d ë '
h n y a d a : w ë h
g a : y a ' s
w a e o d o : g o ’
w o d i ' n i g ö h ë h
h o n ö n d o : w i : h
h o ' k n i s w a ë h
h o ' g a h s e h d a : n ö : '
w a n i j i o d a g o '
ë s a h s a k
e d w a y ë t w a : g o '
ë t s i : w a h s y ö : n i ‘
g a ' h a : s d e '
h n y a s d a : h a ’
w ë n ö h s o : s
ë h n y a t ä h g ö : d ë '
h o ' g a g ë '
ë y ö t ä g ö : d ë '
w a y a h s a k
w a ë n ë n i h ë : '
w a y a t g ë h j i s
a g a t ä h g ö : n
ë h n i y e h
e h n i n i n ö '
g o y a ' j e : n ë ' ö h
e d w ë n o e : t a '
ë s w a y a d ö :
ë w ö d i n ö ' n o s
w a d ë n y e : t a '
d e o d i ' s a ë y ë s
h o ' g a y ë t w a : g o '
h o n j ä : d ö h
h o ' j ë h s o w e : g
ö g y ë : d a t
g a i h s a : s
ë s w a t a : ë '
o d i y ö : d i : h
w a h s o : s
h o ' w a d i y e n ö : '
ë j ö d i : w a h s y ö : n i '
w a ' e n e g o : s ä h
e d w a y e n ö : '
ë ö d o i s h ë : '
ë g y a j e : s a d
ë s n i y ë : d a t
s a t g ë ö s
d w a t š o : w i h
h o t ä h g ö : n
h o w a d e t g ä d e '
ë k n i n ö ' n o s
s a i : w a h s y ö : n i ‘
o n ö d ö s w e ' d a n i h
d e w ë h s o w e : s
t o n ö d e ' h a : s d ö '
d ë g a d ë n ö : n y o : '
ë d w a h s e h d a : n ö : '
