e d w ä ' t ë '
w a y a d ë n o : d ë '
ë o n ö h j ö k
h o ' k n i k ö n i '
h o ' s a d e : g a t
ë w ë n ö h s a w ë '
g a d ë n o w a ’ h ö h
ö g y a h s a : '
o d i y a ' j e : n ë ' ö h
h o ' g a ä n ë d a : g
d ë y a g o e : d
h o ' t i : s n y e : '
n e y o d i y e : ë h
y ö s h e : d a s
ë y ë n ö ' g e ä d
w a ë n ö h s a k
ë h n y a d e h g a : g
e d w a d e w a d ë '
h n i n o e ' s
h a d i : w a h s y ö : n i h
ë s n y a h s e h d a : n ö : '
s e d w a d a h t e : w a d
g y a s g a n e : s
d e d w a d e ' h a : s d ö : '
h o ' j o d ë j o ö s
h o ' j ö g w a e : d
ë g y a t g a ë : y ö : ’
d ë w ë : h d a : d
e h n y a d a ö d i y o s
h o ' d i s w a t a : g
h o ' k n i g e o ' j i : y a k
d ë d w a t a : g
ë d w a d e h g a : g
ë w ö g a h s ä : t
y e n o w a : e s
ë g y a d e w a d ë '
h ë n ö h s o : s
ö k n y a d o i s h ë '
s w a n i h š o : d
y a d ë n i n ö h
g a t a i n e '
h o ' s a t g ë h j i s
d ë y ö g w a ' s a ë y ë h
d w a h s o : s
s h a d a t e : w a t a '
ë s i h s a : g
s w ë n o e : d ö h
w ö ' ö k n i y ë ' h i k
ö g w ë n ö ' g e ä : d ö h
ö k n i k ö : n i : h
s a n ö ' k w ë ' ö h
ë s w ë n ö g ä : g o '
ë s w a h s o h
e h n y a t a ' d ö : '
s a g i : w a h s y ö : n i ‘
k n i n o e ' s
y e y ë t w a : g w a s
y e n ö ' n o s t a '
ë y e n o e t
h o n i d a ' ö h
ë w ö n d i j i o d a g o '
h a y ë n ö w ö ' k ö '
w a n i g e o ' j i : y a k
ë y ö d a ö d ö : '
w a d i y a d ö : n y ö h
e s w a d a w ë '
ë k n i h a ' d a : n ö : '
ë y e n i n ö '
w a ' ë n ö g ä : g o '
s n i n e g o : s ä : s
ë d w a d ë : g w a d
ë s n y a d o t g a '
y e j o ' y a : s
w a ë n ö d o i s h ë : '
ë y a d e y ë : s
h o ' j o n y a h s i '
h n y i y ë ' h e s
ë y ö g w ë : d a '
h a h s a ' k a '
d ë o d ë j o : ö s
a g n ö k d a n i h
ë ö d i y a ' j e : n ë t
h o d i h s ë h s e h
ë k a : w i '
h o ' t g ë : h d a d
ë y e y a ' d a : ë '
ë j i s n i : w a h s y ö : n i ‘
d e y o ' s a ë y ë s
ë ö d w ë : d e d
h ë n i j o ' y a : s
w a y a d e h g a : g
s n i y ë n ö w ö ' k ö '
h n i : y a ' s
ö k n i n ö ' k w ë ' ö h
g y e n ö : s
h o ' d i s n i : s n y e : '
ë s w ë d e t g ä d ë h
w a d i j i o d a g o '
h o n ö k d a n i h
s e s g a t g w ë s
