w o ' o d i h s ë s
h o ' w a d i y e : n ö : '
e s n y a d ë n i n ö '
g a j ë n ö : w ö ' s e h
d e h n y a w ë n y e h
h o ' w a d i n i n ö '
g o y ë '
e h n i ä ' t ë '
h o ' t g y a w ë n y e : '
h o d i y ö : d i : h
h o ' t a t a : g
s n i n ö ' j o : d
ë s h a d i : w a h s y ö : n i ‘
k n i j i s d o t a '
d ë y o n ö d ë : j o ö s
d w ë n i : h ë h
w a ' ë ’ n y ö d a : t
e s w a g e o d ë : '
ë h n i y e : n ö : '
d ë ö d i : s n y e : '
g y a t a i n e '
o n ö d ö s w e ' d a n i h
o ' w ë n ö a d ë n y e : d
ë j i s n y a d a h t e : w a d
ë d w a t g a ë : y ö : ’
ë ö d i n e g o : s ä h
d ë s w a h g w a t
ë d w a y ë t w a : g o '
e h n i s w a ë h
h o ' j e : s n y e : '
s a y e : h
h o d i y ë ' h i s h e
w a ' e : y e h
ë ö t g w e : n i ’
ë s n i n i n ö '
y e g ë h
s w a n ö k d a n i h
s w a d a ö d ö : '
w a d e k ö : n i '
h o ' s y ë t w a : g o '
h a s d a : h a ’
w ö ' ö d e w a d ë '
h o ' g a t g a n y e : '
ë ö n ö ' j o : d ë '
e s n i ' n i g ö h ë h
w a d ë ' n i k ö n y ö h
j i s n i : w a h s y ö : n i h
s n y a d a ö d i y o s d ö h
w a ' e s w a ë h
d e s n i h g w a '
a g a d ö s w e ' d a n i h
w a ' e t a : ë '
w a d i : y a k
g e
n ë s a : j e : '
h o ' g a d o : w i '
s g e h s y ö : n i h
g a n i n ö h
h o n d i g a : y ë s
g a d a : w i h
e s a g a ' h a '
ë k n o w a : e ’
w a d i n i n ö '
o ' w ë n ö d e h g a : g
o ' g a d ë n i n ö '
o ' g y a d ë n i n ö '
d e w a d i h s n y e '
ë o d e t g ä d ë h
n ë g y e : '
ë g y a d ë n i n ö '
d e y o d ë : j o n i h
ë s w a n o e t
h o ' w a d i y ë t w a : g o '
o n ö ' e : s h a s
h o ' d i h n y a w ë n y e : '
d e s e h g w a '
d w a
e s w a d e k ö : n i '
o ' w a j a ' d a : w i t
ë g a t g a n y e : '
ë d w a : t g ë h
h o ' w ë n ö d o t g a '
ë w ö d i y ë ' h e t
h o ' w a d e : g a t
h o ' w a j ë : '
w ë n ö h d ö n y ö h
ë s y ë n ö g ä : g o '
d e s w a d ë n ö : n y o h
e s n y a d a h s e d
o n ö d ë n o : d
d ë s w a g
e s w a h s y ö n i '
h o ' g y a d w ë : d e d
w a n i y e n ö : '
e s n i y ë : d a t
w a s g a n e : g
e s n i y ë n t o '
ë w ö d i y ë : n t o '
e h n y a j a ' d a : w i t
d e y o d i ' s a ë y ë s
d ë s a ' s a ë y ë h
e s w a n o e t
w o ' o n ö h d ö : '
e d w a g ë '
ë s a h s a w ë '
h o ' w ë n ö a j o ’ d a : d
d w a g e o d ö : n y ö h
s n y a h j ö ’ ö h
n e o y e : ë h
ö k n y ë n ö ' g e ä : d ö h
d ë s a d ë n ö : n y o : '
w a n i ä n ë d a : g
d ë y a t g ë h j i s
h o ' g a j a ' d a : w i t
h o ' j a g w ë n i s o h d a : ' e : g
d ë s a d ë j o : ö s
h o ' g a : t s ë n
e h n y a t š o : w i '
ë k n i g ë '
e s w a h j ö k
d e s n i : s n y e '
d w ä ' t ë h
ë k n i y ë ' h e t
h n i n i n ö h
ë n ö a d ë n y e : d
h o ' s ä ' t ë '
e s w a s w a ë h
w ö ' ö k n i n ö k d ë '
w a y a t i s
h n i n i y ö t a '
ë n i ä ' t ë '
g y a d a : w ë h
ë s g y a d i : w a h s y ö : n i '
ë k n i g a n y a k
j o n ö d e ' h a : s d ö '
w ö ' ö : t s ë n
h o ' t s ë h s o w e : g
w a g e o d ë : '
ë y e : y a k
ë d w a i : w a e g
e s n i g a n y a k
w a ' a w ë d e t g ä d ë h
e s n y a d o t g a '
ë d w a ' h o t s i '
w o n ö ' k w ë h
s e s n i h s y ö : n i '
d e w ë n ö w ë n y e h
e d w a d e k ö : n i '
e d w a d a w ë '
d e n o n y a h s ö s
ë d w a y a ' d a : ë '
h n y a y a : s
w ë n ö j ë n ö : w ö ' s e h
d e a d i h g w a '
ë g a i w a g w e : n i '
ë y ö k n i n ö k d ë '
ë ö d i y e n ö : '
h o ' s y a d ö :
ö k n i y a ' j e : n ë ' ö h
ë g e h a ' d a : n ö : '
ë s a j o ’ d a : d
o ' g y a k
w a ' a g o y ö : d i '
w o ' o n ö h j ö k
o ’ n i g o : s y ö ’
ë d w a y e h
ë g y a j ë n ö : w ö ' s
e s n y a : t s ë n
ë d w ë : h d a : d
e h n i y ë t w a : g o '
ö g w a t o w ä s t a '
ö g e g a ' h a '
Ë y o d ö s w e ' d ë '
ë y a d e : g a t
ë o d i y ö : d i '
e s g a t g w ë s
s a d a h t e : w a d
d ë s w a w ë n y e : '
h o ' s e h g w a t
ë g y a t g w e : n i ’
ë g y a d ë n o w a ’ h ö : ’
n ë y a : j e : '
d ë g d a t
w a y a h s y ö n i '
ë g a y a ' j e : n ë t
g a d e : g a ' t a
w a ' e ä ' t ë '
h a d e y ë s t a '
ë y o n ö h s ä : t
w a d i a : w i '
h o n ö t ä h g ö : n
o ' s a t g a ë : y ö : ’
w o ' o d i g a ' h a '
s w a d e : g a ' t a
ë d w a n ö ' n o s
ë y a g o h s ä : t
h o ' d i s w a d ë j o ö s
ë y ö h s a w ë '
w ö ' ö g w a ö ' e : s h a '
s w a h s a ' k a '
d ë g y ë n i s o h d a ' e : g
ë s y a d a h t e : w a d
e h n i n i y ö d ë '
n e y o d i y e : ë h
h a d i a : w i '
d ë s w a d ë : j o ö s
j o d e ' h a : s d ö '
w a j o ’ d a : d
ö g w a d e k ö : n i : h
h o ' g y a t g ë h
ö k n y a h d ö : n i h
w a y a d w ë : d e d
h o ' j ö t a : g
h o ' k y a d ö :
h n y a d w ë d e t a '
ë ö ä ' t ë '
e d w a d o t g a '
g a h d ë : d i h
h o ' d i d w o n y a h s i '
d ë g ë n i s o h d a ' e : g
ë h s n i y ö d ë '
w a d i y ë t w a : g o '
w a t g w e : n i ’
ë y a d a ö d ö : '
ë n i y e : n ö : '
j i s n i h s y ö : n i h
h o ' g y a y a k a '
w a d i n e g o : s ä : s
g o n ö ' g e ä : d ö h
ë g a d o i s h ë : '
s a t š o : w i h
ë w ö t g a n y e : '
ë ö d i t a : ë '
h o ' j o d i ' s a ë y ë h
ë t s a d e ' h a : s d ö : '
w a ë n ö h s e d
ë n i j o ' y a : k a '
s w a t ä h g ö : n
k n i n i y ö t a '
h o ' g a i h s a : g
w a ' a g o h s ë s
d e s n y a w ë n y e h
ë g y a h s o h
h o ' d ë n ë : h d a d
h o ' t g y ë h s o w e : g
ë h n y a d e w a d ë '
e d w a y ë n t o '
ë n ö y a k a '
w a y a t š o : w i '
e d w a j ë n ö : w ö ' s
ë w ö d e : g a t
d ë s w a ' s a ë y ë h
ö g w a d ö s w e ' d a n i h
ë h n i y ë t w a : g o '
ö g y ë ’ n i g o : s y ö ’
w ö ' ö d o i s h ë : '
s a g a : y ë s
ë s ö ' e : s h a '
e h n y a d o t g a '
ë n ö d ë n i n ö '
w o g a ' h a '
h o ' t g e : s n y e : '
ë w ë n ö a j o ’ d a : d
ë s a y ë : d a t
w ö ' ö k n i ' n i g ö h ë h
ë s a d e : g a t
e d w a y a d ö :
e h n i g e o d ë : '
s e
ë s a : d ö '
o ' s a d ë n i n ö '
ë d w a j ë : '
h o ' w ë n ö d o w ä : d
ë w ö d i n i y ö d ë '
ë ö d i y ë : n t o '
ë n ö a j o ’ d a : d
h o ' w a d i y ë : n t o '
h o ' w a h d ë : d i '
h o ' s y e : n ö : '
h ë n ö h d ö n y ö h
w a d i ' h a : s d ë h
y e n e g o : s ä : s
ë d w a h a ' d a : n ö : '
w o h j ö k
h o ' s ë n ö g ä : g o '
h o ' t g a t a : g
ë g y a ' d a : ë '
d e h n i n i h š o : d
ë s a j a ' d a : w i t
s w a h d ö : n i h
ë h n i g e o ' j i : y a k
w a ë ’ n y ö d a : t
d ë ö w ë n y e : '
s n y a h d ö : n i h
ë g a d e : g a t
e h n i g ë '
d e a : s n y e '
ë g y a d a ö d i y o s
s a h s y ö : n i '
e d w a n o w a : e ’
ë s w a n e g o : s ä h
e s a y ë ' h i k
s e h n i h s y ö : n i '
ë s a d ö s w e ' d ë '
e s w ë n i h ë : '
o n ë d e t g ä d e '
ë n ö h d ë : d i '
s h o n ö d i : w a h s y ö : n i : h
ë n i j i s d o : d ë '
w a ë n ë ’ n i g o : s y ö : ’
ö g e h s ë s
s w a d o t g a ' w a s
d ë s n y a t a : g
s ë n ö ' g e ä : d ö h
s a d a ö d i y o s d ö h
ë d w a d o t g a '
ë w ë n o e : t a '
e h n y a t g ë h
h o ' w ë n ö d e k ö : n i '
ë s a d w ë : d e d
ö k n i ' n i g ö h ë h s
o d i y ë '
ë s e s w a ë h
h i g e o d ö : n y ö h
g y a y a : s
ë w ë n ö j e : s a d
ë s n y a d o : w i '
h o ' g y a j ë n ö : w ö ' s
s n i s w a ë s
h a : w i '
w o ' o n ë d e t g ä d ë h
h a d a : j e ' s
ë y ö t š o : w i '
ë n ö h s a k
ë w ö h s y ö : n i '
e s n i ' h o t s i '
y e g e o d ö : n y ö h
e s ö ' e : s h a '
k n o w a : e s
h o n ö d ë n o : d
w a n i y ö d ë '
w ö ' ö t g ë h j i s
ë w ö d i n ö ' j o : d ë '
y o h s e h d a : n ö h
e s n i g a ' h a '
o n i d a ' ö h
h o ' g e g e o d ë : '
h ë n ö y a : s
ë s n i k ö : n i '
h o ' t s e : s n y e : '
h a ' h o t s i '
ë s w a j e : s a d
g a h s e h d a : n ö h
g y a t a ' d ö : '
h o ' s n o w a : e ’
w a i h s a : g
o n ö d e k ö : n i : h
ë ö n i y ö d ë '
ë o n i : d a '
d e y ö g w ë n i s o h d a : e
h n y a d ë n i n ö h
ë s h i h s y ö : n i '
ë s g y a d a h t e : w a d
n e s w a j e : ë h
ë ö ' h o t s i '
o n ö t ä h g ö : n
h o ' w a d i g e o ' j i : y a k
h a d ë ' n i k ö n y ö h
j i d w a h s y ö : n i h
k n i y e n ö : s
o ' w a d a ö d ö : '
s a h s o : s
ë s n y ë ’ n y ö d a : t
ë o d i y ë ' h i k
h o y ö : d i : h
h o ' g a d o t g a '
d ë d w a d ë n ö : n y o : '
ö g w a ' n i g ö h ë h s
s e h a ' d a : n ö h
o ' w a d o i s h ë : '
d ë g o n y a h s i '
e h n y ë n ö h d ö : n y ö : '
e s n y a d e w a d ë '
ë y e g e o ' j i : y a k
o ' n i g ö h ë h s
s w a i w a g w e : n y ö s
ë s n i g a y ë h
k n i n e g e : h a '
d ë s n i ' s a ë y ë h
ë w ë n ë ’ n y ö d a : t
h o ' s a j e : s a d
d e s n i n i h š o : d
ë k n i n e g o : s ä h
h o ' w a d o w ä : d
ë h n i j o ' y a : k a '
w ë n ë n ö h d ö n y ö h
o d a ' ö h
e h n y a h s e h d a : n ö : '
e s w a h a ' d a : n ö : '
w a t g a ë : y ö : ’
h n y a d a ö d ö : '
ë ’ n y ö d a : t
w ë n ö h s e d t a '
ë w ö d i y o '
d ë h n y a t a : g
g y a h s a ' k a '
ë g e y ë ' h e t
ë j i s n i h s y ö : n i '
s n i n ö k d a n i h
ë s w a h s e h d a : n ö : '
w a n i : y a k
s n ö ' n o s t a '
ë g a d ë n y e : d
h o ' w ë n ö t i s
h o ' s a d e k ö : n i '
ë y o g a y ë h
g a d o w ä : s
y ö h s a ' k a '
h i s w a ë s
ë w ë n ö d ë n i n ö '
s a j ë n ö : w ö ' s e h
ë s n y a h s ä : t
ë s h a i : w a h s y ö : n i ‘
h o ' t s ë : h d a d
e s w a d o t g a '
ë s g a d i : w a h s y ö : n i '
ë y ö : t g ë h
h o ' s a y a k a '
ë w ö d ë n o w a ’ h ö : ’
h n y a s h e : d a s
e s w ë ’ n i g o : s y ö : ’
ë y ö h d ë : d i '
ë h n i n ö ' n o s
e d w ë n ö g ä : g o '
s w a ' g a d i : w a h s y ö : n i : h
g y a d ë ' n i k ö n y ö h
ë y a : d ö '
h ë n ö a d ë n y e : t a '
o n ö ' k w ë ' ö h
s w a s w a ë s
w a ë n ë n ö h d ö : n y ö : '
ë s h a d i h s y ö : n i '
ë w ë n ö : d ö '
ë n i g a n y a k
ë o n ö ' e : s h a '
ë w ö y a k a '
ë y ö j ä : d a k
d ë d w a g
e s n i n o e t
ë s e k ö : n i '
w ö ' ö j ä : d a k
s w a d ö s w e ' d a n i h
ë j i s w a d a h t e : w a d
e d w a h s e d
ë y a g o h s ë s
d ë y o d i e : d
ë y o n i : d a '
d e k n i : d a : j e ' s
e d w a d ë ' n i k ö : '
ë y ö t g ë h j i s
g y a d a : w i h
ë h n i y ë n t o '
d ë g e : s n y e : '
d e g o e : t a ’
w a ë n ö h d ö : n y ö : '
w a ë n ö j ë n ö : w ö ' s
d e s n i ' s a ë y ë s
ë s w a ' h o t s i '
y e y a d ö : n y ö h
ë h s a t ä h g ö : d ë '
s w a d ë n i n ö h
ë ö j a ' d a : w i t
w o ' o h s ä : t
d a n i : w a e g
s w a y a : s
ë d w a y e n ö : '
ë o n ö d e t g ä d ë h
g ä ' t ë h
e d w a d o w ä : d
h o n ö d i y o : h
h o ' d i d w a t a : g
n ö ' w a d i y e : '
s a g y a d a h t e : w a d
s g a i : w a h s y ö : n i h
w a y ë n i h ë : '
ë k n i n i y ö d ë '
ë s w a j a ' d a : w i t
o ' w ë n ö d a ö d ö : '
s n i j o ' y a : s
w a y ë t w a : g o '
ë s y e : n ö : '
ë n i k ö : n i '
h ë n ö h s y ö n i h
g e ' h a : s d e '
ö g w a h j ö ’ ö h
d ë s n y ë : h d a : d
ë g y a d a h s e d
d e s n i h g w a '
ë s w a t g a ë : y ö : ’
e s w a y ë ' h i k
