k i t t a   m i k e s k a k e p u n ā
n a u m
ā   k e k e s k u m a n
k i t t a   w ẻ   p i p o o n e y i k
ā   t i p i s k a m u k u n e y i k w ā
k i t t a   m i k e s k a y i k e p u n ā
k i t t a   w a p u n o o k o p u n ā
ā   t i p i s k a m u k ủ k w ā
ā   t i p i s k a m u k u n e y i k e p u n
ā   k ẻ   m i k e s k a k ā t o o k w ā
ā   t i p i s k a m u k u n e y i k ā t o o k w ā
k i t t a   k i s s i n a y i k e p u n ā
k i t t a   k e s i k a m u k ủ k e p u n ā
n a t ā o
ā   t i p i s k a m u k ủ k e p u n ā t o o k w ā
k i t t a   k ẻ   w ẻ   k i m e w u n e y i k e p u n ā
k i t t a   m i s p o o n o m u k u n o o k o p u n ā
k i t t a   k i s s i n a m u k u n o o k o p u n ā
n a ā n
k ẻ   n a t ā o
w a p u n
n a t
n a ā n a p u n
ā   k ẻ   p ā s e w ủ k
p ā s e w u m
p ā s e w a w
p ā s e w u m
g a   n a ā n
ā   n a t u k
g a   p ā s e w ā o
k ẻ   w a p u n
s a k e h ā n a p u n
p ā s e w u m w u k
s a k e h a w
k e k e s k u m
n a ā n a n o w
p ā s e w ā w u k
p ā s e w a ̉
p ā s e w ā n a p u n
p ā s e w a ̉
k ẻ   s a k e h ā w u k
n a t a ̉ k u n
k ẻ   w ẻ   w a p u n
ā   k ẻ   p i p o ỏ k
n a t i m a w a
k i t t a   k ẻ   k i s s i n a w
s a k e h
p ā s e w a w
k e k e s k o w ā o
ā   n a ủ m ā k
s a k e h a ̉ t y
n a u m o o k
n a t i m ā w u k
k ẻ   n a t ā w u k
ā   n a t a t c h i k
k ẻ   k e k e s k ā n
k ẻ   n a a ̉
s a k e h ā w u k
ā   n a u m ủ k
k ẻ   w ẻ   k i s s i n a m u k u n e y i k e p u n ā
k ẻ   m i k e s k a w
p i p o o n e y e w
ā   w ẻ   k i m e w k
k ẻ   s a k e h u m w u k
i t ā y i m a ̉
s a k e h i m ā y e w a
k e k e s k o w e ẻ k o o k
k e k e s k o w a ̉ k
k e k e s k o w a ̉ k o o k
k ẻ   w ẻ   k i s s i n a m u k ủ k w ā
s e k a h a ̉ t o w
g a   k ẻ   p ā s e w ā n
g a   i t ā y i m ā o
ā   p ā s e w u k
k ẻ   n a t a ̉ t y u k
g a   k ẻ   n a t ā o
n a t a t a k
g a   k ẻ   p ā s e w ā n
ā   n a u m u p u n
p u s u s t a ̉ w
k e k e s k   a ̉
p ā s e w a t a n
i t ā y i m u m o p u n
g a   s a k e h ā o
p ā s e w a w u k
w ẻ   n ỏ t ā p u y e w
k ẻ   n a t a w u k
ā   k i s s i n a k
k i t t a   m i k e s k a y e w
i t ā y i m a w u k
k ẻ   k e k e s k ā n a p u n
p ā s e w i k
k ẻ   i t ā y i m ā n
p u s u s t a ̉ ā n
ā   w ẻ   k i s s i n a m u k u n e y i k e p u n
ā   k i s s i n a k w ā
k ẻ   p ā s e w a ̉ t y
ā   n a t a t
n a t a w a w u k
k ẻ   s a k e h a ̉ t y
g a   s a k e h a ̉
k ẻ   p ā s e w a ̉ t y
p ā s e w a y ẻ
g a   s a k e h ā n a n
ā   k ẻ   p u s u s t a ̉ u m ủ k
g a   k ẻ   n a t a w
g a   k ẻ   n a t a w
g a   k ẻ   i t ā y i m ā o
k ẻ   s a k e h a ̉
i t ā y i m u m w u k
m i k e s k a y e p u n
w ẻ   k i s s i n a w
ā   p ā s e w ủ k w a w
s a k e h ā n a n o w
p i p o o n o o k o p u n
ā   n a ủ k w a w
n a t a y ẻ
n a t i m a ̉ w a w
ā   k ẻ   k i m e w ủ k
n a t a ̉ t y u k
ā   s e k a h a ̉ t u m u p u n
ā   w a p u n e y i k
g a   p ā s e w a ̉
ā   p ā s e w ủ k o o k
p u s u s t a ̉ w ā o
ā   s a k e h u m u n
p u s u s t a ̉ u m
s a k e h i m a ̉
ā   p ā s e w ā k
ā   k ẻ   n a u m ủ k
k ẻ   w a p u n o o k w ā
k ẻ   w ẻ   k i s s i n a m u k u n e y i k w ā
k i t t a   k ẻ   m i k e s k a y e w
p ā s e w i m a w a
k ẻ   i t ā y i m u m o p u n
ā   k ẻ   m i k e s k a k
ā   k ẻ   w a p u n e y i k
ā   s a k e h u m a n
k ẻ   w a p u n e y i k w ā
ā   k ẻ   n a u m u n
k e k e s k a ̉
k ẻ   s e k a h a ̉ t ā n a p u n
k i s s i n a y e w
k ẻ   s e k a h a ̉ t ā n a p u n
ā   w ẻ   t i p i s k a m u k u n e y i k ā t o o k w ā
n a a ̉ t a w a w
i t ā y i m a n a n
k e k e s k o w ā w u k
g a   k ẻ   n a t a ̉ t y
k ẻ   n a a ̉
k ẻ   w ẻ   w a p u n e y i k w ā
ā   m i k e s k a y i k e p u n ā
ā   k ẻ   t i p i s k a m u k u n e y i k ā t o o k w ā
i t ā y i m i k
ā   k ẻ   w ẻ   k i s s i n a m u k ủ k
p ā s e w i m a w a
ā   i t ā y i m u t
ā   w ẻ   m i k e s k a k
g a   n a t a n a n o w u k
k i t t a   n ỏ t ā p u y e w
ā   s a k e h u k i k
g a   p ā s e w a ̉ t y u k
s a k e h t a k
k ẻ   i t ā y i m ā w u k
ā   p ā s e w u k i k
g a   k ẻ   p ā s e w ā o
ā   k i m e w u n e y i k
ā   k i m e w ủ k w ā
ā   k e k e s k o w ā k
k ẻ   i t ā y i m a ̉ t y
g a   k ẻ   s a k e h ā o
g a   i t ā y i m ā w u k
ā   w a p u n e y i k e p u n
s a k e h a ̉ k u n
g a   p ā s e w a n a n
k ẻ   k e k e s k u m o p u n
n ỏ t ā p u y e y e w
k i t t a   k i s s i n a m u k ủ k e p u n
k e k e s k o w a w u k
g a   n a ā n a p u n
k i t t a   w a p u n
k e k e s k o w a ̉ t y
k ẻ   k i s s i n a p u n
w ẻ   m i s p o o n o m u k u n
k ẻ   k i m e w u n o p u n
w a p u n e y e k o p u n
ā   k e k e s k ủ m ā k
ā   k ẻ   w ẻ   k i s s i n a m u k ỏ k e p u n
k e k e s k u m w u k
g a   k ẻ   n a t a w u k
ā   k e k e s k ủ k i k
p u s u s t a ̉ w ā w u k
ā   n a u m ā k e p u n
k ẻ   i t ā y i m a w u k
ā   k ẻ   w ẻ   k i s s i n a m u k u n e y i k
ā   k ẻ   s a k e h u m ủ k
g a   i t ā y i m a ̉ t y u k
p u s u s t a ̉ ā n a p u n
ā   i t ā y i m ủ k i k
k ẻ   k e k e s k o w a w u k
i t ā y i m a n a n o w u k
k e k e s k ā n a n o w
k e k e s k o w i k
n ỏ t ā p u y e p u n
ā   k ẻ   w ẻ   k i s s i n a m u k ủ k e p u n
g a   k ẻ   s a k e h a ̉
k i t t a   k ẻ   n a t ā k
w ẻ   m i k e s k a p u n
g a   k ẻ   p ā s e w a w
g a   i t ā y i m a ̉ t y
g a   k e k e s k ā n a p u n
ā   k ẻ   m i s p o o n e y i k
p ā s e w a ̉ t a n a n
p u s u s t a ̉ w ā w u k
ā   k ẻ   n a ủ k w a ̉ p u n
ā   s a k e h ủ k o o k
g a   p ā s e w a w a w
ā   s e k a h a ̉ t o w u k
k i s s i n a y e k o p u n
g a   s a k e h a w u k
k ẻ   p ā s e w a ̉ t y u k
ā   w a p ủ k ā t o o k w ā
g a   k ẻ   p ā s e w a n a n o w
p u s u s t a ̉ a ̉
s e k a h a ̉ t ā n a p u n
s e k a h a ̉ t a ̉
s e k a h a ̉ t o w a w
k i t t a   w ẻ   w a p ủ k
k e k e s k o w a t a n
g a   s a k e h ā n a w a w
s a k e h a ̉ t a w a w
p i p o o n e y e p u n
ā   i t ā y i m ủ k i k e p u n
g a   i t ā y i m a w u k
i t ā y i m a t a k
ā   w ẻ   m i s p o o n e y i k
ā   k ẻ   s e k a h a ̉ t ủ k i k e p u n
k ẻ   k i m e w u n e y e w
g a   i t ā y i m a ̉
g a   i t ā y i m ā n a p u n
k ẻ   s e k a h a ̉ t a ̉ t a w a w
i t ā y i m ā n a w a w
ā   k ẻ   s e k a h a ̉ t ủ k e p u n
s a k e h ā n a n o w
k ẻ   s e k a h a ̉ t u m o p u n
k i t t a   w a p u n e y e w
n a u m o p u n e e k
k ẻ   p u s u s t a ̉ w ā o
s a k e h a ̉ t a w a w
ā   s e k a h a ̉ t u m a n
