ā   s e k a h a ̉ t o w a t c h i k
ā   k ẻ   w ẻ   k i s s e c h e w u n o m u k u n e y i k ā t o o k w ā
w ẻ   t i p i s k a m u k u n o o k o p u n
k ẻ   w ẻ   k i s s e c h e w u n o m u k u n o o k o p u n
k i t t a   k ẻ   w ẻ   m e y o o s k u m e e y e w ā t o o k w ā
k i t t a   k ẻ   w ẻ   p i p o o n o o t o o k w ā
k i t t a   k ẻ   w ẻ   m e y o o s k u m e e y i k ā t o o k w ā
k i t t a   m e y o o s k u m e e y i k ā t o o k w ā
k ẻ   t i p i s k a m u k u n o o k o p u n
ā   k ẻ   w ẻ   m i s p o o n o m u k u n e y i k ā t o o k w ā
k i t t a   k ẻ   w ẻ   k i s s e c h e w u n o m u k ủ k ā t o o k w ā
g a   k ẻ   i s i t i s s a ̉ h u m a ̉ t a w a w
g a   k ẻ   i s i t i s s a ̉ h u m u m o o w a ̉ p u n
k i t t a   k i s s e c h e w u n o m u k u n e y e w ā t o o k w ā
k ẻ   i s i t i s s a ̉ h u m a ̉ t a w a w
k i t t a   k ẻ   k i s s e c h e w u n o m u k ủ k ā t o o k w ā
k i t t a   k ẻ   w ẻ   k e s i k a m u k u n o t o o k w ā
k i t t a   k ẻ   w ẻ   t i p i s k a m u k u n e y e w ā t o o k w ā
k i t t a   w ẻ   k i s s e c h e w u n o m u k u n e y i k ā t o o k w ā
k i t t a   k ẻ   m e y o o s k u m e e y e w ā t o o k w ā
w ā   w ẻ   k i s s e c h e w u n o m u k ủ k e p u n ā
k i s a s t ā m u k u n o o k o p u n
k i t t a   k i s s e c h e w u n o m u k ủ k ā t o o k w ā
k i t t a   w ẻ   k i s s i n a m u k u n e y e w ā t o o k w ā
k i t t a   k ẻ   k i s s i n a m u k u n e y e w ā t o o k w ā
w ẻ   m i s p o o n o m u k u n e y e e t o o k w ā
k i s s i n a m u k u n o o k o p u n
k ẻ   m e y o o s k u m e e y e e t o o k w ā
k i t t a   k ẻ   w ẻ   t i p i s k a m u k u n o o k o p u n ā
k i t t a   k ẻ   w ẻ   k i s s e c h e w u n o m u k u n o t o o k w ā
k i t t a   k ẻ   w ẻ   k i s s e c h e w u n o m u k u n o p u n
i s i t i s s a ̉ h u m o w a ̉ k ủ k w a n i k
k i t t a   w ẻ   k i s s e c h e w u n o m u k u n e y e k o p u n
ā   w ẻ   t i p i s k a m u k ủ k e p u n ā t o o k w ā
t i p i s k a m u k u n o o k o p u n
k i t t a   k ẻ   w ẻ   k e s i k a m u k u n o t o o k w ā
k i t t a   k ẻ   w ẻ   m e y o o s k u m e e k ā t o o k w ā
k i t t a   k ẻ   w ẻ   n ỏ t ā p u y e t o o k w ā
k i t t a   w ẻ   k i s s e c h e w u n o m u k u n e y e p u n
w ā   k i s s e c h e w u n o m u k ủ k w ā
k i t t a   k e s i k a m u k u n e y e w ā t o o k w ā
k i t t a   k ẻ   k e s i k a m u k u n e y e w ā t o o k w ā
k i t t a   k ẻ   k i s s e c h e w u n o m u k u n e y i k e p u n
k i t t a   k e s i k a m u k u n o t o o k w ā
k i t t a   k i s s e c h e w u n o m u k ủ k e p u n ā
k i t t a   k ẻ   w ẻ   k i s s i n a m u k u n o o k o p u n
k i t t a   k ẻ   w ẻ   m e y o o s k u m e e y i k e p u n ā
k i t t a   k ẻ   k e s i k a m u k ủ k e p u n
k i t t a   k ẻ   k i s a s t ā m u k u n e y e w ā t o o k w ā
k i t t a   w ẻ   m i s p o o n o m u k u n e y i k ā t o o k w ā
k i s s e c h e w u n o m u k u n e y e e t o o k w ā
k i t t a   k ẻ   w ẻ   k i s s e c h e w u n o m u k u n e y i k e p u n ā
k i t t a   k ẻ   w ẻ   m i s p o o n o m u k u n o o k o p u n ā
k i t t a   k ẻ   w ẻ   k i s s e c h e w u n o m u k u n e y i k
k i t t a   w ẻ   m e y o o s k u m e e y i k e p u n
k i t t a   w ẻ   k i s s e c h e w u n o m u k u n e y i k w ā
k i t t a   k i s a s t ā m u k u n e y e w ā t o o k w ā
k i t t a   k ẻ   k i s s e c h e w u n o m u k u n e y i k w ā
k ẻ   k i s s e c h e w u n o m u k u n e y i k e p u n ā
g a   i s i t i s s a ̉ h u m a ̉ t a w a w
k i t t a   k ẻ   w ẻ   k i s s e c h e w u n o m u k ủ k
g a   k ẻ   s e k a h a ̉ t a ̉ t a w a w
i s i t i s s a ̉ h u m ā n a n
k i t t a   k ẻ   w ẻ   m e y o o s k u m e e k o p u n
k i t t a   k ẻ   p u s u s t a ̉ t a t c h i k
k i t t a   m i s p o o n o m u k u n o t o o k w ā
w ẻ   k i s a s t ā m u k u n e y e e t o o k w ā
k ẻ   k e s i k a m u k u n e y e e t o o k w ā
k i t t a   k ẻ   w ẻ   m i s p o o n o m u k u n o t o o k w ā
k i t t a   t i p i s k a m u k ủ k ā t o o k w ā
k i t t a   k ẻ   k i s s e c h e w u n o m u k u n e y e w
k i t t a   k ẻ   w ẻ   k i m e w u n e y i k ā t o o k w ā
k i t t a   k i s s e c h e w u n o m u k u n e y i k
k i t t a   w ẻ   k i s s i n a m u k ủ k e p u n ā
k i t t a   k ẻ   w ẻ   m e y o o s k u m e e k e p u n ā
k i t t a   k ẻ   i s i t i s s a ̉ h u m o w ủ k
k i t t a   k ẻ   i s i t i s s a ̉ h u m o w u k e e t
k i t t a   k ẻ   w ẻ   k i s s i n a m u k ủ k w ā
ā   w ẻ   m e y o o s k u m e e k e p u n ā t o o k w ā
k i t t a   k ẻ   m i s p o o n o m u k u n e y i k e p u n
g a   i s i t i s s a ̉ h u m o w a ̉ t a w a w u k
k i t t a   k ẻ   t i p i s k a m u k u n e y e k o p u n
k i t t a   k i s s e c h e w u n o m u k u n o p u n
k i t t a   w ẻ   k i m e w u n e y e w ā t o o k w ā
k i t t a   k ẻ   w ẻ   m i s p o o n o m u k u n o t o o k w ā
k i t t a   k ẻ   k i s a s t ā m u k ủ k e p u n ā
k i t t a   k ẻ   k i s a s t ā m u k u n o o k o p u n ā
ā   k ẻ   w ẻ   k i s a s t ā m u k ủ k ā t o o k w ā
k i t t a   w ẻ   p i p o o n o o t o o k w ā
k i t t a   k ẻ   w ẻ   k e s i k a m u k u n o p u n
k i t t a   w ẻ   k i s s i n a m u k ủ k e p u n
k i t t a   k ẻ   w ẻ   m i s p o o n o o k w ā
k i t t a   k ẻ   m e y o o s k u m e e t o o k w a
k i t t a   w ẻ   k i s a s t ā m u k u n e y e p u n
k i t t a   w ẻ   m i s p o o n o m u k u n e y e p u n
k i t t a   w ẻ   k i s s e c h e w u n o m u k u n e y e w
k i t t a   i s i t i s s a ̉ h u m u m ủ k e p u n
k i t t a   k ẻ   k i s a s t ā m u k u n o o k o p u n
k i t t a   w ẻ   t i p i s k a m u k ủ k w ā
k i t t a   w ẻ   m e y o o s k u m e e k e p u n ā
k i t t a   w ẻ   k i s a s t ā m u k ủ k e p u n ā
k i t t a   k ẻ   k i s s i n a m u k ủ k e p u n
k ẻ   i s i t i s s a ̉ h u m o w a ̉ t a n a n
g a   k ẻ   p u s u s t a ̉ u m o p u n e e k
k i t t a   m i s p o o n o m u k u n e y e k o p u n
i s i t i s s a ̉ h u m o w i m a ̉ w a w
k i t t a   w ẻ   k e s i k a m u k ủ k e p u n
g a   n a ā n a n a p u n
g a   n a a ̉ t a n a n
k i t t a   w ẻ   k e s i k a m u k u n e y e k o p u n
k ẻ   i s i t i s s a ̉ h u m o w a ̉ t a w a w u k
k i t t a   k i s s i n a m u k u n e y e k o p u n
k i t t a   k i s s i n a m u k u n e y i k e p u n
k i t t a   k ẻ   w ẻ   k e s i k a m u k u n e y e k o p u n
ā   k i s s i n a m u k u n e y i k ā t o o k w ā
ā   w ẻ   k i s s e c h e w u n o m u k k
k i t t a   k ẻ   k i s a s t ā m u k ủ k w ā
k i t t a   w ẻ   k i m e w u n e y i k ā t o o k w ā
k ẻ   i s i t i s s a ̉ h u m o w a w a w u k
g a   k ẻ   i s i t i s s a ̉ h u m o w a n a n u k
k ẻ   w ẻ   m i s p o o n o m u k u n e y i k e p u n ā
k i t t a   k ẻ   w ẻ   k i s a s t ā m u k u n o t o o k w ā
k ẻ   w ẻ   k i s s e c h e w u n o m u k u n e y i k w ā
k i t t a   m i s p o o n o o t o o k w ā
k i t t a   w ẻ   k i s a s t ā m u k u n e y i k e p u n ā
k ẻ   w ẻ   m i s p o o k e p u n ā
k i t t a   k ẻ   k i s s i n a m u k u n o o k w ā
k i t t a   k ẻ   w ẻ   n ỏ t ā p u y e k o p u n
k i t t a   w ẻ   m i s p o o n o m u k u n o o k w ā
ā   k i s a s t ā m u k ủ k e p u n
k i t t a   k ẻ   k i s s e c h e w u n o m u k u n
k i t t a   w ẻ   t i p i s k a m u k u n e y e p u n
ā   k ẻ   w ẻ   m i s p o o n o m u k ủ k e p u n
k i t t a   k ẻ   m i s p o o n o m u k ủ k e p u n
k i t t a   k ẻ   w ẻ   t i p i s k a m u k u n e y i k e p u n
g a   k ẻ   i s i t i s s a ̉ h u m o w a ̉ t a n a n o w u k
k i t t a   k ẻ   m i s p o o n o m u k u n o t o o k w ā
e y   w ẻ   k e s i k a m u k u n e y i k e p u n ā
k i t t a   w ẻ   m e y o o s k u m e e t o o k w ā
k i t t a   k ẻ   w ẻ   k i s a s t ā m u k ỏ k e p u n
k i t t a   m e y o o s k u m e e t o o k w a
k i t t a   k ẻ   k i s s i n a m u k ủ k e p u n
k i t t a   k ẻ   w ẻ   k i s s i n a k ā t o o k w ā
k i t t a   k i s a s t ā m u k u n e y e p u n
ā   s a k e h u k e e t c h i k
k i t t a   m i s p o o k w ā
k i t t a   k e s i k a m u k u n e y i k e p u n
g a   k ẻ   p u s u s t a ̉ a ̉ t a n a n
k i t t a   k ẻ   m i k e s k a k ā t o o k w ā
k i t t a   k ẻ   p u s u s t a ̉ u m ā k e p u n
k i t t a   k ẻ   i s i t i s s a ̉ h u m o w ā k
k ẻ   w ẻ   p i p o o n e y e e t o o k w ā
k i t t a   w ẻ   k i s s i n a m u k ủ k w ā
k i t t a   k ẻ   m i s p o o n o o k o p u n ā
k i t t a   w ẻ   m i s p o o n e y e k o p u n
k i t t a   k ẻ   i s i t i s s a ̉ h u m u m u n
ā   k ẻ   k i s a s t ā m u k ủ k e p u n
i s i t i s s a ̉ h u m a ̉ t a n a n o w
i s i t i s s a ̉ h u m a ̉ t a n a n
k i t t a   k ẻ   i s i t i s s a ̉ h u m ủ k
k i t t a   k i s s i n a m u k ủ k e p u n
k i t t a   k ẻ   t i p i s k a m u k u n e y e w
g a   s e k a h a ̉ t u m o p u n e e k
k ẻ   p u s u s t a ̉ a ̉ t a w a w
k ẻ   i s i t i s s a ̉ h u m o w a n a n u k
p u s u s t a ̉ w a ̉ t a n a n u k
p u s u s t a ̉ w a ̉ t a n a n o w u k
k i t t a   k ẻ   m i s p o o n o m u k u n o p u n
g a   k ẻ   s e k a h a ̉ t o w a ̉ t a n a n u k
ā   w ẻ   k i m e w ủ k e p u n
k i t t a   k ẻ   p u s u s t a ̉ u m ủ k e p u n
k ẻ   k i s s e c h e w u n o m u k u n o p u n
k i t t a   i s i t i s s a ̉ h u m o w ā w u k
g a   k ẻ   n a ā n a n a p u n
k i t t a   w ẻ   k e s i k a m u k u n o o k o p u n
k i t t a   w ẻ   k i s s i n a y e k o p u n
k i t t a   k ẻ   w ẻ   m i k e s k ā t o o k w ā
k i t t a   k ẻ   w ẻ   m i s p o o n o m u k ủ k
g a   k ẻ   i t ā y i m a ̉ t a w a w
g a   k ẻ   i t ā y i m u m o o w a ̉ p u n
k ẻ   w ẻ   m i s p o o n o m u k ủ k e p u n ā
k i t t a   w ẻ   k i s s i n a k ā t o o k w ā
k ẻ   m i s p o o n e y e e t o o k w ā
ā   k ẻ   w ẻ   n ỏ t ā p u y e y i k ā t o o k w ā
k ẻ   w ẻ   k e s i k a m u k u n e y i k e p u n
g a   i s i t i s s a ̉ h u m o w a ̉ t y u k
w ẻ   t i p i s k a m u k u n e y e e t o o k w ā
k i t t a   k ẻ   k i s s e c h e w u n o m u k ủ k
k ẻ   w ẻ   k i s a s t ā m u k u n o o k o p u n ā
k i t t a   w ẻ   k i m e w u n e y e k o p u n
k i t t a   k i m e w u n e y i k ā t o o k w ā
k i t t a   k ẻ   k i m e w u n e y i k e p u n ā
g a   k ẻ   i s i t i s s a ̉ h u m o w a ̉ t y
g a   k ẻ   s e k a h a ̉ t o w a n a n o w
k i t t a   k ẻ   w ẻ   n ỏ t ā p u y e y e k o p u n
ā   w ẻ   m e y o o s k u m e e y i k e p u n
ā   k ẻ   w ẻ   k i s a s t ā m u k ủ k e p u n
ā   k ẻ   w ẻ   k i s a s t ā m u k ỏ k e p u n
k i t t a   k i s a s t ā m u k u n e y i k w ā
k i t t a   k i s s i n a t o o k w ā
k i t t a   k ẻ   w ẻ   m i k e s k a y e k o p u n
k ẻ   w ẻ   k e s i k a m u k u n e y e p u n
ā   w ẻ   k i s s i n a m u k ủ k e p u n ā
k i t t a   k ẻ   k e k e s k u m w a ̉ p u n
g a   k e k e s k a ̉ t a w a w
k i t t a   m e y o o s k u m e e y i k w ā
ā   k ẻ   i s i t i s s a ̉ h u m u m u p u n
g a   k ẻ   i s i t i s s a ̉ h u m o w a w u k
k i t t a   m i s p o o n o m u k u n o p u n
k i t t a   k ẻ   w ẻ   k i m e w u n o o k o p u n ā
k ẻ   i s i t i s s a ̉ h u m ā n a n a p u n
k ẻ   i s i t i s s a ̉ h u m a ̉ t a n a n o w
k i t t a   k i s s i n a y e w ā t o o k w ā
ā   w ẻ   k i s a s t ā m u k ủ k e p u n ā
k i t t a   k ẻ   w ẻ   t i p i s k a m u k u n
g a   k ẻ   p ā s e w a ̉ t a w a w
ā   k ẻ   w ẻ   m e y o o s k u m e e k e p u n
k i t t a   k ẻ   s a k e h u m a ̉ k e p u n
g a   k ẻ   i s i t i s s a ̉ h u m o w a n a n o w u k
g a   k ẻ   i s i t i s s a ̉ h u m o w a n a n u k
g a   i s i t i s s a ̉ h u m u m o p u n
k i t t a   w ẻ   w a p u n e y i k e p u n
ā   w ẻ   m i s p o o n o m u k ủ k e p u n ā
k i t t a   k e s i k a m u k u n o o k o p u n
ā   w ẻ   m i s p o ỏ k e p u n ā t o o k w ā
w ẻ   k e s i k a m u k u n o t o o k w ā
i s i t i s s a ̉ h u m o w i m a w a
k i t t a   k ẻ   w ẻ   w a p ủ k e p u n ā
k i t t a   k ẻ   w ẻ   w a p u n o o k o p u n ā
i s i t i s s a ̉ h u m o w a ̉ t a n a n o w
k i t t a   i s i t i s s a ̉ h u m o w ā o
ā   k i s a s t ā m u k u n e y i k e p u n
w ẻ   m i s p o o n o o t o o k w ā
k i t t a   n ỏ t ā p u y e y e w ā t o o k w ā
ā   i t ā y i m u k e e t c h i k
e y   w ẻ   k e s i k a m u k ủ k e p u n ā
k i t t a   k ẻ   w ẻ   w a p ủ k ā t o o k w ā
k i t t a   w ẻ   k i s a s t ā m u k u n e y i k w ā
k ẻ   i s i t i s s a ̉ h u m o w a n a n o w
ā   w ẻ   m e y o o s k u m e e y i k e p u n
k i t t a   k ẻ   w ẻ   k e s i k a m u k u n
ā   w ẻ   m e y o o s k u m e e k e p u n
k i t t a   k ẻ   w ẻ   k i s s i n a y i k e p u n ā
ā   w ẻ   m i s p o o n o m u k u n e y i k w ā
k i t t a   w ẻ   k e s i k a m u k ủ k w ā
ā   k i s s i n a k e p u n
g a   i s i t i s s a ̉ h u m o w a n a n u k
k i t t a   k i s a s t ā m u k ủ k w ā
g a   k ẻ   k e k e s k o w a ̉ t a w a w
w ẻ   m i s p o o n o m u k u n e y e p u n
