n a t i m a ̉ t a n a n o w
s a k e h i k
ā   k ẻ   p u s u s t a ̉ u m a ̉ k e p u n
e y   k e s i k a m u k ủ k w ā
ā   k ẻ   i s i t i s s a ̉ h u m ủ k e p u n
ā   p i p o o n e y i k e p u n
k i t t a   w ẻ   n ỏ t ā p u y e y i k e p u n
k ẻ   k e k e s k ā n a p u n
k e k e s k o w i m a y ẻ
g a   k ẻ   s e k a h a ̉ t o w a ̉ t y
k ẻ   i t ā y i m a n a n
ā   w ẻ   m i k e s k a k w ā
ā   k ẻ   p ā s e w ủ k i k e p u n
g a   n a t a ̉ t y
k ẻ   w ẻ   k i s s i n a m u k u n o p u n
k i m e w u n e y e k o p u n
ā   k e k e s k u m a ̉ k
k i t t a   k ẻ   w ẻ   t i p i s k a m u k ủ k
ā   k ẻ   s a k e h ủ k i k
k i s a s t ā m u k u n e y e k o p u n
s e k a h a ̉ t o w e ẻ k
i s i t i s s a ̉ h u m ā n
g a   k e k e s k o w a ̉ t a n a n u k
k i t t a   k ẻ   k i s a s t ā m u k u n o t o o k w ā
i s i t i s s a ̉ h u m o w ā n a n o w
ā   w ẻ   p i p o o n e y i k e p u n ā
k i t t a   k ẻ   n a t u k e e t
s a k e h a ̉ k ủ k
ā   k ẻ   w ẻ   n ỏ t ā p u y i k e p u n
ā   k ẻ   w ẻ   k i m e w u n e y i k
k i t t a   k ẻ   w ẻ   p i p o ỏ k
k i t t a   k i s a s t ā m u k u n e y i k
k i t t a   k i s s i n a k w ā
g a   s a k e h a ̉ t a w a w u k
k i t t a   m i s p o o n o m u k ủ k ā t o o k w ā
ā   k ẻ   w ẻ   m i k e s k a y i k
ā   s a k e h u k
k i t t a   w a p u n
ā   w ẻ   p i p o ỏ k e p u n
g a   k ẻ   i t ā y i m a n a n
n a t a n a n o w u k
k i t t a   k ẻ   w ẻ   k i s s i n a k e p u n
p u s u s t a ̉ w a ̉ t a w a w
k i t t a   k ẻ   w ẻ   k i m e w ủ k e p u n ā
k i t t a   k e s i k a m u k u n e y e k o p u n
s e k a h a ̉ t o w a n a n
k ẻ   k e k e s k u m o p u n e e k
k i t t a   n ỏ t ā p u y e y i k
ā   n ỏ t ā p u y e y i k e p u n
g a   i s i t i s s a ̉ h u m ā n
k i t t a   k ẻ   k i s s i n ā t o o k w ā
g a   k ẻ   p ā s e w a ̉
ā   k ẻ   k i s s i n a m u k ủ k e p u n
s e k a h a ̉ t a ̉ t a w a w
k i t t a   k i s s e c h e w u n o m u k u n o o k w ā
ā   k ẻ   w ẻ   k i s a s t ā m u k u n e y i k
g a   k e k e s k o w a ̉ t a w a w u k
ā   k ẻ   w a p ủ k e p u n
k i t t a   k ẻ   w ẻ   k i s s i n a m u k ủ k e p u n
k i t t a   w ẻ   k i m e w ủ k ā t o o k w ā
k i t t a   k ẻ   w ẻ   m i s p o o n o m u k u n
ā   k e k e s k u m u n
k i t t a   m i s p o o n o o k o p u n
g a   i t ā y i m u m w u k
k i t t a   k i s s i n a k e p u n
g a   k ẻ   i s i t i s s a ̉ h u m o w a w a w u k
ā   s e k a h a ̉ t u m a ̉ k e p u n
k i t t a   k e s i k a m u k ủ k w ā
g a   k ẻ   p ā s e w ā w u k
k i t t a   w ẻ   t i p i s k a m u k u n o o k o p u n
k ẻ   w ẻ   t i p i s k a m u k u n o o k o p u n
ā   k ẻ   k e k e s k ủ p u n
ā   k ẻ   i t ā y i m ủ k
g a   i t ā y i m a ̉ t y
k i t t a   k ẻ   w ẻ   p i p o o n e y e k o p u n
s a k e h a ̉ t y
k i t t a   p i p o o n o o k o p u n ā
g a   k ẻ   k e k e s k ā n a n
k ẻ   w ẻ   k i s s i n a y i k e p u n
k ẻ   w ẻ   p i p o o n o o k o p u n
k i t t a   w a p ủ k e p u n
g a   k ẻ   i t ā y i m a w
ā   n ỏ t ā p u y e y i k e p u n
k i t t a   k ẻ   w ẻ   t i p i s k a m u k ủ k w ā
p u s u s t a ̉ ā n
ā   k e k e s k o w u k e e t
s a k e h i m a n a n a
k i t t a   t i p i s k a m u k u n o o k o p u n ā
k ẻ   s e k a h a ̉ t ā n a w a p u n
k ẻ   p ā s e w a ̉ t a n a n u k
ā   m i s p o o n o m u k ủ k w ā
ā   s a k e h ủ k
g a   k ẻ   i t ā y i m u m o p u n e e k
g a   i t ā y i m a w
k ẻ   p ā s e w ā n a n
k i t t a   i t ā y i m ủ k i k e p u n
ā   k ẻ   s a k e h u m a n
k i t t a   w ẻ   k i s s e c h e w u n o m u k u n e y i k e p u n
ā   k ẻ   n a ủ k w a w
k i t t a   k ẻ   w ẻ   m e y o o s k u m e e t o o k w ā
