p ā s e w a ̉
w ẻ   k i m e w u n o t o o k w ā
k i t t a   w ẻ   k i s a s t ā m u k ủ k e p u n
ā   w ẻ   m i s p o o n o m u k u n e y i k e p u n ā
k ẻ   w ẻ   m e y o o s k u m e e y e p u n
k i t t a   k ẻ   k i s a s t ā m u k ủ k
k i t t a   k ẻ   k i s s e c h e w u n o m u k u n o o k w ā
p ā s e w i m ā o
s e k a h a ̉ t o w a ̉ t y u k
ā   k ẻ   s e k a h a ̉ t u m ā k e p u n
k ẻ   k e s i k a m u k u n e y e w
k i t t a   k ẻ   p ā s e w ủ k
ā   k ẻ   s a k e h ủ k w a ̉ p u n
k i t t a   k i s a s t ā m u k ủ k ā t o o k w ā
p u s u s t a ̉ ā n a p u n
k ẻ   w ẻ   m i s p o o n e y e w
k ẻ   p ā s e w a w
k i t t a   w ẻ   m e y o o s k u m e e k w ā
k i t t a   w ẻ   n ỏ t ā p u y e y e k o p u n
k i t t a   i s i t i s s a ̉ h u m u m ā k e p u n
g a   k ẻ   s e k a h a ̉ t a ̉ t a w a w
i t ā y i m a y ẻ
k i t t a   w ẻ   t i p i s k a m u k ủ k e p u n ā
k ẻ   s a k e h a n a n o w u k
k ẻ   k e k e s k o w a n a n u k
k ẻ   w ẻ   k i s s i n a m u k u n o t o o k w ā
ā   k ẻ   k e s i k a m u k u n e y i k
ā   k i m e w ủ k e p u n ā
s a k e h ā n
g a   i t ā y i m a n a n
g a   k ẻ   p u s u s t a ̉ w a n a n o w
k i t t a   w ẻ   k i m e w u n o t o o k w ā
k i t t a   k ẻ   m i s p o ỏ k ā t o o k w ā
k i t t a   p u s u s t a ̉ u m a ̉ k
ā   k ẻ   i s i t i s s a ̉ h u m ủ m ā k
k ẻ   k i s s i n a m u k u n o t o o k w ā
g a   k ẻ   i t ā y i m a ̉ t y u k
k e s i k a m u k u n e y e e t o o k w ā
g a   p ā s e w ā n a w a w
ā   k ẻ   w ẻ   n ỏ t ā p u y e y i k e p u n
g a   k ẻ   k e k e s k o w ā w u k
g a   k ẻ   n a t a w u k
p u s u s t a ̉ t a ̉ t y
k i t t a   k ẻ   w ẻ   n ỏ t ā p u y e w
g a   p u s u s t a ̉ w ā o
k i t t a   i s i t i s s a ̉ h u m u m a ̉ k e p u n
k i t t a   w ẻ   m e y o o s k u m e e k e p u n
k ẻ   s a k e h a ̉ t y
k i t t a   s a k e h u m u n
g a   k e k e s k ā n a n a p u n
g a   k ẻ   s a k e h a ̉ t a n a n u k
k i t t a   w ẻ   m i k e s k ā t o o k w ā
ā   k ẻ   w ẻ   p i p o o n e y i k ā t o o k w ā
e y   w ẻ   k e s i k a m u k u n o o k o p u n ā
ā   w ẻ   m i s p o o n o m u k ủ k e p u n ā t o o k w ā
g a   k ẻ   n a t a w
ā   k ẻ   i t ā y i m u m a ̉ k
w ẻ   k i s s i n a m u k u n o p u n
k i t t a   k e k e s k u m u n
k i t t a   m i s p o o n o m u k u n e y e p u n
ā   k ẻ   m e y o o s k u m e e k e p u n
g a   k ẻ   s a k e h a ̉ t a w a w
g a   k ẻ   n a t a ̉ t y
ā   p u s u s t a ̉ u m a ̉ k e p u n
k i t t a   m i s p o o n o m u k ủ k e p u n ā
k i t t a   k ẻ   n ỏ t ā p u y e y i k ā t o o k w ā
k i t t a   k i s s i n a w
p ā s e w ā n a w a p u n
ā   m i k e s k a k w ā
k ẻ   m e y o o s k u m e e k w ā
k i t t a   k ẻ   s a k e h ủ k
ā   k e k e s k o w a t
k i t t a   k ẻ   p ā s e w u m a p a n
k ẻ   p ā s e w a ̉
m e y o o s k u m e e p u n
k i t t a   k ẻ   w a p u n e y i k w ā
k i t t a   k ẻ   w ẻ   p i p o o n e y i k ā t o o k w ā
k e k e s k o w i m ā w u k
i t ā y i m u m
p ā s e w i m a y ẻ
p ā s e w a ̉ t a w a w
g a   k ẻ   s a k e h a n a n o w
g a   k e k e s k o w a w u k
ā   w ẻ   k i s s i n a k
g a   k ẻ   s e k a h a ̉ t o w a w a w
k i t t a   k ẻ   w ẻ   k i s s i n a m u k u n o o k w ā
e y   k e s i k a m u k u n o o k w ā
g a   k ẻ   s a k e h a n a n u k
k i t t a   k ẻ   w ẻ   t i p i s k a m u k u n e y i k e p u n ā
w ā   w ẻ   k i s s e c h e w u n o m u k u n e y i k w ā
g a   p ā s e w ā w u k
ā   k ẻ   w ẻ   m i k e s k a k e p u n
k i t t a   k ẻ   p ā s e w u t
k i t t a   k ẻ   p ā s e w u m u p u n
e y   w ẻ   w a p u n o o k w ā
k i t t a   w ẻ   m e y o o s k u m e e y i k ā t o o k w ā
k i t t a   k ẻ   p u s u s t a ̉ ủ k i k
g a   k ẻ   s a k e h a ̉ t y
ā   p i p o ỏ k
p ā s e w ā n a n a p u n
