g a   k ẻ   i t ā y i m a ̉ t a w a w
k i t t a   k ẻ   w ẻ   k i s a s t ā m u k ủ k ā t o o k w ā
k i t t a   k ẻ   w ẻ   m e y o o s k u m e e y e w
k ẻ   p i p o o n e y i k w ā
k i t t a   k ẻ   w ẻ   k i s s i n a m u k u n o p u n
w ẻ   p i p o o n e y e k o p u n
k i t t a   i s i t i s s a ̉ h u m ủ k i k e p u n
k ẻ   w ẻ   m i k e s k a y i k e p u n ā
ā   i t ā y i m ā k
k ẻ   s a k e h a ̉ t a n a n o w u k
k ẻ   s a k e h ā o
p u s u s t a ̉ w a w a w
g a   k ẻ   i t ā y i m ā n a p u n
k ẻ   i t ā y i m ā w u k
k i t t a   k i m e w u n e y i k e p u n ā
k ẻ   s e k a h a ̉ t o w a ̉ t y u k
k ẻ   i s i t i s s a ̉ h u m a ̉ t a n a n
i s i t i s s a ̉ h u m o w a ̉ t a n a n
g a   k ẻ   i t ā y i m ā w u k
k i t t a   k ẻ   k i s s i n a m u k u n e y e w
k i t t a   w ẻ   m e y o o s k u m e e k ā t o o k w ā
i s i t i s s a ̉ h u m o w a ̉ t y
k ẻ   i t ā y i m ā n a p u n
g a   k ẻ   i s i t i s s a ̉ h u m a ̉
s e k a h a ̉ t o w a ̉ t a w a w
k e k e s k o w ā n a n o w
k i t t a   k ẻ   w ẻ   t i p i s k a m u k u n o p u n
ā   k ẻ   w ẻ   k e s i k a m u k u n e y i k e p u n
g a   k e k e s k a ̉
ā   k ẻ   s a k e h u m a ̉ k
k i t t a   k ẻ   k i s s i n a m u k u n e y i k e p u n
ā   k ẻ   w ẻ   k i s s i n a k e p u n
k i t t a   k ẻ   w ẻ   m i s p o o n o o t o o k w ā
k i t t a   w ẻ   m i k e s k a y i k e p u n ā
p u s u s t a ̉ w i m a ̉
k i t t a   w ẻ   k i s s e c h e w u n o m u k u n o t o o k w ā
k e k e s k o w a ̉ k ủ k
i s i t i s s a ̉ h u m o w a ̉ k
k ẻ   s a k e h ā n a p u n
p ā s e w ā n a n o w
ā   k ẻ   s e k a h a ̉ t u m ủ k e p u n
k ẻ   n a t a ̉ t a n a n o w
ā   w ẻ   w a p ủ k e p u n ā t o o k w ā
k i t t a   k ẻ   m i s p o o n o m u k ủ k e p u n
k ẻ   s a k e h a ̉ t y
s a k e h a ̉ k ā k o o k
k i t t a   k ẻ   k i s a s t ā m u k ủ k ā t o o k w ā
k i t t a   k i m e w ủ k w ā
g a   p ā s e w a w a w u k
ā   k ẻ   k i m e w u n e y i k
g a   k ẻ   i t ā y i m a w
k i s a s t ā m u k u n e y e e t o o k w ā
i s i t i s s a ̉ h u m o w e ẻ k
k i t t a   k ẻ   p i p o o n e y i k
k i t t a   k ẻ   w ẻ   k e s i k a m u k u n e y i k e p u n
g a   p u s u s t a ̉ w a ̉ t a n a n o w
g a   i t ā y i m a ̉ t a n a n
k ẻ   p u s u s t a ̉ u m o p u n e e k
g a   s a k e h ā n a w a p u n
i s i t i s s a ̉ h u m o w a ̉ t y
k i t t a   m i k e s k a k
k ẻ   i s i t i s s a ̉ h u m u m o p u n e e k
g a   k ẻ   i s i t i s s a ̉ h u m o w a w u k
g a   k e k e s k o w ā o
ā   m e y o o s k u m e e k e p u n ā
k e s i k a m u k u n e y e k o p u n
ā   w ẻ   k i s s i n a k e p u n ā
k i t t a   p i p o o n o o k o p u n
k ẻ   w ẻ   t i p i s k a m u k ủ k w ā
ā   s a k e h ủ k w a ̉ p u n
k e k e s k o w a ̉ t y
k i t t a   w ẻ   m i k e s k a p u n
k i t t a   k ẻ   w ẻ   p i p o o n e y i k e p u n ā
k i t t a   w ẻ   t i p i s k a m u k u n o o k o p u n ā
ā   p ā s e w ủ m ā k
k i t t a   w ẻ   k i s s i n a y i k e p u n ā
k i t t a   k ẻ   n a u m a ̉ k
ā   i t ā y i m u m u p u n
ā   k i s s i n a y i k e p u n
g a   k ẻ   i t ā y i m a w a w u k
ā   k i s s i n a m u k u n o o k w ā
k i t t a   k ẻ   n a ủ k e p u n
ā   k e k e s k u m a ̉ k e p u n
k i t t a   w ẻ   w a p u n e y e w
k ẻ   w ẻ   n ỏ t ā p u y e t o o k w ā
k ẻ   i t ā y i m a ̉ t a w a w
p u s u s t a ̉ w i m a ̉
k i t t a   k ẻ   w ẻ   t i p i s k a m u k u n e y i k
g a   s e k a h a ̉ t o w a ̉ t a w a w u k
k ẻ   m i k e s k a y i k e p u n ā
ā   w ẻ   t i p i s k a m u k k
k ẻ   k i s a s t ā m u k u n o t o o k w ā
w ẻ   w a p u n
s e k a h a ̉ t o w a ̉ t y
k i t t a   k ẻ   k i m e w u n o t o o k w ā
g a   k ẻ   i t ā y i m a n a n u k
k i t t a   s e k a h a ̉ t ủ k w a w
k ẻ   k e k e s k o w ā o
ā   p u s u s t a ̉ ủ m ā k
w ẻ   t i p i s k a m u k u n e y e k o p u n
