g a   p u s u s t a ̉ w a n a n u k
g a   s e k a h a ̉ t o w a ̉ t y u k
s e k a h a ̉ t ā n a n o w
k e s i k a m u k u n o o k o p u n
k ẻ   i s i t i s s a ̉ h u m o w a ̉ t y
ā   k ẻ   w ẻ   k i s s i n a m u k ủ k ā t o o k w ā
k i t t a   k e k e s k u m ủ k e p u n
k ẻ   s e k a h a ̉ t o w a ̉ t a w a w u k
ā   w ẻ   t i p i s k a m u k u n e y i k e p u n ā
g a   k ẻ   p u s u s t a ̉ w a ̉ t a w a w
k i t t a   k ẻ   w ẻ   k i s s i n a m u k u n e y i k e p u n ā
k i t t a   m i s p o o n o m u k u n e y i k
ā   p i p o o n e y i k w ā
k ẻ   w ẻ   m i s p o o n o m u k u n
s e k a h a ̉ t o w i m a n a n o w a
g a   i t ā y i m ā n
g a   p u s u s t a ̉ u m o p u n
p u s u s t a ̉ u m w u k
k i t t a   p u s u s t a ̉ u m ủ k
k e k e s k ā n a n o w
g a   k ẻ   p u s u s t a ̉ u m o p u n
k i t t a   w ẻ   n ỏ t ā p u y i k e p u n ā
ā   k ẻ   n ỏ t ā p u y e y i k
ā   n a t u k e e t c h i k
k i t t a   k ẻ   m i k e s k a y e w ā t o o k w ā
g a   k e k e s k ā n a p u n
k i t t a   k ẻ   w ẻ   k e s i k a m u k u n e y i k w ā
k ẻ   w ẻ   t i p i s k a m u k u n e y e p u n
k i t t a   p ā s e w ā w u k
s a k e h i m a w a
g a   s a k e h a ̉ t a w a w
g a   k e k e s k ā n
k i t t a   k ẻ   w ẻ   k i s s i n a m u k u n e y i k
ā   k ẻ   s e k a h a ̉ t u m a n
g a   k ẻ   i t ā y i m a ̉ t a n a n
w ā   k i s s e c h e w u n o m u k u n o o k o p u n ā
k i t t a   k ẻ   i t ā y i m u m a ̉ k
p i p o o n
ā   k ẻ   k e k e s k u m ā k e p u n
m i k e s k a y e k o p u n
k ẻ   n a ā n
g a   n a ā n a w a w
w ẻ   m i s p o o n o m u k u n o p u n
k i t t a   k i s a s t ā m u k u n e y e w
k i s s i n a w
k i t t a   k ẻ   i s i t i s s a ̉ h u m o w a t c h i k
n a a ̉
g a   k ẻ   s a k e h ā n a n a p u n
n a t a ̉ k
k i t t a   i s i t i s s a ̉ h u m ủ k
k ẻ   i s i t i s s a ̉ h u m a ̉ t a w a w
k i t t a   k ẻ   k e s i k a m u k u n e y e k o p u n
k i t t a   k ẻ   w ẻ   k i s a s t ā m u k ỏ k
ā   m i s p o o n e y i k e p u n ā
k i t t a   p i p o o n e y i k
g a   n a t a w
ā   k ẻ   t i p i s k a m u k ỏ k e p u n
k i t t a   k ẻ   w ẻ   m i s p o o n o m u k u n o p u n
k i t t a   k i m e w u n ā t o o k w ā
ā   w ẻ   m i s p o o n o m u k u n e y i k
k e k e s k o w a ̉ t a n a n u k
k i t t a   w ẻ   m i k e s k a w
ā   p ā s e w u m u n
k ẻ   p ā s e w u m o o w a ̉ p u n
p u s u s t a ̉ w i k a ̉ k ā k
k ẻ   k i s s e c h e w u n o m u k u n e y e w
g a   k ẻ   i t ā y i m a w u k
k i t t a   k i m e w u n e y e w
k i t t a   k ẻ   w ẻ   m i k e s k a k ā t o o k w ā
ā   k ẻ   w ẻ   n ỏ t ā p u y i k e p u n
k i t t a   p i p o o n e y e w ā t o o k w ā
k i t t a   k ẻ   w ẻ   k e s i k a m u k ủ k e p u n
k ẻ   w ẻ   k i s s i n a y i k e p u n ā
g a   k ẻ   n a t a n a n o w u k
k i t t a   k ẻ   w ẻ   p i p o ỏ k e p u n ā
k ẻ   k i s s e c h e w u n o m u k u n e y e p u n
k i t t a   k ẻ   k i m e w ủ k e p u n
k ẻ   p ā s e w ā n a p u n
ā   k ẻ   k i s s i n a m u k u n e y i k
k i t t a   n a ủ k w a w
k e k e s k ủ t a n
k i t t a   w ẻ   k i s s e c h e w u n o m u k u n e y i k e p u n ā
k ẻ   k i s s i n a y e e t o o k w ā
ā   k ẻ   n a u m a n
ā   k ẻ   k i s s i n a k e p u n
k i t t a   k ẻ   t i p i s k a m u k u n e y i k
k i t t a   s a k e h ủ k i k e p u n
k i t t a   k ẻ   m i s p o ỏ k
i s i t i s s a ̉ h u m o w a ̉ t a w a w u k
g a   i t ā y i m ā n a n a p u n
k i t t a   w ẻ   k i s s i n a y i k w ā
g a   i s i t i s s a ̉ h u m o w a w u k
k i t t a   w ẻ   k e s i k a m u k ủ k e p u n
ā   w ẻ   k i s s i n a m u k k e p u n
k ẻ   n a ā n a p u n
i t ā y i m a t a n i k
k ẻ   s e k a h a ̉ t o w ā w u k
k i t t a   k ẻ   w ẻ   k i m e w ủ k e p u n
g a   k e k e s k o w a w
m i s p o o n e y e k o p u n
