k i t t a   k i s a s t ā m u k ủ k e p u n ā
ā   k ẻ   i t ā y i m u m u p u n
ā   i t ā y i m ủ k w a ̉ p u n
ā   k ẻ   p u s u s t a ̉ u m u n
ā   s a k e h u m a p a n
ā   k e k e s k ủ k w a ̉ p u n
g a   s a k e h a ̉
ā   k ẻ   i s i t i s s a ̉ h u m u m ủ k e p u n
ā   k e s i k a m u k ủ k
g a   k ẻ   s e k a h a ̉ t o w ā o
k i t t a   k ẻ   w a p u n e y i k e p u n
k ẻ   i s i t i s s a ̉ h u m o w a w a w
ā   s e k a h a ̉ t o w u k e e t c h i k
k ẻ   p ā s e w a ̉ t y
k i t t a   k ẻ   i t ā y i m a t
k i t t a   n ỏ t ā p u y e y e w
k i t t a   m i s p o o n o m u k u n e y e w
g a   k ẻ   n a t a w
k i t t a   k ẻ   w ẻ   m i k e s k a k
g a   k ẻ   s a k e h u m o p u n e e k
k ẻ   k e k e s k o w a ̉ t y u k
ā   m i k e s k a y i k
s e k a h a ̉ t o w a n a n u k
k e k e s k o w i m a w a w a
ā   m i s p o o n o m u k u n e y i k e p u n
s a k e h a ̉ t a w a w u k
g a   k ẻ   p u s u s t a ̉ t a ̉ t y u k
ā   k ẻ   n a u m a ̉ k e p u n
k i t t a   k ẻ   w ẻ   k i s a s t ā m u k u n o o k w ā
k ẻ   n ỏ t ā p u y e k o p u n
k i t t a   n a u m ủ k
n a t i m ā o
g a   k ẻ   p ā s e w ā n a w a w
k i t t a   k ẻ   w ẻ   k i s s i n a m u k ủ k
k ẻ   n a a ̉ t a w a w
i s i t i s s a ̉ h u m o w i m a ̉ t a n a n o w
g a   k ẻ   s e k a h a ̉ t u m w u k
k i t t a   k ẻ   m e y o o s k u m e e k e p u n ā
g a   k ẻ   i t ā y i m ā o
w ẻ   p i p o o n e y e e t o o k w ā
k ẻ   w ẻ   t i p i s k a m u k u n o p u n
w ẻ   m i s p o o n o m u k u n e y e w
g a   n a t a ̉ t a n a n o w u k
i s i t i s s a ̉ h u m o w a w
i s i t i s s a ̉ h u m o w a ̉ t a n a n u k
ā   k ẻ   i t ā y i m ủ k e p u n
k i t t a   k ẻ   p ā s e w u m a ̉ k e p u n
ā   k ẻ   w ẻ   k i s s i n a m u k ỏ k
k ẻ   k e k e s k a ̉ t a n a n
k ẻ   s e k a h a ̉ t o w a w
k i t t a   w ẻ   m e y o o s k u m e e p u n
g a   k ẻ   n a t a w u k
s e k a h a ̉ t ā n a n o w
ā   w ẻ   k i s s i n a k e p u n
s e k a h a ̉ t o w ā n a n o w
g a   k ẻ   p u s u s t a ̉ a ̉
g a   i s i t i s s a ̉ h u m o w a ̉ t a n a n
s a k e h a t a n i k
k i s a s t ā m u k u n e y e w
k i t t a   p i p o o n e y i k w ā
ā   k ẻ   w ẻ   p i p o ỏ k e p u n
ā   k ẻ   m i s p o o n e y i k ā t o o k w ā
k i t t a   s e k a h a ̉ t ủ m ā k
k ẻ   w ẻ   m e y o o s k u m e e y i k e p u n ā
ā   p u s u s t a ̉ w u t c h i k
k ẻ   t i p i s k a m u k u n o t o o k w ā
k i t t a   k ẻ   n ỏ t ā p u y e k o p u n
k i t t a   k ẻ   k i s a s t ā m u k u n e y i k e p u n ā
e y   w ẻ   w a p ủ k e p u n ā
ā   k e k e s k u m w a ̉ p u n
ā   s e k a h a ̉ t u m ủ k e p u n
ā   n ỏ t ā p u y e y i k ā t o o k w ā
k ẻ   m i s p o o n o o k o p u n ā
g a   k ẻ   n a t a ̉ t y u k
ā   s e k a h a ̉ t ủ k w a w
ā   i t ā y i m u m a ̉ k
g a   k ẻ   i s i t i s s a ̉ h u m o w a w u k
ā   k ẻ   n ỏ t ā p u y e y i k e p u n
k i t t a   w ẻ   n ỏ t ā p u y e y i k e p u n
g a   p ā s e w ā n a n
k ẻ   k i s s i n a t o o k w ā
ā   n a u m u n
n a ā n a n a p u n
k i t t a   w ẻ   m i s p o o n o o k o p u n
i s i t i s s a ̉ h u m o w a t a k
k ẻ   p i p o o n o o k w ā
p u s u s t a ̉ w a t a k
g a   k ẻ   p ā s e w u m w u k
k i t t a   k ẻ   n ỏ t ā p u y e w
s a k e h u m
k i t t a   k ẻ   i s i t i s s a ̉ h u m u m ā k e p u n
g a   k ẻ   n a t a n a n
k i t t a   k ẻ   w ẻ   k i s s e c h e w u n o m u k u n e y e w
ā   k ẻ   p ā s e w ủ k w a w
ā   k ẻ   k i s s e c h e w u n o m u k ủ k
ā   m i s p o o n o m u k u n e y i k e p u n
k i t t a   k ẻ   w a p u n e y i k ā t o o k w ā
ā   k ẻ   w ẻ   w a p u n e y i k
k i t t a   k ẻ   w ẻ   n ỏ t ā p u y i k e p u n
g a   i t ā y i m a w
