k ẻ   w ẻ   k e s i k a m u k u n e y i k e p u n ā
k i t t a   k ẻ   k i s s i n a m u k ủ k w ā
ā   k ẻ   k e s i k a m u k ủ k e p u n
k i t t a   n a ủ p u n
ā   k ẻ   n a u m ủ k e p u n
g a   s a k e h ā o
k i t t a   t i p i s k a m u k u n e y i k
ā   p u s u s t a ̉ w u k e e t c h i k
k ẻ   i s i t i s s a ̉ h u m o w ā w u k
g a   k ẻ   s e k a h a ̉ t o w a ̉ t a n a n o w
k i t t a   w ẻ   k e s i k a m u k u n e y i k e p u n
ā   i t ā y i m u t c h i k
k i t t a   w ẻ   n ỏ t ā p u y i k w ā
ā   p u s u s t a ̉ ủ k w a ̉ p u n
ā   s e k a h a ̉ t u m ā k e p u n
g a   s a k e h a ̉ t a n a n o w
k i t t a   k ẻ   w ẻ   k i s s i n a y e k o p u n
k i t t a   k ẻ   k i m e w u n e y e k o p u n
k i t t a   w ẻ   k i s s i n a m u k u n e y e p u n
ā   k ẻ   p ā s e w ủ k i k
i s i t i s s a ̉ h u m o w a ̉ k ủ k w a w i k
s a k e h i m a ̉ w a w
i t ā y i m ā n a n a p u n
ā   w ẻ   m i s p o ỏ k ā t o o k w ā
g a   i t ā y i m a w u k
ā   w ẻ   k i s s i n a y i k w ā
k e k e s k o w a n a n
k i t t a   k ẻ   w ẻ   m i s p o o n o m u k u n e y i k e p u n
w ẻ   n ỏ t ā p u y e y e w
i t ā y i m ā o
k i t t a   k ẻ   s a k e h ủ k i k e p u n
g a   k ẻ   s e k a h a ̉ t o w a ̉ t y
p u s u s t a ̉ ā n a w a p u n
w ẻ   k i s s e c h e w u n o m u k u n
k ẻ   i s i t i s s a ̉ h u m o w a ̉ t y u k
k ẻ   p u s u s t a ̉ a ̉
ā   t i p i s k a m u k ủ k e p u n ā
g a   k ẻ   i t ā y i m ā o
g a   k ẻ   s a k e h a ̉
k i t t a   w ẻ   w a p u n e y i k e p u n
k i t t a   w ẻ   n ỏ t ā p u y e y e w ā t o o k w ā
k ẻ   w ẻ   k i m e w u n e y e w
k i t t a   k ẻ   k i m e w ủ k ā t o o k w ā
k e k e s k o w i k a ̉ k ā k
k i t t a   w ẻ   k i s a s t ā m u k u n e y e w ā t o o k w ā
k i t t a   w ẻ   k i m e w u n e y e p u n
k i t t a   p i p o o n e y e w
ā   k ẻ   w ẻ   k e s i k a m u k ủ k e p u n
k i t t a   k ẻ   w ẻ   n ỏ t ā p u y e p u n
w ẻ   p i p o o n o p u n
k ẻ   w ẻ   m i k e s k a y i k w ā
k i t t a   w ẻ   w a p u n o o k o p u n ā
g a   s a k e h a w
g a   k ẻ   s a k e h ā o
ā   w ẻ   k i s s e c h e w u n o m u k ủ k e p u n ā t o o k w ā
k ẻ   w ẻ   w a p ủ k w ā
k ẻ   s e k a h a ̉ t o w ā o
k i t t a   k i s s i n a k
s e k a h a ̉ t o w a ̉ k ủ k w a w i k
k e k e s k o w a n a n o w u k
ā   k i s s i n a m u k u n e y i k
p u s u s t a ̉ a ̉ t a n a n
ā   p u s u s t a ̉ u m u n
ā   k ẻ   p ā s e w u m ủ k
ā   w ẻ   k i s s e c h e w u n o m u k u n e y i k ā t o o k w ā
ā   k ẻ   k i s s i n a m u k ủ k
ā   w a p u n e y i k ā t o o k w ā
ā   k i s s e c h e w u n o m u k u n e y i k ā t o o k w ā
k i t t a   k ẻ   t i p i s k a m u k u n e y i k e p u n
k ẻ   m i k e s k a y i k e p u n
i t ā y i m a ̉ t a w a w
p u s u s t a ̉ w i m a ̉ w a w
k i t t a   w ẻ   k i s a s t ā m u k ỏ k
k ẻ   s a k e h a ̉
k e k e s k o w i m ā y e w a
k ẻ   m i s p o o k w ā
k i t t a   k ẻ   w ẻ   k i s a s t ā m u k u n e y i k w ā
i t ā y i m a ̉ t a n a n o w
k i t t a   k i s s i n a m u k u n o p u n
n a ā n a n o w
g a   i s i t i s s a ̉ h u m u m
w ẻ   k e s i k a m u k u n o o k o p u n
p ā s e w a ̉ t a n a n o w
g a   k ẻ   s a k e h a ̉ t y
g a   s a k e h ā w u k
ā   k ẻ   m i s p o ỏ k e p u n
g a   k ẻ   k e k e s k u m w u k
k ẻ   w ẻ   m i s p o o n o o k w ā
ā   n a t ủ k
k ẻ   w ẻ   p i p o o n e y e p u n
k e k e s k o w a y ẻ
k i t t a   k ẻ   w ẻ   k i s s i n a k o p u n
k ẻ   p ā s e w ā w u k
k ẻ   n a t ā w u k
k ẻ   p ā s e w a w
g a   k ẻ   s a k e h a w
k e k e s k o w a ̉ t a w a w
g a   p u s u s t a ̉ t a ̉ t y u k
k i t t a   s a k e h u m a n
k i t t a   k ẻ   n ỏ t ā p u y e y e w ā t o o k w ā
g a   p u s u s t a ̉ w a n a n o w
i s i t i s s a ̉ h u m o w a ̉ t a w a w
g a   s e k a h a ̉ t u m w u k
k ẻ   s e k a h a ̉ t a ̉ t a n a n o w
ā   p u s u s t a ̉ u m a n
k i t t a   k ẻ   s a k e h u m w a ̉ p u n
k ẻ   k e k e s k a ̉
p u s u s t a ̉ a ̉
k i t t a   k ẻ   m i s p o o n o m u k u n e y e k o p u n
k i t t a   k ẻ   k e s i k a m u k u n e y i k e p u n
k i t t a   m i s p o o n o m u k u n e y i k e p u n
k i t t a   s a k e h ā o
g a   i t ā y i m ā n a p u n
g a   n a t a ̉ t a w a w u k
k i t t a   k ẻ   p u s u s t a ̉ ủ k e p u n
ā   s e k a h a ̉ t ủ k
g a   k ẻ   p u s u s t a ̉ ā n a n a p u n
ā   k ẻ   i t ā y i m u m a ̉ k e p u n
g a   k e k e s k o w ā w u k
ā   p i p o ỏ k e p u n
w ẻ   t i p i s k a m u k u n e y e p u n
i t ā y i m i m a n a n o w a
k i t t a   k ẻ   m i s p o o n ā t o o k w ā
g a   k ẻ   i t ā y i m a w
k i t t a   k ẻ   s e k a h a ̉ t u m a ̉ k
k ẻ   s a k e h a n a n
k i t t a   k ẻ   k i s s e c h e w u n o m u k u n o p u n
k i t t a   k ẻ   p i p o o n e y i k e p u n
g a   k ẻ   n a t a w a w
k i t t a   k ẻ   w ẻ   k i m e w u n o t o o k w ā
n a t a ̉ t a w a w
e y   w ẻ   k e s i k a m u k u n e y i k w ā
k i t t a   k i s s i n a m u k u n o o k o p u n
g a   k ẻ   i s i t i s s a ̉ h u m ā n
ā   w ẻ   m e y o o s k u m e e y i k e p u n ā
k i t t a   k ẻ   w ẻ   k i s s i n a m u k u n e y e k o p u n
i s i t i s s a ̉ h u m ā n a w a w
g a   n a t ā w u k
k i t t a   k ẻ   w ẻ   p i p o o n ā t o o k w ā
n a a ̉ t a w a w
k ẻ   k e k e s k o w a ̉ t y
ā   k ẻ   i t ā y i m ủ m ā k
ā   k i s s e c h e w u n o m u k ủ k e p u n
k ẻ   w ẻ   m e y o o s k u m e e p u n
n a t a w a w
ā   n a u m a ̉ k e p u n
k i t t a   k e s i k a m u k u n o o k w ā
k i t t a   k ẻ   m e y o o s k u m e e y e k o p u n
ā   i s i t i s s a ̉ h u m ủ k w a w
g a   k ẻ   i s i t i s s a ̉ h u m o w a ̉ t a w a w
g a   s a k e h a ̉ t y
g a   k ẻ   k e k e s k o w a n a n o w u k
ā   k ẻ   k i s s i n a m u k ủ k ā t o o k w ā
p ā s e w u m o o k
k i t t a   k ẻ   w ẻ   k e s i k a m u k ủ k ā t o o k w ā
k i t t a   k ẻ   k i m e w u n e y e w ā t o o k w ā
p ā s e w a ̉ t a n a n o w u k
ā   k ẻ   w ẻ   k i s a s t ā m u k u n e y i k e p u n
k i t t a   m e y o o s k u m e e k w ā
ā   k ẻ   w ẻ   k i s s e c h e w u n o m u k ủ k ā t o o k w ā
g a   k ẻ   k e k e s k o w a w
ā   k ẻ   i t ā y i m u m u n
k i t t a   n ỏ t ā p u y e y i k ā t o o k w ā
g a   s e k a h a ̉ t a ̉ t a w a w
k i t t a   k e k e s k u m w a ̉ p u n
g a   n a t a n a n
i t ā y i m i m a y ẻ
g a   s e k a h a ̉ t ā n a n a p u n
k ẻ   k i s s i n a m u k ủ k e p u n ā
ā   w ẻ   k i m e w u n e y i k e p u n ā
g a   k ẻ   s e k a h a ̉ t ā n a w a p u n
p u s u s t a ̉ w a w u k
g a   k ẻ   i t ā y i m a n a n o w
ā   w ẻ   k e s i k a m u k ủ k ā t o o k w ā
ā   m e y o o s k u m e e k e p u n
k i t t a   k ẻ   p u s u s t a ̉ u m a n
k ẻ   w ẻ   m i s p o o n e y e e t o o k w ā
n ỏ t ā p u y e k o p u n
k e k e s k ā n
ā   s e k a h a ̉ t o w ā k o o k
k ẻ   w ẻ   k i s s i n a w
ā   k ẻ   w ẻ   m i s p o o n o m u k u n e y i k e p u n
ā   k ẻ   s e k a h a ̉ t ủ k w a ̉ p u n
k ẻ   p u s u s t a ̉ w ā w u k
k i t t a   w ẻ   t i p i s k a m u k ỏ k
k ẻ   n a t a w u k
ā   k ẻ   m i k e s k a y i k ā t o o k w ā
k ẻ   n a u m w u k
k ẻ   k i s s i n a m u k u n o o k o p u n ā
g a   k ẻ   p u s u s t a ̉ u m
g a   k ẻ   s a k e h ā o
i t ā y i m u m w u k
k i t t a   k e s i k a m u k ủ k e p u n
p ā s e w ā o
k i t t a   p ā s e w ủ k e p u n
k i t t a   p u s u s t a ̉ u m a ̉ k e p u n
k i t t a   k ẻ   p ā s e w u m ủ k
k ẻ   s a k e h a n a n u k
k i t t a   k ẻ   w ẻ   k i m e w u n e y e w ā t o o k w ā
g a   p ā s e w a n a n u k
n a ủ t a n
e y   w ẻ   k e s i k a m u k ủ k w ā
k ẻ   w ẻ   w a p u n o o k o p u n ā
ā   n a ủ k i k
k ẻ   s e k a h a ̉ t o w a n a n o w
e y   w a p u n o o k o p u n ā
ā   s a k e h ủ p u n
ā   s a k e h ủ k w a w
k i t t a   k ẻ   p i p o ỏ k e p u n
p i p o o n e y e k o p u n
g a   i t ā y i m ā n a w a p u n
p ā s e w a y ẻ
ā   w ẻ   n ỏ t ā p u y e y i k e p u n
ā   s e k a h a ̉ t u m w a ̉ p u n
g a   k ẻ   p ā s e w a ̉ t a n a n o w u k
k i t t a   p ā s e w ủ k i k
p u s u s t a ̉ a ̉
w ẻ   k i s s i n a k o p u n
k ẻ   w ẻ   k i s s i n a m u k u n o o k w ā
g a   k ẻ   i t ā y i m ā n a w a w
p ā s e w a ̉ k ủ k
ā   k i s s i n a m u k ủ k e p u n
g a   k ẻ   k e k e s k o w a n a n o w
k ẻ   s e k a h a ̉ t ā n
m e y o o s k u m e e w
k i t t a   w ẻ   k e s i k a m u k ủ k ā t o o k w ā
k ẻ   s e k a h a ̉ t o w a n a n u k
ā   k ẻ   s e k a h a ̉ t u m u p u n
i s i t i s s a ̉ h u m a ̉
g a   p ā s e w u m
k i t t a   m i s p o o n e y i k w ā
k ẻ   s a k e h a w u k
ā   w ẻ   p i p o o n o o k w ā
ā   k ẻ   p u s u s t a ̉ u m ā k e p u n
ā   k ẻ   n ỏ t ā p u y i k ā t o o k w ā
ā   k ẻ   k i m e w ủ k e p u n
g a   i s i t i s s a ̉ h u m ā n a n
k i t t a   k ẻ   k e k e s k ủ k i k e p u n
k ẻ   i t ā y i m a ̉ t a n a n o w
k i t t a   w ẻ   p i p o o n o o k o p u n ā
k i t t a   s a k e h ā o
k i t t a   w ẻ   m i s p o o n e y i k e p u n ā
ā   k ẻ   w ẻ   w a p ủ k e p u n
g a   s a k e h a w a w
k ẻ   s e k a h a ̉ t o w a ̉ t y
k ẻ   k e k e s k o w a ̉ t y
ā   s e k a h a ̉ t ủ p u n
k i t t a   p u s u s t a ̉ w ā w u k
k ẻ   p ā s e w a w u k
k i t t a   k ẻ   i s i t i s s a ̉ h u m ủ k i k
g a   k ẻ   k e k e s k o w a w u k
ā   i s i t i s s a ̉ h u m o w u k e e t c h i k
k i t t a   k e s i k a m u k ủ k
g a   i s i t i s s a ̉ h u m o w a n a n o w
ā   k i s a s t ā m u k u n e y i k
ā   p ā s e w u m ā k e p u n
k i t t a   k ẻ   k i s s i n a m u k u n ā t o o k w ā
s a k e h ā n a p u n
ā   n a ủ k
n a t a ̉ t a w a w
k i t t a   k ẻ   w a p u n e y i k
k i t t a   k i s s e c h e w u n o m u k u n e y i k e p u n ā
s e k a h a ̉ t o w i m a w a
k i m e w u n e y e p u n
k ẻ   i t ā y i m a w
p u s u s t a ̉ w e ẻ k o o k
w ẻ   k i s s i n a y e e t o o k w ā
g a   p u s u s t a ̉ ā n a p u n
k i t t a   k ẻ   p u s u s t a ̉ u m u n
k i t t a   p i p o o n o o k w ā
g a   p ā s e w a ̉ t a n a n o w
ā   k ẻ   w a p ủ k ā t o o k w ā
k ẻ   w ẻ   k i s a s t ā m u k u n e y e e t o o k w ā
ā   k i s s i n a m u k u n e y i k e p u n
ā   k ẻ   m i s p o ỏ k ā t o o k w ā
k ẻ   k i s a s t ā m u k ủ k e p u n ā
ā   k i s s i n a y i k
k i t t a   k ẻ   w ẻ   k i m e w u n o o k w ā
ā   k ẻ   k e k e s k u m w a ̉ p u n
i s i t i s s a ̉ h u m o w a ̉ t a w a w
k i s s i n a m u k u n e y e e t o o k w ā
k i t t a   w ẻ   k i s s i n a m u k u n o o k o p u n ā
ā   k ẻ   m i s p o o n e y i k e p u n
k ẻ   k e k e s k a ̉
k ẻ   w ẻ   t i p i s k a m u k u n e y e e t o o k w ā
g a   k ẻ   k e k e s k o w a ̉ t a n a n o w u k
k i t t a   t i p i s k a m u k u n e y e k o p u n
p ā s e w
ā   s a k e h a t
k ẻ   w ẻ   m i k e s k a y i k e p u n
k ẻ   k i m e w ủ k e p u n ā
k i t t a   w ẻ   k i s s i n a y i k e p u n
k i t t a   w ẻ   m i s p o o n o m u k u n e y i k e p u n ā
k i t t a   t i p i s k a m u k u n e y i k w ā
k ẻ   w ẻ   n ỏ t ā p u y e y e p u n
k i t t a   k e k e s k o w ā w u k
k i t t a   k ẻ   w ẻ   k i s s e c h e w u n o m u k ủ k w ā
ā   k i s s i n a m u k ủ k w ā
k ẻ   s a k e h a w
k i t t a   k ẻ   k i m e w ủ k w ā
g a   p ā s e w a w
k i t t a   k ẻ   i t ā y i m ủ k w a ̉ p u n
g a   k ẻ   p u s u s t a ̉ ā n
ā   k ẻ   w ẻ   n ỏ t ā p u y i k ā t o o k w ā
s e k a h a ̉ t o w a ̉ t y u k
i s i t i s s a ̉ h u m ā n a n a p u n
i t ā y i m a ̉ t y
k ẻ   i s i t i s s a ̉ h u m ā n a p u n
ā   p u s u s t a ̉ ủ p u n
i t ā y i m ā n a n o w
k i t t a   w a p u n e y i k w ā
g a   i s i t i s s a ̉ h u m o w a ̉ t a n a n u k
k ẻ   p u s u s t a ̉ a ̉
s e k a h a ̉ t o w a t a n i k
k i t t a   i s i t i s s a ̉ h u m ủ k i k
ā   k ẻ   m i s p o ỏ k
k ẻ   s a k e h a ̉ t a w a w
k ẻ   i t ā y i m a ̉ t a w a w
ā   k ẻ   i s i t i s s a ̉ h u m u m a ̉ k e p u n
n a u m o p u n
ā   k ẻ   k e s i k a m u k ủ k ā t o o k w ā
g a   k ẻ   k e k e s k a ̉ t a n a n o w
s e k a h a ̉ t o w i m a y ẻ
i s i t i s s a ̉ h u m o w a ̉ t y u k
k i t t a   n ỏ t ā p u y ā t o o k w ā
k e k e s k o w i m a n a n o w a
k i t t a   s e k a h a ̉ t u m a ̉ k
p ā s e w u m w u k
k i t t a   k ẻ   k i m e w u n ā t o o k w ā
k i t t a   k i s s e c h e w u n o m u k u n o o k o p u n
ā   i t ā y i m ủ k w a w
s a k e h a ̉ t a w a w
w a p u n e y e p u n
k ẻ   k e s i k a m u k u n o o k o p u n ā
k i t t a   s a k e h ủ p u n
ā   w ẻ   p i p o ỏ k e p u n ā t o o k w ā
k i t t a   k ẻ   k i s s e c h e w u n o m u k u n e y i k
ā   k ẻ   t i p i s k a m u k ủ k e p u n
ā   k ẻ   w ẻ   k i m e w ủ k e p u n
s a k e h i m ā w u k
g a   k ẻ   s e k a h a ̉ t o w a ̉ t a w a w
k e s i k a m u k u n
g a   k e k e s k a ̉ t a n a n
g a   s a k e h u m w u k
w ẻ   t i p i s k a m u k u n o t o o k w ā
k i t t a   k ẻ   w ẻ   n ỏ t ā p u y i k e p u n ā
g a   p ā s e w ā w u k
t i p i s k a m u k u n
k ẻ   k e k e s k a ̉ t a w a w
w ẻ   k i s s i n a y e p u n
k ẻ   p u s u s t a ̉ a ̉ t a n a n
g a   k ẻ   p ā s e w a ̉ t y
g a   p u s u s t a ̉ ā n a p u n
k i t t a   k i s a s t ā m u k u n o t o o k w ā
ā   m i s p o o n o o k o p u n ā
s e k a h a ̉ t o w a y ẻ
ā   k ẻ   p u s u s t a ̉ ủ m ā k
k i t t a   k ẻ   w ẻ   k i s s i n ā t o o k w ā
k i t t a   s a k e h u m a p a n
k i t t a   k ẻ   n a u m ủ k e p u n
ā   m e y o o s k u m e e k
k i t t a   w ẻ   m i s p o o k w ā
k i t t a   k ẻ   w ẻ   m i s p o o n o m u k ủ k w ā
k i t t a   k ẻ   i t ā y i m u m w a ̉ p u n
g a   k ẻ   n a t ā o
p u s u s t a ̉ w ā n a n o w
k i t t a   m i s p o o n e y i k e p u n
g a   s a k e h a ̉
ā   k i s s i n a m u k ủ k e p u n ā t o o k w ā
ā   k i s s e c h e w u n o m u k ủ k e p u n
ā   p ā s e w a t c h i k
w ẻ   k i m e w u n e y e e t o o k w ā
g a   k ẻ   s e k a h a ̉ t ā n a n a p u n
k i t t a   k ẻ   k e s i k a m u k ủ k e p u n ā
ā   k ẻ   w ẻ   k i s s i n a k ā t o o k w ā
i t ā y i m a w a w
p ā s e w e ẻ k o o k
i s i t i s s a ̉ h u m o w a ̉ k u n i k
i t ā y i m e ẻ k o o k
k i t t a   k ẻ   w ẻ   k e s i k a m u k u n e y i k e p u n ā
k i t t a   n ỏ t ā p u y i k w ā
k i t t a   s a k e h u m a ̉ k e p u n
ā   p ā s e w a t i k
s e k a h a ̉ t o w i m ā y e w a
k ẻ   k e k e s k o w ā w u k
g a   k e k e s k o w a ̉ t y u k
g a   k ẻ   s e k a h a ̉ t o w a ̉ t y
k i t t a   w ẻ   m i k e s k a k
k ẻ   m e y o o s k u m e e k e p u n ā
k i t t a   k ẻ   m i k e s k a y i k e p u n
k ẻ   i t ā y i m a ̉
ā   p i p o ỏ k w ā
k ẻ   k i s a s t ā m u k u n e y e p u n
k ẻ   s a k e h a ̉ t a w a w
k i t t a   w ẻ   m i s p o o n e y i k e p u n
k i t t a   k ẻ   w ẻ   k i s s i n a y e w
e y   w a p u n e y i k e p u n ā
ā   w ẻ   k i s s e c h e w u n o m u k k e p u n
g a   s e k a h a ̉ t a ̉
i t ā y i m i m ā y e w a
i s i t i s s a ̉ h u m o w a t a n i k
k i t t a   k ẻ   k e s i k a m u k u n o o k w ā
k ẻ   p u s u s t a ̉ w a ̉ t a n a n u k
k i t t a   k ẻ   w ẻ   m i k e s k a y i k ā t o o k w ā
ā   m i s p o o n e y i k ā t o o k w ā
k i t t a   k ẻ   k i s a s t ā m u k ủ k e p u n
ā   m i s p o ỏ k e p u n
g a   k ẻ   p u s u s t a ̉ w ā w u k
n a t a ̉ k ủ k w a w i k
k i t t a   k ẻ   n a t a t c h i k
p u s u s t a ̉ w a ̉ t a n a n
g a   k ẻ   s e k a h a ̉ t ā n
k i t t a   k ẻ   k i s s e c h e w u n o m u k u n e y e k o p u n
p ā s e w a ̉ t a n a n o w
ā   k i s s i n a m u k u n e y i k w ā
g a   p u s u s t a ̉ ā n
i t ā y i m a ̉ k ủ k
k i t t a   k ẻ   w ẻ   m i s p o o n o m u k u n e y i k ā t o o k w ā
k i t t a   k i s s i n a y e k o p u n
n a a ̉ t a n a n
ā   k ẻ   s e k a h a ̉ t ủ k w a w
k i t t a   s e k a h a ̉ t o w ā w u k
n a t a ̉ t a n a n o w u k
g a   k ẻ   p u s u s t a ̉ w a ̉ t a n a n u k
k e k e s k o w i m a n a n a
ā   k ẻ   n a ủ m ā k
k ẻ   s e k a h a ̉ t a ̉
g a   k ẻ   n a ā n a n
k ẻ   m i s p o o n
k i t t a   k ẻ   k e s i k a m u k ủ k
k i t t a   k ẻ   m i s p o o n e y e w
k i t t a   k ẻ   w ẻ   p i p o ỏ k w ā
g a   i s i t i s s a ̉ h u m o w a n a n
k i t t a   w ẻ   k e s i k a m u k ủ k
k i t t a   k ẻ   p i p o ỏ k
g a   k ẻ   k e k e s k o w a ̉ t y u k
k ẻ   m i s p o o n o m u k u n e y e w
i t ā y i m a ̉ t a w a w
k ẻ   w ẻ   k e s i k a m u k u n e y i k w ā
k i t t a   m e y o o s k u m e e k ā t o o k w ā
k i t t a   k ẻ   w ẻ   k i s a s t ā m u k u n e y i k e p u n
k i t t a   p ā s e w u m u p u n
k ẻ   p ā s e w a w a w
i s i t i s s a ̉ h u m   a ̉
k ẻ   k i s s i n a y e w
k i t t a   k ẻ   p ā s e w ủ k
k i t t a   w ẻ   m i s p o o n o o t o o k w ā
ā   w ẻ   k i s a s t ā m u k u n e y i k e p u n ā
k i t t a   k e k e s k ủ k e p u n
k i t t a   k ẻ   i t ā y i m ủ k
e y   w a p u n o o k w ā
g a   k ẻ   k e k e s k o w a n a n u k
ā   m i s p o o n o m u k u n e y i k e p u n ā
k i t t a   k ẻ   w ẻ   p i p o ỏ k e p u n
k i t t a   k ẻ   m e y o o s k u m e e y i k ā t o o k w ā
g a   k ẻ   i s i t i s s a ̉ h u m ā n a w a p u n
k i t t a   k ẻ   m i k e s k a y i k ā t o o k w ā
k i t t a   w ẻ   m i s p o o n o m u k u n o o k o p u n ā
g a   s e k a h a ̉ t a ̉ t a n a n
k ẻ   p ā s e w ā w u k
k ẻ   w ẻ   m i k e s k a w
g a   k ẻ   n a t ā w u k
k i t t a   k ẻ   p u s u s t a ̉ u m a p a n
k ẻ   i t ā y i m a ̉ t a n a n
ā   k i s s i n a y i k e p u n ā
g a   i s i t i s s a ̉ h u m o w a ̉ t a w a w
s a k e h a ̉ t a n a n o w
ā   k ẻ   s e k a h a ̉ t ủ m ā k
k i t t a   k ẻ   w ẻ   m i s p o o n e y i k e p u n ā
g a   k ẻ   k e k e s k a ̉ t a n a n
ā   w ẻ   k i s s i n a m u k ủ k e p u n ā t o o k w ā
k i t t a   w ẻ   n ỏ t ā p u y i k e p u n
k ẻ   w ẻ   k i s s e c h e w u n o m u k u n e y e e t o o k w ā
k ẻ   k e k e s k o w a w a w
g a   k ẻ   i s i t i s s a ̉ h u m o w a n a n o w
k ẻ   s a k e h a ̉ t a n a n
k i t t a   m i s p o ỏ k
k ẻ   p i p o o n
ā   m i s p o o n e y i k e p u n
g a   k ẻ   i s i t i s s a ̉ h u m ā n a n
i s i t i s s a ̉ h u m o w a ̉ k ā k o o k
k ẻ   w ẻ   p i p o o n e y i k w ā
k i t t a   i s i t i s s a ̉ h u m u m u n
k i t t a   m i s p o ỏ k ā t o o k w ā
k ẻ   i t ā y i m a n a n u k
ā   m i s p o o n o o k w ā
k i t t a   k e s i k a m u k u n o o k o p u n ā
k i t t a   k ẻ   w ẻ   m i s p o o n e y e k o p u n
k e k e s k u m o p u n
ā   k ẻ   p u s u s t a ̉ u m a p a n
p ā s e w a w a w u k
g a   p ā s e w a ̉ t a w a w
ā   w ẻ   m i s p o o n o m u k k
g a   p u s u s t a ̉ w ā w u k
i t ā y i m ā n a n
ā   k e k e s k o w u k
i t ā y i m ā n a p u n
k i t t a   w ẻ   m e y o o s k u m e e t o o k w a
k ẻ   w ẻ   t i p i s k a m u k u n o o k w ā
ā   s a k e h ā k
