s e n d l e b e
z i p h i l e
a y e b h a l a
k w a n d u l a
e b a l e l a
e s i k h u n d l e n i
k u y a b o n e l a
w o m u T h w a
e z a m a c h i b i
b ō L w e s i n e
s i b h a l e
n i z o p h e k a
z e n d l e l a
a w e z i k h u n d l a
e s e z i n k a t h i
k u n q u m e
b u p h i l a
n i b o n e l a
z e z i n d l e b e
i z o n q u m a
b u b o n e l a
s i t h a
k u y a t h a
k u k a m a m e
o k w ē k h a n d a
i q a l i s a
a b e s i h l o k o
y a y i p h u m u l a
s i n i n g i
s i q a l i s a
o k w o b u n c a n e
z ā p h i l a
z o b o y a
k w a n d u l a
b e s i t h e l o
l w ā p h u m u l a
o l w ō N c w a b a
u v a l e
l w ē n i n g i
n q u m a
o m u m b a
z ā q a l i s a
l w a l u p h e k a
u b h a l a
z i y a p h i l a
w a y e b o n e l a
a z o v a l a
w ē b u m b a
e s a m a k h o m p i y u t h a
i p h e k e
l w o b u b i
s ē k h a y a
o k w a m a g u m b i
w e s i l e v u
w o b u n c a n e
n g i n q u m a
y a m a k h a y a
w a n d u l ē
k u b h e k a
l w o b u n c a n e
m a g u m b i
z i p h u m a
o b a m a c h i b i
i g w a z a
e s e n d o d a
s i y a b o n e l a
b a z o b h a l a
e z e s i t h e l o
z i z o p h e k a
s i b e b a l e l a
z i z o k w a n d u l a
o l w e m v u
o k u k a m a m e
y e z i m v u
b ē g u m b i
u b e p h e k a
l u y a v a l a
z i p h u m ē
n i b h a l i l e
z a m a b u m b a
n i y a b a l e l a
o b a m a g u l a
m a k a t s h a n a
y e z i h l o k o
s ō y i s e
a b e b o n e l a
b e m v u
o b ē g u l a
w a m a c h i b i
e s i t h e l w e n i
n a n i g w a z a
a m a d o d a
b u p h u m ē
a y e v a l a
y ī k h o m p i y u t h a
b e v a l a
o w e z a b i z w a n a
k w e m i m b a
u n q u m a
e y e n d l e b e
