b u z o v a l a
s a s a n d u l a
k u n q u m ē
b a b u v a l a
z ē n i n g i
a m a d o d a n a
k w e z i h l o k o
e y e z i t h e l o
l e n d o d a
z ō j u
i y a b o n e l a
b a z o g w a z a
e b a l e l a
w o b u t h u n t u
l i z o b o n e l a
l w ā q a l i s a
b ō m a m e
k a N c w a b a
l w e z i n j a
u y a b h e k a
b e z i m v u
e l e z i m v u
k u p h u m a
k u b h e k a
n i y a q a l i s a
o w ō t h u l i
e z e n h l a n z i
e l e n d l e b e
o k w a b a T h w a
k w e z a b i z w a n a
b e b a l e l a
i y a q a l i s a
y a y i b h e k a
b a m a k h u l u
u b h a l i l e
e l a m a b u m b a
e z a m a d o d a n a
e s o m u m b a
i p h i l e
e s e s i h l o k o
e z i n d l e l a
s i g w a z a
b e s a b i z w a n a
e z ō j u
w a w u v a l a
o b e n t o m b a z a n e
e z ē k h a y a
a w ē k h o m p y u t h a
k u q a l i s i l e
n i n g i z i m u
z e z i n t u l i
v a l e
e y ē b u m b a
o k u k a L w e s i n e
o k w o m u T h w a
u y a b h a l a
u z o g w a z a
l o m u m b a
o w o b u t h u n t u
k u p h e k ē
a w e m v u
w a w u b a l e l a
u p h i l a
s i y a p h e k a
z i z o q a l i s a
u p h u m i l e
a m a b u m b a
e z ē g u m b i
o b e z e n z o
z e s i t h e l o
l a n d u l a
z i b h e k ē
b ā n d u l a
ē b u m b a
z a z i b h e k a
k u y a b h a l a
k a y i s e
b u b a l e l ē
y e z i l w a n e
n g i p h u m ē
p h u m e
n i g w a z i l e
l u v a l a
e l e s a b i z w a n a
z e n j a
k w e n d o d a n a
u b u b i
a b ō N c w a b a
k w a m a c h i b i
i s i l e v u
l i k h o m p y u t h a
ō j u
z a n d u l i l e
u b h e k a
o b ē k a t s h a n a
b e s i p h u m u l a
e l ē k a t s h a n a
e y ē g u l a
l w e s i t h e l o
b e z a n d u l a
