b e y i b o n e l a
o w e n k a t h i
l a b a T h w a
e y ō t h u l i
a g w a z e
b a z o q a l i s a
m a k h o m p i y u t h a
w ū h l a m v u
e y ō b o m b o
ī c h i b i
k w ā q a l i s a
n a n i t h a
a m a k h a y a
w ō t h u l i
o k w e n d l e b e
n h l a n z i
k w ā p h u m u l a
a b e b h e k a
e s ō y i s e
y ē n i n g i
ā p h u m u l a
w a y e p h u m u l a
a m a c h i b i
z a m a k h u l u
b a l e l a
y a y i p h u m a
z i b h e k a
b a m a c h i b i
u q a l i s e
y ē k h o m p i y u t h a
e l i k a L w e s i n e
o l w e n h l a n z i
y o b u b i
e b h e k a
w ā p h i l a
l u b o m b o
y i s i l w a n e
a w a m a k h o m p y u t h a
p h u m u l e n i
b e k w a n d u l a
w ā p h u m a
s i p h u m ē
y ā b h a l a
a w e z a b i z w a n a
u b h a l i l e
u b e q a l i s a
i y a p h u m a
e y e z i n d l e b e
y e z i h l o k o
b e k u p h i l a
s a s i b a l e l a
l e z i t h e l o
u p h i l ē
i y a p h i l a
i g w a z ē
k a y i s e
b e z i n t u l i
n g ā v a l a
z o b u b i
m n i n g i
s ā p h u m u l a
n q u m a n i
a n d u l i l e
ī k h o m p y u t h a
s i y a b h e k a
b a p h u m a
ē G a u t e n g
u y a q a l i s a
b e w u p h u m u l a
k u z o p h i l a
n g a m a k h a y a
w a m a k h o m p i y u t h a
s e m i m b a
k w e s i l w a n e
o w ō j u
l ē b u m b a
y a n d u l a
y a m a k h o m p y u t h a
n g i b h e k ē
b e b e b h a l a
s i y a b o n e l a
l w e s i l e v u
k u n q u m a
n i p h e k i l e
k u p h u m u l ē
o l w ō h l a m v u
w ē g u m b i
k u n q u m i l e
n g a n d u l ē
s i b h a l a
l u y a b h e k a
z a n d u l a
l w e s e n z o
n g ā n d u l a
s e z i l w a n e
w a m a k h a y a
b e z i q a l i s a
w e s a b i z w a n a
s i q a l i s e
e n d l e l a
