z e n i n g i z i m u
l e z i l e v u
n g i p h u m e
n g i p h e k ē
s e m v u
b ō h l a m v u
a w ē g u m b i
l u b h e k a
o b e z i n t u l i
k u t h ē
i t h a
e z i t h e l o
o l u n i n g i
g w a z a
w a w a n d u l a
u p h u m a
b e l u b a l e l a
s i p h e k a
z i t h ē
o m f i s h a
e z a m a k a t s h a n a
k u y a p h u m u l a
z e z i t h e l o
l ō y i s e
k u p h e k ē
l w e z i n t u l i
o b ē k h o m p y u t h a
k w e s i t h e l o
b o b o y a
u v a l i l e
s ē k h o m p i y u t h a
y e n t o m b a z a n e
z i v a l i l e
s i y a q a l i s a
b u p h u m u l ē
e z i n k a t h i
w a m a g u l a
e l a m a g u m b i
i z i n t u l i
b e l i t h a
b e y i v a l a
z i y a b o n e l a
e z e n t o m b a z a n e
e s e m i m b a
o w o b o y a
e z o b o y a
b a z o p h e k a
s a s i b o n e l a
w e z i m b a z o
y ā q a l i s a
i z i n j a
o w e n t o m b a z a n e
k u n q u m a
n i p h u m u l a
y e z i m v u
o l w ē G a u t e n g
s ā q a l i s a
b e y i b h e k a
i g w a z a
o l u f i s h a
y ā g w a z a
i p h u m ē
z ā g w a z a
e y o b u b i
z i m b o m b o
k u b o n e l a
k w e z i n g a n e
w ā b o n e l a
b e l i p h u m u l a
e q a l i s a
a b e z i n k a t h i
i z o b o n e l a
k w o b u n c a n e
s e m b a z o
o l w a m a c h i b i
b e s i n g a n e
z e z i t h e l o
e y e s i h l o k o
l i b h a l e
o k w ō m a m e
o k w e z i n h l a m v u
n i p h i l ē
y ō t h u l i
w ā b h a l a
l e z a b i z w a n a
k u g w a z a
k u b a l e l a
o b a m a d o d a n a
s ō h l a m v u
l ō t h u l i
o w ē k h a y a
z e z i n h l a m v u
o w o m u m b a
e z a b i z w a n e n i
e s ō b o m b o
a n d u l i l e
y a y i p h i l a
u p h u m ē
w e m i m b a
e y e z i n j a
