e z ō t h u l i
e z o b u n c a n e
y a y a n d u l a
u b e g w a z a
a y a b a l e l a
z a z i b h a l a
y e n d l e l a
i z o p h i l a
k w ō j u
s i z o b o n e l a
w e n d l e b e
b ē b u m b a
z ē k h a n d a
e s e s i l w a n e
b u t h u n t u
y i m b a z o
l i p h i l e
w e s i n g a n e
w a n d u l e
k u q a l i s a
b a g w a z a
k u z o p h u m a
i n h l a n z i
n g i b h a l a
n i n q u m e
b e b u p h e k a
a b h e k ē
o w ē k h o m p i y u t h a
b a b e p h u m a
u t h i l e
e s a m a k h a n d a
w a w u p h u m a
b e b u b h a l a
o w ē G a u t e n g
o w ē k h a n d a
o k w a m a b u m b a
u b e p h u m a
w a w u b h a l a
n ā b h e k a
z a m a k a t s h a n a
z i p h i l e
o k w e m v u
z ō h l a m v u
k u y a b o n e l a
n i n q u m i l e
b e w u t h a
k w a n d u l a
n i q a l i s e
k u m a m e
w e m i m b a
L w e s i n e
l w ā b h e k a
e s e z i l w a n e
z e n t o m b a z a n e
z i p h i l ē
n ā p h u m u l a
i y a b h e k a
e y e s i t h e l o
l w e z a b i z w a n a
n i t h a
o b e s i h l o k o
y i n d o d a
u y a b o n e l a
a b o n e l a
b a T h w a
l a m a g u l a
y e s i n g a n e
z o m u m b a
z i z o b o n e l a
s i t h a
s i n q u m e
s a s i p h u m a
u p h u m u l a
n g i q a l i s ē
e z e s i k h u n d l a
b e k u q a l i s a
u p h i l e
a g w a z i l e
n i p h e k a
u b h a l a
n g i t h a
s i v a l a
p h u m u l e
w a w u p h i l a
w ā q a l i s a
o k w a m a k h o m p i y u t h a
u n q u m i l e
n g i y a p h i l a
n g i p h e k e
o w e z i n h l a m v u
e z i n i n g i
y o m u m b a
e l e n d o d a
a p h u m a
b ē G a u t e n g
o l w e s i l e v u
p h u m u l a
s i b o n e l ē
z i z o k w a n d u l a
b a m a d o d a n a
