s i b h e k e
n g a n g i p h u m u l a
a b o n e l ē
a p h i l a
k w e n i n g i z i m u
o w e z i l e v u
y a m a b u m b a
a z o p h e k a
i m v u
o w o b o y a
z a b a T h w a
k w ā b h a l a
b e z i n k a t h i
i z i l w a n e
n g a n g i b h a l a
n i b h e k e
e l ō y i s e
b a p h i l e
z i n q u m e
y e z e n z o
w ē k h a n d a
k w a m a k h a y a
s i p h u m u l a
i b h e k e
b a p h u m u l e
w ē n i n g i
a w e s i k h u n d l a
o w ō m a m e
z e s i l w a n e
o k a N c w a b a
k w o b u n c a n e
o k w ē c h i b i
n g ō y i s e
b e w a n d u l a
a b a m a b u m b a
u t h i l e
u p h u m u l e
u z o b o n e l a
l e z i n j a
a b e z i n d l e l a
o l w e n t o m b a z a n e
e n h l a n z i n i
b ē g u l a
z i k h u n d l a
y a m a b u m b a
o k w ō L w e s i n e
l a l i b h e k a
l i z o b h e k a
a y e b h e k a
i y a p h i l a
a w e z i n d l e b e
l u k a y i s e
u p h u m e
b e l u t h a
e z a b i z w a n a
e z ō L w e s i n e
o w e n d l e l a
y e z i n h l a m v u
u y a p h i l a
l u v a l ē
a v a l e
e z e n d l e l a
l a m a c h i b i
o l w ē k h o m p i y u t h a
u b h a l e
u p h i l i l e
w e n j a
y e n k a t h i
b a b h e k a
b u g w a z a
z i b h a l a
b e z i m b a z o
z ā p h u m a
e z e n k a t h i
e z i m b o n j e n i
k w a m a k a t s h a n a
n a n d u l a
o w a m a k h u l u
l i y a n d u l a
k u b h a l i l e
n g i y a p h e k a
ī k a t s h a n a
k w a k u b h a l a
a n q u m e
w a n d u l a
e l i k a m a m e
w ā n d u l a
w e s i l w a n e
a w ē n i n g i
l a n d u l a
u q a l i s a
e y e z i l w a n e
l u f i s h a
a b e s a b i z w a n a
l u p h u m ē
b u p h i l a
i t h a
s i p h u m u l e
u p h u m u l a
s e s i n g a n e
b a z o p h u m a
l a m a b u m b a
a w e s i T s w a n a
z a z i n q u m a
a w o b u n c a n e
b u g w a z e
b e w u b o n e l a
u n q u m a
l u p h e k e
k w a m a k h o m p i y u t h a
z e s i T s w a n a
a p h u m u l i l e
i b h a l a
s i p h u m u l e
o w a m a k a t s h a n a
k u v a l a
b a y a g w a z a
e z i n d l e b e
s a m a b u m b a
l u p h i l a
o w ō y i s e
a b e t h a
a b e z i m b o m b o
z a m a k h a n d a
z i v a l e
b e b e p h e k a
s e s i l w a n e
o w e s i k h u n d l a
o l w e z i m v u
a w ō h l a m v u
b e l i b h a l a
y e n d l e b e
b e l i g w a z a
s i b a l e l ē
i g w a z i l e
z ē c h i b i
e y e z i m v u
i y a n d u l a
e z e s i T s w a n a
y e z i n t u l i
ē k h a y a
b ē k h a y a
o k a L w e s i n e
b a n q u m a
n i b h a l ē
l e z i k h u n d l a
o w a m a k h u l u
z i p h e k ē
b u n q u m a
s a m a k a t s h a n a
w a y e q a l i s a
a p h u m u l e
o k w a m a k h a n d a
o l w e n i n g i z i m u
k w a k u t h a
s i p h u m u l i l e
ō N c w a b a
e z o m u m b a
e z e n t o m b a z a n e
a p h e k a
s i p h u m u l a
b a b u p h e k a
k w e n j a
w e n t o m b a z a n e
y i z i l e v u
o w e m v u
a b ō b o m b o
o w o b u n c a n e
e s a m a d o d a
l i y a n q u m a
o w e z i n d l e b e
n g u L w e s i n e
o w e n h l a n z i
o k w e s i h l o k o
e y e s e n z o
z i y a v a l a
w a w u q a l i s a
s i g w a z a
ē g u l a
a b ē g u l a
w e n h l a n z i
n g i y a b o n e l a
z e s i T s w a n a
y ē k h a n d a
b e y i p h u m a
u z o b h a l a
k w e n t o m b a z a n e
e z ē b u m b a
o k w ē k h u l u
z i q a l i s a
b e z i n j a
b u p h u m u l i l e
e y o b u t h u n t u
i q a l i s i l e
n i b h a l e
e s ē k h a n d a
e y e z i m b a z o
u y a g w a z a
s a n d u l ē
s a m a g u m b i
y o b o y a
l i c h i b i
l e s e n z o
s ō t h u l i
b u y a p h e k a
k u p h e k a
w e s a b i z w a n a
l u p h u m i l e
a b o n e l e
i g w a z e
u z o p h u m u l a
b u b i
k w a m a k h o m p i y u t h a
y ē G a u t e n g
p h i l a
n i z o g w a z a
e l e z a b i z w a n a
l ā p h u m a
s i b e p h e k a
n i b o n e l ē
n g ō N c w a b a
b a m a k h a n d a
n d o d a
b ō t h u l i
u g w a z i l e
o k w o b o y a
o w e m v u
u q a l i s i l e
e z e z a b i z w a n a
u q a l i s e
a b h a l ē
o k w ē k h a n d a
l i y a b h e k a
e y e z i n h l a m v u
b e k u p h u m a
y i n t o m b a z a n e
i n d o d a n a
w a m a k h o m p y u t h a
a b e z i h l o k o
n ā p h u m a
n i n q u m ē
a w a m a b u m b a
z i b h a l e
e z e z i n d l e l a
b u b h e k a
n i b e n q u m a
a b a T h w a
o w e z i t h e l o
o k w e n j a
e y o b u n c a n e
a b ē k h o m p y u t h a
e l e s i h l o k o
w ē g u m b i
e z a m a g u m b i
n i y a n q u m a
s i v a l ē
n g i p h u m u l e
i b a l e l e
y e n d o d a n a
ē k h o m p y u t h a
b e n g i t h a
n a n i q a l i s a
y ā p h e k a
k u t h a
s o b u b i
b ō N c w a b a
b e s i p h e k a
e y ō j u
n i p h i l e
a n q u m i l e
l a l i v a l a
i y a p h u m u l a
e n t o m b a z a n e n i
l i b h a l i l e
k u b h a l a
z i v a l i l e
l w ē k h o m p y u t h a
y e z i l e v u
n i p h u m a
n g i z o n q u m a
b e b e b h e k a
z ō N c w a b a
o k w a m a k h a y a
o b ō N c w a b a
i b h e k a
l ō h l a m v u
i p h u m e
a w a m a g u l a
i p h u m a
i m f i s h a
u b o n e l a
s a s i n q u m a
b e z i k h u n d l a
a b e m i m b a
l u b h a l a
l i k h a n d a
ē k h a n d a
b a z o p h u m u l a
s e z i k h u n d l a
e s e z i n j a
l u z o q a l i s a
s i y a n d u l a
s a n d u l e
e y a m a g u m b i
w ē k a t s h a n a
l i p h e k a
o k w e s i l w a n e
b a b e p h e k a
u p h u m u l a
e l e z i n k a t h i
w ā g w a z a
o k w o b u n c a n e
z i b h e k e
b e n g i p h i l a
e z o b u b i
o w e n d l e b e
o k w e n t o m b a z a n e
e n q u m a
s a s i v a l a
i p h u m u l a
o w ē c h i b i
a b ē k h a n d a
a b e n d l e l a
s e z a b i z w a n a
n q u m e
o k u n i n g i
o k w o m u T h w a
b a m a g u l a
e m i m b e n i
e s i l e v i n i
k u q a l i s a
z i p h u m u l a
b a n d u l a
k w e n d l e l a
e s e s i l e v u
u p h u m u l ē
y ō y i s e
u v a l ē
o w o b u n c a n e
s e n h l a n z i
n i g w a z a
l ō m a m e
e z ē k h o m p y u t h a
y e z i n h l a n z i
l u b h a l ē
o l w a m a b u m b a
b a y a v a l a
o l w ē k a t s h a n a
i b h a l i l e
l w e n k a t h i
y e z i n g a n e
k w a k u b h a l a
z i y a p h u m a
s i b h e k a
z ō t h u l i
b a v a l ē
e z e n d l e b e
l ā b h e k a
n g a n g i v a l a
e y e n h l a n z i
y o b u n c a n e
s i b h e k a
o k w e z i l w a n e
e l i f i s h a
y e s i n g a n e
b ē g u l a
b e k u b h a l a
k u z o p h u m u l a
i b h e k ē
e z o b u n c a n e
s i b h a l i l e
z i y a b o n e l a
w e n k a t h i
z i n h l a m v u
b ā p h e k a
l i b h a l ē
k u N c w a b a
b ē k h a y a
l e z i n d l e l a
b u n i n g i
y e s i l e v u
b a l e l e n i
a w e s a b i z w a n a
n a n i v a l a
e l e z i n d l e l a
l a l i p h u m a
o w e n i n g i z i m u
y ā b o n e l a
o k w e s e n z o
k w a n d u l i l e
z i p h u m ē
o k w ē k h o m p i y u t h a
n g i y a b a l e l a
w ā n q u m a
o k w e n t o m b a z a n e
z e z i l e v u
o w e z i m v u
w e s e n z o
u k w a n d u l a
u z o b h e k a
w a w u g w a z a
a b a n d u l a
b e s i b h a l a
n g a m a k a t s h a n a
b o y a
l u n q u m a
a p h i l e
s ō L w e s i n e
o k w e z i n j a
o k w ō N c w a b a
w a w u q a l i s a
b e t h a
s e z i n d l e l a
b u z o p h i l a
y e z i n d l e b e
n g i b a l e l e
k u z o k u t h a
b h a l a
a t h ē
b e b e t h a
p h i l e
k w e z i n d l e b e
ī k h a n d a
w e z e n z o
n i z o k w a n d u l a
y ī g u m b i
b e k u n q u m a
e l o b o y a
z ā n q u m a
n g i b h a l ē
i p h e k a
s i n q u m a
e s i k a y i s e
e z a m a d o d a
a b e z e n z o
z i p h e k e
y a y i b h a l a
a b e n j a
e z e n d l e b e
k u t h e
s ā n q u m a
a p h e k e
s i b o n e l e
e y a m a d o d a
e l ē k h u l u
z i y a n d u l a
i z i n d l e b e
k u p h i l a
a z o n q u m a
i m b a z o
e l e z e n z o
l i p h e k a
k u t h a
b ā t h a
u z o k w a n d u l a
e z e n z o
s i b e p h u m u l a
u z o b h e k a
n i v a l ē
e s e z i t h e l o
i b o n e l ē
k a N c w a b a
a w e s i n g a n e
z i l e v u
e z ō t h u l i
i y a b a l e l a
e m a g u m b i n i
n i b a f i s h a
o k w e m v u
n i y a g w a z a
z i y a t h a
l u z o k u t h a
b e n j a
z i n d l e l a
u p h u m u l ē
e k a y i s e
o k w ē k h o m p i y u t h a
l a l i p h u m u l a
l i y a b a l e l a
o w ō h l a m v u
o w e z i n g a n e
n g i b h e k a
a y a n d u l a
e y e n i n g i z i m u
l w a m a c h i b i
i z o b h e k a
z i p h e k ē
o b e n j a
e y ē k h o m p i y u t h a
a b e z i n h l a n z i
e l e s i l e v u
q a l i s e
l i q a l i s ē
y ī b u m b a
b e s i v a l a
b a m a k h o m p y u t h a
n g i b h e k a
a b e n h l a n z i
z i v a l a
z i b h a l a
