k ō L w e s i n e
l i n i n g i
s i b a n i n g i
ō b o n j e n i
k u b a T h w a
o l w a m a k a t s h a n a
b a m a k h o m p i y u t h a
e l a m a k h o m p y u t h a
l w a m a k h o m p y u t h a
o k w e n t o m b a z a n e
a b a m a k a t s h a n a
e s ē k h o m p i y u t h a
w a m a k h o m p i y u t h a
o b ē k h o m p i y u t h a
e l ē k h o m p i y u t h a
k w e n t o m b a z a n e
o w e n t o m b a z a n e
o l w e s a b i z w a n a
a w e n t o m b a z a n e
e y a m a k a t s h a n a
ō j w i n i
l i k h o m p i y u t h a
o w e n t o m b a z a n e
e m a k a t s h a n e n i
b a m a k h o m p y u t h a
w a m a k h o m p y u t h a
e l e n t o m b a z a n e
o k w ē k h o m p y u t h a
l w a l w a n d u l a
n g a m a k h o m p i y u t h a
e z i m f i s h a
k ō y i s e
b e n t o m b a z a n e
b e n t o m b a z a n e
n g a n g i b a l e l a
l ē k h o m p i y u t h a
e m a k h a y a
o l w a m a k h o m p y u t h a
k w e s a b i z w a n a
o k w a m a k h o m p y u t h a
e z e z i k h u n d l a
l w e z i k h u n d l a
y a m a k a t s h a n a
z a m a k a t s h a n a
e z i h l o k w e n i
b a q a l i s a
e y e z a b i z w a n a
k w ē k h o m p y u t h a
z e z i k h u n d l a
o k w e z i t h e l o
w e z i k h u n d l a
o k w e z i t h e l o
s i z o p h u m u l a
y i z i n k a t h i
e y e s a b i z w a n a
e y e s a b i z w a n a
o k w ē k a t s h a n a
n g a n g a n d u l a
e z a m a k h o m p i y u t h a
a b e n i n g i z i m u
b e b e p h u m u l a
o w a m a k h o m p i y u t h a
z i k a N c w a b a
l w e n i n g i z i m u
e l e s i n g a n e
e y e s i n g a n e
o l w e s i T s w a n a
k w e s i k h u n d l a
k w e s i k h u n d l a
b e b u p h u m u l a
k w e s i n g a n e
ō t h u l i n i
y e s i k h u n d l a
e n t o m b a z a n e
e z e s i k h u n d l a
s i z o b a l e l a
e m a d o d e n i
l w ē k a t s h a n a
b e s i k h u n d l a
e z e z i n d l e l a
l w a l u b a l e l a
y e n t o m b a z a n e
o b o b u n c a n e
e z i t h e l w e n i
e z i k a L w e s i n e
l w e s i T s w a n a
y e z i k h u n d l a
b e y i p h u m u l a
o w a m a k h a n d a
ī k h o m p i y u t h a
b a b u p h u m u l a
o w a m a k h a n d a
y e z i n h l a m v u
e z a m a k h a n d a
a b o b u t h u n t u
b ō m a m e
e n t o m b a z a n e
e l o b u n c a n e
y a y i p h u m u l a
o k w e z i n d l e b e
o k w e z i n d l e b e
w a w u p h u m u l a
o b e z i t h e l o
o k w e z i m b o m b o
e k a N c w a b a
e y e s i n g a n e
w ē k h o m p y u t h a
u z o p h u m u l a
a m a k a t s h a n a
b e k u p h u m u l a
e z a m a k h a y a
k u m u T h w a
z a z i p h u m u l a
n g a n g i p h e k a
i z i k h u n d l a
n g a m a b u m b a
e l e n h l a n z i
n g a n g i g w a z a
e y e s i T s w a n a
o w e z i n h l a m v u
e z i n g a n e n i
a w ō L w e s i n e
k w e n h l a n z i
w e s i k h u n d l a
z e s i k h u n d l a
e l e s i T s w a n a
l w e s i l w a n e
o w e z i t h e l o
o k u k a L w e s i n e
y e z a b i z w a n a
b e l w a n d u l a
n g i p h u m u l a
o k w ō h l a m v u
k w a k w a n d u l a
e m a b u m b e n i
o k w e n i n g i z i m u
a w e n h l a n z i
k w ē k a t s h a n a
b o b u t h u n t u
e s o b u n c a n e
o w ō N c w a b a
s i b e q a l i s a
l u p h u m u l ē
k w a k u b o n e l a
b e l i b h e k a
n g i z o p h e k a
k w a k w a n d u l a
b a b e q a l i s a
y i n i n g i z i m u
a b e s i T s w a n a
s i z o b h e k a
b o b u n c a n e
s a s i q a l i s a
w e s i T s w a n a
i s a b i z w a n a
o w e z i m b a z o
e y ō L w e s i n e
s ē k a t s h a n a
w a m a d o d a n a
w a w u n q u m a
b a b u b h e k a
z a z i b a l e l a
z a z i b a l e l a
s a s i p h u m u l a
b e n i n g i z i m u
b ē k a t s h a n a
a w e s i l w a n e
o w a m a d o d a n a
e l e z i m b o m b o
b a m a k h a n d a
u k u b a l e l a
k u z o g w a z a
o b e s i t h e l o
l w a l u p h i l a
k u p h u m u l i l e
o k w e n d o d a n a
o w e z i n d l e b e
e s e z i n d l e b e
o l w e z i m b o m b o
n g i b a l e l a
e z e z i n d l e b e
e n g i m n i n g i
y e z i n k a t h i
b e z i q a l i s a
a w e s i h l o k o
l w a m a d o d a n a
z a m a d o d a n a
a b e z i l w a n e
l i b a l e l a
e z e s i h l o k o
b e z i p h e k a
s i z o p h u m a
l i b o n e l a
n g a n d u l a
o b e z i m b o m b o
k w ā p h u m u l a
b e b u q a l i s a
b e k u p h e k a
b e s i n g a n e
l e z i n h l a m v u
b a b u b a l e l a
e l e z i t h e l o
o b a m a b u m b a
l i z o g w a z a
e s i T s w a n e n i
y a m a d o d a n a
n g u b u n c a n e
n g i z o p h u m a
k w ō N c w a b a
l e z i h l o k o
o k u f i s h a
z i b a l e l a
b e z i t h e l o
z i k a L w e s i n e
e l e n d o d a n a
s i k a L w e s i n e
o w ō h l a m v u
o w e z i n d l e l a
o l w ē k h a y a
z e n h l a n z i
s i b a l e l a
y e z i n d l e b e
s i b o n e l a
b e l u p h e k a
b e s i l w a n e
b e y i b h a l a
e l a m a d o d a n a
z a z i b h e k a
l e s i n g a n e
n i b e p h e k a
e z i n g a n e
k u k a N c w a b a
s a s i g w a z a
e n d o d a n e n i
o w ē G a u t e n g
e z ē G a u t e n g
e y e z i n k a t h i
k u b h a l ē
z i b a l e l a
l u p h u m u l a
a b ō h l a m v u
n i b e p h u m a
l w e z i n k a t h i
o b a m a g u m b i
e y e z i n d l e l a
o w ō L w e s i n e
s a s i b h a l a
s i b o n e l a
e s i k a N c w a b a
ē g u l e n i
