s i p h i l a
z i p h i l a
z e m b a z o
o k u k a m a m e
b ē g u m b i
z i g w a z i l e
w e m b a z o
l i v a l a
b e k u t h a
b a n d u l i l e
b a n q u m i l e
o w o b u b i
s i p h i l i l e
l i p h i l i l e
n g a n d u l a
k w ē n i n g i
b ā n q u m a
o w ē n i n g i
b e l i v a l a
y ō b o m b o
o w o b u b i
s i g w a z a
w ā q a l i s a
i q a l i s i l e
i q a l i s ē
b ā n q u m a
e y o b u b i
l i g w a z e
b u b o n e l e
b ē c h i b i
k u n i n g i
z i p h u m i l e
z a z i n q u m a
s ē c h i b i
k u p h e k a
e l e z i l e v u
z ā b o n e l a
b a p h i l a
u k u v a l a
b e y i n q u m a
n i v a l a
e y e s e n z o
y a n d u l e
b u p h u m a
b u p h e k a
b u p h e k ē
z i n i n g i
b e m i m b a
y i n d l e b e
k u p h e k e
n i p h e k a
l i b h e k e
a y a b h e k a
n i n q u m a
w a m a k h u l u
y e n k a t h i
l i y a p h i l a
e z e z i n h l a m v u
w ā b a l e l a
z a n d u l e
z ē k h a y a
e z ē c h i b i
a g w a z a
s i b e t h a
i q a l i s e
a w ē c h i b i
k w o b u b i
s i b h e k i l e
s i b h e k ē
e l o b u b i
a b ē c h i b i
b a n d u l e
i b h a l ē
i b h a l i l e
w a y e v a l a
z ē k h u l u
v a l e n i
w e n k a t h i
s ē n i n g i
z ē k h u l u
b e n k a t h i
e l ē c h i b i
b ō b o m b o
a n d u l e
w e n d l e l a
z e n k a t h i
k u p h e k a
k u y a p h e k a
b a y a b h a l a
l i b u m b a
w a b a T h w a
z i t h e l o
y e n h l a n z i
n ā b a l e l a
k w ā p h u m a
l u g w a z e
k u p h u m e
l a m a k h a y a
w a n d u l i l e
y a m a k h a y a
s i l w a n e
k u p h i l a
z i b a l e l a
l i b h e k ē
l i b h e k i l e
u m f i s h a
z a m a k h a y a
u z o p h e k a
k u v a l a
u z o p h e k a
o l w o b o y a
k u b h e k a
k u b o n e l e
l u k a m a m e
ō h l a m v u
w a n d u l i l e
u z o p h i l a
z i n i n g i
e l ē b u m b a
b ō b o m b o
n g ā p h e k a
i b o n e l a
u b h a l ē
y e n h l a n z i
k w ē b u m b a
w e z i l e v u
z i y a g w a z a
b o m u T h w a
z ē b u m b a
s i p h e k i l e
u b h a l ē
z i z o n q u m a
z i l w a n e
n a n d u l ē
n i b h e k ē
k u g w a z i l e
z i n q u m i l e
k u p h e k i l e
s ā g w a z a
i z o g w a z a
b a m a g u m b i
k u p h i l ē
k u p h i l i l e
w ē k h u l u
i z o v a l a
a m a g u m b i
k u p h i l ē
w ā p h e k a
u b a l e l a
w e n d l e b e
ē g u m b i n i
n i b a l e l e
l u g w a z i l e
y a m a c h i b i
s i p h u m ē
s i p h i l i l e
u z o b h a l a
z i g w a z a
b e n d l e b e
b a b h e k ē
l i y a p h e k a
z i b h a l a
b u b a l e l a
l i p h u m i l e
b a b a T h w a
z i q a l i s a
l u b a l e l a
y a m a g u l a
s i b a l e l a
l ā q a l i s a
z a n d u l ē
z a m a g u l a
l u n q u m e
l i b a l e l a
u k u p h e k a
l i g w a z i l e
a w a m a k h u l u
z i b h e k i l e
n g i g w a z e
n a n d u l a
u y a b o n e l a
z ā b h a l a
k w e n d o d a
b a n d u l i l e
y ī k h a n d a
l w e n d o d a
n k a t h i
y ē k h a n d a
w ā b h a l a
w ā b h a l a
o w ō t h u l i
z e n d o d a n a
b u b a l e l e
w a w a n d u l a
l u p h e k a
s e n d o d a n a
m a k h a y a
a b e n d o d a
n i b h a l a
z i y a b h e k a
y a m a g u m b i
e z a b a T h w a
b a n d u l a
z i k a m a m e
o l w e z i n j a
y a y i v a l a
k u f i s h a
e s e n k a t h i
k w ā b h a l a
u q a l i s i l e
a m a b u m b a
y e z i l e v u
o k w ē b u m b a
u q a l i s ē
k w a k u v a l a
e z e z i l e v u
n i q a l i s ē
z a n d u l e
m a k h a n d a
w e n d l e l a
a b ō t h u l i
z a m a d o d a
e s ē n i n g i
k w a n d u l ē
n g i p h e k a
b e z i n q u m a
i z i m b a z o
y i n d o d a n a
k w ē k h u l u
s i q a l i s i l e
s i q a l i s ē
l w ā p h e k a
e l i n i n g i
y a y i v a l a
b e z i v a l a
ō L w e s i n e
w ō h l a m v u
y i s i t h e l o
n g i p h i l a
z i q a l i s ē
z i q a l i s i l e
w ā b a l e l a
y ō N c w a b a
e s i t h e l o
l w e m b a z o
b u y a n q u m a
a y e b a l e l a
i z o k u t h a
u k u b h a l a
l u n q u m a
k u q a l i s e
e y e m b a z o
k u y a n d u l a
z e z i m b a z o
u q a l i s a
u y a q a l i s a
o b u k a L w e s i n e
o k u k a y i s e
l u b h e k ē
n g i v a l a
i s i l w a n e
b e l u v a l a
o b ō b o m b o
k w ā n d u l a
z i q a l i s ē
s i y a g w a z a
z i y a g w a z a
z i g w a z a
k w ē k h a y a
u z o b a l e l a
b a b a l e l ē
b e s i l e v u
u z o v a l a
k u p h u m i l e
z i n k a t h i
k w ā b o n e l a
u z o p h u m a
k w ā g w a z a
z i n g a n e
w ō L w e s i n e
o w a m a d o d a
a b e p h u m a
b u z o b h e k a
a y a n d u l a
k w ō b o m b o
e s a m a g u l a
a b a l e l ē
s a s i p h i l a
y i s i h l o k o
u p h u m u l a
u b e b h e k a
k u b a l e l ē
k w ō b o m b o
i z o p h e k a
s i n q u m i l e
s i n q u m ē
s i n q u m ē
e l e m b a z o
e z ē k h u l u
z i b a l e l ē
e l ō b o m b o
o k u k a y i s e
i p h u m u l a
l u p h e k ē
u L w e s i n e
b ē G a u t e n g
z ē k h a n d a
b e s i p h u m a
i p h u m u l a
k w e n k a t h i
e z e n k a t h i
k w e n k a t h i
s i v a l i l e
o w ē c h i b i
e y o m u T h w a
a b e g w a z a
b a y a n q u m a
b e w u n q u m a
e y e z i l e v u
s a b a T h w a
y o b u n c a n e
n g i z o g w a z a
u p h u m u l i l e
o l w a m a g u m b i
l a m a g u m b i
a p h u m u l ē
l u z o b h e k a
w e z i m b o m b o
u z o b h a l a
e l o m u m b a
k w ē k h a n d a
i p h u m u l e
e z i n h l a m v u
n g a m a g u l a
b e z i m b o m b o
e z o m u m b a
o k w ē g u m b i
o w o m u m b a
o w e m i m b a
b u z o b o n e l a
a b e s e n z o
a z o b h e k a
o l u k a y i s e
y e s i h l o k o
k w o m u T h w a
s i n g a n e
b e s i g w a z a
k u b a l e l a
n g i y a v a l a
n g i v a l a
w e n h l a n z i
u p h u m u l a
u y a p h u m u l a
s e z i m b o m b o
w a w u p h e k a
e y ē k h u l u
z e z i n d l e l a
k w e s i l e v u
e z ē n i n g i
k w e s i l e v u
i z i h l o k o
b e b u b o n e l a
b a b e p h i l a
b u z o b h a l a
e s i l w a n e
w e z i n d l e l a
n g a n d u l i l e
w e z i n d l e l a
i z o q a l i s a
y a y i p h i l a
z a m a c h i b i
b a m a b u m b a
i z o q a l i s a
e y e z i l e v u
s a s i p h e k a
l e z i m b o m b o
k u z o b o n e l a
k u y i s e
z i z o p h i l a
o l w ē b u m b a
a w ē k h a n d a
i y a p h u m u l a
b e s i h l o k o
o k w e n d o d a
w e s i h l o k o
z e s i h l o k o
b a b u p h u m a
b u q a l i s i l e
z i z o g w a z a
b a b e b h a l a
o l w e n d o d a
n a n i b h e k a
e y ē k h a y a
o b ē k h a y a
b e k u b o n e l a
w a w u p h i l a
q a l i s a n i
s i y a p h u m u l a
k u q a l i s a
e s e z i n t u l i
b e l u g w a z a
w ē G a u t e n g
k w a k u n q u m a
s e z i l e v u
b a y a n d u l a
e z a m a g u l a
e l ē k h a n d a
ē b u m b e n i
o w a m a c h i b i
e s e n d l e b e
z a z i b h a l a
k u z o v a l a
b a b u n q u m a
e z i k a m a m e
b u z o p h e k a
z a m a d o d a n a
l w ē k h a n d a
k w a k u p h u m a
k u z o p h e k a
o w e z i l e v u
b e y i b a l e l a
o w e z e n z o
ē k h u l w i n i
b e n d o d a n a
w e z i l w a n e
n g i y a g w a z a
o l w o m u m b a
b e k u b o n e l a
o w e z i n k a t h i
l w e n d o d a n a
k w a k u p h i l a
o l w e z e n z o
b e y i b h e k a
s a b i z w a n a
w a y e b a l e l a
k u n q u m a
o w a m a d o d a
y e z i l w a n e
a w a m a d o d a
w e s i t h e l o
k w a k u p h i l a
l a m a d o d a n a
b a b u p h i l a
e y e s i l e v u
o w e n i n g i z i m u
n i p h u m u l e
b e y i g w a z a
b a b e b o n e l a
s i b e p h u m a
n a n i p h i l a
s i b e p h i l a
w ā p h u m u l a
u b e q a l i s a
e s e n z w e n i
e n d l e l e n i
e l ō t h u l i
s i b e b h e k a
e z e z i m b a z o
l i y a p h u m u l a
o k w ō b o m b o
b e k u b h e k a
b e w u p h i l a
e m a k h a n d a
e z e s i l e v u
k a L w e s i n e
o b e z i n k a t h i
k a L w e s i n e
o k w ō b o m b o
o w a m a g u m b i
e y ō N c w a b a
b e y i q a l i s a
a w a m a c h i b i
a b e s i l e v u
z i z o p h u m a
a b a b a T h w a
k u p h u m u l e
b u y a p h u m u l a
e y a m a g u m b i
z i z o b a l e l a
k a L w e s i n e
b a z o p h i l a
b a m a c h i b i
k u p h u m u l a
b u p h u m u l a
z e z i n h l a n z i
b e w u b h e k a
e y e n d l e b e
k w ē G a u t e n g
b e k u p h i l a
l u z o b h a l a
e y e z i n d l e l a
b e y i b o n e l a
w e z i n h l a m v u
z ā p h u m u l a
b e z i b o n e l a
z i p h u m u l i l e
e z i n t u l i n i
s i y a b a l e l a
k w a k u g w a z a
l e n h l a n z i
ē g u l e n i
e s i k a N c w a b a
s i b o n e l a
s a s i b h a l a
o w ō L w e s i n e
e y e z i n d l e l a
o b a m a g u m b i
l w e z i n k a t h i
n i b e p h u m a
a b ō h l a m v u
l u p h u m u l a
z i b a l e l a
k u b h a l ē
e y e z i n k a t h i
e z ē G a u t e n g
o w ē G a u t e n g
e n d o d a n e n i
s a s i g w a z a
k u k a N c w a b a
e z i n g a n e
n i b e p h e k a
l e s i n g a n e
z a z i b h e k a
e l a m a d o d a n a
b e y i b h a l a
b e s i l w a n e
b e l u p h e k a
s i b o n e l a
y e z i n d l e b e
s i b a l e l a
z e n h l a n z i
o l w ē k h a y a
o w e z i n d l e l a
o w ō h l a m v u
s i k a L w e s i n e
e l e n d o d a n a
z i k a L w e s i n e
b e z i t h e l o
z i b a l e l a
o k u f i s h a
l e z i h l o k o
k w ō N c w a b a
n g i z o p h u m a
n g u b u n c a n e
y a m a d o d a n a
e s i T s w a n e n i
l i z o g w a z a
o b a m a b u m b a
e l e z i t h e l o
b a b u b a l e l a
l e z i n h l a m v u
b e s i n g a n e
b e k u p h e k a
b e b u q a l i s a
k w ā p h u m u l a
o b e z i m b o m b o
n g a n d u l a
l i b o n e l a
s i z o p h u m a
b e z i p h e k a
e z e s i h l o k o
l i b a l e l a
a b e z i l w a n e
z a m a d o d a n a
l w a m a d o d a n a
a w e s i h l o k o
b e z i q a l i s a
y e z i n k a t h i
e n g i m n i n g i
e z e z i n d l e b e
n g i b a l e l a
o l w e z i m b o m b o
e s e z i n d l e b e
o w e z i n d l e b e
o k w e n d o d a n a
k u p h u m u l i l e
l w a l u p h i l a
o b e s i t h e l o
k u z o g w a z a
u k u b a l e l a
b a m a k h a n d a
e l e z i m b o m b o
o w a m a d o d a n a
a w e s i l w a n e
b ē k a t s h a n a
b e n i n g i z i m u
s a s i p h u m u l a
z a z i b a l e l a
z a z i b a l e l a
b a b u b h e k a
w a w u n q u m a
w a m a d o d a n a
s ē k a t s h a n a
e y ō L w e s i n e
o w e z i m b a z o
i s a b i z w a n a
w e s i T s w a n a
s a s i q a l i s a
b o b u n c a n e
s i z o b h e k a
a b e s i T s w a n a
y i n i n g i z i m u
b a b e q a l i s a
k w a k w a n d u l a
n g i z o p h e k a
b e l i b h e k a
k w a k u b o n e l a
l u p h u m u l ē
s i b e q a l i s a
o w ō N c w a b a
e s o b u n c a n e
b o b u t h u n t u
k w ē k a t s h a n a
a w e n h l a n z i
o k w e n i n g i z i m u
e m a b u m b e n i
k w a k w a n d u l a
o k w ō h l a m v u
n g i p h u m u l a
b e l w a n d u l a
y e z a b i z w a n a
o k u k a L w e s i n e
o w e z i t h e l o
l w e s i l w a n e
e l e s i T s w a n a
z e s i k h u n d l a
w e s i k h u n d l a
k w e n h l a n z i
a w ō L w e s i n e
e z i n g a n e n i
o w e z i n h l a m v u
e y e s i T s w a n a
n g a n g i g w a z a
e l e n h l a n z i
n g a m a b u m b a
i z i k h u n d l a
n g a n g i p h e k a
z a z i p h u m u l a
k u m u T h w a
e z a m a k h a y a
b e k u p h u m u l a
a m a k a t s h a n a
u z o p h u m u l a
w ē k h o m p y u t h a
e y e s i n g a n e
e k a N c w a b a
o k w e z i m b o m b o
o b e z i t h e l o
w a w u p h u m u l a
o k w e z i n d l e b e
o k w e z i n d l e b e
y a y i p h u m u l a
e l o b u n c a n e
e n t o m b a z a n e
b ō m a m e
a b o b u t h u n t u
e z a m a k h a n d a
y e z i n h l a m v u
o w a m a k h a n d a
b a b u p h u m u l a
ī k h o m p i y u t h a
o w a m a k h a n d a
b e y i p h u m u l a
y e z i k h u n d l a
l w e s i T s w a n a
e z i k a L w e s i n e
e z i t h e l w e n i
o b o b u n c a n e
y e n t o m b a z a n e
l w a l u b a l e l a
e z e z i n d l e l a
b e s i k h u n d l a
l w ē k a t s h a n a
e m a d o d e n i
s i z o b a l e l a
e z e s i k h u n d l a
e n t o m b a z a n e
y e s i k h u n d l a
ō t h u l i n i
k w e s i n g a n e
b e b u p h u m u l a
k w e s i k h u n d l a
k w e s i k h u n d l a
o l w e s i T s w a n a
e y e s i n g a n e
e l e s i n g a n e
l w e n i n g i z i m u
z i k a N c w a b a
o w a m a k h o m p i y u t h a
b e b e p h u m u l a
a b e n i n g i z i m u
e z a m a k h o m p i y u t h a
n g a n g a n d u l a
o k w ē k a t s h a n a
e y e s a b i z w a n a
e y e s a b i z w a n a
y i z i n k a t h i
s i z o p h u m u l a
o k w e z i t h e l o
w e z i k h u n d l a
o k w e z i t h e l o
z e z i k h u n d l a
k w ē k h o m p y u t h a
e y e z a b i z w a n a
b a q a l i s a
e z i h l o k w e n i
z a m a k a t s h a n a
y a m a k a t s h a n a
l w e z i k h u n d l a
e z e z i k h u n d l a
o k w a m a k h o m p y u t h a
k w e s a b i z w a n a
o l w a m a k h o m p y u t h a
e m a k h a y a
l ē k h o m p i y u t h a
n g a n g i b a l e l a
b e n t o m b a z a n e
b e n t o m b a z a n e
k ō y i s e
e z i m f i s h a
n g a m a k h o m p i y u t h a
l w a l w a n d u l a
o k w ē k h o m p y u t h a
e l e n t o m b a z a n e
w a m a k h o m p y u t h a
b a m a k h o m p y u t h a
e m a k a t s h a n e n i
o w e n t o m b a z a n e
l i k h o m p i y u t h a
ō j w i n i
e y a m a k a t s h a n a
a w e n t o m b a z a n e
o l w e s a b i z w a n a
o w e n t o m b a z a n e
k w e n t o m b a z a n e
e l ē k h o m p i y u t h a
o b ē k h o m p i y u t h a
w a m a k h o m p i y u t h a
e s ē k h o m p i y u t h a
a b a m a k a t s h a n a
o k w e n t o m b a z a n e
l w a m a k h o m p y u t h a
e l a m a k h o m p y u t h a
b a m a k h o m p i y u t h a
o l w a m a k a t s h a n a
k u b a T h w a
ō b o n j e n i
s i b a n i n g i
l i n i n g i
k ō L w e s i n e
