l e n h l a n z i
k w a k u g w a z a
s i y a b a l e l a
e z i n t u l i n i
z i p h u m u l i l e
b e z i b o n e l a
z ā p h u m u l a
w e z i n h l a m v u
b e y i b o n e l a
e y e z i n d l e l a
l u z o b h a l a
b e k u p h i l a
k w ē G a u t e n g
e y e n d l e b e
b e w u b h e k a
z e z i n h l a n z i
b u p h u m u l a
k u p h u m u l a
b a m a c h i b i
b a z o p h i l a
k a L w e s i n e
z i z o b a l e l a
e y a m a g u m b i
b u y a p h u m u l a
k u p h u m u l e
a b a b a T h w a
z i z o p h u m a
a b e s i l e v u
a w a m a c h i b i
b e y i q a l i s a
e y ō N c w a b a
o w a m a g u m b i
o k w ō b o m b o
k a L w e s i n e
o b e z i n k a t h i
k a L w e s i n e
e z e s i l e v u
e m a k h a n d a
b e w u p h i l a
b e k u b h e k a
o k w ō b o m b o
l i y a p h u m u l a
e z e z i m b a z o
s i b e b h e k a
e l ō t h u l i
e n d l e l e n i
e s e n z w e n i
u b e q a l i s a
w ā p h u m u l a
s i b e p h i l a
n a n i p h i l a
s i b e p h u m a
b a b e b o n e l a
b e y i g w a z a
n i p h u m u l e
o w e n i n g i z i m u
e y e s i l e v u
b a b u p h i l a
l a m a d o d a n a
k w a k u p h i l a
w e s i t h e l o
a w a m a d o d a
y e z i l w a n e
o w a m a d o d a
k u n q u m a
w a y e b a l e l a
s a b i z w a n a
b e y i b h e k a
o l w e z e n z o
k w a k u p h i l a
l w e n d o d a n a
o w e z i n k a t h i
b e k u b o n e l a
o l w o m u m b a
n g i y a g w a z a
w e z i l w a n e
b e n d o d a n a
ē k h u l w i n i
o w e z e n z o
b e y i b a l e l a
o w e z i l e v u
k u z o p h e k a
k w a k u p h u m a
l w ē k h a n d a
z a m a d o d a n a
b u z o p h e k a
e z i k a m a m e
b a b u n q u m a
k u z o v a l a
z a z i b h a l a
e s e n d l e b e
o w a m a c h i b i
ē b u m b e n i
e l ē k h a n d a
e z a m a g u l a
b a y a n d u l a
s e z i l e v u
k w a k u n q u m a
w ē G a u t e n g
b e l u g w a z a
e s e z i n t u l i
k u q a l i s a
s i y a p h u m u l a
q a l i s a n i
w a w u p h i l a
b e k u b o n e l a
o b ē k h a y a
e y ē k h a y a
n a n i b h e k a
o l w e n d o d a
b a b e b h a l a
z i z o g w a z a
b u q a l i s i l e
b a b u p h u m a
z e s i h l o k o
w e s i h l o k o
o k w e n d o d a
b e s i h l o k o
i y a p h u m u l a
a w ē k h a n d a
o l w ē b u m b a
z i z o p h i l a
k u y i s e
k u z o b o n e l a
l e z i m b o m b o
s a s i p h e k a
e y e z i l e v u
i z o q a l i s a
b a m a b u m b a
z a m a c h i b i
y a y i p h i l a
i z o q a l i s a
w e z i n d l e l a
n g a n d u l i l e
w e z i n d l e l a
e s i l w a n e
b u z o b h a l a
b a b e p h i l a
b e b u b o n e l a
i z i h l o k o
k w e s i l e v u
e z ē n i n g i
k w e s i l e v u
z e z i n d l e l a
e y ē k h u l u
w a w u p h e k a
s e z i m b o m b o
u y a p h u m u l a
u p h u m u l a
w e n h l a n z i
n g i y a v a l a
n g i v a l a
k u b a l e l a
b e s i g w a z a
s i n g a n e
k w o m u T h w a
y e s i h l o k o
o l u k a y i s e
a z o b h e k a
a b e s e n z o
b u z o b o n e l a
o w e m i m b a
o w o m u m b a
o k w ē g u m b i
e z o m u m b a
b e z i m b o m b o
n g a m a g u l a
e z i n h l a m v u
i p h u m u l e
k w ē k h a n d a
e l o m u m b a
u z o b h a l a
w e z i m b o m b o
l u z o b h e k a
a p h u m u l ē
l a m a g u m b i
o l w a m a g u m b i
u p h u m u l i l e
n g i z o g w a z a
y o b u n c a n e
s a b a T h w a
e y e z i l e v u
b e w u n q u m a
b a y a n q u m a
a b e g w a z a
e y o m u T h w a
o w ē c h i b i
s i v a l i l e
k w e n k a t h i
e z e n k a t h i
k w e n k a t h i
i p h u m u l a
b e s i p h u m a
z ē k h a n d a
b ē G a u t e n g
u L w e s i n e
l u p h e k ē
i p h u m u l a
o k u k a y i s e
e l ō b o m b o
z i b a l e l ē
e z ē k h u l u
e l e m b a z o
s i n q u m ē
s i n q u m ē
s i n q u m i l e
i z o p h e k a
k w ō b o m b o
k u b a l e l ē
u b e b h e k a
u p h u m u l a
y i s i h l o k o
s a s i p h i l a
a b a l e l ē
e s a m a g u l a
k w ō b o m b o
a y a n d u l a
b u z o b h e k a
a b e p h u m a
o w a m a d o d a
w ō L w e s i n e
z i n g a n e
k w ā g w a z a
u z o p h u m a
k w ā b o n e l a
z i n k a t h i
k u p h u m i l e
u z o v a l a
b e s i l e v u
b a b a l e l ē
u z o b a l e l a
k w ē k h a y a
z i y a g w a z a
z i g w a z a
s i y a g w a z a
z i q a l i s ē
k w ā n d u l a
o b ō b o m b o
b e l u v a l a
i s i l w a n e
n g i v a l a
l u b h e k ē
o k u k a y i s e
o b u k a L w e s i n e
u q a l i s a
u y a q a l i s a
z e z i m b a z o
k u y a n d u l a
e y e m b a z o
k u q a l i s e
l u n q u m a
u k u b h a l a
i z o k u t h a
a y e b a l e l a
b u y a n q u m a
l w e m b a z o
e s i t h e l o
y ō N c w a b a
w ā b a l e l a
z i q a l i s i l e
z i q a l i s ē
n g i p h i l a
y i s i t h e l o
w ō h l a m v u
ō L w e s i n e
b e z i v a l a
y a y i v a l a
e l i n i n g i
l w ā p h e k a
s i q a l i s i l e
s i q a l i s ē
k w ē k h u l u
y i n d o d a n a
i z i m b a z o
b e z i n q u m a
n g i p h e k a
k w a n d u l ē
e s ē n i n g i
z a m a d o d a
a b ō t h u l i
w e n d l e l a
m a k h a n d a
z a n d u l e
n i q a l i s ē
e z e z i l e v u
k w a k u v a l a
u q a l i s ē
o k w ē b u m b a
y e z i l e v u
a m a b u m b a
u q a l i s i l e
k w ā b h a l a
e s e n k a t h i
k u f i s h a
y a y i v a l a
o l w e z i n j a
z i k a m a m e
b a n d u l a
e z a b a T h w a
y a m a g u m b i
z i y a b h e k a
n i b h a l a
a b e n d o d a
m a k h a y a
s e n d o d a n a
l u p h e k a
w a w a n d u l a
b u b a l e l e
z e n d o d a n a
o w ō t h u l i
w ā b h a l a
w ā b h a l a
y ē k h a n d a
n k a t h i
l w e n d o d a
y ī k h a n d a
b a n d u l i l e
k w e n d o d a
z ā b h a l a
u y a b o n e l a
n a n d u l a
n g i g w a z e
z i b h e k i l e
a w a m a k h u l u
l i g w a z i l e
u k u p h e k a
l i b a l e l a
l u n q u m e
z a m a g u l a
z a n d u l ē
l ā q a l i s a
s i b a l e l a
y a m a g u l a
l u b a l e l a
z i q a l i s a
b a b a T h w a
l i p h u m i l e
b u b a l e l a
z i b h a l a
l i y a p h e k a
b a b h e k ē
b e n d l e b e
z i g w a z a
u z o b h a l a
s i p h i l i l e
s i p h u m ē
y a m a c h i b i
l u g w a z i l e
n i b a l e l e
ē g u m b i n i
w e n d l e b e
u b a l e l a
w ā p h e k a
k u p h i l ē
a m a g u m b i
i z o v a l a
w ē k h u l u
k u p h i l i l e
k u p h i l ē
b a m a g u m b i
i z o g w a z a
s ā g w a z a
k u p h e k i l e
z i n q u m i l e
k u g w a z i l e
n i b h e k ē
n a n d u l ē
z i l w a n e
z i z o n q u m a
u b h a l ē
s i p h e k i l e
z ē b u m b a
b o m u T h w a
z i y a g w a z a
w e z i l e v u
k w ē b u m b a
y e n h l a n z i
u b h a l ē
i b o n e l a
n g ā p h e k a
b ō b o m b o
e l ē b u m b a
z i n i n g i
u z o p h i l a
w a n d u l i l e
ō h l a m v u
l u k a m a m e
k u b o n e l e
k u b h e k a
o l w o b o y a
u z o p h e k a
k u v a l a
u z o p h e k a
z a m a k h a y a
u m f i s h a
l i b h e k i l e
l i b h e k ē
z i b a l e l a
k u p h i l a
s i l w a n e
y a m a k h a y a
w a n d u l i l e
l a m a k h a y a
k u p h u m e
l u g w a z e
k w ā p h u m a
n ā b a l e l a
y e n h l a n z i
z i t h e l o
w a b a T h w a
l i b u m b a
b a y a b h a l a
k u p h e k a
k u y a p h e k a
z e n k a t h i
w e n d l e l a
a n d u l e
b ō b o m b o
e l ē c h i b i
b e n k a t h i
z ē k h u l u
s ē n i n g i
w e n k a t h i
v a l e n i
z ē k h u l u
w a y e v a l a
i b h a l i l e
i b h a l ē
b a n d u l e
a b ē c h i b i
e l o b u b i
s i b h e k ē
s i b h e k i l e
k w o b u b i
a w ē c h i b i
i q a l i s e
s i b e t h a
a g w a z a
e z ē c h i b i
z ē k h a y a
z a n d u l e
w ā b a l e l a
e z e z i n h l a m v u
l i y a p h i l a
y e n k a t h i
w a m a k h u l u
n i n q u m a
a y a b h e k a
l i b h e k e
n i p h e k a
k u p h e k e
y i n d l e b e
b e m i m b a
z i n i n g i
b u p h e k ē
b u p h e k a
b u p h u m a
y a n d u l e
e y e s e n z o
n i v a l a
b e y i n q u m a
u k u v a l a
b a p h i l a
z ā b o n e l a
e l e z i l e v u
k u p h e k a
s ē c h i b i
z a z i n q u m a
z i p h u m i l e
k u n i n g i
b ē c h i b i
b u b o n e l e
l i g w a z e
e y o b u b i
b ā n q u m a
i q a l i s ē
i q a l i s i l e
w ā q a l i s a
s i g w a z a
o w o b u b i
y ō b o m b o
b e l i v a l a
o w ē n i n g i
b ā n q u m a
k w ē n i n g i
n g a n d u l a
l i p h i l i l e
s i p h i l i l e
o w o b u b i
b a n q u m i l e
b a n d u l i l e
b e k u t h a
l i v a l a
w e m b a z o
z i g w a z i l e
b ē g u m b i
o k u k a m a m e
z e m b a z o
z i p h i l a
s i p h i l a
m a d o d a n a
z i p h i l a
i y a n d u l a
z o m u m b a
l a n d u l ē
z i b o n e l a
e m a k h o m p i y u t h e n i
b ā b h a l a
b u b o n e l a
s i p h i l e
s o m u m b a
b ā n d u l a
k u p h i l e
b ō t h u l i
y a y i t h a
y e m i m b a
k u p h e k a
u y a g w a z a
s i p h u m e
l i p h u m a
n ā p h e k a
e s ē g u l a
z i b h a l e
z e n d o d a
l a m a d o d a
l i p h u m e
k u z o k u t h a
l ā b o n e l a
e z i n j e n i
z i k a m a m e
s ā g w a z a
o l w e n j a
e z i m v u
s i h l o k o
y ē k h a y a
b u v a l a
b a n d u l e
i p h i l i l e
u b a l e l ē
k w a n d u l a
y ā p h u m a
y ā b h e k a
b o m u m b a
ē k h a n d a
a m a k h a y a
b ā p h i l a
z ā n d u l a
u p h u m ē
i z i n k a t h i
e l ē g u l a
m f i s h a
s a s i t h a
k w a n d u l e
i b a l e l e
y ī k h a y a
m a b u m b a
y ī c h i b i
s e z i m v u
e z e z i m v u
y i s e n z o
n i t h a
y o m u m b a
i p h i l i l e
s ā b o n e l a
u b a l e l e
y i z e n z o
i y a g w a z a
z i b h e k e
l u t h ē
b a p h e k e
l i n q u m e
z i y a v a l a
s ā p h u m a
u b h e k ē
k u t h ē
e y ō m a m e
a p h i l e
u p h e k ē
y i z i m v u
b u v a l e
u g w a z ē
e k a m a m e
e k a m a m e
w ā n d u l a
i p h u m a
b e s i t h a
i p h e k ē
i y a p h e k a
z e s e n z o
i p h e k i l e
b h e k a n i
k u b h a l a
u p h i l a
w a n d u l a
u b h a l e
b ā p h u m a
z ē g u m b i
b ā g w a z a
u z o n q u m a
i y a b h a l a
i z o n q u m a
i g w a z e
u y a p h e k a
u n q u m a
b o b u b i
z i z o v a l a
i v a l ē
k a m a m e
i v a l a
u b o n e l e
u y a p h i l a
u p h i l a
i p h i l a
b h a l e n i
e p h i l a
i p h i l a
l i g u l a
y ē n i n g i
b o b u b i
i b h e k a
e b h a l a
n ā n q u m a
u g w a z i l e
u g w a z ē
s i y a t h a
s i t h a
q a l i s a
u n q u m e
u p h e k a
o w ē g u l a
a p h i l ē
a p h i l i l e
z i v a l a
i n q u m i l e
z ē g u l a
a g w a z e
z ē g u l a
a k a y i s e
a n d u l i l e
u b o n e l e
e y ē g u l a
u v a l ē
z i v a l e
o b ō y i s e
i b h a l a
a n q u m a
a y a n q u m a
o w ō y i s e
z i v a l a
u p h i l e
a b h a l a
u p h e k e
k u v a l e
n i v a l e
s e s e n z o
e y e m v u
i b h e k a
e z ō m a m e
k w ā t h a
u v a l a
s ā v a l a
s e z i n j a
m a c h i b i
y ā v a l a
n g ā t h a
ē g u m b i
o k w e n j a
a b ō m a m e
ā b h a l a
b e z i n j a
n g i t h e
b a t h i l e
w e n j a
u b h e k e
y ē g u l a
u b a l e l a
l i t h i l e
k u v a l a
l w ō m a m e
a t h a
v a l a
i v a l ē
i v a l i l e
a p h e k e
u p h e k e
u y a t h a
z i t h e
a m a g u l a
e v a l a
z ā n q u m a
e l e m v u
u t h a
s i t h a
z ā t h a
l i t h a
z i t h a
m u m b a
i n q u m e
b ō m a m e
i n q u m e
i t h ē
l u v a l a
z e m v u
w ā v a l a
b a l e l e
w ā t h a
w ū j u
o b u b i
k ō m a m e
w ō y i s e
z ō m a m e
k w e n j a
b h a l e
a w e n j a
u t h e
a w ō j u
i t h e
k w a m a g u l a
u t h i l e
i t h a
s i v a l a
u t h a
o k w e n t o m b a z a n e
y e z i n j a
k w e n t o m b a z a n e
ū j u
k w e z i k h u n d l a
y e m v u
b ō y i s e
k w a m a k h a n d a
l w ō j u
k w e z i h l o k o
o k w e z i n h l a n z i
i v a l e
l w e z i n h l a n z i
k w e z i n g a n e
k w a m a d o d a n a
k w e z i l e v u
k u y a n d u l a
ō y i s e
k w e z i n h l a m v u
k w e z i m b a z o
k w a b a T h w a
b e n j a
k w e z e n z o
k w a m a g u l a
w ō j u
k w e z i m v u
l ō j u
k w e z i n j a
