k w e z i n j a
l ō j u
k w e z i m v u
w ō j u
k w a m a g u l a
k w e z e n z o
b e n j a
k w a b a T h w a
k w e z i m b a z o
k w e z i n h l a m v u
ō y i s e
k u y a n d u l a
k w e z i l e v u
k w a m a d o d a n a
k w e z i n g a n e
l w e z i n h l a n z i
i v a l e
o k w e z i n h l a n z i
k w e z i h l o k o
l w ō j u
k w a m a k h a n d a
b ō y i s e
y e m v u
k w e z i k h u n d l a
ū j u
k w e n t o m b a z a n e
y e z i n j a
o k w e n t o m b a z a n e
u t h a
s i v a l a
i t h a
u t h i l e
k w a m a g u l a
i t h e
a w ō j u
u t h e
a w e n j a
b h a l e
k w e n j a
z ō m a m e
w ō y i s e
k ō m a m e
o b u b i
w ū j u
w ā t h a
b a l e l e
w ā v a l a
z e m v u
l u v a l a
i t h ē
i n q u m e
b ō m a m e
i n q u m e
m u m b a
z i t h a
l i t h a
z ā t h a
s i t h a
u t h a
e l e m v u
z ā n q u m a
e v a l a
a m a g u l a
z i t h e
u y a t h a
u p h e k e
a p h e k e
i v a l ē
i v a l i l e
v a l a
a t h a
l w ō m a m e
k u v a l a
l i t h i l e
u b a l e l a
y ē g u l a
u b h e k e
w e n j a
b a t h i l e
n g i t h e
b e z i n j a
ā b h a l a
a b ō m a m e
o k w e n j a
ē g u m b i
n g ā t h a
y ā v a l a
m a c h i b i
s e z i n j a
s ā v a l a
u v a l a
k w ā t h a
e z ō m a m e
i b h e k a
e y e m v u
s e s e n z o
n i v a l e
k u v a l e
u p h e k e
a b h a l a
u p h i l e
z i v a l a
o w ō y i s e
a n q u m a
a y a n q u m a
i b h a l a
o b ō y i s e
z i v a l e
u v a l ē
e y ē g u l a
u b o n e l e
a n d u l i l e
a k a y i s e
z ē g u l a
a g w a z e
z ē g u l a
i n q u m i l e
z i v a l a
a p h i l ē
a p h i l i l e
o w ē g u l a
u p h e k a
u n q u m e
q a l i s a
s i y a t h a
s i t h a
u g w a z ē
u g w a z i l e
n ā n q u m a
e b h a l a
i b h e k a
b o b u b i
y ē n i n g i
l i g u l a
i p h i l a
e p h i l a
b h a l e n i
i p h i l a
u p h i l a
u y a p h i l a
u b o n e l e
i v a l a
k a m a m e
i v a l ē
z i z o v a l a
b o b u b i
u n q u m a
u y a p h e k a
i g w a z e
i z o n q u m a
i y a b h a l a
u z o n q u m a
b ā g w a z a
z ē g u m b i
b ā p h u m a
u b h a l e
w a n d u l a
u p h i l a
k u b h a l a
b h e k a n i
i p h e k i l e
z e s e n z o
i y a p h e k a
i p h e k ē
b e s i t h a
i p h u m a
w ā n d u l a
e k a m a m e
e k a m a m e
u g w a z ē
b u v a l e
y i z i m v u
u p h e k ē
a p h i l e
e y ō m a m e
k u t h ē
u b h e k ē
s ā p h u m a
z i y a v a l a
l i n q u m e
b a p h e k e
l u t h ē
z i b h e k e
i y a g w a z a
y i z e n z o
u b a l e l e
s ā b o n e l a
i p h i l i l e
y o m u m b a
n i t h a
y i s e n z o
e z e z i m v u
s e z i m v u
y ī c h i b i
m a b u m b a
y ī k h a y a
i b a l e l e
k w a n d u l e
s a s i t h a
m f i s h a
e l ē g u l a
i z i n k a t h i
u p h u m ē
z ā n d u l a
b ā p h i l a
a m a k h a y a
ē k h a n d a
b o m u m b a
y ā b h e k a
y ā p h u m a
k w a n d u l a
u b a l e l ē
i p h i l i l e
b a n d u l e
b u v a l a
y ē k h a y a
s i h l o k o
e z i m v u
o l w e n j a
s ā g w a z a
z i k a m a m e
e z i n j e n i
l ā b o n e l a
k u z o k u t h a
l i p h u m e
l a m a d o d a
z e n d o d a
z i b h a l e
e s ē g u l a
n ā p h e k a
l i p h u m a
s i p h u m e
u y a g w a z a
k u p h e k a
y e m i m b a
y a y i t h a
b ō t h u l i
k u p h i l e
b ā n d u l a
s o m u m b a
s i p h i l e
b u b o n e l a
b ā b h a l a
e m a k h o m p i y u t h e n i
z i b o n e l a
l a n d u l ē
z o m u m b a
i y a n d u l a
z i p h i l a
m a d o d a n a
