D a c h
t a g
N a h t
B u t t
a t m e
F a s s
L o b e
D e c k
D e c k
H u b e s
B a b y
E k z e m
E k z e m
t a g e
a t m e n
a t m e n
l e i m t
h e m m t
h e m m e
F o r t s
s p r i c h   f r e i
t ö t e t
g l o s
m a l t r ä t i e r e
F o r t s
C l o u s
C l o u s
m a h l e
a h n t e
a h n e n
m a l t r ä t i e r t e
m a l t r ä t i e r e n
a h n e n
U c h t e
m a l t r ä t i e r t e
H e l m e s
G r u b e
j u c k t
m e h r
K r o n e
K r o n e
N ä h t e
m a l t r ä t i e r t e n
A l m e n
j u c k e
R ü s c h e
B i e n e
m a l t r ä t i e r t e s t
D e c k s
m a h l t
C l o u s
t ö t e n
O z e a n
L o b e s
O z e a n
w e i ß t e
M a s k e
k l o n t
U n t e r
T r a g e
D i n g o
w e i ß e
m e h r t
D e c k s
m e l d e
t a g t e
R a u t e
R a u t e
t ö t e n
F e n n e k
G r u b e
G r u b e
r e i c h t e
l e i m t e
G e m a c h
G e m a c h
e r l a n g
h e m m t e
S t ä l l e
S t ä l l e
h e m m s t
h e m m e n
P i k e n
w ä h l e
P i k e n
a t m e s t
A m i d e s
G ö n n e n
d ü r f e t
m e l d e t
G o s s e n
G o s s e n
l e i m e n
K n i r p s
m e h r e n
U n t e r s
a h n t e t
U c h t e n
K r ä h e n
e r t r u g
B a r d e n
J ü n g e r
J ü n g e r
J ü n g e r
A u s b a u
s p a l t e
d ü r f e n
A k z e n t
d ü r f e n
K r o n e n
C u r i u m
w e i ß t
m e l d e t e
j u c k e n
r e i c h t e t
N ä h t e n
r e i c h t e n
l e i m e n
O m e g a s
g l o s e t
p r e d i g
E h r u n g
B i e n e n
S o c k e l
m a h l e n
C i t r a t
C i t r a t
A u s b a u e
D i n g o s
m a h l t e
S p i t z e
F e h l e n
S p i t z e
m ö p p r e
J ü n g e r
m e u t r e
o r g e l t e
A k z e n t
s t r ö m t
b e s i e g
t ö t e n d
N u t z e n
m e l d e n
s t r ö m e
F a l b e n
S t ä l l e n
S a d i s t
h ä m m e r e
E u x e n i t
h ä m m e r n
m a h l e n
g l a u b t
D i o x i d
r e i c h e
G e y s i r
G e y s i r
w ä h l e n
p r e d i g t
F r a k t a l
g e t a g t
N u t z e n
a t m e t e n
a t m e t e t
A f f r o n t
m ö p p r e
B o n s a i
B o n s a i
e r l a n g e
m o p s t e
h e m m t e t
b e w a f f n e
R a z z i a
h e m m e s t
h e m m t e n
h e m m t e t
g l a u b e
G e f ä ß e
B e u g u n g
S c h a c h t
P f u h l e s
s p a l t e n
s p a l t e n
K r a n i c h
K r a n i c h
m ö p p e r n
s p a l t e t
w i t t e r e
o r g e l e t
w i t t e r e
O p t i m u m
l a v i e r t
G e y s i r e s
b e s i e g t
g e k l o n t
b e s i e g e
S ü ß h o l z
S o c k e l s
g e m o p t s
N a h r u n g
N a h r u n g
B i o g a s e
l a v i e r e
B i o g a s e
s t r ö m s t
a h n t e s t
V e t t e r n
s p a l t e
m e l d e t e
w ä h l e s t
R ü s c h e n
D e l p h i n
s c h m i e r
s p a l t e t e
m e l d e t e
A k z e n t e
e r t r ü g e
b e q u e m b
K o k o s ö l
M o n o k e l
N e u t r o n
s c h w o r e n
k n e c h t e
j u c k t e n
j u c k t e n
F o n d u e s
s t r ä u b t e
g e p r e d i g t
k r i t z l e
K n i r p s e
H e u l e r n
C u r i u m s
d a r f
S e l e n a t
m a h l t e n
m a h l t e t
w i t t e r n
S c h l i c k
s c h w ö r t
R ü s c h e n
F e h l e n s
G ö n n e n s
v e r w e h t
w ä h l t e n
v e r w e h t
e r t r u g s t
s t r ö m t e
m o p s t e n
s t r ö m e t
m o p s t e t
m e u t e r n
