k a u f t e s t   e i n
U n t e r n e h m e n s a n w e n d u n g s i n t e g r a t i o n
N e u t r o n e n e i n f a n g q u e r s c h n i t t s
s t a t t e t e s t   a u s
k a u f t e t   e i n
g e m e u t e r t
T e p u i - T r o p f e n a m e i s e n w ü r g e r n
U n t e r n e h m e n s a n w e n d u n g s i n t e g r a t i o n e n
N e u t r o n e n e i n f a n g q u e r s c h n i t t e n
N e u t r o n e n e i n f a n g q u e r s c h n i t t
v e r s c h l o s s e s t
G e l b a u g e n p i n g u i n e
T e p u i - T r o p f e n a m e i s e n w ü r g e r
s t a t t e t e t   a u s
G e l b a u g e n p i n g u i n e
H a l b l e i t e r b a u e l e m e n t e n
E i n f a r b a m e i s e n w ü r g e r s
H a l b l e i t e r b a u e l e m e n t e
E i n f a r b a m e i s e n w ü r g e r
E i n f a r b a m e i s e n w ü r g e r
I n d u k t i o n s s p a n n u n g e n
K a n i n c h e n d r a h t z ä u n e
K a n i n c h e n d r a h t z ä u n e
B r a n d b e s c h l e u n i g e r
A v a n t g a r d e - K u n s t
F u n k t i o n s a b s c h l u s s e s
K u l t u s m i n i s t e r i u m s
f u n k t i o n a l i s i e r t e n
B r a n d b e s c h l e u n i g e r
B r a n d b e s c h l e u n i g e r
f u n k t i o n a l i s i e r t e t
B e v o l l m ä c h t i g u n g e n
A v a n t g a r d e - K ü n s t e n
P r i v a t p a t i e n t i n n e n
f r e i g e s p r o c h e n
K u l t u s m i n i s t e r i e n
T e i l c h e n b e s c h l e u n i g e r n
K u l t u s m i n i s t e r i e n
D i f f e r e n z i e r u n g e n
L u n g e n k r a n k h e i t e n
L u n g e n k r a n k h e i t e n
D i f f e r e n z i e r u n g e n
B e l i c h t u n g s m e s s e r
A v a n t g a r d e - K ü n s t e
G l a u b e n s s c h w e s t e r
ü b e r s t a n d e n
M a g e n e n t z ü n d u n g e n
H e r b s t g r a s m i l b e n
A u s n a h m e z u s t ä n d e
p r o k r a s t i n i e r t e n
B e s t e c h u n g s g e l d e r
f u n k t i o n a l i s i e r t
G e l b a u g e n p i n g u i n s
E l e k t r o l y s e z e l l e n
F ü r s t p r i m a s
G e w a l t t ä t e r i n n e n
B i n d u n g s p a r t n e r s
f u n k t i o n a l i s i e r e
T e i l c h e n b e s c h l e u n i g e r
T e i l c h e n b e s c h l e u n i g e r
A r b e i t s s c h r i t t e n
T e i l c h e n b e s c h l e u n i g e r
T e i l c h e n b e s c h l e u n i g e r
s t e l l t e   z u s a m m e n
A u f e n t h a l t s o r t e s
B e s c h e i d e n h e i t e n
B i n d u n g s p a r t n e r
B i n d u n g s p a r t n e r
Q u a c k s a l b e r e i e n
E l e k t r o d y n a m i k e n
Q u a c k s a l b e r e i e n
F a c h i n f o r m a t i k e r
F a c h i n f o r m a t i k e r
B e v o l l m ä c h t i g u n g
F u n k t i o n a l i t ä t e n
B i n d u n g s p a r t n e r
E i g e n b r ö t l e r e i e n
r e g l e m e n t i e r e n d
L u n g e n k r a n k h e i t
L u n g e n k r a n k h e i t
L u n g e n k r a n k h e i t
E l e k t r o l y s e z e l l e
T h e r m o e l e m e n t s
r e g l e m e n t i e r t e n
A r b e i t s s c h r i t t e
p r o k r a s t i n i e r e n
p r o k r a s t i n i e r e t
s t e l l t e   z u s a m m e n
B r i e f z u s t e l l e r
A u s n a h m e z u s t a n d
D i f f e r e n z i e r u n g
D i f f e r e n z i e r u n g
W a g e n r ü c k l ä u f e n
T h e r m o e l e m e n t e
A r b e i t s s c h r i t t e
Z u s t ä n d i g k e i t e n
p r i v i l e g i e r e s t
p r i v i l e g i e r t e n
A u f e n t h a l t s o r t e
E i g e n b r ö t l e r e i
B e s t e c h u n g s g e l d
S t o l p e r s t e i n e n
r e g l e m e n t i e r t e
D i e n s t a g a b e n d e
r e g l e m e n t i e r t e
r e g l e m e n t i e r t e
B u s h a l t e s t e l l e n
p r o k r a s t i n i e r t
G e s c h m a c k s s i n n e
S a m s t a g a b e n d e n
k l a s s i f i z i e r e n
S c h i e ß g e w e h r e n
B r i e f z u s t e l l e r
B r i e f z u s t e l l e r
p r i v i l e g i e r e n d
v e r s c h l e i e r e s t
Q u a c k s a l b e r e i
F l a s c h e n ö f f n e r
u n t e r d r ü c k t e s t
F l a s c h e n ö f f n e r
E n t w u r z e l u n g e n
B e s c h e i d e n h e i t
G e l e n k s c h m e r z
E i w e i ß s y n t h e s e
A l l m ä c h t i g k e i t
A l l m ä c h t i g k e i t
u n t e r d r ü c k t e s t
S t r a ß e n s e i t e n
S t r a ß e n s e i t e n
ü b e r m i t t e l t e s t
r e g l e m e n t i e r t
B u s h a l t e s t e l l e
p r i v i l e g i e r t e
F u n k t i o n a l i t ä t
Z u s t ä n d i g k e i t
B l i n d s c h l e i c h e n
V e r g e w a l t i g e r
Ä g y p t o l o g i n n e n
K f z - K e n n z e i c h e n
K f z - K e n n z e i c h e n
D i e n s t a g a b e n d
G e w a l t t ä t e r i n
B u s h a l t e s t e l l e
A r b e i t s k r e i s e n
p r i v i l e g i e r e n
S p i t z e n r e i t e r
Z e i t m a s c h i n e n
S c h i e ß g e w e h r e
r e s p e k t i e r t e n
S c h w e n k b ü g e l s
r e g l e m e n t i e r e
Ä g y p t o l o g i n n e n
v e r s c h l i e ß e s t
K u k u r u z k o l b e n
T e m p e r a t u r
m i s s b r a u c h t e n
K u k u r u z k o l b e n
k l a s s i f i z i e r e
A l k a l i m e t a l l e
v e r w i t t e r t e s t
H a u b e n t a u c h e r
S t r a ß e n s e i t e
P u r z e l b ä u m e
B e o b a c h t u n g e n
A l k a l i m e t a l l e
v e r w o r f e n
v e r s c h l e i e r t e
k l a s s i f i z i e r t
v e r s c h l e i e r e t
v e r s c h l e i e r s t
u n t e r d r ü c k e s t
g l o r i f i z i e r e n
d u r c h z u c k t e s t
g l o r i f i z i e r e t
g l o r i f i z i e r t e
u n t e r d r ü c k e n d
K u k u r u z k o l b e n
ü b e r m i t t e l t e n
S e l e n d e f i z i t e
ü b e r m i t t e l t e t
u n t e r d r ü c k t e n
B l i t z s c h l ä g e n
P u r z e l b ä u m e
ü b e r m i t t e l t e n
V e r g e w a l t i g e r
b e s c h r i f t e t e n
p r i v i l e g i e r t
H a u s a u f g a b e n
r e s p e k t i e r e n
H a u s a u f g a b e n
F ü r s t p r i m a t e n
W a g e n r ü c k l ä u f e
H a u t k o n t a k t e
B r i e f ö f f n e r s
H a u t k o n t a k t e
D a m a s t g e w e b e
A u ß e n s e i t e r
B l i n d s c h l e i c h e
B l i n d s c h l e i c h e
f l a m b i e r t e s t
B e s ä u f n i s s e n
p r i v i l e g i e r e
S t o l p e r s t e i n
v e r s i l b e r e s t
u n t e r d r ü c k e t
v e r s i l b e r t e n
E n t w u r z e l u n g
v e r w i t t e r t e n
A n g e w o h n h e i t
v e r w i t t e r t e t
S c h i m p a n s e
v e r s c h l i e ß e n
m u m i f i z i e r e n
v e r s c h l e i e r t
g l o r i f i z i e r t
B r i e f ö f f n e r
g l o r i f i z i e r e
g l o r i f i z i e r e
S a m s t a g a b e n d
B o t s c h a f t e r n
B r i e f w e c h s e l
S p o r t h e r z e n s
d u r c h z u c k t e n
S a m s t a g a b e n d
u n t e r d r ü c k e n
B o r o s i l i k a t e
d u r c h z u c k t e t
P u r z e l b a u m e s
N a d e l h ö l z e r n
r ä s o n i e r t e s t
P a m p a s k a t z e n
S t o c h e r k ä h n e
D V D - S p i e l e r n
T e m p e r a t u r e n
S t o c h e r k ä h n e
v e r z ä h l t e s t
S e l e n d e f i z i t
m i s s b r a u c h t e s t
N a m e n s g e b e r
N a m e n s g e b e r
v e r r e c h n e t e n
D i c h t b ä n d e r n
E n t w u r z e l u n g
b e s i c h t i g t e n
B a s i s k l a s s e n
b e l e i d i g t e s t
f l a m b i e r e s t
ü b e r m i t t e l t e
f l a m b i e r t e n
L e b e n s l ü g e n
