m o p s t e n
s t r ö m t e
M a r k i s e
H e u l e r s
w a r f   w e g
m e h r t e t
A n i s e t t e
g l a u b e n
G e w a l t t ä t e r i n
T r a i n e r
m e l d e t e t
T r a i n e r
b e w a f f n e
w a r f   w e g
G e y s i r e
M i t t w o c h
M i t t w o c h
G e r ü c h e
H a a r n e t z
H a a r n e t z
B u l g a r e n
s c h w i n d e
e r t r ä g t
A m p h o r e n
t r a t s c h t e
k n e c h t e n
s t r ö m e n
s c h m e c k e
R a z z i e n
J a s m i n e
f e s t i g e
F a m i l i e
h ä m m e r t e
e r l a n g e t
m e l d e s t
t r a t s c h e
A n i s e t t e
f e s t i g e
g e m e l d e t
l a v i e r e n
A r a g o n i t
A l l m a c h t
H ü h n c h e n
S y l v i n i t
g e g l a u b t
D e l i r i u m
e r t r a g e n
S u b s t a n z
w i t t e r t e
b e q u e m b t
e r t r a g e t
D e l i r i u m
w i t t e r t e
g e m a h l e n
k n e c h t e n
K n i r p s e n
b e s i e g e n
b e s i e g e n
D e x t r o s e
b e s i e g t e
g e w ä h l t
E h r u n g e n
b e w a f f n e t
b e w a f f n e t
H o r n m o o s
s c h m e c k t
F o o t b a l l
s t r ä u b t e
k a u f e n   e i n
p r e d i g s t
H ö l z c h e n
b r e m s e n   a b
H ö l z c h e n
s c h m i e r e
s t r ä u b e n
U r s a c h e n
g e b r a u c h
G e m ä c h e r
p r e d i g e n
k r i t z e l n
p r e d i g e n
A m p h o r e n
k r i t z e l n
F ä h n c h e n
s c h w ö r e t
F ä h n c h e n
m ö p p e r t e
F ä h n c h e n
F ä h n c h e n
Ö l q u e l l e
s c h w ö r e n
U k r a i n e r
Ö l q u e l l e
m e l d e t e n
N e u e r u n g
F a m i l i e n
Ö l q u e l l e
N e u e r u n g
U r s a c h e n
U n d e r d o g
s t r ö m t e n
S c h l i t z e
g l a u b e n d
r e i c h e s t
K o k o s ö l e
H e r m a p h r o d i t e n
v e r w a r f t
F a m i l i e n
R o c h a d e n
w ä h l t e s t
B i o g a s e s
H a n s e a t e n
S p ä t l e s e
S t r ä h n e n
s t r ä u b e n
s p a l t e t e t
t e n d i e r t
s t r ö m t e t
Z y k l o p e n
B u l g a r e n
U k r a i n e r
w ü r f e t   w e g
k r i t z e l t e
s t r ö m e s t
s a u n i e r e
v e r w a r f e n
s p a l t e s t
I n f a n t e n
J u d e n h a s s
m e h r t e s t
h ä m m e r e s t
g l a u b t e t
b e w a f f n e t e
I n f a n t e n
S e l e n a t e
D i o x i d e n
G e w ü r z e n
H o c h k o m m a
B u l g a r e n
k n e c h t e t e
k n e c h t e t e
I n f a n t e n
v e r z ä h l e
K r a n i c h s
D i v i s o r e n
S a d i s t e n
H a u p t s i t z
k r i t z e l t e
h y d r i e r s t
F ü l l s t a n d
v e r w i r f t
s t a t t e n   a u s
J u d e n h a s s
g e m ö p p e r t
h ä m m e r t e n
E i n s t i e g
E r l k ö n i g s
F o o t b a l l s
e r l a n g e s t
s c h m i e r t e
s c h m e c k t e
T a k e l a g e
T a k e l a g e
s c h w i n d e t
s c h m e c k t e
H a n d f l ä c h e
H a n d f l ä c h e
S y l v i n i t e
m ö p p e r t e n
v e r w e h e t
s c h w a n d e s t
A r a g o n i t e
g e w i t t e r t
p r e d i g t e t
b r e m s e n   a b
b e l ä c h e l e
G a s t g e b e r
Z w e t s c h g e
F a v o r i t e n
k r i t z e l t e
A n i s e t t e s
F a v o r i t e n
e m i g r i e r e
E i n s t i e g
H a u s f r a u e n
s t a t t e t   a u s
v e r r e c h n e
b e s i e g e s t
s c h m i e r t e
D e x t r o s e n
e r n ü c h t r e
s c h i e f e r e
s c h m e c k e n
b e w a f f n e t e
s c h w ä n d e n
N e u t r o n e n
N e u t r o n e n
E n t w i c k l u n g
w e r f e n   w e g
A p o p l e x i e
A c h t z i g e r
s p a l t e t e s t
A c h t z i g e r
S ü ß h ö l z e r
b r e m s t e   a b
S a x o p h o n e
m ö p p e r t e n
K r a n i c h e n
t r a t s c h t e
H ö l z c h e n s
ü b e r m i t t l e
p r e d i g e n d
b e l ä c h e l t
b r e m s t e   a b
w a r f t   w e g
g e n e r i e r e
P l ü n d e r i n
F ä h n c h e n s
L ö t m e t a l l e
E r l k ö n i g e
u m z i n g e l t
G e g e n ü b e r
E r z i e l u n g
k n e c h t e s t
B e s c h l u s s
s c h m i e r e n
V e r s i o n e n
N e u t r o n e n
N a d e l h o l z
F u n d a m e n t
H a n d f l ä c h e n
A p o p l e x i e
A b k ü h l u n g
E n t f ü h r e r
S c h ä f c h e n
A b k ü h l u n g
t e n d i e r t e
t e n d i e r e n
t e n d i e r t e
s p a l t e t e s t
S c h ä f c h e n
H i r n s c h a l e
E u p h o r i e n
G a s t g e b e r
t e n d i e r e n
m e u t e r t e n
g e n e r i e r t
e r t r a g e s t
G r e y e r z e r
F a l l g a t t e r
h ä m m e r t e s t
V o r b a u t e n
S i t z b e i n e
D y s t o p i e n
U n d e r d o g s
U n d e r d o g s
D y s t o p i e n
e m i g r i e r t
F a l l g a t t e r
Z i m t z i c k e
S e l e n a t e n
v e r w e r f e n
g l a u b t e s t
E i s z a p f e n
b e w a f f n e s t
e m i g r i e r t
k n e c h t e t e t
k n e c h t e t e n
A p o p l e x i e n
t r a t s c h t e t
L a n d s c h a f t
L a n d s c h a f t
F o n d u e s
L a n d s c h a f t
S a x o p h o n s
s t a t t e t e   a u s
B e s ä u f n i s
g e s c h i e f e r t
A b o n n e n t e n
s a u n i e r e n
s a u n i e r e n
s a u n i e r e n
B e u g u n g e n
s a u n i e r e n
s a u n i e r t e
f e s t i g t e t
E t h n o l o g e n
f e s t i g e n d
A b o n n e n t e n
G r e y e r z e r
s a u n i e r s t
A u b e r g i n e
L e u k o x e n e
V o l k s s p o r t
E t h n o l o g e n
v e r w i t t e r t
s c h m e c k t e n
s c h m e c k t e t
s c h w i n d e s t
v e r r e c h n e n
v e r r e c h n e n
L ö t m e t a l l e
M e s s b e c h e r
v e r z ä h l e n
k r i t z e l t e n
v e r w i t t e r t
u m z i n g e l t
D i n g w ö r t e r
b e l ä c h e l e t
Z w e t s c h g e n
V o r k o s t e r
b e s c h r i f t e
K ö n i g s t o c h t e r
v e r w e r f e s t
b e l e i d i g e t
P u r z e l b a u m
s c h m e c k t e n
A p o p l e x i e n
r ä s o n i e r t e
t e n d i e r t
m ö p p e r t e s t
g e b r a u c h e n
d u r c h z u c k t
b e s c h r i f t e t
r ä s o n i e r t e
b e q u e m b t e n
v e r w i t t e r e n
v e r w i t t e r e n
S p i e g e l e i e r
N ü r n b e r g e r
N ü r n b e r g e r
W o r t l i s t e n
W o r t l i s t e n
ü b e r s t e h e n
D i o x i d s
G o l d g r ä b e r
ü b e r s t e h e n
N i e d e r g a n g
F a l l g a t t e r s
B r i e f w e c h s e l
m i s s b r a u c h t
F u n d a m e n t e
m i s s b r a u c h t
g e b r a u c h t e
b e s i c h t i g e
s t a t t e t e   a u s
s t r ä u b t e s t
d u r c h z u c k t
W o l l k n ä u e l
v e r s c h l ö s s e
v e r s c h l e i r e
W o l l k n ä u e l
t e n d i e r t e t
s t a t t e s t   a u s
F u n d a m e n t e
m e u t e r t e s t
t r a t s c h t e s t
u n t e r d r ü c k t
L e u k o x e n e n
ü b e r s t ä n d e
f l a m b i e r t e
ü b e r m i t t e l n
e m i g r i e r e n
b e q u e m b t e s t
F a h r s t ü h l e
Z i m t z i c k e n
S c h n o r c h e l
K l e i n p u d e l s
M e t r o p o l e n
v e r s c h l i e ß
D i s t i b a n e n
f l a m b i e r e n
K a t a m a r a n s
S c h n o r c h e l
B o c k s h ö r n e r
T r e u h ä n d e r
Z ü n d p u n k t e s
G r e n a d e r i n
ü b e r m i t t e l t
H o l o g r a m m e n
t e n d i e r t e n
L ö t m e t a l l e n
H i r n s c h a l e n
N a n o a m p e r e
T r a m p e l p f a d
h y d r i e r t e s t
s a u n i e r t e n
R h a b a r b e r
B o c k s h ö r n e r
G r e n a d e r i n
A u b e r g i n e n
H a u t k o n t a k t
H a u t k o n t a k t
G y n ä k o l o g e n
e r n ü c h t e r t e
m i s s b r a u c h e n
m i s s b r a u c h e n
ü b e r s t a n d e n
W o l l k n ä u e l n
e r n ü c h t e r t e
v e r w i t t e r e t
k n e c h t e t e s t
G r e n a d e r i n
T r i s u l f i d e n
b e l ä c h e l e s t
u m z i n g e l t e n
P a m p a s k a t z e
b e l ä c h e l t e n
v e r r e c h n e t e
m i s s b r a u c h s t
b e s i c h t i g t e
G e l e i t w o r t e
g e n e r i e r t e t
v e r r e c h n e t e
G r o ß f ü r s t e n
g e b r a u c h e n d
G o l d g r ä b e r s
v e r w i t t e r e n d
K ö r p e r t e i l e
r e s p e k t i e r e
B r i e f m a r k e n
B r i e f m a r k e n
m i s s b r a u c h t e
M ä u s e s p e c k
K o l u m n i s t e n
D a c h s c h ä d e n
V o l k s s p o r t e
M i l l i o n s t e l
N a d e l w a l d e s
v e r z ä h l t e t
G l u t a t h i o n e
F ü l l s t a n d e s
s c h m i e r t e s t
K o l u m n i s t e n
b e l ä c h e l t e t
M a n d e l b ä u m e
u n t e r d r ü c k t
r ä s o n i e r t e n
C a l v i n i s t e n
L a n d s c h a f t
d u r c h z u c k s t
d u r c h z u c k e t
P a m p a s k a t z e
B o t s c h a f t e r
g e n e r i e r t e n
v e r s i l b e r t e
B r i e f ö f f n e r
v e r s i l b e r t e
K o r r e k t u r
m u m i f i z i e r e
Ä g y p t o l o g i n
S t e l l e n w e r t
e m i g r i e r t e t
e m i g r i e r t e n
e m i g r i e r t e t
E r z i e l u n g e n
S p o r t h e r z e n
v e r w i t t e r t e
B o t s c h a f t e r
b e s i c h t i g e n
S t o c h e r k a h n
r ä s o n i e r t e t
U h r e n f e d e r n
v e r s c h l i e ß t
C a l v i n i s t e n
R h a b a r b e r
A b k ü h l u n g e n
C a l c i u m o x i d
K a r t o g r a f i n
s p r a c h   f r e i
u n t e r d r ü c k e
r e s p e k t i e r t
B r i e f ö f f n e r
G r o ß v e r s u c h e
T a g e s b e d a r f
m u m i f i z i e r t
B u s e n f r e u n d
f l a m b i e r t e t
A u ß e n s e i t e r
A u ß e n s e i t e r
L e b e n s l ü g e n
f l a m b i e r t e n
P r o p a n o l s
B a s i s k l a s s e n
L a y s a n e n t e n
B l i t z s c h l ä g e
H a n d l i c h k e i t
u n t e r d r ü c k t e
F e u e r a m e i s e
F u n d a m e n t e s
D o p p e l z i m m e r
L a n d s c h a f t e n
N i e d e r g ä n g e
s p r e c h e   f r e i
s a u n i e r t e s t
g e b r a u c h t e s t
A u s w a n d e r e r
F e u e r a m e i s e
r e s p e k t i e r e
m u m i f i z i e r e
L e b e n s l ü g e n
f l a m b i e r t e n
ü b e r m i t t e l t e
f l a m b i e r e s t
b e l e i d i g t e s t
B a s i s k l a s s e n
b e s i c h t i g t e n
E n t w u r z e l u n g
D i c h t b ä n d e r n
v e r r e c h n e t e n
N a m e n s g e b e r
N a m e n s g e b e r
m i s s b r a u c h t e s t
S e l e n d e f i z i t
v e r z ä h l t e s t
S t o c h e r k ä h n e
T e m p e r a t u r e n
D V D - S p i e l e r n
S t o c h e r k ä h n e
P a m p a s k a t z e n
r ä s o n i e r t e s t
N a d e l h ö l z e r n
P u r z e l b a u m e s
d u r c h z u c k t e t
B o r o s i l i k a t e
u n t e r d r ü c k e n
S a m s t a g a b e n d
d u r c h z u c k t e n
S p o r t h e r z e n s
B r i e f w e c h s e l
B o t s c h a f t e r n
S a m s t a g a b e n d
g l o r i f i z i e r e
g l o r i f i z i e r e
B r i e f ö f f n e r
g l o r i f i z i e r t
v e r s c h l e i e r t
m u m i f i z i e r e n
v e r s c h l i e ß e n
S c h i m p a n s e
v e r w i t t e r t e t
A n g e w o h n h e i t
v e r w i t t e r t e n
E n t w u r z e l u n g
v e r s i l b e r t e n
u n t e r d r ü c k e t
v e r s i l b e r e s t
S t o l p e r s t e i n
p r i v i l e g i e r e
B e s ä u f n i s s e n
f l a m b i e r t e s t
B l i n d s c h l e i c h e
B l i n d s c h l e i c h e
A u ß e n s e i t e r
D a m a s t g e w e b e
H a u t k o n t a k t e
B r i e f ö f f n e r s
H a u t k o n t a k t e
W a g e n r ü c k l ä u f e
F ü r s t p r i m a t e n
H a u s a u f g a b e n
r e s p e k t i e r e n
H a u s a u f g a b e n
p r i v i l e g i e r t
b e s c h r i f t e t e n
V e r g e w a l t i g e r
ü b e r m i t t e l t e n
P u r z e l b ä u m e
B l i t z s c h l ä g e n
u n t e r d r ü c k t e n
ü b e r m i t t e l t e t
S e l e n d e f i z i t e
ü b e r m i t t e l t e n
K u k u r u z k o l b e n
u n t e r d r ü c k e n d
g l o r i f i z i e r t e
g l o r i f i z i e r e t
d u r c h z u c k t e s t
g l o r i f i z i e r e n
u n t e r d r ü c k e s t
v e r s c h l e i e r s t
v e r s c h l e i e r e t
k l a s s i f i z i e r t
v e r s c h l e i e r t e
v e r w o r f e n
A l k a l i m e t a l l e
B e o b a c h t u n g e n
P u r z e l b ä u m e
S t r a ß e n s e i t e
H a u b e n t a u c h e r
v e r w i t t e r t e s t
A l k a l i m e t a l l e
k l a s s i f i z i e r e
K u k u r u z k o l b e n
m i s s b r a u c h t e n
T e m p e r a t u r
K u k u r u z k o l b e n
v e r s c h l i e ß e s t
Ä g y p t o l o g i n n e n
r e g l e m e n t i e r e
S c h w e n k b ü g e l s
r e s p e k t i e r t e n
S c h i e ß g e w e h r e
Z e i t m a s c h i n e n
S p i t z e n r e i t e r
p r i v i l e g i e r e n
A r b e i t s k r e i s e n
B u s h a l t e s t e l l e
G e w a l t t ä t e r i n
D i e n s t a g a b e n d
K f z - K e n n z e i c h e n
K f z - K e n n z e i c h e n
Ä g y p t o l o g i n n e n
V e r g e w a l t i g e r
B l i n d s c h l e i c h e n
Z u s t ä n d i g k e i t
F u n k t i o n a l i t ä t
p r i v i l e g i e r t e
B u s h a l t e s t e l l e
r e g l e m e n t i e r t
ü b e r m i t t e l t e s t
S t r a ß e n s e i t e n
S t r a ß e n s e i t e n
u n t e r d r ü c k t e s t
A l l m ä c h t i g k e i t
A l l m ä c h t i g k e i t
E i w e i ß s y n t h e s e
G e l e n k s c h m e r z
B e s c h e i d e n h e i t
E n t w u r z e l u n g e n
F l a s c h e n ö f f n e r
u n t e r d r ü c k t e s t
F l a s c h e n ö f f n e r
Q u a c k s a l b e r e i
v e r s c h l e i e r e s t
p r i v i l e g i e r e n d
B r i e f z u s t e l l e r
B r i e f z u s t e l l e r
S c h i e ß g e w e h r e n
k l a s s i f i z i e r e n
S a m s t a g a b e n d e n
G e s c h m a c k s s i n n e
p r o k r a s t i n i e r t
B u s h a l t e s t e l l e n
r e g l e m e n t i e r t e
r e g l e m e n t i e r t e
D i e n s t a g a b e n d e
r e g l e m e n t i e r t e
S t o l p e r s t e i n e n
B e s t e c h u n g s g e l d
E i g e n b r ö t l e r e i
A u f e n t h a l t s o r t e
p r i v i l e g i e r t e n
p r i v i l e g i e r e s t
Z u s t ä n d i g k e i t e n
A r b e i t s s c h r i t t e
T h e r m o e l e m e n t e
W a g e n r ü c k l ä u f e n
D i f f e r e n z i e r u n g
D i f f e r e n z i e r u n g
A u s n a h m e z u s t a n d
B r i e f z u s t e l l e r
s t e l l t e   z u s a m m e n
p r o k r a s t i n i e r e t
p r o k r a s t i n i e r e n
A r b e i t s s c h r i t t e
r e g l e m e n t i e r t e n
T h e r m o e l e m e n t s
E l e k t r o l y s e z e l l e
L u n g e n k r a n k h e i t
L u n g e n k r a n k h e i t
L u n g e n k r a n k h e i t
r e g l e m e n t i e r e n d
E i g e n b r ö t l e r e i e n
B i n d u n g s p a r t n e r
F u n k t i o n a l i t ä t e n
B e v o l l m ä c h t i g u n g
F a c h i n f o r m a t i k e r
F a c h i n f o r m a t i k e r
Q u a c k s a l b e r e i e n
E l e k t r o d y n a m i k e n
Q u a c k s a l b e r e i e n
B i n d u n g s p a r t n e r
B i n d u n g s p a r t n e r
B e s c h e i d e n h e i t e n
A u f e n t h a l t s o r t e s
s t e l l t e   z u s a m m e n
T e i l c h e n b e s c h l e u n i g e r
T e i l c h e n b e s c h l e u n i g e r
A r b e i t s s c h r i t t e n
T e i l c h e n b e s c h l e u n i g e r
T e i l c h e n b e s c h l e u n i g e r
f u n k t i o n a l i s i e r e
B i n d u n g s p a r t n e r s
G e w a l t t ä t e r i n n e n
F ü r s t p r i m a s
E l e k t r o l y s e z e l l e n
G e l b a u g e n p i n g u i n s
f u n k t i o n a l i s i e r t
B e s t e c h u n g s g e l d e r
p r o k r a s t i n i e r t e n
A u s n a h m e z u s t ä n d e
H e r b s t g r a s m i l b e n
M a g e n e n t z ü n d u n g e n
ü b e r s t a n d e n
G l a u b e n s s c h w e s t e r
A v a n t g a r d e - K ü n s t e
B e l i c h t u n g s m e s s e r
D i f f e r e n z i e r u n g e n
L u n g e n k r a n k h e i t e n
L u n g e n k r a n k h e i t e n
D i f f e r e n z i e r u n g e n
K u l t u s m i n i s t e r i e n
T e i l c h e n b e s c h l e u n i g e r n
K u l t u s m i n i s t e r i e n
f r e i g e s p r o c h e n
P r i v a t p a t i e n t i n n e n
A v a n t g a r d e - K ü n s t e n
B e v o l l m ä c h t i g u n g e n
f u n k t i o n a l i s i e r t e t
B r a n d b e s c h l e u n i g e r
B r a n d b e s c h l e u n i g e r
f u n k t i o n a l i s i e r t e n
K u l t u s m i n i s t e r i u m s
F u n k t i o n s a b s c h l u s s e s
A v a n t g a r d e - K u n s t
B r a n d b e s c h l e u n i g e r
K a n i n c h e n d r a h t z ä u n e
K a n i n c h e n d r a h t z ä u n e
I n d u k t i o n s s p a n n u n g e n
E i n f a r b a m e i s e n w ü r g e r
E i n f a r b a m e i s e n w ü r g e r
H a l b l e i t e r b a u e l e m e n t e
E i n f a r b a m e i s e n w ü r g e r s
H a l b l e i t e r b a u e l e m e n t e n
G e l b a u g e n p i n g u i n e
s t a t t e t e t   a u s
T e p u i - T r o p f e n a m e i s e n w ü r g e r
G e l b a u g e n p i n g u i n e
v e r s c h l o s s e s t
N e u t r o n e n e i n f a n g q u e r s c h n i t t
N e u t r o n e n e i n f a n g q u e r s c h n i t t e n
U n t e r n e h m e n s a n w e n d u n g s i n t e g r a t i o n e n
T e p u i - T r o p f e n a m e i s e n w ü r g e r n
g e m e u t e r t
k a u f t e t   e i n
s t a t t e t e s t   a u s
N e u t r o n e n e i n f a n g q u e r s c h n i t t s
U n t e r n e h m e n s a n w e n d u n g s i n t e g r a t i o n
k a u f t e s t   e i n
