d ü r f t e s t
G r o ß m e i s t e r
h e m m t e n
a h n t
E i s z a p f e n
s a u n i e r t e s t
v e r z ä h l t e s t
R o c h a d e
p r i v i l e g i e r t e n
b e l ä c h e l t
l a v i e r t e n
B u s e n f r e u n d
w i t t e r e t
S t ä l l e
h e m m e n
H e l m e
t ö t e n
s c h i e f e r t e n
z u s a m m e n s t e l l e n d
f l a m b i e r t
v e r z ä h l t e n
W i r k u n g e n
p r i v i l e g i e r t e n
o r g l e
r e i c h s t
k l a s s i f i z i e r t e s t
w i t t e r t
B u s h a l t e s t e l l e n
U n t e r
s c h w a n d
L e b e n s l ü g e n
v e r w i t t e r e n
S o c k e l
V e r s i o n
e r l a n g t e n
H a n s e n
K a n i n c h e n d r a h t z a u n e s
F u n k t i o n a l i t ä t
b e q u e m b e t
a u s s t a t t e n
p r e d i g t e s t
s p r e c h e n   f r e i
S c h n e e s c h a f
D r o p d o w n - L i s t e n
b e s c h r i f t e t
A b o n n e n t e n
H o r n m o o s e
G e f ä ß
k n e c h t e t e n
j u c k t e
ü b e r s t e h e s t
t ö t e s t
b e s i c h t i g t e t
F a v o r i t e n
S c h ä f c h e n
s c h w i n d e t
D e l i r i e n
B u t t e
b e s c h r i f t e t e
b e l ä c h e l t e n
s p a l t e t e n
F e u e r a m e i s e n
B o t s c h a f t e r
s p r e c h e n   f r e i
H ü h n c h e n
B e v o l l m ä c h t i g u n g
H o c h k o m m a s
B e s c h e i d e n h e i t
G r o ß m e i s t e r
p r o k r a s t i n i e r e n
C h a l k o p y r i t e n
E i g e n b r ö t l e r e i
S a d i s t e n
s p r e c h e   f r e i
C h r i s t o g r a m m e n
V e r b r a u c h e r i n
S a a t k r ä h e n
z u s a m m e n g e s t e l l t
s t r ä u b t
m ö p p e r t
f e s t i g e n
g e g l o s t
R a u t e n
L e b e n s l ü g e
h y d r i e r t e
t r a t s c h t e n
l a v i e r e n
U h r z e i t e n
A c h t z i g e r
p r i v i l e g i e r t e
G r u b e n
A u s b a u e
B u l g a r e n
W a l m d a c h
e r t r u g
v e r s c h l e i e r t
l a v i e r t e
G e g e n ü b e r
B o c k s h ö r n e r n
H a n s e a t e n
