g l o s t
k l a s s i f i z i e r t
m e l d e t e n
l e i m t e n
w e i ß e n
N a h r u n g
m i s s b r a u c h t e n
j u c k e n
A r b e i t s s c h r i t t e
k l o n t e t
D e l p h i n
N a m e n s g e b e r
O p t i m u m s
m u m i f i z i e r t e
F r a k t a l e
g e n e r i e r t e
H a a r w u r z e l n
s c h m e c k e n
F u n k t i o n a l i t ä t
K a n i n c h e n d r a h t z a u n
f e s t i g t e s t
I d i s t e n
B e o b a c h t u n g
B r i e f z u s t e l l e r s
s p r e c h e   f r e i
f u n k t i o n a l i s i e r t e s t
a t m e t e
E i n f ä r b e n
l a v i e r t e n
D y s t o p i e n
S i l b e r s t a n d a r d
l e i m e s t
E i n f ä r b e n
e m i g r i e r t e
R a z z i e n
H a a r w u r z e l
G r o ß m e i s t e r
I d i s t e n
s t e l l e t   z u s a m m e n
A u f e n t h a l t s o r t e
F a h n d u n g s l i s t e n
s a u n i e r e t
S a m t e n t e
e r l a n g e n
H a n s e a t
S t a l l e s
Q u a c k s a l b e r e i
v e r z ä h l t e
H a a r w u r z e l
g l o s t e n
D i n g o s
S c h l i c k e
E u x e n i t e
s t e l l e   z u s a m m e n
O z e a n e
b e s i e g t e
m ö p p e r t e
T e m p e r a t u r
K ö n i g s k e r z e
M i t t e l k l a s s e n
b e l e i d i g e n
e r t r a g
Z e i t m a s c h i n e n
w e i ß e n
H e l m e
I n f a n t e n
m u m i f i z i e r t e n
m a l t r ä t i e r t e n
w e i ß t
G r u b e n
w i t t e r t e n
V o r b a u s
e r t r ä g s t
u m z i n g e l e t
p r o k r a s t i n i e r e s t
b e l ä c h e l t
h ä m m e r n
s t a t t e n   a u s
A b k ü h l u n g
b e s i e g e n
D i e n s t a g a b e n d s
l a v i e r e s t
G e m a c h
I n d u k t i o n s s p a n n u n g
s t r ä u b t
B i e n e
a t m e s t
m e h r e n
A c c e s s o i r e s
s a u n i e r e
U n t e r n e h m e n s a n w e n d u n g s i n t e g r a t i o n e n
s t r ä u b s t
s t r ö m e
G e y s i r
t e n d i e r t
s c h i e f e r t e
k l o n t e t
S t o l p e r s t e i n
s c h m e c k e
H a n d f l ä c h e n
