K r ä h e
m e h r e s t
H a a r n e t z e n
v e r r e c h n e t e n
W u c h e r
T e i l c h e n b e s c h l e u n i g e r
A r b e i t s k r e i s e
v e r s c h l i e ß e
B u s h a l t e s t e l l e n
m e l d e n
b r e m s e s t   a b
D i e n s t a g a b e n d e
v e r z ä h l e n
s c h w o r
B e o b a c h t u n g e n
U r s a c h e n
F e n n e k e
k n e c h t e t e s t
s a u n i e r t
H e r b s t g r a s m i l b e
d ü r f t e
a b g e b r e m s t
s p r e c h e n   f r e i
h e m m e n
z u s a m m e n s t e l l e n
a t m e
P r i v a t p a t i e n t i n
m a l t r ä t i e r e n
D e x t r o s e
o r g e l t e
M i l l i o n s t e l
k l o n e n
A v a n t g a r d e - K u n s t
K r a t z e r
s c h m e c k t e s t
F a h r s t u h l
o r g e l t e n
P i k e
F o n d u e
g e k r i t z e l t
C h a l k o p y r i t
R ü s c h e n
v e r s c h l i e ß e n d
s c h i e f e r n
t a g t e n
g l o s e n
g e b r a u c h t e
m e h r t e
G r e n a d e r i n
B e s t e c h u n g s g e l d e r
L o b
k r i t z e l t
m a h l t e
B e s ä u f n i s s e
S o c k e l
g e n e r i e r e n d
K l e i n p u d e l
E r l k ö n i g e
S i l b e r s t a n d a r d
A u s w a n d e r e r
g l o s t e t
U h r z e i t
f e s t i g t e s t
v e r s c h l i e ß e t
b e w a f f n e t e n
V o l k s s p o r t
G e r u c h
S c h n o r c h e l
I d i s t
ü b e r s t ä n d e n
o r g e l t e
D e l i r i u m
v e r w e h
f l a m b i e r t e n
g e n e r i e r t e t
b e s i c h t i g t e s t
T r a i n e r
B r i e f w e c h s e l
b e s i e g t
S e l e n a t s
T r a i n e e
B r a n d b e s c h l e u n i g e r
U h r z e i t
s c h w ö r e
v e r w e h e
T r a i n e r s
M a s k e
Ö l q u e l l e n
b e s i e g s t
L u n g e n k r a n k h e i t e n
F o o t b a l l s
N u t z e n
N e u t r o n e n e i n f a n g q u e r s c h n i t t e
F o r t s
E l e k t r o g i t a r r e n
l a v i e r t e s t
b e s i c h t i g t e t
b e q u e m b e n
k l a s s i f i z i e r t
B l i t z k r i e g e n
