M e l d e n
W o l l k n ä u e l s
T r a i n e e s
T r a i n e r
m e u t e r t e n
S c h i m p a n s e n
S u b s t a n z e n
A l k a l i m e t a l l e n
B u s h a l t e s t e l l e n
T a k e l a g e
u m z i n g e l t e
F a m i l i e
ü b e r m i t t e l e
M e s s b e c h e r
e r n ü c h t e r n
b e s i e g t e n
o r g e l t e n
H ü h n c h e n
g l a u b e
A l m
p r i v i l e g i e r s t
f l a m b i e r t e
l a v i e r t e t
Z ü n d p u n k t e n
W e i h e n
S o c k e l n
g l o r i f i z i e r e n
s t a t t e n   a u s
m a l t r ä t i e r t e
M i t t w o c h e
M e s s b e c h e r
e r l a n g t e
E n t f ü h r e r
T r i s u l f i d
B u n d e s g r e n z s c h u t z
t ö t e t e n
m a l t r ä t i e r t e n
d u r c h z u c k
b e w a f f n e n
m a l t r ä t i e r t
K i e l e r
E h r u n g e n
E n t f ü h r e r s
h e m m e n d
H a u s a u f g a b e
B l i t z s c h l a g
T r a g e n
G e s c h m a c k s s i n n e
M o n a z i t s a n d e
D a c h f e n s t e r n
a t m e t e t
f u n k t i o n a l i s i e r t e
v e r s c h l ö s s e t
g e n e r i e r t e s t
m a l t r ä t i e r t
b e s c h r i f t e
r e g l e m e n t i e r t e n
P f l a u m e n b ä u m e
Ä n g s t i g u n g
u n t e r d r ü c k t e
F ü l l s t ä n d e
t r a t s c h e n
D a m a s t g e w e b e s
B o n s a i
S c h l i c k e n
K o r r e k t u r e n
e r l a n g t e n
p r o k r a s t i n i e r e n
g e b r a u c h e
R h o d i u m i o n e n
K u l t u s m i n i s t e r i e n
D i o x i d e
T r i s u l f i d e
D ä c h e r n
E n t w u r z e l u n g
E i w e i ß s y n t h e s e
K o p f h ö r e r n
t a g t e t
N a m e n s g e b e r s
s t a t t e n   a u s
P h a r m a k o l o g i e
s t r ä u b t
A l l m a c h t
j u c k t e
m a l t r ä t i e r e n
S c h i m p a n s e n
B o l i v i a n e r i n
m ö p p e r e
H e r b s t g r a s m i l b e
e r t r a g e
h ä m m e r s t
v e r r e c h n e t
f l a m b i e r e
K l e i n p u d e l n
k l a s s i f i z i e r t e n
d u r f t e
E u p h o r i e
W a g e n r ü c k l a u f e s
g e t ö t e t
M i t t w o c h e s
