M i l l i o n s t e l s
C a l v i n i s t e n
S a l m e
A n l ä s s e n
s c h i e f e r n
p r i v i l e g i e r t
d u r c h z u c k e n
h y d r i e r t e t
F a l b e n
B r i e f m a r k e n
N a m e n s g e b e r
A u s n a h m e z u s t a n d e s
D y s t o p i e
v e r s i l b e r n
P l ü n d e r i n
A r a g o n i t e n
s c h i e f e r t e
A l l e m o n t i t e
h y d r i e r t
E i n f a r b a m e i s e n w ü r g e r
L i e b l i n g e n
G r o ß v e r s u c h e n
m o p s t e t
m o p s t
S i t z b e i n e
M i t t e l k l a s s e
v e r z ä h l t
m o p s e n
u m z i n g e l e
m i s s b r a u c h e
f e s t i g t e n
w ä h l t e n
R h a b a r b e r n
t r a t s c h e n
K f z - K e n n z e i c h e n
g l o r i f i z i e r
P r o p a n o l e
m i s s b r a u c h t e t
A b s i e d l e r s
A n i s e t t e s
S i t z b e i n
G o s s e
s c h m e c k t
A c c e s s o i r e s
K r ä h e n
G r e y e r z e r
v e r s c h l ö s s e n
C h a l k o p y r i t e
s t a t t e   a u s
K o k o s ö l e
b e s i c h t i g e n
Z i m t z i c k e
r e g l e m e n t i e r e n
g l o r i f i z i e r t
t r a t s c h t e t
H a u t k o n t a k t
N a d e l h ö l z e r
M i t t e l k l a s s e n
K ö n i g s k e r z e n
R h a b a r b e r
S c h n o r c h e l
l a v i e r t e n
S p o r t h e r z
g e n e r i e r t e
S c h w e n k b ü g e l
A n l a s s
r e i c h e
P r i m ä r e n e r g i e n
K a m e r u n e r i n
R ü g e n
A n i s e t t e s
E n t e n
K u l t u s m i n i s t e r i u m
P r o p a n o l
N e u t r o n e n e i n f a n g q u e r s c h n i t t
s t e l l t e   z u s a m m e n
F e u e r a m e i s e n
d u r c h z u c k e s t
F a h r s t u h l
r ä s o n i e r t
R ü s c h e
s c h w i n d e n
b e s i c h t i g t e n
H a n s e a t e n
v e r w e r f e n
f u n k t i o n a l i s i e r t e t
J a s m i n
K o p f h ö r e r
W o r t l i s t e n
N y m p h e n
B o n s a i s
W a n d g e m ä l d e s
E i n s c h n i t t
B r a n d b e s c h l e u n i g e r
M a g e n e n t z ü n d u n g e n
F e n n e k e
k a u f t e   e i n
W o l l k n ä u e l
D V D - S p i e l e r
t e n d i e r e
