r ä s o n i e r e n
W a l m d ä c h e r
b e s i c h t i g t
v e r s i l b e r t
B u l g a r e
K r ä h e n
s a u n i e r t e t
T e p u i - T r o p f e n a m e i s e n w ü r g e r
p r o k r a s t i n i e r e n
D e l p h i n e
v e r w i t t e r t e s t
G e l e n k s c h m e r z
h y d r i e r t
v e r s c h l e i e r t e n
A n l a s s
e r t r ü g e s t
v e r z ä h l e n
s t e l l t   z u s a m m e n
E i w e i ß s y n t h e s e n
D e c k e s
B l i n d s c h l e i c h e
k l a s s i f i z i e r t e n
r e s p e k t i e r t e
f l a m b i e r t e t
g l a u b s t
w e i ß t e s t
V o r b a u t e n
D V D - S p i e l e r
g l o r i f i z i e r t e n
E i n s c h n i t t e n
U n d e r d o g s
w e i ß e
A l c h e m i s t e n
E u x e n i t s
f u n k t i o n a l i s i e r t e
H a u t k o n t a k t e n
K ö n i g s t o c h t e r
b e s i c h t i g t e
G r o ß v e r s u c h e
b r e m s t e n   a b
D a c h s c h ä d e n
P r i v a t p a t i e n t i n
B e s ä u f n i s
H a u s f r a u e n
B o n s a i s
s t e l l e n   z u s a m m e n
m a l t r ä t i e r e n
s t r ä u b e n
v e r s c h l e i e r t e s t
p r e d i g t e n
H a u t k o n t a k t e s
g e b r a u c h t
v e r w e r f e n
e r l a n g t
B a n n e r s
W a n d g e m ä l d e n
G l u t a t h i o n s
b e w a f f n e n
T e p u i - T r o p f e n a m e i s e n w ü r g e r
G e y s i r e n
s t e l l t   z u s a m m e n
m u m i f i z i e r t e
T h e r m o e l e m e n t
B r i e f z u s t e l l e r
A r b e i t s k r e i s
B o t s c h a f t e r
G l u t a t h i o n e n
P l ü n d e r i n n e n
K a t a m a r a n
T a k e l a g e n
s p r a c h e n   f r e i
r e s p e k t i e r t e s t
S p i t z
g l o s t e
s t e l l e   z u s a m m e n
M a n d e l b a u m
B o t s c h a f t e r s
T a g e s b e d a r f e
f l a m b i e r e n
w i t t e r t e
Ä n g s t i g u n g
S o n n e n b r a n d e s
w a r f s t   w e g
m e l d e s t
T e m p e r a t u r e n
U h r z e i t
d u r c h z u c k e n
B i e n e n
t e n d i e r e
G e r u c h e s
E i s z a p f e n
C h r i s t o g r a m m
S u b s t a n z e n
D e l i r i e n
S c h a r n i e r e n
t r a t s c h t e s t
e r n ü c h t e r e t
E k z e m e
B u c h h ä n d l e r n
O z e a n e n
O p t i m a
E h r u n g
H a n d f l ä c h e
D ä c h e r
f e s t i g t e
p r i v i l e g i e r t
k n e c h t e t e n
F a h r s t ü h l e
E l e k t r o g i t a r r e n
C a l v i n i s t e n
m a l t r ä t i e r e s t
B i o g a s e n
h ä m m e r e
S o z i n i a n e r i n
S t e l l e n w e r t e
B i e n e n
D a c h f e n s t e r
W a n d g e m ä l d e
D r o p d o w n - L i s t e
Ä n g s t i g u n g e n
F a l b e n
j u c k e n
g l o s e
F u n k t i o n a l i t ä t e n
B i e n e
H ü h n c h e n s
E t h n o l o g e n
C y s t i n
b e l e i d i g e n
p r e d i g e n
B e u g u n g e n
H ü h n c h e n
K o k o s ö l
w i t t r e
K a r t o g r a f i n
D i n g o s
h ä m m e r t e
E u x e n i t e
h ä m m e r n
m e u t e r e s t
b e l e i d i g t e
k l o n e s t
H u b
s c h w o r s t
B e s c h e i d e n h e i t e n
F a l l g a t t e r
s t r ö m t
S c h l i c k e
r e g l e m e n t i e r t
k l o n e t
d u r c h z u c k t e n
K o l u m n i s t
g e n e r i e r t e s t
g e n e r i e r e t
U k r a i n e r
e r n ü c h t e r t
e r t r a g e n
m a h l e n
K a n d i d a t e n
N a s s
g e r e i c h t
f e s t i g t
u n t e r d r ü c k t
m e h r e
s c h m e c k t e
D i e n s t a g a b e n d
P f u h l e
m o p s e n d
G e r ü c h e
G e g e n ü b e r
s c h i e f e r t e n
K o k o s ö l e n
t e n d i e r t e s t
b e w a f f n e s t
A b o n n e n t e n
H a n d g r a n a t e n
S c h i m p a n s e n
t a g t e
r e s p e k t i e r t e
u n t e r d r ü c k t e n
W a l m d ä c h e r
B l i t z s c h l a g e s
C y s t i n
F u n d a m e n t
e r n ü c h t e r t e t
l a v i e r
s c h w ö r e n d
W u c h e r
S t r ä h n e
U n t e r n e h m e n s a n w e n d u n g s i n t e g r a t i o n
t a g t e t
b e w a f f n e t e
O z e a n e
U h r e n f e d e r
F u n k t i o n a l i t ä t
T h e r m o e l e m e n t e
K ö r p e r t e i l
B u s h a l t e s t e l l e
v e r w e h t
v e r s c h l e i e r t e
G e l b a u g e n p i n g u i n
ü b e r m i t t e l e t
b e w a f f n e t e t
b e l e i d i g e n
N e u e r u n g e n
G r e n a d e r i n n e n
v e r w a r f e n
r e i c h e n
F ä s s e r
A k z e n t e s
m e u t e r t
A l c h e m i s t e n
m a h l t
e m i g r i e r t e n
G e l e n k s c h m e r z e s
V e r g e w a l t i g e r
b e w a f f n e n
B u n d e s g r e n z s c h u t z
b e w a f f n e n
k r i t z e l t
F l a s c h e n ö f f n e r n
s c h m i e r t
h ä m m e r t e s t
s t e l l t e t   z u s a m m e n
e m i g r i e r e t
t a g t e
o r g e l e
v e r s c h l o s s
v e r s c h l ö s s e
t a g t
g e n e r i e r t e n
s p a l t e n
A k z e n t e
M i l l i o n s t e l n
o r g e l t
T e m p e r a t u r e n
s a u n i e r e n
L i e b l i n g s
p r i v i l e g i e r e n
h y d r i e r e n
v e r r e c h n e n
e r l a n g t e t
H a u s f r a u
k r i t z e l t e s t
H a n d g r a n a t e n
K o l u m n i s t e n
D i n g o s
s t r ä u b e n
O m e g a s
m u m i f i z i e r t e n
r e g l e m e n t i e r e s t
H a l b l e i t e r b a u e l e m e n t
B a b y s
T a g e s b e d a r f e
S c h n e e s c h a f e
a h n e n
F a l b e n
s c h m i e r e n d
V o r k o s t e r
O p t i m a
F a c h i n f o r m a t i k e r s
m a h l e
A l c h e m i s t e n
v e r w e r f e n d
D e l p h i n e
K n i r p s e
h ä m m e r t e
e r t r a g e n
S o n n e n b r a n d
U n d e r d o g
D y n a m i t s
R h a b a r b e r
S c h n e e s c h a f e
e m i g r i e r t e
m a h l t
w i t t e r n
p r o k r a s t i n i e r t e n
F ü l l s t a n d
P i k e n
s c h w i n d e
B r i e f m a r k e n
Ä n g s t i g u n g
b e s i c h t i g t e n
ü b e r s t e h e n
O p e r n
t ö t e t e n
S t e l l e n w e r t e
F r a k t a l s
e r n ü c h t r e
A n e r k e n n u n g e n
g l o s t
s c h m i e r t e
T a g e s b e d a r f
A l c h e m i s t e n
m e h r e n d
d u r c h z u c k e
t ö t e t e t
b e l ä c h e l e
b r e m s e n   a b
a t m e t
k l o n t
F ü l l s t ä n d e
R u n d f u n k g e r ä t
g e l e i m t
D i s t i b a n e
A u f e n t h a l t s o r t e
w e i ß t e n
g e n e r i e r s t
P l ü n d e r i n n e n
b e w a f f n e t e n
B l i t z s c h l a g
ü b e r s t a n d
K o r r e k t u r
M e t r o p o l e n
p r e d i g t e s t
U n t e r n e h m e n s a n w e n d u n g s i n t e g r a t i o n
s c h i e f e r t e n
D i n g w ö r t e r
s a u n i e r t e n
t ö t e
k l o n t e n
h y d r i e r t e
E i n s c h n i t t
S ü ß h ö l z e r
t r a t s c h e s t
N ü r n b e r g e r n
C y s t i n e n
H a u s f r a u e n
H a a r w u r z e l
K r a t z e r
r e s p e k t i e r t
S a a t k r ä h e
N ü r n b e r g e r
R o c h a d e
P a m p a s k a t z e
L o b e
d ü r f t e
m i s s b r a u c h e n
r ä s o n i e r t e
R ü g e
G e s c h m a c k s s i n n e
b e q u e m b t
b e s c h r i f t e
m i s s b r a u c h t e
v e r r e c h n e s t
s c h m e c k e n
r e i c h e n
p r i v i l e g i e r t e s t
A r a g o n i t s
E r z i e l u n g
p r i v i l e g i e r t e
K r a t z e r s
h e m m t e
v e r r e c h n e t e n
A m i d e
E i n s t i e g e s
C h a l k o p y r i t e
f l a m b i e r
G e w ü r z
t e n d i e r s t
g e d u r f t
w e i ß e n
s t r ö m e
h ä m m e r n
D i c h t b ä n d e r
M a n d e l b a u m e s
Ö l q u e l l e
F a h r s t ü h l e n
E l e k t r o d y n a m i k e n
r ä s o n i e r t e t
H a a r n e t z e s
s p a l t e
S p ä t l e s e n
k l o n
S t a l l
D e x t r o s e
G r e y e r z e r
e r n ü c h t e r t e n
G r o ß v e r s u c h
f e s t i g e t
B u s e n f r e u n d e
a h n e t
j u c k e n d
d u r c h z u c k e n
H a u s a u f g a b e
v e r s c h l e i e r n
b e s c h r i f t e t e
h e m m t e n
v e r s i l b e r e
w i t t e r t e s t
d u r f t e
m e l d e n d
M o n a z i t s a n d
B a b y s
o r g e l s t
C a l v i n i s t e n
K l e i n p u d e l
f l a m b i e r t
g l o s t e
m ö p p e r n
h y d r i e r t
a t m e t
a t m e t e n
s c h m i e r t
G y n ä k o l o g e n
K a n d i d a t e n
m e l d e t e n
D y s t o p i e
f e s t i g
G r o ß v e r s u c h
A n g e w o h n h e i t e n
o r g l e
U r s a c h e
m e h r t
H a u p t s i t z e
w i t t e r n
A m p h o r e n
k a u f t e   e i n
B u t t e
g l o s e n
b e l ä c h e l t e t
t r a t s c h e n
g e b r a u c h s t
D V D - S p i e l e r
B e l i c h t u n g s m e s s e r
a t m e t e n
m o p s e
e r l a n g e n d
S i l b e r s t a n d a r d
H e r m a p h r o d i t e n
g l a u b t e n
b e s i e g t e n
E i n f ä r b e n
m u m i f i z i e r e n
B o l i v i a n e r i n n e n
G e l e n k s c h m e r z e n
B a b y
A b s i e d l e r
R h o d i u m i o n e n
S u b s t a n z
w ä h l e n
t a g e n
u m z i n g e l t
s c h w ä n d e s t
E n t w i c k l u n g
K i e l e r
t ö t e
K l a s s e n z i m m e r
W a n d g e m ä l d e
S a a t k r ä h e n
G e l e i t w o r t
H ü h n c h e n
O m e g a s
s t r ä u b t e n
O m e g a
Z i m t z i c k e
S c h ä c h t e
r e s p e k t i e r
f u n k t i o n a l i s i e r e n
B e s c h l ü s s e
S a m s t a g a b e n d e
g l a u b e n
S c h ä f c h e n
m a h l t e n
o r g e l t e n
R ü g e
T r e u h ä n d e r
g e n e r i e r t
m i s s b r a u c h
s a u n i e r e s t
s t r ö m t e s t
S c h i e ß g e w e h r
B u l g a r e n
d ü r f t e t
B i n d u n g s p a r t n e r
g l a u b e
K ö n i g s t ö c h t e r
F e n n e k s
s p a l t e t
l e i m e
b e l ä c h l e
G e m ä c h e r
A n g e w o h n h e i t e n
K a n i n c h e n d r a h t z a u n
o r g e l e
W e i h e
B u c h h ä n d l e r s
K u k u r u z k o l b e n
w ä h l t
g l a u b t
h y d r i e r e n
g e b r a u c h e t
g e n e r i e r t e n
b e q u e m b e n
r e i c h t e s t
P f u h l
S e l e n a t
K r a t z e r
m a h l e
e i n g e k a u f t
