r e g l e m e n t i e r t e s t
k r i t z e l t e
M e t r o p o l i s
A r b e i t s s c h r i t t
G e r ü c h e
A l k a l i m e t a l l
b e q u e m b t
r ä s o n i e r t e s t
p r e d i g t
W e i h e n
l e i m t e
S c h ä f c h e n
v e r r e c h n e t
j u c k
S t o l p e r s t e i n e s
ü b e r s t e h e
H e r b s t g r a s m i l b e n
s c h w ö r e t
D i s t i b a n
S p i t z e n r e i t e r
s c h w ö r e n
H a n s e a t e n
r e i c h t e
S a x o p h o n
B e o b a c h t u n g e n
e r n ü c h t e r n
W a n d g e m ä l d e
M a s k e
p r e d i g t e
v e r w i t t e r s t
s t a t t e   a u s
D i f f e r e n z i e r u n g e n
H o r n m o o s e
N ü r n b e r g e r
N i e d e r g a n g s
H a a r n e t z e
N a h r u n g
D i c h t b a n d
U r t e x t e
m a h l t e n
ü b e r s t e h e
A u ß e n s e i t e r
w e i ß e
m i s s b r a u c h t e n
D r o p d o w n - L i s t e n
D i o x i d
W e i h e
A b s i e d l e r
Z u s t ä n d i g k e i t e n
S t r a ß e n s e i t e
w ü r f e n   w e g
N a d e l w ä l d e r n
u m z i n g e l t e n
a t m e t e
b e s i e g t e n
g l a u b e s t
k n e c h t e n
p r o k r a s t i n i e r t e
g l o s e
M o n o k e l
m i s s b r a u c h t e n
A u ß e n s e i t e r
A n e r k e n n u n g e n
h e m m e n
v e r w e h e s t
F o o t b a l l
F e u e r a m e i s e n
d ü r f e n
e m i g r i e r e n d
m a l t r ä t i e r e
S ü ß h o l z
R ü g e n
p r e d i g t
E n t w u r z e l u n g e n
w i t t e r t e t
w e r f e t   w e g
H o l o g r a m m
b e s c h r i f t e t e t
m a h l t e
w i t t e r t
v e r r e c h n e n
S p i t z e n r e i t e r n
G e m a c h e s
f e s t i g t e
t r a t s c h e
m ö p p e r n d
S c h a r n i e r
E i n f a n g e s
G o l d g r ä b e r
v e r r e c h n e t
t r a t s c h
t a g e t
S a l m e
k n e c h t e
B e l i c h t u n g s m e s s e r n
G e f ä ß e s
v e r s i l b e r t e n
H e l m
d u r c h z u c k t e
K a r t o g r a f i n n e n
r e g l e m e n t i e r t e t
R o c h a d e
J u d e n h a s s e s
r ä s o n i e r e s t
W o r t l i s t e
M a n d e l b a u m
D a c h e s
F a h r s t u h l
r ä s o n i e r e n
G a s t g e b e r
ü b e r m i t t e l s t
S c h n e e s c h a f
s p r a c h   f r e i
s p r a c h t   f r e i
E n t e
e r n ü c h t e r t e
w e i ß t e t
F e u e r a m e i s e
t r a t s c h t e n
W a n d g e m ä l d e
C u r i u m
S y l v i n i t
m a l t r ä t i e r e t
B r i e f z u s t e l l e r
K n i r p s
r e g l e m e n t i e r e
E u p h o r i e
g e s c h m e c k t
S e l e n d e f i z i t
A u ß e n s e i t e r s
S p i t z e
B u n d e s g r e n z s c h u t z
r e i c h e n
T e i l c h e n b e s c h l e u n i g e r s
A l c h e m i s t e n
H i r n s c h a l e
s a u n i e r t
m a h l e s t
U n t e r n e h m e n s a n w e n d u n g s i n t e g r a t i o n
M o n a z i t s a n d e n
S c h i e ß g e w e h r e
F a m i l i e
d u r c h z u c k e n
Z e i t m a s c h i n e
b e s i c h t i g e
H u b
ü b e r s t ä n d e
r e s p e k t i e r e
k l a s s i f i z i e r t e
u m z i n g e l t e
S t r ä h n e n
m e u t e r t e t
B o r o s i l i k a t
ü b e r m i t t e l n d
l a v i e r e n
H o l o g r a m m e
g e n e r i e r e
S c h n o r c h e l
r e s p e k t i e r t e t
b e l e i d i g t e
F a h n d u n g s l i s t e
s p a l t e t
b e q u e m b e s t
e m i g r i e r t e s t
F u n k t i o n s a b s c h l ü s s e n
B u s e n f r e u n d
B e d ü r f t i g k e i t e n
N a n o a m p e r e n
U n t e r n e h m e n s a n w e n d u n g s i n t e g r a t i o n e n
g l a u b t
t a g e n
A r b e i t s s c h r i t t e s
k r i t z e l t e t
F a h n d u n g s l i s t e
ü b e r s t a n d e n
g e h ä m m e r t
U n t e r
T r i s u l f i d e
s c h m i e r t e s t
I d i s t e n
k r i t z e l t e n
b e s i e g e
k l a s s i f i z i e r e n
m a l t r ä t i e r s t
H e u l e r
m a l t r ä t i e r t e
s c h m e c k e t
D a c h f e n s t e r s
A c c e s s o i r e
t a g t
k a u f t e   e i n
K r a t z e r n
r e s p e k t i e r t
G e d ä c h t n i s s e s
A c h t z i g e r s
N u t z e n
e r l a n g t e s t
A l m
p r o k r a s t i n i e r t e n
K r ä h e
s c h i e f r e
R a u t e n
A u s w a n d e r e r
t ö t e t e n
t a g e n d
F a s s e s
j u c k s t
s p r e c h e n   f r e i
v e r s c h l e i e r t
U k r a i n e r n
T a k e l a g e n
s p r i c h t   f r e i
T r a g e
A b s i e d l e r
p r e d i g e
K a r t o g r a f i n
f u n k t i o n a l i s i e r t
S e l e n d e f i z i t s
S c h i e ß g e w e h r e
W i r k u n g
B a s i s k l a s s e
s p a l t e t e
A l l e m o n t i t e
m e u t r e
w e g w e r f e n
A c h t z i g e r
N a s s
f u n k t i o n a l i s i e r e n
D V D - S p i e l e r s
F ä h n c h e n
w i r f t   w e g
Ä n g s t i g u n g
R o c h a d e n
e r t r a g t
w ä h l t e
B u c h h ä n d l e r
ü b e r m i t t e l t
b e w a f f n e t
U c h t e n
V o r b a u
k a u f   e i n
m u m i f i z i e r s t
m e l d e t e s t
a h n t e
G e w ü r z e s
v e r s i l b e r t e t
G l a u b e n s s c h w e s t e r
w e i ß t e s t
B l i t z k r i e g e
s c h i e f e r t
m u m i f i z i e r e
r e s p e k t i e r e
F e u e r a m e i s e
A u s w a n d e r e r
g e b r a u c h t e s t
s a u n i e r t e s t
s p r e c h e   f r e i
N i e d e r g ä n g e
L a n d s c h a f t e n
D o p p e l z i m m e r
F u n d a m e n t e s
F e u e r a m e i s e
u n t e r d r ü c k t e
H a n d l i c h k e i t
B l i t z s c h l ä g e
L a y s a n e n t e n
B a s i s k l a s s e n
P r o p a n o l s
f l a m b i e r t e n
L e b e n s l ü g e n
A u ß e n s e i t e r
A u ß e n s e i t e r
f l a m b i e r t e t
B u s e n f r e u n d
m u m i f i z i e r t
T a g e s b e d a r f
G r o ß v e r s u c h e
B r i e f ö f f n e r
r e s p e k t i e r t
u n t e r d r ü c k e
s p r a c h   f r e i
K a r t o g r a f i n
C a l c i u m o x i d
A b k ü h l u n g e n
R h a b a r b e r
C a l v i n i s t e n
v e r s c h l i e ß t
U h r e n f e d e r n
r ä s o n i e r t e t
S t o c h e r k a h n
b e s i c h t i g e n
B o t s c h a f t e r
v e r w i t t e r t e
S p o r t h e r z e n
E r z i e l u n g e n
e m i g r i e r t e t
e m i g r i e r t e n
e m i g r i e r t e t
S t e l l e n w e r t
Ä g y p t o l o g i n
m u m i f i z i e r e
K o r r e k t u r
v e r s i l b e r t e
B r i e f ö f f n e r
v e r s i l b e r t e
g e n e r i e r t e n
B o t s c h a f t e r
P a m p a s k a t z e
d u r c h z u c k e t
d u r c h z u c k s t
L a n d s c h a f t
C a l v i n i s t e n
r ä s o n i e r t e n
u n t e r d r ü c k t
M a n d e l b ä u m e
b e l ä c h e l t e t
K o l u m n i s t e n
s c h m i e r t e s t
F ü l l s t a n d e s
G l u t a t h i o n e
v e r z ä h l t e t
N a d e l w a l d e s
M i l l i o n s t e l
V o l k s s p o r t e
D a c h s c h ä d e n
K o l u m n i s t e n
M ä u s e s p e c k
m i s s b r a u c h t e
B r i e f m a r k e n
B r i e f m a r k e n
r e s p e k t i e r e
K ö r p e r t e i l e
v e r w i t t e r e n d
G o l d g r ä b e r s
g e b r a u c h e n d
G r o ß f ü r s t e n
v e r r e c h n e t e
g e n e r i e r t e t
G e l e i t w o r t e
b e s i c h t i g t e
m i s s b r a u c h s t
v e r r e c h n e t e
b e l ä c h e l t e n
P a m p a s k a t z e
u m z i n g e l t e n
b e l ä c h e l e s t
T r i s u l f i d e n
G r e n a d e r i n
k n e c h t e t e s t
v e r w i t t e r e t
e r n ü c h t e r t e
W o l l k n ä u e l n
ü b e r s t a n d e n
m i s s b r a u c h e n
m i s s b r a u c h e n
e r n ü c h t e r t e
G y n ä k o l o g e n
H a u t k o n t a k t
H a u t k o n t a k t
A u b e r g i n e n
G r e n a d e r i n
B o c k s h ö r n e r
R h a b a r b e r
s a u n i e r t e n
h y d r i e r t e s t
T r a m p e l p f a d
N a n o a m p e r e
H i r n s c h a l e n
L ö t m e t a l l e n
t e n d i e r t e n
H o l o g r a m m e n
ü b e r m i t t e l t
G r e n a d e r i n
Z ü n d p u n k t e s
T r e u h ä n d e r
B o c k s h ö r n e r
S c h n o r c h e l
K a t a m a r a n s
f l a m b i e r e n
D i s t i b a n e n
v e r s c h l i e ß
M e t r o p o l e n
K l e i n p u d e l s
S c h n o r c h e l
Z i m t z i c k e n
F a h r s t ü h l e
b e q u e m b t e s t
e m i g r i e r e n
ü b e r m i t t e l n
f l a m b i e r t e
ü b e r s t ä n d e
L e u k o x e n e n
u n t e r d r ü c k t
t r a t s c h t e s t
m e u t e r t e s t
F u n d a m e n t e
s t a t t e s t   a u s
t e n d i e r t e t
W o l l k n ä u e l
v e r s c h l e i r e
v e r s c h l ö s s e
W o l l k n ä u e l
d u r c h z u c k t
s t r ä u b t e s t
s t a t t e t e   a u s
b e s i c h t i g e
g e b r a u c h t e
m i s s b r a u c h t
F u n d a m e n t e
m i s s b r a u c h t
B r i e f w e c h s e l
F a l l g a t t e r s
N i e d e r g a n g
ü b e r s t e h e n
G o l d g r ä b e r
D i o x i d s
ü b e r s t e h e n
W o r t l i s t e n
W o r t l i s t e n
N ü r n b e r g e r
N ü r n b e r g e r
S p i e g e l e i e r
v e r w i t t e r e n
v e r w i t t e r e n
b e q u e m b t e n
r ä s o n i e r t e
b e s c h r i f t e t
d u r c h z u c k t
g e b r a u c h e n
m ö p p e r t e s t
t e n d i e r t
r ä s o n i e r t e
A p o p l e x i e n
s c h m e c k t e n
P u r z e l b a u m
b e l e i d i g e t
v e r w e r f e s t
K ö n i g s t o c h t e r
b e s c h r i f t e
V o r k o s t e r
Z w e t s c h g e n
b e l ä c h e l e t
D i n g w ö r t e r
u m z i n g e l t
v e r w i t t e r t
k r i t z e l t e n
v e r z ä h l e n
M e s s b e c h e r
L ö t m e t a l l e
v e r r e c h n e n
v e r r e c h n e n
s c h w i n d e s t
s c h m e c k t e t
s c h m e c k t e n
v e r w i t t e r t
E t h n o l o g e n
V o l k s s p o r t
L e u k o x e n e
A u b e r g i n e
s a u n i e r s t
G r e y e r z e r
A b o n n e n t e n
f e s t i g e n d
E t h n o l o g e n
f e s t i g t e t
s a u n i e r t e
s a u n i e r e n
B e u g u n g e n
s a u n i e r e n
s a u n i e r e n
s a u n i e r e n
A b o n n e n t e n
g e s c h i e f e r t
B e s ä u f n i s
s t a t t e t e   a u s
S a x o p h o n s
L a n d s c h a f t
F o n d u e s
L a n d s c h a f t
L a n d s c h a f t
t r a t s c h t e t
A p o p l e x i e n
k n e c h t e t e n
k n e c h t e t e t
e m i g r i e r t
b e w a f f n e s t
E i s z a p f e n
g l a u b t e s t
v e r w e r f e n
S e l e n a t e n
Z i m t z i c k e
F a l l g a t t e r
e m i g r i e r t
D y s t o p i e n
U n d e r d o g s
U n d e r d o g s
D y s t o p i e n
S i t z b e i n e
V o r b a u t e n
h ä m m e r t e s t
F a l l g a t t e r
G r e y e r z e r
e r t r a g e s t
g e n e r i e r t
m e u t e r t e n
t e n d i e r e n
G a s t g e b e r
E u p h o r i e n
H i r n s c h a l e
S c h ä f c h e n
s p a l t e t e s t
t e n d i e r t e
t e n d i e r e n
t e n d i e r t e
A b k ü h l u n g
S c h ä f c h e n
E n t f ü h r e r
A b k ü h l u n g
A p o p l e x i e
H a n d f l ä c h e n
F u n d a m e n t
N a d e l h o l z
N e u t r o n e n
V e r s i o n e n
s c h m i e r e n
B e s c h l u s s
k n e c h t e s t
E r z i e l u n g
G e g e n ü b e r
u m z i n g e l t
E r l k ö n i g e
L ö t m e t a l l e
F ä h n c h e n s
P l ü n d e r i n
g e n e r i e r e
w a r f t   w e g
b r e m s t e   a b
b e l ä c h e l t
p r e d i g e n d
ü b e r m i t t l e
H ö l z c h e n s
t r a t s c h t e
K r a n i c h e n
m ö p p e r t e n
S a x o p h o n e
b r e m s t e   a b
S ü ß h ö l z e r
A c h t z i g e r
s p a l t e t e s t
A c h t z i g e r
A p o p l e x i e
w e r f e n   w e g
E n t w i c k l u n g
N e u t r o n e n
N e u t r o n e n
s c h w ä n d e n
b e w a f f n e t e
s c h m e c k e n
s c h i e f e r e
e r n ü c h t r e
D e x t r o s e n
s c h m i e r t e
b e s i e g e s t
v e r r e c h n e
s t a t t e t   a u s
H a u s f r a u e n
E i n s t i e g
e m i g r i e r e
F a v o r i t e n
A n i s e t t e s
k r i t z e l t e
F a v o r i t e n
Z w e t s c h g e
G a s t g e b e r
b e l ä c h e l e
b r e m s e n   a b
p r e d i g t e t
g e w i t t e r t
A r a g o n i t e
s c h w a n d e s t
v e r w e h e t
m ö p p e r t e n
S y l v i n i t e
H a n d f l ä c h e
H a n d f l ä c h e
s c h m e c k t e
s c h w i n d e t
T a k e l a g e
T a k e l a g e
s c h m e c k t e
s c h m i e r t e
e r l a n g e s t
F o o t b a l l s
E r l k ö n i g s
E i n s t i e g
h ä m m e r t e n
g e m ö p p e r t
J u d e n h a s s
s t a t t e n   a u s
v e r w i r f t
F ü l l s t a n d
h y d r i e r s t
k r i t z e l t e
H a u p t s i t z
S a d i s t e n
D i v i s o r e n
K r a n i c h s
v e r z ä h l e
I n f a n t e n
k n e c h t e t e
k n e c h t e t e
B u l g a r e n
H o c h k o m m a
G e w ü r z e n
D i o x i d e n
S e l e n a t e
I n f a n t e n
b e w a f f n e t e
g l a u b t e t
h ä m m e r e s t
m e h r t e s t
J u d e n h a s s
I n f a n t e n
s p a l t e s t
v e r w a r f e n
s a u n i e r e
s t r ö m e s t
k r i t z e l t e
w ü r f e t   w e g
U k r a i n e r
B u l g a r e n
Z y k l o p e n
s t r ö m t e t
t e n d i e r t
s p a l t e t e t
s t r ä u b e n
S t r ä h n e n
S p ä t l e s e
H a n s e a t e n
B i o g a s e s
w ä h l t e s t
R o c h a d e n
F a m i l i e n
v e r w a r f t
H e r m a p h r o d i t e n
K o k o s ö l e
r e i c h e s t
g l a u b e n d
S c h l i t z e
s t r ö m t e n
U n d e r d o g
U r s a c h e n
N e u e r u n g
Ö l q u e l l e
F a m i l i e n
N e u e r u n g
m e l d e t e n
Ö l q u e l l e
U k r a i n e r
s c h w ö r e n
Ö l q u e l l e
F ä h n c h e n
F ä h n c h e n
m ö p p e r t e
F ä h n c h e n
s c h w ö r e t
F ä h n c h e n
k r i t z e l n
A m p h o r e n
p r e d i g e n
k r i t z e l n
p r e d i g e n
G e m ä c h e r
g e b r a u c h
U r s a c h e n
s t r ä u b e n
s c h m i e r e
H ö l z c h e n
b r e m s e n   a b
H ö l z c h e n
p r e d i g s t
k a u f e n   e i n
s t r ä u b t e
F o o t b a l l
s c h m e c k t
H o r n m o o s
b e w a f f n e t
b e w a f f n e t
E h r u n g e n
g e w ä h l t
b e s i e g t e
D e x t r o s e
b e s i e g e n
b e s i e g e n
K n i r p s e n
k n e c h t e n
g e m a h l e n
w i t t e r t e
D e l i r i u m
e r t r a g e t
b e q u e m b t
w i t t e r t e
S u b s t a n z
e r t r a g e n
D e l i r i u m
g e g l a u b t
S y l v i n i t
H ü h n c h e n
A l l m a c h t
A r a g o n i t
l a v i e r e n
g e m e l d e t
f e s t i g e
A n i s e t t e
t r a t s c h e
m e l d e s t
e r l a n g e t
h ä m m e r t e
F a m i l i e
f e s t i g e
J a s m i n e
R a z z i e n
s c h m e c k e
s t r ö m e n
k n e c h t e n
t r a t s c h t e
A m p h o r e n
e r t r ä g t
s c h w i n d e
B u l g a r e n
H a a r n e t z
H a a r n e t z
G e r ü c h e
M i t t w o c h
M i t t w o c h
G e y s i r e
w a r f   w e g
b e w a f f n e
T r a i n e r
m e l d e t e t
T r a i n e r
G e w a l t t ä t e r i n
g l a u b e n
A n i s e t t e
m e h r t e t
w a r f   w e g
H e u l e r s
M a r k i s e
s t r ö m t e
m o p s t e n
m e u t e r n
m o p s t e t
s t r ö m e t
m o p s t e n
s t r ö m t e
e r t r u g s t
v e r w e h t
w ä h l t e n
v e r w e h t
G ö n n e n s
F e h l e n s
R ü s c h e n
s c h w ö r t
S c h l i c k
w i t t e r n
m a h l t e t
m a h l t e n
S e l e n a t
d a r f
C u r i u m s
H e u l e r n
K n i r p s e
k r i t z l e
g e p r e d i g t
s t r ä u b t e
F o n d u e s
j u c k t e n
j u c k t e n
k n e c h t e
s c h w o r e n
N e u t r o n
M o n o k e l
K o k o s ö l
b e q u e m b
e r t r ü g e
A k z e n t e
m e l d e t e
s p a l t e t e
s c h m i e r
D e l p h i n
R ü s c h e n
w ä h l e s t
m e l d e t e
s p a l t e
V e t t e r n
a h n t e s t
s t r ö m s t
B i o g a s e
l a v i e r e
B i o g a s e
N a h r u n g
N a h r u n g
g e m o p t s
S o c k e l s
S ü ß h o l z
b e s i e g e
g e k l o n t
b e s i e g t
G e y s i r e s
l a v i e r t
O p t i m u m
w i t t e r e
o r g e l e t
w i t t e r e
s p a l t e t
m ö p p e r n
K r a n i c h
K r a n i c h
s p a l t e n
s p a l t e n
P f u h l e s
S c h a c h t
B e u g u n g
G e f ä ß e
g l a u b e
h e m m t e t
h e m m t e n
h e m m e s t
R a z z i a
b e w a f f n e
h e m m t e t
m o p s t e
e r l a n g e
B o n s a i
B o n s a i
m ö p p r e
A f f r o n t
a t m e t e t
a t m e t e n
N u t z e n
g e t a g t
F r a k t a l
p r e d i g t
w ä h l e n
G e y s i r
G e y s i r
r e i c h e
D i o x i d
g l a u b t
m a h l e n
h ä m m e r n
E u x e n i t
h ä m m e r e
S a d i s t
S t ä l l e n
F a l b e n
s t r ö m e
m e l d e n
N u t z e n
t ö t e n d
b e s i e g
s t r ö m t
A k z e n t
o r g e l t e
m e u t r e
J ü n g e r
m ö p p r e
S p i t z e
F e h l e n
S p i t z e
m a h l t e
D i n g o s
A u s b a u e
C i t r a t
C i t r a t
m a h l e n
S o c k e l
B i e n e n
E h r u n g
p r e d i g
g l o s e t
O m e g a s
l e i m e n
r e i c h t e n
N ä h t e n
r e i c h t e t
j u c k e n
m e l d e t e
w e i ß t
C u r i u m
K r o n e n
d ü r f e n
A k z e n t
d ü r f e n
s p a l t e
A u s b a u
J ü n g e r
J ü n g e r
J ü n g e r
B a r d e n
e r t r u g
K r ä h e n
U c h t e n
a h n t e t
U n t e r s
m e h r e n
K n i r p s
l e i m e n
G o s s e n
G o s s e n
m e l d e t
d ü r f e t
G ö n n e n
A m i d e s
a t m e s t
P i k e n
w ä h l e
P i k e n
h e m m e n
h e m m s t
S t ä l l e
S t ä l l e
h e m m t e
e r l a n g
G e m a c h
G e m a c h
l e i m t e
r e i c h t e
G r u b e
G r u b e
F e n n e k
t ö t e n
R a u t e
R a u t e
t a g t e
m e l d e
D e c k s
m e h r t
w e i ß e
D i n g o
T r a g e
U n t e r
k l o n t
M a s k e
w e i ß t e
O z e a n
L o b e s
O z e a n
t ö t e n
C l o u s
m a h l t
D e c k s
m a l t r ä t i e r t e s t
B i e n e
R ü s c h e
j u c k e
A l m e n
m a l t r ä t i e r t e n
N ä h t e
K r o n e
K r o n e
m e h r
j u c k t
G r u b e
H e l m e s
m a l t r ä t i e r t e
U c h t e
a h n e n
m a l t r ä t i e r e n
m a l t r ä t i e r t e
a h n e n
a h n t e
m a h l e
C l o u s
C l o u s
F o r t s
m a l t r ä t i e r e
g l o s
t ö t e t
s p r i c h   f r e i
F o r t s
h e m m e
h e m m t
l e i m t
a t m e n
a t m e n
t a g e
E k z e m
E k z e m
B a b y
H u b e s
D e c k
D e c k
L o b e
F a s s
a t m e
B u t t
N a h t
t a g
D a c h
