э р д э с т
э э л ж э э с
х у н г а а с
с а н а а г а а
б о д л о о с
х у а н л и а
ж а я г и й н
т у у л а й н
у ц а а р ы н
н и й ц л э э
х и ч э э л д
б э л д
х э в л и й г
г а й х а л д
р о б о т ы н
з а а г и й г
а х м а д а а р
г а л у у г а а
а р г а т а й
б э э л и й д
г а л у у т а й
х а л ь с а а р
д у н т а й
з ү р х и й г
б а я р а а р
а л д а р т н ы
б а й н г а а
ц о о ж и й г
а ч а а н а а с
х о р ь с о н
а в а а р ы г
т а х и а г а а
х а я г а а с
ө ө х н ө ө с
с у у ц а а с
н о ё н т о й
д а л а н г и й н
я л г а а г
ү р ч л э э г
б а д г а а с
б а г ш а а с
с о й з о н д
т у л а а н ы
ж а н ж и н д
г у л с у у р т
н а й з т а й
н и й г м э э
з ү ү л т э э с
ц а х л а й г
ш и в н э э н и й
ш у у д а й н
т у у р а й н
б о л з о о г
а а л з т а й
э ц э с т э й
х ө ш м ө г ц
ү ү р г э э р
б а д г а а р
х у у р а й д
а л х а а н а а с
в а л ь с а а р
ж а н ж н а а
у р х и т а й
н о м л о л д
ч и м э э г э э
б о с г о д
г а х и у р а а
м ө х л ө ө с
т а в и у р а а
и с г и й н
с л а й д ы г
х а в ц л ы г
ц а в у у г а а
ү ү р г э э с
б ү р э э с э э р
ш э э с э э с
у г ж н ы
д ө н ж и й г
ц о х и о г о о
л о г и к и й г
з э м л э л д
х у я г а а с
с у у р и й н
к у р с и й г
у с т г а л а а
ш и л б и й г
х э в л и й д
х э р г и й н
х а ш а а н а а с
б о р ж и н д
г а х и у р ы г
ж ү ч э э н д
б и е л э л д
х у р и м ы г
х у у д с а н д
а м и н а а с
х э в ш л э э с
с а в н а а с
с а н а а т а й
ө в д ө г н и й
э т г э э д э э
ч а н а р а а р
ж о о т у у н д
ё р о о л о о р
г а й х л а а с
б у р т г а а с
т у у л а й г
э м э э л и й г
ф а ш и з м д
т е к с т т э й
а д г у у с ы г
х ө г ж л ө ө р
г а й х л ы г
ш о р о о т о й
я л г а л т а д
ц а а с н а а с
с у у р и а с
д а х и л т ы н
р о б о т о о с
н о г т о н д
ц о ч р о л ы н
к о ф е й н ы г
и л л э г и й н
т у л а а н а а
а н к е т т а й
х у л у у н а а с
а н г и л л а а
ц ө м ч ь е
х ө г ж л и й г
з ө ө г ч ө ө с
х ө г ж л и й н
н ө л ө ө н ө ө с
б о с г о о с
с о й з н о о с
х у у л ь ч а а
ү з э м ж и й г
г а д а р г ы н
х а л ь с т а й
ж и г ш л э э р
ч и м э э т э й
н а а д м а а с
ш и л б э н и й
х а н д и в ы г
э э л ж и д
к о ф е г о о р
а л х а а г а а р
э м н э л г э э
х ү н д р э л д
м о д е л и о р
а х м а д а а с
ү е э л и й н
з у г т у у л д
э ш л э л и й н
н ү ү д л и й н
с л а й д а д
б о л з о о г о о р
т е к с т и й н
о н ц л о г т
а м ь с г а л ы н
д о р г и о н ы
д ү ү ж и н г э э
с у у ц а д
и л л э г э э с
с о р и л т о о
н у х а ц т а й
у г ж н а а с
х ү ч н и й
а ж и л л а л а а
т е к с т э э р
х о р и в о л
э х л э л и й г
б а р и л г а д
б у р т г а а р
д а х и л т а а с
а л д а р т н ы г
ш и в н э э г э э
б а й д л а а р
х ө р г и й г
з а р л а г а д
э р г ү ү г э э р
б а д а г т а й
э н г э р и й г
б о д о л т о д
ё ж л о л т о й
т а х и а г а а р
б ө ө н д в ө л
а м ь д р а л ы н
д у г у й т а й
б а х а р х л ы н
и р г э н э э р
х о н х н о о с
д о л г и о г о о
я д а р г а а г
м о о д н о о с
у я н г ы н
з а р л а г ы н
х ү н э э с
с э ж ү ү р т э й
ү ү с э л т э й
г а р и г а а с
б о л ж м о р т
о н ц л о г о о
т а г т а а н ы
г у л с у у р а а
б а р ь с а н
о р г о д л ы н
н ө л ө ө н и й
ц о х и у р а а с
а м ж и л т а а р
э м э г ч н и й
с а н а л а а с
с а р х д а а р
т у л а а н а а с
т о в ч и й н
я н д а н г а а р
н у х ц ы н
с и м ф о н и о
х о х и р л ы г
у ц а а р т а й
у р в а л а а р
н о г д л о о р
х у ч и л т а а р
з ө р л ө г ө ө р
х о р ь ё
э м э г ч и н д
а м л а л т а а
т а в и у р а а с
ш у у р г а н а а с
б о д и с т о й
х о т о ж в о л
х и й л ч и й г
ц и р к и й н
ц о ч р о л о о с
т э в х э д ь е
я л а г д л а а
а а л з н а а с
с ү л ж э э г э э р
х ө г ж и л т э й
т о н ш у у л а а
ө г ө ө ш и н д
б и ч э э с н и й
г а х и у р а а р
з у р в а с а а р
м о д е л и й н
м э н г э т э й
е р т ө н ц ө д
к а п с у л а а
ү с р э л т э э
я л г а л т ы г
о р о м ж т о й
з а л у у р а а с
г а х и у р а а с
б о д р о л о о с
я л г а л т ы н
а г ш и л т т а й
д а х и л т а а р
ө г ө ө ш н ө ө с
ш и л ж и л т э э
ш ү т э э н э э с
ф а ш и з м ы г
ч и й г ш л и й н
д у у н ы
с у д л а а ч и д
б ө г л ө ө г ө ө р
ш у у р г а а р
с а м у у н а а р
з о р и л т ы н
з у л а й т а й
б у у р ц г и й н
о п е р а т о р т
ц о ч р о л ы г
ц а в у у н а а с
д э э в р и й г
х а н д и в а а р
з у р а а ч а а с
х а н г а л т а а
с о р в и о
ш и в н э э т э й
х у ч л а г а д
т э в ч э э р э э
д э э в э р т э й
б ү р э э с т э й
б а р и м т а д
б у у д а л т а й
н э х и й г э э с
т а р х а л т а а
ц а ц р а г а а с
т а р а а л т ы г
ү р ч л э э т э й
т а р а а л т ы н
у р а г ш л а в
х а м т р а л ы г
т а г т а а г а а
б а р и м а г ц
б ө ө н д м ө ө р
б и е л л э э с
д о г о л д о л д
т у у р а й т а й
н о г т н о о с
о р л о г ч о о с
б э э л и й г э э
х и ч э э л и й г
и л л э г т э й
э м н э л э г т
а м л а л т а а р
м ө г ө ө р с ө ө
ш у н а л т а й
о н о ш н о о с
б а р м е н э э р
б о д р о л о о р
з ө р л ө г ө ө с
ц э ц э р л э г т
а д м и р а л ы г
а н г и л а л д
г а р и г т а й
з у г т у у л ы г
б а р и м т а а р
х а й р ц г а а с
с о р о н з т о й
б и е л л э э
и н д у к ц и й н
х ө г ж и л т э й
а в х у у л а в
х у у л ь ч а а р
м э р и й л т э д
х а р в а л т а д
с о р и л т т о й
х э в л э л э э с
с о р в и н о о с
з у г т у у л а а
ч и й г ш л э э с
ш ү ү л т ү ү р т
ү з э г д л и й н
х у у р а й г а а
х а г а р а л д
к о ф е й н о о с
м э р г э ш и л д
х у й л а а с н ы
х а н д и в т а й
б а т ж и л т а д
х у у л ь ч а а с
х у л м а с т а й
ш ү р ш и г ч и д
с а н х ү ү ч э э
б а х а р х л ы г
ш и л ж и л т э д
з у р а а ч и й г
ж и г ш и л т э й
ө н г ө л д ө г
м ө р д ө л т ө д
б и е л л э э р
ү р г ү й д э л д
б а р м е н и й
ш у у р г а т а й
з ө в л ө г ч и д
з ө г и й г ө ө р
д ү ү ж и н г э э р
ш о х о й ж т о л
д а г а г ч т а й
у у р ш и л т а а
у у р ш и л т ы г
х о т ж и л т ы н
х а ш л а г а н д
х о т о ж ч и х
б ө ө н д с ө н
с э ж ү ү р и й н
х а в ч л а г а а
х о т о ж с о н
ё с о л г о о г о о
т э н ү ү л т э й
з ө р ч л ө ө с
х а л д л а г а д
а г ш и л т а а р
н о м л о л т о й
х о ц р о г ч о о
н а й м а а т а й
х а р у у с л ы н
у н ш и г ч т а й
у р а г ш и л с а н
ж о о т у у г а а
э з л э г ч и й г
н а а л д ц а а с
ү с р э л т и й н
б о д о л т о о р
х а р у у с л ы г
б а р и м т т а й
ү й л д э л т э й
э в д р э л и й г
з э в ү ү ц э л д
б о д р о л т о й
н а й м а а г а а р
б а р и л г а а с
х я н а г ч и й н
з а р ч и м т а й
т ү л х ү ү р и й г
н ө м р ө г т э й
у с т г а л т а й
к о ф е й н о о р
о й л г о л т ы г
у у р х а й г а а
д а в х а р г а д
т у р ш и л т а а
х а м т р а л а а р
с э ж ү ү р э э р
о й л г о л т о д
д у т а г д л ы н
и ж и л с л э э р
с и м ф о н и й г
ц а г д а а т а й
д а р у у л г а а р
д а г а г ч и й г
с и м ф о н и о с
с и с т е м э э р
з о р ч и г ч о о
х у й л а а с а а р
э в д р э л т э й
х ү н д р э л и й г
б а р и м т а а с
т о в х и м л ы н
г у л с у у р а а р
н и с г э г ч и д
х у в ь с л а а р
с и н д р о м т о й
о п е р а т о р ы г
б у у д л а г ы н
э р д э м т э н д
г у л с у у р а а с
х а м т р а л а а с
я л г а л т т а й
ц а г д а а г а а р
ш у м б а г ч и д
х э р э г ц э э г
х а л ь с а н д
т о н ш у у л т а й
х э р с ү ү г э э р
к о ф е н о о с
т ү л х ү ү р и й н
б ү л э г л э л э э
х у й л а а с ы г
д э м ж л э г э э с
б а й л д а а н ы
а н а л и з т а й
с о н и р х о л д
б а д м и н т о н ы
с о н и р х л ы г
у у р х а й н а а с
ө с г ө л т и й н
м а с ш т а б т
ш ө в х ө л ч и х
ш и л ж и л т э э р
ш о х о й ж в о л
х ө г ж и м ч н и й
х ү ү х э л д э й н
б и о л о г и д
б а р и л г а а р
т у у л а й н а а с
ш а т а а г ч и й г
с э ж и г т э н д
м а с ш т а б ы н
х о р в о о г о о р
с а м п и н г а а с
з ө в л ө м ж ө ө р
к о м п а н и й н
д а г а в р а а с
у у р х а й г а а р
н и й л б э р э э
з у г т у у л а а р
э в д ч э э с э й
ү н э л э м ж э э р
м ө л ж л ө г и й г
ц у л б у у р а а с
ж о о т у у г а а р
м ө р д ө г ч ө ө с
х э л м э г д э в
э д э л г э э н и й
б а р м е н д
з ө в л ө г ч и й г
ц и л и н д р э э с
ч и в ч ү ү р т э й
х ө л с л ө г ч и д
ш ү р ш и г ч э э р
ш у д а р г а а р
э в д э ч ч и х
м а н д о л и н ы
ө г ө ө ш н и й
э в д э ч м э г ц
ш а т а а г ч т а й
т а с л а л т т а й
о й л г о л т т о й
г э р л э л т э э р
д а р х л а а г а а
и л г э э г ч и д
т а с а л г а а н ы
ш у у д а н ч и д
х ө ш ү ү р г и й г
о р о л д л о г ы н
у у р ш и л т т а й
у л а н г и р а а с
н и д р ү ү л э г т
м а р к е т и н г т
д э л г ү ү р и й г
к о м п а н и й г
ж а г с а а л а а с
т э в х э д м э э р
з у г т л а г ы н
ү ү р г э в ч и й г
ө н г ө л ө н г ө ө
б и е ж и л т э э с
х а р в а л т а а с
т о х и р г о о н д
у с т г а г ч и й г
ш у м б а г ч и й г
х у у д а с н а а с
ү р г ү й д л и й н
м э р г э ш л и й н
ц а х л а й н а а с
с у д л а а ч а а р
б э л х ү ү с т э й
ш ү р ш и г ч и й г
у с т г а г ч и й н
т о в ч л о л т о й
х ө д ө л г ө ө н д
ё с о л г о о г о о р
д а в т а м ж а а с
ш ү р ш и г ч и й н
а м ь с г а л а а р
а ж и л л а ч и х
б а р и л г а т а й
х э л м э г д э в
э з э м ш и л т э й
м ө р д ө л т и й н
з у г т л а г а а с
г а д а р г а а р
х у л м а с н а а с
ш у у д а н ч и й г
о р о г н о с о н
х у р д а т г а л а а р
б э л г э в ч т э й
х у р д а т г а л д
б а й л д а а н ы г
п р о д а к ш н д
д а й ч и л г а а г
х э м ж ү ү р и й г
т ө г с ө г ч ө ө с
д у у л а а ч и й г
д у у л а а ч и й н
ш ү р ш и г ч т э й
з а с в а р ч и н д
х а р д а л т т а й
б ү л э г л э л э э с
ү з ү ү л э н г э э
з ө р ч и г ч т э й
н и й л э м ж и й н
ш ү р ш и г ч э э с
о п е р а т о р т а й
х э в л э г ч и й г
з э в ү ү ц л и й г
з э в ү ү ц л и й н
ф и л о с о ф и о р
с о р в и о р
н э м э г д л и й г
з ө р ч и г ч и й н
з э в ү ү ц л э э р
х э м н э л т э э с
н э м э г д л э э с
ү ү р г э в ч э э р
ө ө р ч л ө г ч ө ө р
н я г т а р ш л ы н
о п е р а т о р а а
з ө р ч и г ч ө ө с
х ө д ө л м ө р ө ө р
т ө с ө ө л л ө ө
ө н д г ө в ч и й г
о ё д о л ч и н т о й
г а й х а м ш и г т
д а р х л а а г а а р
д ү ү ж л ү ү р э э р
ш о х о й ж м о г ц
с и й р э г ж в э л
м а н д о л и н а а
э м э г ч и н т э й
д у л а а р а н г а а
ш у р г у у л г а а р
н и й л б э р э э с
ө ө р ч л ө г ч и й н
г о р ь д л о г о о р
д а в т а м ж и й г
х а р ь я а л л ы н
ө ө р ч л ө л т т э й
э м н э л э г т э й
м ө г ө ө р с т э й
м ө р г ө л ч н ө ө р
т у у р а й н а а с
с и й р э г ж м э г ц
м а г а д л а л а а с
э э т и й ж э э
н я г т а р ш л а а с
д у р с а м ж и й н
т о в о й з н о
х э л м э г д ч и х
ү з ү ү л э н г э э с
б а х а р х а л т а й
д а а ж и г н а л ы н
о р о г н о з н о
о ё д о л ч н о о с
б у л и н г а р а а с
б ө ө н д ө л г ү й
х у й л а а с н а а с
ш ү ү л т ү ү р э э с
д у л а а р а л г ү й
а в х у у л с а н
т у н а д а с н а а с
с ү р д ү ү л г э э р
з э в ү ү ц э л т э й
о н ц л о г и й г
а в ь я а с т н а а р
э д э л г э э н э э с
э р г ү ү л э г т э й
х а р и у ц л а г а д
х о ш у у ч л а г ч и д
а н г а а х а й т а й
о л б о р л о л т ы н
и р в э г э н э в э л
х о р в о о г и й н
о в о о л м о о р
д у у д л а г а т а й
у д и р т г а л т а й
т а с а л г а а т а й
т а с а л г а а г а а
х а р у у с а л т а й
м о д е р н и з м о о с
б я л д у у ч л а л д
м ө р г ө л д ө ө н ө ө
с э ж и г т э н т э й
а р и у т г а л т а й
д а р а н г у й л л ы н
о р о л д л о г о о с
с ү р д ү ү л г и й г
ү р г э э г ч э э с
т э р г ү ү л э г ч э э
з у р а г л а а ч и д
э р г э л з э э г э э р
и н т е р н э т и й г
б и о л о г и о с
х ө д ө л г ө ө н ө ө с
х а р ь я а л л а а с
з а л г а м ж л а л д
х ө р ө н г ө т н и й г
х ө д ө л г ө ө н и й г
о п е р а т о р а а р
и н т е р н э т э э р
э р г э л з э э н и й
з а х и а л а г ч т а й
а н г а а х а й г а а
х у в ь с г а г ч и й г
т а с а л г а а г а а р
с и й р э г ж и н г э э
г я л т г а н у у р т а й
б а р ь ц а л д а а н д
б а й г у у л а м ж и д
х у р и м т л а л а а р
э в д ч и л г ү й
д о н с о л г о о г о о р
х э л м э г д ч и х
и р в э г э н э ч и х
о в о о л о н г о о
г а д а р г у у т а й
т о в о й г о о с о й
о р о г н о ц г о о
д а р а н г у й л л ы г
х а р и у ц л а г а а с
х а м т а т г а л а а с
х о т ж и ц г о о
т ү р э э с л э г ч э э
и н т е р н э т т э й
х о ш у у ч л а г ч а а
ш у р г у у л г а т а й
м ө р г ө л д ө ө н ө ө с
д у р ы г
б а р ь ц а л д а а н ы
д а й ч и л г а а г а а р
и р в э г э н э м э г ц
а в х у у л а а с а й
х э р э г ц э э н э э с
з а л г а м ж л а л ы г
б я л д у у ч л а л ы н
т э р г ү ү л э г ч э э с
т э р г ү ү л э г ч э э р
х ү ч т э й
д у у н а а с
и р в э г э н э э с э й
д о н с о л г о о т о й
у х а г д а х у у н а а р
т ү р э э с л э г ч и й г
т э э в э р л э л т и й н
м а т е р и а л и з м д
м а н с у у р а л т а й
м ө р г ө л д ө ө н т э й
а в х у у л м а а р
а в х у у л м а г ц
т о х и ж у у л а л т а а
х о ш у у ч л а г ч а а р
м э т г э л ц э г ч и й н
и р в э г э н э л г ү й
т о г т в о р ж и л т о о
м ө р г ө л д ө ө н ө ө р
е р ө н х и й л ө г ч и д
б а д м и н т о н т о й
т э э в э р л э л т э э с
б а й г у у л а м ж и й г
т о х и ж у у л а л т ы г
б а й г у у л л а г а а р
т о г т в о р ж и л т ы н
б а р ь ц а л д а а т а й
х а м г а а л а л т т а й
т у с г а а р л а л т а д
р а ц и о н а л и з м ы г
т у с г а а р л а л т ы н
ц у г л у у л а г ч т а й
ч и ч и р х и й л л и й г
б а й н г а т а й
ш п а г е т т и н ы
з о х и ц у у л а г ч и й г
м а т е р и а л и з м а а
т у с г а а р л а л т а а р
х у в а а р и л а л т а а р
т у с г а а р л а л т т а й
р а ц и о н а л и з м а а
з о х и ц у у л а г ч т а й
ц э в э р л э г э э н э э с
е р ө н х и й л ө г ч и й г
е р ө н х и й л ө г ч ө ө с
е р ө н х и й л ө г ч ө ө р
р а ц и о н а л и з м а а с
ц а г д а а г и й н
д а р а н г у й л а г ч и й г
т э м д э г л э г э э г э э р
д а р а н г у й л а л т а й
и р в э г э н э е
б а р и в ч и л г а а н а а с
б о л о в с р у у л а л т т а й
б о л о в с р у у л а л т а а с
ү р ч л э э г э э р
э э т и й н г э э
у р и а г а а р
д у р а а р
т э в х э д ж э э
л а а г а а
я л г а а г а а р
х а р а а г а а р
