х а р а а г а а р
я л г а а г а а р
л а а г а а
т э в х э д ж э э
д у р а а р
у р и а г а а р
э э т и й н г э э
ү р ч л э э г э э р
б о л о в с р у у л а л т а а с
б о л о в с р у у л а л т т а й
б а р и в ч и л г а а н а а с
и р в э г э н э е
д а р а н г у й л а л т а й
т э м д э г л э г э э г э э р
д а р а н г у й л а г ч и й г
ц а г д а а г и й н
р а ц и о н а л и з м а а с
е р ө н х и й л ө г ч ө ө р
е р ө н х и й л ө г ч ө ө с
е р ө н х и й л ө г ч и й г
ц э в э р л э г э э н э э с
з о х и ц у у л а г ч т а й
р а ц и о н а л и з м а а
т у с г а а р л а л т т а й
х у в а а р и л а л т а а р
т у с г а а р л а л т а а р
м а т е р и а л и з м а а
з о х и ц у у л а г ч и й г
ш п а г е т т и н ы
б а й н г а т а й
ч и ч и р х и й л л и й г
ц у г л у у л а г ч т а й
т у с г а а р л а л т ы н
р а ц и о н а л и з м ы г
т у с г а а р л а л т а д
х а м г а а л а л т т а й
б а р ь ц а л д а а т а й
т о г т в о р ж и л т ы н
б а й г у у л л а г а а р
т о х и ж у у л а л т ы г
б а й г у у л а м ж и й г
т э э в э р л э л т э э с
б а д м и н т о н т о й
е р ө н х и й л ө г ч и д
м ө р г ө л д ө ө н ө ө р
т о г т в о р ж и л т о о
и р в э г э н э л г ү й
м э т г э л ц э г ч и й н
х о ш у у ч л а г ч а а р
т о х и ж у у л а л т а а
а в х у у л м а г ц
а в х у у л м а а р
м ө р г ө л д ө ө н т э й
м а н с у у р а л т а й
м а т е р и а л и з м д
т э э в э р л э л т и й н
т ү р э э с л э г ч и й г
у х а г д а х у у н а а р
д о н с о л г о о т о й
и р в э г э н э э с э й
д у у н а а с
х ү ч т э й
т э р г ү ү л э г ч э э р
т э р г ү ү л э г ч э э с
б я л д у у ч л а л ы н
з а л г а м ж л а л ы г
х э р э г ц э э н э э с
а в х у у л а а с а й
и р в э г э н э м э г ц
д а й ч и л г а а г а а р
б а р ь ц а л д а а н ы
д у р ы г
м ө р г ө л д ө ө н ө ө с
ш у р г у у л г а т а й
х о ш у у ч л а г ч а а
и н т е р н э т т э й
т ү р э э с л э г ч э э
х о т ж и ц г о о
х а м т а т г а л а а с
х а р и у ц л а г а а с
д а р а н г у й л л ы г
о р о г н о ц г о о
т о в о й г о о с о й
г а д а р г у у т а й
о в о о л о н г о о
х э л м э г д ч и х
и р в э г э н э ч и х
д о н с о л г о о г о о р
э в д ч и л г ү й
х у р и м т л а л а а р
б а й г у у л а м ж и д
б а р ь ц а л д а а н д
г я л т г а н у у р т а й
с и й р э г ж и н г э э
т а с а л г а а г а а р
х у в ь с г а г ч и й г
а н г а а х а й г а а
з а х и а л а г ч т а й
э р г э л з э э н и й
и н т е р н э т э э р
о п е р а т о р а а р
х ө д ө л г ө ө н и й г
х ө р ө н г ө т н и й г
з а л г а м ж л а л д
х а р ь я а л л а а с
х ө д ө л г ө ө н ө ө с
б и о л о г и о с
и н т е р н э т и й г
э р г э л з э э г э э р
з у р а г л а а ч и д
т э р г ү ү л э г ч э э
ү р г э э г ч э э с
с ү р д ү ү л г и й г
о р о л д л о г о о с
д а р а н г у й л л ы н
а р и у т г а л т а й
с э ж и г т э н т э й
м ө р г ө л д ө ө н ө ө
б я л д у у ч л а л д
м о д е р н и з м о о с
х а р у у с а л т а й
т а с а л г а а г а а
т а с а л г а а т а й
у д и р т г а л т а й
д у у д л а г а т а й
о в о о л м о о р
х о р в о о г и й н
и р в э г э н э в э л
о л б о р л о л т ы н
а н г а а х а й т а й
х о ш у у ч л а г ч и д
х а р и у ц л а г а д
э р г ү ү л э г т э й
э д э л г э э н э э с
а в ь я а с т н а а р
о н ц л о г и й г
з э в ү ү ц э л т э й
с ү р д ү ү л г э э р
т у н а д а с н а а с
а в х у у л с а н
д у л а а р а л г ү й
ш ү ү л т ү ү р э э с
х у й л а а с н а а с
б ө ө н д ө л г ү й
б у л и н г а р а а с
о ё д о л ч н о о с
о р о г н о з н о
д а а ж и г н а л ы н
б а х а р х а л т а й
ү з ү ү л э н г э э с
х э л м э г д ч и х
т о в о й з н о
д у р с а м ж и й н
н я г т а р ш л а а с
э э т и й ж э э
м а г а д л а л а а с
с и й р э г ж м э г ц
т у у р а й н а а с
м ө р г ө л ч н ө ө р
м ө г ө ө р с т э й
э м н э л э г т э й
ө ө р ч л ө л т т э й
х а р ь я а л л ы н
д а в т а м ж и й г
г о р ь д л о г о о р
ө ө р ч л ө г ч и й н
н и й л б э р э э с
ш у р г у у л г а а р
д у л а а р а н г а а
э м э г ч и н т э й
м а н д о л и н а а
с и й р э г ж в э л
ш о х о й ж м о г ц
д ү ү ж л ү ү р э э р
д а р х л а а г а а р
г а й х а м ш и г т
о ё д о л ч и н т о й
ө н д г ө в ч и й г
т ө с ө ө л л ө ө
х ө д ө л м ө р ө ө р
з ө р ч и г ч ө ө с
о п е р а т о р а а
н я г т а р ш л ы н
ө ө р ч л ө г ч ө ө р
ү ү р г э в ч э э р
н э м э г д л э э с
х э м н э л т э э с
з э в ү ү ц л э э р
з ө р ч и г ч и й н
н э м э г д л и й г
с о р в и о р
ф и л о с о ф и о р
з э в ү ү ц л и й н
з э в ү ү ц л и й г
х э в л э г ч и й г
о п е р а т о р т а й
ш ү р ш и г ч э э с
н и й л э м ж и й н
з ө р ч и г ч т э й
ү з ү ү л э н г э э
б ү л э г л э л э э с
х а р д а л т т а й
з а с в а р ч и н д
ш ү р ш и г ч т э й
д у у л а а ч и й н
д у у л а а ч и й г
т ө г с ө г ч ө ө с
х э м ж ү ү р и й г
д а й ч и л г а а г
п р о д а к ш н д
б а й л д а а н ы г
х у р д а т г а л д
б э л г э в ч т э й
х у р д а т г а л а а р
о р о г н о с о н
ш у у д а н ч и й г
х у л м а с н а а с
г а д а р г а а р
з у г т л а г а а с
м ө р д ө л т и й н
э з э м ш и л т э й
х э л м э г д э в
б а р и л г а т а й
а ж и л л а ч и х
а м ь с г а л а а р
ш ү р ш и г ч и й н
д а в т а м ж а а с
ё с о л г о о г о о р
х ө д ө л г ө ө н д
т о в ч л о л т о й
у с т г а г ч и й н
ш ү р ш и г ч и й г
б э л х ү ү с т э й
с у д л а а ч а а р
ц а х л а й н а а с
м э р г э ш л и й н
ү р г ү й д л и й н
х у у д а с н а а с
ш у м б а г ч и й г
у с т г а г ч и й г
т о х и р г о о н д
х а р в а л т а а с
б и е ж и л т э э с
ө н г ө л ө н г ө ө
ү ү р г э в ч и й г
з у г т л а г ы н
т э в х э д м э э р
ж а г с а а л а а с
к о м п а н и й г
д э л г ү ү р и й г
