ү р д
а я а
я в ц ы г
я в ц а а р
а д а а
ү ү г э э
э д э э
я в ц т а й
а д ы г
ж о р д
и ш и д
п и н г
е г ө ө д л и й н
б э р д
д у у н д
д ү н д
д о в ы г
д о в о о
а р г а а
э д э э с
д ү н г
п и н д
о р о г н о т о л
я а м а н д
а м т а а
а ш и г т
у д м ы г
з а й н
ө р ө ө г
ш а т н ы
з а в и а
я а м т а й
а л т н ы
ш а т ы г
ү ү т э й
у г ж а а
д а м ы н
н у м а н д
о с л ы г
о с л о о
б у т ы г
т а м ы г
т и в э э
о р м ы г
б у т а а р
л а а н а а с
о н о о г о о
о в о р т
х о ч и й г
у р и а н д
м о о д о о
х ү н и й г
а р г ы н
т о в ч о о
н а с а а р
х ө д с ө ө
э д и й н
г о л ы н
ц о м о о
о р м о о
а л т а а р
э г ч и д
б и е э р
х и р с т
к о д о о с
ө р ө ө г ө ө р
н а й з а а
ө в ө л д
и с г э э
г у я н ы
к о д ы н
э н д л э э
ү ү л э э с
д ү н з э э
а м т т а й
т ү ү х э э
х и р с э э
э н д э л д
у р и а н ы
ш ү д э э с
у р х и а
ц о м о о с
м ө н х ө д
н а с а н д
о в р о о
б у т н а а с
д э л э э р
э э л ж э э
ө д н и й
н о г т о о
э в с э л д
о н о ш о о
д а м а а р
ш а т а н д
н у р у у н д
б э р э э с
н у у р ы г
з а в и й г
и ч э э г э э
д а л а н г
ө в л ө ө р
б о г ц о о
а ш г а а р
с ү р э э р
ү р т э й
с у в а г т
ж и ч и й н
д а м а а с
х о н х о о
у г ж а а р
с у в д а а р
о в г и й г
б а д а г т
х а а н ы г
х а р а а г
х у р д а а
а р х и а р
ө р ц и й г
и ш т э й
а р х и й г
г о л о о с
ц а а с н ы
з а р г ы г
а в с т а й
ү н и й г
ө в л ө ө с
ү ү р э г т
х и р с э э с
а а л з а а
ү н э э с
э г ч и й н
с а в а а р
с ү с г э э
з а р а а н ы
х у я г т а й
х э л и й г
ц ө с ө ө р
с у в г а а
х а л и м д
д ү н г э э р
э в с л э э
б э р и й г
э н д л э э р
б о х и й г
с ү р э э с
т а л х ы г
ө ө х ө н д
х о в с ы н
о й г о о с
н у г а с а а
о й л т ы н
я н д а н д
г а л у у н д
х ү н д э э р
б э л т э й
б э л и й н
у я н г ы г
н а а л т а д
х ө ш ч и х
х а н ш а а р
с ү й т э й
ш а р ы н
х о ч т о й
з а р г а а с
ч у л у у г
б у у д л а а
ч а н а р ы н
к л у б и й г
б у у д а л д
о н о о г о о р
х о в о о г
о р м о о р
э х л э л д
м ө х ө л д
с у в г а а р
я а м н ы
а в с н а а с
ц а р а й н
з ү ү л т э д
ө р ц ө ө р
н у р у у н ы
у с т г а л д
у р и а н а а с
б а р ь ч и х
х ө р г ө ө р
ү е э л э э с
н э р и й г
н и й г э м д
ш у у р г ы г
э м э э л э э
т о в ч и н д
ө м ч и й г
п и н г э э р
э в э р т э й
у я н г а а с
з ө ө г ч ө ө
с о й з о о р
о р г и л о о
с э ж ү ү р т
ш у н а л ы н
м ө н х ө ө с
у у л ч н а а с
с а н а л ы г
т о в ч и й г
с а н а л ы н
ё ж л о л д
х а р а а н д
з ү л г э э р
э р х с и й н
х а ш а а н д
и л л э г э э
э н д л и й н
х о в с ы г
ш ү т э э н д
д у р а н д
т ү ү х и й г
х ө т ч и д
з ү л г э э с
у р л а г а а
к а р т т а й
н ө м р ө г т
г ү ү р н и й
з ү р х э э с
з ү р х э н д
г о р х и о
а р с л а н д
н у х ц а д
ү с ч н и й г
б о д л о о р
у с т г а л ы г
ж о д о о н д
ү й л д л э э
н и й ц э л д
х ү н д и й г
х ө ш д ө г
с у в г а а с
д ү н з и й г
д э э с и й г
т и т м и й н
т ө р и й г
с у у ц т а й
ү е э л э э р
т а н г о н д
ц а х л а й д
х ө ш т ө л
э в с л и й г
а ч л а л ы г
х а р а а н ы
у ц а а р а а
х у д г а а р
