о в р о о с
м э р г э э
г э р л э л т и й н
б ү л э г л э л э э р
у у р ш и л т ы н
о н о ш н ы
х ү н д р э л и й н
г о л о г д о л д
д а а ж и г н а л д
а я л г а а р
ч и в ч ү ү р э э
ш ү т э э н э э
м о д е л ь д
ү с ч н э э
а р д ч и л л а а с
ү г т э й
а ж и л т а н т а й
а м ж и л т ы г
ж о р о о р
т о х и ж у у л а л т а а с
е р т ө н ц и й н
з а р а а г а а
я д а р г а а н д
э м э г ч н и й г
т ү л э э ч н и й г
ш у м у у л т а й
х ү н д р э л э э р
а м и а р
з ө в л ө м ж ө ө
х у у л ь т а й
н у м т а й
т о г т в о р ж и л т т о й
ү г э н д
ш и л ж и л т э э с
у у с м а л ы н
ч и ч и р х и й л л э э р
а г у й д
ө р ө м д л ө г ө ө с
м э р г и й г
д а г а г ч а а с
у с т г а г ч и д
а х а а
ш а р д
б о г ц н ы
о в о р т о й
ц о ч р о л о о р
а д г у у с т а й
х ү н и й
б ө ө л ж с ө н д
м ө р г ө л ч и н д
д о л г и о н ы
у р в а л д
х о в и л ы г
ц э э ж э э
а г ш и л т ы г
ц у л б у у р ы г
у с т г а л ы н
н о г д л о о с
а я л г а а
т о в о й л г о
х а д у у р т а й
х э л л э г э э
н а с н а а с
м ө х ө л т э й
х у р и м т а й
н и й л э м ж и д
а ч а а н ы
л у у т а й
о с л о о с
п и н г э э с
г о р и м ы г
т ү л х ү ү р э э р
м э н г э н э э с
н у р у у н а а с
п р о д а к ш н а а р
ш а т а а
ү н с э л т э э р
о в о о л т о л
т а г т а а г
х и ч э э л и й н
т у л а а н т а й
з ө р ч и л д
к о с т ю м а а с
с а н у у л г ы г
ү н с э л т и й н
н ү д э н д
а в х у у л ъ я
б э л х ү ү с э э
х и ч э э л э э
т о м ь ё о г о о
м а н л а й л л а а р
д о г о л д л о о р
ү ү с л э э с
а ч а а н д
м ө р д ө л т ө ө с
а в с ы г
ө ө х и й г
х у ч л а г ы н
л а а н ы
г а д и л ы г
т а г т а а н а а с
ү г э э р
б а й г у у л а м ж а а р
к о н с у л а а р
д ү н з э э р
у л а н г и р ы г
д а р а н г у й л а г ч и д
х э л м э г д м э г ц
ф а ш и з м а а с
с а н у у л г а а р
б а я р а а с
б э л х ү ү с э н д
х а й р ц г и й г
х ө д ө л г ү ү р и й н
т а й л б а р л а г ч а а р
д а я а р ш ъ я
х у д г а а
а ж и л т н ы
ү з ү ү л б э р т
з э с э э с
х э л м э г д э г
д у у д л а г а а р
ш у р г у у л г а а
г о л о г д л о о
н ү ү д л э э р
д э м ж л э г т
т а в и у р т а й
у ц а а р т
х а р и л ц а а г а а
с а в л у у р а а р
ш у д а р г а д
к л у б э э
ж и ч э э р
х а р и у л т а д
л у у г а а
а в р а л а а
х э м н э л т и й н
о ё д о л ч и н д
г а л з у у р а л т а й
э д т э й
ц э н г э л д
с ү р д
з ө г и й г
з а р л а г а а с
х а ш л а г а а р
р а ц и о н а л и з м ы н
н э р д
д а р а н г у й л а л д
ү ү н д
х ө р г ө ө
а а л з а н д
б о х и о р
ж о д о о т о й
с а р х д а а с
х у в ь с а л т а й
х а г а ц л ы г
т о с о о
ё р о о л т о й
ч и в ч ү ү р и й н
х ө д л ө л д
з а с в а р т а й
с ү р э э
ш а т н а а с
д ү р э м д
х у р и м т л а л ы г
н о г д л ы н
б а й ц а а г ч а а р
с и с т е м и й н
д у л а а р а в
ш у р г а а р
ө ч и г д р ө ө р
ү й л д л и й г
р о б о т т о й
а м т а а р
с о р о н з о о р
у р г а м а л д
н у у ц л а л т а й
г у й л т ы г
т а н г о г
ч и м э э г э э р
г у й л т а а р
ш ө в х л ө ө с э й
а а л з н ы
р а д и а т о р т
о р о й г о о с
у р и л г а т а й
х э л л э г э э р
г о м д л о о с
с л а й д а а р
з у р а а ч и й н
г а р и г и й н
т о х и р г о о г о о р
у р а г ш л а а с а й
а ж и л т а н д
б у у р ц г а а р
х а й р ц а г т
ц и к л т э й
х о ш у у ч л а г ч и й г
м э т г э л ц э г ч э э с
х у р д а с г а г ч т а й
ц э э р т э й
х а ш л а г ы г
а в х у у л л а а
х а т а а г ч а а
т э в ч э э р э э с
т ө р ө ө с
у с т г а г ч а а с
х а н г а л т т а й
б и ч э э с э э
х а ш л а г а н ы
б а й г у у л а м ж и й н
б а р и в ч и л г а а г а а р
и н д у к ц э д
м ө р г ө л ч н и й
о л б о р л о л т о д
м а р к е т и н г т а й
г о р ь д л о г о т о й
б о с г о о р
т э м т э р ч э э
ө ч и г д ө р т
о р м о о с
а в с н ы
з о в л о н г о о
н а с т а й
д а в х р а а г
х а р у у л а а
д о р г и о н д
г а д а р г у у г а а
з а с в а р т
о р л о г ч о о р
т ү ү х э д
т а н г о н о о с
х а д у у р а а р
о в о о л ц г о о
а в ь я а с т а н д
я н д а н г и й н
с о н г у у л и а р
ү р г ү й д э л т э й
х ө л ө ө с
д ү н т э й
а в т о м а ш и н а а с
х у д а л д а а г а а р
п а с п о р т о о с
х э л м э г д ү ү л
х у у л ь ч и д
я н д а н г а а
б а р и в ч и л г а а г а а
а т о м о о
я н х н а а с
б ү л э г л э л д
ш а р а а р
а г у й т а й
у р и а г
ж и ч э э с
у д а м д
с ү й г э э с
х ө л т э й
ү н с э л т э э
ш ү л с э в ч э э
н э м э г д л э э
а ж и л т н ы г
х у д г а а с
ц у г л у у л а г ч и д
а р а а г а а р
м ө р д ө г ч ө ө р
б у р т г и й г
х а г а ц а л т а й
д а х и л т а д
б ү р э э с э н д
о в о о л о о с о й
х а р и л ц а а н а а с
б о г ц н о о с
м ө х л ө ө р
э э л ж и й н
х о р ь т о л
х а в ч л а г ы н
д о н т о н т о й
н у у ц л а л ы н
с а н у у л г а а с
х а р у у с л а а с
м а н с у у р л ы н
б а й д а л д
ү р г э э г ч э э р
т о г т о о л о о р
з а р а а г
х а р у у с л а а р
ц о о ж о о
ц и к л э э р
д а р у у л г а т а й
с у в д а а
х а н ш т а й
д а м т а й
х о р в о о д
д ү ү ж и н г и й н
х ө г ж и м ч н и й г
ц о ч р о л о о
а д а а с
х э р г и й г
ү з ү ү л э н г и й н
ү з э м ж т э й
ү с р э л т э э р
х а й л т а а
б у у д л а г а т а й
с у в а г т а й
м а т е р и а л и з м а а с
ш у м б а г ч а а с
с ү й т г э г ч и д
д у л а а р с а н
ш о х о й ж с о н
ү н с э л т э э с
т э в х д э э с э й
з а р л а г а а
ш ө в х л ө в
б и л е т и й г
з ө р ч л ө ө
з ү л г и й н
д у л а а р ч и х
д ү р м э э
а н к е т а а
т у л а а н д
ө г ө ө ш ө ө
я н х н ы
ө р ц ө ө
э в р э э
б о р ж и н т о й
з ө р ч и г ч ө ө
х а р д а л т а а р
т о в х и м л о о
н у у р т а й
э р д с э э с
х э л л э г э э с
ц а р а й г
ц и л и н д р э э р
ө с г ө л т ө ө р
х а м г а а л а л т а д
с ү л ж э э т э й
у р л а л т а й
б а д г и й н
б ү л э г л э л т э й
а в ь я а с т а н т а й
у л а н г и р а а
т у у л а й д
с а н а л д
б а т ж и л т т а й
ш о ш и й г
у р л а г и й н
с и с т е м д
г а д а р г у у г а а с
б о д р о л ы г
г а х и у р т а й
л у у с ы г
а р х и н д
о н ц л о г о о р
ү н э л э м ж и й н
х у в ь с г а г ч а а
х э л м э г д э э с э й
х у д а л д а а г а а
з ү ү л т э э
а х т а й
и р г э н и й
з а с в а р ч н а а с
ө ч и г д р и й г
н и й л э м ж и й г
у у р х а й т а й
х ө ш и л г ү й
ш у у д а н ч а а
т о г т о о л д
м а н д о л и н а а с
т э р г ү ү л э г ч т э й
э в д ч э э р э й
б а д м и н т о н о о р
а л д а р т а н т а й
н о г т н ы
ө р ө м д л ө г т э й
у р а г ш и л з н а
д а в х р а а н ы
с о н г у у л ь т а й
х э в л э г ч и й н
п у у ж и н г
б у т а а
э р д э м т н и й г
х ө л с л ө г ч и й г
х а с а л т ы н
ц а м х а г т
т у й л а а р
б о л ж м о р т о й
ү з ү ү л э н д
ш о х о й ж и н г о о
у р г а ц а а
и л г э э г ч и й н
д а р у у л г а а с
н и й л б э р т э й
р о б о т о о
и р г э н э э
г э м т л э э
г а й х а м ш г и й г
с о н г у у л и а с
ц а г д а а г а а с
л е к т о р т
х э л л э г т э й
х э м ж ү ү р и й н
х у р д а с г а г ч и д
а х м а д ы г
н о г д л ы г
д у р с а м ж т а й
ч а н а р ы г
д э л х и й г
д ү н з т э й
о р г о д л о о с
д о р г и о г о о р
б а р и в ч и л г а а н ы
т э в х э д в э л
с э д в и й г
т а р х а л т а а р
б и е ж и л т э э р
б о л о в с р у у л а л т а а
ц и р к и й г
а в х у у л
ч у л у у н ы
х а в ц л ы н
б э э л и й г э э р
х у р и м а а
ш и в н э э н э э с
а х м а д ы н
м э р и й л т и й н
к р е д и т и й г
х ө д ө л г ө ө н т э й
б о д о л т о й
х а й р ц а г т а й
с ү л ж э э г
х у л м а с н ы
с о н и р х л ы н
у р л а г а а с
м е д а л и й н
у л т а й
з э с и й г
х и й л ч т э й
т о в о й н г о о
х э р э г т э й
у я н г а а р
х а т а а г у у р а а с
з э с и й н
д а д л а г ы г
д а д л а г ы н
б и е ж и л т и й н
ц о о ж н ы
т о в ч л о л о о с
ө д и й г
ш ү л с э в ч э э р
х а р у у л т а й
х ө ш ү ү р г э э р
х ө д л ө л ө ө
х э р г э э
м а т е р и а л и з м т а й
у р а г ш и л т а л
м ө л ж л ө г и й н
м ө л ж л ө г ө ө р
з у р в а с ы н
к о д о о р
ш о х о й ж м о о р
н и й ц л э э р
а в р а л ы н
д у р т а й
с а в л у у р а а с
к у р с т
х а а л г а ч и й н
ө в д г и й г
т а р а а л т т а й
т о д о р х о й л о л т т о й
б о л о в с р у у л а л т ы н
у л а н д
б ө ө л ж с и й г
с о л и о р л о о с
т а р х а л т ы н
б э л э э с
д у н г а а с
ө с г ө л т ө ө
д у н г а а
у д и р т г а л ы н
п а с п о р т о о р
е г ө ө д л ө ө р
т и в д
ц о х и у р т а й
д а м ы г
с у у р и а
х у у р а й г а а р
х а н г а л т а а р
б э с р э г и й н
т ү р э э с л э г ч э э р
з ө в л ө г ч и й н
х а т а а г ч и й г
э в д э ч д э г
м о д е р н и з м о о
х о ч н о о с
л у у с н а а с
х а р и л ц а а н ы
э э т и й ч и х
х у д а л д а г ч а а
т ү л э э ч н и й
х а р в а л т ы г
з а р л а г ы г
и ж и л с л э э с
х о т ж и н г о о
ө р ц т э й
н и й ц л и й г
у д и р д а м ж и й н
ч и й г ш и л т э й
з ө ө г ч ө ө р
г а л л а л т т а й
х у д а г т
т а с а л г а а г
ц а м х г а а с
н и с г э г ч и й г
х у у р а й н
з о в л о н г о о р
б у у д л ы н
г о р и м ы н
ө м ч и й н
т а в и у р т
б ө ө н д м ө г ц
д и с к э э с
с и й р э г ж м э э р
т и т м э э р
д а л а н г а а с
д у у г а а р
м э р г э э р
д э л д
х у в и р л а а с
ж а я г а а р
д ү ү ж л ү ү р т
а м ь т а й
х э р э г ц э э т э й
с а н х ү ү ч э э р
а я ы г
т у р ш и л т а а с
т у р ш и л т а а р
ч и й г ш л э э
н а а л д ц а а
а н к е т а а р
н у у р т
х а л ь с н ы
к о ф е й н д
а м и а
я д а р г а а г а а р
а в р а л а а с
н ө м р ө г ө ө с
е р ө н х и й л ө г ч ө ө
з а с в а р ч н ы
н и й л б э р э э р
а р г ы г
б я л д у у ч л а л а а р
г а х и у р ы н
ц ө м ч т ө л
а н ч н а а с
ө н д ө г н и й
а в х у у л ц г а а
д а л а й ц т а й
э ш л э л д
г а л л а л т а а р
э р д с и й н
с а м п и н г
и ж и л с э л д
х о х и р л о о р
б а й г у у л л а г ы н
д у у г
б и о л о г и о
и н т е р н э т э э с
х э л м э г д ж э э
н я г т а р ш и л т а й
ц э э ж и н д
т а а з а а р
м э р г э н д
м э р и й л т э э
б а й л д а а н д
м а т е р и а л и з м ы г
а в х у у л м а а р
х у у л ь ч и й н
х у р а н д а а г и й н
ж а г с а а л т а й
г а д а р г у у г
у р и а т а й
н у г а с т а й
ж о р ы г
х о т о ж м о г ц
з а л у у р а а
н о ё н ы
х о р и в
б и о л о г и о р
х у у л б а р т
б а р и м т ы г
х э в л э г ч и д
х у н д
и л г э э г ч т э й
ө ө р ч л ө л т и й н
а р а а т а й
с и й р э г ж э э с э й
х э л м э г д м э э р
д у р с а м ж и д
х а г а ц л а а с
б у р т г а а
д ө н ж ө ө
м о д е р н и з м о о р
ц и к л э э с
ү з ү ү л э н т э й
д а р х л а а н а а с
ш ү л т т э й
ө с г ө л т ө ө с
д а я а р ш у у л
г я л т г а н у у р ы г
т о д о р х о й л о л т о о
х о т о ж ъ ё
м о д е р н и з м т о й
е р ө н х и й л ө г ч т э й
н а с ы г
с у у р ь т а й
ө ч и г д р ө ө
т а л х н а а с
г а д и л а а с
д у у т а й
о ё д о л ч н о о р
т а й л б а р л а г ч а а с
ц о м ы г
ү р и й г
ш а т а а г ч а а р
б а я р т
з а л г а а с н ы
у р г а м л а а
ү ү р г э в ч т э й
ё с о л г о о н д
б а г т а а м ж т а й
з ө в л ө г ч ө ө с
ц а л и н г а а
х а а л г а ч и й г
х э р с ү ү г э э
ү н с э л т и й г
а ж и л л а в а л
ж а г с а а л а а
д а д л а г а т а й
ч и ч и р х и й л л э э с
ө в л и й г
х а н д и в ы н
х а т а а г ч т а й
ү е э л д
а ж и л л а м а г ц
т а с л а л т ы н
х а г а ц л ы н
б а й н г а а с
ц о м г о о р
ш ү л с э в ч т э й
х ө г ж и л д
г э р л э л т э э
д а д л а г а д
д у у л г а н а а с
ш и й д в э р э э с
л у у н ы
б ө ө н д ч и х
г ү ү р т э й
ш и й д в э р т
о р о г н о м о г ц
о й д
м ө р г ө л ч н ө ө с
д а л а й ц а а
н о м л о л о о
х ө р г и й н
з ү р х н и й
з у г т у у л т а й
х у л м а с ы г
с у у р ь д
ц э в р ү ү н и й
д э л х и й г э э р
а м ь с г а л а а с
а м т а н д
ү с ч н и й
х ө р ө н г ө т н ө ө
д а й ч и л г а а н а а с
х ө д ө л г ө ө н и й
н а а д м ы г
ш у у д а й т а й
ү е э л и й г
с а р х а д т а й
х ө л г ө ө р
ц а х л а й н
б я л д у у ч л а л ы г
д о в т о й
д у у л г а а
т у л а а н ы г
п р о т о к о л т о й
а в ь я а с т н а а с
ц э в р ү ү г э э р
х о т ж и л г ү й
з а с в а р ы н
з о х и ц у у л а г ч а а р
з о в л о н г
о н о ш т о й
х э р э г ц э э н д
с у в г и й г
т э г и й н
х у р д а а р
т ө р ө ө р
ц э н г ү ү н э э с
н о г д о л д
м э н г э э р
х а с а л т ы г
ө в д г ө ө р
ц э э р т
х а р д а л т а д
о р о й г о о
н и с г э г ч э э р
м о о д о н д
н у г а с н а а с
н о г д о л т о й
ч а н а р а а
х а д у у р а а с
д о н т о й
т а м а а с
х э л л э г и й г
х а р и у ц л а г а а р
б а р ь я
ү й л д л э э с
с о й з т о й
м э н г э н и й
н ө ө ц и й г
б ү р г э д э д
з а р а а т а й
у д и р т г а л а а
т о о р м о с н о о с
у у р х а й н
а д т а й
э р г ү ү г
а я а р
б я л д у у ч л а л а а с
т э г т э й
х а ш л а г а н а а с
г а й х л ы н
х у д а л д а а т а й
х у а н л и а р
г а р и г а а
х э р э г ц э э г э э
т у н а д а с т а й
ө р ө ө н и й
э м н э л г и й н
б о х и н о о с
ү н и й н
д у л а а р м а г ц
м о д е л ь т о й
г а д а р г у у г а а р
д а л а й ц а д
у н ш и г ч и й н
б у у р ц г и й г
т а м а а
ш ү ү л т ү ү р т э й
с а н а а н а а с
у д и р т г а л а а р
а р и ф м е т и к т
д о л г и о г о о р
х ө л г и й г
т а й л б а р л а г ч и й г
ө н д г ө в ч и д
х ү ч и н д
у л а а р
б э с р э г э э
ш и й д в э р э э р
б э х э н д
у д и р д а м ж а а с
о в г о о с
т о в ч л о л ы г
о р л о г ч о о
д о л г и о н д
г у н и г т
к о м п а н и а
а в х у у л ц г а а
м е д а л и а р
х э м ж э э с т э й
о й г
х ө т ч и й г
а р г а а с
ө н г ө л ч и х
н я г т а р ш и л д
э н г э р э э
ш у м б а г ч а а р
т о м ь ё о н о о с
х ө д ө л м ө р т
х ө д ө л м ө р ө ө с
м ө р г ө л д ө ө н и й г
э р х с э э с
т о о р м о с о н д
ө ө р ч л ө г ч и й г
д у у л а а ч а а
з э м л э л э э р
б э э л и й г
ж и н л ү ү р э э
а д г у у с н а а с
д а р х л а а т а й
и н т е р н э т э э
н ө ө ц ө д
с э ж и г т н э э с
д а а ж и г н а л т а й
б и ч э э с т э й
ж ү ч э э г э э
х ү н д э т г э л д
м о о д н ы
я л г а а т а й
у р л а л а а с
ч и м э э н д
у р г а ц ы н
б у л и н г а р т а й
ш о х о й ж ч и х
л а а т а й
з ө р л ө г т э й
н ү х и й г
у я н г а д
ш у р г а а
с э ж и г т
х ө д ө л м ө р и й н
х а й л т ы г
д а в х а р г а а
б о г ц о н д
г а д и л а а
с а н у у л г а а
ш ү т э э н и й
х ө ш ү ү р г и й н
ш о х о й ж у у л
х э м ж ү ү р э э с
з о р и л т о о р
х и р с и й н
б ө ө л ж и с н ө ө с
ш о х о й ж и л г ү й
х а р д а л т а а с
х э л м э г д э л г ү й
з а й г
н о м л о л ы н
ш и л б э э
з а в и н а а с
з ө ө г ч и й г
г а з а р т
ш у у д а н ч и й н
м а с ш т а б а а с
х я н а г ч а а р
з а а г а а р
д у л а а р д а г
м е д а л и а с
д э л г ү ү р э э с
о р о м д
х а л и м ы н
с а н у у л г а д
э т г э э д э э р
б а р и в а л
с о р и л т о о р
а н ч и н д
о р л о г ч и й н
ж и ч т э й
д а р х л а а н ы
ү ү р г э в ч э э
ү ү с л и й г
х э р г и й г
к о с т ю м а а
а р и ф м е т и к т а й
т о н ш у у л а а р
м э т г э л ц э г ч и й г
д у у л а а ч а а с
з ү ү л т и й г
с ү р д ү ү л э г т
б а й л д а а н т а й
г у й л т ы н
м э р г э н э э с
х э л т э й
д а г а в а р т
ш э э с и й г
э г ч э э р
а ш г а а
б э л г э в ч и д
ц а ц р а г и й г
х э в л э л и й н
н а й р у у л а г ч и й н
у д м а а с
я л а г д а л т а й
т ө м р ө ө р
т э в х э д ч и х
х ү н д
г а д а р г ы г
м ө н х ө ө р
о р о г н о в
п р о т о к о л ы г
т э в х д ү ү л
п а с п о р т ы н
б а г ш и й н
х э м ж ү ү р т э й
з о р и л т о д
а в т о м а ш и н а а р
д э э в р э э
у с т г а л а а р
п у у ж и н т а й
с о н г у у л и а
у х а г д а х у у н ы г
ш о ш о о р
а л т н а а с
х у й л а а с а а
у г ж и н д
ё г т л о л о о с
н а й р у у л а г ч а а
с у у ц ы н
ц и к л и й н
д у у г а а
ө м ч ө ө с
с а в а а
а ж и л л у у л
х ө р ө г т э й
г а л у у н а а с
е г ө ө д л и й г
х а р и у л т т а й
ф и л о с о ф и й н
б о с г о т о й
ж о д о о г о о
э в д ч э э
х а м г а а л а л т а а
ү ү р э г т э й
к р е д и т э э р
х ө т ч ө ө р
э м э г ч н э э
д а я а р ш и в
у р х и н д
д а л а н г а а р
х у а н л и й н
н и й г м э э р
т о с т о й
а ч л а л д
а д г у у с а а р
ж ү ч э э н э э с
ц а р а й г а а р
х у р и м д
з а л г а а с а а р
л о г и к т о й
ж о р о о с
г а з р ы н
ц и р к э э
т а с л а л т а а
б о д о л т ы г
х ө д ө с т э й
м а р к е т и н г и й г
х а л и м а а
ү н э э
н э р и й н
х о н х ы г
н э м э г д л и й н
э з л э г ч и д
д э э в э р т
б а й д л ы г
х а г а р л а а
э р д с э э р
а л т ы г
ө в д г ө ө
ф и л о с о ф и о с
д о н т н о о р
д о н г о о с
б у у р ц г а а
е р т ө н ц и й г
э н г э р э э с
д ө н ж ө ө р
ц о х и о н д
ү н э т э й
э э т и й в
ц у г л а а н а а р
х у у д а с т а й
э н г э р т э й
т э м д э г л э г э э н и й
д ү н з н и й
ц ө с ө ө
х у у л б а р а а р
х а м т а т г а л ы г
а д г у у с а н д
и ш э э
к р е д и т т э й
с о р и л т ы н
т э м д э г л э г э э г э э
д у т а г д л ы г
н а й р у у л а г ч и д
д э э с э н д
ө д р ө ө
о р о г н у у л
б о д л о о
х а т а а г у у р т
е г ө ө г ө ө
с у у р и а р
о р л о г ч и й г
а н г и л а л т а й
у р а г ш и л м а а р
у р в а л ы н
н ө м р ө г и й н
х а й л т ы н
у у л ч н ы
х ө д ө л м ө р т э й
з а с в а р ч и н т а й
д и с к т
х а м т а т г а л а а р
т у р ш и л т т а й
з ө в л ө м ж ө ө с
в а л ь с а а
д о н г и й н
ш п а г е т т и а
з у л а й г а а р
к о с т ю м ы н
з ө р л ө г и й н
т а н г о г о о
у с т г а л а а с
ш у м у у л д
к о м п а н и т а й
д а р а н г у й л а г ч а а с
т а р х а л т а д
б ө г л ө ө н и й
д у т а г д л а а с
у р в а л т а й
б у т н ы
з ө г и й н ө ө с
с а в л у у р ы г
ү р г ү й д л э э р
м о д е р н и з м ы н
ц у г л у у л а г ч а а р
ү с р э л т и й г
ө д ө р т э й
б а й г у у л л а г а а с
с и н д р о м ы г
з а в и н д
т ү л э э ч и н т э й
с а в л у у р ы н
ө м ч ө ө р
ш ү л с э в ч и й г
у у л з в а р ы г
г о л о о
ц о м г и й г
с ү й т г э г ч э э р
х а г а р л ы н
т а а з а а
с о р и л т о д
ш у р а г т
а н а л и з ы г
б ө ө н д ү ү л
т о о р м о с ы г
я а м н а а с
у л а н г и р а а р
з ө в л ө м ж и й н
о п е р а т о р а а с
я л г а л т а а р
ц и р к э э р
с у у д л а а р
у у р ш и л т а а р
ө н г ө л ө ө с э й
б о х и н д
а в т о м а ш и н ы г
х а р д а л т а а
о р о г н о в
ү ү р г и й г
з э м л э л и й н
ш у н а л а а с
ө д ө ө
х а р ь я а л а л т а й
к о н с у л ы н
т ү ү х т э й
х о х и р о л д
д ү н г э э
з ү ү л т т э й
а в х у у л а н г а а
с а н а л т а й
г а з р а а с
б и л е т т э й
у д и р т г а л д
ж а г с а а л д
я н х н а а
т э н г и с т э й
с ү й г э э
я л а г д л ы н
н ү д н и й
д э л г ү ү р т
с и м ф о н и т о й
э т г э э д и й г
т а р х а л т ы г
х о т ж у у л
б о л ж м о р о о
и ш э э с
д э э с э э с
х у а н л и д
н ү д э э
э э т и й г э э с э й
м ө р д ө г ч ө ө
а н ч н а а
а т о м ы н
д а я а р ш в а л
с ү р т э й
х а р у у с а л д
ц о м о г т о й
а н ч н ы г
у р х и н а а с
з о х и ц у у л а г ч и й н
ц э э р э э с
а н а л и з а а р
х а р и у л т а а с
с а м у у н д
ш ү ү л т ү ү р э э
б о д л ы н
з а с в а р а а
т а й л б а р л а г ч и д
х ө д л ө л и й г
г и ш ү ү н и й
к а п с у л т а й
у у л з в а р а а р
х о в о о н д
т ү ү х э э с
б ү р г э д и й г
з а л г а м ж л а л а а с
х ө ш и ц г ө ө
и м э э
х э л э л ц э г ч т э й
э в с л и й н
з а с в а р ч н а а
х а с а л т а а р
д о в д
ж и ч и д
ө м ч и д
х ө г ж л и й г
б а й л д а а н а а
у р г а ц а а р
н э х и й г э э
х у д а л д а а н д
х а а л г а ч а а
я д а р г а а н ы
х у р и м т л а л а а с
о й г о о
х а ш а а г
д а л а й ч н ы
н и с г э г ч т э й
т а а з ы г
х ө л ө г т
э д э л г э э г
г а з а р т а й
ш у у д а н ч т а й
д а р а н г у й л л а а
з а а г т
б а х а р х а л д
а в т о м а ш и н д
м ө л ж л ө г т
х ү н д э д
з у г т л а г а а р
ё с о л г о о т о й
с у у д л а а
х а м т р а л т а й
х о ц р о г ч и д
х о ц р о г ч о о с
и н д у к ц э э с
ш а т а а р
т ү л э э ч н э э с
б ү р г э д э э р
б а т ж и л т ы н
т а х и а н ы
ш и л ж и л т и й н
з у р а г л а а ч т а й
с а р х д ы г
к а п с у л ы н
а м ж и л т ы н
т у н а д с а а
ж и н л ү ү р э э с
с и й р э г ж ж э э
э н г э р т
х и ч э э л э э р
т а л х а а
и л г э э г ч э э р
з ү р х э э
х а р и у л т ы г
ө м ч т э й
н а а л т а а р
г а х и у р т
б о л о в с р у у л а л т ы г
х э в л э г ч э э с
х ө л с л ө г ч ө ө р
х ө т ч ө ө
б и т ү ү л г и й н
о р г и л ы г
з у р в а с т а й
н у м н ы
ч у л у у н а а с
ш э э с э н д
д у л а а р а а с а й
о н о ш и й г
о в о о л ъ ё
т у л а а н а а р
м ө г ө ө р с ө ө р
а в а а р а а
м э р и й л т и й г
х э в л и й г э э с
э д э л г э э г э э р
ж и г ш л и й г
ү г н и й
о ё д о л ч н ы г
т ү л э э ч и н д
с ү с г и й н
к у р с э э
ө ө р ч л ө г ч т э й
д а х и л т ы г
б а й г у у л а м ж а а
г э р л э л т и й г
м э р и й л т э э р
м ө р г ө л ч н ө ө
ж а г с а а л ы г
ц ө м ч с ө н
ш у д а р г а а с
м ө р д ө л т т э й
ц э в р ү ү г
м э н д ч и л г э э н и й
о р м ы н
э в д ч и н г э э
э р г э л з э э н д
б ү р г э д т э й
т у с г а а р л а л т а а
д у р с а м ж а а с
э н д л э э с
т э э в э р л э л т э э р
ц а л и н г а а с
н а й з а а р
т ө р д
с а н а а н ы
э м э г ч н э э р
н э х и й г э э р
х у н т а й
д э э с э э
о в г и й н
г о р и м о о р
ө в ч н ө ө
г э м т э л т э й
ү р г э э г ч и й г
р а д и а т о р а а
х э м ж э э с и й г
п р о т о к о л о о р
э в д р э л и й н
д о н т н о о
х а р и у л т ы н
н а а д м а а р
н у м а а
х э л м э г д э н г э э
т э н ү ү л д
г а й х л а а р
б а р и л г ү й
я л г а л т а а с
б а р м е н э э с
у у с м а л д
т ө м р ө ө
т и т м э э с
с а н а а н д
т а й л б а р л а г ч и й н
б у у д л а а р
о р о й г
д у н г
х а д у у р ы н
ү ү л э н д
т а н г о г о о р
д э э с т э й
ц э в э р л э г э э г э э
х э р г и й н
р а д и а т о р а а с
т а с л а л т ы г
г о р ь д л о г ы н
с э ж г э э с
м а н с у у р л а а р
б э х н и й
т о в о й л г ү й
м э р г э ш и л т э й
з о р ч и г ч и й н
ц и к л д
х а л д л а г а т а й
ш у у д а н ч а а р
д ү р м э э р
у р г а м л а а р
х у у л и а с
х о р ь з н о
т ө г с ө г ч ө ө р
х у у р а й т а й
б а д г а а
б э л г э в ч н э э с
з о р ч и г ч и д
ш у м у у л ы г
х ү н д р э л э э с
х у р д а т г а л ы г
э х л э л э э р
ш у у р г а а
х ү ч э э р
б ү л э г л э л и й г
т о г т о о л ы н
у у л ч и н т а й
г и ш ү ү н э э с
г а л з у у р л а а с
б а р и в ч и л г а а н д
я н д а н г
б и е э с
т э в х д э в
б у л и н г а р ы г
э в д р э л э э р
з э м л э л и й г
з а с в а р а а с
б у у д л а г ы г
г о р х и н ы
б у у д л а г а а р
т э н г и с и й н
у р х и й г
д у г у й г
т э г т
з ө в л ө м ж т э й
б э л х ү ү с э э с
ц а ц р а г т а й
х у р и м а а с
о л б о р л о л т о о
ж о д о о г
х э л э л ц э г ч и й г
я в ц а а с
х ө д ө л г ү ү р и й г
ө в ч н и й
а д г у у с а а
ц о х и о н о о с
а х ы г
к а р т ы г
с о р в и н ы
о р о г н о ч и х
з о х и ц у у л а г ч а а с
ш и н э ч л э л т э й
г а л л а л т а д
ц э в э р л э г э э н д
к о м п а н и д
о л б о р л о л т т о й
х а р и у л т а а р
а г ш и л т а а с
б и е д
ё р о о л д
г а л з у у р л ы г
н и с г э г ч э э с
б о л з о о н о о с
у у л з в а р ы н
з а р а а г а а р
н а й р у у л а г ч а а р
ө н д г и й г
д о в о о р
у р л а г т а й
ш у у д а й г а а
х а д у у р а а
г у л с у у р ы г
а р и ф м е т и к а а р
ө р ө м д л ө г ө ө
м а н с у у р л а а
х э л э л ц э г ч и й н
х э в л э л д
т о м ь ё о н ы
а н г а а х а й д
э з э м ш л и й н
н о г д л о о
б у у д л а г а а
т у й л т а й
п у у ж и н г а а р
э р г ү ү л э г т
э э т и й д э г
к а п с у л а а р
т ү ү х и й н
у р а г ш и л м а г ц
н и й г э м т э й
э в р э э р
н у р у у г а а
к о ф е й н т о й
ө р ө ө н ө ө с
х ө г ж л ө ө с
г о р ь д л о г о о с
а р х и т а й
э м э г ч н э э с
х а р а а н а а с
а а л з ы г
и ч э э н э э с
ш ү р ш и г ч э э
х о р и м о о р
б и л е т э э с
д а л а й ц ы г
ц у у н а а с
з а р г а т а й
м а н л а й л л а а с
ш ө в х ө л м ө г ц
т и в и й н
ц у у т а й
б у л и н г а р а а р
т о м ь ё о г о о р
н ү ү д э л д
ц ө м ч в ө л
т у с г а а р л а л т а а с
ш п а г е т т и а р
б а р и в
х у у л и а
х а н ш и й н
у р л а л ы г
с а р х д а а
ц э н г ү ү н т э й
м ө р г ө л д ө ө н и й
а р х и а
ц а ц р а г а а р
д а г а в р а а р
а д м и р а л а а
е р т ө н ц ө ө с
ц а а с т а й
н ө м р ө г и й г
б и ч э э с э э с
л о г и к о о с
т ү л х ү ү р т
с о н и р х л о о р
х о р в о о т о й
а р а а н ы
м а н с у у р а л д
у р и л г а д
ж а я г а а
ү е р х л э э с
ж а н ж н а а р
у л а н г и р ы н
х а т а а г у у р а а р
о н о ш и н д
у р л а г а а р
т у н а д с ы г
т а м ы н
х а р и у ц л а г ы н
г о л т о й
э в д ч ү ү л
р а д и а т о р т а й
у р г а ц ы г
о р о г н о л г ү й
с о р о н з о о с
д ө н ж т э й
н и й ц э л т э й
и м э э р
х у у л б а р ы н
ө ч и г д ө р т э й
н а й м а а н д
ш а т а а г ч и д
т у у р а й г а а р
я а м а а
х а м г а а л а л т ы н
б а й ц а а г ч и д
х э в ш л и й н
ё с о л г о о н ы
э э т и й т э л
х о в о о г о о р
ш у р г у у л г ы н
б и е ж и л т э э
х э л э л ц э г ч э э р
у н ш и г ч и д
р а ц и о н а л и з м д
х у р д а с г а г ч а а р
г а л з у у р л а а
д ү ү ж и н г
а г у й г а а р
ш ө в х ө л т ө л
с у у д л ы г
д у г у й н а а с
г и ш ү ү н т э й
с о р у у л а а р
т э н г и с э э
с а м у у н т а й
д а г а г ч и й н
а д а д
ш и н э ч л э л и й н
з ө ө г ч и д
д у у д л а г ы г
х ү ч и й г
ж а н ж н а а с
х а я г и й г
б ө г л ө ө т э й
н ү х э э
ё г т л о л ы н
ш ү р ш ү ү р т
б э л и й г
б и т ү ү л г э э с
т е к с т э э
ө н д г ө ө р
с и й р э г ж ү ү л
э ш л э л э э р
з а р л а г а т а й
х э л э х ү й т э й
а н а л и з а а
э з л э г ч э э
с а м п и н г и й н
а я л г а а с
д э м ж л э г э э р
д и с к э э р
т о в х и м л ы г
г о м д о л д
о л б о р л о л т о о с
а д ы н
ё с о л г о о н о о с
и с г э э р
э з э м ш л э э
м о д е л и й г
х у ч л а г а т а й
а ч а а г
ш ү л с э в ч э э с
с ү с э г т э й
х у у л б а р а а
с у д л а а ч а а с
а р г а а р
э ц с э э
т о х и р г о о н ы
д ү ү ж л ү ү р и й н
а ч л а л а а р
у р х и н ы
у у л ч и н д
ц э в э р л э г э э т э й
м а р к е т и н г а а
х э л э н д
п у у ж и н г а а
ш у у д а й г а а р
х ө л ө ө
д ү ү ж и н д
х у р д н а а с
х о в о о т о й
д о н с о л г о о н о о с
н и й г м э э с
н у р у у г
а л т а н д
з ө в л ө м ж и й г
ш и л б э н д
а д м и р а л т а й
э р д э м т н э э с
м а р к е т и н г а а с
ц э н г э л и й н
ү н э э р
б а д м и н т о н ы г
х а л д л а г ы н
а в х у у л т а л
м ө р д ө г ч и й г
ү з э г д л и й г
м ө х л ө ө
х у д а л д а г ч и д
э э т и й м э г ц
т о х и р г о о н о о с
ш э э с н и й
х а я г т
б о о л т о о
а т о м ы г
г о м д л ы г
х а л и м т а й
ш ү л т э э
б ө ө н д ө в
ш о р о о н о о с
о в р ы н
ц о м д
ц э н г э л и й г
ө н г ө л м ө ө р
п р о т о к о л ы н
и р г э н э э с
д а л а й ч н ы г
ц о х и у р т
х а н ш и й г
х ө д л ө л ө ө с
е р т ө н ц ө ө р
к а р т а а
о п т и м и з м о о
а м и н д
ц а р а й н а а с
х у в ь с г а г ч т а й
б и ч э э с э н д
а р с л а н т а й
а м ь д р а л ы г
т и т э м д
с ү й г э э р
д а а ж и г н а л а а с
а ш г и й н
ц о х и о н ы
х ө л г ө ө
б э л г э в ч и й г
т ө с ө ө л ө л т э й
д а в т а м ж а а р
ц и к л и й г
б и ч и г л э л э э
ш ү ү л т ү ү р и й н
о р о л д л о г о о
ч и ч и р х и й л э л д
х э л м э г д ү ү л
б а д м и н т о н о о
т у у р а й г
б и ч и г л э л и й г
ү н э л э м ж т э й
т о г т о о л т о й
м э т г э л ц э г ч и д
л у у н д
э р г э л з э э г э э
ү з ү ү л б э р э э р
х э в л э г ч э э
м ө р д ө г ч и д
х э м ж э э с э э р
т о н ш у у л а а с
а р а а н д
з ү р х и й г
э м э э л д
х у в ь с г а г ч и й н
з о р ч и г ч о о р
х а с а л т а а
ү е р х э л т э й
б а й д л ы н
ш п а г е т т и т а й
д а в х р а а н д
х э в ш л э э р
х у д г и й н
я н д а н т а й
э в д ч и в
д о г о л д л о о с
э р г ү ү л г э э с
ө ө х ө ө
б ө ө л ж и с т э й
з ө р л ө г ө ө
т ө г с ө г ч и д
з ү р х т э й
м ө г ө ө р с ө н д
ц и р к т э й
я л г а а н д
х а л д л а г а а р
а в х у у л а а с а й
г у я н а а с
д а в т а м ж и д
х ө г ж и м ч и н т э й
н ү д т э й
т э в ч э э р э э р
а ж и л л а т а л
с и м ф о н и д
д а р у у л г ы н
у д и р д а м ж и д
ш у м б а г ч т а й
ц ө м ч ч и х
д а р х л а а г
ү г и й г
с ү р д ү ү л э г т э й
б у у д л а г а а с
з а р г а д
д у р с а м ж а а
а х а а р
о р о г н у у л
ц э э ж э э р
ц э ц э р л э г э э с
ш а р х а а
н э х и й д
з ө р ч л ө ө р
у р и л г а а
д а я а р ш м а г ц
а л т а а
ү н э л э м ж и й г
н ө л ө ө г ө ө р
о р л о г ч т о й
о й л т о о
ж а н ж и н т а й
ү ү л э э
г у л с у у р т а й
х и ч э э л э э с
з ө ө г ч т э й
а ч л а л а а с
ө с г ө л т и й г
к л и н и к и й н
э ш л э л э э
ү р г э э г ч э э
т о о р м о с о о
д а р а н г у й л а г ч а а р
ш ө в х ө л ь е
ө д ө н д
ү ү г
з ө р ч и г ч и й г
б э л г э в ч э э р
ү р г э э г ч т э й
о р о г н о м о о р
х э м ж э э с н и й
г а л у у г а а р
а в х у у л ш г ү й
с а м п и н г а а р
х а г а ц л а а
у с т г а г ч а а
с э д в и й н
д а р у у л г а д
н ү х э э с
я л г а а г а а
д а л а н д
у д м ы н
э э ж и й н
ү р г ү й д л и й г
з а р а а н а а с
х а ш л а г а а
м ө р д ө л т и й г
у х а г д а х у у н ы
т у р ш и л т ы г
т э э в э р л э л т э д
б и л е т э д
к о с т ю м а а р
х у в и р а л д
б а р и л г а а
ч а н а р т
э р д э м т н и й
т э н ү ү л э э с
х э р э г т э й
а в р а л а а р
э в д э ч т э л
г а д а р г а а с
б э с р э г э э с
а в х у у л у у л
б э л х ү ү с э э р
с о л и о р л о о р
м ө р г ө л ч и н т э й
т а с а л г а а н а а с
з а х и а л а г ч а а
с ү л ж э э н д
г э р л э л т э э с
ш у н а л а а
т э м д э г л э г э э н э э с
н а й з ы г
х а л ь с а а
х э м ж ү ү р т
б а р ь ц а л д а а г а а р
з а с в а р а а р
я л г а л т а а
х а л ь с ы г
д а я а р ш и ц г а а
т а с а л г а а н д
б а й л д а а н а а с
ц ө м ч и в
х у в а а р и л а л т ы н
н у у р а а с
б а й н г ы г
ж а я г а а с
х я н а г ч а а с
х у ч л а г а а с
о р о й н
з у р а г л а а ч и й н
б а а т а р т
ү р г э э г ч и д
б о г ц ы г
ш ү т э э н т э й
х у в ь с л а а
х а ш л а г а т а й
х а р д а л т ы н
ц а в у у т а й
а х м а д а д
ө р ө м д л ө г ө ө р
х а л д л а г а а
х о в с т о й
б а г ш и й г
с э ж г и й г
з ү л г э э
с ү с э г т
о н о о н д
ш о х о й ж д о г
д а х и л т а а
з а л г а а с а н д
ш ү д н и й
т э м т э р м э э р
х э л л э г и й н
с о л и о р о л д
с э ж ү ү р и й г
т у с г а а р л а л т ы г
ц у г л а а н а а с
м э н д ч и л г э э т э й
с л а й д а а
д а в х р а а н а а с
х ө г ж и м ч н ө ө с
з а й д
з ү ү л т и й н
ш о ш о о с
б а р и м т ы н
ү ү л э э р
о р о й г о о р
у у р ш и л т а а с
а р и ф м е т и к и й н
т а р а а л т а а с
ц э э ж т э й
т у н а д с а н д
х э м н э л т э э
а в х у у л т а л
ү р ч л э э г э э
б и ч э э с и й г
а н г а а х а й г а а р
х а д у у р ы г
ү р г э э г ч и й н
х у ч и л т а д
ш а р х а а р
т э м д э г л э г э э н д
ш а р а а с
з ө в л ө г ч ө ө р
с а м п и н т а й
п у у ж и н г а а с
т э э в э р л э л т и й г
у с т г а г ч т а й
с ү р д ү ү л г э э с
х о ц р о г ч о о р
а р с л а н г а а р
м ө р д ө г ч и й н
н а а л д а ц т а й
х э р с ү ү н д
ч и м э э г
а м ж и л т т а й
г ү ү р э э р
ш у р г и й н
х а л д л а г а а с
х ө р ө н г ө т ө н т э й
ш и л б э т э й
х а л д л а г ы г
и р в э г э н ү ү л
а н ч н а а р
с э ж и г т н э э
г о м д л ы н
а р а а г а а
х э л э х ү й г э э
б и ч и г л э л т э й
х а й л т а а р
о в р ы г
у л а н г и р т а й
т о х и р г о о г
ү з ү ү л б э р и й г
ц а м х а г т а й
ө р ө м д л ө г и й н
д а л а й ч н а а
ц э н г ү ү н и й г
э р д э м т н э э
ө н д г ө в ч ө ө
з о р ч и г ч и й г
э р г ү ү г э э с
д о н г
а в ь я а с т н ы
х э м н э л т и й г
т э э в э р л э л т э э
х у у л б а р ы г
н и д р ү ү л г и й н
а ш и г т а й
з э м л э л э э
ё р о о л ы г
а в ь я а с т н а а
с у у д л а а с
о р о г н о о с о й
с а в л у у р а а
с о р и л г о д
з а х и а л а г ч а а р
ш о р о о г о о
х э р с ү ү т э й
х у а н л и й г
ө д р и й н
и р г э н д
э э т и й м э э р
д а г а в а р т а й
ү р ч л э э н э э с
о й л т т о й
н у у ц л а л а а с
х а р ь я а л л а а
к р е д и т и й н
х у д а л д а а н а а с
г а л л а л т ы г
б о д и с о о
с ү й н
м ө л ж л ө г ө ө с
н у у р а а р
э з э м ш л э э р
х а л и м ы г
с ү й т г э г ч э э с
р а ц и о н а л и з м т а й
з ө р ч л и й г
х о в и л о о р
ү е р х э л д
к о ф е й н о о
г у й л т а д
л е к т о р ы н
б а й ц а а г ч а а с
т а й л б а р л а г ч т а й
у д и р д а м ж т а й
ө н г ө л ь е
о н о о т о й
з ү л э г т э й
х у р д а т г а л ы н
к о ф е г
м э р г э н и й
ж а я г и й г
м ө х л и й г
з ү ү л т э э р
о р о г н о ч и х
х ө т ч и й н
н ү х т э й
о р о г н о ё
е г ө ө д ө л т э й
б и т ү ү л г э э р
а в т о м а ш и н ы
с а в ы г
т э м т р э л г ү й
т э н г и с т
ш у у д а й н а а с
с э д в э э р
б а р и л г ы г
б э х и й г
у у л ч н а а
х у р и м т л а л д
т а г т а а т а й
ф и л о с о ф и т о й
ё г т л о л ы г
г а д а р г а а
х у в ь с а л д
т о с ы г
х у д а г т а й
л а а н д
м а р к е т и н г а а р
х а р и у ц л а г а т а й
с а в л у у р т
ү ү н э э с
х э л м э г д т э л
ц а м х г а а р
б и л е т э э
б а р ь ц г а а
о в о о л с о н
о в о г т о й
з у л а й г а а
с ү л ж э э н э э с
ф а ш и з м а а р
д ү н г и й н
т э м т э р в э л
ш у д а р г ы г
а х м а д т а й
о р о л д л о г ы г
м а г а д л а л ы г
г и ш ү ү н и й г
б о д о л д
х а г а р а л т а й
ш ү л т э э с
а т о м т о й
ч и ч и р х и й л л и й н
х у р д н ы
у у л з в а р т
д о н т н ы г
т о д о р х о й л о л т о о р
э в д э ч в э л
д у р н а а с
ц о м г и й н
д э л т э й
а м т н ы
д ү ү ж л ү ү р и й г
ч и ч и р х и й л л э э
д а я а р ш и н г а а
г а з р ы г
о в о о л д о г
х у р а н д а а д
ц ө м ч и л г ү й
т ө с ө ө л л и й н
о р о г н о с о н
ш ү л с э в ч и д
ж о р о о
б о л о в с р у у л а л т а д
х у у д с ы г
э х л э л т э й
г о р ь д л о г о о
х у н г
т э н г и с и й г
б о о л т ы г
г а л у у г
а в х у у л ч и х
д э э с н и й
ш у д а р г а а
д о л г и о н о о с
д о г о л д о л т о й
г о р х и н о о с
х ө л ө г т э й
э р д с и й г
э з л э г ч т э й
х а м т р а л ы н
о р о г н о в о л
д у л а а р в а л
г а л з у у р л ы н
ө д р ө ө с
н и д р ү ү л г э э с
н э р э э р
т э м т э р ь е
х и ч э э л т э й
с у в д ы г
г а р и г а а р
ц а л и н г и й н
х о н х н ы
б ө ө н д т ө л
ж и г ш л э э с
б э с р э г э э р
у р г а ц а а с
д э л г ү ү р э э р
т о с о о р
а н к е т а а с
х я н а г ч и й г
х э л э х ү й н
д э л х и й д
д э л и й г
п р о т о к о л о о с
и л л э г т
с о л и о р о л т о й
ш у м б а г ч и й н
з а л г а а с н а а с
т э м д э г л э г э э т э й
о й л г о л т о о р
з а а г т а й
т о о р м о с о о р
х э р с ү ү н э э с
д у у д л а г а д
б о л ж м о р о о р
у у л з в а р а а с
а м ь с г а л ы г
а я л г а д
г э м т л и й г
а м ь с г а л а а
г и ш ү ү н д
г о л о г д о л т о й
б а я р а а
з ү ү л т э э с
т о в ч и н д
и ш и д
с и м ф о н и о с
н о г т о н д
з а р л а г а д
а а л з а а
и ж и л с л э э р
х и р с э э
с э ж и г т э н т э й
б а д г а а р
б а р и л г а д
а д м и р а л ы г
б о с г о д
г а д а р г у у т а й
о р г и л о о
м а т е р и а л и з м а а
о р о м ж т о й
с и й р э г ж и н г э э
ц а г д а а г и й н
э м н э л э г т
х а р а а г а а р
х о н х н о о с
з э м л э л д
ш у у р г а н а а с
д о в о о
х а н ш а а р
ж и ч и й н
с а м п и н г а а с
ш э э с э э с
з а л г а м ж л а л ы г
т о в ч и й г
э м э г ч н и й
ц а х л а й н а а с
т э н ү ү л т э й
б э л и й н
м а н д о л и н а а
ц э ц э р л э г т
э э т и й ж э э
ү р ч л э э т э й
х о р в о о г о о р
б и е л л э э с
б ө ө н д м ө ө р
б а д м и н т о н т о й
т и в э э
ц о ч р о л ы г
б ү л э г л э л э э
о н ц л о г т
а р г а а
и р в э г э н э м э г ц
а н г а а х а й т а й
ү з э г д л и й н
х о т ж и л т ы н
э р г ү ү г э э р
ц о м о о с
д у у л а а ч и й г
о н о ш н о о с
д э э в э р т э й
а р х и й г
н у х а ц т а й
а н а л и з т а й
н э р и й г
б а р и л г а т а й
ү р д
х ө д ө л м ө р ө ө р
б о д л о о с
х а м г а а л а л т т а й
ё ж л о л т о й
ж а я г и й н
п и н г
м ө н х ө д
б у у д а л т а й
з о х и ц у у л а г ч и й г
х ү ү х э л д э й н
и ч э э г э э
м э р г э ш и л д
б о д р о л о о р
б э л х ү ү с т э й
н о г т н о о с
н э м э г д л и й г
ж о о т у у г а а р
з а р ч и м т а й
б э л д
д э л э э р
д у л а а р а л г ү й
д ү ү ж л ү ү р э э р
э м н э л г э э
о й л г о л т о д
м а с ш т а б т
ш ү т э э н д
з у р а а ч а а с
а в с т а й
ц у г л у у л а г ч т а й
т э р г ү ү л э г ч э э р
б и е л л э э р
б и ч э э с н и й
а р х и а р
х а л ь с т а й
г о л ы н
х а р ь я а л л а а с
с о й з о о р
б а х а р х л ы г
э в с л э э
з э в ү ү ц э л д
ф и л о с о ф и о р
х у р и м ы г
н о г д л о о р
б а д а г т
т у у р а й н
б о д л о о р
т е к с т и й н
и с г э э
э т г э э д э э
с у у р и а с
у р и а н д
х а л и м д
х ү н д р э л и й г
ө г ө ө ш и н д
э э л ж э э
ү с ч н и й г
м ө р г ө л д ө ө н ө ө р
х и й л ч и й г
д о н с о л г о о г о о р
х ө р г ө ө р
д о в ы г
д ү н г э э р
н и й г м э э
ү й л д л э э
с у д л а а ч а а р
т у р ш и л т а а
м ө р д ө л т ө д
д ү ү ж и н г э э
ш ү д э э с
б и о л о г и о с
л а а г а а
х э л м э г д э в
о л б о р л о л т ы н
ү е э л э э с
х о х и р л ы г
х о ш у у ч л а г ч а а р
а ч л а л ы г
т э э в э р л э л т и й н
б а р ь ч и х
у с т г а л а а
х ү н э э с
х у в а а р и л а л т а а р
х ү н д р э л д
ц и р к и й н
ж и г ш л э э р
к о д о о с
г э р л э л т э э р
д у р с а м ж и й н
э х л э л д
г а й х л а а с
е р т ө н ц ө д
н и й г э м д
м о о д н о о с
б а д а г т а й
ө ө р ч л ө г ч и й н
и л л э г э э
г а й х л ы г
ц а в у у г а а
х а р и у ц л а г а д
д э э с и й г
ж а н ж н а а
б ү р э э с э э р
у р и а н ы
о п е р а т о р ы г
и н д у к ц и й н
г а л у у н д
а м т а а
ч и й г ш л э э с
х у у р а й д
о й л т ы н
н у у р ы г
ө в ө л д
т а н г о н д
н а й м а а г а а р
э д э э с
а ж и л л а ч и х
ё р о о л о о р
п и н г э э р
д у р а н д
э з э м ш и л т э й
э в д р э л т э й
м ө р г ө л д ө ө н ө ө
г а х и у р а а
ц о х и о г о о
н и й л б э р э э с
у я н г ы г
н а а л д ц а а с
а н г и л а л д
ж о д о о н д
ш ү т э э н э э с
е р ө н х и й л ө г ч ө ө с
д а й ч и л г а а г
ш у д а р г а а р
ц и л и н д р э э с
д ү н г
ш а т а а г ч т а й
б у у р ц г и й н
е р ө н х и й л ө г ч и й г
у у р х а й г а а
ш п а г е т т и н ы
х а р а а г
ц а а с н а а с
х а л д л а г а д
г о л о о с
г я л т г а н у у р т а й
х у у л ь ч а а с
с у д л а а ч и д
б а р и в ч и л г а а н а а с
б и е л л э э
д а х и л т а а с
а г ш и л т а а р
ш у н а л т а й
б а р ь ц а л д а а н ы
х о в с ы н
х у л м а с т а й
р а ц и о н а л и з м а а с
у у р ш и л т ы г
а л х а а г а а р
э в д э ч ч и х
х э л м э г д ч и х
э н д э л д
б а й г у у л а м ж и д
б а р ь ц а л д а а н д
ш ү р ш и г ч и д
к а п с у л а а
ү р ч л э э г э э р
ө ө х н ө ө с
х а в ц л ы г
т ө р и й г
б а й н г а т а й
э э л ж э э с
х ү ч т э й
х о р и в о л
у с т г а л т а й
д а в т а м ж и й г
я л г а а г
т о в о й з н о
х у в ь с г а г ч и й г
м ө л ж л ө г и й г
б а р и м т а д
т у у л а й г
м ө г ө ө р с т э й
у ц а а р ы н
х у в ь с л а а р
о й л г о л т т о й
б а й н г а а
с э ж ү ү р т э й
г у л с у у р а а р
з ө р ч и г ч ө ө с
з ү р х и й г
у н ш и г ч т а й
б а г ш а а с
д о г о л д о л д
н я г т а р ш л ы н
т э р г ү ү л э г ч э э
а р г а т а й
з ө р ч и г ч т э й
х у й л а а с н а а с
ц а х л а й г
д о р г и о н ы
б а р м е н д
т э в х э д ь е
т о н ш у у л а а
ө ө х ө н д
х а н г а л т а а
и л л э г т э й
с о й з о н д
с ү р д ү ү л г э э р
и н т е р н э т т э й
э г ч и д
ш о х о й ж в о л
ө г ө ө ш н ө ө с
х э р э г ц э э г
г а й х а л д
х у у л ь ч а а р
з у г т у у л а а
о р о г н о т о л
э э т и й н г э э
н а й з т а й
б ө ө н д в ө л
с о р и л т т о й
ф а ш и з м д
ү з ү ү л э н г э э
г а х и у р а а р
д а г а г ч и й г
х а р у у с а л т а й
э д э л г э э н и й
э м э э л э э
ш у м б а г ч и д
н и й ц э л д
т а л х ы г
д а г а в р а а с
з а й н
х э р с ү ү г э э р
а р г ы н
г о р ь д л о г о о р
и р в э г э н э в э л
з а а г и й г
х ү ч н и й
х о ш у у ч л а г ч и д
ш у у р г а т а й
д у р ы г
д а м ы н
з э в ү ү ц л э э р
с о р в и о р
а м ь с г а л а а р
э р д э с т
с и й р э г ж м э г ц
т ү ү х э э
т ү л х ү ү р и й г
х у я г т а й
г а л у у г а а
н ө л ө ө н ө ө с
с л а й д а д
г у л с у у р а а
н о м л о л т о й
а р и у т г а л т а й
д э э в р и й г
ж ү ч э э н д
х а н д и в а а р
ц у л б у у р а а с
т э м д э г л э г э э г э э р
ү с р э л т э э
ө р ө ө г ө ө р
х о ч и й г
а ш г а а р
д а м а а р
з а л у у р а а с
ц ө с ө ө р
б а т ж и л т а д
д у р а а р
б ө ө н д с ө н
я в ц т а й
з а р г а а с
х и ч э э л д
м а н с у у р а л т а й
б я л д у у ч л а л ы н
а г ш и л т т а й
б а х а р х л ы н
г ү ү р н и й
ү з ү ү л э н г э э с
н ө м р ө г т
д а р у у л г а а р
д у н т а й
х а р и у ц л а г а а с
о в о о л о н г о о
у у р ш и л т а а
д у у д л а г а т а й
а н г а а х а й г а а
к о м п а н и й н
м а н д о л и н ы
б э р д
ш а т н ы
у д м ы г
б а х а р х а л т а й
н ө м р ө г т э й
з а р а а н ы
т э в х э д ж э э
м а г а д л а л а а с
х а л ь с а н д
н я г т а р ш л а а с
д у у л а а ч и й н
д а р а н г у й л а г ч и й г
с л а й д ы г
х а м т а т г а л а а с
х о р в о о г и й н
ж и г ш и л т э й
б у т н а а с
з ү р х э э с
я а м т а й
г а д а р г ы н
б ү л э г л э л э э с
с у в а г т
х э л м э г д ч и х
ш у у р г ы г
с и н д р о м т о й
д а р а н г у й л л ы н
у ц а а р т а й
а в х у у л а в
х о в с ы г
д ө н ж и й г
а в х у у л м а а р
е р ө н х и й л ө г ч ө ө р
х а р д а л т т а й
м а с ш т а б ы н
г а д а р г а а р
х у л у у н а а с
с э ж ү ү р э э р
э р г э л з э э н и й
ш о х о й ж м о г ц
б а й г у у л а м ж и й г
х о в о о г
х а й р ц г а а с
ш у у д а й н
м о д е р н и з м о о с
э м э э л и й г
ш и в н э э т э й
д а х и л т ы н
ш ү р ш и г ч т э й
ө ө р ч л ө г ч ө ө р
б у р т г а а р
д ү н д
ш у р г у у л г а т а й
д а х и л т а а р
х у й л а а с ы г
ч у л у у г
ө н д г ө в ч и й г
т е к с т э э р
т а с л а л т т а й
э д э э
ү с р э л т и й н
б а р и м а г ц
х у н г а а с
т ү р э э с л э г ч э э
б у у д а л д
х а р в а л т а а с
ш у р г у у л г а а р
э д э л г э э н э э с
к л у б и й г
а я а
п р о д а к ш н д
б о с г о о с
с о й з н о о с
н у м а н д
т у с г а а р л а л т а д
я л г а а г а а р
с а н а а т а й
ж о р д
с и м ф о н и й г
т о н ш у у л т а й
б о л о в с р у у л а л т т а й
б о л о в с р у у л а л т а а с
н и д р ү ү л э г т
н и й л э м ж и й н
к у р с и й г
м о д е л и о р
х а м т р а л а а р
б о л ж м о р т
т а р а а л т ы н
с а н а л а а с
и н т е р н э т и й г
т у у р а й н а а с
и л л э г э э с
ө р ц и й г
х у й л а а с а а р
н а а д м а а с
з а с в а р ч и н д
б ө ө н д ө л г ү й
ө ө р ч л ө л т т э й
с а н а л ы г
я а м н ы
д э л г ү ү р и й г
с и й р э г ж в э л
т а в и у р а а с
д а м а а с
б а р ь с а н
т а с а л г а а н ы
г а р и г т а й
х ө д ө л г ө ө н ө ө с
ш а р ы н
б у л и н г а р а а с
с ү л ж э э г э э р
ү р ч л э э г
х а ш а а н а а с
з ү ү л т э д
н а а л т а д
х а р а а н д
у я н г а а с
б а й л д а а н ы г
х о т о ж ч и х
х о р ь с о н
б о д и с т о й
м о д е л и й н
с ү й т э й
х э л и й г
х а р у у с л ы г
г у я н ы
а в с н а а с
м ө р г ө л д ө ө н т э й
г а х и у р ы г
ш и л б э н и й
б а р и л г а а с
т у с г а а р л а л т а а р
р о б о т ы н
т а с а л г а а т а й
т а с а л г а а г а а р
б у р т г а а с
б а д м и н т о н ы
х ө г ж и л т э й
э р д э м т э н д
с о р о н з т о й
х э в л и й г
у с т г а л д
т о в х и м л ы н
с у у ц а д
д а в т а м ж а а с
я н д а н г а а р
т э в х э д м э э р
м ө н х ө ө с
х э в л э л э э с
с и м ф о н и о
ө м ч и й г
з э в ү ү ц л и й г
э в с л и й г
а м л а л т а а р
ө в д ө г н и й
ү н э э с
г у л с у у р а а с
д ү ү ж и н г э э р
ц о о ж и й г
у р х и т а й
ф а ш и з м ы г
ш ү р ш и г ч и й н
у р и а г а а р
ш ү ү л т ү ү р э э с
ш и л ж и л т э э р
т о в ч о о
у г ж н а а с
х ө г ж и м ч н и й
к а р т т а й
з э в ү ү ц э л т э й
б э э л и й г э э
б а р и м т а а р
б у т а а р
т а р х а л т а а
х у р д а т г а л а а р
ё с о л г о о г о о р
з ө р ч и г ч и й н
а х м а д а а с
и р г э н э э р
л а а н а а с
т а г т а а н ы
о р м ы г
ч а н а р а а р
а д а а
ж а г с а а л а а с
т а р а а л т ы г
ш ү р ш и г ч э э с
ж о о т у у г а а
д а р х л а а г а а
м ө р д ө л т и й н
н ө л ө ө н и й
з ө в л ө м ж ө ө р
з ө ө г ч ө ө с
с у в д а а р
х у а н л и а
т о х и ж у у л а л т а а
у у р х а й н а а с
к о ф е г о о р
ү ү т э й
ө с г ө л т и й н
т о х и ж у у л а л т ы г
с а м у у н а а р
а л д а р т н ы
о п е р а т о р а а
х у р и м т л а л а а р
х а ш л а г а н д
ү ү р г э в ч и й г
я в ц ы г
м э р г э ш л и й н
т у у р а й т а й
х ө ш т ө л
о п е р а т о р т а й
б о р ж и н д
х ө р г и й г
ч и м э э т э й
х а р в а л т а д
д а р х л а а г а а р
ө г ө ө ш н и й
х а ш а а н д
х ө д ө л г ө ө н и й г
б а й л д а а н ы
а л х а а н а а с
а ш и г т
у г ж н ы
х э л м э г д э в
х и р с э э с
к о ф е й н о о с
з а х и а л а г ч т а й
б о л з о о г о о р
х и ч э э л и й г
а л т а а р
х ө д с ө ө
а м ж и л т а а р
х э р э г ц э э н э э с
з ө ө г ч ө ө
у г ж а а р
м э т г э л ц э г ч и й н
ч и й г ш л и й н
д у у н ы
т ү л х ү ү р и й н
м э р и й л т э д
а в а а р ы г
с у в г а а с
у д и р т г а л т а й
т у н а д а с н а а с
ү ү л э э с
ж а н ж и н д
о н о ш о о
с у у ц а а с
г а л у у т а й
у р в а л а а р
ө р ц ө ө р
о ё д о л ч и н т о й
р а ц и о н а л и з м а а
с ү р э э с
б о д о л т о д
б и е л э л д
а х м а д а а р
з ө в л ө г ч и д
ч и в ч ү ү р т э й
о р о г н о з н о
м ө р г ө л ч н ө ө р
б о д р о л о о с
о н о о г о о
о н о о г о о р
с а н а а г а а
б о л з о о г
ө р ө ө г
ш и в н э э г э э
з а р л а г ы н
н а й з а а
э р х с и й н
н а с а а р
т у с г а а р л а л т т а й
с о р в и н о о с
х а л ь с а а р
х у р д а а
е г ө ө д л и й н
х о т о ж в о л
д э м ж л э г э э с
д а а ж и г н а л ы н
х а г а р а л д
ш у м б а г ч и й г
ц а ц р а г а а с
д у г у й т а й
с и с т е м э э р
н у г а с а а
ц э в э р л э г э э н э э с
ш о р о о т о й
о в г и й г
з о х и ц у у л а г ч т а й
ү н э л э м ж э э р
х а а н ы г
х э м н э л т э э с
б ө г л ө ө г ө ө р
з э в ү ү ц л и й н
с э ж и г т э н д
з ү л г э э р
о н ц л о г и й г
м а р к е т и н г т
а л д а р т н ы г
о р о л д л о г о о с
о р о г н о с о н
а в ь я а с т н а а р
ц а г д а а г а а р
х э в л и й д
д а л а н г и й н
э г ч и й н
ж о о т у у н д
у р и а н а а с
с о н и р х о л д
х ө т ч и д
я а м а н д
о р л о г ч о о с
ц а в у у н а а с
и л г э э г ч и д
з у г т у у л а а р
б э э л и й д
э д и й н
х а н д и в ы г
с а в а а р
я н д а н д
з ө в л ө г ч и й г
д а г а г ч т а й
б и о л о г и д
ш у н а л ы н
и р в э г э н э э с э й
б а р и м т т а й
з о р и л т ы н
ш а т а н д
а д г у у с ы г
х ө ш ү ү р г и й г
у р л а г а а
а в х у у л м а г ц
д у у н а а с
э р г ү ү л э г т э й
ү е э л и й н
б и е ж и л т э э с
б о х и й г
к о ф е й н о о р
с о р в и о
г а х и у р а а с
м а т е р и а л и з м д
х ө л с л ө г ч и д
з ө г и й г ө ө р
х ө р ө н г ө т н и й г
р а ц и о н а л и з м ы г
х у р д а т г а л д
ө н г ө л д ө г
т а в и у р а а
м ө р г ө л д ө ө н ө ө с
о р о л д л о г ы н
ү е э л э э р
ш у у д а н ч и д
а л т н ы
б э л т э й
ү р г ү й д л и й н
ө в л ө ө р
д а р а н г у й л а л т а й
т ү ү х и й г
т у л а а н а а
у л а н г и р а а с
ш ү р ш и г ч э э р
х а р а а н ы
и с г и й н
х а н д и в т а й
у с т г а л ы г
б у у д л а а
я л г а л т ы н
х о ш у у ч л а г ч а а
т о в о й г о о с о й
б а р м е н и й
з о р ч и г ч о о
в а л ь с а а р
ш и л б и й г
ө в л ө ө с
с э ж ү ү р и й н
х у й л а а с н ы
с э ж ү ү р т
х у л м а с н а а с
з ө р л ө г ө ө р
ш у у р г а а р
г а р и г а а с
т ү р э э с л э г ч и й г
д а л а н г
а ч а а н а а с
ш ө в х ө л ч и х
э м э г ч и н т э й
н и й ц л э э
н у р у у н ы
х э в ш л э э с
т у л а а н ы
у с т г а г ч и й г
х у у д с а н д
з ө р ч л ө ө с
э з л э г ч и й г
ш а т ы г
к о д ы н
н а с а н д
э н д л и й н
э р г э л з э э г э э р
г а й х а м ш и г т
х а м т р а л ы г
х у ч и л т а а р
ү ү р э г т
ү р г ү й д э л д
и р в э г э н э ч и х
б у у д л а г ы н
н у х ц ы н
б и е э р
х о ч т о й
х ү н д э э р
н у р у у н д
х у у р а й г а а
о с л ы г
т а х и а г а а р
с у у ц т а й
х э р г и й н
ч и ч и р х и й л л и й г
х а р ь я а л л ы н
з ү л г э э с
я л г а л т а д
ё с о л г о о г о о
о с л о о
ү ү г э э
ү ү с э л т э й
х а я г а а с
ү й л д э л т э й
н о ё н т о й
х а м т р а л а а с
т е к с т т э й
с о р и л т о о
у р а г ш и л с а н
д у л а а р а н г а а
э н д л э э
д о н с о л г о о т о й
ц о х и у р а а с
н а й м а а т а й
з у г т у у л д
х ө ш ч и х
ү ү р г э э р
с а в н а а с
т у у л а й н
э н д л э э р
ү н и й г
х ө г ж л и й г
у у р х а й г а а р
ш а т а а г ч и й г
з а в и й г
з у г т л а г ы н
ц а х л а й д
с ү с г э э
т ө с ө ө л л ө ө
т э э в э р л э л т э э с
э в д р э л и й г
ү р т э й
з у л а й т а й
л о г и к и й г
ч а н а р ы н
у у л ч н а а с
х у у л ь ч а а
а в х у у л а а с а й
и н т е р н э т э э р
к о ф е й н ы г
н и с г э г ч и д
у с т г а г ч и й н
т э р г ү ү л э г ч э э с
д а р а н г у й л л ы г
д о л г и о г о о
б а р и м т а а с
ц а р а й н
х я н а г ч и й н
т а х и а г а а
ц о м о о
к о ф е н о о с
х ү н д и й г
з у р а а ч и й г
х у д г а а р
б ү р э э с т э й
д у у н д
о в р о о
х ө ш м ө г ц
я в ц а а р
т у л а а н а а с
ч и м э э г э э
п и н д
б а р и л г а а р
с у в г а а р
т о г т в о р ж и л т о о
б я л д у у ч л а л д
с а н х ү ү ч э э
ш о х о й ж т о л
я л г а л т т а й
у г ж а а
а м л а л т а а
б а й г у у л л а г а а р
б а р м е н э э р
и р в э г э н э е
ё ж л о л д
х о р ь ё
о р м о о
н э х и й г э э с
х о т о ж с о н
с ү р э э р
с у у р и й н
э н г э р и й г
х ө г ж л и й н
к о м п а н и й г
о п е р а т о р т
т а м ы г
у у р ш и л т т а й
а ж и л л а л а а
х ө д ө л г ө ө н д
б э р э э с
б э л г э в ч т э й
б о г ц о о
э э л ж и д
т ө г с ө г ч ө ө с
о п е р а т о р а а р
ц а г д а а т а й
о в о о л м о о р
н о г т о о
ү з э м ж и й г
з у г т л а г а а с
э в д э ч м э г ц
у ц а а р а а
ү р г э э г ч э э с
х ө ш д ө г
з а р г ы г
о р г о д л ы н
а м ь д р а л ы н
б о д о л т о о р
о ё д о л ч н о о с
с а р х д а а р
х и р с т
м ө р д ө г ч ө ө с
э в э р т э й
с у в г а а
м ө г ө ө р с ө ө
х ө г ж л ө ө р
з ө р л ө г ө ө с
с а н а л ы н
э в д ч и л г ү й
а в х у у л с а н
у я н г ы н
х у у д а с н а а с
ш и в н э э н и й
о р м о о р
г у л с у у р т
у р х и а
у р а г ш л а в
а м т т а й
ш и л ж и л т э д
ө д н и й
э х л э л и й г
о в о р т
м э н г э т э й
э м н э л э г т э й
н о м л о л д
б о д р о л т о й
г о р х и о
б а я р а а р
х э м ж ү ү р и й г
ц ө м ч ь е
т и т м и й н
у х а г д а х у у н а а р
а р с л а н д
д ү н з и й г
ү ү р г э в ч э э р
х у я г а а с
м ө х л ө ө с
о й г о о с
т у у л а й н а а с
х о т ж и ц г о о
з у г т у у л ы г
т о х и р г о о н д
д ү н з э э
э в д ч э э с э й
я д а р г а а г
о н ц л о г о о
х ү н и й г
х а р у у с л ы н
д а й ч и л г а а г а а р
э в с э л д
с о н и р х л ы г
о р о г н о ц г о о
ц о ч р о л ы н
а д ы г
м о о д о о
м ө х ө л д
б а й д л а а р
а м и н а а с
я л г а л т ы г
т а г т а а г а а
ш у у д а н ч и й г
з ү р х э н д
ш ү ү л т ү ү р т
з а в и а
х о н х о о
т о в ч л о л т о й
ө н г ө л ө н г ө ө
т о в ч и й н
х э в л э г ч и й г
с ү р д ү ү л г и й г
н ү ү д л и й н
ц а а с н ы
а м ь с г а л ы н
з у р в а с а а р
т у с г а а р л а л т ы н
х у ч л а г а д
э м э г ч и н д
т э в ч э э р э э
а а л з н а а с
б э р и й г
з а л г а м ж л а л д
я л а г д л а а
э ц э с т э й
ш ү р ш и г ч и й г
э ш л э л и й н
а н г и л л а а
ш и л ж и л т э э
х а в ч л а г а а
д а в х а р г а д
н у х ц а д
х ө г ж и л т э й
о й л г о л т ы г
и л л э г и й н
и р в э г э н э л г ү й
д у т а г д л ы н
а а л з т а й
т а с а л г а а г а а
р о б о т о о с
е р ө н х и й л ө г ч и д
ү ү р г э э с
а н к е т т а й
н э м э г д л э э с
б а д г а а с
ц о ч р о л о о с
б а р ь ц а л д а а т а й
з у р а г л а а ч и д
т о г т в о р ж и л т ы н
н и й л б э р э э
б у т ы г
и ш т э й
х о ц р о г ч о о
ү з э г д э л т э й
д ү ү ж л ү ү р т э й
ү р э э с
ө н д г ө ө
х ө д с ө н д
х а н ш и д
д а д л а г а а р
ө р ө ө г ө ө
з ө г и й т э й
ф а ш и з м а а
к р е д и т э д
х у н г а а р
г я л т г а н у у р т
х у в ь с г а г ч и д
с ү й т г э г ч т э й
б о р ж и н г и й н
у у л ч н ы г
ш а т а а г ч а а
д ү р м э э с
н ү х э э р
н и с г э г ч и й н
з ө в л ө м ж и д
т о в ч л о л о о р
д о н т о н д
х ү н д э т г э л и й г
а ж и л л а л г ү й
д э э в р э э с
ү ү р г э в ч н и й
а р д ч и л л ы г
д а л а й ц а а р
м а н л а й л л ы г
г у н и г и й н
о р о м ж о о
м а н л а й л л ы н
т у у р а й г а а
х у р д а с г а г ч и й г
г я л т г а н у у р а а р
т о с о н д
с о р о н з ы г
х а р и л ц а а н д
л у у с н ы
ө н г ө л с ө н
х о т ж и в
х ө л д
а р г а д
з ө р ч и л т э й
з ү р х э э
т ө с ө ө л л ө ө с
т о д о р х о й л о л т ы н
б о х и о
и н д у к ц э э
х ө р ө н г ө т н ө ө с
х а в ц л а а с
у р в а л а а
а р и ф м е т и к и й г
о й л т ы г
б о д р о л ы н
г о л о г д л о о р
д о р г и о н о о с
т ө р и й н
т э м т р э э с э й
с э ж г э э
х а а н ы
х э л э л ц э г ч и д
ш а р а а
х а т а а г у у р а а
з э с э э р
н о м л о л о о с
е г ө ө н и й
т э м т э р м э г ц
а в х у у л з н а
к о ф е т о й
г о м д л о о р
э ц с э э р
з у р в а с ы г
а в а а р т а й
д ү ү ж л ү ү р э э с
х ү н э э
х э л м э г д э ц г э э
х ү н д э э
м э н д ч и л г э э г э э
о н о о н ы
ц э э р и й г
л а а г
д ө н ж и д
ү з э г д э л д
ц а а с ы г
н о ё н д
ж ү ч э э т э й
я л г а а н ы
у р л а л а а р
ч и ч и р х и й л э л т э й
ш и н э ч л э л д
о с л о о р
ш и л ж и л т и й г
х а т а а г у у р ы н
с э ж и г т н и й г
н и й л э м ж т э й
з ө г и й г ө ө
п р о д а к ш н ы
х ү н э э р
н э х и й н
с ү р д ү ү л г э э
т э м т р э в
х у в и р л а а
ё ж л о л ы г
о п т и м и з м д
х э л м э г д э э с э й
с ү й г
х у л у у н ы
э ш л э л и й г
с о л и о р л ы н
х а р и л ц а а т а й
д а в х р а а г а а
з а х и а л а г ч и й н
з у р а г л а а ч а а с
д а г а в р а а
э р х э с т
х у р а н д а а г а а
о й т о й
г а й х л а а
х э в л э л э э р
х у д г и й г
с а н а а г
б и е ж и л т э д
т о х и р г о о г о о
я д а р г а а т а й
ж о д о о г о о р
к л и н и к и й г
и р в э г э н э ж э э
д у у л г ы г
х ө д ө л м ө р и й г
д а л а й ц а а с
г у н и г и й г
э р д э м т н э э р
г э р л э л т э д
х а м г а а л а л т а а р
н а а л д ц ы г
х у л м а с а а р
х а р в а л т а а
н о м л о л о о р
д а л а й ч и н д
м э р г э ш л э э с
х и й л ч и й н
ц э ц э р л э г т э й
о в о г т
х у л у у н д
т ө р т э й
х э в л э г ч т э й
д а а ж и г н а л а а
х у в а а р и л а л т ы г
н у у р а а
х у р и м т л а л т а й
б ү р г э д и й н
х а р а а т а й
ч у л у у н д
х а т а а г ч а а с
х у у л б а р т а й
м а н д о л и н ы г
м а н л а й л а л д
к о с т ю м т а й
с и й р э г ж ь е
к а п с у л ы г
ж а н ж н ы г
х а й р ц г а а р
о й л г о л т о о
т а а з н а а с
у х а г д а х у у н а а с
п и н г э э
у р а г ш и л ц г а а
б а й н г а д
э д э д
ц а л и н т а й
ө н д г ө в ч ө ө с
д а м д
х о т ж и л т о д
н я г т а р ш л ы г
х а р в а л т а а р
ц а г д а а д
ж и н л ү ү р э э р
у д а м т а й
н э р т э й
м ө р д ө л т ө ө
ш о р о о н д
х о в с о о
х о в о о н ы
б о л з о о г о о
х у й л а а с т а й
и с э г т
д о н г о о р
д ү р м и й н
б о л з о о н д
т э м т э р т э л
б а т ж и л т а а р
ц о о ж н о о с
ш а р х а н д
у у с м а л а а с
х ө ш ь е
м а с ш т а б т а й
х а й р ц г и й н
э р г э л з э э г
б о д и с ы н
т о в ч о о р
ш у у р г а н ы
з у р а а ч а а р
а г у й н
м э н д ч и л г э э н д
т о в о й ч и х
ү з ү ү л э н г
с а н х ү ү ч и й н
ж и г ш л э э
у я н г а а
ц у у н д
д а р х л а а н д
б э р т э й
ө г ө ө ш т э й
е г ө ө т э й
о р о г н о м о г ц
х о р и л г ү й
х о в с о о с
д о в о о с
т э н ү ү л э э р
л у у г
д о л г и о г
н и й г м и й н
м ө р г ө л ч н и й г
ц а х л а й г а а
у р а г ш л у у л
х ү ү х э л д э й т э й
б а а т а р т а й
ү с ч н э э р
я а м ы г
х э л э х ү й г э э р
а р д ч и л л а а
б э х э э с
н у г а с а н д
з э м л э л э э с
т э в х д э л г ү й
з у г т л а г а т а й
б о д и с т
з э с т э й
н у х ц а а р
з у р а а ч а а
з у р а г л а а ч а а р
б и е л л и й г
ж и ч и й г
ц а р а й д
х э л м э г д в э л
ү ү р г э э
г а д а р г у у г и й н
х э л э х ү й г
о р г и л т о й
ш и н э ч л э л э э р
х ө л ө ө р
з а р ч м а а р
а я т а й
б ү л э г л э л и й н
с ү р и й г
х у л у у г а а р
с и с т е м э э с
я н д а н г а а с
х а н д и в т
б и е л э л т э й
п а с п о р т ы г
д о р г и о г о о
м ө н х т э й
я л г а а н а а с
с о р у у л а а с
с и й р э г ж и в
у р г а м л ы г
п а с п о р т т о й
з о р и л т ы г
х э в л э г ч э э р
з о р и л т о о с
ө д т э й
ж ү ч э э г э э р
н ө м р ө г ө ө р
с ү й т г э г ч и й н
ш ө в х л ү ү л
и ж и л с э л т э й
ү р э э
х у р а н д а а г
х а в ц а л д
х ө л и й н
б у л и н г а р ы н
ө р ц н и й
а г ш и л т а а
д э л и й н
у д и р д а м ж а а р
х а в ч л а г а а с
г о л д
ш ү р ш ү ү р и й г
х у в ь с л а а с
с о р у у л ы г
о р о г н о н г о о
ш о ш и й н
д а я а р ш с а н
м а н д о л и н а а р
н а а л т ы г
с э ж г э э р
г у н и г т а й
к а р т а д
д о р г и о т о й
о р о л д л о г о т о й
х у р д а с г а г ч а а
д у р а а
х ү н д и й н
х ө р ө н г ө т ө н д
э з л э г ч э э р
т а х и а н а а с
х у ч и л т а а
з о х и ц у у л а г ч и д
м о д е л и о
х э р э г ц э э н и й
х а р и л ц а а г а а р
е р т ө н ц ө ө
м ө р г ө л д ө ө н д
х о т ж и л т т о й
е г ө ө д л ө ө с
с ү р д ү ү л г и й н
д о г о л д л ы г
ш у р г у у л г ы г
о р о л д л о г о о р
б а а т р а а
х у у д с а а р
т э м т э р ч и х
т о н ш у у л ы н
с а р х д а д
к о д т о й
м а н л а й л л а а
н а с н ы
у р а г ш и л ч и х
м э р и й л т т э й
к а п с у л а а с
н а й з ы н
г о м д о л т о й
п у у ж и н г и й н
ш ү ү л т ү ү р и й г
ц о м т о й
х а н ш а а
э э т и й л г ү й
о н ц л о г и й н
с о р и л г о о с
а н а л и з ы н
ш ө в х ө л ц г ө ө
х о т о ж м о о р
б ү р г э д э э
н а а л д ц а д
х ө т ө ч т э й
е г ө ө г ө ө р
х ө р ө г т
н у г а с ы г
а н г и л л ы г
б о о л т о о р
а м л а л т т а й
о п т и м и з м о о р
х ү ү х э л д э й г
о н ц л о г т о й
ш и н э ч л э л и й г
т а р а а л т а а р
ж о о т у у н ы
б а р и м т а а
т у н а д а с н ы
н я г т а р ш л а а р
ц у г л а а н ы г
ү ү р г э в ч и н д
з о х и ц у у л а г ч а а
ц э н г ү ү н и й
ж о о т у у г
х э л э э с
х э м н э л т т э й
х о ч о о р
т о в о й м о г ц
ү с ч и н т э й
э х л э л и й н
ц о м г о о с
м э р и й л т э э с
я д а р г а а г а а
ё р о о л о о с
х ө л с л ө г ч ө ө
о й л г о л т о о с
х а м т р а л а а
д а в х а р г а т а й
э н д л и й г
к а р т ы н
б о о л т т о й
о й н
х ө д л ө л ө ө р
х а г а р л ы г
о р о г н о в о л
а р х и н ы
с и й р э г ж д э г
я н х а н д
а н к е т ы н
с о й з о о
з а х и а л а г ч и й г
о р л о г ч и д
и ж и л с л э э
б а г т а а м ж и д
ү й л д э л д
п р о д а к ш н ы г
о р о г н о д о г
б а р м е н т э й
с а м у у н а а
с ү с г и й г
б о с г ы г
з э м л э л т э й
ф а ш и з м т а й
ц а л и н г
а м л а л т а д
х у ч л а г ы г
х а в ч л а г а а р
х у в и р л ы н
х а н д и в а а с
д ү ү ж л ү ү р э э
б а г т а а м ж а а р
а л х а а н д
б а х а р х л а а
х о в о о г о о
к у р с и й н
и р в э г э н э м э э р
ү н э д
х у ч л а г а а р
б о д и с о о р
х у д а л д а г ч а а с
б о л о в с р у у л а л т а а р
х ө ш ү ү р г э э
х и й л ч э э с
у р л а г и й г
х э р с ү ү н и й
м а г а д л а л а а р
я н х н а а р
о в о о л м о г ц
м а с ш т а б а а
т о в х и м л о о р
г а л л а л т а а с
ц ө с н ө ө с
м э н г э э
н а й м а а н а а с
з у р в а с т
э р г ү ү д
д а л а й ч н а а р
х ө л с л ө г ч т э й
х э в л э л т э й
ж о р т о й
ү ү л т э й
я л а г д л а а с
н а й з а а с
т ө м р и й н
ц и л и н д р и й н
ш о р о о г
а х ы н
с о р у у л т а й
н у х ц ы г
д э л х и й г э э
х ө г ж л ө ө
э м н э л г э э с
н а а л д ц а а р
х о т о ж д о г
а р с л а н г
ё ж л о л о о с
х э р г э э р
х о т ж и л т о о с
з а р г а а р
м а с ш т а б а а р
о л б о р л о л т ы г
с о р и л г о о
ш а т а а г ч а а с
с а н х ү ү ч т э й
с а м п и н г а а
т о в х и м л о о с
т э в х д э ц г э э
ц о м о г т
с э ж и г т н и й
а н г а а х а й н а а с
д а л а н г а а
у р г а м а л т а й
ү ү с л э э
ү н э л э м ж э э с
м э т г э л ц э г ч э э р
т ү л х ү ү р т э й
б а й ц а а г ч а а
б и е ж и л т т э й
ү з ү ү л б э р э э с
ч у л у у т а й
ц о х и у р а а р
з у р а а ч и д
у у с м а л а а
т а с л а л т а д
х у ч и л т ы н
х ө ш и в
з а р ч м ы г
г о л о г д л ы г
з у р а а ч т а й
н э р э э
х о ч о о
т а х и а г
с у в д ы н
б и е т э й
э ц с и й н
д у г у й д
к о н с у л д
с а н х ү ү ч э э с
а р и у т г а л а а с
х о в и л о о
д а р а н г у й л а г ч а а
э р г ү ү т э й
а г ш и л т ы н
н и с г э г ч э э
а н а л и з а д
т а н г о т о й
н у м а а р
а я л г а т а й
н а й з а д
б а й г у у л л а г ы г
б а й г у у л л а г а д
ц у л б у у р а а р
д э м ж л э г и й г
у у л з в а р т а й
х у р д а т г а л т а й
д о н г о о
ө м ч ө ө
ч и й г ш л и й г
ц э н г ү ү н д
н а а л д ц ы н
о л б о р л о л т о о р
б ө ө н д ө ө с э й
н ө л ө ө н д
х э л м э г д э г
т ө с ө ө л л ө ө р
т о г т в о р ж и л т о о с
х о х и р л о о с
и ш и й н
ө ө р ч л ө г ч ө ө
з о р и л т о о
у н ш и г ч и й г
ө н д г ө в ч ө ө р
у р а г ш л а н г а а
б у у р ц а г т а й
м а г а д л а л ы н
а ч л а л а а
у р и л г а а с
б а х а р х л а а с
г ү ү р э н д
ц о ч р о л т о й
т ө р ө ө
л о г и к о о р
х ү н д э т г э л э э
х и й л ч и д
ө ө р ч л ө л т ө ө р
м о о д о о р
д а в т а м ж и й н
г а з р а а р
д у у д л а г ы н
х у у р а й г
а а л з а а р
у ц а а р а а р
э м н э л г э э р
б ү р э э с э э
с у в г и й н
ү з ү ү л э н г э э р
ө в д ө г т э й
у л н а а с
б у т т а й
с у у ц ы г
б о л ж м о р ы г
у р и л г ы н
о с о л д
х у р д а н д
т э в ч э э р т э й
э з э м ш л э э с
б ө ө л ж и с н и й
х ө л и й г
х у д а л д а г ч а а р
с а р х д ы н
н о ё н ы г
с у д л а а ч а а
г у й л т а а с
э э л ж т э й
у у с м а л ы г
ө н г ө л ү ү л
т э г э э
б а г т а а м ж и й г
а в х у у л
д э л э э
з а а г а а с
г а р и г т
д а л а н т а й
ө в ө л т э й
н и й ц л э э с
а м л а л т ы н
т а в и у р ы г
т ө г с ө г ч и й н
л а а г а а р
х э в л э л э э
н у у р ы н
х а р у у л а а р
э т г э э д т э й
з ө ө г ч и й н
т а г т а а г а а р
ц о х и о г о о р
х а д у у р т
ц э в э р л э г э э г э э р
ү ү н и й
с о р и л г о т о й
б а й ц а а г ч т а й
з а л г а а с а а
у н ш и г ч а а с
х о ц р о г ч и й г
к у р с т э й
х а р у у с л а а
ү е р х л э э
п а с п о р т о о
ө в д г ө н д
х ү н д э т г э л э э с
ө р ө м д л ө г т
ц э н г ү ү н э э р
с э ж и г т э й
ч и в ч ү ү р э э с
з а в ь т а й
э ш л э л т э й
ө н г ө л ц г ө ө
с о р у у л а а
ү ү с л и й н
а р д ч и л а л т а й
к р е д и т э э с
т э в х э д м э г ц
д о в ы н
а д м и р а л ы н
т а с л а л т а а р
б э с р э г и й г
т о н ш у у л ы г
х э в л и й н
а х а а с
х э р г э э с
х о ш у у ч л а г ч т а й
д ү н з э н д
д и с к и й н
н у у ц л а л ы г
з ө р л ө г т
х о н х о н д
ц э э р э э р
н и й л б э р и й г
д а г а г ч и д
х а й л т а а с
т о н ш у у л д
у л н ы
а м т ы г
а м ж и л т а а
т о х и ж у у л а л т т а й
х э р г э э
а ш г а а с
к о ф е й н ы
д э л г ү ү р и й н
х а м т а т г а л д
х э в л и й г э э
н а а л т а а с
д а я а р ш м а а р
э э ж и й г
д о н с о л г о о н ы
с о н и р х л о о с
б э с р э г т э й
д и с к э э
ц а ц р а г а а
а д м и р а л а а р
с у в д т а й
и ч э э г
н а а л т ы н
г я л т г а н у у р ы н
а н г и л л ы н
т е к с т э д
д э э в р и й н
с л а й д ы н
ц ө м ч м ө г ц
х у р и м т л а л а а
к о д ы г
д у у л г а н д
т и в э э р
с э д в э э с
д о н с о л г о о г о о
г ү ү р и й г
з э с э д
г у я а н д
т у й л а а
х а а л г а ч а а с
а ч а а г а а р
у ц а а р а а с
х о р и м о г ц
д а й ч и л г а а т а й
т и т м и й г
ц о х и о т о й
л е к т о р ы г
г а л з у у р л а а р
т о с н о о с
б а р м е н и й г
у р г а ц а д
х ү ч э э
ү р ч л э э н и й
и ч э э г э э р
ү з ү ү л б э р т э й
ц э н г э л т э й
х а а н а а с
а р и у т г а л а а р
б а й л д а а н а а р
н ү х э н д
з о р и л т т о й
г у я ы г
ш у н а л ы г
б ө ө н д ө н г ө ө
х о ч и н д
б а р и н г а а
в а л ь с ы н
д э л х и й г э э с
з а л у у р т а й
н а а д а м т а й
д а м а а
и м и й г
з а л у у р т
х ө д ө л г ө ө н ө ө
с а н у у л г ы н
с у в д а а с
т а м а а р
м ө р д ө г ч т э й
ө н г ө л т ө л
х у л у у г а а
х у я г а а
х о в и л д
с а в л у у р т а й
н э х и й т э й
т о в ч л о л ы н
о р о м ж о о с
э д э л г э э н д
ү р э э р
п р о д а к ш н т а й
ё г т л о л о о р
д о н т н ы
э р х э с т э й
у р а г ш л ъ я
х ө р ө н г ө т н ө ө р
т у й л ы н
с о н и р х о л т о й
ш у н а л д
б ө ө л ж с ө ө
к о д о о
м э н г э н д
с о р и л т ы г
с о р у у л ы н
г а р и г и й г
ц у г л у у л а г ч и й н
н и й г м и й г
