х а р в а л т ы н
ж а н ж н ы
х а с а л т а д
и с г и й г
б о л ж м о р о о с
а л т т а й
н э м э г д э л д
б о л з о о т о й
в а л ь с ы г
т а р а а л т а а
у л ы г
з а л г а м ж л а л т а й
т о г т в о р ж и л т о о р
б э л г э в ч и й н
ц о м ы н
б э л х ү ү с н и й
х э м ж э э с э н д
б а р ь ц а л д а а н а а с
г у я а а р
г о р х и й г
х ө г ж л ө ө
а м л а л т а а с
т о с н ы
ц э э р и й н
т ү л х ү ү р э э с
ц ө м ч м ө ө р
о р г о д л о о р
у д и р т г а л ы г
х о р ь ч и х
б ү р э э с н и й
х у я г и й н
ц ө м ч ү ү л
ц ө м ч ө ө с э й
ш о ш и д
и н т е р н э т э д
д э л г ү ү р т э й
б а т ж и л т а а
б а й ц а а г ч и й н
х и й л ч э э р
э н г э р э э р
а д а а р
я н х а н т а й
з ө р ч л и й н
х ө р ө н г ө т н и й
з ү р х т э й
т а л х а а р
м а г а д л а л д
с о р в и т о й
э д и й г
т о м ь ё о г
ж и н л ү ү р и й г
ш ө в х ө л с ө н
к о н с у л ы г
д а й ч и л г а а н ы
ц о м о о р
х о т ж о о с о й
с у у д л ы н
х а р ь я а л л а а р
ө ө р ч л ө л т ө ө
о ё д о л ч н о о
д а х и л т т а й
я в ц а а
х у у р а й н а а с
ш ү д э н д
с ү й т г э г ч и й г
с о й з н ы
у д и р д а м ж а а
с у у ц а а р
ц и р к э э с
х у р д а т г а л а а
т ү л э э ч н э э
д а в х а р г а а с
о п т и м и з м ы н
з ө р ч и г ч и д
э р г ү ү л г э э р
а г у й г
б а г т а а м ж и й н
с и с т е м и й г
ч и в ч ү ү р и й г
з у р а г л а а ч а а
х у у л ь д
ө ө р ч л ө г ч ө ө с
х ү н д э т г э л т э й
э в р э э с
т э н г и с э э р
д а г а г ч а а
б о д и с ы г
ө н г ө л ө л г ү й
ц э ц э р л э г и й н
т а а з а н д
л е к т о р т о й
х у в а а р и л а л т т а й
с о р в и н д
х о в о о н о о с
д у у л г а т а й
х ө г ж и л д
с ү й д
х а в ч л а г ы г
б и е л л и й н
ж о д о о н ы
