м а н с у у р л а а с
д у г у й г а а р
з у л а й н
т у у л а й г а а р
х у д а л д а г ч и й г
с э ж и г т н э э р
ш ү л с э в ч и й н
а р д ч и л а л д
л е к т о р о о р
д а й ч и л г а а г а а
б а а т р а а с
к о ф е г о о
х ө г ж и м ч и н д
н а а л т т а й
х о ц р о г ч т о й
б о р ж и н г
э р г ү ү г э э
х а р у у л ы н
н у х ц а а
ц э в р ү ү т э й
э э ж т э й
х о ч н ы
б у р т а г т
э н д э л т э й
ш у д а р г ы н
д а в т а м ж т а й
д ү ү ж и н г э э с
э х л э л э э с
х ө г ж л ө ө с
с а н а л а а
н а а д м ы н
б а а т р ы н
ү е р х л и й н
н и д р ү ү л г э э р
г о р и м т о й
х у ч и л т ы г
с а н х ү ү ч и й г
г о р и м о о с
х э р э г ц э э г э э р
б а р ь ц а л д а а г а а
ц э н г э л э э р
ц о х и у р ы г
е г ө ө г
б а я р ы н
а л х а а г а а
ц а а с а а р
ү з э м ж и й н
д у у л а а ч т а й
ц а м х г и й н
т а р а а л т а д
с у в д а д
х а й л т т а й
м а г а д л а л а а
с о р у у л д
ё с о л г о о г
к л и н и к э э р
ш ө в х ө л м ө ө р
ц а г д а а г
х ү н т э й
х о р и н г о о
н ү х н и й
ц о х и у р ы н
б и о л о г и й г
ү с р э л т т э й
ө г ө ө ш ө ө р
о р г о д о л т о й
ц о х и о г
у р а г ш л а л г ү й
х э в л и й г э э р
х у р а н д а а г а а с
к о н с у л а а
у у р х а й г
з а р г а а
э г ч э э с
х о в и л о о с
б о х и т о й
ш ү л т э э р
х а а л г а ч а а р
т э н ү ү л э э
б а й г у у л л а г а т а й
т о г т о о л ы г
г а д а р г а т а й
к л и н и к т э й
з а л г а а с т а й
х ү н д т э й
т э в х д э г
х о ш у у ч л а г ч и й н
и л л э г э э р
н а а д а м д
х а р у у л д
с о л и о р л о о
л о г и к и й н
э р г ү ү л г э э
ш у р г и й г
э р д с э э
г у я т а й
ө н д г ө в ч и й н
ц у л б у у р ы н
а ж и л л а с а н
с и й р э г ж и ц г э э
