ц и к л э э
г а й х а м ш г а а
ц о м г о о
з у л а й г
с а н у у л г а т а й
и р в э г э н э д э г
у р и л г ы г
ц а ц р а г т
а в х у у л ч и х
ц э э р э э
д о н т н о о с
я в ц а д
с у д л а а ч и й г
а ж и л л а ц г а а
б и о л о г и т о й
х э л л э г т
ц а в у у г а а р
к о д о д
б а й г у у л а м ж а а с
ө н г ө л ө в
т о г т в о р ж и л т ы г
ө в л и й н
и ж и л с л и й г
у х а г д а х у у н а а
ү ү л и й г
ц о о ж т о й
а ж и л т н а а
ц э ц э р л э г э э
д а я а р ш а а с а й
т а л х а н д
д у у л г а а р
д о г о л д л о о
а в ь я а с т н ы г
у р г а ц т а й
к л и н и к э э
э т г э э д э э с
ё ж л о л ы н
ш ү д и й г
э в д р э л э э с
м е д а л и а
ү н э л э м ж и д
б а р и в ч и л г а а г
ш у м у у л а а
т о д о р х о й л о л т о д
о р о м ж и й г
ш и й д в э р т э й
х а т а а г ч а а р
д у у л а а ч а а р
б а я р т а й
ш о ш т о й
н и д р ү ү л г и й г
д у р н ы
б у у д л а а с
к л и н и к т
о с о л т о й
а в х у у л а л г ү й
ш о ш о о
к о м п а н и а р
х а а н д
ө н г ө л м ө г ц
ц а а с а н д
з о в л о н д
т и в э э с
ш у у д а н ч а а с
з а р г ы н
н ү ү д л э э
и ч э э н д
т а л х н ы
х ө д ө л г ү ү р э э
х а в ч л а г а т а й
ш а т а а г ч и й н
ж и г ш и л д
д а л а й ч н а а с
г ү ү р э э
ө н д ө г т э й
б ү р э э с э э с
д и с к и й г
ш ү д э э
х а р в а л т т а й
х и р с т э й
з у л а й н а а с
а л д а р т н а а
к а п с у л д
а в х у у л с а н
а м ь с г а л т а й
б и ч и г л э л д
х э л м э г д т э л
а м т н а а с
з у г т л а г ы г
д о н с о л г о о г
х а г а ц л а а р
д а д л а г а а
и ш э э р
ц э в р ү ү г э э
и н д у к ц и й г
х а с а л т а а с
х ү н д э т г э л и й н
у д и р д а м ж и й г
х а н г а л т ы г
х э м н э л т э д
