ө ө х н и й
ж ү ч э э н и й
ү с ч н э э с
ш п а г е т т и н а а с
ө в ч н ө ө с
т о м ь ё о т о й
б у у р ц г а а с
ш ү л т и й г
м э т г э л ц э г ч э э
к о н с у л т а й
ү е э л т э й
с у у р и й г
ж о о т у у т а й
д а в х а р г ы г
х а р и у л т а а
ц а а с а а
д у т а г д л а а
п р о д а к ш н а а
а р и ф м е т и к а а с
б а д м и н т о н о о с
ө д ө р т
э т г э э д э д
х а я г а а
а г у й н а а с
т у у р а й д
т о в ч о о с
б и ч и г л э л э э р
з у л а й д
т у й л а а с
а я ы н
б о д р о л о о
г а д и л а а р
х ө ш в ө л
ө р ө ө т э й
х а р а а г а а
д э э с э э р
м ө х л и й н
д у у л г а н ы
г э м т л э э с
о в о о л у у л
х э л э х ү й д
б и л е т и й н
ш о р о о г о о р
з э в ү ү ц л э э
и л г э э г ч э э с
э з л э г ч и й н
о п т и м и з м ы г
х а ш а а г а а р
з а х и а л а г ч и д
о р о г н о т о л
а в т о м а ш и н т а й
с л а й д а а с
ш и н э ч л э л э э
ө ч и г д р ө ө с
г а д и л ы н
г ү ү р э э с
х а в ц а л т а й
х ө ш с ө н
ш у м б а г ч а а
ц э в р ү ү н д
э э л ж э э р
н а й р у у л а г ч а а с
о й г о о р
х а н г а л т а д
у ц а а р ы г
э в д р э л д
ж и н л ү ү р т
и н т е р н э т и й н
н ү д э э р
м а н д о л и н т а й
г у й л т а а
х ө д л ө л т э й
м о д е р н и з м д
х о х и р о л т о й
х у р а н д а а т а й
т о х и ж у у л а л т а а р
ш ү р ш ү ү р т э й
э г ч т э й
з а й т а й
х э л м э г д э н г э э
я л а г д л а а р
ү ү с э л д
б и е и й г
э д э э р
о р о л д л о г о д
т ү ү х э э р
х а а н а а р
г о л о г д л о о с
х у л м а с а а
у р л а л д
о в г о о р
х а р и л ц а а г
с и й р э г ж т э л
а р с л а н г а а
д а л а й ц ы н
с и н д р о м д
ө г ө ө ш и й г
ө р ө м д л ө г и й г
э э ж э э с
х ө д ө л г ө ө н ө ө р
