и м д
ц а р а й т а й
т ө с ө ө л ө л д
ш у р г а а с
х ү ү х э л д э й г э э
б э э л и й н
т о в о й л о о
х а а л г а ч т а й
б а р ь т а л
м а н л а й л а л т а й
з у р в а с а а с
д э м ж л э г и й н
т э в ч э э р т
з о р ч и г ч о о с
т о г т в о р ж и л т о д
б э э л и й т э й
и ч э э н и й
х у р д а с г а г ч а а с
а в т о м а ш и н а а
х э р г э э с
ш ү д т э й
д о г о л д л ы н
м ө г ө ө р с и й г
б а т ж и л т ы г
б о о л т о д
э в д р э л э э
х а г а ц а л д
б э х э э р
э ц э с т
т а р х а л т т а й
а р с л а н г а а с
х о х и р л о о
х у у л б а р а а с
б а д г и й г
а м л а л т ы г
ц и р к т
д э л х и й н
м о о д т о й
а т о м д
а р и у т г а л д
х у в а а р и л а л т а д
б а г ш и д
а г ш и л т а д
ц у г л у у л а г ч а а с
ш ө в х л ө н г ө ө
э ц с и й г
ш и л б э э р
у х а г д а х у у н т а й
г а й х а м ш г а а р
ч у л у у г а а
с ү с г э э с
а л д а р т н а а с
ж о о т у у н а а с
х ө д ө л г ү ү р э э р
ц э э ж н э э с
х ө р г ө ө с
р а ц и о н а л и з м а а р
п у у ж и н д
э р х с э э р
ц э ц э р л э г и й г
х а р у у л а а с
б о х и н ы
б и е и й н
о р г и л о о р
г и ш ү ү н э э р
х о т ж и л т о о
х ө ш ү ү р э г т э й
ш ү р ш ү ү р э э
д у у д л а г а а с
х ө д ө с н ө ө с
д а я а р ш т а л
у с т г а г ч а а р
ц у л б у у р т а й
ц ө с ө н д
а н г и л л а а с
с э д в э э
з у г т л а г а а
т э в ч э э р и й г
х а в ц л а а р
х ө д с ө ө р
х ө д ө л г ү ү р т
ц о о ж и н д
х о ц р о г ч и й н
с ү р и й н
х а р ь я а л л ы г
х у й л а а с а н д
ш и в н э э г э э р
ш у м у у л ы н
ш у р а г т а й
т о в х и м о л т о й
э р д э с т э й
н ө л ө ө г
с о р и л т о о с
ш у у д а й д
з а в и н ы
ж а г с а а л а а р
х у ч л а г а а
с о р о н з ы н
и с э г т э й
б ө ө л ж с ө ө р
