а р а а г
а в с а н д
ү з э м ж и д
х э л м э г д в э л
б и е ж и л т и й г
п а с п о р т о д
б э л э э
а м ь д р а л а а с
х а м т а т г а л а а
т е к с т и й г
б э э л и й г э э с
х у у л и й г
ш а т т а й
м е д а л ь т а й
х ү ү х э л д э й г э э с
о н о о н о о с
о в о о л о в
б ү р г э д э э с
с о н г у у л и й г
б а р и в ч и л г а а т а й
к л и н и к э э с
ё г т л о л о о
х у р д т а й
у г ж и й г
ү з ү ү л б э р и й н
к а р т а а с
х ө л г ө ө с
х а н г а л т а а с
ш и й д в э р и й г
ц а м х г и й г
т о в о й в о л
х у в и р а л т а й
ө н д г ө в ч т э й
н ө л ө ө г ө ө
з а в и а р
у у р ш и л т а д
д а л а й ч и н т а й
а я а с
о р о м т о й
х у у д с а а
ү з э г д л э э с
ү с р э л т э э с
ц а г д а а г а а
э в э р т
м а р к е т и н г и й н
х а в ц л а а
с э д э в т э й
э в с л э э р
ж а г с а а л ы н
ж о р ы н
ж и г ш л и й н
а р и у т г а л а а
а в х у у л д а г
м о д е л и о с
н а й м а а н ы
т а в и у р ы н
х э л э л ц э г ч э э
к у р с э э с
х а в ч л а г а д
ш у м у у л а а р
х а я г т а й
х у в и р л ы г
б у р т а г т а й
р а д и а т о р ы н
м э н д ч и л г э э н э э с
к у р с э э р
м а т е р и а л и з м ы н
д о н с о л г о о н д
ш а р ы г
а р с л а н г и й н
т о х и ж у у л а л т ы н
у р и а г а а
з ө р ч и г ч ө ө р
х э м ж э э с э э
д ө н ж и й н
б э х т э й
з а р ч м ы н
х э м н э л т э э р
н о г т т о й
ө в ч н и й г
д у у д л а г а а
ш ү т э э н и й г
ш а р х н а а с
э м н э л г и й г
а н к е т а д
н ө ө ц ө ө р
о р о г н о ё
т ү л х ү ү р э э
т а х и а т а й
х ө т ч ө ө с
г а з р а а
о р г о д л ы г
т о х и р г о о т о й
т ө м ө р т э й
д у у л а а ч и д
х у а н л и а с
а н ч и н т а й
н у р у у г а а р
ц и л и н д р э э
х у я г а а р
б а й н г ы н
у р л а л а а
х ө ш ү ү р э г т
с и н д р о м о о с
ү з ү ү л б э р э э
ч и й г ш л э э р
ц э н г ү ү н э э
ш и л б э н э э с
б у р т г и й н
ш ү л т и й н
я в ц ы н
с о р о н з о д
ү з э м ж э э
а ч а а т а й
ө р ц ө н д
н у у ц л а л а а
а в а а р а а с
ц у г л а а н а а
г а л у у н ы
з а а г и й н
д ү н з э э с
з у г т у у л а а с
и л л э г и й г
х ө ш ө ө с э й
з о в л о н т о й
х о р ь ц г о о
х ө л с л ө г ч ө ө с
б э л э э р
ф и л о с о ф и о
х а а л г а ч и д
ү р г ү й д л э э
м ө л ж л ө г т э й
г а й х а м ш и г т а й
с и с т е м т э й
т о о р м о с т о й
м е д а л и й г
о р о й д
х э р э г т
л у у с а а р
ц ө с и й г
ц о о ж о о р
т о в о й с о н
с и н д р о м о о р
т а л х т а й
ш у у д а й г
х у р д а с г а г ч и й н
э д э л г э э г э э
г а д и л д
х ү н д р э л т э й
н ө л ө ө т э й
л у у с т а й
н и й ц л и й н
г э м т л и й н
э з э м ш и л д
х а й л т а д
х о т ж и л т ы г
б и ч и г л э л и й н
с а м у у н ы
у р л а г т
ү р г ү й д л э э с
х ү н д э э с
ц у г л у у л а г ч а а
н и й л э м ж э э
ф и л о с о ф и й г
б о л ж м о р ы н
д ү ү ж и н т э й
б а р и м а а р
м ө р д ө л т ө ө р
ц у г л а а н ы
д а в х р а а г а а р
ө ө р ч л ө л т и й г
а р д ч и л л ы н
х а м г а а л а л т ы г
т ө г с ө г ч т э й
о р г о д о л д
д а а ж и г н а л а а р
д а в х а р г ы н
ш ү р ш ү ү р э э с
х я н а г ч а а
а л д а р т а н д
а в а а р а а р
х о в и л т о й
т у й л д
ү н с э л т т э й
с а н а л а а р
т а н г о н ы
т э р г ү ү л э г ч и д
у я н г а т а й
н а й м а а г а а
а ж и л л а з н а
д а г а г ч а а р
б о о л т о о с
о в г о о
э в д э ч ь е
я л а г д л ы г
х ө ш м ө ө р
б о д р о л д
о п е р а т о р ы н
ц а в у у н ы
х я н а г ч и д
ү р ч л э э н д
х а л ь с н а а с
ш ү р ш ү ү р э э р
с э д э в т
с о н г у у л и й н
у у с м а л т а й
у р г а м л а а с
з ү р х э э р
б у у д л а г а д
б о с г о о
ө н д г ө н д
э р г э л з э э н э э с
п и н т э й
х ө ш ү ү р г э э с
е р т ө н ц т э й
о й л т о д
б а а т р а а р
л е к т о р о о с
д у т а г д а л т а й
з у г т у у л ы н
т э м т р э н г э э
к л у б э э с
м ө г ө ө р с н и й
г а й х а л т а й
х э в ш и л д
с и м ф о н и й н
у х а г д а х у у н д
б а г ш а а
х у у л и а р
з а р ч м а а с
о н о ш о о р
х ө д ө л г ү ү р э э с
э в р и й г
ш и в н э э г
х а н д и в а а
у л а н г и р т
г а л л а л т а а
х ө д ө с н и й
д ү н г э э с
х у н г и й н
г о л ы г
о н о о г
э х л э л э э
т о в ч л о л д
у р л а л ы н
т у н а д с а а р
у р в а л ы г
д а я а р ш ч и х
т э г и й г
б а й г у у л л а г а а
х э м ж ү ү р э э
а л х а а г
и м э э с
н ү ү д э л т э й
д у л а а р т а л
ү ү г э э р
д у т а г д л а а р
у р г а м л ы н
ү й л д л э э р
с о р и л г ы н
о н ц л о г о о с
т э м т э р ц г э э
ж ү ч э э г
б о о л т ы н
а в а а р т
ж а я г т а й
а м ж и л т а а с
о в о о л о л г ү й
з ү л г и й г
о р о г н о м о о р
н о г т ы г
т а р х а л т а а с
х ө г ж и м ч н ө ө
х ү ч н э э с
з у г т л а г а д
д а в х р а а т а й
з а с в а р ч н а а р
д э л х и й т э й
ц ө с т э й
х а т а а г ч и д
э г ч и й г
т и т м э э
м ө н х и й н
ш ү р ш ү ү р и й н
к л у б т
а в х у у л м а г ц
ү н э л э м ж э э
а р х и н а а с
о р г и л д
к о с т ю м д
г а д а р г у у д
б э х э э
б у л и н г а р а а
х а м г а а л а л т а а с
ө д ө ө р
ш а р х ы г
б и л е т э э р
н и й л б э р т
у д м а а р
э р г ү ү л г и й г
х у ч и л т а а с
б и т ү ү л э г т
э э т и й л г э
н ү д и й г
з ү р х н и й
ө ө х т э й
х у в ь с л ы н
ө ө х ө ө р
з ө р л ө г и й г
з а й г а а р
ц ө с н и й
ц о ч р о л д
ш п а г е т т и й г
х о ш у у ч л а г ч а а с
х у р и м т л а л ы н
н у м ы г
е г ө ө н ө ө с
ш у у р г а н д
г о л о о р
д о р г и о г
б а г т а а м ж а а
с ү с г э э р
о р о м ж о о р
а м ь д р а л а а
н э м э г д э л т э й
э м э э л э э с
ү ү л н и й
т а г т а а н д
ш э э с т э й
ү р и й н
ж и н л ү ү р и й н
у р и л г а а р
с у у д а л т а й
н ү д э э с
х э л э л ц э г ч э э с
х у л у у г
ё ж л о л о о
ш и й д в э р и й н
т о в о й м о о р
з у р а г л а а ч и й г
х у в ь с л ы г
н и д р ү ү л г э э
д у т а г д а л д
ү з э г д л э э р
х э р г э э р
о й л г о л т ы н
х о р в о о г
т о д о р х о й л о л т о о с
ө в ч и н т э й
д а р а н г у й л л а а с
а я л г ы н
т э в ч э э р и й н
б ө г л ө ө н ө ө с
с э ж ү ү р э э с
к о н с у л а а с
б а я р ы г
х у р и м ы н
о п т и м и з м о о с
о п т и м и з м т о й
н э м э г д л э э р
а т о м о о с
ж и н л ү ү р т э й
б а г ш т а й
о р о г н о ц г о о
б и ч и г л э л э э с
ө д н ө ө с
з а й н а а с
х а т а а г у у р ы г
с о й з ы г
ү ү р г и й н
э р х с и й г
м а г а д л а л т а й
ц э э ж и й г
е р ө н х и й л ө г ч и й н
н у у ц л а л а а р
х э л м э г д м э э р
х ө г ж л и й н
х у р и м а а р
ө д р ө ө р
г о р х и о р
ч у л у у г а а р
о в р о о р
х ү н д э т г э л э э р
л у у н а а с
с о р и л г ы г
и р в э г э н э т э л
а н к е т ы г
ц а м х г а а
с э ж ү ү р э э
д а р а н г у й л а г ч т а й
т ү р э э с л э г ч и й н
х ү ү х э л д э й д
э ц с э э с
д у р с а м ж и й г
з ө г и й д
я д а р г а а н а а с
ц а в у у н д
ш п а г е т т и н д
х ө г ж и м ч н ө ө р
г о р и м д
б а р ь ц а л д а а г
х у д а л д а а н ы
д э м ж л э г т э й
б о д о л т ы н
м е д а л ь д
х э л м э г д э ц г э э
х а ш а а г а а
и н д у к ц э э р
т а с л а л т а а с
а р и ф м е т и к а а
г я л т г а н у у р а а с
ч и в ч ү ү р э э р
ф а ш и з м ы н
ш о х о й ж и в
м а н с у у р л ы г
ц ө м ч д ө г
д а р а н г у й л л а а р
б ө г л ө ө н д
ц а л и н г а а р
т э в х э д т э л
б и о л о г и й н
з а р л а г а а р
г а д а р г а д
н у г а с н ы
д а г а в р ы н
х а а н а а
х а р и у ц л а г а а
а м и н ы
х а р ь я а л а л д
б о д о л т о о с
х у я г и й г
а н ч н ы
и л г э э г ч э э
о с л ы н
х о т ж и л т о о р
х о в с о о р
н и й л б э р и й н
б о д л ы г
а ж и л л а м а а р
ү е р х л э э р
с о н и р х л о о
т и в т э й
ц а х л а й г а а р
б у у д л ы г
з о в л о н г и й н
м э т г э л ц э г ч т э й
б э с р э г т
д э э в р э э р
у д м а а
м э н г и й г
ү ү р г э в ч н э э с
б у т а н д
к л у б э э р
б а р ь з н а
п р о т о к о л о о
о р г о д л о о
ш у р г у у л г а а с
т а м д
з о в л о н г о о с
х э л э х ү й г э э с
м ө н х ө ө
ү й л д л и й н
ц у у г
х о р в о о г о о
х э м ж э э с э э с
ц э в э р л э г э э н и й
х ө д ө л м ө р ө ө
т о в о й т о л
р о б о т о д
б а р и л г ы н
п и н г и й н
х у в а а р и л а л т а а
т ө м р и й г
м о д е р н и з м ы г
ө в л ө ө
ж и ч э э
д у г у й г а а
а л д а р т н а а р
ө н д ө г н ө ө с
с у у ц а а
и р в э г э н э н г э э
а ж и л т н а а с
б ө г л ө ө г ө ө
э р г э л з э э т э й
и р в э г э н э в
э м э э л э э р
и с г э э с
х а м т а т г а л ы н
д и с к т э й
б э л г э в ч э э
к л у б т э й
т и т э м т э й
г и ш ү ү н э э
о р о г н о л г ү й
м а с ш т а б ы г
т а в и у р а а р
б ө ө н д ө г
с а в а н д
х э л м э г д ж э э
ц у г л у у л а г ч и й г
