д у г у й д
к о н с у л д
с а н х ү ү ч э э с
а р и у т г а л а а с
х о в и л о о
д а р а н г у й л а г ч а а
э р г ү ү т э й
а г ш и л т ы н
н и с г э г ч э э
а н а л и з а д
т а н г о т о й
н у м а а р
а я л г а т а й
н а й з а д
б а й г у у л л а г ы г
б а й г у у л л а г а д
ц у л б у у р а а р
д э м ж л э г и й г
у у л з в а р т а й
х у р д а т г а л т а й
д о н г о о
ө м ч ө ө
ч и й г ш л и й г
ц э н г ү ү н д
н а а л д ц ы н
о л б о р л о л т о о р
б ө ө н д ө ө с э й
н ө л ө ө н д
х э л м э г д э г
т ө с ө ө л л ө ө р
т о г т в о р ж и л т о о с
х о х и р л о о с
и ш и й н
ө ө р ч л ө г ч ө ө
з о р и л т о о
у н ш и г ч и й г
ө н д г ө в ч ө ө р
у р а г ш л а н г а а
б у у р ц а г т а й
м а г а д л а л ы н
а ч л а л а а
у р и л г а а с
б а х а р х л а а с
г ү ү р э н д
ц о ч р о л т о й
т ө р ө ө
л о г и к о о р
х ү н д э т г э л э э
х и й л ч и д
ө ө р ч л ө л т ө ө р
м о о д о о р
д а в т а м ж и й н
г а з р а а р
д у у д л а г ы н
х у у р а й г
а а л з а а р
у ц а а р а а р
э м н э л г э э р
б ү р э э с э э
с у в г и й н
ү з ү ү л э н г э э р
ө в д ө г т э й
у л н а а с
б у т т а й
с у у ц ы г
б о л ж м о р ы г
у р и л г ы н
о с о л д
х у р д а н д
т э в ч э э р т э й
э з э м ш л э э с
б ө ө л ж и с н и й
х ө л и й г
х у д а л д а г ч а а р
с а р х д ы н
н о ё н ы г
с у д л а а ч а а
г у й л т а а с
э э л ж т э й
у у с м а л ы г
ө н г ө л ү ү л
т э г э э
б а г т а а м ж и й г
а в х у у л
д э л э э
з а а г а а с
г а р и г т
д а л а н т а й
ө в ө л т э й
н и й ц л э э с
а м л а л т ы н
т а в и у р ы г
т ө г с ө г ч и й н
л а а г а а р
х э в л э л э э
н у у р ы н
х а р у у л а а р
э т г э э д т э й
з ө ө г ч и й н
т а г т а а г а а р
ц о х и о г о о р
х а д у у р т
ц э в э р л э г э э г э э р
ү ү н и й
с о р и л г о т о й
б а й ц а а г ч т а й
з а л г а а с а а
у н ш и г ч а а с
х о ц р о г ч и й г
к у р с т э й
х а р у у с л а а
ү е р х л э э
п а с п о р т о о
ө в д г ө н д
х ү н д э т г э л э э с
ө р ө м д л ө г т
ц э н г ү ү н э э р
с э ж и г т э й
ч и в ч ү ү р э э с
з а в ь т а й
э ш л э л т э й
ө н г ө л ц г ө ө
с о р у у л а а
ү ү с л и й н
а р д ч и л а л т а й
к р е д и т э э с
т э в х э д м э г ц
д о в ы н
а д м и р а л ы н
т а с л а л т а а р
б э с р э г и й г
т о н ш у у л ы г
х э в л и й н
а х а а с
х э р г э э с
х о ш у у ч л а г ч т а й
д ү н з э н д
д и с к и й н
н у у ц л а л ы г
з ө р л ө г т
х о н х о н д
ц э э р э э р
н и й л б э р и й г
д а г а г ч и д
х а й л т а а с
т о н ш у у л д
у л н ы
а м т ы г
а м ж и л т а а
т о х и ж у у л а л т т а й
х э р г э э
а ш г а а с
к о ф е й н ы
д э л г ү ү р и й н
х а м т а т г а л д
х э в л и й г э э
н а а л т а а с
д а я а р ш м а а р
э э ж и й г
д о н с о л г о о н ы
с о н и р х л о о с
б э с р э г т э й
д и с к э э
ц а ц р а г а а
а д м и р а л а а р
с у в д т а й
и ч э э г
н а а л т ы н
г я л т г а н у у р ы н
а н г и л л ы н
т е к с т э д
д э э в р и й н
с л а й д ы н
ц ө м ч м ө г ц
х у р и м т л а л а а
к о д ы г
д у у л г а н д
т и в э э р
с э д в э э с
д о н с о л г о о г о о
г ү ү р и й г
з э с э д
г у я а н д
т у й л а а
х а а л г а ч а а с
а ч а а г а а р
у ц а а р а а с
х о р и м о г ц
д а й ч и л г а а т а й
т и т м и й г
ц о х и о т о й
л е к т о р ы г
г а л з у у р л а а р
т о с н о о с
б а р м е н и й г
у р г а ц а д
х ү ч э э
ү р ч л э э н и й
и ч э э г э э р
ү з ү ү л б э р т э й
ц э н г э л т э й
х а а н а а с
а р и у т г а л а а р
б а й л д а а н а а р
н ү х э н д
з о р и л т т о й
г у я ы г
ш у н а л ы г
б ө ө н д ө н г ө ө
х о ч и н д
б а р и н г а а
в а л ь с ы н
д э л х и й г э э с
з а л у у р т а й
н а а д а м т а й
д а м а а
и м и й г
з а л у у р т
х ө д ө л г ө ө н ө ө
с а н у у л г ы н
с у в д а а с
т а м а а р
м ө р д ө г ч т э й
ө н г ө л т ө л
х у л у у г а а
х у я г а а
х о в и л д
с а в л у у р т а й
н э х и й т э й
т о в ч л о л ы н
о р о м ж о о с
э д э л г э э н д
ү р э э р
п р о д а к ш н т а й
ё г т л о л о о р
д о н т н ы
э р х э с т э й
у р а г ш л ъ я
х ө р ө н г ө т н ө ө р
т у й л ы н
с о н и р х о л т о й
ш у н а л д
б ө ө л ж с ө ө
к о д о о
м э н г э н д
с о р и л т ы г
с о р у у л ы н
г а р и г и й г
ц у г л у у л а г ч и й н
н и й г м и й г
м а р к е т и н г т
н и д р ү ү л э г т
у л а н г и р а а с
у у р ш и л т т а й
о р о л д л о г ы н
х ө ш ү ү р г и й г
ш у у д а н ч и д
т а с а л г а а н ы
и л г э э г ч и д
д а р х л а а г а а
г э р л э л т э э р
о й л г о л т т о й
т а с л а л т т а й
ш а т а а г ч т а й
э в д э ч м э г ц
ө г ө ө ш н и й
м а н д о л и н ы
э в д э ч ч и х
ш у д а р г а а р
ш ү р ш и г ч э э р
х ө л с л ө г ч и д
ч и в ч ү ү р т э й
ц и л и н д р э э с
з ө в л ө г ч и й г
б а р м е н д
э д э л г э э н и й
х э л м э г д э в
м ө р д ө г ч ө ө с
ж о о т у у г а а р
ц у л б у у р а а с
м ө л ж л ө г и й г
ү н э л э м ж э э р
э в д ч э э с э й
з у г т у у л а а р
н и й л б э р э э
у у р х а й г а а р
д а г а в р а а с
к о м п а н и й н
з ө в л ө м ж ө ө р
с а м п и н г а а с
х о р в о о г о о р
м а с ш т а б ы н
с э ж и г т э н д
ш а т а а г ч и й г
т у у л а й н а а с
б а р и л г а а р
б и о л о г и д
х ү ү х э л д э й н
х ө г ж и м ч н и й
ш о х о й ж в о л
ш и л ж и л т э э р
ш ө в х ө л ч и х
м а с ш т а б т
ө с г ө л т и й н
у у р х а й н а а с
с о н и р х л ы г
б а д м и н т о н ы
с о н и р х о л д
а н а л и з т а й
б а й л д а а н ы
д э м ж л э г э э с
х у й л а а с ы г
б ү л э г л э л э э
т ү л х ү ү р и й н
к о ф е н о о с
х э р с ү ү г э э р
т о н ш у у л т а й
х а л ь с а н д
х э р э г ц э э г
ш у м б а г ч и д
ц а г д а а г а а р
я л г а л т т а й
х а м т р а л а а с
г у л с у у р а а с
э р д э м т э н д
б у у д л а г ы н
о п е р а т о р ы г
с и н д р о м т о й
х у в ь с л а а р
н и с г э г ч и д
г у л с у у р а а р
т о в х и м л ы н
б а р и м т а а с
х ү н д р э л и й г
э в д р э л т э й
х у й л а а с а а р
з о р ч и г ч о о
с и с т е м э э р
с и м ф о н и о с
д а г а г ч и й г
д а р у у л г а а р
ц а г д а а т а й
с и м ф о н и й г
и ж и л с л э э р
д у т а г д л ы н
о й л г о л т о д
с э ж ү ү р э э р
х а м т р а л а а р
т у р ш и л т а а
д а в х а р г а д
у у р х а й г а а
о й л г о л т ы г
к о ф е й н о о р
у с т г а л т а й
н ө м р ө г т э й
т ү л х ү ү р и й г
з а р ч и м т а й
х я н а г ч и й н
б а р и л г а а с
н а й м а а г а а р
б о д р о л т о й
з э в ү ү ц э л д
э в д р э л и й г
ү й л д э л т э й
б а р и м т т а й
х а р у у с л ы г
б о д о л т о о р
ү с р э л т и й н
н а а л д ц а а с
э з л э г ч и й г
ж о о т у у г а а
у р а г ш и л с а н
у н ш и г ч т а й
х а р у у с л ы н
н а й м а а т а й
х о ц р о г ч о о
н о м л о л т о й
а г ш и л т а а р
х а л д л а г а д
з ө р ч л ө ө с
т э н ү ү л т э й
ё с о л г о о г о о
х о т о ж с о н
х а в ч л а г а а
с э ж ү ү р и й н
б ө ө н д с ө н
х о т о ж ч и х
х а ш л а г а н д
х о т ж и л т ы н
у у р ш и л т ы г
у у р ш и л т а а
д а г а г ч т а й
ш о х о й ж т о л
д ү ү ж и н г э э р
з ө г и й г ө ө р
з ө в л ө г ч и д
ш у у р г а т а й
б а р м е н и й
ү р г ү й д э л д
б и е л л э э р
м ө р д ө л т ө д
ө н г ө л д ө г
ж и г ш и л т э й
з у р а а ч и й г
ш и л ж и л т э д
б а х а р х л ы г
с а н х ү ү ч э э
ш ү р ш и г ч и д
х у л м а с т а й
х у у л ь ч а а с
б а т ж и л т а д
х а н д и в т а й
х у й л а а с н ы
м э р г э ш и л д
к о ф е й н о о с
х а г а р а л д
х у у р а й г а а
ү з э г д л и й н
ш ү ү л т ү ү р т
ч и й г ш л э э с
з у г т у у л а а
с о р в и н о о с
х э в л э л э э с
с о р и л т т о й
х а р в а л т а д
м э р и й л т э д
х у у л ь ч а а р
а в х у у л а в
х ө г ж и л т э й
и н д у к ц и й н
б и е л л э э
с о р о н з т о й
х а й р ц г а а с
б а р и м т а а р
з у г т у у л ы г
г а р и г т а й
а н г и л а л д
а д м и р а л ы г
ц э ц э р л э г т
з ө р л ө г ө ө с
б о д р о л о о р
б а р м е н э э р
о н о ш н о о с
ш у н а л т а й
м ө г ө ө р с ө ө
а м л а л т а а р
э м н э л э г т
и л л э г т э й
х и ч э э л и й г
б э э л и й г э э
о р л о г ч о о с
н о г т н о о с
т у у р а й т а й
д о г о л д о л д
б и е л л э э с
б ө ө н д м ө ө р
б а р и м а г ц
т а г т а а г а а
х а м т р а л ы г
у р а г ш л а в
т а р а а л т ы н
ү р ч л э э т э й
т а р а а л т ы г
ц а ц р а г а а с
т а р х а л т а а
н э х и й г э э с
б у у д а л т а й
б а р и м т а д
б ү р э э с т э й
д э э в э р т э й
т э в ч э э р э э
х у ч л а г а д
ш и в н э э т э й
с о р в и о
х а н г а л т а а
з у р а а ч а а с
х а н д и в а а р
д э э в р и й г
ц а в у у н а а с
ц о ч р о л ы г
о п е р а т о р т
б у у р ц г и й н
з у л а й т а й
з о р и л т ы н
с а м у у н а а р
ш у у р г а а р
б ө г л ө ө г ө ө р
с у д л а а ч и д
д у у н ы
ч и й г ш л и й н
ф а ш и з м ы г
ш ү т э э н э э с
ш и л ж и л т э э
ө г ө ө ш н ө ө с
д а х и л т а а р
а г ш и л т т а й
я л г а л т ы н
б о д р о л о о с
г а х и у р а а с
з а л у у р а а с
о р о м ж т о й
я л г а л т ы г
ү с р э л т э э
к а п с у л а а
е р т ө н ц ө д
м э н г э т э й
м о д е л и й н
з у р в а с а а р
г а х и у р а а р
б и ч э э с н и й
ө г ө ө ш и н д
т о н ш у у л а а
х ө г ж и л т э й
с ү л ж э э г э э р
а а л з н а а с
я л а г д л а а
т э в х э д ь е
ц о ч р о л о о с
ц и р к и й н
х и й л ч и й г
х о т о ж в о л
б о д и с т о й
ш у у р г а н а а с
т а в и у р а а с
а м л а л т а а
э м э г ч и н д
х о р ь ё
з ө р л ө г ө ө р
х у ч и л т а а р
н о г д л о о р
у р в а л а а р
у ц а а р т а й
х о х и р л ы г
с и м ф о н и о
н у х ц ы н
я н д а н г а а р
т о в ч и й н
т у л а а н а а с
с а р х д а а р
с а н а л а а с
э м э г ч н и й
а м ж и л т а а р
ц о х и у р а а с
н ө л ө ө н и й
о р г о д л ы н
б а р ь с а н
г у л с у у р а а
т а г т а а н ы
о н ц л о г о о
б о л ж м о р т
г а р и г а а с
ү ү с э л т э й
с э ж ү ү р т э й
х ү н э э с
з а р л а г ы н
у я н г ы н
м о о д н о о с
я д а р г а а г
д о л г и о г о о
х о н х н о о с
и р г э н э э р
б а х а р х л ы н
д у г у й т а й
а м ь д р а л ы н
б ө ө н д в ө л
т а х и а г а а р
ё ж л о л т о й
б о д о л т о д
э н г э р и й г
б а д а г т а й
э р г ү ү г э э р
з а р л а г а д
х ө р г и й г
б а й д л а а р
ш и в н э э г э э
а л д а р т н ы г
д а х и л т а а с
б у р т г а а р
б а р и л г а д
э х л э л и й г
х о р и в о л
т е к с т э э р
а ж и л л а л а а
х ү ч н и й
у г ж н а а с
н у х а ц т а й
с о р и л т о о
и л л э г э э с
с у у ц а д
д ү ү ж и н г э э
д о р г и о н ы
а м ь с г а л ы н
о н ц л о г т
т е к с т и й н
б о л з о о г о о р
с л а й д а д
н ү ү д л и й н
э ш л э л и й н
з у г т у у л д
ү е э л и й н
а х м а д а а с
м о д е л и о р
х ү н д р э л д
э м н э л г э э
а л х а а г а а р
к о ф е г о о р
э э л ж и д
х а н д и в ы г
ш и л б э н и й
н а а д м а а с
ч и м э э т э й
ж и г ш л э э р
х а л ь с т а й
г а д а р г ы н
ү з э м ж и й г
х у у л ь ч а а
с о й з н о о с
б о с г о о с
н ө л ө ө н ө ө с
х ө г ж л и й н
з ө ө г ч ө ө с
х ө г ж л и й г
ц ө м ч ь е
а н г и л л а а
х у л у у н а а с
а н к е т т а й
т у л а а н а а
и л л э г и й н
к о ф е й н ы г
ц о ч р о л ы н
н о г т о н д
р о б о т о о с
д а х и л т ы н
с у у р и а с
ц а а с н а а с
я л г а л т а д
ш о р о о т о й
г а й х л ы г
х ө г ж л ө ө р
а д г у у с ы г
т е к с т т э й
ф а ш и з м д
э м э э л и й г
т у у л а й г
б у р т г а а с
г а й х л а а с
ё р о о л о о р
ж о о т у у н д
ч а н а р а а р
э т г э э д э э
ө в д ө г н и й
с а н а а т а й
с а в н а а с
х э в ш л э э с
а м и н а а с
х у у д с а н д
х у р и м ы г
б и е л э л д
ж ү ч э э н д
г а х и у р ы г
б о р ж и н д
х а ш а а н а а с
х э р г и й н
х э в л и й д
ш и л б и й г
у с т г а л а а
к у р с и й г
с у у р и й н
х у я г а а с
з э м л э л д
л о г и к и й г
ц о х и о г о о
д ө н ж и й г
у г ж н ы
ш э э с э э с
б ү р э э с э э р
ү ү р г э э с
ц а в у у г а а
х а в ц л ы г
с л а й д ы г
и с г и й н
т а в и у р а а
м ө х л ө ө с
г а х и у р а а
б о с г о д
ч и м э э г э э
н о м л о л д
у р х и т а й
ж а н ж н а а
в а л ь с а а р
а л х а а н а а с
х у у р а й д
б а д г а а р
ү ү р г э э р
х ө ш м ө г ц
э ц э с т э й
а а л з т а й
б о л з о о г
т у у р а й н
ш у у д а й н
ш и в н э э н и й
ц а х л а й г
з ү ү л т э э с
н и й г м э э
н а й з т а й
г у л с у у р т
ж а н ж и н д
т у л а а н ы
с о й з о н д
б а г ш а а с
б а д г а а с
ү р ч л э э г
я л г а а г
д а л а н г и й н
н о ё н т о й
с у у ц а а с
ө ө х н ө ө с
х а я г а а с
т а х и а г а а
а в а а р ы г
х о р ь с о н
а ч а а н а а с
ц о о ж и й г
б а й н г а а
а л д а р т н ы
б а я р а а р
з ү р х и й г
д у н т а й
х а л ь с а а р
г а л у у т а й
б э э л и й д
а р г а т а й
г а л у у г а а
а х м а д а а р
з а а г и й г
р о б о т ы н
г а й х а л д
х э в л и й г
б э л д
х и ч э э л д
н и й ц л э э
у ц а а р ы н
т у у л а й н
ж а я г и й н
х у а н л и а
б о д л о о с
с а н а а г а а
х у н г а а с
э э л ж э э с
э р д э с т
х у д г а а р
у ц а а р а а
х а р а а н ы
а ч л а л ы г
э в с л и й г
х ө ш т ө л
ц а х л а й д
т а н г о н д
ү е э л э э р
с у у ц т а й
т ө р и й г
т и т м и й н
д э э с и й г
д ү н з и й г
с у в г а а с
х ө ш д ө г
х ү н д и й г
н и й ц э л д
ү й л д л э э
ж о д о о н д
у с т г а л ы г
б о д л о о р
ү с ч н и й г
н у х ц а д
а р с л а н д
г о р х и о
з ү р х э н д
з ү р х э э с
г ү ү р н и й
н ө м р ө г т
к а р т т а й
у р л а г а а
з ү л г э э с
х ө т ч и д
т ү ү х и й г
д у р а н д
ш ү т э э н д
х о в с ы г
э н д л и й н
и л л э г э э
х а ш а а н д
э р х с и й н
з ү л г э э р
х а р а а н д
ё ж л о л д
с а н а л ы н
т о в ч и й г
с а н а л ы г
у у л ч н а а с
м ө н х ө ө с
ш у н а л ы н
с э ж ү ү р т
о р г и л о о
с о й з о о р
з ө ө г ч ө ө
у я н г а а с
э в э р т э й
п и н г э э р
ө м ч и й г
т о в ч и н д
э м э э л э э
ш у у р г ы г
н и й г э м д
н э р и й г
ү е э л э э с
х ө р г ө ө р
б а р ь ч и х
у р и а н а а с
у с т г а л д
н у р у у н ы
ө р ц ө ө р
з ү ү л т э д
ц а р а й н
а в с н а а с
я а м н ы
с у в г а а р
м ө х ө л д
э х л э л д
о р м о о р
х о в о о г
о н о о г о о р
б у у д а л д
к л у б и й г
ч а н а р ы н
б у у д л а а
ч у л у у г
з а р г а а с
х о ч т о й
ш а р ы н
с ү й т э й
х а н ш а а р
х ө ш ч и х
н а а л т а д
у я н г ы г
б э л и й н
б э л т э й
х ү н д э э р
г а л у у н д
я н д а н д
о й л т ы н
н у г а с а а
о й г о о с
х о в с ы н
ө ө х ө н д
т а л х ы г
с ү р э э с
б о х и й г
э н д л э э р
б э р и й г
э в с л э э
д ү н г э э р
х а л и м д
с у в г а а
ц ө с ө ө р
х э л и й г
х у я г т а й
з а р а а н ы
с ү с г э э
с а в а а р
э г ч и й н
ү н э э с
а а л з а а
х и р с э э с
ү ү р э г т
ө в л ө ө с
ү н и й г
а в с т а й
з а р г ы г
ц а а с н ы
г о л о о с
а р х и й г
и ш т э й
ө р ц и й г
а р х и а р
х у р д а а
х а р а а г
х а а н ы г
б а д а г т
о в г и й г
с у в д а а р
у г ж а а р
х о н х о о
д а м а а с
ж и ч и й н
с у в а г т
ү р т э й
с ү р э э р
а ш г а а р
б о г ц о о
ө в л ө ө р
д а л а н г
и ч э э г э э
з а в и й г
н у у р ы г
б э р э э с
н у р у у н д
ш а т а н д
д а м а а р
о н о ш о о
э в с э л д
н о г т о о
ө д н и й
э э л ж э э
д э л э э р
б у т н а а с
о в р о о
н а с а н д
м ө н х ө д
ц о м о о с
у р х и а
ш ү д э э с
у р и а н ы
э н д э л д
х и р с э э
т ү ү х э э
а м т т а й
д ү н з э э
ү ү л э э с
э н д л э э
к о д ы н
г у я н ы
и с г э э
ө в ө л д
н а й з а а
ө р ө ө г ө ө р
к о д о о с
х и р с т
б и е э р
э г ч и д
а л т а а р
о р м о о
ц о м о о
г о л ы н
э д и й н
х ө д с ө ө
н а с а а р
т о в ч о о
а р г ы н
х ү н и й г
м о о д о о
у р и а н д
х о ч и й г
о в о р т
о н о о г о о
л а а н а а с
б у т а а р
о р м ы г
т и в э э
т а м ы г
б у т ы г
о с л о о
о с л ы г
н у м а н д
д а м ы н
у г ж а а
ү ү т э й
ш а т ы г
а л т н ы
я а м т а й
з а в и а
ш а т н ы
ө р ө ө г
з а й н
у д м ы г
а ш и г т
а м т а а
я а м а н д
о р о г н о т о л
п и н д
д ү н г
э д э э с
а р г а а
д о в о о
д о в ы г
д ү н д
д у у н д
б э р д
е г ө ө д л и й н
п и н г
и ш и д
ж о р д
а д ы г
я в ц т а й
э д э э
ү ү г э э
а д а а
я в ц а а р
я в ц ы г
а я а
ү р д
