l e i s   a n   b h f o t h i o n ó n t á n
c e a r t a í o n n   s i b h
l e i s   n a   h e i p i d é i m e o l a i t h e
d á   n - a i r e a c h a s a í t e á
a   t h o g h f a i d h
n a   b h f ó t a c h l a o n m h é a d a r
g r e a n n a í o n n   s i b h
d ' f h a n f a d h   s i b h
a n   t s u i r b h é a r a
n a   s u i r b h é i r í
a n   i n n i l l   f h u á l a
f r i t h - c h a i t h m h é a d r a c h t a
l e i s   a n   s í o l   o i s r e
l e i s   a n   r a d a c a c h a s
l e i s   a n   g c o l l a c h
a   c h r o i n i c e o i d h
p r e s e n t
l á r i o n a d
n a   n - a i l l é i r g i n
n a   h a i l l é i r g i n e
a n   e i p i d é i m e o l a í
a n   b r i s e á n   m i l i s
n a   d é s h u i l f í d e
p r e s e n t
t a i s c - c h e a l l a
t a i s c - c h e a l l a
p r e s e n t
n a   f r i t h - c h a i t h m h é a d r a c h t a
c a i l l í   d u i b h e
a   d h é a d a l t a
l e i s   a n   n e a m h c h o i n n e á l a c h t
u r g h a i r e a n n   t ú
n a   h o i r i ú n a
l e i s   n a   B o i l s é i v e a c h a i s
l e i s   a n   b h f ó t a c h l a o n m h é a d a r
l e i s   n a   c e a r d c h u m a n n a i g h
a n   c h l u a s l a
n a   g c l u a s l i a n n a
a   t h a i r g f e a d h
l e i s   a n   r í o m h b h a i n c é i r e a c h t
l e i s   n a   S u a s a l a n n a i g h
g o   n - a t h s h o n a   s i a d
n a   h a i r n e
l e i s   a n   m b l a s t ó i r   f í o n a
n a   n d u i l l í
a n   t - i n n e a l l   f u á l a
l e i s   a n   r a d a i g h n í o m h a í o c h t
a   v í r e o l a í o c h t í r e o l a í o c h t a
l e i s   a n   m b r a t h a d ó i r e a c h t
i n n i l l   f h u á l a
l e i s   a n   g c a l r a i m é a d r a c h t
l e i s   a n   x é a r o f t a i l m i a
n a   b p r í o m h o i f i g í
n a   p r í o m h o i f i g e
a   s h í o l t a   o i s r e
n a   B r ú n g h l u a i s n e
d í t h i o m s ú
l e i s   a n   S u a s a l a n n a c h
n a   h i a r s m a l a i n n e
n a   n - i a r s m a l a n n
l e i s   n a   f o s h a l a i n n
g o   m b r e o i t e a r
n a   d ú t h a í
a   b h o n n e a g a i r
l e i s   n a   s e a c h b h ó i t h r e
n a   m b a n d r a í o d ó i r í
l e i s   n a   h e i p i l i m n i a i n
a n   c h o m h c h i a l l a c h a i s
n a   b i b l e a g r a f a í o c h t a
l e i s   a n   m e a t á n a i g i n e a s
l e i s   a n   i n f h o s t a i t h e a c h t
a n   B h r ú n g h l u a i s n e
n a   n d á n l a n n
l e i s   a n   m b r i s e á n   m i l i s
t u i s c i n t
n a   h é i m í r í o c h t a
a   c h a i l l e a c h a   d u b h a
l e i s   n a   M o n g ó l a i g h
a n   b h i l e o g   s h ú i l e
n a   r é i m s e t h e o i r i c e
a m f a p ó d
l e i s   n a   f u i l l e a m h ó i r í
l e i s   a n   v í r e o l a í o c h t í r e o l a í o c h t a
n a   v a i d h t é i r e a c h t a
l e i s   n a   h e a l a í o n t ó i r í
a   b h i l e o g   s h ú i l e
A r a b a c h
a   L i c h t i n s t é a n a c h a
a   d h o l a d h r o i c h e a d a
a n   d í o g r a i s e o r a
n a   n d í o g r a i s e o i r í
l e i s   n a   f o c h l ó i r í t í
n a   m b i t s e a c h
l e i s   a n   v a s á i l l e a c h t
A e t ó p a c h
n a   s t é a r ó i d i g i n e a s
l e i s   a n   b h f u i l l e a m h ó i r
g o   n d í t h i o m s a í t e a r
a n   v a i d h t é i r e a c h t
d á   n - a i r e a c h a s a í o d h   s é
g o   n d í t h i o m s a í   s i a d
l e i s   n a   h a i l l é i r g i n
a t h s h o n a n n   s i a d
l e i s   a n   s a c s a f ó n a í
n a   f ó t a i s i n t é i s e
l e i s   a n   t a i s c - c h i l l
a n   l i o p a - d h é a d a i g h
L i c h t i n s t é a n a i g h
l e i s   a n   n G a i m b i a c h
g e a r r s h n á i t h e a n n a
n e a m h c h o i n n e á l a c h t a
n a   s o b a l d r á m a í
n a   b h f o c h í o s a i t h e
a n   f h o c h í o s a í
l e i s   a n   o l l p h l á i n é a d
a   s h o c h e a c n a m a í o c h t
a   s t é a r ó i d i g i n i s
a n   t A i f r e a n n a c h
l e i s   a n   b h f o s h a l a n n
n a   n - e i p i l i m n i a n
l e i s   a n   b h f o i r f í o c h t
l e i s   n a   S a s a n a i g h
l e i s   n a   h i r i s l e a b h a i r
n a   h i a r s m a l a n n a
n a   n - a l g e o l a i t h e
í o c ó n a g r a f a í o c h t a
g o   n - u r g h a i r e   t ú
n a   c n á i m h s e á l a i t h e
d á   n - a t h s h o n a d h   s é
a   f h o - c h o m h f h i o s
f a b h t a n n a
a n   t e i l i m é a d r a c h t
a   e i p i d é i m e o l a i t h e
d ' a i r e a c h a s ó i n n
g o   n g r e a n n a í   s i a d
a n   g h n é a s a í g h
n a   b h f o - r ú i b r i c í
f í l i g e o g r a f a í o c h t
g e o c r ó i n e o l a í o c h t a
l e i s   a n   b h f o c h í o s a í
l e i s   a n   n g n é a s a í o c h
n a   d o l a d h r o i c h i d
n a   s t é a r ó i d i g i n i s
a n   g e a r r s h n á i t h e
l e i s   n a   r e i l i g i ú i n
l e i s   a n   m b o n n e a g a r
s o c h e a c n a m a í o c h t a
l e i s   n a   f a b h t a n n a
g o   n - a i r e a c h a s a í   t ú
g n í o m h a i r e a c h t a í
a n   f é i n r i a l t a s
n a   m b i l e o g   s ú i l e
a n   i n f h o s t a i t h e a c h t
L i c h t i n s t é a n a c h
l e i s   a n   I o s l a m a í
b r i s e á i n   m h i l i s
l e i s   n a   f o - r ú i b r i c í
c e a r d c h u m a n n a i g h
n a   c i a r ó i g e
n a   g c i a r ó g
l e i s   n a   d é a d a i l t
t e i c n e a l á r n a c h a s
l e i s   n a   s c u i d e a n n a
l e i s   n a   r o g h c h l á i r
n a   n g e a r r s h n á i t h e a n n a
n a   n A i f r e a n n a c h
d á   n d í t h i o m s a í t e á
d á   m b r e i s í o d h   s i b h
l e i s   n a   b a n ó s t a i g h
l e i s   n a   s u i r b h é i r í
a n   f ó t a - i a n ú c h á n
a   b h r é a g t h a c a i l í t
a n   i n t u i g t h e a c h t
l e i s   a n   a b a r t h a c h t
a   d h o r d v e i d h l í n í
f ó t a c h l a o n m h é a d a r
a n   j a b a i r e a c h t
a   n e a m h - m h e á n a c h t
d á   n - a t h s h o n a i d í s
a n   c h é a d p h r o i n n
f ó t a c h l a o n m h é a d a r
d ' a t h s h o n a d h   s i b h
g n í o m h a i r e a c h t a í
c e a r d c h u m a n n a c h
n a   h o l l p h l á i n é i d
l e i s   n a   f e i m i n i t h e
l u a c h - c h o m a o i n e
g h r e a n n a í o d h   s i b h
l e i s   n a   f o r é i g i ú i n
g h r e a n n a i g h   s i a d
d h í t h i o m s ó i n n
l e i s   n a   l á r i o n a i d
n a   n g u n n a d ó i r í
n a   X - g h a t h a n n a
a   v a i d h t é i r e a c h t
d é s h u i l f í d e
l e i s   n a   g a r á i s t í
c h r o i n i c e o d h   s i b h
r a d a c a c h a i s
n a   n - o l l p h l á i n é a d
a n   o l l p h l á i n é i d
n a   s í o l t a   o i s r e
a   i n f h o s t a i t h e a c h t
l e i s   n a   c a r r a i g e a c h a
n a   n - o r t a i p é i d i t h e
r a n n p h á i r t e a c h a s
s o c h r e i m t h e a c h t
g h r e a n n a i g h   s i b h
l e i s   a n   L a i d i n
l e i s   a n   m b i t s e a c h
d ' a i r e a c h a s ó i m i s
a   m h í g h e a n m n a í o c h t
n a   d t a i s c - c h e a l l
l e i s   a n   n g a r á i s t e
l e i s   a n   r o g h c h l á r
g h r e a n n a i g h   s é
g o   n - u r g h a i r e   m é
l e i s   a n   g c l u a s l a
a n   n e o i d i m i a m
d ' a t h s h o n a d h   s é
l e i s   a n   g c a r r a i g
a n   c h o m h r i a l t a i s
a   d h o r d v e i d h l í n
b l a s t ó i r í   f í o n a
a   s h e a d a d h
n a   m b o n n e a g a r
d ' f h í f e a d h   s i b h
n a   b p i n g i n í
c a l r a i m é a d r a c h t
l e i s   a n   m a o s c h l á r
e i p i d é i m e o l a i t h e
r é i m s e t h e o i r i c í
a n   t e i l e a g r a i f
n a   h í o s t a o b h a n n a
d á   n - i o n s a í o d h   s i b h
n a   c r ó n a l u a d a i r
a i r e a c h a s ó i d h   m é
B o i l s é i v e a c h a s
B o i l s é i v e a c h a s
d ' f h a i l l í o d h   s é
a n   t s a c s a f ó n a í
l e i s   n a   m a l a i c í t í
r a d a i g h n í o m h a í o c h t
a   s h a c s a f ó n a i t h e
l e i s   n a   l a c h t a n n a
l e i s   n a   s i m e a t á i r
d á   n g r e a n n a í m i s
d ' a t h s h o n a i m i s
a   f h u i l l e a m h ó i r í
t h a i r n g r í o d h   s é
