f í m
f a n
g o b
a   e a g a i r
a   i a r n r a
m i a s
f í m i d
a   l u a f a i d h
t u i g
l u í
a   m h i a s
ó s t a
p ó l ó
r u ó g
t o g h
f o r c
a   d ' f h a n a d h
n a   n ó i n í n í
l u í f e a r
e a g a r
c o r c
a   b h a n - n a o i m h
a   a e r a c h l á r a
l u í n n
a   c h a i l l e a c h   d h u b h
m o n a r c
l i ú i t
r ú n a í
f í o d h
g a l a r
á r a c s
l u a i m
c o i r c
a   l u a i n
a   s h ó p a
d í o m á
f i t e a r
ó s t a í
s c u i d
a d ó i b
d u i l l e
f a n t a r
e a g a i r
e a g a i r
b a r ú l a
X - g h a
b o l l ó g
l í n í t e á
s í o t a í
X - g h a
d í o m á
g a l a r
g a s r a
n ó i n í n
b u i l í n
b u i l í n
p a r d ó g
s t á b l a
t u i g i m
t o g h t a r
a n   o i t i r
c i s t i n e
b r e o i m
f a n f a r
a   a i f í s
m í r e a n n a
p o s t a í
t r o i s c
g l é i n e
g l é i n e
f a n a i m i d
e i t r í
t r o i s c
l a c h t a
a   p h ó l ó
c o l l a c h
t a i c í n
m e á n n a
a i n n i r
c r o s ó g
m o n a r c a í
a s c a i s
g a l a i r
c ó n a í o d h
n a   g o b a
q u i n í n
i o n s a í m
i o n s a í m
l í n í t e a r
l í n e o f á
f a n a n n   t ú
g l é i n í
i o m á n a í
a   s t á b l a
i o m á n a í
l í n í d í s
a n   c h é i r
ú i r i a i l
a p s a i n t
a   a r a i l t
b r e o i g h
a   g h a s r a
a   g h l a c
s i c e á i n
n a   g l a c a
d i n g í n í
o s c a i l t
l í n e o f a r
a n   f o r c
a   g h l a c a
b u i d é i l
i o n s ó f a r
l í n í n n
f e i m i n í
l u i t e a r
a   f h a n a n n
a i n n i r e
g o   g c ó n a í m i d
s l e á n t a
r é a d ó i r
c a b a i r í
c r o s ó g a
t a i c í n í
t r é a d a í
l á n s t a d
c ó r a i m
m a t r a r c
p a r d ó g a
g o   l u í   s é
c ó n a í g í
t h o g h t a í
a t h s h o n
d ' f h í f í
f o s h r u t h
s l i p é i r
m i o t a i s
a n   p h u t ó g
a   p h u t ó g
l í n í m i s
g o   b h f í   m é
r o c a c h t
m i o t a i s
c a i d h p e
a l t a
a   ú i r i a l a
a n   l i ú i t
g r e a n n a i g h
f o s f á i t í
g o   b h f í   s é
c a b a i r e
m i a n a c h
l u a i d í s
c o m h l a í
a n   a i f í s
t h u i g   s é
a n   g h l é i n e
t h u i g i n n
d ú t h a i g h
b u i d é a l
a   b h r e o i g h
n a   l i ú i t e a n n a
c r é a c h t
s l i p é a r
i s i c í m í
i s i c í m í
a n   t - a r a l t
s l e á n t a
t o g h a i m i d
f a n a i d í s
b r e o i m i s
d á   l u i t í
s c a m h ó g
a n   s t á b l a
g o   l u í   m é
c i a r ó g a
p a r d ó i g e
a   d ' f h í f e a d h
c a b a i r í
n a   n - ú r u i t h e
a   b h r e o d h
b a r ú l a c h a
g a i r d í n í
a n   c h n á i b
c r u i c é a d
f a n f a i m i d
c é a r a c h a
g e a r r t h ó i r í
a   o s c a i l t
f e i r m e a c h a
d ' f h i t e á
g r e a n n a í t e a r
a   c h ó r a i m
g a i r d í n
n a   s c é i m e a n n a
n a   s c é i m e
a   r é a d ó i r
a n   m o n a r c
t a i r g t h e
a i n n i r e a c h a
f e a d a í l
a n   s l e á n
a   n e o d r ó i d h
c i s t i n e a c h a
a n   d á n l a n n
c r á b h a d h
c é a r a c h a
a i f é i l e a n
X - g h a t h a n n a
n a   m é i r e
d é a d a i l t
f e i s t í g í
i a r s m a l a n n
t h a i r g   t ú
t i o m n ó i r
o i r i ú i n t
m a l a i c í t í
c e a r t a í m
b o n n e a g a r
a   l í n e o i d h
m í m h ú i n t e
t h a i r g f í
c e a r t ó i d h   m é
t h o g h   s i b h
n e o d r ó f a r
d á   l í n í m i s
n a   s c u i d e a n n a
m a l a i c í t í
m e a t á n a i g i n e a s
g r í o b h á i n
g o   l í n í   s é
a   l u a f a d h
s e a l b h a i g h
b h r e o f a í
f o c h é i m í
t h u i g i d í s
r é a d ó i r í
d é a d a i l t
t h o g h a d h   s é
g u n n a d ó i r
a   t h r é a d a í
g r í o b h á n
a   b h u i r b e
t r é a d a i t h e
g a r á i s t e
a n   ó s t a
i o m á n a i t h e
a   a p s a i n t
b a i r d é i r í
a n   d é a d a l t
a i p s i s e
