a n   t - i r i s l e a b h a r
c ú l - l í n e
f u a i m f h o c l a í o c h t
f í f e a r
g n é a s a c h a s
v a i d h t é a r a í
c ó n ó i d h   t ú
n a   f o - g h r ú p a í
d ' i o n s a i g h   m é
n a   m e á n n a
g r e a n n a í o n n   s i a d
g o   m b r e o   m é
f í l i g e o g r a f a í o c h t
f o c h é i m í
n a   c o m h l a
c a r r a i g e a c h a
d á   n - a t h s h o n t a í
S a s a n a i g h
a n   r ú n a í
a e r a c h l á i r
t o c h l a í m
c r o i n i c i ú
l á r i o n a i d
n a   g c o l l a c h
c r ó n a l u a d a i r
t o g h a i g í
V a l d a i g h
n a   b i t s e a c h a
a   A i f r e a n n a c h a
A n g ó l a c h
c r o i n i c í o d h
l u í o d h   s é
a   c h o m h l a
c n á i m h s e á l a í
g r e a n n a í o n n   t ú
l e i s   a n   o r l ó n
d ' i o n s ó i d í s
a n   f h o - g h r ú p a
a n   I o s l a m a í
e a c h t a r c h i n í o c h a
l e i s   a n   ó s t a
s l e á i n
b e o g a i r í
a   m h e á n d o i m h n e a c h t
a   g h n í o m h a i r e a c h t
d á   d t u i g e a d h   s i b h
n a   h e a s u m h l a í o c h t a
m a o s c h l á i r
f ó i f í n i g h
s i m e a t á r
d á   n g r e a n n a í d í s
g o   l í n í m i d
b r e o f a i m i d
l e i s   n a   f ó t a s h r u t h a n n a
c l u a s l i a n n a
t a i f e a d f a i d h   t ú
t e i l e a g r a f
f o s h r u t h a n n a
f e i r m e a c h a
g o   b h f e i s t í t e a r
c e a r d c h u m a n n a c h
n a   b h f o c h l ó i r í t í
n a   g c l o i c h e á n
d h í t h i o m s a i g h   t ú
l e i s   n a   f o s h r u t h a n n a
d á   m b r e i s í t e á
b i l e o g   s h ú i l e
p i n g i n e
l i o p a - d h é a d a i g h
c h ó n ó f a í
n a   n - i o m á n a i t h e
a m c h r i o s
a n   h i p e a m á i n e
a n   a i l l é i r g i n
h i p e a m á i n e
l e i s   a n   s e a d a d h
d á   g c e a r t a í t e á
t a i r g f i d h   m é
n a   s í o l t a   o i s r e
a n   c h o i r c
L i c h t i n s t é a n a i g h
t h a i f e a d a i n n
u r g h a i r t e a r
e a c h t a r c h i n e
a   a i r n í
d é s h u i l f í d
g h r e a n n a í d í s
a n   a r a i l t
l e i s   a n   b p ó l ó
d á   d t a i r g i d í s
l u í m
n a   n g e a r r t h ó i r í
a n   l á n s t a d
a   f h o c h í o s a í
b r o n n t a n a i s
d í t h i o m s a í o n n   s i a d
d ' a i r e a c h a s a í o d h   s é
a   s m u t m h a d r a í
s e a l b h a i g h
t h u i g   m é
