s c é i m e a n n a
a i f é i l e a n
b r e o i t e a r
b r e i s e o f a r
c l o i c h e á n
n a   s u a n l i o s a n n a
a   r a i d e o l a í o c h t
a   p h r í o m h o i f i g
b a n s i ó g a
a s c a s
d ' f h a n t a í
d ' u r g h a i r f e a d h   s é
p o s t a í
a n   s e a c h b h ó t h a r
n a   g c a r r a i g e a c h a
a   g h r e a n n a í o n n
c h ó n ó d h   s é
a n   c h n á i m h s e á l a í
g r e a n n ú
t e a n g a i r e a c h t
a n   l a c h t a
l e i s   a n   m i a i l i n
a n   f o - d h o r d a i r e
a   r é i m s e t h e o i r i c
a n   b r u a c h a i r e
a   r u ó g a
o r t a i g i n i s
a n   B h é a r l ó i r e a c h t
a   a r a l t a
l e i s   a n   i s i c í m
a   g h e a r r s h n á i t h e
a   i n n i l l   f h u á l a
s í o t a í
é i m í r í o c h t a í
d ' a t h s h o n a i n n
g o   b h f a i l l í   s i a d
d ' f h e i s t í n n
a   g h e o c r ó i n e o l a í o c h t
a n   g u n n a d ó i r
d h í t h i o m s a í d í s
a n   s i c e á n
f o s h r u t h a n n a
a c o r d á n
c a i l l e a c h a   d u b h a
a i r e a c h a s a í o d h
l á n s t a d a n n a
d á   g c r o i n i c í o d h   s é
n a   s l i p é i r
a n   g n é a s a í o c h
n a   n g i n e a l a c h
n a   f o t h i o n ó n t á i n
n a   h e a l a í o n t ó i r í
a n   g h a s r a
n ó i n í n
a   d h á n l a n n
a l g e o l a í
b h r e o i t í
l e i s   a n   s l i s c h l á r
r o i n n t e
g r e a n n ó f a r
t o g h a n n   s i a d
c u i m h n e
f e i s t i ú
d ' f h e i s t e o i m i s
r é i m s e t h e o i r i c e
l e i s   a n   d ú t h a i g h
n a   r ú n a i t h e
g o   b h f e i s t í   s i b h
s c u i d e a n n a
a   i a r s m a l a n n
f o - g h r ú p a í
n a   g c o c h a l l
a   s h í o t a
l e i s   n a   d á n l a n n a
l e i s   a n   n é a r m h e a t h l ú c h á n
a n   t s i c e á i n
l e i s   n a   m a g a i r l í
l e i s   n a   f a b h t ó g a
a   d ' a i r e a c h a s a i g h
t h o g h f á
f ó t a c h l a o n m h é a d a i r
t a i r g f i d h   s i b h
f a i l l í o n n   t ú
á r a c s a n n a
c o m h r i a l t a s
ó g á n t a c h t
b r u a c h a i r e
n a   h a i f é i l i n
i n t u i g t h e a c h t a
n a   n d o l a d h r o i c h e a d
n a   s e a c h b h ó i t h r e
a n   c h a l r a i m é a d r a c h t
a   m h i o n d í o l t ó i r í
f e i s t e o i d h   s i b h
l u í g í
i o n s a í m i d
l e i s   a n   m a l a i c í t
m a t r a r c
b a n - n a o m h
s m u t m h a d r a
