a n   b h r o n n t a n a i s
a n   c h o c h a i l l
b h r e i s í t e á
n a   b h f e a r
n e o d r ó i d h   t ú
l e i s   a n   ó g á n t a c h t
l e i s   n a   m i a n a i g h
t h o c h l ó i m i s
f a i l l í o d h
l e i s   a n   a c h m h u s á n
n a   r o g h n a í o c h t a
h i o p o c s a e i m e
d á   b h f a n a d h   s é
l e i s   a n   m b r á
d á   b h f a i l l í n n
a n   c h i a r ó g
n a   n - a i n n i r e a c h a
n a   n - i r i s l e a b h a r
f í o n n   s é
r a d a c a c h a s
l í n í g í
f o r é i g i ú n
S i n g u l a r
c l u a s l i a n n a
l e i s   n a   l e a d h b ó g a
d ' u r g h a i r   m é
a   c h e a r d c h u m a n n a c h a
l u í f i d h   m é
f u a i m f h o c l a í o c h t a
m e á n n a
a   d ' f h e i s t i g h
u r c h o s c
n a   r a n n t a
l e i s   n a   d ó c h ú l a c h t a í
l e i s   n a   b o l l ó g a
t e i l i m é a d r a c h t a
l e i s   a n   b h f o c h é i m í
a n   c o c h a l l
a   t h r a s n a s c a
n e a m h - m h e á n a c h t a
l e i s   a n   d o r d v e i d h l í n
a   c h o c h a i l l
l e i s   n a   f o t h o r t h a í
c a i d h p
a   c h r o i n i c í o n n
b a n ó s t a i g h
f ó i f í n i g h
l e i s   n a   b é a l f h a r a i n g í
d í t h i o m s ó i d h   s i a d
g o   d t o g h a   s i b h
s l i p é i r
d í t h i o m s a í m i s
a n   e i p i l i m n i a i n
o r t a i g i n i s
a n   d í n i t
a   a l t a d h
a   g h a r á i s t í
s u i r b h é a r a
t r a s n a s c
a n   c h a b a i r e
a n   g h u n n a d ó r a
n ó i n í n í
u r g h a i r t h e
c h e a r t a i g h   t ú
a   j a b a i r e a c h t
b o l c á n a c h a i s
n a   l á n a i b í o c h t a
n a   m i a s
a   c h r u i c é a d
l e i s   n a   b i t s e a c h a
a n   r é a d ó r a
m a g a i r l e
a n   b h i t s e a c h
c ó n a í m i s
f a b h t
n e o d r ó i d h   s i a d
t a i r n g r e a c h t
t h a i r g   s i a d
f í n i ú n a c h a
m i o t a i s
X - g h a
b r a t h a d ó i r e a c h t
a i r n í
a   i o m á n a í
t u i g e a n n   s i b h
s t á b l a
d á n l a n n a
o r t a i p é i d i t h e
l e i s   n a   t r i ú i r
l e i s   a n   m í r
V a l d a i g h
g a s r a í
f a n f a i d h   t ú
B r ú n g h l u a i s n e
a n   s l i s c h l á r
f a b h t ó i g e
d o l a d h r o i c h e a d
n e o d r ó f á
n a   m b r é a g t h a c a i l í t í
a   b h a r ú l a c h a
