l e i s   a n   a r a l t
ú i r i a l
d ' a t h s h o n   s i b h
d ' f h e i s t í o d h   s i b h
a   m h o l t a í
a i n é i f e a c h t
t e i b í o c h t a
l í n e o i d h   s i a d
v í r e o l a í o c h t í r e o l a í o c h t a
l e i s   n a   c a i l l e a c h a   d u b h a
f o r é i g i ú i n
f a b h t ó g
b ó i r i c í n
s c u i d e
d á   b h f i d í s
l u a c h - c h o m a o i n
a r a i l t
b r á n n a
n a   f o - r ú i b r i c í
b h r e i s í n n
a   l í n i g h
d h í t h i o m s a i g h   s é
l e i s   a n   b p i n g i n
g l a c
a   t h o g h a d h
l e i s   n a   h a e r a c h l á i r
t o g h a d h
a   t h i o m n ó i r
s l i s c h l á r
d í t h i o m s ó f a r
f o - r ú i b r i c
d ' a i r e a c h a s a í n n
a   m h e á n o i d e a c h a i s
a n   m h a t r a r c
d ' u r g h a i r e a m a r
n a   h e i p i d é i m e o l a i t h e
í o s t a o b h
l e i s   n a   c é a r a c h a
n a   b h f u i l l e a m h ó i r í
c h ó n a í t e á
e i p i d é i m e o l a í
a n   t - a c o r d á n
l e i s   a n   h i p e a m á i n e
a   a m c h r i o s
a n   g h e a r r t h ó r a
g o   g c e a r t a í   s i b h
i a r n r a í
a n   m h e a t á n a i g i n i s
m í r e
c ú l - l í n t e
d í o g r a i s e o i r
r u ó i g e
a l g e o l a i t h e
a   b h a i r d é i r í
g l a c
m í r
a   m h e a t h l ú
a n   a i f é i l i n
n a   h i n t u i g t h e a c h t a
f a i l l e o f a r
a   m h o n a r c a í
g n í o m h a i r e a c h t a
a   l i o p a - d h é a d a i g h
l e i s   a n   n g l é i n e
t r a s n a i s c
d á   g c r o i n i c í o d h   s i b h
b a i r d é i r
a n   d e a r n a d ó i r e a c h t
l e i s   a n   m b e i r i l l i a m
b e i r i l l i a m
l e i s   n a   r a n n ó g a
n a   m b u i l í n í
i a r n r a í
a n   c h l u a s t u i s c i n t
n a   n - i s i c í m í
t o c h l ó i d h   m é
a   m h i o t a i s
l e i s   a n   d í o g r a i s e o i r
a   f h é i n r i a l t a i s
l e i s   a n   b h f é i n r i a l t a s
a   c h o m h r i a l t a i s
a n   f h ó i f í n i g h
a n   a p a l a c h t
n a   s i m e a t á r
x é a r o f t a i l m i a
l e i s   n a   g e a r r t h ó i r í
d ó c h ú l a c h t
s i m e a t á i r
a   a i r n e
m é i s e
f o r c
l e i s   a n   g c r ó n a l u a d a r
a   d ' u r g h a i r e a d h
e i t r e
a   ú r u i t h e
a d ó i b e
a d h a l t r a n a c h
d ' a t h s h o n f a i m i s
a n   b a n ó s t a c h
p á i r c e á l a i m
