d ' f h í f e á
g l a c a
s c i l l i n g í
l u í f i d h   s i b h
X - g h a t h a n n a
a   c h e a n n a c h t
t h o c h l a í o d h   s i b h
g n í o m h a i r e a c h t a í
c r o i n i c í t e a r
a n   c h e a r d c h u m a n n a i g h
a   í o c ó n a g r a f a í o c h t
g h r e a n n ó i m i s
f o c h í o s a í
A r a b a i g h
d u i l l í
a   b h o l c á n a c h a s a
l í n í o n n   s i b h
r e i l i g i ú i n
t e i l i m é a d r a c h t
a   o r l ó i n
f o - d h o r d a i r í
n a   g c n á i m h s e á l a i t h e
m i o n d í o l t ó i r í
a n   o l a g a p s o n a c h t
n a   n - o i r i ú i n t í
l u í f i n n
m o n a r c
d ' f h e i s t i g h   s i a d
g o   l u a   m é
a n   b h é a l f h a r a i n g
f a n f a i d h   s i a d
b r á
a n   f h e i r m
d ' a t h s h o n t a í
a   e i t r í
c n á i b
a n   r o g h c h l á i r
i a r s m a l a n n
l e i s   a n   r a n n p h á i r t e a c h a s
d á   l u í n n
f í g í
l e i s   a n   g c u i m h n e
t r é a d a í
t o g h f a i d h   m é
a   d ' f h a i l l í o d h
c ó n ó i d h   s i b h
d á   b h f e i s t í m i s
g a i r d í n í
a   g h i n e a l a i g h
l e i s   n a   h u r c h o i s c
n a   c a i l l í   d u i b h e
l u a n n   s i a d
g a i r d í n
l e i s   n a   f o - g h r ú p a í
n a   m b r i s e á n   m i l i s
o s c a i l t e
a e r a c h l á r
n a   h o r t a i p é i d i t h e
a   m h i a n a c h a
n a   c o i r c
a t h s h o n a d h
s e a l b h a c h
l á r i o n a i d
d á   b h f i m i s
n a   m b l a s t ó i r í   f í o n a
n a   r e i l i g i ú i n
n e o d r a í g í
c h e a r t ó f á
c a l r a i m é a d r a c h t a
n a   L i c h t i n s t é a n a c h
a n   t r o i s c
a s c a i s
s e a c h b h ó t h a r
d í t h i o m s a í t e a r
m é i r
l e i s   a n   o r t a i p é i d í
g e a r r t h ó i r
r é a d ó i r í
g a r á i s t í
t h o c h l a í n n
t h o g h f a i m i s
n a   l a c h t a n n a
g h r e a n n ó f a í
d ' f h e i s t í d í s
f o c h í o s a i t h e
o s c a i l t í
l u a i g h   t ú
a   r o g h c h l á i r
g o   d t u i g e   s i b h
c u i m h n í
t r é a d a i t h e
d é a d a l t
s o r c a s
l e i s   n a   s e a b h a i c
a n   s u a n l i o s
l u a i g h   s i a d
c o l l a i g h
a n   a i f r i c é i d
s e a d a d h
f a n a i m
