g o   n - i o n s a í   m é
a   m h i o t a s a
a   b h o n n e a g a r a
A i f r e a n n a c h
s e a c h b h ó t h a r
l e i s   n a   f o c h é i m i t h e
d á   b h f í o d h   s i b h
l e i s   a n   g c ú i r t b h a n n a
a   b h o l c á n a c h a i s
d ' a t h s h o n   t ú
l e i s   n a   m é a r a c h a
l í n i ú
a   g h n é a s a c h a i s
g o   d t o g h a   s i a d
a n   f é i n c h a o m h n ú
a n   m e a t h l ú
a n   m h o n a r c
l e i s   a n   i n t u i g t h e a c h t
b h r e o i d í s
n a   g á m a - g h l ó b a i l i n e
ó d ó n t e o l a í o c h t
l í n i g h   s é
a t h s h o n f a i d h   t ú
u r g h a i r e a d h
b r e i s i ú
l e i s   n a   h ú r u i t h e
l e i s   n a   h a i r n í
í o s t a o i b h
l í n i g h   t ú
a   n e o d r a í o d h
l e i s   a n   L i c h t i n s t é a n a c h
c o m h r i a l t a i s
a   S h a s a n a c h a
d á   m b r e i s í m i s
c h e a r t ó i d í s
b o n n e a g a i r
d á   n g r e a n n a í o d h   s é
l e i s   a n   l i ú i t
a m c h r e a s a
a   f h e a r a
l e i s   a n   s t é a r ó i d i g i n e a s
a   c h a l r a i m é a d r a c h t
a n   d í o g r a i s e o i r
s á r - r é a l a c h a i s
a   s h l i s e o g
g o   n - a t h s h o n a   m é
a n   c h a i d h p
a t h s h o n a i m
l e i s   n a   h ú i r i a i l
t h o c h l ó f á
d á   d t a i r g t í
a   g h o b a
m í m h ú i n t e
n a   h i s i c í m í
a   b h r i s e á n a   m i l s e
d ' f h í f i n n
l e i s   a n   m b a r a c h l a o n a c h t
d é s h u i l f í d í
a   l a c h t
u r g h a i r t e a r
p u t ó i g e
f a i l l i t h e
c ó r a i m
c r é a c h t a í
a   f h o c h é i m i t h e
a n   t s o c h e a c n a m a í o c h t
f a n a c h t
a   s h l e á n t a
n a   h a c r a c h r i o s a n n a
a   A n g ó l a c h a
g o b a
I o s l a m a í
t a i f e a d f a i d h   m é
a   t h e i b í o c h t
n a   b e o g a i r í
d á   b h f a i l l í o d h   s é
l e i s   a n   t e i c n e a l á r n a c h a s
a   b h r e o f a d h
n a   f u i l l e a m h ó i r í
c o m h l a
l e i s   a n   n g u n n a d ó i r
t a i f e a d a i m
t u i g e a n n   s i a d
c h r o i n i c í o d h   s i b h
o l l p h l á i n é i d
a   g h r e a n n ó i d h
a d h a l t r a n a c h
n a   n e a m h - m h e á n a c h t a
a n   t s a o i r s e a c h t
d h í t h i o m s a i g h   s i a d
d á   l í n í n n
m i a n a i g h
s c u i d
l e i s   n a   c n á i m h s e á l a i t h e
a n   b h e i r i l l i a m
r é a d ó i r
d ' u r g h a i r f e a d h   s i b h
n a   n ó i n í n í
b r e i s í d í s
n a   m b a i r d é i r í
g r í o b h á n
a b a r t h a c h t
n a   g c r é a c h t a í
g o   b h f i t e a r
l e i s   a n   b h f e i r m
d á   n - u r g h a i r i n n
e i p i d é i m e o l a í
b u i r b e
t h a i r n g i r   s é
g h r e a n n a i g h   t ú
f o c h l ó i r í t í
n a   f e a d a í o l a
l í n í o d h   s é
a   á r a c s a n n a
n a   r a d a i g h n í o m h a í o c h t a
a n   n e a m h - m h e á n a c h t
f é i n r i a l t a i s
n a   m b a n ó s t a c h
a   f h í l i g e o g r a f a í o c h t
l e i s   a n   m e á n o i d e a c h a s
a i l l é i r g i n
g o   n - u r g h a i r e   s é
c é a r a c h a
f í o n n   t ú
a   g h n í o m h a i r e a c h t a í
a n   b h a i r d é a r a
a   c h i a r ó g a
a n   i s i c í m
e i p i d é i m e o l a i t h e
t e i l i m é a d r a c h t
l e i s   n a   g i n e a l a i g h
p a r a n ó i a
t a i r n g r í m
f i r
b r e i s í m
c e a r t a í o d h
i n n e a l l   f u á l a
d á   d t u i g i m i s
t r i ú i r
e a g a r
n a   v a i d h t é a r a i t h e
d á   l u i m i s
l e i s   n a   b a r ú l a c h a
d á   l u i d í s
b e o g a i r e
g o   l u a i t e a r
n a   g c ó r a m
b r e i s i g h
n a   f o c h é i m i t h e
n a   n g o b
c é a d p h r o i n n e
a i r e a c h a s a í m
a   m h a t r a r c
ó d ó n t e o l a í o c h t
c ó n a i t h e
a n   d i n g í n
a n   g h o i b
d á   b h f a n t á
g o   d t a i r n g r í t e a r
M o n g ó l a i g h
c a b a i r e
A e t ó p a c h a
f o i r f í o c h t a
s l i s e o g a
l e i s   n a   L i c h t i n s t é a n a i g h
a n   á r a c s
l e i s   a n   i n n e a l l   f u á l a
l e i s   n a   p r í o m h o i f i g í
a   t h a i r g f i d h
n a   h i a r n r a í
a n   c r ó n a l u a d a r
l u a d h   s é
a i r e a c h a s ó i m i d
a   s h u i r b h é i r í
t h o c h l ó d h   s é
g o   l u í   t ú
d ' f h a n t á
n a   m b u i d é a l
a i f í s
d ' f h a i l l i g h   t ú
a   o r t a i p é i d i t h e
l e i s   a n   m b ó i r i c í n
b h r e o f a i m i s
b a r ú l a c h a
l u í f i m i d
l e i s   a n   b h f o - r ú i b r i c
c ú l - l í n e
a t h s h o n f a r
a   c h é a d p h r o i n n
d á   n - u r g h a i r i m i s
g o   b h f a n a   s é
a n g l a
u r g h a i r f e a r
n a   h o i r i ú i n t í
m o l t a í
t a i r g
g o   n - u r g h a i r t e a r
a   t h a i s c - c h e a l l a
a n   t - a l g e o l a í
c h r o i n i c e o i n n
a n   v a s á i l l e a c h t
d i n g í n
l e i s   n a   r u ó g a
n a   l i o p a - d h é a d a i g h
n a   m í r e
d u i l l í
a n   c r á b h a d h
A e t ó p a c h
l e i s   a n   r a n n ó g
b o n n e a g a r
l e i s   a n   u a t h a c h a s
l e i s   a n   g c o r c
c o i r c
a n   t e i b í o c h t
i o n s a í
p i n g i n
f a n t a
g o   n - a t h s h o n a   s é
l í n e o i d h   m é
n e o d r a í m
d á   n - u r g h a i r t e á
l e i s   a n   q u i n í n
f a i l l í g í
d á   l u í o d h   s é
p i n g i n í
o l l p h l á i n é a d
a   d h í o m á
t a i r n g r í o n n   s é
l e i s   a n   b h f o c h l ó i r í t
n a   r o i n n t e
n a   h o i t r e a c h a
l e i s   a n   e a g a r
d í t h i o m s ó i d h   s i b h
l e i s   n a   b o l c á n a c h a i s
a   c h r ó n a l u a d a i r
ó g á n t a c h t
c h r o i n i c i g h   m é
f a i l l í m i d
a n   r a i d e o l a í o c h t
a   g h a l a r a
A i f r e a n n a c h
t o g h a d h
d í n i t e
f o s f á i t
n a   b h f o r c
b r i s e á i n   m h i l s e
a   l i ú i t
n a   m b a n s i ó g
f a b h t ó g a
n a   h a i r n í
n a   n - a r a l t
g o   b h f í   s i b h
i o n s a i t h e
n a   h a s c a i s
a   c h é a r a c h a
b a n ó s t a c h
c h ó n a í m i s
l u í f i d h   s é
t h u i g   s i b h
t h o g h a i n n
ú r u i t h e
S u a s a l a n n a c h
n a   t r o i s c
f e i s t í o d h
a   t h o g h f a d h
o i r i ú i n t í
i o n s ó i d h   t ú
r o g h c h l á r
l u a f a i d h   m é
S a s a n a i g h
t o c h l ó i d h   s é
l í n e o i m i s
a   a c o r d á n a
a   m h i a i l i n
b r e o n n   s i a d
a n   c h r o s ó g
a c r a c h r i o s a n n a
a d h a l t r a n a i g h
i o n s a í o n n   t ú
a   g h a i r d í n í
a   a c o r d á i n
t o c h l a í g í
t h o g h   s i a d
j a b i o n a i d
t u i g f i d h   m é
t o g h a d h   s é
a   m h o l a d h
r é a d ó i r í
G a i m b i a c h
l e i s   a n   n e o i d i m i a m
n a   s o r c a i s
j a b i o n a i d
n a   b u i d é i l
a   a i n n i r e a c h a
g h r e a n n ó i n n
a n   b h o l l ó g
b r e o n n   s i b h
b a n - n a o i m h
f e i s t í t e a r
t h u i g   s i a d
t o c h l ó i m i d
n a   c o m h l a í
f ó i f í n i g h
c e a r t a í m i d
f e i s t í t e a r
a n   f h í n i ú i n
a i f r i c é i d
t h o g h a i d í s
f o c h í o s a í
r o g h c h l á r
a   b h ó i r i c í n
n a   p o s t a í
a t h s h o n t a r
n a   s t á b l a í
t i o m n ó i r í
a i f r i c é a d
b r e o i t e a r
a   u r c h o s c a
x é i r i f í t í
c h ó n ó i d í s
n a   c ó r a i m
b h r e i s e o f á
b a n - n a o i m h
g o   l í n í   s i b h
c h ó n ó i m i s
d ' i o n s ó f á
a n   t - ó s t a
d á   l u a d h   s é
s e e a d t a
d ' f h í o d h   s é
x é i r i f í t e
d é - o c s a í d
d é - o c s a í d
a n   g h a l a i r
n e o d r ú
a   o i r i ú i n t í
g r e a n n ó i d h   s i a d
c h e a r t a í n n
a n   t s í o t a
g o   m b r e o   s é
n a   l á n s t a d a n n a
c h e a r t a í t í
a   m h a t r a r c a í
c h ó n ó i n n
g o   l u í   s i a d
a   t h u i g e a n n
a   a i f é i l e a n a
s á r a í o c h t
a n   p h i n g i n
l á r i o n a i d
g o   g c ó n a í   t ú
a e r a c h l á i r
g u n n a d ó r a
c o m h r i a l t a s
n e o i d i m i a m
a n   f e i m i n í
g o   d t u i g e   s é
f a i l l í d í s
a n   p o s t a
l u í f e a d h   s é
b h r e o i g h   t ú
d á   g c ó n a í n n
f o c h é i m i t h e
n a   n - ú i r i a l
a   b h u i d é i l
d ' f h e i s t í t í
a   V a l d a c h a
n a   b p o s t a í
d ' f h í f i d í s
a c h m h u s á i n
a n   m i o t a s
h i p e a m á i n e
t h o c h l ó f a í
n a   d í o m á
d é - o c s a í d e
a   í o s t a o i b h
a   f h e a d a í l
f ó t a s h r u t h
a c r a c h r e a s a
c h r o i n i c í t í
a   t h r a s n a i s c
r o g h c h l á i r
g o   m b r e o   t ú
t h o g h f a i d í s
d ' f h e i s t í t e á
n a   n g l a c
c h e a r t ó f a í
l e i s   n a   r a n n t a
a n   t A r a b a c h
n a   h A r a b a i g h
a n   t S a s a n a i g h
a   a p a l a c h t
a i f r i c é a d
d á   m b r e o i n n
g u n n a d ó i r í
d é s h u i l f í d
d ú t h a í
f o t h o r t h a í
d á   d t o g h t a í
l u a f a d h   s i b h
G a i m b i a i g h
c h ó n a í o d h   s é
g o   d t o g h a   s é
s e a l b h a i g h
a   m h a g a i r l í
a n   f h o s f á i t
n a   b a n s i ó g a
a i l l é i r g i n
g o   d t u i g e   m é
n e o d r ó d h   s é
l e i s   a n   a i r n e
n a   c i s t i n e a c h a
i r i s l e a b h a r
a n   t - a s c a s
a   m h a g a i r l e
r e i l i g i ú i n
g n é a s a í o c h
a   a i f r i c é a d a
o l l p h l á i n é a d
a   c h l u a s l a
a   a m f a p ó d a
t o c h l a í t e a r
n a   m i o t a i s
a   f h a b h t a n n a
a i l l é i r g i n
a n   a p s a i n t
t e i b í o c h t a í
a n   c o i t e a n n
a i g é a d a c h t
l e i s   a n   d í n i t
b h r e i s í d í s
a n   m h a l a i c í t
a   f h í n i ú n a c h a
a n   a m h r a i s
g o   n e o d r a í   s é
t a i r g f i d h   s é
a n   t - ú i r i a l
a n   s c a m h ó g
a   f h e i m i n i t h e
a   l á r i o n a i d
f o - r ú i b r i c í
c e a r t a í o d h   s é
r e i l i g i ú i n
c h e a r t a í d í s
s a i l c h u a c h a
g r e a n n a í m i s
d ' f h a n a i m i s
b h r e o i g h   s é
f e i s t í o n n   s é
a   c h ú i r t b h a n n a
l e i s   n a   m i a s a
f o - r ú i b r i c í
a   a i g é a d a c h t
a   p h a r a n ó i a
a   a l g e o l a i t h e
í o s t a o b h a n n a
b h r e o f a i d í s
n a   f e i m i n i t h e
n a   h a c o r d á i n
n a   g r í o b h á i n
t h o c h l a í m i s
l e i s   a n   n g o b
d ' a t h s h o n   m é
l e i s   a n   l u a i n
s o b a l d r á m a í
c e a r t a í t e a r
d ' f h a n f a i d í s
t u i g t h e
d ' f h a n f a i m i s
e i p i l i m n i a n
s í o l t a   o i s r e
g n é a s a í g h
f o s h a l a i n n
n a   l á r i o n a d
g r e a n n a í d í s
n a   r é a d ó i r í
g o   b h f a n a   s i b h
l e i s   a n   a i p s i s
a n   n ó i n í n
d é s h u i l f í d í
g o   d t o c h l a í   m é
c h e a r t a í m i s
M o n g ó l a i g h
l e i s   n a   m í r e a n n a
d á   d t o g h a i m i s
a   l a c h t a n n a
a   f h e i s t í o n n
l e i s   n a   g o b a
d á   b h f a n a i n n
a   b h r e i s e o d h
n e o d r ó i d h   s i b h
b o l c á n a c h a s
n a   S a s a n a i g h
f o s h r u t h a
a t h s h o n a n n   t ú
d ' f h a i l l í t í
l e i s   a n   t r é a d a í
a   u r g h a i r e a n n
n e o d r a í o n n   s é
a n   u r c h o i s c
d ' f h e i s t i g h   m é
a n   c h ú l - l í n e
a   s h o b a l d r á m a
g o   d t a i r g t e a r
n a   l e a d h b ó i g e
o r t a i g i n e a s
t h a i r n g r e o f á
l e i s   a n   t i o m n ó i r
g o   m b r e i s í   t ú
a   f h e i s t e o i d h
a n   i a r n r a
g r e a n n ó i d h   m é
g o   b h f e i s t í   m é
d ' i o n s ó i m i s
f u i l l e a m h ó i r
n a   b h f e i r m e a c h a
g o   n e o d r a í   s i b h
g r e a n n a í o d h   s é
a i n é i f e a c h t
g o   g c e a r t a í   s é
n a   m a o s c h l á i r
s c i l l i n g e
n a   c n á i b e
l e i s   n a   c o i r c
n a   r o g h c h l á r
a   A r a b a c h a
d ' f h a n a d h   s i b h
t h u i g e a d h   s i b h
c h ó n a i g h   s i b h
u r g h a i r f i d h   s é
a   s h e a l b h a c h a
a n   d ó c h ú l a c h t
a   g h r í o b h á n a
p r í o m h o i f i g í
g r e a n n a i t h e
b h r e o d h   s i b h
a n   f o - g h r ú p a
l á n a i b í o c h t a
d ' f h e i s t i g h   s é
a   a t h s h o n f a i d h
b h r e o f a d h   s é
d ' a t h s h o n f a í
t a i r g f i d h   s i a d
n a   s l i s c h l á i r
a n   é i m í r í o c h t
t h a i r n g r í d í s
a   f h o r é i g i ú n a
c h ó n a i g h   s i a d
t h o g h f a d h   s i b h
f o - d h o r d a i r e
n a   n g a i r d í n í
t h o c h a i l   s i a d
n a   h o i t r e a c h
n a   l á n s t a d a n n a
c r u i m h e a c h á i n
a n   f o r é i g i ú n
n a   b h f í n i ú n a c h a
c e a r t a í o n n   s é
d h í t h i o m s a í t í
g o   g c e a r t a í m i d
g o   b h f e i s t í   s é
b é a l f h a r a i n g
l e i s   a n   n g l a c
I o s l a m a i t h e
I o s l a m a i t h e
a   c h ú i r t b h a n n a í
a n   t - u a t h a c h a s
f é i n c h a o m h n ú
a   f h o t h o r t h a í
p r í o m h o i f i g í
a   e a l a í o n t ó i r í
d ' a i r e a c h a s ó f á
c h r o i n i c e o f a í
a   d h í t h i o m s ó d h
d í o g r a i s e o i r í
e i s l é i r e a c h t
l e i s   a n   a l t a d h
l e i s   a n   r o c a c h t
a   m h a o s c h l á r a
b h r e i s e o i m i s
a   é i m í r í o c h t a í
g o   m b r e i s í   s i b h
d ' f h e i s t í o m a r
t h o c h l ó d h   s i b h
g h r e a n n a í m i s
a n   t s e e a d t a
t e i l e a g r a i f
a   G h a i m b i a i g h
a n   t - a e r a c h l á r
g r e a n n ó i d h   s i b h
l e i s   a n   m e a t h l ú
g o   m b r e i s í m i d
l e i s   a n   s í o t a
l e i s   a n   s l e á n
d á   n - a t h s h o n t á
b h r e i s í o d h   s é
d é s h u i l f í d í
d á   d t o c h l a í t e á
f o t h i o n ó n t á n
a n   ó g á n t a c h t
n a   n - a c h m h u s á n
l e i s   a n   m i o t a s
g o   d t a i r g e   s i b h
d á   g c e a r t a í m i s
a   í o s t a o b h a n n a
n a   s l i s c h l á r
d í t h i o m s ó i d h   m é
d ' f h a n f a d h   s é
e a l a í o n t ó r a
l u í f e a d h   s i b h
a t h s h o n a n n   s é
d á   l í n í o d h   s i b h
e i p i l i m n i a i n
c r o i n i c e o i m i d
g o   d t o c h l a í m i d
g o   d t o g h a i m i d
a i r e a c h a s a i g h
a   f h u i l l e a m h ó i r
v a s á i l l e a c h t
c o i m e á d a c h a i s
f a i l l í o n n   s i a d
n a   c é a r a c h
a   c h r o i n i c e o d h
n a   c a r r a i g e a c h a
a n   f h o i r f í o c h t
d ' i o n s a i g h   s é
d o r d v e i d h l í n í
a n   a i g é a d a c h t
a n   f h o - r ú i b r i c
c h e a r t a i g h   s é
d á   m b r e i s í o d h   s é
a n   G a i m b i a c h
a n   f o s h a l a n n
d ' u r g h a i r   s i a d
a   c h r o i n i c í o d h
a   d ' a i r e a c h a s ó d h
d ' f h e i s t e o i n n
f o - d h o r d a i r í
l e i s   a n   g c o c h a l l
A i f r e a n n a i g h
c h r o i n i c i g h   s i b h
l e i s   n a   p o s t a í
n a   f a b h t ó i g e
g o   b h f a n a   s i a d
d á   d t o c h l a í d í s
l e i s   n a   f e i r m e a c h a
a n   d é s h u i l f í d
a n   a c o r d á i n
d á   n e o d r a í o d h   s é
a   e i s l é i r e a c h t
a n   c h r u i c é a d
g o   n - i o n s a í t e a r
l e i s   a n   g c r é a c h t
t e a n g a i r e a c h t
o l a g a p s o n a c h t
t a i s c - c h e a l l
c r o i n i c e o i d h   s é
d ' f h e i s t í o d h   s é
a i r e a c h a s a í m i s
l e i s   n a   r ú n a i t h e
b é a l f h a r a i n g í
f u i l l e a m h ó i r í
l e i s   a n   a p s a i n t
n a   p a r d ó i g e
a n   t A n g ó l a c h
l e i s   a n   d é a d a l t
b r é a g t h a c a i l í t
l e i s   a n   m b a r ú i l
l e i s   a n   m o l a d h
g o   d t a i r n g r í   s i b h
l e i s   n a   m a t r a r c a í
d h í t h i o m s a í t e á
a n   p h r í o m h o i f i g
a   d h í t h i o m s a i g h
e a c h t r a í o c h t a
b a n d r a í o d ó i r í
d á   d t a i r n g r í d í s
b r e i s e o i d h   s i a d
s á r - r é a l a c h a s
l e i s   a n   í o s t a o b h
c h r o i n i c e o d h   s é
l e i s   n a   c a b a i r í
d o l a d h r o i c h i d
a n   b r o n n t a n a s
n a   g c a b a i r í
g h r e a n n a i g h   m é
d o l a d h r o i c h e a d
b r a t h a d ó i r e a c h t a
a n   v a i d h t é a r a í
l e i s   a n   s i c e á n
a   o r t a i g i n e a s a
r é i m s e t h e o i r i c í
r é i m s e t h e o i r i c í
f ó t a - i a n ú c h á i n
c h r o i n i c í o d h   s é
n a   h i p e a m á i n e
l e i s   n a   s m u t m h a d r a í
t o c h a i l t e
t h a i r n g r e o i d í s
d ' f h a i l l e o i m i s
d á   n e o d r a í o d h   s i b h
d á   d t o c h l a í o d h   s é
d ' f h e i s t i g h   s i b h
s í l   o i s r e
l e i s   n a   d u i l l í
n a   s a c s a f ó n a i t h e
m e á n d o i m h n e a c h t
l e i s   a n   s c a m h ó g
a i r e a c h a s a i t h e
g o   b h f e i s t í   s i a d
a n   b o l c á n a c h a s
a   r é a m h a i b í o c h t
a n   g h i n e a l a i g h
l e i s   n a   c o l l a i g h
b é a l f h a r a i n g í
l e i s   n a   p a r d ó g a
l e i s   n a   b a n s i ó g a
a   d h í t h i o m s a í o d h
l e i s   a n   m b u i d é a l
a   c h l u a s l i a n n a
d á   g c ó n a í o d h   s i b h
l e i s   n a   p i n g i n í
d h í t h i o m s ó i d í s
b é a l f h a r a i n g í
b i b l e a g r a f a í o c h t
c h r o i n i c i g h   s é
a   l á n s t a d a n n a
f ó t a s h r u t h a n n a
n a   h a i l l é i r g i n
r a i d e o l a í o c h t a
l e i s   n a   b e o g a i r í
a   f h o c h l ó i r í t í
a n   t a i s c - c h i l l
l e i s   n a   s c i l l i n g í
t a i r n g r í o n n   s i a d
l e i s   a n   s e a b h a c
l e i s   a n   a c r a c h r i o s
t a i s c - c h i l l e
l e i s   n a   c i s t i n e a c h a
a n   v a i d h t é a r a í
n a   n - o s c a i l t í
g n í o m h a i r e a c h t
a   i n t u i g t h e a c h t
n é a r m h e a t h l ú c h á n
d ' a i r e a c h a s a í t í
a n   c h r á b h a i d h
e a s u m h l a í o c h t a
l e i s   a n   a p a l a c h t
l e i s   a n   g c r á b h a d h
d o r d v e i d h l í n í
t h a i r n g r í o d h   s é
a   f h u i l l e a m h ó i r í
d ' a t h s h o n a i m i s
d á   n g r e a n n a í m i s
l e i s   n a   s i m e a t á i r
l e i s   n a   l a c h t a n n a
a   s h a c s a f ó n a i t h e
r a d a i g h n í o m h a í o c h t
l e i s   n a   m a l a i c í t í
a n   t s a c s a f ó n a í
d ' f h a i l l í o d h   s é
B o i l s é i v e a c h a s
B o i l s é i v e a c h a s
a i r e a c h a s ó i d h   m é
n a   c r ó n a l u a d a i r
d á   n - i o n s a í o d h   s i b h
n a   h í o s t a o b h a n n a
a n   t e i l e a g r a i f
r é i m s e t h e o i r i c í
e i p i d é i m e o l a i t h e
l e i s   a n   m a o s c h l á r
c a l r a i m é a d r a c h t
n a   b p i n g i n í
d ' f h í f e a d h   s i b h
n a   m b o n n e a g a r
a   s h e a d a d h
b l a s t ó i r í   f í o n a
a   d h o r d v e i d h l í n
a n   c h o m h r i a l t a i s
l e i s   a n   g c a r r a i g
d ' a t h s h o n a d h   s é
a n   n e o i d i m i a m
l e i s   a n   g c l u a s l a
g o   n - u r g h a i r e   m é
g h r e a n n a i g h   s é
l e i s   a n   r o g h c h l á r
l e i s   a n   n g a r á i s t e
n a   d t a i s c - c h e a l l
a   m h í g h e a n m n a í o c h t
d ' a i r e a c h a s ó i m i s
l e i s   a n   m b i t s e a c h
l e i s   a n   L a i d i n
g h r e a n n a i g h   s i b h
s o c h r e i m t h e a c h t
r a n n p h á i r t e a c h a s
n a   n - o r t a i p é i d i t h e
l e i s   n a   c a r r a i g e a c h a
a   i n f h o s t a i t h e a c h t
n a   s í o l t a   o i s r e
a n   o l l p h l á i n é i d
n a   n - o l l p h l á i n é a d
r a d a c a c h a i s
c h r o i n i c e o d h   s i b h
l e i s   n a   g a r á i s t í
d é s h u i l f í d e
a   v a i d h t é i r e a c h t
n a   X - g h a t h a n n a
n a   n g u n n a d ó i r í
l e i s   n a   l á r i o n a i d
d h í t h i o m s ó i n n
g h r e a n n a i g h   s i a d
l e i s   n a   f o r é i g i ú i n
g h r e a n n a í o d h   s i b h
l u a c h - c h o m a o i n e
l e i s   n a   f e i m i n i t h e
n a   h o l l p h l á i n é i d
c e a r d c h u m a n n a c h
g n í o m h a i r e a c h t a í
d ' a t h s h o n a d h   s i b h
f ó t a c h l a o n m h é a d a r
a n   c h é a d p h r o i n n
d á   n - a t h s h o n a i d í s
a   n e a m h - m h e á n a c h t
a n   j a b a i r e a c h t
f ó t a c h l a o n m h é a d a r
a   d h o r d v e i d h l í n í
l e i s   a n   a b a r t h a c h t
a n   i n t u i g t h e a c h t
a   b h r é a g t h a c a i l í t
a n   f ó t a - i a n ú c h á n
l e i s   n a   s u i r b h é i r í
l e i s   n a   b a n ó s t a i g h
d á   m b r e i s í o d h   s i b h
d á   n d í t h i o m s a í t e á
n a   n A i f r e a n n a c h
n a   n g e a r r s h n á i t h e a n n a
l e i s   n a   r o g h c h l á i r
l e i s   n a   s c u i d e a n n a
t e i c n e a l á r n a c h a s
l e i s   n a   d é a d a i l t
n a   c i a r ó i g e
n a   g c i a r ó g
c e a r d c h u m a n n a i g h
l e i s   n a   f o - r ú i b r i c í
b r i s e á i n   m h i l i s
l e i s   a n   I o s l a m a í
L i c h t i n s t é a n a c h
a n   i n f h o s t a i t h e a c h t
n a   m b i l e o g   s ú i l e
a n   f é i n r i a l t a s
g n í o m h a i r e a c h t a í
g o   n - a i r e a c h a s a í   t ú
l e i s   n a   f a b h t a n n a
s o c h e a c n a m a í o c h t a
l e i s   a n   m b o n n e a g a r
l e i s   n a   r e i l i g i ú i n
a n   g e a r r s h n á i t h e
n a   s t é a r ó i d i g i n i s
n a   d o l a d h r o i c h i d
l e i s   a n   n g n é a s a í o c h
l e i s   a n   b h f o c h í o s a í
g e o c r ó i n e o l a í o c h t a
f í l i g e o g r a f a í o c h t
n a   b h f o - r ú i b r i c í
a n   g h n é a s a í g h
g o   n g r e a n n a í   s i a d
d ' a i r e a c h a s ó i n n
a   e i p i d é i m e o l a i t h e
a n   t e i l i m é a d r a c h t
f a b h t a n n a
a   f h o - c h o m h f h i o s
d á   n - a t h s h o n a d h   s é
n a   c n á i m h s e á l a i t h e
g o   n - u r g h a i r e   t ú
í o c ó n a g r a f a í o c h t a
n a   n - a l g e o l a i t h e
n a   h i a r s m a l a n n a
l e i s   n a   h i r i s l e a b h a i r
l e i s   n a   S a s a n a i g h
l e i s   a n   b h f o i r f í o c h t
n a   n - e i p i l i m n i a n
l e i s   a n   b h f o s h a l a n n
a n   t A i f r e a n n a c h
a   s t é a r ó i d i g i n i s
a   s h o c h e a c n a m a í o c h t
l e i s   a n   o l l p h l á i n é a d
a n   f h o c h í o s a í
n a   b h f o c h í o s a i t h e
n a   s o b a l d r á m a í
n e a m h c h o i n n e á l a c h t a
g e a r r s h n á i t h e a n n a
l e i s   a n   n G a i m b i a c h
L i c h t i n s t é a n a i g h
a n   l i o p a - d h é a d a i g h
l e i s   a n   t a i s c - c h i l l
n a   f ó t a i s i n t é i s e
l e i s   a n   s a c s a f ó n a í
a t h s h o n a n n   s i a d
l e i s   n a   h a i l l é i r g i n
g o   n d í t h i o m s a í   s i a d
d á   n - a i r e a c h a s a í o d h   s é
a n   v a i d h t é i r e a c h t
g o   n d í t h i o m s a í t e a r
l e i s   a n   b h f u i l l e a m h ó i r
n a   s t é a r ó i d i g i n e a s
A e t ó p a c h
l e i s   a n   v a s á i l l e a c h t
n a   m b i t s e a c h
l e i s   n a   f o c h l ó i r í t í
a n   d í o g r a i s e o r a
n a   n d í o g r a i s e o i r í
a   d h o l a d h r o i c h e a d a
a   L i c h t i n s t é a n a c h a
A r a b a c h
a   b h i l e o g   s h ú i l e
l e i s   n a   h e a l a í o n t ó i r í
n a   v a i d h t é i r e a c h t a
l e i s   a n   v í r e o l a í o c h t í r e o l a í o c h t a
l e i s   n a   f u i l l e a m h ó i r í
a m f a p ó d
n a   r é i m s e t h e o i r i c e
a n   b h i l e o g   s h ú i l e
l e i s   n a   M o n g ó l a i g h
a   c h a i l l e a c h a   d u b h a
n a   h é i m í r í o c h t a
t u i s c i n t
l e i s   a n   m b r i s e á n   m i l i s
n a   n d á n l a n n
a n   B h r ú n g h l u a i s n e
l e i s   a n   i n f h o s t a i t h e a c h t
l e i s   a n   m e a t á n a i g i n e a s
n a   b i b l e a g r a f a í o c h t a
a n   c h o m h c h i a l l a c h a i s
l e i s   n a   h e i p i l i m n i a i n
n a   m b a n d r a í o d ó i r í
l e i s   n a   s e a c h b h ó i t h r e
a   b h o n n e a g a i r
n a   d ú t h a í
g o   m b r e o i t e a r
l e i s   n a   f o s h a l a i n n
n a   h i a r s m a l a i n n e
n a   n - i a r s m a l a n n
l e i s   a n   S u a s a l a n n a c h
d í t h i o m s ú
n a   B r ú n g h l u a i s n e
a   s h í o l t a   o i s r e
n a   b p r í o m h o i f i g í
n a   p r í o m h o i f i g e
l e i s   a n   x é a r o f t a i l m i a
l e i s   a n   g c a l r a i m é a d r a c h t
i n n i l l   f h u á l a
l e i s   a n   m b r a t h a d ó i r e a c h t
a   v í r e o l a í o c h t í r e o l a í o c h t a
l e i s   a n   r a d a i g h n í o m h a í o c h t
a n   t - i n n e a l l   f u á l a
n a   n d u i l l í
l e i s   a n   m b l a s t ó i r   f í o n a
n a   h a i r n e
g o   n - a t h s h o n a   s i a d
l e i s   n a   S u a s a l a n n a i g h
l e i s   a n   r í o m h b h a i n c é i r e a c h t
a   t h a i r g f e a d h
n a   g c l u a s l i a n n a
a n   c h l u a s l a
l e i s   n a   c e a r d c h u m a n n a i g h
l e i s   a n   b h f ó t a c h l a o n m h é a d a r
l e i s   n a   B o i l s é i v e a c h a i s
n a   h o i r i ú n a
u r g h a i r e a n n   t ú
l e i s   a n   n e a m h c h o i n n e á l a c h t
a   d h é a d a l t a
c a i l l í   d u i b h e
n a   f r i t h - c h a i t h m h é a d r a c h t a
p r e s e n t
t a i s c - c h e a l l a
t a i s c - c h e a l l a
p r e s e n t
n a   d é s h u i l f í d e
a n   b r i s e á n   m i l i s
a n   e i p i d é i m e o l a í
n a   h a i l l é i r g i n e
n a   n - a i l l é i r g i n
l á r i o n a d
p r e s e n t
a   c h r o i n i c e o i d h
l e i s   a n   g c o l l a c h
l e i s   a n   r a d a c a c h a s
l e i s   a n   s í o l   o i s r e
f r i t h - c h a i t h m h é a d r a c h t a
a n   i n n i l l   f h u á l a
a n   t s u i r b h é a r a
n a   s u i r b h é i r í
d ' f h a n f a d h   s i b h
g r e a n n a í o n n   s i b h
n a   b h f ó t a c h l a o n m h é a d a r
a   t h o g h f a i d h
d á   n - a i r e a c h a s a í t e á
l e i s   n a   h e i p i d é i m e o l a i t h e
c e a r t a í o n n   s i b h
l e i s   a n   b h f o t h i o n ó n t á n
