g o   n - i o n s a í   m é
a   m h i o t a s a
a   b h o n n e a g a r a
A i f r e a n n a c h
s e a c h b h ó t h a r
l e i s   n a   f o c h é i m i t h e
d á   b h f í o d h   s i b h
l e i s   a n   g c ú i r t b h a n n a
a   b h o l c á n a c h a i s
d ' a t h s h o n   t ú
l e i s   n a   m é a r a c h a
l í n i ú
a   g h n é a s a c h a i s
g o   d t o g h a   s i a d
a n   f é i n c h a o m h n ú
a n   m e a t h l ú
a n   m h o n a r c
l e i s   a n   i n t u i g t h e a c h t
b h r e o i d í s
n a   g á m a - g h l ó b a i l i n e
ó d ó n t e o l a í o c h t
l í n i g h   s é
a t h s h o n f a i d h   t ú
u r g h a i r e a d h
b r e i s i ú
l e i s   n a   h ú r u i t h e
l e i s   n a   h a i r n í
í o s t a o i b h
l í n i g h   t ú
a   n e o d r a í o d h
l e i s   a n   L i c h t i n s t é a n a c h
c o m h r i a l t a i s
a   S h a s a n a c h a
d á   m b r e i s í m i s
c h e a r t ó i d í s
b o n n e a g a i r
d á   n g r e a n n a í o d h   s é
l e i s   a n   l i ú i t
a m c h r e a s a
a   f h e a r a
l e i s   a n   s t é a r ó i d i g i n e a s
a   c h a l r a i m é a d r a c h t
a n   d í o g r a i s e o i r
s á r - r é a l a c h a i s
a   s h l i s e o g
g o   n - a t h s h o n a   m é
a n   c h a i d h p
a t h s h o n a i m
l e i s   n a   h ú i r i a i l
t h o c h l ó f á
d á   d t a i r g t í
a   g h o b a
m í m h ú i n t e
n a   h i s i c í m í
a   b h r i s e á n a   m i l s e
d ' f h í f i n n
l e i s   a n   m b a r a c h l a o n a c h t
d é s h u i l f í d í
a   l a c h t
u r g h a i r t e a r
p u t ó i g e
f a i l l i t h e
c ó r a i m
c r é a c h t a í
a   f h o c h é i m i t h e
a n   t s o c h e a c n a m a í o c h t
f a n a c h t
a   s h l e á n t a
n a   h a c r a c h r i o s a n n a
a   A n g ó l a c h a
g o b a
I o s l a m a í
t a i f e a d f a i d h   m é
a   t h e i b í o c h t
n a   b e o g a i r í
d á   b h f a i l l í o d h   s é
l e i s   a n   t e i c n e a l á r n a c h a s
a   b h r e o f a d h
n a   f u i l l e a m h ó i r í
c o m h l a
l e i s   a n   n g u n n a d ó i r
t a i f e a d a i m
t u i g e a n n   s i a d
c h r o i n i c í o d h   s i b h
o l l p h l á i n é i d
a   g h r e a n n ó i d h
a d h a l t r a n a c h
n a   n e a m h - m h e á n a c h t a
a n   t s a o i r s e a c h t
d h í t h i o m s a i g h   s i a d
d á   l í n í n n
m i a n a i g h
s c u i d
l e i s   n a   c n á i m h s e á l a i t h e
a n   b h e i r i l l i a m
r é a d ó i r
d ' u r g h a i r f e a d h   s i b h
n a   n ó i n í n í
b r e i s í d í s
n a   m b a i r d é i r í
g r í o b h á n
a b a r t h a c h t
n a   g c r é a c h t a í
g o   b h f i t e a r
l e i s   a n   b h f e i r m
d á   n - u r g h a i r i n n
e i p i d é i m e o l a í
b u i r b e
t h a i r n g i r   s é
g h r e a n n a i g h   t ú
f o c h l ó i r í t í
n a   f e a d a í o l a
l í n í o d h   s é
a   á r a c s a n n a
n a   r a d a i g h n í o m h a í o c h t a
a n   n e a m h - m h e á n a c h t
f é i n r i a l t a i s
n a   m b a n ó s t a c h
a   f h í l i g e o g r a f a í o c h t
l e i s   a n   m e á n o i d e a c h a s
a i l l é i r g i n
g o   n - u r g h a i r e   s é
c é a r a c h a
f í o n n   t ú
a   g h n í o m h a i r e a c h t a í
a n   b h a i r d é a r a
a   c h i a r ó g a
a n   i s i c í m
e i p i d é i m e o l a i t h e
t e i l i m é a d r a c h t
l e i s   n a   g i n e a l a i g h
p a r a n ó i a
t a i r n g r í m
f i r
b r e i s í m
c e a r t a í o d h
i n n e a l l   f u á l a
d á   d t u i g i m i s
t r i ú i r
e a g a r
n a   v a i d h t é a r a i t h e
d á   l u i m i s
l e i s   n a   b a r ú l a c h a
d á   l u i d í s
b e o g a i r e
g o   l u a i t e a r
n a   g c ó r a m
b r e i s i g h
n a   f o c h é i m i t h e
n a   n g o b
c é a d p h r o i n n e
a i r e a c h a s a í m
a   m h a t r a r c
ó d ó n t e o l a í o c h t
c ó n a i t h e
a n   d i n g í n
a n   g h o i b
d á   b h f a n t á
g o   d t a i r n g r í t e a r
M o n g ó l a i g h
c a b a i r e
A e t ó p a c h a
f o i r f í o c h t a
s l i s e o g a
l e i s   n a   L i c h t i n s t é a n a i g h
a n   á r a c s
l e i s   a n   i n n e a l l   f u á l a
l e i s   n a   p r í o m h o i f i g í
a   t h a i r g f i d h
n a   h i a r n r a í
a n   c r ó n a l u a d a r
l u a d h   s é
a i r e a c h a s ó i m i d
a   s h u i r b h é i r í
t h o c h l ó d h   s é
g o   l u í   t ú
d ' f h a n t á
n a   m b u i d é a l
a i f í s
d ' f h a i l l i g h   t ú
a   o r t a i p é i d i t h e
l e i s   a n   m b ó i r i c í n
b h r e o f a i m i s
b a r ú l a c h a
l u í f i m i d
l e i s   a n   b h f o - r ú i b r i c
c ú l - l í n e
a t h s h o n f a r
a   c h é a d p h r o i n n
d á   n - u r g h a i r i m i s
g o   b h f a n a   s é
a n g l a
u r g h a i r f e a r
n a   h o i r i ú i n t í
m o l t a í
t a i r g
g o   n - u r g h a i r t e a r
a   t h a i s c - c h e a l l a
a n   t - a l g e o l a í
c h r o i n i c e o i n n
a n   v a s á i l l e a c h t
d i n g í n
l e i s   n a   r u ó g a
n a   l i o p a - d h é a d a i g h
n a   m í r e
d u i l l í
a n   c r á b h a d h
A e t ó p a c h
l e i s   a n   r a n n ó g
b o n n e a g a r
l e i s   a n   u a t h a c h a s
l e i s   a n   g c o r c
c o i r c
a n   t e i b í o c h t
i o n s a í
p i n g i n
f a n t a
g o   n - a t h s h o n a   s é
l í n e o i d h   m é
n e o d r a í m
d á   n - u r g h a i r t e á
l e i s   a n   q u i n í n
f a i l l í g í
d á   l u í o d h   s é
p i n g i n í
o l l p h l á i n é a d
a   d h í o m á
t a i r n g r í o n n   s é
l e i s   a n   b h f o c h l ó i r í t
n a   r o i n n t e
n a   h o i t r e a c h a
l e i s   a n   e a g a r
d í t h i o m s ó i d h   s i b h
l e i s   n a   b o l c á n a c h a i s
a   c h r ó n a l u a d a i r
ó g á n t a c h t
c h r o i n i c i g h   m é
f a i l l í m i d
a n   r a i d e o l a í o c h t
a   g h a l a r a
A i f r e a n n a c h
t o g h a d h
d í n i t e
f o s f á i t
n a   b h f o r c
b r i s e á i n   m h i l s e
a   l i ú i t
n a   m b a n s i ó g
f a b h t ó g a
n a   h a i r n í
d o r d v e i d h l í n í
l e i s   a n   g c r á b h a d h
l e i s   a n   a p a l a c h t
e a s u m h l a í o c h t a
a n   c h r á b h a i d h
d ' a i r e a c h a s a í t í
n é a r m h e a t h l ú c h á n
a   i n t u i g t h e a c h t
g n í o m h a i r e a c h t
n a   n - o s c a i l t í
a n   v a i d h t é a r a í
l e i s   n a   c i s t i n e a c h a
t a i s c - c h i l l e
l e i s   a n   a c r a c h r i o s
l e i s   a n   s e a b h a c
t a i r n g r í o n n   s i a d
l e i s   n a   s c i l l i n g í
a n   t a i s c - c h i l l
a   f h o c h l ó i r í t í
l e i s   n a   b e o g a i r í
r a i d e o l a í o c h t a
n a   h a i l l é i r g i n
f ó t a s h r u t h a n n a
a   l á n s t a d a n n a
c h r o i n i c i g h   s é
b i b l e a g r a f a í o c h t
b é a l f h a r a i n g í
d h í t h i o m s ó i d í s
l e i s   n a   p i n g i n í
d á   g c ó n a í o d h   s i b h
a   c h l u a s l i a n n a
l e i s   a n   m b u i d é a l
a   d h í t h i o m s a í o d h
l e i s   n a   b a n s i ó g a
l e i s   n a   p a r d ó g a
b é a l f h a r a i n g í
l e i s   n a   c o l l a i g h
a n   g h i n e a l a i g h
a   r é a m h a i b í o c h t
a n   b o l c á n a c h a s
g o   b h f e i s t í   s i a d
a i r e a c h a s a i t h e
l e i s   a n   s c a m h ó g
m e á n d o i m h n e a c h t
n a   s a c s a f ó n a i t h e
l e i s   n a   d u i l l í
s í l   o i s r e
d ' f h e i s t i g h   s i b h
d á   d t o c h l a í o d h   s é
d á   n e o d r a í o d h   s i b h
d ' f h a i l l e o i m i s
t h a i r n g r e o i d í s
t o c h a i l t e
l e i s   n a   s m u t m h a d r a í
n a   h i p e a m á i n e
c h r o i n i c í o d h   s é
f ó t a - i a n ú c h á i n
r é i m s e t h e o i r i c í
r é i m s e t h e o i r i c í
a   o r t a i g i n e a s a
l e i s   a n   s i c e á n
a n   v a i d h t é a r a í
b r a t h a d ó i r e a c h t a
d o l a d h r o i c h e a d
g h r e a n n a i g h   m é
n a   g c a b a i r í
a n   b r o n n t a n a s
d o l a d h r o i c h i d
l e i s   n a   c a b a i r í
c h r o i n i c e o d h   s é
l e i s   a n   í o s t a o b h
s á r - r é a l a c h a s
b r e i s e o i d h   s i a d
d á   d t a i r n g r í d í s
b a n d r a í o d ó i r í
e a c h t r a í o c h t a
a   d h í t h i o m s a i g h
a n   p h r í o m h o i f i g
d h í t h i o m s a í t e á
l e i s   n a   m a t r a r c a í
g o   d t a i r n g r í   s i b h
l e i s   a n   m o l a d h
l e i s   a n   m b a r ú i l
b r é a g t h a c a i l í t
l e i s   a n   d é a d a l t
a n   t A n g ó l a c h
n a   p a r d ó i g e
l e i s   a n   a p s a i n t
f u i l l e a m h ó i r í
b é a l f h a r a i n g í
l e i s   n a   r ú n a i t h e
a i r e a c h a s a í m i s
d ' f h e i s t í o d h   s é
c r o i n i c e o i d h   s é
t a i s c - c h e a l l
o l a g a p s o n a c h t
t e a n g a i r e a c h t
l e i s   a n   g c r é a c h t
g o   n - i o n s a í t e a r
a n   c h r u i c é a d
a   e i s l é i r e a c h t
d á   n e o d r a í o d h   s é
a n   a c o r d á i n
a n   d é s h u i l f í d
l e i s   n a   f e i r m e a c h a
d á   d t o c h l a í d í s
g o   b h f a n a   s i a d
n a   f a b h t ó i g e
l e i s   n a   p o s t a í
c h r o i n i c i g h   s i b h
A i f r e a n n a i g h
l e i s   a n   g c o c h a l l
f o - d h o r d a i r í
d ' f h e i s t e o i n n
a   d ' a i r e a c h a s ó d h
a   c h r o i n i c í o d h
d ' u r g h a i r   s i a d
a n   f o s h a l a n n
a n   G a i m b i a c h
d á   m b r e i s í o d h   s é
c h e a r t a i g h   s é
a n   f h o - r ú i b r i c
a n   a i g é a d a c h t
d o r d v e i d h l í n í
d ' i o n s a i g h   s é
a n   f h o i r f í o c h t
n a   c a r r a i g e a c h a
a   c h r o i n i c e o d h
n a   c é a r a c h
f a i l l í o n n   s i a d
c o i m e á d a c h a i s
v a s á i l l e a c h t
a   f h u i l l e a m h ó i r
a i r e a c h a s a i g h
g o   d t o g h a i m i d
g o   d t o c h l a í m i d
c r o i n i c e o i m i d
e i p i l i m n i a i n
d á   l í n í o d h   s i b h
a t h s h o n a n n   s é
l u í f e a d h   s i b h
e a l a í o n t ó r a
d ' f h a n f a d h   s é
d í t h i o m s ó i d h   m é
n a   s l i s c h l á r
a   í o s t a o b h a n n a
d á   g c e a r t a í m i s
g o   d t a i r g e   s i b h
l e i s   a n   m i o t a s
n a   n - a c h m h u s á n
a n   ó g á n t a c h t
f o t h i o n ó n t á n
d á   d t o c h l a í t e á
d é s h u i l f í d í
b h r e i s í o d h   s é
d á   n - a t h s h o n t á
l e i s   a n   s l e á n
l e i s   a n   s í o t a
g o   m b r e i s í m i d
l e i s   a n   m e a t h l ú
g r e a n n ó i d h   s i b h
a n   t - a e r a c h l á r
a   G h a i m b i a i g h
t e i l e a g r a i f
a n   t s e e a d t a
g h r e a n n a í m i s
t h o c h l ó d h   s i b h
d ' f h e i s t í o m a r
g o   m b r e i s í   s i b h
a   é i m í r í o c h t a í
b h r e i s e o i m i s
a   m h a o s c h l á r a
l e i s   a n   r o c a c h t
l e i s   a n   a l t a d h
e i s l é i r e a c h t
d í o g r a i s e o i r í
a   d h í t h i o m s ó d h
c h r o i n i c e o f a í
d ' a i r e a c h a s ó f á
a   e a l a í o n t ó i r í
p r í o m h o i f i g í
a   f h o t h o r t h a í
f é i n c h a o m h n ú
a n   t - u a t h a c h a s
a   c h ú i r t b h a n n a í
I o s l a m a i t h e
I o s l a m a i t h e
l e i s   a n   n g l a c
b é a l f h a r a i n g
g o   b h f e i s t í   s é
g o   g c e a r t a í m i d
d h í t h i o m s a í t í
c e a r t a í o n n   s é
n a   b h f í n i ú n a c h a
a n   f o r é i g i ú n
c r u i m h e a c h á i n
n a   l á n s t a d a n n a
n a   h o i t r e a c h
t h o c h a i l   s i a d
n a   n g a i r d í n í
f o - d h o r d a i r e
t h o g h f a d h   s i b h
c h ó n a i g h   s i a d
a   f h o r é i g i ú n a
t h a i r n g r í d í s
a n   é i m í r í o c h t
n a   s l i s c h l á i r
t a i r g f i d h   s i a d
d ' a t h s h o n f a í
b h r e o f a d h   s é
a   a t h s h o n f a i d h
d ' f h e i s t i g h   s é
l á n a i b í o c h t a
a n   f o - g h r ú p a
b h r e o d h   s i b h
g r e a n n a i t h e
p r í o m h o i f i g í
a   g h r í o b h á n a
a n   d ó c h ú l a c h t
a   s h e a l b h a c h a
u r g h a i r f i d h   s é
c h ó n a i g h   s i b h
t h u i g e a d h   s i b h
d ' f h a n a d h   s i b h
a   A r a b a c h a
n a   r o g h c h l á r
l e i s   n a   c o i r c
n a   c n á i b e
s c i l l i n g e
n a   m a o s c h l á i r
g o   g c e a r t a í   s é
a i n é i f e a c h t
g r e a n n a í o d h   s é
g o   n e o d r a í   s i b h
n a   b h f e i r m e a c h a
f u i l l e a m h ó i r
d ' i o n s ó i m i s
g o   b h f e i s t í   m é
g r e a n n ó i d h   m é
a n   i a r n r a
a   f h e i s t e o i d h
g o   m b r e i s í   t ú
l e i s   a n   t i o m n ó i r
t h a i r n g r e o f á
o r t a i g i n e a s
n a   l e a d h b ó i g e
g o   d t a i r g t e a r
a   s h o b a l d r á m a
a n   c h ú l - l í n e
d ' f h e i s t i g h   m é
a n   u r c h o i s c
n e o d r a í o n n   s é
a   u r g h a i r e a n n
l e i s   a n   t r é a d a í
d ' f h a i l l í t í
a t h s h o n a n n   t ú
f o s h r u t h a
n a   S a s a n a i g h
b o l c á n a c h a s
n e o d r ó i d h   s i b h
a   b h r e i s e o d h
d á   b h f a n a i n n
l e i s   n a   g o b a
a   f h e i s t í o n n
a   l a c h t a n n a
d á   d t o g h a i m i s
l e i s   n a   m í r e a n n a
M o n g ó l a i g h
c h e a r t a í m i s
g o   d t o c h l a í   m é
d é s h u i l f í d í
a n   n ó i n í n
l e i s   a n   a i p s i s
g o   b h f a n a   s i b h
n a   r é a d ó i r í
g r e a n n a í d í s
n a   l á r i o n a d
f o s h a l a i n n
g n é a s a í g h
s í o l t a   o i s r e
e i p i l i m n i a n
d ' f h a n f a i m i s
t u i g t h e
d ' f h a n f a i d í s
c e a r t a í t e a r
s o b a l d r á m a í
l e i s   a n   l u a i n
d ' a t h s h o n   m é
l e i s   a n   n g o b
t h o c h l a í m i s
n a   g r í o b h á i n
n a   h a c o r d á i n
n a   f e i m i n i t h e
b h r e o f a i d í s
í o s t a o b h a n n a
a   a l g e o l a i t h e
a   p h a r a n ó i a
a   a i g é a d a c h t
f o - r ú i b r i c í
l e i s   n a   m i a s a
a   c h ú i r t b h a n n a
f e i s t í o n n   s é
b h r e o i g h   s é
d ' f h a n a i m i s
g r e a n n a í m i s
s a i l c h u a c h a
c h e a r t a í d í s
r e i l i g i ú i n
c e a r t a í o d h   s é
f o - r ú i b r i c í
a   l á r i o n a i d
a   f h e i m i n i t h e
a n   s c a m h ó g
a n   t - ú i r i a l
t a i r g f i d h   s é
g o   n e o d r a í   s é
a n   a m h r a i s
a   f h í n i ú n a c h a
a n   m h a l a i c í t
b h r e i s í d í s
l e i s   a n   d í n i t
a i g é a d a c h t
a n   c o i t e a n n
t e i b í o c h t a í
a n   a p s a i n t
a i l l é i r g i n
a   f h a b h t a n n a
n a   m i o t a i s
t o c h l a í t e a r
a   a m f a p ó d a
a   c h l u a s l a
o l l p h l á i n é a d
a   a i f r i c é a d a
g n é a s a í o c h
r e i l i g i ú i n
a   m h a g a i r l e
a n   t - a s c a s
i r i s l e a b h a r
n a   c i s t i n e a c h a
l e i s   a n   a i r n e
n e o d r ó d h   s é
g o   d t u i g e   m é
a i l l é i r g i n
n a   b a n s i ó g a
a n   f h o s f á i t
a   m h a g a i r l í
s e a l b h a i g h
g o   d t o g h a   s é
c h ó n a í o d h   s é
G a i m b i a i g h
l u a f a d h   s i b h
d á   d t o g h t a í
f o t h o r t h a í
d ú t h a í
d é s h u i l f í d
g u n n a d ó i r í
d á   m b r e o i n n
a i f r i c é a d
a   a p a l a c h t
a n   t S a s a n a i g h
a n   t A r a b a c h
n a   h A r a b a i g h
l e i s   n a   r a n n t a
c h e a r t ó f a í
n a   n g l a c
d ' f h e i s t í t e á
t h o g h f a i d í s
g o   m b r e o   t ú
r o g h c h l á i r
a   t h r a s n a i s c
c h r o i n i c í t í
a c r a c h r e a s a
f ó t a s h r u t h
a   f h e a d a í l
a   í o s t a o i b h
d é - o c s a í d e
n a   d í o m á
t h o c h l ó f a í
h i p e a m á i n e
a n   m i o t a s
a c h m h u s á i n
d ' f h í f i d í s
n a   b p o s t a í
a   V a l d a c h a
d ' f h e i s t í t í
a   b h u i d é i l
n a   n - ú i r i a l
f o c h é i m i t h e
d á   g c ó n a í n n
b h r e o i g h   t ú
l u í f e a d h   s é
a n   p o s t a
f a i l l í d í s
g o   d t u i g e   s é
a n   f e i m i n í
n e o i d i m i a m
c o m h r i a l t a s
g u n n a d ó r a
a e r a c h l á i r
g o   g c ó n a í   t ú
l á r i o n a i d
a n   p h i n g i n
s á r a í o c h t
a   a i f é i l e a n a
a   t h u i g e a n n
g o   l u í   s i a d
c h ó n ó i n n
a   m h a t r a r c a í
c h e a r t a í t í
n a   l á n s t a d a n n a
g o   m b r e o   s é
a n   t s í o t a
c h e a r t a í n n
g r e a n n ó i d h   s i a d
a   o i r i ú i n t í
n e o d r ú
a n   g h a l a i r
d é - o c s a í d
d é - o c s a í d
x é i r i f í t e
d ' f h í o d h   s é
s e e a d t a
d á   l u a d h   s é
a n   t - ó s t a
d ' i o n s ó f á
c h ó n ó i m i s
g o   l í n í   s i b h
b a n - n a o i m h
b h r e i s e o f á
n a   c ó r a i m
c h ó n ó i d í s
x é i r i f í t í
a   u r c h o s c a
b r e o i t e a r
a i f r i c é a d
t i o m n ó i r í
n a   s t á b l a í
a t h s h o n t a r
n a   p o s t a í
a   b h ó i r i c í n
r o g h c h l á r
f o c h í o s a í
t h o g h a i d í s
a i f r i c é i d
a n   f h í n i ú i n
f e i s t í t e a r
c e a r t a í m i d
f ó i f í n i g h
n a   c o m h l a í
t o c h l ó i m i d
t h u i g   s i a d
f e i s t í t e a r
b a n - n a o i m h
b r e o n n   s i b h
a n   b h o l l ó g
g h r e a n n ó i n n
a   a i n n i r e a c h a
n a   b u i d é i l
j a b i o n a i d
n a   s o r c a i s
l e i s   a n   n e o i d i m i a m
G a i m b i a c h
r é a d ó i r í
a   m h o l a d h
t o g h a d h   s é
t u i g f i d h   m é
j a b i o n a i d
t h o g h   s i a d
t o c h l a í g í
a   a c o r d á i n
a   g h a i r d í n í
i o n s a í o n n   t ú
a d h a l t r a n a i g h
a c r a c h r i o s a n n a
a n   c h r o s ó g
b r e o n n   s i a d
a   m h i a i l i n
a   a c o r d á n a
l í n e o i m i s
t o c h l ó i d h   s é
S a s a n a i g h
l u a f a i d h   m é
r o g h c h l á r
i o n s ó i d h   t ú
o i r i ú i n t í
a   t h o g h f a d h
f e i s t í o d h
n a   t r o i s c
S u a s a l a n n a c h
ú r u i t h e
t h o g h a i n n
t h u i g   s i b h
l u í f i d h   s é
c h ó n a í m i s
b a n ó s t a c h
a   c h é a r a c h a
n a   h a s c a i s
i o n s a i t h e
g o   b h f í   s i b h
n a   n - a r a l t
a i p s i s e
a n   d é a d a l t
b a i r d é i r í
a   a p s a i n t
i o m á n a i t h e
a n   ó s t a
g a r á i s t e
t r é a d a i t h e
a   b h u i r b e
g r í o b h á n
a   t h r é a d a í
g u n n a d ó i r
t h o g h a d h   s é
d é a d a i l t
r é a d ó i r í
t h u i g i d í s
f o c h é i m í
b h r e o f a í
s e a l b h a i g h
a   l u a f a d h
g o   l í n í   s é
g r í o b h á i n
m e a t á n a i g i n e a s
m a l a i c í t í
n a   s c u i d e a n n a
d á   l í n í m i s
n e o d r ó f a r
t h o g h   s i b h
c e a r t ó i d h   m é
t h a i r g f í
m í m h ú i n t e
a   l í n e o i d h
b o n n e a g a r
c e a r t a í m
m a l a i c í t í
o i r i ú i n t
t i o m n ó i r
t h a i r g   t ú
i a r s m a l a n n
f e i s t í g í
d é a d a i l t
n a   m é i r e
X - g h a t h a n n a
a i f é i l e a n
c é a r a c h a
c r á b h a d h
a n   d á n l a n n
c i s t i n e a c h a
a   n e o d r ó i d h
a n   s l e á n
f e a d a í l
a i n n i r e a c h a
t a i r g t h e
a n   m o n a r c
a   r é a d ó i r
n a   s c é i m e
n a   s c é i m e a n n a
g a i r d í n
a   c h ó r a i m
g r e a n n a í t e a r
d ' f h i t e á
f e i r m e a c h a
a   o s c a i l t
g e a r r t h ó i r í
c é a r a c h a
f a n f a i m i d
c r u i c é a d
a n   c h n á i b
g a i r d í n í
b a r ú l a c h a
a   b h r e o d h
n a   n - ú r u i t h e
c a b a i r í
a   d ' f h í f e a d h
p a r d ó i g e
c i a r ó g a
g o   l u í   m é
a n   s t á b l a
s c a m h ó g
d á   l u i t í
b r e o i m i s
f a n a i d í s
t o g h a i m i d
s l e á n t a
a n   t - a r a l t
i s i c í m í
i s i c í m í
s l i p é a r
c r é a c h t
n a   l i ú i t e a n n a
a   b h r e o i g h
b u i d é a l
d ú t h a i g h
t h u i g i n n
a n   g h l é i n e
t h u i g   s é
a n   a i f í s
c o m h l a í
l u a i d í s
m i a n a c h
c a b a i r e
g o   b h f í   s é
f o s f á i t í
g r e a n n a i g h
a n   l i ú i t
a   ú i r i a l a
a l t a
c a i d h p e
m i o t a i s
r o c a c h t
g o   b h f í   m é
l í n í m i s
a   p h u t ó g
a n   p h u t ó g
m i o t a i s
s l i p é i r
f o s h r u t h
d ' f h í f í
a t h s h o n
t h o g h t a í
c ó n a í g í
g o   l u í   s é
p a r d ó g a
m a t r a r c
c ó r a i m
l á n s t a d
t r é a d a í
t a i c í n í
c r o s ó g a
c a b a i r í
r é a d ó i r
s l e á n t a
g o   g c ó n a í m i d
a i n n i r e
a   f h a n a n n
l u i t e a r
f e i m i n í
l í n í n n
i o n s ó f a r
b u i d é i l
a   g h l a c a
a n   f o r c
l í n e o f a r
o s c a i l t
d i n g í n í
n a   g l a c a
s i c e á i n
a   g h l a c
a   g h a s r a
b r e o i g h
a   a r a i l t
a p s a i n t
ú i r i a i l
a n   c h é i r
l í n í d í s
i o m á n a í
a   s t á b l a
i o m á n a í
g l é i n í
f a n a n n   t ú
l í n e o f á
l í n í t e a r
i o n s a í m
i o n s a í m
q u i n í n
n a   g o b a
c ó n a í o d h
g a l a i r
a s c a i s
m o n a r c a í
c r o s ó g
a i n n i r
m e á n n a
t a i c í n
c o l l a c h
a   p h ó l ó
l a c h t a
t r o i s c
e i t r í
f a n a i m i d
g l é i n e
g l é i n e
t r o i s c
p o s t a í
m í r e a n n a
a   a i f í s
f a n f a r
b r e o i m
c i s t i n e
a n   o i t i r
t o g h t a r
t u i g i m
s t á b l a
p a r d ó g
b u i l í n
b u i l í n
n ó i n í n
g a s r a
g a l a r
d í o m á
X - g h a
s í o t a í
l í n í t e á
b o l l ó g
X - g h a
b a r ú l a
e a g a i r
e a g a i r
f a n t a r
d u i l l e
a d ó i b
s c u i d
ó s t a í
f i t e a r
d í o m á
a   s h ó p a
a   l u a i n
c o i r c
l u a i m
á r a c s
g a l a r
f í o d h
r ú n a í
l i ú i t
m o n a r c
a   c h a i l l e a c h   d h u b h
l u í n n
a   a e r a c h l á r a
a   b h a n - n a o i m h
c o r c
e a g a r
l u í f e a r
n a   n ó i n í n í
a   d ' f h a n a d h
f o r c
t o g h
r u ó g
p ó l ó
ó s t a
a   m h i a s
l u í
t u i g
a   l u a f a i d h
f í m i d
m i a s
a   i a r n r a
a   e a g a i r
g o b
f a n
f í m
