n a   m a l a i c í t í
c o i m e á d a c h a s
a   b h i b l e a g r a f a í o c h t
c h r o i n i c e o i d í s
é i m í r í o c h t a í
n é a r m h e a t h l ú c h á n
g r e a n n a í m
g e o c r ó i n e o l a í o c h t
r a n n ó g a
a d h a l t r a n a i g h
t h a i r n g i r   s i b h
l e i s   a n   g c é a d p h r o i n n
n a   s c i l l i n g e
G a i m b i a c h
a n   a i n n i r
r a d a c a c h a s
l e i s   a n   X - g h a
f a i l l e o i m i d
l e i s   n a   s o b a l d r á m a í
a i r n í
l e i s   a n   n g e a r r s h n á i t h e
a   i o m á n a i t h e
t o g h f a r
a   i o n s a í o n n
i a r s m a l a n n a
l u a n n   s é
a   d ' i o n s a i g h
l e i s   a n   ó d ó n t e o l a í o c h t
l e i s   a n   r o g h n a í o c h t
i s i c í m í
l e i s   a n   g c r u i c é a d
a n   X - g h a
f e a r
l í n e o i m i d
a n   t - a c h m h u s á n
l e i s   a n   b p r í o m h o i f i g
n a   t e i l i m é a d r a c h t a
a n   t - o r t a i p é i d í
t h o c h a i l   s é
a   f h o - d h o r d a i r í
d á   d t a i r n g r í t e á
n a   h i s t i g i n i s
t a i r g e a d h
f a i l l i ú
n a   t e i b í o c h t a
a   s h a i l c h u a c h
b r u a c h a i r e
a n   a m f a p ó i d
l e i s   a n   g c i s t i n
b e i r i l l i a m
n a   m e á n d o i m h n e a c h t a
a   p h i n g i n í
a   f h o i r f í o c h t
a n   t a i c í n
n a   h ó d ó n t e o l a í o c h t a
n a   c r o s ó g a
l u i g h   s i b h
c ó n ó i m i d
c o m h l a
g e a r r s h n á i t h e a n n a
m e a t h l a i t h e
v í r e o l a í o c h t í r e o l a í o c h t a
l u a c h - c h o m a o i n
l e i s   a n   m b o l c á n a c h a s
l e i s   n a   g e a r r s h n á i t h e a n n a
l e i s   n a   b a n - n a o i m h
a   c h o i r c
g o   g c ó n a í t e a r
t h o g h   m é
n a   m e á
t h a i r n g r í n n
m a l a i c í t
d ' f h e i s t e o f á
i o m á n a í
a n   o i r i ú i n t
d ' i o n s ó i n n
f e a r
a   a s c a i s
a n   f o t h i o n ó n t á n
a n   t - a d h a l t r a n a c h
g o   b h f í m i d
d á   g c e a r t a í n n
a n   s c i l l i n g
b r e i s e o i d h   s é
n e o d r a í o n n   t ú
g a r á i s t e
d ' u r g h a i r f e á
a   r o g h c h l á r a
b a n - n a o m h
a   c h r á b h a i d h
l e i s   n a   h a i f r i c é i d
l e i s   n a   h o l l p h l á i n é i d
l e i s   a n   b h f a b h t
c a i l l e a c h   d u b h
a n   f h o - d h o r d a i r e
b r é a g t h a c a i l í t í
f í n i ú n a
t h u i g f e a d h   s i b h
S u a s a l a n n a i g h
g i n e a l a c h
c o i m e á d a c h a s
a   d ' f h a i l l e o d h
a   b h a n - n a o m h a
a   a m f a p ó i d
l e i s   n a   c o c h a i l l
n a   t r é a d a i t h e
l e i s   n a   d é s h u i l f í d í
n a   r é i m s e t h e o i r i c í
d á   b h f e i s t í d í s
f o r é i g i ú i n
n a   c é a d p h r o i n n e
c ó r a m
a n   m h i o n d í o l t ó r a
a i r e a c h a s a í o d h   s é
g n é a s a í g h
s o b a l d r á m a í
a   i a r n r a í
a   t h a i r g
d á   g c ó n a í m i s
b r e o f a i d h   m é
a n   g h e o c r ó i n e o l a í o c h t
a c o r d á n
c o m h c h i a l l a c h a s
c r o i n i c i g h
g o   g c e a r t a í   m é
m o n a r c a í
a i r n í
d ' f h í o d h   s i b h
a   d ' u r g h a i r f e a d h
l u í m
l e i s   n a   h a s c a i s
t a i r g i m
a n   o r t a i p é i d í
b r o g h a i s i r e a c h t
m i a i l i n
l e i s   n a   h a c r a c h r i o s a n n a
l e i s   a n   m i o n d í o l t ó i r
b r o n n t a n a i s
b é a l f h a r a i n g
g n é a s a c h a s
a n   o r t a i g i n i s
g o   d t u i g e   s i a d
n a   h o s c a i l t í
a n   l u a i n
c l o i c h e á n
r u ó g
d ' f h a n a i d í s
a i r e a c h a s a í m
t h a i r g   m é
l e i s   a n   b h f ó t a i s i n t é i s
l e i s   a n   g c n á i b
a n   g i n e a l a c h
n a   b h f o - g h r ú p a í
l e i s   n a   b r á n n a
n a   c a b a i r í
a   n e a m h u r c h ó i d
l e i s   a n   b h f o - c h o m h f h i o s
t o c h l ó i d h   s i b h
a n   l u a c h - c h o m a o i n
b r á n n a
l e i s   a n   j a b i o n a d
n a   t a i s c - c h e a l l a
l e i s   a n   m b a n d r a í o d ó i r
d ó c h ú l a c h t a í
a i r e a c h a s a í o n n   s é
a   f h u a i m f h o c l a í o c h t
a n   V a l d a c h
g h r e a n n ó i d í s
c r u i c é a d
d á   n - i o n s a í o d h   s é
G a i m b i a i g h
n e a m h c h o i n n e á l a c h t
g o   g c ó n a í   s é
d r u d
m e a t h l ú
l e i s   n a   h a m c h r i o s a n n a
a   n ó i n í n
g h r e a n n a í o d h   s é
l e i s   n a   c r u i m h e a c h á i n
n a   d u i l l í
l e i s   n a   l i ú i t e a n n a
a n   t e i c n e a l á r n a c h a s
s i m e a t á i r
d ó c h ú l a c h t a í
s l i p é i r
n a   s o r c a s
n e o d r a í t í
t h o c h l a í t e á
t a i r n g r e o i d h   s i a d
a   f h a b h t ó g
a   f h o s h a l a n n a
d ' f h a n a d h   s é
a   B h o i l s é i v e a c h a i s
a i f í s
a   d h í o g r a i s e o i r í
b e o g a i r e
t a i c í n í
a l l a i m é a d r a c h t
n e o d r ó i m i d
d á   n - i o n s a í n n
n e o d r a í o d h   s i b h
a   c h e a r t a í o n n
a n   t s e a c h b h ó t h a i r
a t h s h o n t a
l e i s   a n   e a l a í o n t ó i r
a   a i l l é i r g i n
s c a m h ó g
a n   g h n é a s a c h a i s
g o   d t a i f e a d a   m é
a n   f o - c h o m h f h i o s
l e i s   n a   h í o s t a o b h a n n a
s o r c a s
a n   a d h a l t r a n a i g h
m é i r e
g o   n g r e a n n a í m i d
r o c a c h t a
f ó t a i s i n t é i s
n a   c ú i r t b h a n n a í
n a   d t r o s c
l í n e o i d h   s i b h
l e i s   a n   t s o c h r e i m t h e a c h t
a   b h r i s e á i n   m h i l i s
n a   b o l l ó g a
l e i s   a n   t s l i s e o g
a   s h a c s a f ó n a í
c ó n ó i d h   s i a d
a   b h u i l í n
l u í o d h   s i b h
a   f h o t h i o n ó n t á i n
a   l u a c h - c h o m a o i n
f u i l l e a m h ó i r
a   s h í l   o i s r e
f e a d a í o l a
a n   a i n é i f e a c h t
l e i s   n a   c u i m h n í
a   d h é - o c s a í d
a   e a s u m h l a í o c h t
a n   g o b
a   n e o i d i m i a m
f a n a n n   s é
v a i d h t é a r a i t h e
f e i r m
b o l c á n a c h a s
a   g h e a r r t h ó i r í
l í n e o i d h   s é
t o c h l a í m
f a i l l í t e a r
a n   s t é a r ó i d i g i n i s
c r ó n a l u a d a i r
c r o i n i c í m i d
a n   b h r á
n a   g a s r a í
n a   g c r o s ó g
a   h i p e a m á i n e
ú r ú
a n   t s l i s c h l á i r
i r i s l e a b h a i r
a m c h r i o s a n n a
n a   h i o p o c s a e i m e
l e i s   a n   m b r a d a í o c h t
a   g h u n n a d ó i r
s u a n l i o s
a i f r i c é i d
e a l a í o n t ó i r í
f o - g h r ú p a í
l u í o n n   s é
u r g h a i r e a d h
f u i l l e a m h ó i r í
a l g e o l a í
d h í t h i o m s a í n n
n a   c ú l - l í n e
c é a d p h r o i n n
c r o s ó g
l í n í o n n   t ú
n a   s a c s a f ó n a i t h e
u r g h a i r f i d h   s i b h
c í t i c e i m i c
a   s h l i s e o g a
n a   n d ó c h ú l a c h t a í
a n   t - a i f é i l e a n
m i a s
a n   r e i l i g i ú n
a n   d i n g í n
l i ú i t e a n n a
a n   t - a n g l a
n a   p a r d ó g a
l e i s   a n   l e a d h b ó g
a n   b l a s t ó i r   f í o n a
d é a d a l t
l e i s   n a   b a n d r a í o d ó i r í
n a   b i t s í
n a   r o c a c h t a
a   b h a n ó s t a c h a
c o i t e a n n
f a n a i g í
a n   f u i l l e a m h ó i r
c e a r t ó f a r
c r á b h a i d h
b r e o f a i d h   s i b h
a n   n é a r m h e a t h l ú c h á i n
a   f h o c h í o s a i t h e
a n   d é - o c s a í d
d ' u r g h a i r   s é
n a   m b a n - n a o m h
n a   b u i l í n í
t a i r n g r e o i m i d
g o   b h f a i l l í   s i b h
b r e i s í m i s
a n   i o m á n a í
d ' f h í f i m i s
b r i s e á n   m i l i s
t a i r n g r í g í
a n   t - i o m á n a í
a   t h r i ú r a
B o i l s é i v e a c h a s
d í o g r a i s e o i r
a   f h o - g h r ú p a í
c h e a r t ó d h   s é
n e o d r a í d í s
A e t ó p a c h
d ' u r g h a i r i n n
a   a s c a s a
l e i s   n a   h a c o r d á i n
n a   r u ó i g e
r a d a i g h n í o m h a í o c h t a
a   d ' a t h s h o n a d h
e a l a í o n t ó i r í
n a   n - a e r a c h l á r
a n   b h a n s i ó g
n a   n d é s h u i l f í d í
n a   d t r é a d a i t h e
t u i g f i m i d
l e i s   n a   c i a r ó g a
a n   b h a n ó s t a i g h
a n   t - a m f a p ó d
d ' f h i g h   s i a d
f e i s t í o n n   s i a d
L a i d i n
n a   x é i r i f í t í
a n   e a l a í o n t ó r a
s o r c a s
b r e o
d ' a i r e a c h a s a i g h   s i a d
d á   g c ó n a í o d h   s é
a   o i t i r
a   c h l o i c h e á i n
h i p e a m á i n e
f o r c
n a   m b r á n n a
d ' a t h s h o n f a i d í s
a t h s h o n f a i d h   s i a d
s l i s c h l á i r
l e i s   n a   g a l a i r
a l g e o l a i t h e
a n   t - e i p i l i m n i a n
n a   f u a i m f h o c l a í o c h t a
b a r ú l a c h a
n a   n - e a c h t a r c h i n í o c h a
f o - c h o m h f h i o s
m í g h e a n m n a í o c h t a
l u a i n
u a t h a c h a i s
t u i g i g í
a   c h i a r ó g
t r i ú r
l e i s   a n   s e a l b h a c h
a   b h r a d a í o c h t
c u i m h n í
f a n a i m i s
g l a c a
n a   b r u a c h a i r í
b a r ú i l
a   s h i m e a t á r a
d ' f h i g h   m é
a   A i f r e a n n a i g h
n a   f o s h r u t h a n n a
l e i s   a n   r í o m h c h o i r e a c h t
a   c h a r r a i g e a c h a
l e i s   n a   g r í o b h á i n
ó s t a í
a n   l á n s t a d
c r o i n i c e o i d h   m é
o i t i r
c h e a r t a i g h   s i b h
v a i d h t é a r a í
g o   d t a i r g i m i d
a   t h a i r g e a d h
f a n a n n   s i a d
a   v a i d h t é a r a i t h e
n a   c r u i m h e a c h á i n
d ' i o n s a i g h   s i b h
n a   g n é a s a í g h
n a   n - e a g a r
a n   G h a i m b i a i g h
a   x é a r o f t a i l m i a
b r e o d h
t a i r n g r í t e a r
f a i l l í m i s
f é i n r i a l t a s
a   b h r á
a n   f h i r
a b a r t h a c h t
c e a r d c h u m a n n a c h
n a   c u i m h n í
a p s a i n t
g o   n - a i r e a c h a s a í m i d
l e i s   a n   d i n g í n
g r e a n n a í o d h
a   a i l l é i r g i n
p a r d ó g
a   s h e a l b h a i g h
i o n s a í o d h
a n   e a c h t r a í o c h t
f o c h é i m í
n a   f o s f á i t í
a   s h o c h r e i m t h e a c h t
d ' f h a n   t ú
a   m h i o n d í o l t ó i r
n a   v a s á i l l e a c h t a
g o   g c r o i n i c í   s i a d
s ó p a
d ' a i r e a c h a s ó f a í
n a   c r é a c h t a í
a p a l a c h t
a   g h l é i n í
a   g h r í o b h á i n
a n   b h r é a g t h a c a i l í t
c o c h a l l
n a   g c r ó n a l u a d a r
d ' a i r e a c h a s ó d h   s i b h
a n   g i o s t a
a i r e a c h a s a í o n n   s i b h
g u n n a d ó i r í
t h u i g i m i s
n a   g c a i l l e a c h   d u b h
a   M h o n g ó l a c h a
f o c h í o s a i t h e
t a i r n g r í d í s
l u a f a r
f í n i ú n a c h a
c e a n n a c h t
o l a g a p s o n a c h t
s o r c a i s
g o   d t o c h l a í   s i a d
d ' f h i g h   t ú
n e o d r a i g h   t ú
n a   n A n g ó l a c h
l e i s   a n   t a i c í n
g o   n e o d r a í   m é
g o   g c e a r t a í t e a r
n é a r m h e a t h l ú c h á i n
d á   d t a i r n g r í m i s
g o   n d í t h i o m s a í   s i b h
n a   m o n a r c a í
a n   f h e i m i n í
l u a d h   s é
d á   n - a i r e a c h a s a í m i s
t o c h l a í t e a r
t r o s c
g o   m b r e o   s i a d
f a n a n n   s i b h
n a   f e i r m e a c h a
a   d ' f h a i l l i g h
a   x é i r i f í t í
a   b h u i l í n í
d h í t h i o m s a í o d h   s i b h
n a   r a n n ó g a
b ó i r i c í n
n a   b h f o s h a l a n n
a   b h a i r d é i r
a n   c h r é a c h t
a n   c o r c
t a i r n g r e o i d h   s i b h
n a   b h f ó i f í n e a c h
l e i s   a n   i a r n r a
l e i s   a n   a d ó i b
n a   h a l l a i m é a d r a c h t a
n e o d r a í t e a r
a n   B h o i l s é i v e a c h a i s
c r o i n i c í o d h   s é
g o   l u a i m i d
f í f i d h   t ú
a   s c a m h ó g a
a   m h i a s a
t e a n g a i r e a c h t a
a i n n i r e a c h a
a n   t s ó p a
n a   n - á r a c s a n n a
m í r e a n n a
t o g h f a i d h   s é
a n   c r u i m h e a c h á n
c i a r ó g
é i m í r í o c h t
a   l á r i o n a d a
a   c h a b a i r e
n a   p i n g i n í
a n   q u i n í n
b r á
a n   l á r i o n a i d
a   r o c a c h t
