k ü m b e t i n i z i n
o n a r l a r   m ı y m ı ş
i y i l e ş m i ş s i n
i y i l e ş m i ş   o l m a y a c a k s ı n ı z
k a p a m ı y o r   m u y m u ş s u n
k ü ç ü l m e l i y m i ş s i n i z
i y i l e ş i y o r   o l m a m a l ı y m ı ş s ı n
s a ğ l a r d ı m
k ü ç ü l ü y o r   o l m a y a c a k   m ı s ı n
i y i l e ş m e z   m i y m i ş s i n
a g n o s t i s i z m d e n
h ü c r e s i n i n
ö ğ r e n m e l i y d i
o n a m a y a c a k l a r   m ı y d ı
o n u y o r   o l m a l ı y d ı k
k ü ç ü l m ü ş   m ü s ü n ü z
k a p a y a c a k   m ı s ı n
k a p a m ı ş   o l a c a k t ı
k ü ç ü l m ü ş   o l m a y a c a k
p r o t e s t o l a r ı n
o n u y o r   m u y m u ş u z
k a p a m ı y o r   m u y u m
k ı l k a p a n ı m ı z d a
p r o t e s t o n u z u n
i y i l e ş i r
i y i l e ş m e z   m i y d i k
o n a m ı ş   m ı y d ı n
k ü ç ü l ü y o r   o l m a l ı   m ı s ı n ı z
o n a m a z l a r   m ı y d ı
k ü ç ü l ü y o r   o l m a m a l ı   m ı y ı z
k a p ı y o r   o l m a y a c a k t ı k
y a l a n c ı l ı ğ ı n ı z d a n
i y i l e ş e c e k   o l m a y a c a ğ ı m
a g n o s t i s i z m i n
f r e n d e
i y i l e ş m i ş   o l a c a k t ı m
v a d e m i z i n
k ü ç ü l m e d i
o n a m a m a l ı   m ı y d ı k
ö ğ r e n m i y o r m u ş u z
p r o t e s t o l a r ı n a
f l a ş l a r ı n d a n
k e s e r l a r ı
o l a y   g ü d ü m l ü   p r o g r a m l a m a s ı n ı
m ü m e s s i l l i k l e r m i ş i m
o n a r   o l a c a k   m ı y m ı ş ı m
ö ğ r e n i r m i ş i z
o n u y o r   o l m a m a l ı y d ı
o n a m ı ş t ı
i y i l e ş m i ş   m i s i n i z
i y i l e ş i y o r   o l m a y a c a k l a r   m ı y m ı ş
k ı l k a p a n ı m ı z ı
ö ğ r e n i y o r   o l u r d u n u z
k a p ı y o r   o l a c a k t ı m
o n a r l a r d ı
i y i l e ş i r m i ş i z
k a p a d ı k   m ı
p r o t e s t o l a r ı n d a
h a t a l a r ı
k ü ç ü l m e z m i ş i z
ö ğ r e n i y o r d u k
m ü m e s s i l l i k l e r s i n i z
o n u y o r   o l m a y a c a k l a r
k ü ç ü l m ü ş   o l a c a k   m ı
k a p a m ı y o r   m u y d u m
i y i l e ş i y o r   o l m a m a l ı   m ı s ı n
k ı l k a p a n ı n d a
i y i l e ş m e m i ş t i m
h a t a y m ı ş ı m
k ü ç ü l ü r   o l a c a k m ı ş
k ü ç ü l m ü ş   o l a c a k   m ı y d ı k
m ü m e s s i l l i k l e r i n i n
i y i l e ş e c e k l e r   m i y m i ş
k e l e p ç e
i y i l e ş i y o r   o l u r   m u y d u k
m ü m e s s i l l i k l e r i m i z e
k ü ç ü l ü y o r   o l a c a k   m ı y ı m
k e s e r n ı z ı
k a p a a c a k   o l m a y a c a k m ı ş
o n a m a z d ı n
c e s e t l e r i n
ö ğ r e n i y o r   o l m a y a c a k   m ı s ı n ı z
t e l e v i z y o n u n u z d a
k a p a m ı y o r   m u y d u
o n a r   m ı y ı m
f l a ş l a r ı n ı n
k ü ç ü l ü y o r   o l u r d u
a g n o s t i s i z m e
o n u y o r   o l m a l ı y d ı n
o n a d ı y d ı n
a ğ a ç   ç i v i l e r e
i y i l e ş i y o r   o l m a l ı s ı n
ö z g ü r   y a z ı l ı m ı n d a
a ğ a ç   ç i v i l e r i m i z d e
h a t a l a r ı z
i y i l e ş m i ş t i
i y i l e ş e c e k   o l m a y a c a k m ı ş s ı n ı z
ö ğ r e n i y o r   o l m a z d ı n ı z
ö ğ r e n i y o r   o l m a y a c a k m ı ş s ı n ı z
k ü ç ü l e c e k   m i y m i ş s i n
