ö ğ r e n i r   o l a c a k m ı ş s ı n
s a ğ l a r ı n ı z a
k ü ç ü l m e y e c e k   m i y i m
o n u y o r   o l m a l ı   m ı s ı n
k ü ç ü l m ü ş ü z
k a p ı y o r   o l m a m a l ı y m ı ş
k ü ç ü l ü y o r   o l m a y a c a k   m ı s ı n ı z
o n a m ı y o r m u ş u z
k ü ç ü l m e m i ş   m i y m i ş
g ö t ü n d e n
k a p a a c a k   o l a c a k m ı ş ı z
h a t a y ı m
o n a r   o l a c a k m ı ş s ı n ı z
i y i l e ş i y o r   o l m a y a c a k t ı
o n a m a m e l i l e r   m i
i y i l e ş i r   o l m a y a c a k m ı ş
c ü c e y m i ş
ö ğ r e n i y o r   o l m a l ı s ı n
k a p a m a m a l ı y d ı n ı z
i y i l e ş i r l e r   m i y d i
k a p a a c a k   o l a c a k   m ı y m ı ş ı z
c ü c e n i
k ü ç ü l ü r   o l a c a k l a r m ı ş
d a l g ı n l ı k l a r ı n
m ü m e s s i l l i ğ i n d e
h ü c r e l e r
i y i l e ş i r   o l a c a k m ı ş ı m
ö ğ r e n i y o r   o l m a z   m ı y d ı n
k ü ç ü l m ü ş   o l a c a k t ı k
k ü ç ü l m ü ş   o l m a y a c a k t ı m
k ü ç ü l m e m e l i y d i n
i y i l e ş i y o r   o l m a l ı   m ı y d ı
i y i l e ş i y o r   o l m a l ı y m ı ş s ı n
i y i l e ş i y o r   o l a c a k   m ı y m ı ş ı m
i y i l e ş i y o r   o l m a l ı   m ı y d ı k
k ü ç ü l m ü y o r
k ü ç ü l ü y o r   o l m a m a l ı s ı n
s a ğ l a r d ı
o n a m ı y o r m u ş s u n
k ü ç ü l m e m i ş i m
i y i l e ş i y o r   o l m a z d ı n
ö z g ü r   y a z ı l ı m ı n ı n
f r e n l e r i
k a p ı y o r   o l a c a k   m ı y m ı ş ı z
k e s e r l a r m ı ş s ı n
b i l g i s a y a r   u y g u l a m a s ı n d a n
k e s e r n
k a p a m a z   m ı s ı n ı z
g ü n a h k â r ı m ı z
k ü ç ü l e c e k   m i y d i n i z
c e s e t l e r d e n
k ü ç ü l ü y o r   o l a c a k t ı n
ö ğ r e n m e m e l i   m i y m i ş s i n
k ü ç ü l ü y o r d u k
k a p ı y o r   m u y d u k
k ü ç ü l m e m i ş i z
t e l e v i z y o n u m u z u
i y i l e ş i r   o l a c a k   m ı y m ı ş
ö ğ r e n i y o r   o l u r   m u y d u k
c ü c e
i y i l e ş m e m i ş m i ş
e k l e m e s i z   m i y d i m ?
k a p a m a y a c a k   m ı s ı n
k ü ç ü l m e m i ş   m i s i n
k ü ç ü l e c e k   o l m a y a c a k l a r   m ı
k ü ç ü l m e l i   m i s i n i z
g ö t ü n ü z d e
k a p a m a z m ı ş s ı n
e k l e m e s i z   d e ğ i l   m i s i n ?
k ü ç ü l ü r s ü n
k ü ç ü l m ü ş   o l m a y a c a k t ı
g ö t l e r i n i z
e k l e m e s i z   m i y m i ş s i n ?
k a p a d ı n   m ı
k a p ı y o r   o l m a l ı y m ı ş s ı n
k e s e r l a r d a n
k a p ı y o r   o l m a z   m ı y d ı n
o n a m a z   m ı y d ı k
i y i l e ş i y o r d u
k a p a a c a k   o l m a y a c a k   m ı y m ı ş s ı n ı z
h ü c r e l e r i n i z d e
o n a m a m
m ü m e s s i l l i k d i n
ö ğ r e n m e m e l i y m i ş s i n
k ü m b e t l e r i m i z i n
ö ğ r e n m i ş m i ş s i n
o n u y o r   o l m a l ı y ı m
h ü c r e l e r i m
i y i l e ş m e m e l i l e r   m i
c ü c e m i z d e
o n u y o r   o l m a y a c a k
k a p ı y o r   o l u r   m u y d u n
o n a r d ı
o n a m a m ı ş ı z
ö ğ r e n m i ş   o l m a y a c a k l a r   m ı
k a p a m ı ş   o l m a y a c a k l a r   m ı
i y i l e ş m e l i   m i y d i n
k a p ı y o r   o l m a m a l ı y m ı ş s ı n ı z
o l a y   g ü d ü m l ü   p r o g r a m l a m a l a r ı m ı z
k a p ı y o r m u ş
