f r e n i n i z d e n
ö ğ r e n m e y e c e k   m i y m i ş i m
k ü ç ü l m ü y o r l a r   m ı y d ı
o l a y   g ü d ü m l ü   p r o g r a m l a m a l a r ı m ı z d a
o n a y a c a k   m ı s ı n ı z
o n a d ı l a r d ı
o n a m a m a l ı y m ı ş s ı n
h a t a l a r s ı n ı z
e k l e m e s i z   d e ğ i l   m i s i n i z ?
k ü ç ü l ü y o r   o l m a y a c a k t ı n ı z
k ü ç ü l ü r   o l m a y a c a k m ı ş s ı n ı z
o n a r m ı ş
ö z g ü r   y a z ı l ı m l a r ı n ı
o n u y o r   o l m a y a c a k t ı n
f r e n i n i n
h a t a l a r ı m ı z ı
i y i l e ş i y o r   o l m a y a c a k m ı ş s ı n ı z
i y i l e ş m i ş   o l a c a k t ı n
i y i l e ş m e y e c e k   m i y i z
k a p ı y o r d u k
k e s e r d a
k a p a m a z   m ı s ı n
k ü ç ü l m e m e l i   m i y d i m
a ğ a ç   ç i v i l e r d i n i z
c ü c e l e r m i ş s i n i z
k ı l k a p a n l a r ı n ı z d a
o n a m a d ı
k a p a m a z   m ı y m ı ş ı m
h a t a l a r ı m
i y i l e ş t i n i z   m i
k ü ç ü l ü r d ü m
k ü ç ü l m e y e c e k m i ş
o n a m a y a c a k l a r   m ı
o l a y   g ü d ü m l ü   p r o g r a m l a m a m ı z ı n
k a p a m ı y o r   m u y d u n
k ü ç ü l m ü ş l e r   m i y d i
o n a y a c a k l a r
k ü ç ü l m e z m i ş s i n
ö ğ r e n m e l i   m i y m i ş s i n
c ü c e m i z
k a p ı y o r   o l m a y a c a k m ı ş ı m
k a p a m a l ı y m ı ş s ı n ı z
ö ğ r e n i y o r   o l m a y a c a k   m ı
m ü m e s s i l l i k l e r m i ş
k a r a   t a h t a n ı n
k ü ç ü l ü y o r   o l m a y a c a k m ı ş s ı n ı z
k ü ç ü l e c e k   o l a c a k   m ı y ı z
i y i l e ş i y o r   o l a c a k   m ı y d ı k
ö ğ r e n i y o r   o l m a z d ı n
f r e n i m i z
k a p a m a m ı ş   m ı s ı n ı z
o n u y o r   o l m a l ı   m ı y d ı m
o n a a c a k   o l a c a k   m ı y m ı ş ı m
ö ğ r e n e c e k m i ş s i n i z
t e l e v i z y o n l a r ı n
k ü m b e t i m i z
k ü ç ü l m e z d i n i z
k a p a m a m a l ı   m ı y d ı
k ı l k a p a n ı n ı z ı
k ü ç ü l m e z d i n
e k l e m e s i z   d e ğ i l i m
h a t a s ı n a
k ü ç ü l m e m i ş   m i y d i n
i y i l e ş i y o r   m u s u n
ö ğ r e n m e y i n
k ü ç ü l ü y o r   o l a c a k t ı n ı z
k a p a m a m a l ı l a r m ı ş
p r o t e s t o l a r ı n d a n
ç i v i y i n d e n
k a p a m a z   m ı y d ı k
ö ğ r e n m e m i ş   m i s i n
k e s e r y d ı n ı z
f r e n l e r
b i l g i s a y a r   u y g u l a m a l a r ı n ı
k ü ç ü l e c e k   o l a c a k   m ı
k a p a m a y a c a k   m ı y d ı
y a l a n c ı l ı ğ ı n ı z ı n
a ğ a ç   ç i v i l e r d i
k e s e r l a r d ı n
k e l e p ç e l e r i n
i y i l e ş m e y e c e k   m i
h a t a l a r ı n d a
k a p a r   m ı y ı m
k a r a   t a h t a l a r ı n ı z d a
k a p a y a c a k t ı n
ö ğ r e n i y o r   o l a c a k l a r   m ı y m ı ş
k ü ç ü l e c e k   o l m a y a c a k   m ı y ı m
f r e n l e r i m i z d e n
v a d e s i n i n
k a p a r l a r d ı
k a p ı y o r   o l m a y a c a k l a r   m ı y m ı ş
ö ğ r e n m i y o r   m u y m u ş u m
f r e n l e r i
k a p a m a m ı ş l a r
t e l e v i z y o n l a r ı n ı z d a n
i y i l e ş m e z d i k
o n a m ı ş   o l m a y a c a k t ı m
o n a m ı ş   o l a c a k l a r   m ı y d ı
ö ğ r e n i r   m i y i m
k ü ç ü l ü y o r   o l m a m a l ı y m ı ş s ı n
