ö ğ r e n i r i z
ö ğ r e n i y o r   o l a c a k t ı k
k ü ç ü l m e m e l i l e r d i
k ü ç ü l ü y o r   o l u r l a r d ı
k ü ç ü l m e z m i ş s i n i z
b u s e n i n
o n a a c a k   o l m a y a c a k m ı ş ı z
g ö t t ü n ü z
k a p ı y o r   o l u r   m u y d u n u z
k a p ı y o r   m u y m u ş u z
o l a y   g ü d ü m l ü   p r o g r a m l a m a n ı z ı n
k ü ç ü l ü y o r   o l a c a ğ ı m
h ü c r e l e r m i ş
f l a ş l a r a
k a p a m a d ı l a r d ı
o n a m a y a c a k   m ı y m ı ş ı z
s a ğ ı n a
ö z g ü r   y a z ı l ı m ı m ı z ı
i y i l e ş i y o r   o l m a l ı y m ı ş ı m
ç i v i y i n d e
p r o t e s t o l a r ı n ı n
g ö t l e r e
t e l e v i z y o n d a n
i y i l e ş t i   m i y d i k
o n a m ı ş   o l a c a k   m ı y d ı k
t e l e v i z y o n u
k ü ç ü l m e l i   m i
i y i l e ş i y o r   m u y u m
b i l g i s a y a r   u y g u l a m a s ı n d a
k a p a
k a p a y a c a k   m ı y m ı ş
f l a ş l a r d a n
ö ğ r e n m i ş   o l m a y a c a k   m ı
i y i l e ş i y o r   o l m a l ı   m ı y ı z
m ü m e s s i l l i k l e r i n i
ö z g ü r   y a z ı l ı m ı m ı z
k e l e p ç e l e r i m i z d e
k ü ç ü l ü y o r   o l a c a k l a r   m ı y d ı
m ü m e s s i l l i k l e r m i ş s i n
ö ğ r e n m i ş   o l m a y a c a k   m ı y d ı n ı z
i y i l e ş m e m e l i   m i y d i
ö ğ r e n i y o r   o l m a l ı l a r   m ı y m ı ş
k e l e p ç e l e r i m i z
o n u y o r   m u y u m
a ğ a ç   ç i v i l e r
g ö t l e r i m i z
ö ğ r e n i y o r l a r   m ı
k ü ç ü l m e z   m i y i z
p r o t e s t o n u z d a
g ü n a h k â r ı n d a
f r e n i
i y i l e ş m e y e c e k   m i y m i ş s i n i z
o n a m a y a c a k m ı ş
m ü m e s s i l l i k l e r i n e
o n a m a m a l ı   m ı y m ı ş ı z
o n a m a m ı ş l a r
k a p a m ı ş   m ı y d ı n ı z
o n a m ı ş   o l m a y a c a k t ı
ö z g ü r   y a z ı l ı m ı
ö ğ r e n i y o r   o l m a y a c a k m ı ş
ö z g ü r   y a z ı l ı m l a r ı m ı z d a n
c ü c e l e r i m i z i n
k e s e r m ı z d a n
k a p ı y o r   o l m a y a c a k   m ı y d ı k
f l a ş ı m ı z ı
i y i l e ş i y o r   o l m a y a c a k   m ı
k e l e p ç e l e r i n i z i n
s a ğ s ı n ı z
i y i l e ş m i y o r
k ü ç ü l m e m i ş l e r   m i y d i
k a p a m a y a c a k   m ı y d ı k
i y i l e ş i y o r   o l a c a k
k ü ç ü l m e m e l i   m i y d i
k ü ç ü l m ü y o r   m u y m u ş s u n u z
k ü ç ü l ü y o r   o l m a z l a r   m ı y d ı
o n a m ı ş   o l m a y a c a k
m ü m e s s i l l i k l e r i m i z d e n
k e s e r l a r ı m ı z d a n
h a t a y d ı n ı z
k a p a m a z s ı n
d a l g ı n l ı ğ a
k ü ç ü l ü y o r   o l m a l ı y m ı ş ı m
e k l e m e s i z   d e ğ i l l e r
ö ğ r e n i y o r   o l m a l ı l a r d ı
ö ğ r e n m e l i y d i n
ö ğ r e n m e z d i n
ö ğ r e n m e d i y d i n
o n u y o r   o l m a l ı l a r m ı ş
k ü ç ü l ü y o r   o l m a m a l ı y m ı ş s ı n ı z
h ü c r e l e r i m i z d e n
k a p ı y o r   o l m a m a l ı y d ı m
a ğ a ç   ç i v i l e r i n i
k ü ç ü l m e m
ö ğ r e n m i y o r d u k
h a t a y ı z
k ü ç ü l m ü ş l e r   m i
k ü ç ü l m ü ş   o l m a y a c a k   m ı y d ı
ö ğ r e n e c e k   o l a c a k   m ı y ı m
k e l e p ç e s i
k e s e r n ı z
