o n u y o r l a r d ı
k a p a m a z d ı
o n u y o r   o l a c a k s ı n ı z
k a y ı k l a r
k a p a m ı ş   o l m a y a c a ğ ı m
y a l a n c ı l ı k l a r ı n ı z ı
k a p a m ı ş   m ı y d ı m
k ü ç ü l ü y o r   o l u r l a r   m ı y d ı
i y i l e ş m i ş   o l a c a ğ ı z
k a p a m ı ş   m ı y d ı
k a p a m ı ş   o l m a y a c a k   m ı y d ı k
f l a ş l a r ı m ı z ı n
o n a m a y a c a k   m ı y ı m
k a p a m ı ş   m ı
ö ğ r e n m e m e l i   m i s i n
v a d e s i n i
k ü ç ü l ü y o r   o l m a l ı l a r m ı ş
o n u y o r   o l a c a k   m ı y m ı ş ı m
k ü ç ü l m e z l e r d i
k a p ı y o r   o l m a y a c a k   m ı y d ı n ı z
i y i l e ş i y o r   o l m a l ı y d ı n
h a t a l a r d ı n
o n a m ı ş   o l m a y a c a k t ı n ı z
k e l e p ç e l e r i
k a p a r   o l a c a k   m ı y m ı ş s ı n
k ü ç ü l ü y o r   o l a c a k m ı ş
i y i l e ş t i   m i y d i n i z
h a t a l a r s ı n
v a d e l e r d e
o n a r   m ı
ö ğ r e n m i ş   o l a c a k l a r   m ı y d ı
ö ğ r e n m i ş   o l a c a k t ı n
i y i l e ş i y o r l a r   m ı
i y i l e ş e c e k t i n i z
k a p a m a y a c a ğ ı m
v a d e l e r i
o n a m ı ş   o l m a y a c a k   m ı y d ı
m ü m e s s i l l i k l e r i n d e n
o l a y   g ü d ü m l ü   p r o g r a m l a m a l a r ı m ı z a
i y i l e ş i y o r s u n u z
k ü ç ü l ü y o r   o l m a l ı   m ı y m ı ş ı z
k a p a m ı ş l a r   m ı y m ı ş
k a p a m a y a c a k l a r   m ı y m ı ş
k a p a m e l i y i z
k i m y a c ı y a
ç i v i y i
k ü ç ü l ü y o r   o l m a m a l ı y m ı ş ı m
k e l e p ç e l e r i n i z d e
i y i l e ş i y o r   o l m a y a c a k   m ı y d ı n ı z
k a p a m a m ı ş   m ı y m ı ş ı m
o n a y a c a k   m ı y m ı ş
k ü ç ü l ü r   m ü y m ü ş s ü n
ö ğ r e n i y o r   o l a c a k   m ı y m ı ş
o n a m ı ş t ı m
ö ğ r e n i y o r   o l a c a k   m ı y m ı ş ı z
ö ğ r e n i y o r   o l m a l ı y m ı ş s ı n ı z
ö ğ r e n e c e k   o l a c a k   m ı y m ı ş ı z
ö ğ r e n i y o r   m u y d u m
g ö t l e r i n i z d e n
m ü m e s s i l l i k l e r i
i y i l e ş m i ş   o l m a y a c a k l a r
k a p a m ı y o r l a r d ı
i y i l e ş i y o r   o l a c a k l a r m ı ş
i y i l e ş m e y e c e k l e r m i ş
ö ğ r e n i r   o l a c a k m ı ş
f l a ş l a r ı
y a l a n c ı l ı ğ ı m ı z ı
i y i l e ş i y o r   o l m a y a c a k s ı n
k a p ı y o r   o l a c a k t ı k
ö ğ r e n m i ş   o l a c a k
o n a m ı ş m ı ş
k e s e r l a r ı n d a
i y i l e ş m e m i ş   m i s i n i z
f r e n l e r i n i z
f l a ş l a r ı n ı z a
k ü ç ü l d ü y d ü n
k a p ı y o r   o l a c a k t ı n
o n a m a l ı y d ı n ı z
e k l e m e s i z i z
o n u y o r   o l a c a k l a r   m ı
g ü n a h k â r ı n d a n
k a p ı y o r   o l a c a k   m ı y m ı ş ı m
o n a m a m ı ş m ı ş ı z
ö ğ r e n i r   o l m a y a c a k   m ı y m ı ş ı z
k a p ı y o r   o l m a m a l ı   m ı y d ı m
k e s e r y d ı
o n a r   o l a c a k m ı ş ı m
o n a m ı y o r m u ş u m
k ü ç ü l e c e k l e r   m i y d i
k i m y a c ı l a r d a
h ü c r e y m i ş l e r
e k l e m e s i z   m i y d i k ?
i y i l e ş i y o r l a r d ı
ö ğ r e n m i ş   o l m a y a c a k t ı k
i y i l e ş m i ş   o l a c a k l a r d ı
y a l a n c ı l ı ğ ı n a
ö ğ r e n m e d i   m i y d i n
h a t a m ı z ı n
k ü ç ü l ü y o r   o l m a l ı   m ı
ö ğ r e n i y o r   o l m a y a c a k   m ı y m ı ş
