k a p a y a c a k t ı n ı z
k a p a m a m ı ş m ı ş s ı n
s a ğ l a r m ı ş
o n u y o r   o l m a l ı l a r   m ı
ö ğ r e n m e m e l i   m i y d i n
m ü m e s s i l l i ğ i n i z d e
k a r a   t a h t a
k ü m b e t l e r d e
g ö t l e r s i n i z
k ü ç ü l e c e k   o l m a y a c a k   m ı y m ı ş
k a p ı y o r m u ş u z
i y i l e ş i y o r   o l a c a ğ ı m
i y i l e ş t i y d i n
o n a r   o l a c a k   m ı y m ı ş s ı n ı z
ö ğ r e n m e m i ş t i n i z
o n a m a m ı ş t ı n
o n a m ı ş   o l a c a k t ı n ı z
o n a y a c a k   o l a c a k   m ı
o n a y a c a k t ı
i y i l e ş m e y e c e k   m i y m i ş
a ğ a ç   ç i v i l e r s i n i z
k a p ı y o r   o l m a y a c a k   m ı y d ı m
ö ğ r e n m e d i l e r   m i y d i
k a p ı y o r   o l m a y a c a k   m ı y m ı ş ı m
o n u y o r   o l a c a k l a r m ı ş
k a p ı y o r   o l m a m a l ı   m ı y m ı ş ı z
i y i l e ş e c e k   o l m a y a c a k m ı ş ı m
k a p a m ı ş   o l a c a k l a r
k a p a m a y a c a k   m ı
k ı l k a p a n ı n
o n u y o r   o l m a y a c a k   m ı
i y i l e ş i y o r   o l a c a k   m ı y d ı n ı z
i y i l e ş i y o r   m u s u n u z
o n u y o r s u n
i y i l e ş m e l i y d i
ö ğ r e n i y o r   o l a c a k t ı
k e l e p ç e l e r d e
i y i l e ş m i ş   o l m a y a c a k   m ı y d ı k
k a p a m ı y o r m u ş s u n
o l a y   g ü d ü m l ü   p r o g r a m l a m a l a r ı n ı z d a
i y i l e ş i r l e r d i
k a p a m ı y o r m u ş
c ü c e n i n
k a p a m a m a l ı   m ı y m ı ş ı z
k ü ç ü l m ü y o r d u n
o n a r   o l a c a k l a r m ı ş
o n a y a c a k   m ı y d ı k
k a p a m ı ş   o l m a y a c a k   m ı
k ü ç ü l ü y o r   m u y d u k
ö ğ r e n m e m i ş s i n
i y i l e ş i y o r   o l m a z   m ı y d ı k
o n a d ı   m ı y d ı k
o n a m a z
ö ğ r e n i y o r m u ş u z
k a p a y a c a k   m ı y d ı n ı z
ö ğ r e n m i ş   o l a c a ğ ı m
t e l e v i z y o n u m u z u n
o n a r   m ı y d ı n ı z
g ü n a h k â r l a r ı n ı n
s a ğ d a
h ü c r e l e r i n i
i y i l e ş i y o r   o l m a m a l ı   m ı y m ı ş s ı n ı z
k ü ç ü l m e z d i k
k ü ç ü l ü r   m ü s ü n
g ö t m ü ş ü m
i y i l e ş i r   m i y m i ş i m
ö ğ r e n i y o r   o l a c a k m ı ş s ı n
i y i l e ş i y o r   m u
i y i l e ş m e z   m i y m i ş
h a t a l a r m ı ş s ı n ı z
i y i l e ş m e y e c e k m i ş s i n
o n a d ı   m ı y d ı m
p r o t e s t o l a r ı n ı z
ö ğ r e n e c e ğ i z
e k l e m e s i z s i n
i y i l e ş e c e k   m i y d i n i z
g ü n a h k â r l a r ı n ı z
g ü n a h k â r ı n ı
k ü m b e t i
i y i l e ş m e m i ş   m i s i n
k a p ı y o r   m u
i y i l e ş i y o r   o l m a y a c a k   m ı y ı z
g ö t m ü ş ü z
k e s e r l a r ı n a
k a p a y a c a k   o l m a y a c a k l a r   m ı
ç i v i y i n i z
i y i l e ş m e d i   m i y d i n i z
h a t a l a r ı n ı z d a n
ö ğ r e n m e z m i ş i m
k a p a y a c a k   o l a c a k   m ı y ı z
i y i l e ş m i ş   o l m a y a c a k   m ı y ı m
k a p ı y o r   o l m a z l a r   m ı y d ı
p r o t e s t o n u z
k a p a m a k
ö ğ r e n m e m i ş l e r   m i
k ü ç ü l ü y o r   o l a c a k m ı ş s ı n ı z
k a p a m a l ı   m ı y m ı ş s ı n
i y i l e ş m e m i ş   m i
k a p ı y o r   o l m a y a c a k l a r d ı
i y i l e ş m i ş   o l a c a k t ı n ı z
k a p ı y o r m u ş u m
k ü ç ü l m e m e l i y m i ş s i n i z
o n u y o r   o l m a l ı y m ı ş ı z
c ü c e l e r i n i z d e n
i y i l e ş i y o r   o l m a l ı y d ı k
m ü m e s s i l l i k m i ş s i n
s a ğ l a r ı n a
o n a y a c a k l a r m ı ş
ö ğ r e n m i ş   m i y i z
i y i l e ş m e d i n   m i
k a p a m a m a l ı y m ı ş ı z
o n a r   o l m a y a c a k m ı ş ı z
k a r a   t a h t a l a r ı n
i y i l e ş e c e k l e r
i y i l e ş t i y d i n i z
k a p a d ı k
m ü m e s s i l l i ğ i m i z i
k ü m b e t i n
o n u y o r   o l u r   m u y d u m
i y i l e ş m e y e c e k   m i y d i
h ü c r e s i
o n u y o r   o l u r   m u y d u n u z
k a p a m a m a l ı l a r   m ı y m ı ş
k ü ç ü l m e l i   m i y i z
k a p a m ı ş s ı n
k a p a m a y a c a k l a r   m ı
ö ğ r e n m e m e l i l e r   m i
k a p a m a l ı y d ı
k ü ç ü l ü r   m ü y d ü n ü z
i y i l e ş i y o r   o l a c a k m ı ş ı z
k ü ç ü l ü r   o l m a y a c a k m ı ş
i y i l e ş i y o r m u ş s u n
k a p a m ı ş   o l a c a k   m ı y d ı n
k ü ç ü l ü y o r   o l a c a k l a r d ı
i y i l e ş m i ş   m i y d i n
k ü ç ü l m e m i ş   m i y d i n i z
h ü c r e y d i k
t e l e v i z y o n u n d a
i y i l e ş i y o r   o l m a m a l ı y d ı
k e s e r l a r ı m ı z a
ö ğ r e n m i y o r   m u y d u n
k ü ç ü l m e m i ş t i m
o n a m a z l a r d ı
o n u y o r   m u s u n
o n a m ı ş   o l a c a ğ ı z
ö ğ r e n i y o r u z
i y i l e ş m e z   m i y m i ş i m
k ü ç ü l ü y o r   o l u r d u n
f l a ş l a r ı m ı z d a n
o n a m ı ş l a r
ö ğ r e n i y o r   o l m a y a c a k l a r   m ı y d ı
i y i l e ş m i ş   o l m a y a c a k l a r   m ı
k ü ç ü l m e l i
ö ğ r e n i y o r   o l m a m a l ı y d ı k
m ü m e s s i l l i k m i ş i z
e k l e m e s i z   m i y m i ş l e r ?
o n a m ı ş   o l a c a k   m ı s ı n
f r e n
k e s e r s ı n d a
o l a y   g ü d ü m l ü   p r o g r a m l a m a n ı z
o n a m a y ı z
o n a m ı ş   m ı y m ı ş s ı n ı z
ç i v i y i n i
o n a m a z   m ı y d ı n
o n a y a c a k   m ı y d ı m
ö ğ r e n e c e k   o l m a y a c a k m ı ş s ı n
c ü c e y i m
k e s e r s ı n ı
i y i l e ş i y o r   o l m a l ı   m ı
i y i l e ş i y o r   o l m a m a l ı y m ı ş
k ü ç ü l ü y o r l a r m ı ş
i y i l e ş m e z   m i y m i ş i z
k ü ç ü l ü y o r   o l m a m a l ı   m ı y m ı ş s ı n ı z
k ü ç ü l ü y o r   m u y m u ş s u n
y a l a n c ı l ı k l a r ı n ı
i y i l e ş e c e k m i ş i m
k a p a m a l ı l a r   m ı y d ı
k ü ç ü l m e l i   m i y m i ş i m
k ü ç ü l ü y o r   o l m a y a c a k l a r   m ı y m ı ş
v a d e n i z
i y i l e ş m e m e l i   m i y d i k
v a d e l e r i n d e n
i y i l e ş i y o r   o l m a z   m ı y d ı n
k a p a r   o l m a y a c a k   m ı y m ı ş ı z
k a p a m ı y o r l a r
i y i l e ş i y o r   o l m a y a c a k s ı n ı z
o n a m a m ı ş   m ı y d ı n
i y i l e ş m i y o r m u ş s u n
ö ğ r e n i y o r l a r   m ı y d ı
k e s e r y ı z
ö ğ r e n i y o r   o l m a l ı y d ı m
g ö t t ü l e r
k ü ç ü l m ü y o r   m u y d u
i y i l e ş m e m i ş   m i y d i n i z
g ö t l e r i n i n
ö ğ r e n i y o r m u ş u m
ö ğ r e n e c e k   o l m a y a c a k   m ı s ı n
k ü ç ü l ü y o r   o l m a l ı   m ı s ı n
c ü c e l e r d i m
k ü m b e t l e r i n d e n
k ı l k a p a n l a r ı n d a
b u s e d e n
ö ğ r e n i r   m i s i n i z
o n a y a c a k   m ı y d ı n
k i m y a c ı l a r ı
ö ğ r e n i y o r   o l m a l ı l a r   m ı
o n a m ı y o r m u ş s u n u z
k a p a d ı l a r   m ı y d ı
k a p a d ı y d ı k
k ü ç ü l m ü ş   m ü y ü m
k ü ç ü l ü y o r   o l m a y a c a k   m ı y d ı m
g ü n a h k â r l a r ı m ı z ı
o n a r ı z
k ü ç ü l m ü ş   m ü y m ü ş
k ü ç ü l m e m i ş l e r d i
h ü c r e y i z
t e l e v i z y o n l a r
o n u y o r   o l m a m a l ı   m ı
a ğ a ç   ç i v i l e r d i k
ö ğ r e n m e l i
k ü ç ü l m ü ş   o l a c a k   m ı s ı n ı z
k a p a m ı ş   o l a c a k   m ı s ı n
i y i l e ş m e m e l i l e r d i
k a p a m ı ş m ı ş s ı n
o n a m a m a l ı   m ı y d ı m
k a p a m a m a l ı y d ı
k a p a r   m ı y m ı ş
p r o t e s t o
k a p a m ı y o r m u ş u m
ö ğ r e n d i l e r   m i y d i
k ü ç ü l ü y o r   o l m a y a c a k s ı n ı z
k ü ç ü l ü y o r u z
o n u y o r d u
k ü ç ü l ü y o r   o l m a z   m ı y d ı n
m ü m e s s i l l i k l e r d i k
e k l e m e s i z   d e ğ i l   m i y m i ş i m ?
f r e n l e r d e n
o n u y o r   o l m a m a l ı
a ğ a ç   ç i v i l e r i n i z d e
ö ğ r e n i r s i n
i y i l e ş i y o r   o l a c a k m ı ş ı m
k a r a   t a h t a l a r ı m ı z d a
o n u y o r   o l m a y a c a k m ı ş
b u s e
k ü ç ü l m ü ş   o l m a y a c a k t ı n ı z
i y i l e ş m e m i ş   m i y m i ş s i n
a ğ a ç   ç i v i l e r d i m
k e l e p ç e n
o n a r   m ı y ı z
k a p a d ı y d ı n ı z
ö ğ r e n m e m e l i y m i ş i z
o n a m a m e l i   m i s i n i z
k ü ç ü l m e y e c e k l e r   m i
k ü ç ü l m e z l e r   m i y m i ş
k ü ç ü l m e z   m i y m i ş s i n
k ü ç ü l m e l i   m i y d i n i z
ö ğ r e n e c e k   m i y d i n i z
i y i l e ş i y o r   m u y m u ş u z
k ü ç ü l ü y o r   o l m a m a l ı y ı m
k a p ı y o r   o l m a m a l ı l a r
k a p ı y o r   o l a c a k   m ı y d ı
i y i l e ş i y o r   o l m a z   m ı y d ı
m ü m e s s i l l i k l e r i n e
p r o t e s t o l a r ı m ı z ı
k a p ı y o r   o l a c a k   m ı y ı z
o n a m ı ş   o l a c a k l a r d ı
ö ğ r e n m i ş   o l m a y a c a k
a g n o s t i s i z m l e r d e
ö ğ r e n m i y o r m u ş s u n
h ü c r e l e r m i ş s i n i z
ö ğ r e n m e m e l i   m i y d i k
k ü ç ü l ü y o r   m u y m u ş u z
i y i l e ş m i ş   o l a c a k   m ı y d ı n ı z
k ü ç ü l m e m e l i l e r m i ş
o n a y a c a k   o l a c a k s ı n ı z
k ü ç ü l ü y o r m u ş u z
i y i l e ş m e y e c e k l e r   m i y m i ş
k ü ç ü l m e m e l i   m i y d i k
i y i l e ş m e l i   m i y d i k
ö ğ r e n e c e k l e r   m i y d i
ö ğ r e n m e l i y m i ş s i n
ö ğ r e n m i ş   m i y d i n i z
k ü ç ü l m ü ş   o l a c a k t ı
y a l a n c ı l ı k l a r ı n ı
i y i l e ş e c e k   o l m a y a c a k s ı n
ö ğ r e n e c e k   m i y m i ş i z
i y i l e ş m e y e c e k   m i y m i ş i m
k a p a r   o l m a y a c a k m ı ş s ı n
o n a m a m a l ı l a r   m ı y d ı
i y i l e ş m e l i y d i n i z
i y i l e ş m e y e c e k   m i y d i n i z
i y i l e ş m e l i l e r m i ş
ö ğ r e n m i ş l e r   m i y d i
i y i l e ş m i ş   o l a c a k   m ı s ı n ı z
i y i l e ş m i y o r l a r   m ı y m ı ş
o n a y a c a k   m ı y m ı ş ı z
k ü ç ü l m ü ş   o l m a y a c a k   m ı s ı n
ö ğ r e n i r   m i y m i ş s i n
o n a m ı y o r   m u y m u ş u z
y a l a n c ı l ı k l a r ı n a
k a p a r   o l a c a k m ı ş s ı n ı z
k ü ç ü l m ü y o r m u ş s u n
ö ğ r e n i y o r   o l a c a k   m ı
i y i l e ş m i y o r   m u y d u n
k a p ı y o r   m u y m u ş s u n
k a r a   t a h t a l a r ı m ı z
k a p a r   o l m a y a c a k m ı ş ı m
k a p a m a d ı   m ı y d ı n ı z
i y i l e ş m e m i ş   m i y m i ş
o n u y o r   o l m a l ı l a r
ö ğ r e n i r l e r   m i y m i ş
o n u y o r   o l a c a k l a r
m ü m e s s i l l i k l e r i m
i y i l e ş m e y e c e k m i ş s i n i z
i y i l e ş i y o r   m u y d u m
i y i l e ş m e z   m i s i n i z
k a p ı y o r   o l m a z d ı n ı z
k a p a m a m e l i s i n i z
i y i l e ş m e y e c e k   m i y m i ş i z
m ü m e s s i l l i ğ i n i z e
k ü ç ü l m ü y o r   m u y d u n
k ü ç ü l m e m e l i s i n i z
k a p a m ı ş   o l a c a k   m ı y d ı k
k a r a   t a h t a l a r ı n d a
k a p ı y o r   o l u r d u n u z
i y i l e ş i r   o l m a y a c a k l a r m ı ş
k ı l k a p a n l a r ı m ı z a
p r o t e s t o l a r ı n ı n
k a r a   t a h t a l a r ı n d a n
m ü m e s s i l l i k s i n i z
p r o t e s t o l a r ı n d a
m ü m e s s i l l i k l e r d e
g ü n a h k â r ı n ı z d a n
i y i l e ş m e z m i ş s i n
k ı l k a p a n l a r ı m ı z ı
ö ğ r e n i y o r   o l m a l ı
i y i l e ş m e d i   m i y d i k
k ü m b e t l e r i n i z i n
m ü m e s s i l l i k l e r d i r
ö ğ r e n m i y o r s u n u z
o n u y o r   o l a c a k t ı n
ö ğ r e n m i y o r m u ş u m
k ü ç ü l e c e k   m i s i n i z
i y i l e ş m i y o r   m u s u n
i y i l e ş m e l i   m i s i n
ö ğ r e n i y o r m u ş s u n
k a p a m ı ş   o l m a y a c a k   m ı s ı n
ö ğ r e n m e m e l i y m i ş
ö ğ r e n m e l i l e r m i ş
ö ğ r e n e c e k   o l a c a k s ı n
i y i l e ş e c e k   m i y d i m
ö ğ r e n i r   o l a c a k m ı ş ı m
ö ğ r e n m e y e c e k l e r   m i y d i
o n u y o r   o l m a m a l ı s ı n ı z
ö ğ r e n m e m i ş   m i y d i k
i y i l e ş m i y o r m u ş u m
ö ğ r e n m e m e l i y d i n
k ü ç ü l e c e k   m i y d i k
k ü ç ü l ü r   m ü y m ü ş ü m
i y i l e ş e c e k   m i y d i k
i y i l e ş m e y e c e ğ i m
k a p ı y o r   o l a c a k   m ı y d ı k
k a p a r   o l m a y a c a k m ı ş
k a p a r   o l a c a k m ı ş ı z
i y i l e ş m e d i n i z   m i
ö ğ r e n i r   o l a c a k   m ı y m ı ş s ı n ı z
k a p a m ı ş   o l a c a k s ı n ı z
i y i l e ş i r   o l a c a k l a r m ı ş
k ü ç ü l ü y o r   o l m a l ı s ı n
o n a r   o l m a y a c a k l a r m ı ş
ö ğ r e n i r   m i y d i n i z
ö ğ r e n e c e k   m i y d i n
o n u y o r   o l m a y a c a k   m ı y ı z
o n a m ı ş   o l m a y a c a k   m ı y ı z
k a r a   t a h t a l a r ı n ı
k ü ç ü l m ü y o r   m u y u z
k a r a   t a h t a l a r ı n ı n
o n a m a l ı   m ı y d ı n ı z
k ü ç ü l m ü y o r s u n u z
k ü ç ü l m e m e l i y d i m
k ü ç ü l m e l i y d i n i z
i y i l e ş m i y o r   m u y d u k
k a p a r   o l a c a k m ı ş ı m
k ü ç ü l ü y o r   m u y d u m
ö ğ r e n m e m i ş   m i y i z
m ü m e s s i l l i k l e r e
i y i l e ş i y o r   o l m a z   m ı y d ı n ı z
k a p a m a l ı y m ı ş s ı n
i y i l e ş i y o r   o l m a y a c a k   m ı y d ı
ö z g ü r   y a z ı l ı m ı n a
p r o t e s t o l a r ı n a
m ü m e s s i l l i ğ i m i z
p r o t e s t o n u z d a n
i y i l e ş m e y e c e k t i n
i y i l e ş m e y e c e k m i ş i z
i y i l e ş m e d i m   m i
g ü n a h k â r l a r ı n ı
ö ğ r e n i r   o l a c a k m ı ş s ı n ı z
ö ğ r e n i y o r l a r d ı
k a p a m a y a c a k s ı n ı z
c ü c e l e r i m i z d e n
i y i l e ş i y o r   o l u r l a r   m ı y d ı
k ü ç ü l m e m i ş l e r   m i
k ü ç ü l m e d i   m i y d i k
k e s e r l a r ı m ı z d a
ö ğ r e n m e l i   m i y i z
o n a m a m e l i s i n i z
i y i l e ş t i   m i y d i n
ö ğ r e n e c e k   m i y d i k
k e l e p ç e l e r i n i n
o n u y o r   o l m a z d ı n
y a l a n c ı l ı ğ ı n ı n
k ü ç ü l m e m e l i s i n
k e s e r y m ı ş s ı n ı z
o n a m a m a l ı y m ı ş ı z
i y i l e ş m e l i y d i n
ö ğ r e n m i ş l e r m i ş
i y i l e ş m e l i y m i ş
a g n o s t i s i z m l e r
ö ğ r e n m e y e c e k m i ş i m
k ı l k a p a n ı n ı z d a n
ö ğ r e n m i ş   o l a c a k t ı k
i y i l e ş m e d i l e r d i
h ü c r e l e r i n i z i n
k ü ç ü l ü y o r   o l m a l ı
ö ğ r e n m e l i l e r   m i
k ı l k a p a n ı m ı z d a n
d a l g ı n l ı k l a r d a
ö ğ r e n m e y e c e ğ i z
d a l g ı n l ı k l a r d a n
ö ğ r e n m e y e c e k   m i y i m
k ü ç ü l ü r   m ü s ü n ü z
i y i l e ş i y o r   o l a c a k   m ı y ı z
ö ğ r e n m e m e l i   m i y d i
i y i l e ş m i ş s i n i z
i y i l e ş m e m i ş s i n
i y i l e ş m e y i n i z
i y i l e ş m e z   m i y i z
i y i l e ş m i y o r d u k
k a p ı y o r l a r   m ı y d ı
k a p ı y o r   o l m a l ı   m ı y m ı ş s ı n
m ü m e s s i l l i ğ i n i
k ü ç ü l ü y o r d u n u z
k a r a   t a h t a n ı z ı n
i y i l e ş i r   m i s i n i z
k a r a   t a h t a s ı n ı n
i y i l e ş m i ş   m i s i n
ö ğ r e n e c e k s i n i z
i y i l e ş m i ş   m i y i z
c ü c e l e r m i ş s i n
k ü ç ü l m ü ş   m ü y d ü m
o n a m ı ş   o l m a y a c a k   m ı y d ı m
i y i l e ş m e m e l i l e r
k a p a m ı y o r   m u y m u ş
k a r a   t a h t a n ı z d a
o n a m ı y o r l a r m ı ş
k a p a m a l ı l a r   m ı y m ı ş
k ü ç ü l ü y o r   m u s u n
k ü ç ü l ü y o r   m u y u z
ö ğ r e n m e z   m i y d i k
k a p a m ı y o r d u n u z
k a p a m ı ş   o l m a y a c a k s ı n
ö ğ r e n m i y o r l a r   m ı y m ı ş
i y i l e ş i y o r   o l a c a k t ı
k a p a m a m e l i   m i s i n
p r o t e s t o s u n d a
ö ğ r e n i r   o l a c a k l a r   m ı y m ı ş
f l a ş l a r m ı ş s ı n
i y i l e ş m i ş   m i y d i
i y i l e ş i y o r   o l a c a k s ı n ı z
k a p a m ı ş   o l m a y a c a k t ı n
k a p a m a d ı y d ı n ı z
i y i l e ş m i ş   o l m a y a c a k   m ı
i y i l e ş i y o r   o l a c a k s ı n
c ü c e y m i ş s i n i z
i y i l e ş m i y o r   m u
c ü c e l e r i m i z d e
c ü c e l e r i n i z d e
o n a m a z l a r   m ı y m ı ş
k ü ç ü l m e z   m i y d i k
ö ğ r e n m i ş   m i s i n
f r e n l e r i m i z i n
k ü ç ü l m e y e c e ğ i z
k ü m b e t l e r i n d e
k ü ç ü l m e z   m i y m i ş
k ü m b e t l e r i m i z
ö ğ r e n m i y o r m u ş
k e s e r l a r ı n d a n
k ı l k a p a n ı n ı z d a
ö ğ r e n e c e k l e r d i
i y i l e ş m i ş   o l a c a ğ ı m
k ü ç ü l m ü y o r d u m
k a p a m a m ı ş   m ı y ı z
k ü ç ü l m ü ş l e r d i
o n a m a m ı ş   m ı y d ı k
i y i l e ş m i y o r d u m
o n a m a l ı   m ı y m ı ş
ö ğ r e n e c e k   m i y i z
k a p a m ı ş   o l a c a ğ ı m
k ü ç ü l ü y o r   o l m a l ı   m ı y ı z
k a p a m e l i   m i y i z
k e s e r l a r ı n ı z d a n
i y i l e ş t i l e r d i
k a p a m a l ı l a r d ı
ö ğ r e n m i ş   o l m a y a c a k t ı
k a p a m a l ı   m ı y d ı k
ö ğ r e n m e y e c e k s i n
o n a m a z   m ı s ı n ı z
k ı l k a p a n l a r ı n d a
i y i l e ş i y o r   o l u r d u
k a p ı y o r   o l m a l ı s ı n
g ü n a h k â r l a r d a
ö ğ r e n m i ş s i n i z
k a p a m a m ı ş   m ı y ı m
k ü ç ü l ü y o r   m u y d u
ö ğ r e n m e l i y d i m
h ü c r e y m i ş s i n i z
k a p a m e l i s i n i z
i y i l e ş m i y o r d u n
h ü c r e l e r i m i z d e
o n u y o r   o l m a z d ı k
o n a m ı y o r   m u y u z
i y i l e ş m e z   m i y d i
s a ğ l a r ı n ı z d a n
i y i l e ş e c e k   m i y m i ş i m
o n a m ı ş   m ı s ı n ı z
d a l g ı n l ı k l a r a
g ö t l e r i m i z d e n
ö ğ r e n m e z d i n i z
k a p a m a m e l i y i z
ö ğ r e n i r l e r m i ş
k a p a m a y a c a k   m ı y m ı ş s ı n
o n a m a d ı   m ı y d ı n
ö ğ r e n m i ş t i n i z
k a p ı y o r l a r m ı ş
i y i l e ş m e l i l e r
ö ğ r e n m e d i y d i k
o n a m ı ş   o l m a y a c a k t ı k
ö ğ r e n i y o r   o l m a y a c a k
o n u y o r   m u y d u m
k a r a   t a h t a l a r ı
k ü ç ü l m e z s i n i z
k ü ç ü l m e m i ş s i n
k ü ç ü l m e m i ş t i n
o n a m a l ı l a r   m ı y m ı ş
k a p a m a d ı   m ı y d ı
m ü m e s s i l l i ğ i n
k ü ç ü l m ü ş   o l m a y a c a k   m ı
ö ğ r e n m e z l e r d i
ö ğ r e n i y o r s u n
ö ğ r e n m i y o r s u n
k ü ç ü l ü r   m ü y ü m
i y i l e ş m e d i y d i
k a p a m ı ş   o l m a y a c a k t ı
k ı l k a p a n l a r d a
f l a ş l a r d ı n ı z
ö ğ r e n m i y o r d u m
p r o t e s t o n u z u
k ü ç ü l ü y o r   o l a c a k   m ı
k ü ç ü l e c e k   o l m a y a c a k   m ı s ı n ı z
s a ğ l a r m ı ş s ı n
k ü ç ü l ü r m ü ş ü m
m ü m e s s i l l i k d e
s a ğ l a r ı m ı z d a
c ü c e l e r i n d e n
k ü ç ü l m e m e l i   m i
c ü c e l e r i n i z i
p r o t e s t o n d a n
c ü c e l e r m i ş i m
g ü n a h k â r l a r ı
k ü ç ü l ü r   m ü y d ü k
k a p a m ı ş   m ı y d ı k
i y i l e ş i r   m i y d i m
ö ğ r e n d i l e r d i
k a p a r   m ı s ı n ı z
o n a m ı ş   o l a c a k   m ı y d ı
k ü ç ü l m ü y o r u z
k ı l k a p a n ı n ı z a
f r e n l e r i m i z i
k ü m b e t l e r d e n
v a d e l e r i n d e n
k e s e r l a r ı m ı z
m ü m e s s i l l i ğ i n
o n a m e l i   m i y i m
k ü m b e t l e r i n e
k ü ç ü l d ü   m ü y d ü
k a p a m ı y o r s u n u z
k ü m b e t i m i z d e
ö ğ r e n m i y o r d u
o n a m e l i s i n i z
h ü c r e l e r i n i z e
h ü c r e l e r s i n i z
i y i l e ş m i ş   o l a c a k t ı
i y i l e ş i r   m i y m i ş
k ü ç ü l e c e k   o l a c a k   m ı s ı n
ö ğ r e n m e d i y d i
k e l e p ç e l e r i n
k a p a m ı ş   o l a c a k t ı n
f l a ş l a r ı m ı z ı
k a p ı y o r   m u y m u ş
k ü ç ü l m ü ş m ü ş ü z
o n a m a y a c a ğ ı m
k a p a m a z   m ı y d ı n
o n a m a y a c a k m ı ş s ı n ı z
k a p a r   m ı y m ı ş ı z
k e l e p ç e m i z d e
k a p a m ı ş   o l a c a ğ ı z
ö ğ r e n m e l i l e r
k ı l k a p a n ı n d a n
k ı l k a p a n l a r ı n a
k ü ç ü l d ü y d ü n ü z
d a l g ı n l ı k l a r
ç i v i y i m i z d e
ö ğ r e n m e m i ş t i n
i y i l e ş m e m i ş t i
h ü c r e l e r i m i z e
h ü c r e l e r i n d e n
o n a m a y a c a ğ ı z
o n u y o r m u ş s u n
h a t a l a r d ı n ı z
o n a m a m ı ş m ı ş ı m
i y i l e ş m e z d i m
o n a m a y a c a k   m ı y d ı
i y i l e ş e c e k   m i y m i ş
ö ğ r e n m e m i ş l e r
ö ğ r e n i r l e r   m i
k a p ı y o r l a r   m ı
o n a m a z l a r m ı ş
o n a r   m ı y m ı ş s ı n
o n a m ı ş l a r m ı ş
k ü ç ü l m e y i n i z
k ü ç ü l ü r s ü n ü z
o n u y o r   o l u r d u k
o n a r   o l m a y a c a k m ı ş
o n a m ı ş   o l m a y a c a k l a r   m ı
k ü ç ü l ü y o r l a r
i y i l e ş m e y i n
o n a r   o l m a y a c a k m ı ş s ı n ı z
i y i l e ş e c e k   m i s i n
ö ğ r e n i r   m i y d i m
i y i l e ş i r d i n i z
o n a m a y a c a k l a r d ı
p r o t e s t o l a r
h a t a l a r ı m ı z
m ü m e s s i l l i ğ i
h a t a l a r ı n d a n
ö ğ r e n m e m e l i   m i y i m
h ü c r e n i z d e n
c ü c e l e r i m i z
k a p a m ı ş m ı ş ı m
k a p a m a z d ı n ı z
k ü ç ü l ü r   m ü y d ü
k ü ç ü l m e d i n   m i
o n a m a l ı y m ı ş ı z
k e l e p ç e m i z e
k ı l k a p a n l a r ı
g ü n a h k â r d a n
k e s e r l a r ı n ı
k ı l k a p a n ı m ı z
f r e n l e r i n i n
k ü ç ü l m ü ş t ü k
ö ğ r e n m e y e c e k
k ü ç ü l ü y o r d u m
k ü ç ü l m ü ş s ü n
k ü m b e t i n i z e
k a p a m a d ı y d ı k
k a p a m a l ı y m ı ş
s a ğ l a r ı m ı z ı
k a p a m a z   m ı y ı z
s a ğ l a r ı n ı z ı
o n a m ı ş   m ı y ı z
k a p ı y o r   o l m a m a l ı y m ı ş s ı n
k a p ı y o r   o l m a m a l ı   m ı y m ı ş ı m
o n a y a c a k   o l m a y a c a k   m ı s ı n ı z
o n u y o r s u n u z
ö ğ r e n m e m e l i y d i m
k e s e r l a r d ı k
k a p a r   m ı y d ı n
k a p a y a c a k m ı ş s ı n
k e l e p ç e n i z e
y a l a n c ı l ı ğ a
k a p a y a c a k   m ı y d ı m
d a l g ı n l ı ğ ı n
ö ğ r e n m i ş t i m
k a p ı y o r   o l m a m a l ı y m ı ş ı z
i y i l e ş e c e k m i ş
k a p a m a y a c a k l a r
g ö t l e r m i ş i z
g ö t l e r m i ş i m
i y i l e ş m e y e c e k
k a r a   t a h t a y ı
o n a y a c a k l a r   m ı y m ı ş
k o l a ç l a r d a n
k ü ç ü l ü y o r m u ş
o n a y a c a k   o l m a y a c a k
k a p ı y o r   o l m a m a l ı   m ı y d ı
k e s e r n ı z d a n
k ü ç ü l e c e k t i m
ö ğ r e n m i ş t i n
ö ğ r e n e c e k   m i s i n
k a r a   t a h t a n ı
o n a m ı ş   m ı y ı m
o n a m a z l a r   m ı
o n a m ı ş   o l a c a ğ ı m
k a p ı y o r   o l m a l ı y m ı ş
o n a m ı ş m ı ş ı m
o n a y a c a k   o l a c a ğ ı m
k a p a y a c a k l a r   m ı
i y i l e ş t i k   m i
k a p ı y o r   o l m a z   m ı y d ı m
c ü c e s i n d e n
h ü c r e y d i n i z
h ü c r e l e r d i k
o n a d ı y d ı n ı z
k a p ı y o r   o l m a l ı y d ı
o n a m a y a c a k t ı
ö ğ r e n d i l e r
k a y ı k l a r d a n
k a p a m a m ı ş ı m
k a p ı y o r   o l m a l ı l a r
k ı l k a p a n ı n ı n
k ı l k a p a n ı n ı n
k a p ı y o r   m u y d u m
k ü ç ü l ü y o r   m u
k a r a   t a h t a s ı
i y i l e ş m e z m i ş
o n a m ı ş   o l a c a k t ı m
f l a ş ı n ı z d a n
o n a m ı y o r d u m
o n a r   m ı y m ı ş ı z
k ü ç ü l d ü l e r
s a ğ l a r ı n d a n
k ü ç ü l e c e k m i ş
k ü ç ü l e c e k s i n
k a p a m a d ı y d ı
c ü c e y d i n i z
h ü c r e n i z d e
c ü c e l e r i n e
c ü c e y d i l e r
c ü c e l e r d e n
c ü c e l e r i n e
c ü c e l e r m i ş
k a p a y a c a k l a r   m ı y d ı
k a p ı y o r   o l u r   m u y d u m
o n a m e l i y i m
k ı l k a p a n l a r
k ü ç ü l d ü n   m ü
k a p ı y o r   o l u r l a r d ı
k e s e r n ı z ı n
k a p a r   m ı s ı n
k ü m b e t i n i z
k a p ı y o r   o l m a y a c a k
f r e n i n i z d e
i y i l e ş i r l e r
k ü ç ü l m ü ş   m ü
k a p a m ı ş t ı k
o n a m ı y o r d u n
f l a ş l a r ı n d a
h ü c r e l e r i n i
o n a m a m ı ş t ı m
ö ğ r e n m e d i m
p r o t e s t o y u
k a p a m a m ı ş t ı n
k o l a ç l a r d a
k a p ı y o r   o l u r d u m
k e l e p ç e n i z
k a p a r d ı n ı z
k ı l k a p a n ı n a
o n a m ı ş   o l a c a k t ı k
k a p ı y o r   o l m a l ı   m ı
k e s e r s ı n ı z
k e s e r l a r d a
o n a y a c a k l a r   m ı
ö ğ r e n m i y o r
k a p a m ı y o r u m
h ü c r e l e r d e n
h ü c r e l e r i n e
h a t a l a r d ı m
o n a y a c a ğ ı m
ö ğ r e n d i n   m i
o n u y o r   o l m a l ı y d ı n ı z
o n u y o r   o l m a l ı   m ı y d ı k
o n a y a c a k   m ı y d ı
ö ğ r e n m e m e l i
k a p ı y o r   o l m a y a c a k s ı n
k a p a y a c a k l a r
o n u y o r   o l m a l ı   m ı y ı z
h ü c r e l e r s i n
o n u y o r   o l m a l ı y m ı ş
i y i l e ş m e m i ş
o n a m a z m ı ş ı z
f l a ş l a r m ı ş
c ü c e s i n i n
o n u y o r   o l m a y a c a k l a r   m ı y m ı ş
s a ğ ı n ı z d a n
o n u y o r   o l m a z   m ı y d ı m
k ü ç ü l m e y i n
o n a m a y a c a k
f r e n i n d e n
ö ğ r e n i y o r
o n a m a m e l i   m i y i m
k i m y a c ı y ı
k a y ı ğ ı n
ö ğ r e n i r d i k
o n u y o r   o l a c a k   m ı y m ı ş
h ü c r e n i z i
c ü c e l e r i n
h a t a n ı z ı n
k ü ç ü l e c e k   m i
k a p a m a z d ı n
k a p a m a z d ı m
o n u y o r   o l u r   m u y d u k
f r e n l e r i n
k a p ı y o r l a r
c ü c e y m i ş i z
k ü m b e t t e n
o n u y o r   o l m a l ı y m ı ş s ı n ı z
o n a m ı y o r u z
i y i l e ş t i n
k e s e r l a r a
k a p a d ı n ı z   m ı
h a t a l a r d ı r
f l a ş l a r ı n
k a p a r l a r   m ı
k a p a r   m ı y ı z
k a p a m a d ı n
o n u y o r   o l a c a k m ı ş
b u s e l e r d e
s a ğ ı n ı z ı n
k a p a d ı l a r
o n a m ı ş   o l a c a k   m ı
k e s e r s ı n a
o n a r   o l a c a k   m ı y m ı ş s ı n
k a p a m a d ı m
k a p a m a y ı z
o n a m ı y o r   m u
i y i l e ş i y o r   o l m a y a c a k m ı ş ı m
o n u y o r   o l a c a k   m ı
i y i l e ş e c e ğ i m
h ü c r e l e r d e
f l a ş ı n ı z ı
o n u y o r   o l a c a k
o n a r m ı ş ı m
h a t a s ı n ı n
o n a r d ı n ı z
s a ğ ı m ı z d a
g ö t l e r d e n
g ö t l e r m i ş
ö ğ r e n i r d i m
f l a ş ı n ı z a
o n a m a m e l i s i n
o n a m a m e l i   m i
o n a m a m e l i l e r
f l a ş ı n ı n
k ü ç ü l ü r d ü
c ü c e y d i k
k a y ı k l a r a
i y i l e ş m e m
o n a m a d ı   m ı
g ö t ü n ü z ü
s a ğ ı n ı z d a
m ü m e s s i l l i k l e r i
h ü c r e n i z
c ü c e n d e n
c ü c e m i z e
i y i l e ş t i
o n u y o r d u n
f r e n i n i z
m ü m e s s i l l i k l e r d i
k ü ç ü l d ü k
h ü c r e y d i m
m ü m e s s i l l i ğ i n i
k a p a d ı y d ı
k a p a m a z   m ı
g ö t ü m ü z ü
k a p a m ı ş ı m
h a t a l a r ı n a
c e s e t l e r
k a p ı y o r u z
k e s e r n ı n
k e s e r l a r
i y i l e ş i r i z
i y i l e ş i r i m
k e s e r n d a
h a t a n ı z ı
o n a m a z d ı
h a t a l a r m ı ş
s a ğ l a r ı z
g ö t l e r d i
o n a y a c a k
o n u y o r u m
g ö t l e r i n
m ü m e s s i l l i ğ e
o n a m ı ş   o l a c a k
i y i l e ş m i ş   m i y m i ş s i n
ö ğ r e n d i k
s a ğ l a r d a
h a t a l a r d a
m ü m e s s i l l i k
f r e n i n i
a ğ a ç   ç i v i l e r i m
k ü m b e t e
i y i l e ş t i   m i y d i m
a ğ a ç   ç i v i d i m
c ü c e y i z
c ü c e l e r
k a p a r d ı k
o n a r d ı m
h ü c r e m i z
f l a ş l a r
g ö t ü n ü n
s a ğ m ı ş ı z
g ö t l e r i
g ö t l e r i
k e s e r n a
s a ğ ı n d a
h ü c r e l e r
s a ğ ı n d a
g ö t ü n d e
g ö t ü n d e
ç i v i y e
h a t a n d a
ö ğ r e n i r
ö ğ r e n i n
b u s e y i
h ü c r e y e
k a p a m ı ş   o l m a y a c a k
h a t a l a r
ö ğ r e n d i
i y i l e ş t i m
c ü c e y i
h ü c r e n
ö ğ r e n m e
f l a ş ı z
s a ğ d ı k
k a p a m a z
k a p a d ı
f l a ş t a
h a t a y ı
h a t a y a
g ö t ü n e
s a ğ d a n
g ö t ü n e
g ö t l e r
c ü c e n
s a ğ l a r
f l a ş ı
c e s e t
k e s e r
i y i l e ş
f l a ş a
g ö t ü z
t e l e v i z y o n l a r ı n ı z d a
t e l e v i z y o n l a r ı n d a n
t e l e v i z y o n l a r ı n ı z a
t e l e v i z y o n u n u z d a n
t e l e v i z y o n u m u z d a n
t e l e v i z y o n l a r ı n a
s a ğ ı z
t e l e v i z y o n u n u z a
t e l e v i z y o n u n u z u
k a p a m a m ı ş l a r   m ı y m ı ş
t e l e v i z y o n u n u z
k a p a m ı ş   m ı y m ı ş ı m
t e l e v i z y o n u n u
k a p a m a m ı ş   m ı y m ı ş
k e l e p ç e l e r i n d e n
s a ğ d ı
t e l e v i z y o n u n
k a p a m ı y o r   m u y u z
k a p a m a y a c a k   m ı y m ı ş ı m
a ğ a ç   ç i v i d e n
k e l e p ç e l e r i n e
k a p a m e l i l e r
t e l e v i z y o n
k e l e p ç e s i n d e n
v a d e l e r i n d e
v a d e s i n d e n
v a d e l e r i n i n
v a d e m i z d e
k e l e p ç e d e n
c ü c e
v a d e m i z e
a ğ a ç   ç i v i l e r m i ş s i n i z
a ğ a ç   ç i v i l e r i m i z d e n
a ğ a ç   ç i v i l e r i n i z i
a ğ a ç   ç i v i l e r i n d e n
a ğ a ç   ç i v i l e r i m i z e
a ğ a ç   ç i v i l e r m i ş i z
a ğ a ç   ç i v i l e r i n d e
a ğ a ç   ç i v i m i ş s i n i z
a ğ a ç   ç i v i l e r i n i z
a ğ a ç   ç i v i l e r d i r
a ğ a ç   ç i v i d i n i z
v a d e d e
a ğ a ç   ç i v i l e r i n d e n
a ğ a ç   ç i v i s i n
h a t a
a ğ a ç   ç i v i d i n
o n a
