h ü c r e l e r d i
g ö t ü m ü z ü n
k o l a c ı
ö ğ r e n i y o r   o l m a y a c a k t ı n ı z
o n a m a z   m ı s ı n
k a p a m ı ş t ı m
i y i l e ş i y o r   o l m a l ı y ı m
o n a m ı ş t ı k
o n u y o r   o l u r   m u y d u
f l a ş l a r s ı n ı z
g ö t t ü n
o n u y o r   o l m a m a l ı   m ı s ı n ı z
k ü ç ü l ü y o r   o l m a y a c a k m ı ş ı z
i y i l e ş i y o r   o l m a l ı   m ı y d ı n
c ü c e l e r i
k a p a m ı ş   o l a c a k t ı m
ö ğ r e n e c e k   o l a c a k
v a d e n e
i y i l e ş m e m i ş l e r m i ş
i y i l e ş e c e k   o l a c a k   m ı y m ı ş
k a p a m e l i y i m
k a r a   t a h t a l a r ı n ı n
i y i l e ş m i ş   m i y i m
k a p a d ı y d ı n
f l a ş l a r d ı
k a p a r   o l a c a k   m ı y m ı ş ı m
c ü c e l e r s i n
k a p ı y o r   m u s u n u z
o n u y o r   o l a c a k   m ı y m ı ş s ı n
y a l a n c ı l ı k l a r ı
ö ğ r e n m e m i ş s i n i z
i y i l e ş i y o r   o l m a y a c a k   m ı y m ı ş ı m
ö ğ r e n i y o r   m u y d u k
i y i l e ş m e y e c e k t i
o n a m a m ı ş   m ı y m ı ş
o n a y a c a k   o l m a y a c a ğ ı m
p r o t e s t o d a n
v a d e l e r i n i z d e n
k ü ç ü l ü y o r   o l a c a k   m ı s ı n
ö z g ü r   y a z ı l ı m l a r
o n u y o r   o l m a y a c a k   m ı y m ı ş ı m
h a t a l a r ı m ı z a
o n a m a y a c a k   m ı y d ı k
k ü ç ü l m ü ş t ü
k ü ç ü l ü y o r   o l m a m a l ı   m ı y m ı ş s ı n
o n a m a z   m ı y m ı ş s ı n
o n a r m ı ş s ı n
b i l g i s a y a r   u y g u l a m a l a r ı
k ü ç ü l m ü ş   m ü y m ü ş ü z
ö ğ r e n e c e k   m i y d i
y a l a n c ı l ı k l a r ı n d a n
k ü ç ü l m e y e c e k m i ş i z
ö ğ r e n i y o r   o l m a m a l ı   m ı y ı m
k ü ç ü l e c e k m i ş s i n
g ö t ü n d e n
k ı l k a p a n l a r ı n ı z ı n
i y i l e ş e c e k s i n
ö ğ r e n e c e k   o l m a y a c a k l a r m ı ş
k a p a r   o l a c a k   m ı y m ı ş s ı n ı z
c ü c e l e r i n i z
i y i l e ş i y o r   o l m a z d ı k
k e s e r m ı z d a
k a p a r m ı ş ı m
h ü c r e l e r d i n i z
s a ğ l a r ı m ı z
k ü ç ü l m ü y o r l a r m ı ş
i y i l e ş i y o r   o l m a y a c a k   m ı y ı m
ö ğ r e n m e m e l i l e r   m i y m i ş
i y i l e ş m i ş   o l m a y a c a k t ı
y a l a n c ı l ı k l a r ı n ı z d a
o n a m a z   m ı
ö ğ r e n i y o r   o l m a y a c a k m ı ş ı m
o n a y a c a k   o l a c a k
g ü n a h k â r ı
k ü ç ü l m e y e c e k   m i s i n i z
o n u y o r d u k
o n u y o r l a r
o n a m a m ı ş t ı
y a l a n c ı l ı ğ ı n ı z ı
o n a m e l i s i n
i y i l e ş e c e k s i n i z
i y i l e ş m e l i   m i y d i m
g ö t l e r i n i z i
k ü ç ü l m ü ş   o l a c a k t ı n
s a ğ l a r ı n d a
ö ğ r e n e c e k   o l m a y a c a k   m ı y m ı ş
s a ğ l a r ı n
k ü m b e t i
m ü m e s s i l l i k l e r i n
k ü ç ü l ü y o r   o l m a l ı y d ı n
k ü ç ü l
k e l e p ç e l e r i m i z e
i y i l e ş e c e k   o l a c a k m ı ş ı z
k a r a   t a h t a l a r ı n a
ö z g ü r   y a z ı l ı m ı n d a n
ö ğ r e n i y o r   o l m a z d ı m
h a t a l a r ı n
ç i v i y i n i
i y i l e ş e c e k   o l m a y a c a k   m ı s ı n
i y i l e ş m e l i y m i ş i z
h ü c r e n i
o n a m a m a l ı   m ı y m ı ş s ı n ı z
ö ğ r e n e c e k   o l m a y a c a k   m ı y m ı ş ı z
i y i l e ş i y o r   o l a c a k l a r   m ı
m ü m e s s i l l i k l e r i n i z i n
ö ğ r e n d i y d i m
k a p ı y o r   o l a c a k m ı ş s ı n
o n a m ı y o r   m u y m u ş
k a p a m ı ş   o l m a y a c a k t ı k
g ü n a h k â r l a r ı n ı z ı n
i y i l e ş m e l i y m i ş s i n i z
i y i l e ş m i ş   o l m a y a c a k t ı m
i y i l e ş m e d i y d i n i z
ö ğ r e n e c e k   m i y m i ş s i n i z
ö ğ r e n m e m e l i   m i y d i m
k ü m b e t l e r i m i z i
c ü c e m i z i
k a p a r d ı
k a p a m ı ş   o l a c a k l a r   m ı
ö ğ r e n e c e ğ i m
p r o t e s t o y a
k a p a m ı y o r l a r m ı ş
k e s e r y d ı l a r
ö z g ü r   y a z ı l ı m l a r ı n
k ü ç ü l ü y o r   o l m a l ı   m ı y ı m
ö z g ü r   y a z ı l ı m ı m ı z ı n
s a ğ ı m ı z ı n
ö ğ r e n i y o r   m u y m u ş s u n u z
o n a m ı y o r s u n
i y i l e ş e c e k   o l a c a ğ ı m
ö ğ r e n m i ş   m i
ö ğ r e n m e l i   m i y m i ş s i n i z
k a p ı y o r   o l m a m a l ı l a r m ı ş
g ö t l e r i n i
o n a d ı m
t e l e v i z y o n u n u n
o n u y o r   o l m a m a l ı   m ı y ı z
ö ğ r e n i y o r d u m
i y i l e ş i y o r   o l m a y a c a k   m ı s ı n
k a p ı y o r   o l m a l ı y m ı ş ı z
o l a y   g ü d ü m l ü   p r o g r a m l a m a s ı n d a
k a p a r   o l m a y a c a k   m ı y m ı ş s ı n ı z
k e s e r y d ı k
g ö t l e r d i m
ö ğ r e n i y o r l a r
a g n o s t i s i z m i
i y i l e ş i y o r m u ş s u n u z
g ö t l e r d i
k a p a m a y a c a k s ı n
ö ğ r e n e c e k   m i y i m
k ü ç ü l ü y o r   o l a c a k   m ı y ı z
k a p a r d ı n
h a t a s ı n ı
ö ğ r e n m e m e l i s i n
ö ğ r e n m e y e c e k   m i
k ü m b e t l e r i n i z d e
k ü ç ü l m ü y o r m u ş
k a p a m ı ş s ı n ı z
k e l e p ç e s i n d e
i y i l e ş i y o r   m u y d u
k ı l k a p a n l a r ı n a
k a p a m ı y o r d u m
k a p a m ı ş   m ı y m ı ş
o n a m ı ş   o l m a y a c a k t ı n
o n a m a y a c a k l a r m ı ş
t e l e v i z y o n l a r ı n ı z ı
k a p ı y o r   o l m a l ı l a r d ı
ö ğ r e n i r   m i y m i ş
c ü c e l e r i n i
k a p a m a z l a r
k ü ç ü l e c e k   m i y m i ş
i y i l e ş e c e k   o l a c a k   m ı y m ı ş ı z
y a l a n c ı l ı ğ ı m ı z
k ü ç ü l e c e k   o l a c a ğ ı z
i y i l e ş e c e k   m i y d i
f l a ş ı n ı z
i y i l e ş m e m e l i   m i s i n
k ü ç ü l ü y o r   o l u r   m u y d u n
a ğ a ç   ç i v i l e r m i ş s i n
i y i l e ş e c e k l e r   m i
i y i l e ş m i y o r   m u y u z
o n a m ı ş   o l m a y a c a k   m ı s ı n
i y i l e ş m i y o r m u ş u z
k a p a y a c a k   o l m a y a c a k   m ı s ı n ı z
k ı l k a p a n l a r a
k ü ç ü l ü r l e r   m i
i y i l e ş m e l i y i z
o n u y o r l a r   m ı
f r e n i m i z d e n
h ü c r e n d e
h a t a m ı z a
ö ğ r e n e c e k   o l m a y a c a k   m ı y ı z
k ü ç ü l d ü   m ü
e k l e m e s i z d i l e r
ö ğ r e n e c e k   o l m a y a c a k l a r
k a p a m a z d ı k
ö ğ r e n m i ş   o l m a y a c a k   m ı y ı m
e k l e m e s i z   d e ğ i l m i ş s i n i z
e k l e m e s i z   d e ğ i l d i k
h ü c r e l e r i m i z i
o n u y o r   m u y d u n u z
f l a ş ı n d a
h a t a y d ı l a r
i y i l e ş m i ş   o l m a y a c a k l a r   m ı y d ı
k ü ç ü l ü y o r   o l m a y a c a k l a r
k ü ç ü l ü y o r   m u y d u n u z
h a t a l a r m ı ş ı m
i y i l e ş e c e k   o l a c a k s ı n
k ü ç ü l m e d i y d i n
k a p a r
ö ğ r e n i y o r   o l m a l ı y ı m
k a p a r s ı n
f l a ş t ı m
s a ğ m ı ş s ı n ı z
ö ğ r e n m i ş   o l m a y a c a k s ı n
s a ğ l a r d a n
k a p a a c a k   o l a c a k l a r m ı ş
k a p a m a m ı ş m ı ş ı m
o n a m ı ş   o l m a y a c a k s ı n ı z
g ü n a h k â r d a
ö ğ r e n m e z   m i y m i ş s i n
k a p a m a y a c a k m ı ş ı m
m ü m e s s i l l i ğ i
g ö t l e r d i n i z
g ü n a h k â r l a r ı n ı
ö ğ r e n e c e k   o l m a y a c a k   m ı s ı n ı z
y a l a n c ı l ı k l a r ı n ı n
t e l e v i z y o n u
k ı l k a p a n l a r ı n d a n
k a p a r   o l m a y a c a k   m ı y m ı ş
ö ğ r e n e c e k   m i s i n i z
k ü ç ü l ü r   o l a c a k   m ı y m ı ş ı m
k ü ç ü l m ü ş   o l a c a k   m ı y d ı m
e k l e m e s i z m i ş s i n
ö ğ r e n i y o r   o l a c a k m ı ş s ı n ı z
ö ğ r e n m i y o r   m u s u n u z
k ü ç ü l e c e k   m i y d i n
c ü c e l e r i n i z i n
p r o t e s t o l a r d a
o n a m ı ş   m ı y m ı ş ı z
a ğ a ç   ç i v i
i y i l e ş i y o r   o l m a m a l ı   m ı y d ı n ı z
k e s e r l a r m ı ş s ı n ı z
ö ğ r e n m e d i n   m i
k e s e r y m ı ş
h ü c r e l e r i n i z
ö ğ r e n m e z d i
i y i l e ş i r   m i y i m
i y i l e ş i y o r   o l u r d u n u z
k a p a m ı ş   o l a c a k   m ı
i y i l e ş i y o r   o l m a m a l ı   m ı y m ı ş
f r e n i n d e n
f l a ş ı m ı z
y a l a n c ı l ı k l a r ı n
ö z g ü r   y a z ı l ı m l a r ı n a
v a d e l e r i n i z e
k a p a m a z l a r   m ı
o n a m a y a c a k t ı k
k a p a m a y a c a k   m ı y d ı n
k ü ç ü l ü y o r   m u s u n u z
h ü c r e l e r i m i z
k ü m b e t
k ü ç ü l m e m i ş s i n i z
i y i l e ş i y o r   o l m a m a l ı   m ı y ı z
i y i l e ş i r   o l a c a k   m ı y m ı ş ı m
k ü ç ü l e c e k t i n
k ü ç ü l m e y e c e k s i n i z
k a p ı y o r   o l a c a k l a r   m ı y m ı ş
k e s e r l a r ı n ı z d a
o n u y o r   o l a c a k   m ı y ı z
k a p a r   m ı y d ı k
k a p ı y o r   o l m a l ı   m ı y d ı n ı z
i y i l e ş i y o r   o l m a l ı   m ı y m ı ş
k a p a m ı y o r m u ş u z
ö ğ r e n e c e k m i ş i m
g ö t l e r i n e
i y i l e ş i y o r   m u y m u ş
f r e n i n i z e
o n a m a y a c a k t ı n
ö ğ r e n m e y e c e k s i n i z
o l a y   g ü d ü m l ü   p r o g r a m l a m a m ı z
ö ğ r e n i y o r   o l m a m a l ı   m ı
f l a ş ı m ı z ı n
h ü c r e l e r d i
o n u y o r   o l m a m a l ı y ı m
ö ğ r e n i y o r   o l a c a k   m ı y d ı k
i y i l e ş i y o r   o l m a m a l ı
p r o t e s t o m u z u
ö ğ r e n i y o r   o l a c a k t ı n ı z
k a p a m a d ı   m ı y d ı n
k a p ı y o r   o l m a l ı   m ı s ı n
i y i l e ş m e d i m
k ü ç ü l d ü   m ü y d ü k
a g n o s t i s i z m l e r i n
o n a y ı n
k ü m b e t i n e
k ü ç ü l ü y o r   o l m a l ı y d ı m
k ü ç ü l ü y o r   m u y m u ş
k a p a m ı ş   o l m a y a c a k t ı m
c ü c e l e r i n i
c ü c e l e r i m i z e
k ü ç ü l e c e k l e r   m i y m i ş
m ü m e s s i l l i k l e r i n i z i
ö ğ r e n i y o r   m u y d u n
k e s e r s ı
h ü c r e l e r i n i n
k a p a m a m a l ı y m ı ş
k ü ç ü l m e z l e r m i ş
k e l e p ç e l e r i m i z i n
k a p a m a m ı ş
k ü m b e t l e r i n i z e
o n a a c a k   o l a c a k m ı ş s ı n
k a p ı y o r d u n
g ö t l e r m i ş
i y i l e ş i r   m i y d i n
ö ğ r e n i y o r   o l a c a k   m ı y m ı ş ı m
k ü ç ü l ü y o r   o l a c a k l a r   m ı
k a r a   t a h t a s ı n d a n
o n u y o r l a r   m ı y d ı
k ü ç ü l ü y o r   o l m a m a l ı y d ı k
k a p a y a c a k   o l m a y a c a ğ ı z
i y i l e ş i y o r   o l m a y a c a k m ı ş
o n a m ı y o r d u n u z
a g n o s t i s i z m l e r e
o n a m ı y o r   m u y d u n u z
o n u y o r   o l m a l ı   m ı y d ı n ı z
a g n o s t i s i z m
ö ğ r e n m e d i l e r d i
k e s e r m ı z a
k a p a m a m ı ş s ı n ı z
k a p a r   o l m a y a c a k l a r m ı ş
s a ğ ı n d a n
ö ğ r e n i r   m i y m i ş i m
f r e n l e r d e
i y i l e ş i y o r   o l m a y a c a k   m ı y d ı k
v a d e l e r i n i
ö ğ r e n m e y e c e k l e r m i ş
o n a y a c a k   o l a c a k   m ı s ı n
g ö t l e r i n i
o n a m a m ı ş   m ı y ı m
y a l a n c ı l ı ğ ı n a
f l a ş l a r ı n a
k a p a r l a r   m ı y m ı ş
k ü ç ü l m ü ş   o l a c a k t ı m
k a p a m a m ı ş m ı ş ı z
ö ğ r e n m e y e c e k l e r d i
k ü ç ü l m e d i l e r   m i y d i
o n u y o r   o l m a m a l ı y m ı ş s ı n ı z
ö ğ r e n i r   o l m a y a c a k m ı ş
k a p a r l a r m ı ş
k a p a m ı y o r u z
i y i l e ş i y o r   o l m a m a l ı l a r
o n a r l a r   m ı y d ı
o n a m e l i
k a p a m a m ı ş l a r d ı
s a ğ d ı n
b i l g i s a y a r   u y g u l a m a l a r ı n a
a ğ a ç   ç i v i m i ş i m
k ü ç ü l m ü ş   m ü y d ü
t e l e v i z y o n u n d a n
v a d e
o n a r   m ı y m ı ş
i y i l e ş m e d i l e r
ö ğ r e n i r s i n i z
o n a m e l i   m i
h a t a n ı n
g ö t
s a ğ d ı l a r
o n a m ı y o r l a r d ı
f r e n l e r i n i z e
o n a m ı ş   o l a c a k   m ı y d ı n
ö ğ r e n i y o r   o l m a m a l ı y m ı ş s ı n
k a p a m a l ı   m ı y d ı m
g ü n a h k â r l a r ı m ı z ı n
s a ğ ı n ı z ı
c ü c e l e r i z
i y i l e ş e c e k   o l m a y a c a k m ı ş ı z
o n a m e l i l e r
k ü ç ü l m e m e l i
k a p ı y o r   o l a c a k l a r m ı ş
s a ğ l a r ı n a
m ü m e s s i l l i ğ i m i z d e
k ü ç ü l ü y o r   o l a c a k s ı n
ö ğ r e n d i n
g ö t ü n ü z e
i y i l e ş t i l e r   m i y d i
o n u y o r   o l m a y a c a k m ı ş s ı n
o n a r   o l m a y a c a k m ı ş ı m
o n a m ı y o r d u
ö ğ r e n m i ş   o l a c a k   m ı y d ı
s a ğ d ı n ı z
k o l a ç l a r ı n
ö ğ r e n m i ş   o l a c a k t ı m
k ü ç ü l ü y o r   o l a c a k l a r m ı ş
o l a y   g ü d ü m l ü   p r o g r a m l a m a l a r ı n ı z d a n
o n u y o r   o l m a y a c a k   m ı y d ı k
ö ğ r e n i y o r   o l m a m a l ı   m ı y d ı n
i y i l e ş m e m i ş   m i y m i ş i m
ö ğ r e n m e y e c e k m i ş s i n i z
ö z g ü r   y a z ı l ı m l a r ı m ı z
ö ğ r e n i r   o l m a y a c a k   m ı y m ı ş s ı n
k ı l k a p a n
k ü ç ü l m e y e c e k   m i y d i n
k ü ç ü l d ü y d ü m
c e s e t t e
k ı l k a p a n ı m ı z ı n
ç i v i y i
f l a ş l a r ı n d a
t e l e v i z y o n l a r ı n d a
m ü m e s s i l l i k l e r d e n
o n a m a m ı ş m ı ş s ı n
o n a m a z   m ı y ı z
i y i l e ş m e d i   m i y d i m
o n u y o r   o l m a m a l ı   m ı y d ı n
h a t a l a r ı n a
ö z g ü r   y a z ı l ı m l a r ı n ı z
o n a a c a k   o l m a y a c a k l a r   m ı y m ı ş
ö ğ r e n m e m i ş   m i y d i
p r o t e s t o m u z a
o l a y   g ü d ü m l ü   p r o g r a m l a m a n d a
k ü ç ü l m e d i y d i
k a p a m a d ı n   m ı
i y i l e ş m i ş   o l a c a k l a r   m ı y d ı
o l a y   g ü d ü m l ü   p r o g r a m l a m a l a r a
ö ğ r e n m i y o r   m u y m u ş u z
o n u y o r   o l m a m a l ı y d ı n
k ü ç ü l ü r   o l m a y a c a k   m ı y m ı ş
k e s e r l a r ı n d a
a ğ a ç   ç i v i s i n i z
k ü ç ü l ü y o r   o l a c a k   m ı y m ı ş s ı n ı z
k ü ç ü l ü y o r   o l m a y a c a ğ ı z
k ü ç ü l m e d i n i z   m i
o n a m a z m ı ş s ı n ı z
k a p a d ı   m ı y d ı
k a p a m a d ı l a r   m ı
i y i l e ş m i ş i m
k ü m b e t i n d e n
g ö t l e r s i n
ö ğ r e n i y o r   o l m a l ı l a r
s a ğ l a r ı m ı z d a n
ö z g ü r   y a z ı l ı m ı m ı z a
m ü m e s s i l l i k d e n
g ö t ü n ü
o n a a c a k   o l m a y a c a k   m ı y m ı ş
m ü m e s s i l l i k m i ş i m
k ü ç ü l e c e k   m i s i n
f l a ş l a r ı m ı z d a
i y i l e ş m i ş   o l m a y a c a k t ı k
k a p a a c a k   o l m a y a c a k m ı ş ı m
o n a r   o l a c a k   m ı y m ı ş ı z
k ü ç ü l ü y o r   o l m a m a l ı l a r   m ı y d ı
i y i l e ş i y o r l a r
k e l e p ç e l e r i n i n
o n a m a y a c a k   m ı y m ı ş s ı n
o l a y   g ü d ü m l ü   p r o g r a m l a m a n ı z d a n
o n u y o r   o l a c a ğ ı m
o n a m e l i   m i s i n i z
ö ğ r e n m i y o r   m u y m u ş s u n
k a p a r   m ı
ö ğ r e n m i ş   m i y m i ş s i n i z
h ü c r e l e r
k a p a y a c a k   m ı y m ı ş s ı n
k e s e r
ö z g ü r   y a z ı l ı m l a r ı n d a n
k ü ç ü l e c e k l e r   m i
k a p a m a z m ı ş ı m
s a ğ ı n ı n
i y i l e ş m e m i ş m i ş s i n
i y i l e ş e c e k t i k
k a p a m ı ş   m ı s ı n
h ü c r e l e r m i ş
o n u y o r   o l u r   m u y d u n
i y i l e ş e c e k   o l a c a k
o n u y o r   o l m a l ı   m ı
t e l e v i z y o n d a
o n a m a z l a r
k ü ç ü l m ü ş   o l m a y a c a k t ı n
g ö t m ü ş
o n a m a m e l i   m i s i n
ö ğ r e n m e y e c e k   m i s i n i z
y a l a n c ı l ı ğ ı n ı n
k ü m b e t i n d e n
s a ğ ı m ı z d a n
k a p a y a c a k t ı k
o n a r   m ı y d ı m
k ü ç ü l e c e k   o l m a y a c a k m ı ş ı m
k a p ı y o r   m u y u z
ö ğ r e n m e d i n i z   m i
k ü m b e t i n i z d e n
k a p ı y o r   o l m a z   m ı y d ı k
i y i l e ş m e m i ş   m i y d i k
i y i l e ş i y o r   o l a c a k   m ı y m ı ş s ı n
k e s e r l a r ı n d a n
t e l e v i z y o n l a r ı m ı z ı
k a p ı y o r   o l a c a k   m ı y m ı ş
s a ğ l a r d ı n
i y i l e ş m e l i l e r   m i
k ü ç ü l ü y o r   o l m a m a l ı   m ı y d ı m
k ü ç ü l m ü ş   o l a c a k   m ı y d ı n ı z
v a d e n i n
