k a p a y a c a k   o l m a y a c a k   m ı s ı n
k a p ı y o r   o l m a y a c a k   m ı y m ı ş s ı n
i y i l e ş i r   o l m a y a c a k   m ı y m ı ş
o n a m ı ş   o l m a y a c a k   m ı y d ı n ı z
i y i l e ş i r   o l a c a k m ı ş
o l a y   g ü d ü m l ü   p r o g r a m l a m a y ı
i y i l e ş m e m e l i y i m
o n a m a y a c a k   m ı y m ı ş
o l a y   g ü d ü m l ü   p r o g r a m l a m a l a r ı n ı z ı n
k a p ı y o r   o l a c a k   m ı s ı n
o l a y   g ü d ü m l ü   p r o g r a m l a m a y a
ö ğ r e n i y o r   o l m a y a c a k   m ı y m ı ş s ı n ı z
o l a y   g ü d ü m l ü   p r o g r a m l a m a l a r ı n d a n
o n a m ı y o r l a r   m ı y m ı ş
o l a y   g ü d ü m l ü   p r o g r a m l a m a l a r ı n d a
o l a y   g ü d ü m l ü   p r o g r a m l a m a s ı n ı n
i y i l e ş e c e k   o l m a y a c a k   m ı y m ı ş ı m
o l a y   g ü d ü m l ü   p r o g r a m l a m a m ı z a
k ü ç ü l e c e k   o l m a y a c a k   m ı y m ı ş ı z
ö ğ r e n i y o r   o l m a l ı   m ı y m ı ş s ı n ı z
i y i l e ş i y o r   o l m a m a l ı   m ı y m ı ş ı z
k ü ç ü l e c e k   o l m a y a c a k   m ı y m ı ş s ı n ı z
k ü ç ü l ü y o r   o l m a m a l ı l a r   m ı y m ı ş
ö ğ r e n i y o r   o l m a y a c a k   m ı y m ı ş ı m
i y i l e ş i y o r   o l m a l ı y m ı ş s ı n ı z
o l a y   g ü d ü m l ü   p r o g r a m l a m a n ı n
k ü ç ü l ü y o r   o l m a m a l ı   m ı y m ı ş ı z
i y i l e ş e c e k   o l m a y a c a k   m ı y m ı ş ı z
i y i l e ş i y o r   o l a c a k   m ı y m ı ş s ı n ı z
k ü ç ü l ü y o r   o l m a y a c a k   m ı y d ı n ı z
k ü ç ü l ü y o r   o l m a m a l ı   m ı s ı n ı z
o l a y   g ü d ü m l ü   p r o g r a m l a m a n ı
ö ğ r e n e c e k   o l m a y a c a k   m ı y m ı ş s ı n ı z
o n a a c a k   o l m a y a c a k   m ı y m ı ş ı m
i y i l e ş i y o r   o l m a l ı   m ı y d ı n ı z
ö ğ r e n i r   o l m a y a c a k m ı ş s ı n ı z
i y i l e ş i y o r   o l m a m a l ı y m ı ş ı z
i y i l e ş i y o r   o l m a m a l ı y m ı ş ı m
k ü ç ü l e c e k   o l m a y a c a k l a r m ı ş
k ü ç ü l e c e k   o l m a y a c a k   m ı y m ı ş s ı n
k ü ç ü l e c e k   o l m a y a c a k l a r   m ı y m ı ş
ö ğ r e n i y o r   o l m a y a c a k   m ı y m ı ş s ı n
i y i l e ş i y o r   o l m a y a c a k t ı n ı z
i y i l e ş e c e k   o l a c a k   m ı y m ı ş ı m
o n u y o r   o l m a m a l ı l a r   m ı y m ı ş
k ü ç ü l ü y o r   o l m a l ı   m ı y m ı ş s ı n
o l a y   g ü d ü m l ü   p r o g r a m l a m a s ı
ö ğ r e n e c e k   o l a c a k   m ı y m ı ş s ı n ı z
k ü ç ü l e c e k   o l a c a k l a r   m ı y m ı ş
k ü ç ü l ü y o r   o l m a m a l ı   m ı y d ı n
i y i l e ş i y o r   o l m a y a c a k   m ı y m ı ş s ı n
i y i l e ş i y o r   o l a c a k m ı ş s ı n ı z
k a p a a c a k   o l m a y a c a k l a r m ı ş
k ü ç ü l ü y o r   o l m a y a c a k   m ı y d ı n
k a p a y a c a k   o l m a y a c a k   m ı y ı m
k a p a a c a k   o l m a y a c a k   m ı y m ı ş
k a p ı y o r   o l m a m a l ı   m ı y m ı ş s ı n
ö ğ r e n i y o r   o l m a y a c a k   m ı y d ı m
k a p a y a c a k   o l m a y a c a k s ı n ı z
ö ğ r e n i r   o l m a y a c a k   m ı y m ı ş s ı n ı z
o n a a c a k   o l m a y a c a k m ı ş s ı n
o n u y o r   o l m a m a l ı l a r   m ı y d ı
k ü ç ü l m ü ş   o l m a y a c a k l a r d ı
ö ğ r e n i y o r   o l m a l ı   m ı s ı n ı z
i y i l e ş i y o r   o l m a y a c a k   m ı y d ı m
i y i l e ş i y o r   o l m a y a c a k   m ı s ı n ı z
i y i l e ş i y o r   o l m a m a l ı l a r d ı
k ü ç ü l ü y o r   o l m a y a c a k   m ı y d ı
i y i l e ş i y o r   o l m a m a l ı y d ı k
ö z g ü r   y a z ı l ı m l a r ı n ı z d a n
i y i l e ş m e m i ş   m i y m i ş s i n i z
ö ğ r e n i y o r   o l m a y a c a k   m ı y d ı
i y i l e ş i y o r   o l m a l ı l a r m ı ş
e k l e m e s i z   m i y i m ?
e k l e m e s i z   m i y d i l e r ?
e k l e m e s i z   d e ğ i l m i ş i z
e k l e m e s i z l e r   m i ?
e k l e m e s i z   m i y d i n i z ?
e k l e m e s i z   d e ğ i l   m i y m i ş s i n ?
e k l e m e s i z d i k
e k l e m e s i z   m i s i n ?
e k l e m e s i z   d e ğ i l d i n
e k l e m e s i z d i m
e k l e m e s i z   m i ?
e k l e m e s i z   d e ğ i l   m i y d i ?
e k l e m e s i z   m i s i n i z ?
k ü ç ü l m ü ş   o l m a y a c a k s ı n ı z
k ü ç ü l e c e k   o l a c a k   m ı y m ı ş s ı n
ö ğ r e n i y o r   o l m a l ı y d ı n ı z
ö ğ r e n i r   o l m a y a c a k m ı ş s ı n
ö ğ r e n i y o r   o l m a l ı y m ı ş ı z
k ü ç ü l ü y o r   o l a c a k   m ı y m ı ş s ı n
ö ğ r e n m i y o r   m u y m u ş s u n u z
ö ğ r e n m i ş   o l m a y a c a k l a r d ı
o n u y o r   o l m a l ı l a r   m ı y m ı ş
ö z g ü r   y a z ı l ı m l a r ı m ı z d a
o n u y o r   o l a c a k l a r   m ı y m ı ş
k a p ı y o r   o l m a m a l ı l a r   m ı y m ı ş
i y i l e ş e c e k   o l m a y a c a ğ ı z
k a p a y a c a k   o l m a y a c a k l a r
i y i l e ş i y o r   o l m a l ı l a r   m ı
i y i l e ş i y o r   o l m a l ı   m ı y ı m
k ü ç ü l ü y o r   o l a c a k   m ı y d ı n
o n a a c a k   o l m a y a c a k   m ı y m ı ş ı z
ö ğ r e n e c e k   o l a c a k l a r m ı ş
ö ğ r e n i y o r   o l m a l ı   m ı y m ı ş
k ü ç ü l ü y o r   o l m a l ı   m ı y d ı
i y i l e ş e c e k   o l m a y a c a k   m ı y m ı ş s ı n ı z
k ü ç ü l ü y o r   o l m a y a c a k t ı n
i y i l e ş i y o r   o l a c a k l a r d ı
ö ğ r e n i y o r   o l a c a k   m ı y d ı n
ö ğ r e n i y o r   o l m a m a l ı y ı m
ö ğ r e n e c e k   o l a c a k   m ı y m ı ş
k ü ç ü l ü y o r   o l m a l ı   m ı y d ı n
i y i l e ş i y o r   o l m a m a l ı   m ı
o n u y o r   o l m a m a l ı l a r m ı ş
k ü ç ü l ü y o r   o l a c a k m ı ş ı m
k ü ç ü l e c e k   o l m a y a c a ğ ı z
k ü ç ü l e c e k   o l m a y a c a ğ ı m
i y i l e ş i y o r   o l m a y a c a k l a r d ı
ö ğ r e n m e m i ş   m i y m i ş s i n i z
k ü ç ü l m ü ş   o l m a y a c a k l a r
k a p ı y o r   o l m a y a c a k   m ı y m ı ş s ı n ı z
i y i l e ş m e m e l i   m i y m i ş i z
k ü ç ü l ü r   o l a c a k   m ı y m ı ş ı z
k ü ç ü l ü y o r   o l m a l ı y d ı n ı z
i y i l e ş e c e k   o l a c a k   m ı y ı z
i y i l e ş i y o r   o l u r   m u y d u n u z
ö ğ r e n i y o r   o l a c a k m ı ş ı z
k a p a y a c a k   o l a c a k   m ı s ı n
ö ğ r e n m e y e c e k   m i y d i n i z
o n u y o r   o l m a m a l ı l a r   m ı
k a p a a c a k   o l a c a k   m ı y m ı ş
k ü ç ü l ü y o r   o l m a y a c a k   m ı y d ı k
k ü ç ü l m e m e l i l e r   m i y m i ş
o n a a c a k   o l m a y a c a k m ı ş
o n u y o r   o l m a z l a r   m ı y d ı
i y i l e ş e c e k   o l a c a k   m ı y m ı ş s ı n ı z
k ü ç ü l m e m i ş   m i y m i ş s i n
i y i l e ş m e m i ş m i ş s i n i z
ö ğ r e n i y o r   o l a c a k   m ı y ı z
k ü ç ü l ü y o r   o l m a m a l ı   m ı
i y i l e ş i r   o l m a y a c a k m ı ş ı m
k ü ç ü l ü y o r   o l m a l ı l a r d ı
k a p a y a c a k   o l a c a k   m ı y ı m
k a p ı y o r   o l m a y a c a k   m ı y d ı
o n a y a c a k   o l m a y a c a ğ ı z
i y i l e ş i y o r l a r   m ı y m ı ş
i y i l e ş e c e k   o l a c a k l a r
k ü ç ü l m ü y o r   m u y m u ş s u n
y a l a n c ı l ı k l a r ı m ı z d a
o n u y o r   o l m a m a l ı   m ı y d ı k
ö ğ r e n m e m i ş   m i y m i ş s i n
ö ğ r e n m e m e l i   m i y m i ş i m
ö ğ r e n m i ş   o l m a y a c a ğ ı z
ö ğ r e n m i ş   o l m a y a c a ğ ı m
k ü ç ü l m e m e l i   m i y d i n i z
k ü ç ü l m e m e l i   m i y m i ş i z
k a p a m a l ı   m ı y m ı ş s ı n ı z
k a p ı y o r   o l a c a k   m ı y m ı ş s ı n
o n a y a c a k   o l a c a k   m ı y ı z
k ü ç ü l ü y o r   o l m a z l a r d ı
p r o t e s t o l a r ı n ı z d a n
g ü n a h k â r l a r ı m ı z d a n
g ü n a h k â r l a r ı n ı z d a n
o n a m a m ı ş   m ı y m ı ş s ı n ı z
i y i l e ş e c e k   o l a c a k m ı ş ı m
k ü ç ü l ü y o r   o l m a l ı y m ı ş
k a p a m a y a c a k   m ı y d ı n ı z
k a p a m a m e l i   m i s i n i z
k ü ç ü l m e m i ş l e r   m i y m i ş
k a p a y a c a k   o l a c a k l a r
i y i l e ş m i ş   o l m a y a c a k   m ı y ı z
i y i l e ş i y o r l a r   m ı y d ı
y a l a n c ı l ı k l a r ı m ı z ı
i y i l e ş m i ş   o l a c a k   m ı y d ı m
ö z g ü r   y a z ı l ı m l a r d a n
y a l a n c ı l ı k l a r ı n ı z a
k a p a y a c a k   o l a c a k   m ı
ö ğ r e n e c e k   o l a c a k m ı ş s ı n
o n a a c a k   o l a c a k m ı ş ı m
o n u y o r   o l m a m a l ı   m ı y d ı
i y i l e ş m e m e l i   m i s i n i z
i y i l e ş m i y o r   m u y m u ş u z
ö ğ r e n i r   m i y m i ş s i n i z
k ü ç ü l m ü y o r   m u y m u ş u z
k ü ç ü l m ü y o r   m u y d u n u z
i y i l e ş m e m e l i y m i ş i z
k ü ç ü l ü y o r   o l u r   m u y d u
k ü ç ü l m ü y o r   m u y m u ş u m
ö ğ r e n i r   o l a c a k   m ı y m ı ş ı m
i y i l e ş m e m e l i   m i y d i n
k a p ı y o r   o l a c a k m ı ş s ı n ı z
i y i l e ş m e m e l i   m i y m i ş
k ı l k a p a n l a r ı n ı z d a n
ö ğ r e n i y o r   o l u r l a r d ı
m ü m e s s i l l i ğ i m i z d e n
ö ğ r e n i y o r   o l a c a k m ı ş
i y i l e ş i y o r   m u y m u ş u m
i y i l e ş m i y o r   m u y m u ş u m
i y i l e ş e c e k   o l a c a k l a r   m ı y m ı ş
i y i l e ş i y o r   o l m a m a l ı y ı m
i y i l e ş m e l i l e r   m i y d i
o n u y o r   o l a c a k   m ı y d ı k
ö ğ r e n m i ş   o l a c a k   m ı y d ı n ı z
k a p a m a z   m ı y m ı ş s ı n ı z
k a p ı y o r   o l m a y a c a k m ı ş ı z
ö ğ r e n m e l i   m i y m i ş i m
o n u y o r   o l m a m a l ı l a r
m ü m e s s i l l i k l e r i n d e
p r o t e s t o l a r ı n ı z d a
p r o t e s t o l a r ı m ı z d a
k a p a r   o l a c a k   m ı y m ı ş ı z
ö ğ r e n i y o r   o l a c a k s ı n ı z
k a p ı y o r   o l m a m a l ı y d ı
o n u y o r   o l m a y a c a k   m ı y m ı ş s ı n ı z
o n a m a m a l ı l a r   m ı y m ı ş
k ü ç ü l ü y o r   o l m a l ı y ı z
ö ğ r e n i y o r   o l m a m a l ı
ö z g ü r   y a z ı l ı m ı n d a n
ö ğ r e n e c e k   m i y m i ş s i n
k ü ç ü l m e y e c e k l e r m i ş
o n a y a c a k   o l a c a k l a r
o n u y o r   o l a c a k l a r d ı
i y i l e ş i r   o l a c a k   m ı y m ı ş s ı n ı z
i y i l e ş m e m e l i   m i y i z
a g n o s t i s i z m l e r d e n
ö ğ r e n i y o r   o l a c a k t ı m
k ü ç ü l ü y o r   o l m a z d ı m
o n a m a z   m ı y m ı ş s ı n ı z
ö ğ r e n m i ş   o l a c a k   m ı y d ı n
i y i l e ş m e z   m i y d i n i z
i y i l e ş i y o r   o l u r d u n
ö ğ r e n m i ş   o l m a y a c a k   m ı y d ı
ö ğ r e n m e m i ş   m i y m i ş i z
i y i l e ş i y o r   o l u r d u k
i y i l e ş i y o r   o l u r d u m
m ü m e s s i l l i k l e r i n i
y a l a n c ı l ı k l a r ı m ı z
k ü ç ü l m ü ş   m ü y m ü ş s ü n
ö ğ r e n m e m e l i y d i n i z
k a p a m ı ş   o l a c a k l a r d ı
o n u y o r   o l m a z   m ı y d ı n
ö ğ r e n m i ş   o l m a y a c a k t ı n ı z
k ü ç ü l ü y o r   o l m a y a c a k
ö ğ r e n m i ş   o l m a y a c a k   m ı y ı z
o n u y o r   o l m a y a c a k t ı m
k a p a r   o l m a y a c a k   m ı y m ı ş ı m
ö ğ r e n m e z l e r   m i y m i ş
k ü ç ü l m e m i ş m i ş s i n i z
