o n a
a ğ a ç   ç i v i d i n
h a t a
a ğ a ç   ç i v i s i n
a ğ a ç   ç i v i l e r i n d e n
v a d e d e
a ğ a ç   ç i v i d i n i z
a ğ a ç   ç i v i l e r d i r
a ğ a ç   ç i v i l e r i n i z
a ğ a ç   ç i v i m i ş s i n i z
a ğ a ç   ç i v i l e r i n d e
a ğ a ç   ç i v i l e r m i ş i z
a ğ a ç   ç i v i l e r i m i z e
a ğ a ç   ç i v i l e r i n d e n
a ğ a ç   ç i v i l e r i n i z i
a ğ a ç   ç i v i l e r i m i z d e n
a ğ a ç   ç i v i l e r m i ş s i n i z
v a d e m i z e
c ü c e
k e l e p ç e d e n
v a d e m i z d e
v a d e l e r i n i n
v a d e s i n d e n
v a d e l e r i n d e
k e l e p ç e s i n d e n
t e l e v i z y o n
k a p a m e l i l e r
k e l e p ç e l e r i n e
a ğ a ç   ç i v i d e n
k a p a m a y a c a k   m ı y m ı ş ı m
k a p a m ı y o r   m u y u z
t e l e v i z y o n u n
s a ğ d ı
k e l e p ç e l e r i n d e n
k a p a m a m ı ş   m ı y m ı ş
t e l e v i z y o n u n u
k a p a m ı ş   m ı y m ı ş ı m
t e l e v i z y o n u n u z
k a p a m a m ı ş l a r   m ı y m ı ş
t e l e v i z y o n u n u z u
t e l e v i z y o n u n u z a
s a ğ ı z
t e l e v i z y o n l a r ı n a
t e l e v i z y o n u m u z d a n
t e l e v i z y o n u n u z d a n
t e l e v i z y o n l a r ı n ı z a
t e l e v i z y o n l a r ı n d a n
t e l e v i z y o n l a r ı n ı z d a
g ö t ü z
f l a ş a
i y i l e ş
k e s e r
c e s e t
f l a ş ı
s a ğ l a r
c ü c e n
g ö t l e r
g ö t ü n e
s a ğ d a n
g ö t ü n e
h a t a y a
h a t a y ı
f l a ş t a
k a p a d ı
k a p a m a z
s a ğ d ı k
f l a ş ı z
ö ğ r e n m e
h ü c r e n
c ü c e y i
i y i l e ş t i m
ö ğ r e n d i
h a t a l a r
k a p a m ı ş   o l m a y a c a k
h ü c r e y e
b u s e y i
ö ğ r e n i n
ö ğ r e n i r
h a t a n d a
ç i v i y e
g ö t ü n d e
g ö t ü n d e
s a ğ ı n d a
h ü c r e l e r
s a ğ ı n d a
k e s e r n a
g ö t l e r i
g ö t l e r i
s a ğ m ı ş ı z
g ö t ü n ü n
f l a ş l a r
h ü c r e m i z
o n a r d ı m
k a p a r d ı k
c ü c e l e r
c ü c e y i z
a ğ a ç   ç i v i d i m
i y i l e ş t i   m i y d i m
k ü m b e t e
a ğ a ç   ç i v i l e r i m
f r e n i n i
m ü m e s s i l l i k
h a t a l a r d a
s a ğ l a r d a
ö ğ r e n d i k
i y i l e ş m i ş   m i y m i ş s i n
o n a m ı ş   o l a c a k
m ü m e s s i l l i ğ e
g ö t l e r i n
o n u y o r u m
o n a y a c a k
g ö t l e r d i
s a ğ l a r ı z
h a t a l a r m ı ş
o n a m a z d ı
h a t a n ı z ı
k e s e r n d a
i y i l e ş i r i m
i y i l e ş i r i z
k e s e r l a r
k e s e r n ı n
k a p ı y o r u z
c e s e t l e r
h a t a l a r ı n a
k a p a m ı ş ı m
g ö t ü m ü z ü
k a p a m a z   m ı
k a p a d ı y d ı
m ü m e s s i l l i ğ i n i
h ü c r e y d i m
k ü ç ü l d ü k
m ü m e s s i l l i k l e r d i
f r e n i n i z
o n u y o r d u n
i y i l e ş t i
c ü c e m i z e
c ü c e n d e n
h ü c r e n i z
m ü m e s s i l l i k l e r i
s a ğ ı n ı z d a
g ö t ü n ü z ü
o n a m a d ı   m ı
i y i l e ş m e m
k a y ı k l a r a
c ü c e y d i k
k ü ç ü l ü r d ü
f l a ş ı n ı n
o n a m a m e l i l e r
o n a m a m e l i   m i
o n a m a m e l i s i n
f l a ş ı n ı z a
ö ğ r e n i r d i m
g ö t l e r m i ş
g ö t l e r d e n
s a ğ ı m ı z d a
o n a r d ı n ı z
h a t a s ı n ı n
o n a r m ı ş ı m
o n u y o r   o l a c a k
f l a ş ı n ı z ı
h ü c r e l e r d e
i y i l e ş e c e ğ i m
o n u y o r   o l a c a k   m ı
i y i l e ş i y o r   o l m a y a c a k m ı ş ı m
o n a m ı y o r   m u
k a p a m a y ı z
k a p a m a d ı m
o n a r   o l a c a k   m ı y m ı ş s ı n
k e s e r s ı n a
o n a m ı ş   o l a c a k   m ı
k a p a d ı l a r
s a ğ ı n ı z ı n
b u s e l e r d e
o n u y o r   o l a c a k m ı ş
k a p a m a d ı n
k a p a r   m ı y ı z
k a p a r l a r   m ı
f l a ş l a r ı n
h a t a l a r d ı r
k a p a d ı n ı z   m ı
k e s e r l a r a
i y i l e ş t i n
o n a m ı y o r u z
o n u y o r   o l m a l ı y m ı ş s ı n ı z
k ü m b e t t e n
c ü c e y m i ş i z
k a p ı y o r l a r
f r e n l e r i n
o n u y o r   o l u r   m u y d u k
k a p a m a z d ı m
k a p a m a z d ı n
k ü ç ü l e c e k   m i
h a t a n ı z ı n
c ü c e l e r i n
h ü c r e n i z i
o n u y o r   o l a c a k   m ı y m ı ş
ö ğ r e n i r d i k
k a y ı ğ ı n
k i m y a c ı y ı
o n a m a m e l i   m i y i m
ö ğ r e n i y o r
f r e n i n d e n
o n a m a y a c a k
k ü ç ü l m e y i n
o n u y o r   o l m a z   m ı y d ı m
s a ğ ı n ı z d a n
o n u y o r   o l m a y a c a k l a r   m ı y m ı ş
c ü c e s i n i n
f l a ş l a r m ı ş
o n a m a z m ı ş ı z
i y i l e ş m e m i ş
o n u y o r   o l m a l ı y m ı ş
h ü c r e l e r s i n
o n u y o r   o l m a l ı   m ı y ı z
k a p a y a c a k l a r
k a p ı y o r   o l m a y a c a k s ı n
ö ğ r e n m e m e l i
o n a y a c a k   m ı y d ı
o n u y o r   o l m a l ı   m ı y d ı k
o n u y o r   o l m a l ı y d ı n ı z
ö ğ r e n d i n   m i
o n a y a c a ğ ı m
h a t a l a r d ı m
h ü c r e l e r i n e
h ü c r e l e r d e n
k a p a m ı y o r u m
ö ğ r e n m i y o r
o n a y a c a k l a r   m ı
k e s e r l a r d a
k e s e r s ı n ı z
k a p ı y o r   o l m a l ı   m ı
o n a m ı ş   o l a c a k t ı k
k ı l k a p a n ı n a
k a p a r d ı n ı z
k e l e p ç e n i z
k a p ı y o r   o l u r d u m
k o l a ç l a r d a
k a p a m a m ı ş t ı n
p r o t e s t o y u
ö ğ r e n m e d i m
o n a m a m ı ş t ı m
h ü c r e l e r i n i
f l a ş l a r ı n d a
o n a m ı y o r d u n
k a p a m ı ş t ı k
k ü ç ü l m ü ş   m ü
i y i l e ş i r l e r
f r e n i n i z d e
k a p ı y o r   o l m a y a c a k
k ü m b e t i n i z
