k a p a r   m ı s ı n
k e s e r n ı z ı n
k a p ı y o r   o l u r l a r d ı
k ü ç ü l d ü n   m ü
k ı l k a p a n l a r
o n a m e l i y i m
k a p ı y o r   o l u r   m u y d u m
k a p a y a c a k l a r   m ı y d ı
c ü c e l e r m i ş
c ü c e l e r i n e
c ü c e l e r d e n
c ü c e y d i l e r
c ü c e l e r i n e
h ü c r e n i z d e
c ü c e y d i n i z
k a p a m a d ı y d ı
k ü ç ü l e c e k s i n
k ü ç ü l e c e k m i ş
s a ğ l a r ı n d a n
k ü ç ü l d ü l e r
o n a r   m ı y m ı ş ı z
o n a m ı y o r d u m
f l a ş ı n ı z d a n
o n a m ı ş   o l a c a k t ı m
i y i l e ş m e z m i ş
k a r a   t a h t a s ı
k ü ç ü l ü y o r   m u
k a p ı y o r   m u y d u m
k ı l k a p a n ı n ı n
k ı l k a p a n ı n ı n
k a p ı y o r   o l m a l ı l a r
k a p a m a m ı ş ı m
k a y ı k l a r d a n
ö ğ r e n d i l e r
o n a m a y a c a k t ı
k a p ı y o r   o l m a l ı y d ı
o n a d ı y d ı n ı z
h ü c r e l e r d i k
h ü c r e y d i n i z
c ü c e s i n d e n
k a p ı y o r   o l m a z   m ı y d ı m
i y i l e ş t i k   m i
k a p a y a c a k l a r   m ı
o n a y a c a k   o l a c a ğ ı m
o n a m ı ş m ı ş ı m
k a p ı y o r   o l m a l ı y m ı ş
o n a m ı ş   o l a c a ğ ı m
o n a m a z l a r   m ı
o n a m ı ş   m ı y ı m
k a r a   t a h t a n ı
ö ğ r e n e c e k   m i s i n
ö ğ r e n m i ş t i n
k ü ç ü l e c e k t i m
k e s e r n ı z d a n
k a p ı y o r   o l m a m a l ı   m ı y d ı
o n a y a c a k   o l m a y a c a k
k ü ç ü l ü y o r m u ş
k o l a ç l a r d a n
o n a y a c a k l a r   m ı y m ı ş
k a r a   t a h t a y ı
i y i l e ş m e y e c e k
g ö t l e r m i ş i m
g ö t l e r m i ş i z
k a p a m a y a c a k l a r
i y i l e ş e c e k m i ş
k a p ı y o r   o l m a m a l ı y m ı ş ı z
ö ğ r e n m i ş t i m
d a l g ı n l ı ğ ı n
k a p a y a c a k   m ı y d ı m
y a l a n c ı l ı ğ a
k e l e p ç e n i z e
k a p a y a c a k m ı ş s ı n
k a p a r   m ı y d ı n
k e s e r l a r d ı k
ö ğ r e n m e m e l i y d i m
o n u y o r s u n u z
o n a y a c a k   o l m a y a c a k   m ı s ı n ı z
k a p ı y o r   o l m a m a l ı   m ı y m ı ş ı m
k a p ı y o r   o l m a m a l ı y m ı ş s ı n
o n a m ı ş   m ı y ı z
s a ğ l a r ı n ı z ı
k a p a m a z   m ı y ı z
s a ğ l a r ı m ı z ı
k a p a m a l ı y m ı ş
k a p a m a d ı y d ı k
k ü m b e t i n i z e
k ü ç ü l m ü ş s ü n
k ü ç ü l ü y o r d u m
ö ğ r e n m e y e c e k
k ü ç ü l m ü ş t ü k
f r e n l e r i n i n
k ı l k a p a n ı m ı z
k e s e r l a r ı n ı
g ü n a h k â r d a n
k ı l k a p a n l a r ı
k e l e p ç e m i z e
o n a m a l ı y m ı ş ı z
k ü ç ü l m e d i n   m i
k ü ç ü l ü r   m ü y d ü
k a p a m a z d ı n ı z
k a p a m ı ş m ı ş ı m
c ü c e l e r i m i z
h ü c r e n i z d e n
ö ğ r e n m e m e l i   m i y i m
h a t a l a r ı n d a n
m ü m e s s i l l i ğ i
h a t a l a r ı m ı z
p r o t e s t o l a r
o n a m a y a c a k l a r d ı
i y i l e ş i r d i n i z
ö ğ r e n i r   m i y d i m
i y i l e ş e c e k   m i s i n
o n a r   o l m a y a c a k m ı ş s ı n ı z
i y i l e ş m e y i n
k ü ç ü l ü y o r l a r
o n a m ı ş   o l m a y a c a k l a r   m ı
o n a r   o l m a y a c a k m ı ş
o n u y o r   o l u r d u k
k ü ç ü l ü r s ü n ü z
k ü ç ü l m e y i n i z
o n a m ı ş l a r m ı ş
o n a r   m ı y m ı ş s ı n
o n a m a z l a r m ı ş
k a p ı y o r l a r   m ı
ö ğ r e n i r l e r   m i
ö ğ r e n m e m i ş l e r
i y i l e ş e c e k   m i y m i ş
o n a m a y a c a k   m ı y d ı
i y i l e ş m e z d i m
o n a m a m ı ş m ı ş ı m
h a t a l a r d ı n ı z
o n u y o r m u ş s u n
o n a m a y a c a ğ ı z
h ü c r e l e r i n d e n
h ü c r e l e r i m i z e
i y i l e ş m e m i ş t i
ö ğ r e n m e m i ş t i n
ç i v i y i m i z d e
d a l g ı n l ı k l a r
k ü ç ü l d ü y d ü n ü z
k ı l k a p a n l a r ı n a
k ı l k a p a n ı n d a n
ö ğ r e n m e l i l e r
k a p a m ı ş   o l a c a ğ ı z
k e l e p ç e m i z d e
k a p a r   m ı y m ı ş ı z
o n a m a y a c a k m ı ş s ı n ı z
k a p a m a z   m ı y d ı n
o n a m a y a c a ğ ı m
k ü ç ü l m ü ş m ü ş ü z
k a p ı y o r   m u y m u ş
f l a ş l a r ı m ı z ı
k a p a m ı ş   o l a c a k t ı n
k e l e p ç e l e r i n
ö ğ r e n m e d i y d i
k ü ç ü l e c e k   o l a c a k   m ı s ı n
i y i l e ş i r   m i y m i ş
i y i l e ş m i ş   o l a c a k t ı
h ü c r e l e r s i n i z
h ü c r e l e r i n i z e
o n a m e l i s i n i z
ö ğ r e n m i y o r d u
k ü m b e t i m i z d e
k a p a m ı y o r s u n u z
k ü ç ü l d ü   m ü y d ü
k ü m b e t l e r i n e
o n a m e l i   m i y i m
m ü m e s s i l l i ğ i n
k e s e r l a r ı m ı z
v a d e l e r i n d e n
k ü m b e t l e r d e n
f r e n l e r i m i z i
k ı l k a p a n ı n ı z a
k ü ç ü l m ü y o r u z
o n a m ı ş   o l a c a k   m ı y d ı
k a p a r   m ı s ı n ı z
ö ğ r e n d i l e r d i
i y i l e ş i r   m i y d i m
k a p a m ı ş   m ı y d ı k
k ü ç ü l ü r   m ü y d ü k
g ü n a h k â r l a r ı
c ü c e l e r m i ş i m
p r o t e s t o n d a n
c ü c e l e r i n i z i
k ü ç ü l m e m e l i   m i
c ü c e l e r i n d e n
s a ğ l a r ı m ı z d a
m ü m e s s i l l i k d e
k ü ç ü l ü r m ü ş ü m
s a ğ l a r m ı ş s ı n
k ü ç ü l e c e k   o l m a y a c a k   m ı s ı n ı z
k ü ç ü l ü y o r   o l a c a k   m ı
p r o t e s t o n u z u
ö ğ r e n m i y o r d u m
f l a ş l a r d ı n ı z
k ı l k a p a n l a r d a
k a p a m ı ş   o l m a y a c a k t ı
i y i l e ş m e d i y d i
k ü ç ü l ü r   m ü y ü m
ö ğ r e n m i y o r s u n
ö ğ r e n i y o r s u n
ö ğ r e n m e z l e r d i
k ü ç ü l m ü ş   o l m a y a c a k   m ı
m ü m e s s i l l i ğ i n
k a p a m a d ı   m ı y d ı
o n a m a l ı l a r   m ı y m ı ş
k ü ç ü l m e m i ş t i n
k ü ç ü l m e m i ş s i n
k ü ç ü l m e z s i n i z
k a r a   t a h t a l a r ı
o n u y o r   m u y d u m
ö ğ r e n i y o r   o l m a y a c a k
o n a m ı ş   o l m a y a c a k t ı k
ö ğ r e n m e d i y d i k
i y i l e ş m e l i l e r
k a p ı y o r l a r m ı ş
ö ğ r e n m i ş t i n i z
o n a m a d ı   m ı y d ı n
k a p a m a y a c a k   m ı y m ı ş s ı n
ö ğ r e n i r l e r m i ş
k a p a m a m e l i y i z
ö ğ r e n m e z d i n i z
g ö t l e r i m i z d e n
d a l g ı n l ı k l a r a
o n a m ı ş   m ı s ı n ı z
i y i l e ş e c e k   m i y m i ş i m
s a ğ l a r ı n ı z d a n
i y i l e ş m e z   m i y d i
o n a m ı y o r   m u y u z
o n u y o r   o l m a z d ı k
h ü c r e l e r i m i z d e
i y i l e ş m i y o r d u n
k a p a m e l i s i n i z
h ü c r e y m i ş s i n i z
ö ğ r e n m e l i y d i m
k ü ç ü l ü y o r   m u y d u
k a p a m a m ı ş   m ı y ı m
ö ğ r e n m i ş s i n i z
g ü n a h k â r l a r d a
k a p ı y o r   o l m a l ı s ı n
i y i l e ş i y o r   o l u r d u
k ı l k a p a n l a r ı n d a
o n a m a z   m ı s ı n ı z
ö ğ r e n m e y e c e k s i n
k a p a m a l ı   m ı y d ı k
ö ğ r e n m i ş   o l m a y a c a k t ı
k a p a m a l ı l a r d ı
i y i l e ş t i l e r d i
k e s e r l a r ı n ı z d a n
k a p a m e l i   m i y i z
k ü ç ü l ü y o r   o l m a l ı   m ı y ı z
k a p a m ı ş   o l a c a ğ ı m
ö ğ r e n e c e k   m i y i z
o n a m a l ı   m ı y m ı ş
i y i l e ş m i y o r d u m
o n a m a m ı ş   m ı y d ı k
k ü ç ü l m ü ş l e r d i
k a p a m a m ı ş   m ı y ı z
k ü ç ü l m ü y o r d u m
i y i l e ş m i ş   o l a c a ğ ı m
ö ğ r e n e c e k l e r d i
k ı l k a p a n ı n ı z d a
k e s e r l a r ı n d a n
ö ğ r e n m i y o r m u ş
k ü m b e t l e r i m i z
k ü ç ü l m e z   m i y m i ş
k ü m b e t l e r i n d e
k ü ç ü l m e y e c e ğ i z
f r e n l e r i m i z i n
ö ğ r e n m i ş   m i s i n
k ü ç ü l m e z   m i y d i k
o n a m a z l a r   m ı y m ı ş
c ü c e l e r i n i z d e
c ü c e l e r i m i z d e
i y i l e ş m i y o r   m u
c ü c e y m i ş s i n i z
i y i l e ş i y o r   o l a c a k s ı n
i y i l e ş m i ş   o l m a y a c a k   m ı
k a p a m a d ı y d ı n ı z
k a p a m ı ş   o l m a y a c a k t ı n
i y i l e ş i y o r   o l a c a k s ı n ı z
i y i l e ş m i ş   m i y d i
f l a ş l a r m ı ş s ı n
ö ğ r e n i r   o l a c a k l a r   m ı y m ı ş
p r o t e s t o s u n d a
k a p a m a m e l i   m i s i n
i y i l e ş i y o r   o l a c a k t ı
ö ğ r e n m i y o r l a r   m ı y m ı ş
k a p a m ı ş   o l m a y a c a k s ı n
k a p a m ı y o r d u n u z
ö ğ r e n m e z   m i y d i k
k ü ç ü l ü y o r   m u y u z
k ü ç ü l ü y o r   m u s u n
k a p a m a l ı l a r   m ı y m ı ş
o n a m ı y o r l a r m ı ş
k a r a   t a h t a n ı z d a
k a p a m ı y o r   m u y m u ş
i y i l e ş m e m e l i l e r
o n a m ı ş   o l m a y a c a k   m ı y d ı m
k ü ç ü l m ü ş   m ü y d ü m
c ü c e l e r m i ş s i n
i y i l e ş m i ş   m i y i z
ö ğ r e n e c e k s i n i z
i y i l e ş m i ş   m i s i n
k a r a   t a h t a s ı n ı n
i y i l e ş i r   m i s i n i z
k a r a   t a h t a n ı z ı n
k ü ç ü l ü y o r d u n u z
m ü m e s s i l l i ğ i n i
k a p ı y o r   o l m a l ı   m ı y m ı ş s ı n
k a p ı y o r l a r   m ı y d ı
i y i l e ş m i y o r d u k
i y i l e ş m e z   m i y i z
i y i l e ş m e y i n i z
i y i l e ş m e m i ş s i n
i y i l e ş m i ş s i n i z
ö ğ r e n m e m e l i   m i y d i
i y i l e ş i y o r   o l a c a k   m ı y ı z
k ü ç ü l ü r   m ü s ü n ü z
ö ğ r e n m e y e c e k   m i y i m
d a l g ı n l ı k l a r d a n
ö ğ r e n m e y e c e ğ i z
d a l g ı n l ı k l a r d a
k ı l k a p a n ı m ı z d a n
ö ğ r e n m e l i l e r   m i
k ü ç ü l ü y o r   o l m a l ı
h ü c r e l e r i n i z i n
i y i l e ş m e d i l e r d i
ö ğ r e n m i ş   o l a c a k t ı k
k ı l k a p a n ı n ı z d a n
ö ğ r e n m e y e c e k m i ş i m
a g n o s t i s i z m l e r
i y i l e ş m e l i y m i ş
ö ğ r e n m i ş l e r m i ş
i y i l e ş m e l i y d i n
o n a m a m a l ı y m ı ş ı z
k e s e r y m ı ş s ı n ı z
k ü ç ü l m e m e l i s i n
y a l a n c ı l ı ğ ı n ı n
o n u y o r   o l m a z d ı n
k e l e p ç e l e r i n i n
ö ğ r e n e c e k   m i y d i k
i y i l e ş t i   m i y d i n
o n a m a m e l i s i n i z
ö ğ r e n m e l i   m i y i z
k e s e r l a r ı m ı z d a
k ü ç ü l m e d i   m i y d i k
k ü ç ü l m e m i ş l e r   m i
i y i l e ş i y o r   o l u r l a r   m ı y d ı
c ü c e l e r i m i z d e n
k a p a m a y a c a k s ı n ı z
ö ğ r e n i y o r l a r d ı
ö ğ r e n i r   o l a c a k m ı ş s ı n ı z
g ü n a h k â r l a r ı n ı
i y i l e ş m e d i m   m i
i y i l e ş m e y e c e k m i ş i z
i y i l e ş m e y e c e k t i n
p r o t e s t o n u z d a n
m ü m e s s i l l i ğ i m i z
p r o t e s t o l a r ı n a
ö z g ü r   y a z ı l ı m ı n a
i y i l e ş i y o r   o l m a y a c a k   m ı y d ı
k a p a m a l ı y m ı ş s ı n
i y i l e ş i y o r   o l m a z   m ı y d ı n ı z
m ü m e s s i l l i k l e r e
ö ğ r e n m e m i ş   m i y i z
k ü ç ü l ü y o r   m u y d u m
k a p a r   o l a c a k m ı ş ı m
i y i l e ş m i y o r   m u y d u k
k ü ç ü l m e l i y d i n i z
k ü ç ü l m e m e l i y d i m
k ü ç ü l m ü y o r s u n u z
o n a m a l ı   m ı y d ı n ı z
k a r a   t a h t a l a r ı n ı n
k ü ç ü l m ü y o r   m u y u z
k a r a   t a h t a l a r ı n ı
o n a m ı ş   o l m a y a c a k   m ı y ı z
o n u y o r   o l m a y a c a k   m ı y ı z
ö ğ r e n e c e k   m i y d i n
ö ğ r e n i r   m i y d i n i z
o n a r   o l m a y a c a k l a r m ı ş
k ü ç ü l ü y o r   o l m a l ı s ı n
i y i l e ş i r   o l a c a k l a r m ı ş
k a p a m ı ş   o l a c a k s ı n ı z
ö ğ r e n i r   o l a c a k   m ı y m ı ş s ı n ı z
i y i l e ş m e d i n i z   m i
k a p a r   o l a c a k m ı ş ı z
k a p a r   o l m a y a c a k m ı ş
k a p ı y o r   o l a c a k   m ı y d ı k
i y i l e ş m e y e c e ğ i m
i y i l e ş e c e k   m i y d i k
k ü ç ü l ü r   m ü y m ü ş ü m
k ü ç ü l e c e k   m i y d i k
ö ğ r e n m e m e l i y d i n
i y i l e ş m i y o r m u ş u m
ö ğ r e n m e m i ş   m i y d i k
o n u y o r   o l m a m a l ı s ı n ı z
ö ğ r e n m e y e c e k l e r   m i y d i
ö ğ r e n i r   o l a c a k m ı ş ı m
i y i l e ş e c e k   m i y d i m
ö ğ r e n e c e k   o l a c a k s ı n
ö ğ r e n m e l i l e r m i ş
ö ğ r e n m e m e l i y m i ş
k a p a m ı ş   o l m a y a c a k   m ı s ı n
ö ğ r e n i y o r m u ş s u n
i y i l e ş m e l i   m i s i n
i y i l e ş m i y o r   m u s u n
k ü ç ü l e c e k   m i s i n i z
ö ğ r e n m i y o r m u ş u m
o n u y o r   o l a c a k t ı n
ö ğ r e n m i y o r s u n u z
m ü m e s s i l l i k l e r d i r
k ü m b e t l e r i n i z i n
i y i l e ş m e d i   m i y d i k
ö ğ r e n i y o r   o l m a l ı
k ı l k a p a n l a r ı m ı z ı
i y i l e ş m e z m i ş s i n
g ü n a h k â r ı n ı z d a n
m ü m e s s i l l i k l e r d e
p r o t e s t o l a r ı n d a
m ü m e s s i l l i k s i n i z
k a r a   t a h t a l a r ı n d a n
p r o t e s t o l a r ı n ı n
k ı l k a p a n l a r ı m ı z a
i y i l e ş i r   o l m a y a c a k l a r m ı ş
k a p ı y o r   o l u r d u n u z
k a r a   t a h t a l a r ı n d a
k a p a m ı ş   o l a c a k   m ı y d ı k
k ü ç ü l m e m e l i s i n i z
k ü ç ü l m ü y o r   m u y d u n
m ü m e s s i l l i ğ i n i z e
i y i l e ş m e y e c e k   m i y m i ş i z
k a p a m a m e l i s i n i z
k a p ı y o r   o l m a z d ı n ı z
i y i l e ş m e z   m i s i n i z
i y i l e ş i y o r   m u y d u m
i y i l e ş m e y e c e k m i ş s i n i z
m ü m e s s i l l i k l e r i m
o n u y o r   o l a c a k l a r
ö ğ r e n i r l e r   m i y m i ş
o n u y o r   o l m a l ı l a r
i y i l e ş m e m i ş   m i y m i ş
k a p a m a d ı   m ı y d ı n ı z
k a p a r   o l m a y a c a k m ı ş ı m
k a r a   t a h t a l a r ı m ı z
k a p ı y o r   m u y m u ş s u n
i y i l e ş m i y o r   m u y d u n
ö ğ r e n i y o r   o l a c a k   m ı
k ü ç ü l m ü y o r m u ş s u n
k a p a r   o l a c a k m ı ş s ı n ı z
y a l a n c ı l ı k l a r ı n a
o n a m ı y o r   m u y m u ş u z
ö ğ r e n i r   m i y m i ş s i n
k ü ç ü l m ü ş   o l m a y a c a k   m ı s ı n
o n a y a c a k   m ı y m ı ş ı z
i y i l e ş m i y o r l a r   m ı y m ı ş
i y i l e ş m i ş   o l a c a k   m ı s ı n ı z
ö ğ r e n m i ş l e r   m i y d i
i y i l e ş m e l i l e r m i ş
i y i l e ş m e y e c e k   m i y d i n i z
i y i l e ş m e l i y d i n i z
o n a m a m a l ı l a r   m ı y d ı
k a p a r   o l m a y a c a k m ı ş s ı n
i y i l e ş m e y e c e k   m i y m i ş i m
ö ğ r e n e c e k   m i y m i ş i z
i y i l e ş e c e k   o l m a y a c a k s ı n
y a l a n c ı l ı k l a r ı n ı
k ü ç ü l m ü ş   o l a c a k t ı
ö ğ r e n m i ş   m i y d i n i z
ö ğ r e n m e l i y m i ş s i n
ö ğ r e n e c e k l e r   m i y d i
i y i l e ş m e l i   m i y d i k
k ü ç ü l m e m e l i   m i y d i k
i y i l e ş m e y e c e k l e r   m i y m i ş
k ü ç ü l ü y o r m u ş u z
o n a y a c a k   o l a c a k s ı n ı z
k ü ç ü l m e m e l i l e r m i ş
i y i l e ş m i ş   o l a c a k   m ı y d ı n ı z
k ü ç ü l ü y o r   m u y m u ş u z
ö ğ r e n m e m e l i   m i y d i k
h ü c r e l e r m i ş s i n i z
ö ğ r e n m i y o r m u ş s u n
a g n o s t i s i z m l e r d e
ö ğ r e n m i ş   o l m a y a c a k
o n a m ı ş   o l a c a k l a r d ı
k a p ı y o r   o l a c a k   m ı y ı z
p r o t e s t o l a r ı m ı z ı
m ü m e s s i l l i k l e r i n e
i y i l e ş i y o r   o l m a z   m ı y d ı
k a p ı y o r   o l a c a k   m ı y d ı
k a p ı y o r   o l m a m a l ı l a r
k ü ç ü l ü y o r   o l m a m a l ı y ı m
i y i l e ş i y o r   m u y m u ş u z
ö ğ r e n e c e k   m i y d i n i z
k ü ç ü l m e l i   m i y d i n i z
k ü ç ü l m e z   m i y m i ş s i n
k ü ç ü l m e z l e r   m i y m i ş
k ü ç ü l m e y e c e k l e r   m i
o n a m a m e l i   m i s i n i z
ö ğ r e n m e m e l i y m i ş i z
k ü ç ü l m e m i ş m i ş s i n i z
ö ğ r e n m e z l e r   m i y m i ş
k a p a r   o l m a y a c a k   m ı y m ı ş ı m
o n u y o r   o l m a y a c a k t ı m
ö ğ r e n m i ş   o l m a y a c a k   m ı y ı z
k ü ç ü l ü y o r   o l m a y a c a k
ö ğ r e n m i ş   o l m a y a c a k t ı n ı z
o n u y o r   o l m a z   m ı y d ı n
k a p a m ı ş   o l a c a k l a r d ı
ö ğ r e n m e m e l i y d i n i z
k ü ç ü l m ü ş   m ü y m ü ş s ü n
y a l a n c ı l ı k l a r ı m ı z
m ü m e s s i l l i k l e r i n i
i y i l e ş i y o r   o l u r d u m
i y i l e ş i y o r   o l u r d u k
ö ğ r e n m e m i ş   m i y m i ş i z
ö ğ r e n m i ş   o l m a y a c a k   m ı y d ı
i y i l e ş i y o r   o l u r d u n
i y i l e ş m e z   m i y d i n i z
ö ğ r e n m i ş   o l a c a k   m ı y d ı n
o n a m a z   m ı y m ı ş s ı n ı z
k ü ç ü l ü y o r   o l m a z d ı m
ö ğ r e n i y o r   o l a c a k t ı m
a g n o s t i s i z m l e r d e n
i y i l e ş m e m e l i   m i y i z
i y i l e ş i r   o l a c a k   m ı y m ı ş s ı n ı z
o n u y o r   o l a c a k l a r d ı
o n a y a c a k   o l a c a k l a r
k ü ç ü l m e y e c e k l e r m i ş
ö ğ r e n e c e k   m i y m i ş s i n
ö z g ü r   y a z ı l ı m ı n d a n
ö ğ r e n i y o r   o l m a m a l ı
k ü ç ü l ü y o r   o l m a l ı y ı z
o n a m a m a l ı l a r   m ı y m ı ş
o n u y o r   o l m a y a c a k   m ı y m ı ş s ı n ı z
k a p ı y o r   o l m a m a l ı y d ı
ö ğ r e n i y o r   o l a c a k s ı n ı z
k a p a r   o l a c a k   m ı y m ı ş ı z
p r o t e s t o l a r ı m ı z d a
p r o t e s t o l a r ı n ı z d a
m ü m e s s i l l i k l e r i n d e
o n u y o r   o l m a m a l ı l a r
ö ğ r e n m e l i   m i y m i ş i m
k a p ı y o r   o l m a y a c a k m ı ş ı z
k a p a m a z   m ı y m ı ş s ı n ı z
ö ğ r e n m i ş   o l a c a k   m ı y d ı n ı z
o n u y o r   o l a c a k   m ı y d ı k
i y i l e ş m e l i l e r   m i y d i
i y i l e ş i y o r   o l m a m a l ı y ı m
i y i l e ş e c e k   o l a c a k l a r   m ı y m ı ş
i y i l e ş m i y o r   m u y m u ş u m
i y i l e ş i y o r   m u y m u ş u m
ö ğ r e n i y o r   o l a c a k m ı ş
m ü m e s s i l l i ğ i m i z d e n
ö ğ r e n i y o r   o l u r l a r d ı
k ı l k a p a n l a r ı n ı z d a n
i y i l e ş m e m e l i   m i y m i ş
k a p ı y o r   o l a c a k m ı ş s ı n ı z
i y i l e ş m e m e l i   m i y d i n
ö ğ r e n i r   o l a c a k   m ı y m ı ş ı m
k ü ç ü l m ü y o r   m u y m u ş u m
k ü ç ü l ü y o r   o l u r   m u y d u
i y i l e ş m e m e l i y m i ş i z
k ü ç ü l m ü y o r   m u y d u n u z
k ü ç ü l m ü y o r   m u y m u ş u z
ö ğ r e n i r   m i y m i ş s i n i z
i y i l e ş m i y o r   m u y m u ş u z
i y i l e ş m e m e l i   m i s i n i z
o n u y o r   o l m a m a l ı   m ı y d ı
o n a a c a k   o l a c a k m ı ş ı m
ö ğ r e n e c e k   o l a c a k m ı ş s ı n
k a p a y a c a k   o l a c a k   m ı
y a l a n c ı l ı k l a r ı n ı z a
ö z g ü r   y a z ı l ı m l a r d a n
i y i l e ş m i ş   o l a c a k   m ı y d ı m
y a l a n c ı l ı k l a r ı m ı z ı
i y i l e ş i y o r l a r   m ı y d ı
i y i l e ş m i ş   o l m a y a c a k   m ı y ı z
k a p a y a c a k   o l a c a k l a r
k ü ç ü l m e m i ş l e r   m i y m i ş
k a p a m a m e l i   m i s i n i z
k a p a m a y a c a k   m ı y d ı n ı z
k ü ç ü l ü y o r   o l m a l ı y m ı ş
i y i l e ş e c e k   o l a c a k m ı ş ı m
o n a m a m ı ş   m ı y m ı ş s ı n ı z
g ü n a h k â r l a r ı n ı z d a n
g ü n a h k â r l a r ı m ı z d a n
p r o t e s t o l a r ı n ı z d a n
k ü ç ü l ü y o r   o l m a z l a r d ı
o n a y a c a k   o l a c a k   m ı y ı z
k a p ı y o r   o l a c a k   m ı y m ı ş s ı n
k a p a m a l ı   m ı y m ı ş s ı n ı z
k ü ç ü l m e m e l i   m i y m i ş i z
k ü ç ü l m e m e l i   m i y d i n i z
ö ğ r e n m i ş   o l m a y a c a ğ ı m
ö ğ r e n m i ş   o l m a y a c a ğ ı z
ö ğ r e n m e m e l i   m i y m i ş i m
ö ğ r e n m e m i ş   m i y m i ş s i n
o n u y o r   o l m a m a l ı   m ı y d ı k
y a l a n c ı l ı k l a r ı m ı z d a
k ü ç ü l m ü y o r   m u y m u ş s u n
i y i l e ş e c e k   o l a c a k l a r
i y i l e ş i y o r l a r   m ı y m ı ş
o n a y a c a k   o l m a y a c a ğ ı z
k a p ı y o r   o l m a y a c a k   m ı y d ı
k a p a y a c a k   o l a c a k   m ı y ı m
k ü ç ü l ü y o r   o l m a l ı l a r d ı
i y i l e ş i r   o l m a y a c a k m ı ş ı m
k ü ç ü l ü y o r   o l m a m a l ı   m ı
ö ğ r e n i y o r   o l a c a k   m ı y ı z
i y i l e ş m e m i ş m i ş s i n i z
k ü ç ü l m e m i ş   m i y m i ş s i n
i y i l e ş e c e k   o l a c a k   m ı y m ı ş s ı n ı z
o n u y o r   o l m a z l a r   m ı y d ı
o n a a c a k   o l m a y a c a k m ı ş
k ü ç ü l m e m e l i l e r   m i y m i ş
k ü ç ü l ü y o r   o l m a y a c a k   m ı y d ı k
k a p a a c a k   o l a c a k   m ı y m ı ş
o n u y o r   o l m a m a l ı l a r   m ı
ö ğ r e n m e y e c e k   m i y d i n i z
k a p a y a c a k   o l a c a k   m ı s ı n
ö ğ r e n i y o r   o l a c a k m ı ş ı z
i y i l e ş i y o r   o l u r   m u y d u n u z
i y i l e ş e c e k   o l a c a k   m ı y ı z
k ü ç ü l ü y o r   o l m a l ı y d ı n ı z
k ü ç ü l ü r   o l a c a k   m ı y m ı ş ı z
i y i l e ş m e m e l i   m i y m i ş i z
k a p ı y o r   o l m a y a c a k   m ı y m ı ş s ı n ı z
k ü ç ü l m ü ş   o l m a y a c a k l a r
ö ğ r e n m e m i ş   m i y m i ş s i n i z
i y i l e ş i y o r   o l m a y a c a k l a r d ı
k ü ç ü l e c e k   o l m a y a c a ğ ı m
k ü ç ü l e c e k   o l m a y a c a ğ ı z
k ü ç ü l ü y o r   o l a c a k m ı ş ı m
o n u y o r   o l m a m a l ı l a r m ı ş
i y i l e ş i y o r   o l m a m a l ı   m ı
k ü ç ü l ü y o r   o l m a l ı   m ı y d ı n
ö ğ r e n e c e k   o l a c a k   m ı y m ı ş
ö ğ r e n i y o r   o l m a m a l ı y ı m
ö ğ r e n i y o r   o l a c a k   m ı y d ı n
i y i l e ş i y o r   o l a c a k l a r d ı
k ü ç ü l ü y o r   o l m a y a c a k t ı n
i y i l e ş e c e k   o l m a y a c a k   m ı y m ı ş s ı n ı z
k ü ç ü l ü y o r   o l m a l ı   m ı y d ı
ö ğ r e n i y o r   o l m a l ı   m ı y m ı ş
ö ğ r e n e c e k   o l a c a k l a r m ı ş
o n a a c a k   o l m a y a c a k   m ı y m ı ş ı z
k ü ç ü l ü y o r   o l a c a k   m ı y d ı n
i y i l e ş i y o r   o l m a l ı   m ı y ı m
i y i l e ş i y o r   o l m a l ı l a r   m ı
k a p a y a c a k   o l m a y a c a k l a r
i y i l e ş e c e k   o l m a y a c a ğ ı z
k a p ı y o r   o l m a m a l ı l a r   m ı y m ı ş
o n u y o r   o l a c a k l a r   m ı y m ı ş
ö z g ü r   y a z ı l ı m l a r ı m ı z d a
o n u y o r   o l m a l ı l a r   m ı y m ı ş
ö ğ r e n m i ş   o l m a y a c a k l a r d ı
ö ğ r e n m i y o r   m u y m u ş s u n u z
k ü ç ü l ü y o r   o l a c a k   m ı y m ı ş s ı n
ö ğ r e n i y o r   o l m a l ı y m ı ş ı z
ö ğ r e n i r   o l m a y a c a k m ı ş s ı n
ö ğ r e n i y o r   o l m a l ı y d ı n ı z
k ü ç ü l e c e k   o l a c a k   m ı y m ı ş s ı n
k ü ç ü l m ü ş   o l m a y a c a k s ı n ı z
e k l e m e s i z d i m
e k l e m e s i z   d e ğ i l   m i y d i ?
e k l e m e s i z   m i y i m ?
e k l e m e s i z   d e ğ i l   m i y m i ş s i n ?
e k l e m e s i z l e r   m i ?
e k l e m e s i z   m i s i n ?
e k l e m e s i z   d e ğ i l m i ş i z
e k l e m e s i z   d e ğ i l d i n
e k l e m e s i z   m i ?
e k l e m e s i z d i k
e k l e m e s i z   m i y d i n i z ?
e k l e m e s i z   m i y d i l e r ?
e k l e m e s i z   m i s i n i z ?
i y i l e ş i y o r   o l m a l ı l a r m ı ş
ö ğ r e n i y o r   o l m a y a c a k   m ı y d ı
i y i l e ş m e m i ş   m i y m i ş s i n i z
ö z g ü r   y a z ı l ı m l a r ı n ı z d a n
i y i l e ş i y o r   o l m a m a l ı y d ı k
k ü ç ü l ü y o r   o l m a y a c a k   m ı y d ı
i y i l e ş i y o r   o l m a m a l ı l a r d ı
i y i l e ş i y o r   o l m a y a c a k   m ı s ı n ı z
i y i l e ş i y o r   o l m a y a c a k   m ı y d ı m
ö ğ r e n i y o r   o l m a l ı   m ı s ı n ı z
k ü ç ü l m ü ş   o l m a y a c a k l a r d ı
o n u y o r   o l m a m a l ı l a r   m ı y d ı
o n a a c a k   o l m a y a c a k m ı ş s ı n
ö ğ r e n i r   o l m a y a c a k   m ı y m ı ş s ı n ı z
k a p a y a c a k   o l m a y a c a k s ı n ı z
ö ğ r e n i y o r   o l m a y a c a k   m ı y d ı m
k a p ı y o r   o l m a m a l ı   m ı y m ı ş s ı n
k a p a a c a k   o l m a y a c a k   m ı y m ı ş
k a p a y a c a k   o l m a y a c a k   m ı y ı m
k ü ç ü l ü y o r   o l m a y a c a k   m ı y d ı n
k a p a a c a k   o l m a y a c a k l a r m ı ş
i y i l e ş i y o r   o l a c a k m ı ş s ı n ı z
i y i l e ş i y o r   o l m a y a c a k   m ı y m ı ş s ı n
k ü ç ü l ü y o r   o l m a m a l ı   m ı y d ı n
k ü ç ü l e c e k   o l a c a k l a r   m ı y m ı ş
ö ğ r e n e c e k   o l a c a k   m ı y m ı ş s ı n ı z
o l a y   g ü d ü m l ü   p r o g r a m l a m a s ı
k ü ç ü l ü y o r   o l m a l ı   m ı y m ı ş s ı n
o n u y o r   o l m a m a l ı l a r   m ı y m ı ş
i y i l e ş e c e k   o l a c a k   m ı y m ı ş ı m
i y i l e ş i y o r   o l m a y a c a k t ı n ı z
ö ğ r e n i y o r   o l m a y a c a k   m ı y m ı ş s ı n
k ü ç ü l e c e k   o l m a y a c a k l a r   m ı y m ı ş
k ü ç ü l e c e k   o l m a y a c a k   m ı y m ı ş s ı n
k ü ç ü l e c e k   o l m a y a c a k l a r m ı ş
i y i l e ş i y o r   o l m a m a l ı y m ı ş ı m
i y i l e ş i y o r   o l m a m a l ı y m ı ş ı z
ö ğ r e n i r   o l m a y a c a k m ı ş s ı n ı z
i y i l e ş i y o r   o l m a l ı   m ı y d ı n ı z
o n a a c a k   o l m a y a c a k   m ı y m ı ş ı m
ö ğ r e n e c e k   o l m a y a c a k   m ı y m ı ş s ı n ı z
o l a y   g ü d ü m l ü   p r o g r a m l a m a n ı
k ü ç ü l ü y o r   o l m a m a l ı   m ı s ı n ı z
k ü ç ü l ü y o r   o l m a y a c a k   m ı y d ı n ı z
i y i l e ş i y o r   o l a c a k   m ı y m ı ş s ı n ı z
i y i l e ş e c e k   o l m a y a c a k   m ı y m ı ş ı z
k ü ç ü l ü y o r   o l m a m a l ı   m ı y m ı ş ı z
o l a y   g ü d ü m l ü   p r o g r a m l a m a n ı n
i y i l e ş i y o r   o l m a l ı y m ı ş s ı n ı z
ö ğ r e n i y o r   o l m a y a c a k   m ı y m ı ş ı m
k ü ç ü l ü y o r   o l m a m a l ı l a r   m ı y m ı ş
k ü ç ü l e c e k   o l m a y a c a k   m ı y m ı ş s ı n ı z
i y i l e ş i y o r   o l m a m a l ı   m ı y m ı ş ı z
ö ğ r e n i y o r   o l m a l ı   m ı y m ı ş s ı n ı z
k ü ç ü l e c e k   o l m a y a c a k   m ı y m ı ş ı z
o l a y   g ü d ü m l ü   p r o g r a m l a m a m ı z a
i y i l e ş e c e k   o l m a y a c a k   m ı y m ı ş ı m
o l a y   g ü d ü m l ü   p r o g r a m l a m a s ı n ı n
o l a y   g ü d ü m l ü   p r o g r a m l a m a l a r ı n d a
o n a m ı y o r l a r   m ı y m ı ş
o l a y   g ü d ü m l ü   p r o g r a m l a m a l a r ı n d a n
ö ğ r e n i y o r   o l m a y a c a k   m ı y m ı ş s ı n ı z
o l a y   g ü d ü m l ü   p r o g r a m l a m a y a
k a p ı y o r   o l a c a k   m ı s ı n
o l a y   g ü d ü m l ü   p r o g r a m l a m a l a r ı n ı z ı n
o n a m a y a c a k   m ı y m ı ş
i y i l e ş m e m e l i y i m
o l a y   g ü d ü m l ü   p r o g r a m l a m a y ı
i y i l e ş i r   o l a c a k m ı ş
o n a m ı ş   o l m a y a c a k   m ı y d ı n ı z
i y i l e ş i r   o l m a y a c a k   m ı y m ı ş
k a p ı y o r   o l m a y a c a k   m ı y m ı ş s ı n
k a p a y a c a k   o l m a y a c a k   m ı s ı n
