n o a n
d i o g u
d a g i
e s a k
d e z a
d e z a k e k
z a i t z a
z a k a r t z a
z a k a r k i e a t
z a k a r k i e k
z a k a r t z a t e
z a k a r t z a t
d a r o a z u
h i n t z a
z a k a r r e a t
d a k a r k
e s a z u e
z a r o a a t
d a g i k
z a g o z k i o
d i o z
z a g o z k i t
h i n d e r o a
z e n e k a r z k i g u
z a g o k e k
l e g i
e s a d a z u e
z o a z k i g u
z o a k i g u n
h a z a g u
g o a z k i o k
z a g o z k i e
z a g o z k i o k e
n e k a r k i e a n
z a i n
n e k a r z k i n a k e
z e k a r t e a n
h e k a r k i o k e
z a k a r z k i g u k
n e k a r t z a a n
z e n e g i z k i g u
d a k a r z k i g u
z e k a r t z a a n
d a k a r k i o g u
z a k a r t z a n a t
d a k a r z k i o n
z e k a r z k i g u n
z e n i o t s e z e n
b e k a r z k i k
d a k a r k i g u z u
h e k a r z k i d a n
d a k a r z k i d a k
z a k a r k i e n a g u
b e k a r k i z u t e
z e k a r k i e t e a n
d a k a r k i z u t e
l e k a r z k i e t e
n e k a r k i z u n
l e k i
n e k a r z k i z u n
z a g o z k i e t e
z e k a r z k i n a k e e n
e k a r r i e n
z e k a r k i e t e n
e k a r z k i o n
h e k a r z k i d a k e e n
d a k a r z k i e z u e
d a k a r k i d a n
b e k a r z k i a t e
l e k a r z k i a k e t e
e k a r d a k
h e k a r k i e k e e n
l e k a r z k i z u t e
d a k a r z k i n a t e
g e u n d e k e
z e k a r k i e k e e n
z e k a r k i e t e n a n
l e k a r z k i o t e
n e k a r r e a n
z e k a r z k i n a t e n
z e k a r z k i o k e e n
z e k a r z k i z u t e n
e k a r z k i e z u
l e k a r z k i o k e t e
d a k a r z k i z u g u
z e k a r z k i o t e n a n
z a g o z k i e k e t e
z e k a r k i z u e k e t e n
n e k a r z k i e n a n
z e k a r z k i g u t e n a n
z e k a r k i d a t e n a n
l e k a r k i o
d a r i o
d a k a r t z a t
h i o t s o
b i o
z e k a r k i a n
z e n e k a r k i t
z a i o
n i t z a
h e k a r
e g i n
n e r o a
d a k a r k i o t
l e k a r t z a
n e k a r k i o
h a t z a i e
b i e z a i o
n e z a k e
n e k a r k e
h i n d e r r a i g u n
d a r o a g u
n e k a r k i n
z i n t z a
b e r i n
l e k a r k i z u
d a k a r t e
b e u d e
d a k a r k i o n
d a r i n
n a k a r t e
n e g i n
b e k a r k i g u
g a k a r t z a
d e g i n a t
n i t z a n
d a k a r k i e z u e
h a r r a i o
l i e z a n
n e k a r z k i e
n e k a r k i a k e
d a t e k e
z e n e g i
n i o t s o
z e k a r k i o n
n a k a r
h e r o a k e
d i h o a k i o
z a k a r k i d a n
z a k a r k i e n
z a r a
l e k a r k i t
d a k a r z k i t
z i o n a n
h i n t z a t
h e g i o
d a k a r k i g u
l e k a r k i e k e
b i o s k u
d i o t s e t
n a g o k i e
z a k i a t
h e k a r k i e k e
d i o s t
b e k a r k i n a t e
d e g i g u k
l e k a r k i a t e
b i t z a t e
g i n d o a z
g a k a r t z a n
b e g i a t e
d a r i z u
b e z a
n a r o a z u
n i n d o a
d a k a r k i g u n
z a k a r k i o n
l i h o a k i k
n e k a r k i e k e
l i h o a k i z u e
l i t z a t e
d e g i a t
l e r o a t e
h e n g o k i e
e s a i e k
d a r i g u
z i o z a k
h a i z
n i n t z a i k
z e n i o k e z e n
d a r o a t z a k
l i o t s u
z e n e k a r k i o
d e g i e t
d i o t s u e t
l e k a r k i o k e t e
h i n t z a i e
h e g i g u
b i e z a z k i o
g e n i o z
h i t z a k e e n
z i h o a z k i o n
n i n t z a i o n
z e n e r o a n
n i n t z a i o
n a r o a z u e
l i o k e z
d a r o a t z a t
l i h o a z k i t
l i e z a d a k e
l i h o a z k i o
b i e z a z u t e
z i o z e n
h a z a t e
d e g i d a n
b i e z a g u t e
b i e z a z u e
z e g i o n
h i n d o a n
l i h o a z k i g u
g e n i e z a i o
h e n g o k i t
n e g i e n
z a u d e k e
g e n e z a n
b e g i e t e
g i n t z a t e
g o a z k e
z a g o k i e n
h i n t z a i e n
d i e z a k
d i o z u
z e n i o e n
g e n e k a r k i n
d i e z a n
d i e z a t
l i e z a z k i n a t e
h e g i o n
d i e z a d a k
h a t z a i t
b i o t s u
l i t z a i z k i e
n o a k i o n
z i n t z a t e t
n i n d o a k i e
z e r i o a n
z e r i z u n
l i e z a z k i n a k e t e
l i t z a i z k i k
d i o t s e n
d a k i k e g u
z i o s t a k
l i t z a i z k i e k e
d i e z a d a n
d i t z a z u
l i e z a g u k e t e
l i e z a a k e t e
n a g o k i o
h i n d o a k i t
z a k i n
