z i o s k u k e t e z e n
z a t z a i z k i e
l i t z a i o k e n
l i t z a i o k e k
l i t z a i z k i g u k e n
z i t z a i z k i d a k e a n
l i t z a i z k i e k e n
z a i z k i e k e
l i t z a i z k i o k e k
l i t z a i z k i d a k e k
n i n t z a i o k e n
z e g i o n a t
h e k a r z k i t
z i o g u z a k
g e n i e z a z k i n a n
g a u d e k
z a g o z k i e
l e u d e k e k
n e n g o k e n a n
z i t z a k e t e k
l i e z a z u e t e
z i e z a z k i o k e t e a n
z i e z a z k i g u k e k
d i e z a g u k e
n e z a k e n a n
z e n i e z a i e n
z i e z a z k i d a k e n a n
d i e z a z k i o k e k
l i e z a z k i g u k e n
d i e z a z k i g u k e
g e n e z a k e k
d i e z a a k e
n i e z a n a k e e n
g i n t z a k e a n
d e z a k e
l e z a k e t e k
z a i t z a k e t e t e
d e z a k e z u
l i e z a i e k e n
g e n i t z a k e a n
z i n t z a t e
z i t z a k e t e a n
z i e z a i e k e t e a n
d i e z a z k i a k e
n e z a k e k
z i t z a k e n a n
z i e z a z k i d a k e t e n a n
d i e z a z k i e k e g u
g i n t z a k e n a n
l i e z a i o k e t e n
z i e z a i o k e n a g u
d i e z a z k i e k e z u
n i e z a i e k e n a n
g e n i e z a z k i o k e k
h i n t z a d a n
z i e z a d a k e t e k
d i t z a k e z u e
l i e z a i o k e k
z i e z a z k i e k e t e n
l i e z a g u k e n
g e n i t z a k e k
d i e z a z k i d a k e
l i e z a z k i e k e k
z i e z a i o k e a n
h i e z a i e
h a z a k e t
l i e z a z k i e k e t e n
d i e z a z k i o k e t
z i e z a g u k e n a n
z i e z a z k i d a k e k
l i e z a z k i o k e n
n i e z a i e k e k
h a z a k e
z i e z a i e k e t e n
b i e z a z k i z u t e
l i e z a d a k e k
d i e z a z k i n a k e g u
d i e z a z k i n a k e t
z i t z a k e n a t
z i e z a i e k e n a g u
n e z a k e a n
g a i t z a k e
z a i t z a t e t e
z i n t z a t e
l i e z a z k i d a k e t e n a n
d i e z a z u e k e t
z i e z a d a k e t e n
g a i t z a k e k
z i e z a d a k e t e a n
z i e z a i e k e t e k
d i e z a z k i d a k e z u e
g a i t z a k e t e k
d i e z a d a k e
d i e z a z k i z u k e t e
n a z a k e n
d i e z a i o k e k
b i e z a z k i z u
z i e z a z k i e k e n
z i e z a z k i e k e k
d i e z a a k e t e
z i t z a k e k
z e n i e z a z k i e k e t e
n i e z a n a k e
z i n d e k a r z t e
h i n d e k a r d a n
z e k a r z k i g u n a n
n i n d e k a r k e n
z a k a r z t e t e
n e k a r z k i e k e e n
z e k a r z k i o n a n
n a k a r t e n
z e n e k a r z k i e k e t e
b e k a r z k i z u
h e k a r k i e
z e n e k a r k i e n
n a k a r r e n
z a k a r r e n a t
n e k a r z k i o a n
n e k a r k i n a k e
d a k i z k i k e g u
z e n e g i k e e n
z a t z a i z k i e k e t e
z i e z a z k i n a k e e n
d a r a k u s k i
g e n i o s a z e n
z e n e r a k u t s a n
l i t z a t e k e
n i o t s e z a n a n
z e g i z k i o n a n
z e n e g i z k i e k e t e
z e g i z k i g u n a n
b e g i z k i z u t e
l e g i z u e t e
n e g i n a k e
d e g i z u e t e
b e g i z k i z u
z a g i n a t
g i n d e r o a t z a k e k
z i h o a z e n
z i o t s e d a z a n
z i o g u z a n
d a k i z k i k e z u e
z a k i n a t
z e n i e z a z k i o t e
z i n d e r r a i z k i d a k e t e n
z i t z a i z k i d a n a n
z i o d a z a n
z e n e r a k u t s a z k e e n
g i n d e k a r t z a k e n
d a r a k u t s a g u
g i n d e r r a i z k i o k e e n
e r a k u t s a z k i d a z u e
z i n d e r r a i z k i o t e n
z a i z k i n a k e
n i o s n a k e
z e n i o t s o n
z i o n a t
n i o t s o z a a n
n i o t s e k e z e n
z e n i o t s e k e t e z
d i o t s u e t e
n i o s n a k e e n
z i n d e r r a i z k i d a k e e n
g i n d e r o a t z a k e z u e n
z e n i e z a z k i d a t e n
g i n d e r r a i z k i n a k e
g i n d e r r a i z k i z u k e
z i e z a z k i z u e k e t e n
z i n t z a t e g u n
g i n d o a z k e n a n
g e n e k a r z k i n a k e
z e n e g i z k i g u k e e n
l i e z a z k i a t e
n i n d e r r a i z u k e e n
l i e z a z k i g u t e
h i n d e r o a d a n
n i n d e r o a a n
g i n d e r o a t z a k e n a n
z a r o a z t e t e
z a r o a n a t
g i n d e r r a i z k i a k e
g i n d e k a r t z a k e z u e
z i h o a z k e a n
z i h o a z k i d a k e a n
g o a z k e n
n i n d o a k e n a n
z o a z k i e
z e g i z k i z u e k e t e n
g e n i e z a n a k e e n
g e n e g i z k i e k e e n
g i n t z a i z k i e k e a n
z e n i t z a n
z a i z k i g u k e
z i t z a i z k i o k e a n
g i n t z a i z k i e n a n
z e n g o z k i o k e t e n
z e g i z k i g u k e t e n
e r a k u t s a z k i d a k
n i n d e r r a i z u e k e
z i h o a z k i g u k e a n
z e n i e z a z k i e k e e n
z e g i z k i z u e k e e n
g a t z a i z k i o k e k
g i n d e r o a t z a n a n
z i n d e r r a i z k i e n
n e r a k u s k i e n
z e g i z k i o n a g u
z i o t s e z a a n
z i n d e r r a i z k i o n
h e n g o k i d a k e e n
z i h o a z k i e k e n a n
z e g i z k i d a k e e n
z e n i o t s e k e z
z i h o a z k i d a n a n
d i o t s u e g u z
z e n i o s t
n e n g o k i e k e n a n
z i o t s e k e t e z e n
h e r a k u t s a z k e
z i e z a z k i z u k e t e n
z e n i e z a z k i g u k e e n
z i o t s o z a a n
z e n i o s t a t e z e n
z a g o z k i g u k e t e
z i t z a i z k i e n a n
l e r r a i z k i d a k e
z e n i o t s e t e z e n
l e g i z k i g u k e t e
z e n e r a k u s k e
z e r o a t z a k e t e n
g e n e k a r k i a k e e n
z e g i z k i e t e n a n
z o a z k i g u k e k
z i t z a i z k i g u n
n i o s n a
d e g i z k i g u z u e
z e n i o s t a k e z e n
z i h o a z k i g u n a n
z e r o a t z a t e n a n
g a t z a i z k i e k e
z a i z k i g u k e k
z e n e g i z k i o k e t e
z a r r a i z k i g u t e
z e r i z k i z u k e e n
g e n e r o a t z a a n
z i o t s u e k e t e n
z e n e r a k u t s a z
l i o s k u t e z
z i t z a i z k i z u e n
d i e z a z k i z u t e
