z a g o z k i d a n
d e g i z k i d a z u
z e r i z k i o n
z i h o a z k i o k e n a n
z e n i o k e t e z
i e z a i o n
d i e z a z k i z u e t e
e r o a z u
z a i e k e
z i n t z a i z k i e t e
l i e z a z k i g u k e
z e n e k a r k i o k e e n
g i n d e k a r t z a a n
z e g i z k i e t e a n
g i n t z a
l e g i o
z i n d e k a r z k e t e g u
l e g o z k i g u k e
n i n d o a k i z u
h i n d e k a r
l e g i z u
h e k a r k i g u k e
n i n d e k a r k e n a n
l e k a r z k i d a k e
l e k a r k i e t e
z a r o a z t e g u
z i n d e r o a t z a k e g u
d i e z a i o k e z u e
b e k a r t z a t e
d i o s t a n
g i n d e k a r t z a t e a n
z e g i g u n
g e n e k a r k i z u e k e
l e k a r k i e
h i e z a z k i d a n
z e n g o z k i d a k e t e n
d a k a r z k i e t
n i e z a z k i o k e k
z e n e z a t e
g e n e k a r k i e a n
z i e z a i o k e n
z a i a k e
g i n t z a i z k i n a k e
z e n i e z a z k i e t e n
h e n g o k i o n
g e n e g i a k e e n
n i n t z a i z u e n
z e u n d e n
z i e z a a k e t e n
z i e z a z k i e k e a t
l i o s t a k e
b e g i t
g e n e r o a t z a n a n
z a i t z a k e t e g u
z e n i t z a t e n
g e n e k a r k i o
g a t z a i z k i o
g e n i o t s o a n
z a g o z k i d a k e k
l e g i z k i o k e t e
z e n i o s k u k e z
g i n t z a k e z u n
z e g i e t e k
n i o s n a z
z e g i z k i z u k e t e n
d i e z a z k i z u e k e t
z e r r a i e k e e n
z a i z k i z u e k e
e z a z u
n i o k e
n e g i z u e k e e n
z o a z k i g u t e
h e k i z k i
n i n t z e n
n i n t z a k e t e
n i n d e r o a
l i e z a z k i n a k e
l i o t s o
z i o t e z e n
g e n e k a r k i e
h e r o a t z a n
z e g i e a g u
g e n e k a r k i z u n
l e r r a i z k i k
z e u d e n
d i e z a z k i a t
z e r i e k e e n
l e g i z k i z u k e
d e z a t e
l i e z a z k i g u k e t e a n
l i e z a z k i n a t e
z i o t e z a n a n
g a g o z k i e
h e g i k e
z i e z a a k e e n
z a i d a n
n o a k i o k
z i e z a i e k e e n
z i o s t a t e n a n
h i n d e r r a i g u k e
