z e k a r z k i e n a n
z i t z a i z k i n a k e e n
z e n i e z a i o k e t e n
z e n e r o a t z a k e t e
h i e z a i o k e
d a r i z k i z u e
z e g i z k i e k e e n
g e n i o s n a z e n
z i t z a i z k i g u k e n a n
n i n t z a i e a n
g a t z a i z k i o k e n
g e n i e z a z k i e k e
g i n t z a n a n
z a i g u k e
d i e z a i o t
l e r i z k i d a k e
b i e z a z k i z u e t e
z i h o a k i g u k e e n
z i e z a i o k e t e n
d a k a r z k i z u t e
z e g o k i n a k e e n
d i e z a z k i z u k e g u
g i n d e k a r t z a k e z u n
l i e z a z k i a k e
l i e z a z u e
z i e z a d a k e k
z e r a k u s k i t e n
b e r r a i g u
g e n i o a n
d a k a r k i e n
g e n e g i e n a n
z i o s k u z a n
z e g i g u t e n a n
n e g i k e
g o a z k e k
l i t z a i g u
z a r e t e
z e g o z k i d a k e e n
d i h o a k i z u e k e
d a k i k e t e
n i e z a z u e n
z e g o n a n
z i n d o a z k e t e n
z e g o z k i d a n a n
z i o s n a n
h i n t z a t e
z i e z a i e k e n
g i n d e r o a t z a z u
n e k a r z k i o k e e n
z e n i e z a d a k e t e n
z e n i o t s e k e
z i t z a i z k i z u k e e n
z a r r a i z k i e t e
g i n t z a i z k i o k e e n
b i e z a z k i g u t e
z e k a r k i e n
e k a r z k i o z u
g e n e k a r k i o k e e n
d a k a r k i n
l i e z a a k e
g e u n d e
l i t z a i g u k e
h e k a r t z a k e
b e r o a t e
z e n e k a r k i g u t e n
d e g i z k i g u k
z e r r a i z k i g u k e e n
g e n i e z a z k i z u e n
n i o t s u k e e n
g a t z a i z k i a k e
g e n i e z a z k i e n
d i e z a z k i e
n i n t z a i e k e n
z e n i e z a z k i g u k e
d i e z a z u e k e g u
l i e z a i o k e t e k
b e r r a i z k i z u e
d i t z a k e k
n a r o a n
n e n g o k i o k e
z e n i o t s e k e t e z e n
z a g i t z a n a t
l e z a k e n
h o a k e
z e n i o t s o z
z e k a r z k i a n
z e n i t z a k e e n
h a k a r t e
g i n t z a k
l e k a r z k i z u
z e n i e z a i e k e
d a r o a t z a n
z o a z k i o t e
z e z a k e t e n
z i o s t a t e z a k
n i n t z a k
z i n t z a k e g u n
l e g o k i z u e
g e n i e z a a k e
n a z a k e z u e
