n e r o a k e
l i t z a i z k i o k e n
l i o t s a a t e z
g i n d e r r a i z k i n
l i e z a z u t e
z e k a r k i d a k e t e n
z i e z a i e k e n a n
l e r i z k i e k e
l e k a r
z e k a r r e a n
l i t z a k e t e n
l i o s k u k e t e z
b i e z a z k i z u e
b e g i z k i a t e
z a k a r z k i d a k
l e g i z k i d a t e
z i o k
z e k a r z k i e t e n a n
e g i z k i d a n
g e n e k a r z k i n a k e e n
z i o s n a z e n
z e g o k i d a n
z i o t s e t e n a n
g e n i e z a z k i o k e
z i n d e k a r t z a k e g u n
z a i z k i d a k e
g i n d e r o a t z a t e n
g e n g o z k i z u
z o a k i o k
z a g o k
n i n t z a i z u k e e n
h o a k i t
z e k a r z k i n a n
z i o s t a t e z a n a n
z e n i e z a i e
z i o t s o d a z a k
d i o t s o g u
z e n e k a r k i e
g e n e g i z k i o
n i o t s a a k e z e n
l i t z a k e t e k
d a k a r z k i n a g u
i e z a d a n
z e n e g i e t e
z i n d o a z k i o k e
l e g i a k e
l i o t s a a k e t e
e r a k u s k u k
z i n d e r o a z t e g u
l i h o a z k i z u
z i e z a i o k e a g u
z i r e n
z e z a k e n a t
z e g i o n
l i o t s u k e z
z e g i e n
b i o s k u t e
z e g o k i e k e a n
l e g i z k i n a t e
z a i z u
z i h o a z k e n a n
h i o s k u k e
z i n d o a z k i g u k e t e n
z e r r a i z k i z u e k e e n
g e n e g i e n
d i o t s o d a z
l e g o k i o k e
h e n g o k i o k e
l i e z a z k i o k e t e k
d a k a r z u e
z i n t z a i z k i o k e t e
z i n d e k a r t z a k e t
g e n i o t s o
n e r o a t z a a n
e s a i e n
l e r o a k e t e
l e g o z k i z u e k e
z e n e g i z k i d a k e t e n
l e r o a t z a k e
z e k i z k i n a n
z i t z a i a n
z i n a t e k e t e n
z i n d e r o a t z a k e d a n
l e k a r k i z u e
g a k a r t z a t e
d i h o a k i z u
d a k i z u e
z i e z a z k i e k e e n
z e g i z k i d a n
n a z a k e n
z e g o k i o n a n
z e g o k e e n
g e n e g i z k i z u e k e
z i n d e k a r t z a d a n
h e r o a t z a k e e n
n i e z a i e n
g i n d e k a r t z a
z i o t e z a k
g i n t z a i z k i e a n
g i n d o a z k i o a n
