g e n e r o a t z a k e
n a t z a i k
z e k a r z k i o t e a n
d a k a r z k i e z u
e r o a z u e
z i n d e k a r t z a k e t e
z i o t s u e t e z e n
z i n d e r r a i z k i g u k e
d i e z a i e
z e n e k a r z k i e t e n
g e n i o k e z e n
d a g o k i n a k e
z i e z a g u k e t e a n
b i e z a t
z i o s t a k e t e z e n
n e g i z u n
h i e z a d a n
d i e z a i o z u
z e r r a i g u n
z e n e k a r z k i d a n
z i o t s e n
g e n g o z k i z u n
g e n e g i t z a k e
d i o t s o z u z
g i n d e k a r t z a k e t e n
z a r r a i z k i o t e
h a g o k i g u
z e n e k a r z k i g u k e t e
z i e z a g u k e t e n
g a g o z k i o
d i e z a z k i o k e g u
d i o s n a g u
z e n i e z a z k i g u k e t e
z e n i e z a z k i o
h e r a k u t s a k e e n
l i h o a z k i z u k e
h i n d e r o a t e n
g i n a
h o a k i g u k e
d a r r a i z k i n
z e g o z k i z u e n
d i e z a z k i e k e z u e
l e k a r z k i o k e
l e k a r z k i g u k e t e
z e k a r k e t e n
h i n d e r o a k e g u n
z a k a r t z a a t
b e k a r k i d a t e
l e k i z k i t e
z a r r a i z k i t
z e n e r a k u s k e e n
h e n g o k i e k e
n i n t z a i n a k e
b e r a k u t s a t e
z e n i e z a i e t e
h e k a r z k i g u k e
z e g o k e n a n
n i n d e r o a k e z u n
d a g o k i e k e
l e g i g u k e
z o a n
e z a n
h e z a k e e n
l e r i o
g e n i o k e z
g i n t z a i z k i o a n
n i n d o a k i o k e a n
z e g i z k i g u n
d e g i z k i g u z u
z i o s a t e z e n
d i e z a i o k e z u
d i r a t e k e
l e g i z k i g u
z e n e r o a t z a t e n
n a z a k e k
z i n d o a z k i d a k e
e k a r n a
z e k i a n
n e g i e k e e n
d o a
d i t z a k
d a
e k a r r i o z u
d a g o k i z u e k e
z a k e r t e n
g a i t z a n
l e k a r t z a k e
e k a r z k i e k
z o a z k i e t e
d a k i z k i t e
l i o t s u k e t e z
z a r o a t z a t
z a g i k
z a i z k i g u k
z i t z a k e a n
g e n i e z a n
z a r i g u n
n i n d e r r a i e k e e n
l e g i z k i z u
d i e z a z k i z u e k e t e
