g a u d e
z e n e g i z k i e t e n
n o a k i e n
z a r r a i z k i e n
z a g i a t
d e g i z k i z u
d i e z a z k i d a k e z u
n i n t z a k e t e k
g e n e k a r k i a k e
e g i g u n
l i h o a z k i g u k e
g e n e k a r k i e n a n
z e z a k e a g u
z e n g o z k i e
l e g i d a k e
n a g o k
l i e z a i e
l i o t s a a k e z
l e k a r z k i n a k e t e
e s a i e z u
n e g i z k i e k e
g i n t z a i z k i z u n
l e r i z u k e
z e k a r k i d a n
g i n t z a i z k i o k e k
b e z a t e
l e r i z k i o
h i o t s e k e z e n
z e n g o z k i d a t e n
z e n i e z a i o t e n
l e g i z k i o t e
n e k i k e e n
g e n i e z a n a n
l e r i a k e
g a t z a i z k i z u
z i e z a z k i e k e n a n
z i n t z a k e t e n
g e n i e z a k
d a u d e
n i o
z i n t z a i z k i t
d a g o k i a k e
z e g i z k i e k
n a g o k i e k e n
z e k a r k i g u n a n
n o a k i e k e n
z i o t s o k
e k a r r i e k
g i n t z a z u e
e k a r k
z a g o z k i o t e
g e n i o t s a a k e z e n
z i n d e k a r z k e t e n
z e g o k i o n
z i e z a z k i o k e e n
d a k i t
z i t z a i z k i g u k e a n
z i o t s o a t
b e g i z k i d a t e
n e g i
z i n d o a z k i d a k e e n
z i e z a z k i o k e t e n
h i n d e r r a i e k e
n i n d o a n
h i n d e r r a i d a k e e n
n a r r a i z u e
e r a k u s t a z u e
g i n t z a i z k i o k e a n
e r a k u t s a z k i o z u e
n e r a k u t s a z
g e n e g i
z e g i t z a k e e n
n e k a r z k i n a k e e n
d e z a k
z i h o a z k i o k e a n
h o a k i d a k e
e k a r z k i e n
z e g o k i z u n
l e k a r z k i o
z i n d e r o a t z a k e
z i e z a i o k e n a n
z i e z a z k i e k e t e a n
h e g i e n
g e n g o z k i o
l e r i z u e k e
z e r r a i z k i n a k e e n
n i n d e k a r z u
g i n d o a z k i n a n
g i n d o a z k i e a n
z e n i o t s o k e
n e k a r z k i z u e k e e n
z e g i t e n
n e k a r r e n a n
z a k a r k i o g u k
z i n d o a z k i e k e t e
z i h o a z k i d a k e n a n
l e g i o t e
z a g o k i d a k e n
g e n e r a k u s k e
d i o t
