l e r o a k e
z e n i o s k u k e t e n
n a g o k i o k e k
z e k a r k i g u a n
l e r r a i o k e
z i o t s u e t e n
l i e z a d a k e t e k
g e n e k a r z k i z u n
z i o t e z a a n
d e g i z k i o g u
d e g i z k i o z u e
d i e z a z u k e
d i h o a z k i g u
l i t z a i o k e
h a g o k i e k e
z e n e g i g u k e
n i n d o a k i e k e e n
z i h o a k i g u n
g e n i o t s e z a n a n
e g i d a n
l e k a r z k i g u k e
h e n g o k i g u k e e n
z e g i e k e t e n
b e k a r k i a t e
n e k i n a n
z i t z a i g u k e a n
n a g o k i o k e n
g e n e r o a a n
z e k a r z k i n a k e t e n
d a k a r z k i n a t
b e r r a i e
d a k a r z k i g u n
z e n e g i e t e n
h e k a r z k i e n
z i n d o a z k i o t e n
n e k a r z k i a k e
n i n d e k a r z u e
l i t z a i z k i o
d a r a k u s k i z u e
d a k i t e
d i e z a z k i e k e n
g i n d e r r a i z k i e k e
h a r o a t
z e g i d a t e n
i e z a g u k
z e k a r k i o t e n
d a g o z k i e
j a k i z u e
n i o t s e z
z e r r a i z k i o n
l e g i o k e t e
l i o k e t e z
d a r o a
l e g o
n i n t z a i e k e n a n
z i n d o a z k i o k e t e
z e r r a i z k i e k e e n
z a i z k i g u k e n
n e k a r r e n
n a g o k i n
n i n t z a i z u n
z e n e g i g u
z e g i d a t e n
z e z a k e t e n a n
l i o t s u z
z e g o z k i g u k e e n
z i t z a i d a k e a n
d i e z a n a k e
z i h o a z k i d a n
h e k a r k i d a k e e n
g e n i e z a a n
z e n e g i o k e e n
g i n d e k a r t z a z u
g e n e g i z k i e n
n e g i o
g a i t z a t e
l e k a r z k i z u e k e
h i e z a g u
d i e z a z k i g u z u e
g o a z k i e
g e n e g i z k i z u e n
d a g o k i d a k e
d a k a r z k i g u k
d i o s k u n
n e n g o k e k
d i e z a z k i e t e
z e r r a i n a k e e n
h e k i k e e n
z e g i z k i n a k e e n
g i n t z a k e k
n e k i z k i a n
b i o t s o t e
z e g i z k i z u e t e n
z e n i e z a g u k e t e n
n a g o k i e k e k
z i n d e r o a z k e t e g u
j a k i n
g e n i e z a i o n
e k a r z k i o z u e
b e g i o t e
l i e z a z k i a k e t e
g i n d o a z k i z u e
g e n e g i z k i o n
g i n d e r r a i z k i z u e
b e g o k i z u
z a g i t e k
z e k a r k e e n
l e r i z k i z u
d i h o a k i g u
z e r i z k i g u k e e n
z e u n d e t e n
g i n d e r r a i z k i z u e n
z o a z a n
d i o z a a t
h i o s t a k e z e n
d i e z a z k i a k e g u
l i o t s a a k e t e z
h i n t z a i g u k e
z i h o a k i g u k e a n
d a g o z k i z u k e
n e n g o k e a n
e g i z k i e k
h i e z a i e k e e n
z a g o z k i e k e k
n i o z
z e n e k a r r e n
n i n t z a i o k e
b i e z a z k i e t e
n e n g o k i o k e a n
g i n d o a z k i e k e n a n
z e r i g u n
z e n i o t s e z
z e n e k a r k i g u
z i r a t e k e e n
z e n e k a r z k i g u k e e n
n i o t s u e k e e n
j a k i t z a n
d i o t s u g u z
b e k a r z k i g u
g a r a t e k e
l e g i z k i n a k e
l i h o a z k i d a k e
n i n t z a k e t e a n
b i e z a n
z a i t z a t e t
l i h o a k i n a k e
z e g o k i n a n
z a k a r z k i d a n
z i t z a i g u k e n a n
d e g i k
z e n e k a r z k i d a k e t e n
g a i t z a n
h e k a r z k i o n
z i n d o a z k i t
z e k a r z k i d a k e e n
z a i o k e k
h a z a t
n i n d e k a r k e k
l i h o a z k i o k e
b i e z a z k i d a t e
d a k a r k i o t e
z e n i e z a i o k e
h i n d e k a r k e t e
e k a r r i o n
g i n d e r r a i z k i a k e e n
z e n e g i e k e t e
d i e z a z k i z u e t
z i n d e r r a i z k i o k e t e n
z e n i o s k u k e z e n
g a i t z a k e z u
l e r r a i z k i t
n e r o a k e e n
l e k a r k i o k e
g i n t z a i z k i e k e n a n
n i o s n a k e z
d a r i z k i z u
n i n t z a k e
z i n d e k a r t z a t e n
g i n d o a z k i n a k e e n
n a z a k e t e
n e k a r k i e k e e n
z i n d e k a r z k e t e g u n
l e k a r z k i n a t e
z o a z k i e k e n
d a g o z k i g u
z e g o z k i g u n a n
z e r i z k i d a k e e n
z e n e k a r z k i d a t e n
d i o s k u z
b e k a r k i e t e
g e n g o z k i e k e n a n
z e g i z k i e n a g u
d e g i z k i o k
g i n d e r r a i z k i n a n
d a k i k e z u e
n e k a r t z a
n i t z a k e a n
l i e z a g u
d i e z a z u t e
g e n i e z a z k i n
z e k i e n
g i n d e r r a i z k i z u n
l e g o k i n a k e
z i h o a k i a k e e n
z i n d o a z k i e k e e n
n i n d e r o a k e
l e g o k e
z i n d o a z k i g u k e e n
z e k a r z k i a t e n
z e g i z k i n a t e n
z i o s a t e n
l i t z a i z u k e
g o a z k i o
z i e z a z k i o k e a n
z e n g o z k i e n
d a r a k u s k i g u
g e n e k a r k i n a k e
z i e z a g u k e n
g i n d o a z k i a k e
z e g o k i g u a n
z e n e k a r k i o t e
z e u d e k e n a n
e g i g u z u
g e n i o t s u k e z e n
z o a z k i e k e k
l i h o a k i n
z i o s t a z a n a n
z e n e z a k e t e n
l i e z a z k i g u k e k
g o a z k i o k e
z e k a r t z a k e e n
g e n i o t s o z a a n
z i t z a i z k i e k e e n
z i o t s o n a n
d a r o a k
h i e z a z k i g u k e e n
d i e z a z k i o t e
z e g i z u e t e n
e r a k u t s a z k i g u z u e
h i o k e z e n
n e n g o
n i e z a z k i z u k e e n
l i e z a d a k e t e n
g e n e k a r t z a k e e n
l e g o z k i z u
z a g o z k i o
z e g i z k i e n a t
n i n t z a k e z u e n
z e g i z k i e t e n
z e n e g i t z a k e e n
h i o t s e k e z
z i h o a k i z u e n
z i n d e r r a i z k i d a t e
g i n t z a i z k i o k e n
z e n i e z a z k i g u n
z e g i z u t e n
z e g i d a a n
d i e z a i o k e t e
e k a r r i o z u e
e r a k u t s a z k i e n
n e k i z k i
z i o s k u k e t e n
g i n d o a z k i z u
h i n d o a k i d a k e
z e n g o z k i g u k e t e n
z e g i z k i o t e n
z i o t s e n a n
l i t z a i z k i z u e k e
g a k a r t z a t e n
l e g i g u
z e g i z k i g u n
g i n d o a z k i o n a n
n i n d e r r a i n a n
d i e z a z k i g u k e k
z e n g o z k i g u n
d a g o z k i z u e
z e k a r z k i e k e e n
n e n g o k i k
n a g o k i n a k e
d e g i z k i o t e
z a k a r k i o n a t
z a i t
l e k a r k i g u k e
g e n e r a k u t s a z
z e r i e n
z a g o z k i g u
n e k a r z k i e a n
l e r r a i z u e
g i n t z a z u n
z i n d e k a r z k e t e t e
z i n d e r r a i z k i e k e t e
l e k a r z k i a t e
z i o t s o t e z a a n
h i n d o a k i g u n
z e g i z k i e a n
h a k a r t
n e r a k u t s a z k e e n
h i n d o a k i o
z a g o k i d a k e k
z i n t z a k e t e d a n
z a k a r k i e a g u
n e g i z k i o k e e n
l e r r a i z k i g u
h i n t z a i g u n
z i n d e k a r t z a k e e n
z e g i z k i g u t e n
l i t z a i a k e
h e k a r z k i o k e e n
i e z a z k i o z u e
d a k a r t
n i n t z a n
z e n i o s k u k e e n
l e g i z u e k e t e
z a i z k i e n
n i n d e r r a i e k e
z e r a k u t s a t e n
z a k a r z t e g u
h i t z a n
g i n d e k a r t z a k e e n
d i o t s a k
z i e z a g u k e t e n a n
z e r i z k i e n
g e n e k i z k i k e e n
g e n e k a r z k i z u
z a k a r z k i o g u k
z e g o z k i e n
l e r i k
g a g o z k i e k e n
z e k a r k i z u k e e n
g e n i e z a z k i z u e
n i o t s u e n
g a g o z k i o n
z e n i o t s o k e t e
g o a z k i o k e n
z i n d o a z k i g u k e
h i n d e r o a t
g i n t z a i z k i o n
g e n e g i t z a k e e n
z e n g o z k i g u k e e n
z e n i e z a g u k e e n
z e g i g u k e e n
h e g i z k i e k e
g e n e k a r k i z u k e e n
b i e z a z k i e
z i t z a i g u k e e n
l i t z a i e k e
z i e z a d a k e n a n
d e g i o g u
l i e z a i o k e
z a u d e k e k
d a k a r z k i a g u
z a i e k
n o a k i e k
g e n e k i z k i
z e n e g i z k i t
z i e z a z k i e k e n a g u
l i e z a z k i z u e
d a g o z k i z u
h i n t z a g u n
z o a k i e n
l e g i z k i g u k e
n e g i z k i o n a n
z e n e k a r z k i g u n
z e n i o s t a t e z
z e n i o s t a n
d i e z a g u k e k
b i e z a z k i n
n o a k i o
e g i d a z u
z i n d e r r a z k i d a n
h i n t z a i e k e
z e n e g i d a k e t e n
n i n d e k a r z u e n
g i n d o a z k i a k e e n
e r a k u t s a n
e g i z k i o k
g e n e k a r z k i n
e r a k u s t a z u
e g i z k i g u z u e
b e g i z k i k
z e g o z k i a k e e n
d i t z a n
z i e z a z k i d a k e t e a n
n o a k e
d e g i n a g u
e g i d a z u e
l e r a k u s t e
l i e z a i e k e t e
d i o s k u z u z
g e n e r o a k e
z i h o a z k i o n a n
l i e z a t
n i e z a z k i n a k e e n
l e g o k i e
z i e z a g u k e a n
h i n t z a i t
n o a k i a k e
g a g o z k i e k
z e z a k e t e n
d i e z a z k i a k e t e
z i n d e k a r z t e t
g e n i e z a z k i o
h e g i z k i g u n
g a t z a i z k i z u e k e
l i e z a z u e t e
l e k a r k e
e g i e z u
n a g o k e n
d a r a k u t s a z u
g e n i e z a i o k e a n
z o a z k i d a k e k
g e n g o z k i n
l e k a r k i d a k e
z a r i g u k
e r a k u s k u z u
z a k i z k i a g u
g e n i o t s u e z
l e z a k e t e
z e k i z k i t e n
n i n d e r o a z u e
d a k a r z k i z u t
d i e z a z k i o t
h i n t z a k e e n
g a t z a i z k i k
g e n i o s n a k e e n
l e r r a i n a k e
z i e z a z k i e k e a g u
l i e z a z k i t
z a t z a i z k i t
z i h o a k i o k e n a n
d a r o a n
d i e z a z k i z u e
g i n d e r r a i z k i z u e k e e n
n i n d o a k i z u e k e e n
g e n e k a r r e a n
g e n i e z a z k i e k e a n
h i n d e r r a i e n
z a k a r t z a n a g u
g e n e k i k e
g a r o a t z a z u e
n i n d e r r a i e n
z e n i o s t a k e
h e g i g u k e
d i t z a g u
g i n t z a i z k i e k e n
z i e z a z k i o k e t e n a n
z e n e k a r k e
n a t z a i n
d i o z a a
z a r i o k
z i n d e k a r t z a
z e r r a i z k i e n
e k a r z k i d a k
z a i z k i d a k
n i n t z a k e a n
n i n t z a z u
z e n g o z k i o k e t e
d e g i z k i d a k
l e k a r k i o t e
z e n i e z a z k i e k e
d a r o a t z a t e
z i o t s o z a k
z a k i t e n
g e n i o t s u e n
g e n i e z a i o k e e n
z a g o k i g u k e n
z a r o a z t e
h o a k i o
d i e z a d a k e k
z i o t s u t e n
z e g i a k e e n
d i e z a a t e
z i o s a n
d i e z a i e k e t e
e s a d a n
z o a z k i e n
z a i z k i n
n i o t s o n
z e k i n a n
z o a z k e t e
b e g i k
z i o t s u e k e t e z e n
z i o t s u k e t e z e n
l i o t s o z
d a k a r z k i k
n e g i z k i o n
g i n t z a i z k i z u e k e e n
z a r o a t z a
d e g i z u
z i n d o a z k e
h o a k i e k e
e r a k u t s a z k i d a z u
z i n d e r o a t z a k e t
z e n i o s t a t e n
n i e z a z k i e k e n
h e z a
d a k a r k i d a z u
h e k i e n
h i e z a g u k e
h a r r a i e
