h e e t n e e ' e e s i n i h i i n
c i ' n o o
h e e t i h ' e ' i n
n i h t o n o u n
h e e t i h c e h ' e 3 t i i
h e e t n e ' c i i s i s e e n o o
h e e t n e ' h i i 3 i i h i '
n i h n e i ' o o h o w
h e e t n e ' n i i h e n n o ' u s e e n
h e e t n e ' n i i h e n n o ' u s e e n
h e e t n e e n e i ' t o w u u n e 3 e n
h o o t n i i n e n t e e n i n
h e ' i h c e ' t o n o u n
h e e t y i h o o
h e e t c e i ' s o o '
h e e t c e i ' s o o '
h e e t n i ' i t o o t
h e e t n o o h o w
h e e t n i h e ' i n o w o o
h e e t n i ' i t o o n
h e e t n e e n e n t o o
n e i h o o w u b e e 3 i h e e
h e e t n o s o u n e y e i 3 e i h i n
h e e t c e e c e i ' s o o '
h e e t n i i c o o n
h e e t n i e ' i n o n e e n
n i i n i ' i n o n o ' e i t i n
h e ' n e ' o o w u c e n o ' o o t
n e i h o o w u b i i ' i i h o o
w o n o o 3 e e n i 3 i
h e ' i h c e ' t o n o u n
h e e t n i i s i 3 e i ' i t
n i h c e i ' s o o n i '
k o o h e t n e ' e h ' e n t o o
n e ' w o n e e n e n t o o n o '
h e e t n i i s i 3 e i ' i n
n i h w o n e e n e t i 3 e e t
h e i h ' o o w u n o o h o o t o w
h e e t n i i s e ' i n
h e e t n e e n e t i 3 e i n e e
h e e t n e e ' e e s i n i h i i n o o
h o o t n e e ' e e s t o o n o '
h e e t n i e i ' t o w u u n e 3 e n e e
h e e t c e e c e i ' s o o '
h e i h o o w u e ' i n o w o o n
n e i h o w 3 o ' u ' e e n e t i
n i i t e n t o o n i 3 i
h e e t h e ' i n o w u '
h e h w o n i e ' i n o w
h e t i n o t i n o o x o b e i
h e i h o w 3 o ' e e n e t i n
h e e t c i h ' e e n e e n e t i n
n e i h ' o w 3 o ' c i h t o n o u n e e b e
n i i n e y e i 3 e i h o '
t o o t h e i h ' e n t o o
n i h ' e e n e i s o o 3 i t e e t
c i ' n e n e e '
h e e t n e ' n o ' u s e e t
h e e t n e e ' e e s i i n e ' e t i i
h e e t n e y e i 3 e i h o o t
t o o n h e e n e i s i i n e ' e t i i
h e e t n i i t n i ' i i n e ' e t i i t
h e e t k o o k o h e i ' i n e e
h e e t n e ' n o s o u n i i n e ' e t i i n
n i i s e ' i s i '
t i h n o t i i t i i t
n i h c e h ' e 3 t i i
n i i b e t e e e n
t i h n i ' o o '
n i h ' i 3 e t i
h e e t n i i ' c e ' n o ' u s e e 3 i
b i i 3 i h i '
h e t i y i h o o
n o o n o o h o o t o u ' u
n i i b e t e e e t
c e e c e h ' e 3 t i i
h i ' n o ' u s e e t
t o h n i i i t
n e y e i 3 e i h e '
h o w o o y e i t i 3 i '
h e e t i h n e y e i 3 e i h o o n e e
h e ' i h n o ' u s e e
n o ' u s e e n o '
h e t c o o
h e ' i h n o t i i t i i
n e e n e i s i n i h i i t
c e e c e h ' e 3 t i i
n o ' u s e e n e e
c e ' e s o o '
n i i n i i s t i i t
c i h c e 3 e i ' o o t
h i ' n o ' u s e e t
k o o ' o e b i i 3 i h i
h e i ' n o ' u s e e 3 i
h e t i n o ' u s e e
t i h ' e e n e t i 3 o o t
w o n e e n e t i 3 o o t
n i h ' i i y i h o o
t o u s c e i ' s o o
k o o c i h n o ' u s e e
h e i ' n o ' u s e e 3 i
h e e t o h n o ' u s e e t
h e ' i n o w
n i h t o n o u n o o n o '
n i i h e e n e t i t
n e e n e ' i n o '
h e t c i h n o ' u s e e
n e ' t o n o u n o u ' u
t o h ' e ' i n o w o o
c e n c e i ' s o o '
n e y e i 3 e i h e e t
h e ' n e ' n i h ' e e n e i 3 e ' i n o u ' u
h e ' i n o o
h e e t n i ' o o '
b e i s c e i ' s o o '
t o h ' e n t o o n o o
n i i c e e c e i ' s o o '
c e ' n o ' u s e e h e k
c e e ' n o ' u s e e 3 i '
n i h ' e n e t i i 3 i '
c i h n o ' u s e e h e k
t o h c e ' n o ' u s e e t
n i i c e i ' s o o n i ' i
h i n o n o ' e i t i 3 i '
n o n o ' e i t i 3 i '
h e e n e t i n
n e e n e i s i n i h i i n i '
h e e t i b i i n o '
b i i ' i i h e e n o '
b e i s c e i ' s o o '
c e s i s t o n o u n o '
h e e s i n i h i i n
h o o w u n i ' o o
h o o w t o n o u n o w u u
c e s i s t o n o u n o '
n e ' c i h n o ' u s e e n i 3
n i i c e e c e i ' s o o '
3 e b n o o h o o t o u ' u
t o h u u t o n o u n o u ' u
t o h ' u u n s e e 3 i '
n i i n i i n i h i i 3 i '
n i i t o n o u n o w u n o '
h e ' i h s e h n o ' u s e e n o '
c i h ' i i n e ' e t i i
n o o s o u n i i n e ' e t i i
n i i c e e c e i ' s o o '
h e i t o u s t o n o u n
h e e t o h n o ' u s e e t
h o o w t o n o u n o w u u
n o w o ' o h
n e y e i h n i h i i
b i i n e e n o '
k o o h e ' i n o n o o b e
h i i t o n o u n o w u '
n e ' i h i t e n o o t
h i i h ' o
h e i ' c e ' n o ' u s e e t
n i h c e h ' e 3 t i i 3 i '
t o o n h e e n e t i 3 o '
h e e t n i h i i n e e
h i h ' o w 3 o ' e e n e t i
n i i t c e b i s e e 3 i '
h e e t n i i t o n o u n o '
t o h n o o n o ' u s e e 3 i '
h e e t n i i t o n o u n o '
c i ' n e '
t o h n o t i i t i i 3 i '
t o h n e y e i 3 e i h e i t
n i h b i i n i 3 i '
h e e s i n i h i i n e e
n e e n e i s i n i h i i n e e
h e t i n o n o ' e i t i
t i h n o o n o ' u s e e 3 i '
n i h ' e e n e t i '
t o h u u t o n o u n o u ' u
h e e b e h c e ' t o n o u n
n i h n o t t o n o '
n e ' n i h ' o n i i 3 i '
h e e t i h i i n e ' e t i i 3 i '
b i i b i 3 e h i n o o
t i h n o o n o ' u s e e 3 i '
w o h o e ' e n t o o
n e ' n i i ' c e i ' s o o '
n i h ' e e n e i c o o n i '
n i i t o n o u n o w u n o '
h e e n e i s c e i ' s o o '
h e e t n i i s t o n o u n o '
k o o n i h i i
n i i n e i ' o o h o w o u ' u
n i h ' e 3 e b n o ' u s e e 3 i '
h e ' i n o w u n i 3 i
n i h n e e n e y e i 3 e i h
n i i n o t i i t i i n i '
h e e t c i h n o ' u s e e n e e
n i i s n e y e i 3 e i h o o t
n i i s n i i s t i i 3 i '
n i i n i i n i ' i t o o t
h e e t n i ' e e n e t i n o '
h e ' i h ' e i ' t o w u u n e '
n i h ' e i ' t o w u u n o u ' u
n i i s n e y e i 3 e i h o o t
n i i c e s i s e e n e t i t
c e e n c e i ' s o o '
t o h ' o o 3 i t e e n o '
h i n o n o ' e i y e i t i n o '
n e ' k o o k o k o h ' o u t i i 3 i '
h e e t n i i s t i i 3 i '
n i h i ' i i n i k o t i i n o '
h e e t o h ' o o t i i n o '
c e e s i s n i h i i 3 i '
t o o n h e i ' n o ' u s e e n o o
h e e t c e ' n o t i i t i i 3 i '
n e ' e h c e ' n o ' u s e e t
h e ' n e ' o o 3 i t e e t
n o o n o o h o w o u ' u
h e e t 3 o o k u h o o t
n i h ' e i ' t o w u u n o u ' u
h e ' i h ' e i ' t o w u u n e '
n e ' o o 3 i t e e
n e y e i 3 e i h o u ' u
h e e t n e e n e t i 3 o o t
t o h n o o n o ' u s e e 3 i '
w o h o e ' c i h ' e n t o o
h e ' i h c e ' n o ' u s e e n o '
h e e t n i i i n o ' u s e e t
h e i ' b e t e e e 3 i '
t o h u u w o n b e t e e e 3 i '
n e ' n i h ' i i t w o n b e e b e t e e e n i '
c i i n o h w o o
n i h n o o ' o e b e t e e e 3 i '
n e ' n i i ' c i h b e t e e e 3 i '
n i h n o o ' o e e b e t e e e 3 i '
n e ' n i i ' c i h c e ' b e t e e e 3 i '
b e b i i 3 e ' i n o n
c i i s i b i h i 3 i '
t o h n o s o u y i h o o t
h e i ' c i h n o ' u s e e 3 i
h e t n e i h o o w e n t o o
h e ' n e ' o o 3 i t e e 3 i '
n o o s o u n i i s i 3 e i ' i t
n i i n i ' e e n e t i 3 i '
h e ' i h n o o n o ' u s e e n o '
h i i h o o w u u n o n o ' e i t i
n i i n e e n e i t i t
h e e s n e y e i 3 e i h o o 3 i '
h e e t n i ' e e n e t i n o '
n o t t o n o '
t o o n h e e s i n i h i i n
n i h ' e i ' t o w u u n e i n o o
h e ' i h y i i s c e n o ' o o
