c i h n e e n e i 3 e i ' t o w u u n o o n e e
n i i n o o n o o h o o t o w u n e e
h e e b e h b e e t t o k o o x u u s e e n o '
n e ' n i h i ' n i i t o b e e n o o
n e ' n i h ' i i s n i i t o b e e n i '
h e i h ' o o w b i ' w o ' t e n o w
h e e t i h w o ' t e n o '
n i i c e ' w o ' t e n o w u n o '
h e e t i h ' o w o u u n o n e i ' e e n
h e e t c e ' n o ' u x o h o t
n i h b i s e ' i n o n e i t
c i ' n e e '
c i ' h i t o n i h ' i
c i ' c e b t e e n o c o o
c i ' h o o k o ' o o x u u
h e e t n e ' k o o ' o e k o o k o ' o w u 3 i '
t o o n h e e t n i i s e e n e t i i t o o n i '
n i i c o ' o n e e n e t i i t o o n i '
n i i s i h e e n e t i i t o o n i '
t o o n h e e t n i ' e e n e t i i t o o n i '
n i h i ' e e n e t i i t o o n i '
h e ' i h s e ' i s i
n e i ' e ' i n o u ' u
k o o h i h ' e ' i n
n e e ' e e n e e 3 e ' i n o w o o
h e ' i h ' e ' i n o w u u
h i i h o o w t o u 3 e ' i n o w u u
t o o n h e e t n i i s e ' i n
n e ' n i h ' i i s h e ' i n o '
h e e t n i i c i i t o u 3 e ' i n
h o o w u u x o u u w h e e n e ' i n o w u u
h e e t i h n e y e i h ' e ' i n o '
h e ' n e ' h e ' i n o w u n e e
t o o n h e e t n i i s i ' h e ' i n
h e e t i h c e ' h e ' i n o u ' u
n e e b e h b i ' b e e t o h ' e e n e t i 3 e i ' e e n o '
n i i n o o n o o h o o t o w u n e e
h e ' i h ' o o n o o 3 i t o u h u n o '
n e i h o o w n i i s n i ' i t o o
h e 3 e b k o o k o ' u u t e e s e
n e ' n i i ' c i h n i i n i i t o u u h u 3 i '
c i h n i i t o u u h u n o o n i
h e e b e h ' e e n e t i 3 e i ' e e
n e y e i h e e n e t i 3 o o n o '
t i h ' i i h e e n e t i 3 o o n o '
n e y e i h ' e e n e t i 3 e e 3 i '
h e ' i h c i i k o s o u t i i n e e n e t i 3 e e
c e ' n i i n i i s t i i t
n e h e ' n i h b i s n i i s t i i t
n i h ' i i n i i s n i i s t i i n o '
t i h ' i i n i i n i i s t i i 3 i '
h e n e i c i i n i i s t i i t
n i i b i s b e e t n i i s t i i
t i h n i i s t i i h o k
h e n i ' n i i s t i i 3 i '
k o o n e e t c i i n i ' t o n o u n o o
h e ' i h s e ' e s o o n e e
h i t e ' i y o o n i n
n e e t e e n e b e i t
n e e s e i n e b e i i t o n o '
n i i n e y e i 3 e i h e e 3 i '
h e e t b e b i i s c e h ' e 3 t i i n o o
n i h c i i 3 t o k o h u t
3 e i i t o k o h u t
h o o x u u t o k o h u t
n i h ' i i n i h i ' n e e t o k o h u 3 i '
t e e s t o k o h u 3 i '
n o o ' o e t o k o h u t
h i b i h o
n e ' n i i ' s e e s e ' e s o o n e e n i '
k o o ' o e s e e s e ' e s o o n e e t
n e e n e b i i t e b e i n o '
h e e t k o x c i 3 o o '
n i i n e y e i h ' e e n e i ' t o w u u n e e 3 i '
h e e b e h t o n o u n e e b e
n i h ' i i b i s t o n o u n o '
c o b o u u h o h o o k e e n i
n i i 3 t o u k u 3 o o t
n i i b e e t e i ' t o w u u n e 3 e n
h e n i i s n e e ' e e n e e s i i n e ' e t i i n o '
t o y e i n o u s i n e n e e
n i h n e e n e i ' o o h o b e i n o o
n e ' c e ' n i i t o u u h u t
w o t n i h ' e n t o o h o h k o n i '
n e ' n i i t o u u h u t
n e ' t e e x o o n o 3 e i n i 3
n i h ' i i 3 o o k u h e i ' e e t
t i h ' i i 3 o o k u h o o t
h o o w u ' u n e e n e t i 3 e e n o '
h e e t c e b e ' e i h i i n
t o o n h e e t n i i s c e b o o h o o t
h o o t n e ' n i i ' i i y o h o o t e n o o
n e e ' e e s e ' i n o n
n e i h n e y e i 3 e i h e i i t o o n i n o o
n e i h o w 3 o ' h i n o n o ' e i t i
n o ' o o k o o 3 e i 3 i '
h i i h o o w u h c e b e n e '
h e ' n e ' i i ' o o x o h o e n e e n e t i 3 o o 3 i '
h o o n o o 3 i t o u h u 3 i '
h e e t c i h c e ' n o ' u s e e t
n i ' i i n e s o ' o n o o 3 i '
h o o t n e i h o o w u u y i h o o n
t o h x o u u w o o t e e n e e t o '
h e e t i h c i h x o u u w o o t e e n e e t o w
h e h n i i t o o t o x u 3 i '
h e e t n o o h o b e 3 e n
n i i n e y e i 3 e i h e e 3 i '
h e e t n e y e i 3 e i h o o o n
n e i h ' o w 3 o ' u u x o o h o o 3 i h o o b e
n i h n e y e i 3 e i h e i n o '
n i i n e y e i n e y e i 3 e i h e e 3 i '
h e i b e e x n e y e i 3 e i h o o n o '
h e t n e y e i 3 e i h e i 3 i '
n i i c o ' o n n e y e i 3 e i h e e 3 i '
h e e s n e y e i 3 e i h o '
n i h k o o ' o e b e n e i ' i
n e e ' e e 3 e e c e b e ' e i c e n c e i ' s o o '
3 e b i i n k o o h u t
n i i c i h w o o w o o h o n k o o h u 3 i '
c e e b e h ' i i n i h i ' k o o h u '
n e ' t o o ' u h c e h i t
c e n i h ' i i 3 k o o h u 3 i
h e ' i h ' e 3 e b n i h i ' k o o h u n
n i h c o o n n i h i ' k o o h u t
h e e n e e s c i i n i ' i t o o 3 i
b e t e e n w o 3 o n o h o e
h e e t n e ' n e y e i 3 e i b e e n
t e c o ' o n e e n e t i n i '
n e ' n i h ' i i t c i h ' e e n e t i t
n i h ' i i t o u n e i h i t
b e e t o h c e ' i n o e h i n i n e h k
h e ' i h c o o n i n o e h i n o '
n e ' e h c i i n o o h o w o o t
h e ' n e ' n o o n o o h o w o o n o '
n i i n o o h o b e e 3 i '
3 e b n o o h o b e e n o '
w o n n o o h o w o '
h i n o o h o w o o o n
h o o w o h n o o h o w o o 3 i '
h e e t i h n o o h o w o '
n o o h o w u
h e e t i h n o t n o o h o w o t
t o h n o o h o w o t i
n e ' n i i ' i c e ' i k o h e i ' i t
n e i h ' o o w b e b i i s c e e c e h ' e 3 t i i
h i i n e y e i c e h ' e 3 t i i
t i h n i i n n o t i i t i i n i 3
c e s i s i i s i i i ' o o n o '
h e e t n i i t o o x u ' e e k u u n o o
n e ' b i s b o o 3 e i n o '
h e e t i h n i i c o o h b o o 3 e i n o '
h e ' i n o u ' u
h e ' i h ' e e n e ' i n
n i i b e e x c e ' e s i n i h i i 3 i '
h o o t b i i n e 3 e n e e
n o t i i t i i t
n i h n o t t o n e i n o '
n e e ' e e s n o t t o n e 3 e n
h e e t i h n o o n o t t o n e t i
n e ' n i i ' n o t t o n e i n o '
h e e t n o o k o h u u s n o t t o n e i n
c i h c o ' o o w u h ' o h u t
n i h b e e t b e n e i ' i
h e ' i i s i i h o o n o o 3 i
c e ' i i n i i y o h o o t e '
h e ' n e ' i i ' c e s i s e i ' t o w u u n o o t
t i h ' i i x o u u ' o o '
t i h b e t e e n c o w o ' o o
h e ' i h k o o ' o e n n e i ' o o h o b e e
c i i b e h ' i i b i n e e n e i ' o o h o w u n
n i h w o n n e e n e i ' o o h o b e e 3 i '
h o o t w o n o w o u u n o n e i n o o
w o n n e e n e i ' o o h o b e i 3 i '
w o o 3 e e y o h k o n i '
t o o t o u k u 3 o o t
c i i b e h ' i i b i n e e n e i ' o o h o w u n
n i h w o n n e e n e i ' o o h o b e e 3 i '
n i h c i h n e i ' o o h o b e i t
h e ' i h k o o ' o e n n e i ' o o h o b e e
h e e n e i c o o 3 i
k o o n e e t c i i n i ' k o h t o w u n i h i i
h e i b e e t o t o o n o o 3 o o
n e e ' e e n o w u '
h e ' i h b e h ' i n i i n o o x u n o '
n i h b e e x t o n o u n o w u n i '
h o o n o x o w o o t
b e n i i ' o n e h k o y e i n e i h o k
h e e t c e e h ' e i k o o h u n o '
h e ' i h ' i i t o u k o u s i n e
t i h ' i i h e e n e t i 3 o o n o '
h e ' i h c i i k o s o u t i i n e e n e t i 3 e e
h e e b e h ' e e n e t i 3 e i ' e e
t i h c e s i s e e n e t i 3 e e 3 i '
n i h ' e 3 e b c e 3 o o ' k o o h u '
n e ' n i h ' i i ' e h c e 3 i 3 o o ' k o o h u '
n i i c o ' o n x o o x o u u w u n i h i i 3 i '
h i h t o o t o n o u y o o n i n o o
n i h b e e t e i ' t o w u u n o o t
n e i h i ' e e n e i ' t o w u u n o o t o n o
n i i c o ' o n e i ' t o w u u n o u ' u
n i h ' e e n e i 3 e i ' t o w u u n e i n o '
n i i k o o k o ' o w u 3 i '
h i i h o o w u c e s i s i n i h i i
h i h ' o w o u u n o n e i i t o n o
n i h ' e 3 e b n o ' u x o o n i '
b e h ' e i h o n o o k e e n
n e e ' e e s c e e c e i ' s o o '
n o o s o u n e h c e i ' s o o '
n e ' c i h c e ' c e i ' s o o '
n e ' n i h ' i i s c e e c e i ' s o o '
h e h n e e h o n o u u ' u 3 e t i n i '
h e e t o h i 3 e t i '
h e e t n i i n e y e i c i h n i i n i ' o o '
n e e ' e e h i 3 e t i '
h e t c e ' n i ' o o
h e ' i h n o o n o o h o o t
n i h ' o o 3 o u y e i t i n o o
n i i b e e t w o t e e k o o h u t
h e e b e h t o n o u n e e b e
n i h ' i i b i s t o n o u n o '
h e i h o o w n o ' o 3 t o n o u n o w
h e e t i h ' i n e n t e e n i 3 i '
h e ' i h ' i i c i s i h i ' i h e n t o o 3 i
h e e s i n i h i i n o o
t o h u u n e e ' e e s t o o t o n o u n o w o o
h o o w b e b i i s e e n e i ' t o w u u n e '
h e n i i s i i t e n o '
n i h t e e x o o n o 3 e i n o '
h e e 3 n e e n i ' i i s i i n i '
n e y e i 3 e i h e i n o '
n e e ' e e s n e h t o n c e ' i i n e ' e t i i h o k
h e e t c i h c e ' n o ' u s e e t
3 e b c e ' n o ' u s e e h e k
h e t i i c e n o b e e n o o n
h e i ' o o x u w u t i i t
h e e 3 n e e b e e t e ' i n o n
h e e t b i ' y o o y o o t i s e e n
n i i n o s o u h e e n e t i n
h e e t n e ' c e ' e e n e t i n o '
t i h ' i i c o ' o n e e n e t i t
n i h w o n o x o w o o n i '
b i i 3 i h i i n i
t i h ' e t n o x o b e i n o o
n i i b i ' o o n t o o n e i n o '
h e ' i h b e e t o h ' u t e n
h e e t k o n o h ' u t e n o u ' u
h o o w t o n o u n e i h i i n o o
h e ' i h n o h ' o t i i w o ' o o
h e ' i h c o o n e e n e t i
h i i h o o w u e ' i n o w u u
