n i h ' i i s ' e e n e t i 3 o '
t o h t o u n e i h i 3 i '
n i h ' i i c e e c e i ' s o o '
k o n o o ' w o n i ' o t o o n e e 3 i '
n i h b e e b i i 3 i h i 3 i '
t o h c i h c e ' n o ' u s e e n i 3
h e t n i ' e ' i n o n o o 3 i '
n i h ' e ' i n o w o o
h e e t b e e 3 i i n e ' e t i i n
n e ' n i h ' i i s o o n o o 3 i t e e 3 i '
c o ' o n n o t i i t i i 3 i '
t o h ' u u s k o y e i n e i t
b e b i i s n e e n e i ' o o h o w o o 3 i '
h o o t c e e c e i ' s o o n i ' i
h e ' n e ' h o u u n i h i ' k o o h u
h e e t n i i n i i s t i i n .
n i h c o b o '
n e ' n i i s e ' i n o w o o
w o n c e ' i i n e ' e t i i
h e e n e n t o o n i '
n i h ' i i b i i 3 b e e n o o
n i h c i h w o n n o o h o w o o 3 i '
c i i n i ' o o n i
n i i s i n e y e i 3 e i h
w o h o e ' i i s i n i h i i
t o h u u 3 o o 3 o o k u n i h i i n o o
n e e n e b i i t e b
t i h b i i n e e n o '
h e ' n e ' c i h w o n c o o c o b o o 3 i '
n i h ' i i 3 o o 3 i t e e t
w o n e e n e t i 3 o o t
n e e 3 e b o o w u h ' o h u t
k o o x c i '
k u h n i i s t i i
n i h w o n e e n e t i 3 e e t
k o o ' o e k o o k o ' o w u t
n i i n e e n i ' i t o o n o '
n e ' c e 3 e i ' o o n o o
h e e t o o t i i 3 i '
h i h i i 3 3 e b n o o h o o t o u ' u
h e e t n o s o u n i i n e ' e t i i n
n i i n e h t o n e i h i n
h e t c i h n o t t o n o o n o '
n e ' n i h ' i i s i i n e ' e t i i
c e e 3 n e e n i e ' i n o w o o
h e i ' i i s b i i 3 i h i n e e
n e ' n o o h o w o '
h i i t o u s e e n e ' i n
h e e t n i i s i n i h i i n e e
n e ' e i ' t o w u u n e i ' e e 3 i '
c e h ' e 3 t i i '
n e i h o o w 3 o ' e ' i n
h e i h o o w b i i ' i i h e i n
h e t n o o x u w u t i i t
n o n o o 3 i i t o n o o t
n e e t n e i h o o w e i ' t o w u u n o o
h o o n o x o w u t o o n i '
k o o h e i h c i i y i h o o
n i h w o n n o t i i t i i t
b e n e e x n o o b e ' e i n i i h i
k o o h e i h n o o h o b e 3
h e e t n e ' n i i h e n n o ' u s e e n
h e i ' c i h n o ' u s e e 3 i
n e e ' e e s w o o w o ' t e n o u ' u
n e e n e i t e n o '
h e e t o h ' u u n e ' e t i i t
h e e t i h ' i 3 e t i n i ' i
h e e t b i ' w o n e t e i n i n o '
h e h b i i n e 3
n o o k o h u u s w o t e e k o o h u u t o o n i '
h e ' i h y i h o o n
n e i h ' o w 3 o ' c i h t o n o u n e e b e
n e ' n i i ' o x o w o o t
h e e t n e e n i i t o u u h u n i 3 i
t i h c e s i s n i h i ' k o o h u n o o n o '
h i i h o o w o o 3 b e e 3 i h e i ' e e n o o
n i i n o t t o n
n i h n i ' o o '
n e e n e i s n e y e i 3 e i h e i n e e
n e e n e i 3 e ' i n o '
h e ' n e ' i n o o h o w o o t
h i h ' o o w e n t o o
n i h b i i ' i i h o u ' u
n o o h o o t o o
t o h c e ' n o ' u s e e 3 i '
h e e t n i i c o ' o n n o o h o o t
n i h ' i i c e e c e i ' s o o '
h e ' i h c o o n
h i i y o u n o
n i i s n e y e i 3 e i h o o t
n e ' n e e n e i s c e e c e i ' s o o '
t o k o h u n o '
h e e t c e ' n o o h o b e e n
n i h ' i i n i k o t i i 3 i '
h e ' i h t o k o h u
h e e t n e y e i h e ' i n o n e e t
c o ' o n b i i 3 b e e t
h e ' i h ' i i s i i n i
b i i ' i i h o h k o n i '
t o n o u n o o t
