c i ' n i i 3 i n
h o o t n e y e i 3 e i h o t i
h i i t o h ' i i i
t o u 3 o o t e e n o
n e e n e y e i 3 e i h e e 3 i '
n e i ' t o w u u n e i t
n e ' n i i ' n e y e i 3 e i h o o 3 i '
n i h b e e x t o n o u n o w u n i '
n i i b i ' n o o h o o t o u ' u
t o h n o ' o 3 o o '
h e e t b i s e e n e t i t
h e ' i h ' o o n o o t i i n o '
n e ' n i h ' i i s c o w o ' o o 3 i '
t i h ' i i n e ' e t i i 3 i '
n e e ' e e s e e n e t i t
h e e t i h ' e ' i n o w u n i '
h e e t b e h c e e c e i ' s o o '
n e ' c e s i s i n i h i i n o o
c e e b e h ' e n e t i i '
n i i h o w o o y e i t i n o o
n o o h o b e i n o o
k o x u u t e n c e e c e h ' e 3 t i i 3 i '
h e i n e i ' o o h o w o o o
h e e t n e ' n o s o u n i i n e ' e t i i n
n i h n e y e i 3 e i h o o
n i i n i ' e e n e t i 3 i '
h e e n e i s c e i ' s o o '
n o o h o o t o w u '
n i i h e ' i n o u ' u
n i h b i i 3 w o o n e i h i 3 i '
b e b i i s e ' i n o w o o
h o o k e c i i ' o o k e i h i n
n e ' n i i ' b i i b i 3 e h i n o o
n o o s o u n i i n e ' e t i i
c i ' h i h ' o o w
n e i h ' o o w c e ' b i i n e '
h e t e b i n o u h u u n i n i n o
h o o n o o 3 i t e e t
h e e t i h c e ' e e n e ' i n o w u n o '
h e ' i h ' i i n o u u n i o x o b e e
n i h c o ' o n n o o h o o t o w o o
h o o w u u x o o h o o 3 i h e e n o '
h e e s n i i n i i t o b e e n
h e e t n e ' i n o n o '
c o w o ' o o n i '
n i ' c o o c o w o ' o o t
n i h n e e n e y e i 3 e i h e i ' e e 3 i '
n i h ' e e n e i 3 o o h o o t o u ' u
b i i n o 3 o o 3 e i h i 3 i '
n o o n o t i i 3 e i t
n i h ' e e n e ' i n o n o o 3 i '
b i i 3 b e e t
n i i 3 i n o o b e
b e t e e e n
h e ' n i i s i i n e ' e t i i n o o n i
h e ' i h ' i i n o o h o b e e
h e e t i h ' i i t o n o u n o u ' u
c i ' n o o n
t o h u u c i i c e h ' e 3 t i i 3 i '
h e ' n e ' n i h ' i i ' i c e ' i c e 3 e i ' o o t
t o h u u b i i b i i 3 w o o t i i n i '
k o o h e e e n e t i 3 e i ' e e
n e ' c i h c e 3 e i ' o o t
h e ' i h ' e e n e n t o o n o '
h e e t n e ' n i i s i t o n o u n o w
n i i n e y e i 3 e i h e i n o o
n o o w o h b i i 3 b e e t
h e e t n e ' x o u u w t o n o u n o w o o
h i h ' o o w e e n e t i n
h e e t n i i i n o t i i t i i n e e
t o h c i h ' e e n e ' i n o w o o
h e e t n i i h o w o o y e i t i n o o
n i h ' e i ' t o w u u n o u ' u
n i h ' i i 3 e e n e t i t
n o o s o u b i i 3 b e e t
b e e b i i 3 b e e n o '
t i h ' i i c e ' n o o n o ' u s e e 3 i '
n i h t e e s e n o w u n o '
k o o h e i h c i h ' e n t o o
h e e t c e ' i k o h e i ' i t
h e e t n i h i i n e e
k o o n e n o '
c i i b e h ' e e n e t i
n e i h o o w e h n o o h o o t
n e e ' e e s k o x o ' o o w o ' o o 3 i '
n i h n o o ' o e n e e n e n t o o 3 i '
k o n o u 3 i i n e ' e t i i
t o u s c e i ' s o o
h e n i i 3 i t o n t o n o u n o w o o
h e e t n e e n e n t o o
h e e t n e ' n o ' u s e e t
n i i b e e t n e e s e n t o o 3 i '
c e ' i i n e ' e t i i '
n i i h o o n o x o w u t o o 3 i '
n e i h ' o o w o e ' i n o n o o
n i h w o n n o t i i t i i t
h e e t n o s o u n e y e i 3 e i h i n
n i h n o o h o o t o '
h e e t i h ' i i t o n o u n o u ' u
n i i n o s o u h e e n e t i n o '
