h e ' i h c o o n e e n e t i
h e e t n e e ' e e s n e e n i ' i t o o n e e
t i h ' i i s n o o h o w o o t
h e i ' c e ' n o ' u s e e t
h e h n i i s e t i '
n e e n e ' i n o w u n e e
h o o w o o h b e t e e n o o
n o ' u s e e n e e
h e ' n e ' c i h t o k o h u n i 3 i
n o n o t o o
n e t e i ' y o o n i i w o '
n i h w o n o x o w o o 3 i '
h e e t n e ' n o ' u u k o h e i n o o
h e ' i h c e i t e t e i ' o o
h e e t w o n i i i n e ' e t i i 3 i '
c e e ' n o ' u s e e 3 i
n i h n e y e i 3 e i h e i ' e e 3 i '
h o o w u n i ' n o o h o o t
c i h b i i n e i n o '
h o t n e i ' t o w u u n e 3 e n
h e e b e h n e e ' e e s i n i h i i
n e e c i n o h k u c e 3 e i ' o o
h o o t n e ' e h ' e n t o o n o o
n i i n e y e i 3 e i h o o 3 i '
n i h n i i n i ' o o '
c i i c e h ' e 3 t i i h o h k o n i '
n i i b i ' t o n o u n o w o o
b i t
b e b i i s c e h ' e 3 t i i '
h e ' i i n e c e n o '
n e ' 3 e i i n o w
n i i t e c o ' o n n i i s t i i n o o
n i h ' e 3 e b n e i ' o o h o w o o t
h e t n e h c e b i n e y e i 3 e i h o o h o k
w o n o o 3 e e n i '
n i i n i ' i t o o n i '
n e e ' e e s e e '
h e e t c e ' n e i ' o o h o w o o n o '
n o t i i t i i n o o
h e e t i h n i ' c o w o ' o o n o '
c e b i s e e n
n i i n o t i i t i i n o o
c i h n e e n e i 3 e i ' t o w u u n o o n e e
h e e n e t i 3 i n
n e i h ' o w 3 o ' c i h t o n o u n e e b e
h i n o n o ' e i y e i t i n o '
n e ' n o o n o t i i t i i 3 i '
w o h o e ' n e e t c i h w o n n o o h o b e '
k o o x n i i y o u
n e ' e h ' e n t o o n
t o h c o o h ' e n t o o t
h e e t n i i y i h o o n o '
n i h ' e e n e t i 3 o o t
k o o k o o s h e ' i n o w u u
h i i s c e h ' e 3 t i i h o k
h e e n e i ' t o w u u n o u ' u
k o o h e e t c i i y i h o o n
h e i ' n o ' u s e e n o o n o '
n i h b i i n o '
h e e t n e e n e i ' t o w u u n e 3 e n
b i i 3 w o o t i i n i '
n i h ' e e n e i s i i x o n e e
n i i n o s o u h e e n e t i n o '
n i h n i i h e n n o o h o o t o w o o
n i i n e y e i 3 e i h o '
h e e t w o n n e y e i 3 e i b e e n
h e i ' e h n o ' u x o h o o 3 i '
3 i i ' o k u n o o
n i h n e i ' o o h o w o u ' u
n i ' i i n o k o t i i n i '
h e e n e i s i n i h i i n o '
n i h c o ' o n b e n e i ' i
t i h ' i i c e ' n o o n o ' u s e e 3 i '
h e ' i h k o o k o x o e ' k u u t i i
h e e t i h ' i 3 e t i '
w o n i e ' i n o '
k o h e i ' i n o o h e e
n i h b e e x c e i ' s o o '
k o o x h e ' n e ' n o ' u s e e t
h e ' n e ' i i ' i b e e s e e n e t i 3 o o t
h e ' i h ' i i n i ' e e n e t i
n i i n e y e i 3 e i h e i n o '
n i i c e e c e ' e s i n i h i i
t o h n o o h o o t o u ' u
h e n e e 3 n e e c i i n i ' o o
n i i n i ' t o n o u n o o n o '
n e i h o o w b e e t o h t o k o o x u u s e e b e
t o o n c e n i i n i i 3 i n o o t
n i i c o ' o n e e n e i ' t o w u u n e i n o o
n i h ' i i h e e n e t i 3 o '
h e e t n e ' e h ' e n t o o n o o
h e b i
n i h ' i i n i i s t i i t
n i h n i i t o b e e n o '
n i i n o ' u s e e t
k e i c i i n i i t o b e e b e
h e e t t o u s i n i h i i n
n i i n i ' i t o o 3 i '
h e ' n e ' n o ' u s e e t
n i i ' b i i 3 i h i t
