h e e t n e e n e ' x o h
h e e t n i i s o o x u w u t i i
n i i 3 o y e i t e i h i h e k
h e e t n i i w o o k u s e e 3 i '
h e n i i s i n e e ' e e s t o o t
t o o t o n o u n e '
n i i n i ' e i ' t o w u u n o u ' u
n i i ' i n o n o ' e i t i t
h e ' n e ' n i h ' i i s i h i i n e ' e t i i t
n i h t o n o u n o '
h e i h ' o o w u n o o h o o t o w
h e ' i n o n o o n o '
h e e b e h n e e ' e e s i n i h i i
h e e t e h ' e e n e i y o o 3 c o w o ' o o n i '
h e e n e i ' t o w u u n e i h i t
t o h n i ' i t o o n e e
n e ' n i h ' e h c e s i s e e n e t i
h e e t c e b n i i s t i i n o o
t o h ' e e n e t i t
h e ' i h s e h 3 o o k u h e e
h i i h o o w u c e s i s i n i h i i
n e e c e e b e h ' e i h o h o '
n i h ' i i n e y e i 3 e i h o o n o '
n i h ' e i ' t o w u u n e i t
h e e t n e e 3 n e e n i h i ' n e e c e i ' s o o '
h i i b e e x u y i h o o n o '
h e e 3 e b e ' i n o w o o
n e e ' e e n e h n i ' o o t o w o o t e e '
c i ' b e e
n i h ' i i b i i b i 3 e h i
n e t e e n e t i i t o n o
n e ' c i h ' e i ' t o w u u n e i t
h i i b e e x u u n o t t o n e e n o '
h e 3 e b n o t t o n o '
n i i n o t i i t i i t
h e ' i h ' e t e i n i
n e e y e i h e e n e t i n o o n i
n o o s o u n i i n e ' e t i i n o '
h e e n e i ' t o w u u n e i n
h i h ' o w 3 o ' t o n o u n
n i i n e y e i 3 e i h o '
n i h ' i i t n i h i i
t i h k o u 3 b i i b i 3 e h i 3 i '
h e t b e b i i s e i ' t o w u u n o o
n e i h o o w n e e ' e e s i n i h i i
n i h y i h o o n o '
h e e t n i h o w 3 o ' u u n e ' e t i i
n i i b e e x o ' n i h ' o o 3 o u y e i t i 3 i '
h o o t c e s i s t o n o u n o '
h e e s i n i h i i h o h k o n i '
n i i b e e x o ' u u n o n o ' e i t i t
h o o w b i i ' i i h e e n o '
3 i i ' o k u 3 i '
h e i ' c i h c e i ' s o o '
h e e t n e e ' e e s i n i h i i n
n i h ' i i n o k o t i i n o '
w o n o h ' e n t o o 3 i '
h e e t c i i 3 o ' c i i n i i n e ' e t i i t
c e i t e e 3 i '
h e e t n e y e i h e ' i n o '
h o o t n o ' o 3 o o '
h o o t n i i t e n e 3 e n
t o h n i i t o b e e 3 i '
h i i k o o ' o e n e e n e i ' o o h o b e '
n i i b e e b e b i i s i n i h i i n o o
n i h ' i i 3 e i i n o w u n o '
k o o h o o t c i i b i i 3 i h i
n e ' e i ' t o w u u n o o n o '
n e i h o o w n o ' o 3 n i i t o b e e
n i h ' i i c i s i h e n t o o t
h e ' e n t o o 3 i '
n e ' t o o t o u k o u s i '
t o o n n i h ' e e 3 o ' o u w u t
t o h u u t o k o h u 3 i '
n i h ' i i t w o o 3 e e '
n e ' e h ' e n t o o n
b i ' e e n e t i n o o
n i i n o o h o w o '
n e y e i 3 e i h o o t
h e ' i h n o ' u x o h e e n o '
h e ' i h w o ' o o n c e 3 k o h e i ' i
h e h c e ' i i s n o ' u s e e n
h e e t i h ' i i b i s n o ' u s e e t
c i h c i i t e s o ' o n o u ' u
n e ' n i i ' c e ' n o ' u s e e n i 3
h e ' i h n o s o u c o o
w o ' u u 3 o o 3 o n o o n
n e ' c i h ' i t e n o '
n i h t e i ' o o h o o t o '
h e ' i h 3 e b c e ' n o ' u s e e n i n o
n i i n e y e i 3 e i h e i 3 i '
h e ' i h n e h t o n e i h i
t i h ' i i b i i c e n i i s i i n i '
h e n e e 3 n e e b e i s c e i ' s o o '
c i h ' e e n e t i 3 e e
h i h c e n o ' o o 3 o o o
k e i n i ' n o o h o o t
h e ' e n t o o 3 i '
n e ' c e ' n o o h o w o '
h e e s k o x u n o o ' o o '
