n e e ' e e s o o ' o h k
n i h n i ' e ' i n o n o o t
h i h ' e ' i n o n e i i t o n o
h e e t k o h e i ' i n o o
h e e t n e ' i i n e ' e t i i n
n e i h ' o o w u e ' i n o n o o
h e e t 3 o o 3 o ' o w u u c i t i i
h o o ' e i k o o h u 3 i '
h e e 3 e ' e i h i t
h e e t n i ' i i n e ' e t i i n e e
n e h e ' n i h ' i i n i i n i i s t i i 3 i '
h e e t b e h c e e c e i ' s o o '
h o o w u h i 3 o o w e ' i n
h e e t i h ' e ' i n o u ' u
c e n e e c e i ' s o o '
h i i h o o w n o ' o 3 t o n o u n o w u u
h i i h o o w u u n o n o ' e i y e i t i
h e ' n e ' n i h ' i i s i h i i n e ' e t i i t
b e t e e e t
h e e t n e e ' e e n e e s i i n e ' e t i i t
h e ' n i i s i i n e ' e t i i n o o n i
t i h n o ' u s e e t
n i h b e e t e ' i n o u ' u
h e ' i h n o x o w n o n i h ' i
t i h b e n e i ' i
n i ' i i b e s i i s e i n i ' i
n o o h o b e e 3 i '
c e s i s b i i 3 i h i n o o
n i i s c e e c e i ' s o o '
c i i n e c e i b e h ' e i h o h o '
n e e n e y e i 3 e i h o '
n i h ' e i ' t o w u u n e e 3 i '
n i i c i i c i i s i s e e 3 i '
n e e t n e i h o o w n o u u t o k o h u
h e ' i h n i i h e n b e n e
n e e ' e e 3 e ' i n o w u n e e
h e ' i i s n o o h o w o o 3 i
h e ' i h c i i s i b i h e e
n i h k o o k o h t o w u n i h i i 3 i '
t o o n c e n i h ' e e n e t i n i 3
n i h w o n b i i ' i i h e i n o o
h e i ' e i w o h o '
n o o s o u n i ' c o o c o w o ' o o t
t o n o u n o o t
c i h c e ' n e i ' o o h o b e i n o '
n e ' c e i ' s o o n i ' i
n i h ' i i c i h c e ' n o o n o ' u s e e
h e ' n e ' n i h ' i i s i i n e ' e t i i 3 i '
n i h ' e e n e t i '
n o o h o w u n
k o o ' o e c e h ' e 3 t i i
n e ' n i h ' i i ' k o o n e n o '
n i h n o ' o t o h w o o t
n e ' n i i ' c e ' o o w u h ' o h u t
h e ' n e ' i i ' o o x o h o e n e i ' t o w u u n o o t
h o o t n e ' e h ' e n t o o n o o
h e ' i h c e e c e n o ' o o
t i h n o ' u s e e t
h e e t n i i c i h ' e i ' t o w u u n e i n o o
h e e n e i ' e e n e t i n o o
n i i t n i h i i 3 i '
n e ' n i h ' i i ' c i h n o ' u s e e t
h e ' i h k o h o o x e e n o h ' o n o o k e e n o o ' o o
h i i h o o w u h ' e n t o o 3 i '
t o h ' o o n o o 3 i t e e 3 i '
n o u u c e n o ' o o 3 i '
n i i t o o 3 o o t i i
h i h ' o o w u n i ' i i n i i h e '
h e i h ' o o w u n e e ' e e s t o o
e h c e e c e i ' s o o '
h i i b i i n e '
c i h ' e i ' t o w u u n e '
n i i b e e t n i i s i 3 e i ' i n o '
b e b i i s c e h ' e 3 t i i '
h e i n e y e i 3 e i h e i i t
h o o w u n e y e i 3 e i h e i h i i n o o
h e ' i n o n e e n o '
h e i ' i i y o h o o t e '
h o o t t o o t o k o h o '
h i n o n o ' e i t i 3 i '
n i h ' i i s i i n e ' e t i i 3 i '
b e b i i s n e y e i 3 e i h e i n e e
n i i s t i i n o o
n i i c e e c e h ' e 3 t i i 3 i '
n i ' i i n o o w o o h u u t o n o
n o o n t o o n e i h i '
n i i c o ' o n t o y o o h o b e i t
c e e ' e e t i i t o o n i '
n i h ' i i w o o 3 e e '
h e e t n o ' u s e e n o '
h o o t n i h i i n o o
h e e t n e ' i i c e ' n o t i i t i i 3 i '
c i ' w o h o e '
h e e b e h n o ' u s e e
h e e t n e h b i i n o o 3 i '
h e e t n e ' i n o w
n e i h ' o w 3 o ' t o n o u n
n e ' i i c o w o ' o o h e i h i 3 i '
t i h ' i i c e ' b o o b o o 3
h e ' n e ' s e h i y i h o o t
