b i s e e n e ' i n o '
n e ' n i h ' i i 3 e ' i n o n o o 3 i '
n i h ' i i t e 3 e e n o w o o t
k e e t n e h c i i t o k o h u n
h o n o o k u u c e i n
t i h n i i t o w e n t o o n o o
n i h b i s n i i s i 3 e i ' i n o '
h e t n o o h o w o o t
h o t c i i y i h o o 3 i '
n i h k o o ' o e c o b o '
n e y e i h e ' i n o n i n e e
n e ' n i i ' n e e n e i ' o o h o w o u ' u
n i i b e e t b e n e '
n i h ' i i n o t i i t i i 3 i '
c i i n o n i h ' i
h e ' n e ' o o 3 i t e e t
n e e ' e e n e e s i i i n e ' e t i i 3 i '
t o h k o x o ' e e n e n e t i i n o '
h e i h o o w e n t o o
h o t n i e ' i n o w u n e e
n i i b i i b i i ' i i h o o 3 i '
t i h ' i i n e e n e y e i 3 e i h e i n o '
c e e ' e s i i n e ' e t i i n o '
h e e n e ' i y o o n i n
h e ' i h 3 e b c e ' n o ' u s e e n i n o
k e i n o t i i t o o
h e e t b e t e e n o o '
h e n e e y e i h n o ' u s e e n
h e i ' c i h n o ' u s e e 3 i
w o h o e ' i i s i n i h i i
n o h o h o o n i n o ' u s e e
n i ' i e n t o o n e e
h e e t n i i s y i h o o n o o n i
n o ' u x o h e i n o o
k o o n e e t n i ' y i h o o
n e e ' e i ' c e 3 e i ' o o t
h e ' i h b i i w o o h u t o h n o o h o o t o '
h e ' i h ' i 3 o o w u n i h i i n
n e ' n i h ' i i s i n i h i i n o o
t o h c e ' i i n e ' e t i i y o h k o n
k o o x h e ' n e ' n o ' u s e e t
h e ' n e ' i i b i i 3 i h i t
h e t e b i n o u h u u n i 3 i '
h e t n e e c t o y o o h o w
h e e t i h ' e e n e t i 3 e e 3 i '
h e e t i i 3 i '
h o o w u 3 o o w u u t o o n i '
h o o t c e s i s t o n o u n o '
n i h c o ' o n e e n e t i n o '
t o o n h e e n e i s i i n e ' e t i i
h e ' n e ' n i h h i i 3 o o x u w u t i i 3 i '
n i h n e y e i k o h e i ' i t
t o h ' u u c o ' o n h e e n e t i 3 e i ' e e 3 i '
t o o n n e n i i t o ' b i i ' i i h o o t
n e ' i n i h i i
n i h ' e i ' t o w u u n o '
h i i h o o w o e ' i y o o t i i n i
h e t n i i n e n t e e n i n o '
t o n o u n e '
n i h n o o h o o t o '
n e e n i h ' e e c e 3 e i ' o o t i i n i '
k o o h i h b i s i e n t o o n o '
t i h b i i n e e n o o
t o o n h e i ' h e e t c i h c e ' n o ' u s e e n
n e ' e i ' t o w u u n o o t
h e e n e i ' t o w u u n o o 3 i '
n i h ' i i t o n o u n o u ' u
n e ' n i i ' o o n o o x o h o e n i n i h i i 3 i '
x o n o o k u ' u 3 e t i '
n e ' c e ' n i i s i i n e ' e t i i n o o
h e i ' t o o 3 n o ' u s e e t
h e i ' n o ' u s e e n o o n o '
n i h c i i 3 o ' b e e b e t e e e
n e e ' e e s ' i i n e ' e t i i n o '
w o n i i n i k o t i i t
h o o w u u h e e n e ' i n
n i h i ' e e n e t i
c e i ' s o o n i ' i
h e ' i h k o h e i ' i
t i h x o u u ' o o
c i ' n e y e i
t o h n o t i i n o o x e b e i n o '
c i h c e s i s e e n e t i '
b e n i i s i n o u h u 3 i '
n i i 3 o o k u h o o 3 i '
h e e t i h i i n e ' e t i i n o '
c i h b i i ' i i h e '
k o o h e e ' i n e e b e
h e e t n i i n i h i i t
h o o w u e n t o o n o '
c e e c e h ' e 3 t i i n o o
n i h ' o o 3 i t e e t
h e i h o o w u n i ' i t o o b e
n i i c o ' o n c e h ' e 3 t i i n
t o h n o s o u y i h o o t
h i i t o o t o u s i n i h i i n o '
n i ' i i n o k o t i i t
n i h b i ' n e e n e i ' o o h o w u 3 i '
n i h i ' n e e ' e e s i n i h i i t
n i i c o ' o n n e e n e y e i 3 e i h o '
n e ' n e e 3 e b n o ' u s e e t
h e ' i h n i ' i i n i i s t i i n o '
k o o h e i n o n o ' e i t i
t i h ' i n o n o ' e i t i t
h e e t i h c e ' e ' i n
n e i h o o w n i i 3 i n
n e ' n i h ' i i t n e y e i 3 e i h e i ' e e 3 i '
n i h ' i i s i n i h i i n i 3 i
h e e t n e ' c i i s i s e e n o o
c e b i s e e n o o
h i i n o k o t i i n o '
h e t i i b e
t o h u u t o n o u n o u ' u
h e e t n i i s n i i s t i i n o '
n e ' n i h ' i i s o o 3 i t e e t
h e ' i h y i h o o n
n i h ' e e n e t i t
n e e n e i t e n o u ' u
n e ' n i h ' i i ' c i h c e e c e i ' s o o '
n e ' h e e n e i s i n i h i i 3 i '
h i i h o o w u u n o n o ' e i t i
h e e t i h c e ' i i n o n o ' e i t i n e e
h e e t i h ' o w o o y e i t i i t o o n i '
n o o k u h s o o n o '
w o ' t e n o w u '
h i i c e h ' e 3 t i i
h e e n e e n e i c x o o y e i ' o o n o o
n o o n t o o n e i h i t
3 e b w o o t o o y e i n o ' u s e e h e k
n e ' i i n e e c e n o ' o o n o o
c i i n i ' o o '
c e n c e i ' s o o '
n o o n o n i h i '
h e e t n i i ' c e 3 e i ' o o t
n e ' i y i h o o 3 i '
c e ' n o ' u s e e h e k
h e e t b e b i i s i e ' i n o w o o
c e e ' i k o h e i ' i t
h e i h o o w u n i ' e n e t i i n
c e i ' s o o '
n e n e ' e h ' e n t o o n i '
n e ' c i h c e i b i h c e h i t
h i y o o n
n i h ' e e n e t e i n i 3 i '
t o h ' e e n e t i
h e h c e ' e s o o n i ' i
n e ' k o h e i ' i
t i h ' e t t o n o u n o '
c e ' n o ' u s e e h e k
h e e s n e e n o o n i
c i h n i i n i ' i n i h i i n
h i h ' o o w o o h ' u u n i s e e
n o o s o u n e e ' e e s n e e n e y e i 3 e i h o o t
n e e n e y e i 3 e i h o u ' u
t o h u u n o o n o o h o w o o 3 i '
h e e s i n i h i i n i '
h e e t n i i s o o x o h o e n e e n e t i 3 o o 3 i '
n e ' n i h ' i i ' k o o ' o e b i i 3 w o o n e i 3 i '
h e e n e i s i i n o n o ' e i t i
n i i n o o ' o e n n i i b o o h u 3 i '
n e y e i 3 e i h o t i
h o o w n o ' o 3 i n i h i i
n i i h e i ' t o w u u n e i n o o
n i h n e e ' e e t e n t o o n o o
n i h ' e e n e i 3 o o h o o t o u ' u
c i h b i i n e i ' e e
h i ' e e n e t i n i '
h e e t n o ' u s e e n o '
n e ' o o w u c e n o ' o o t
h o o w u ' u n b e b i i s e i ' t o w u u n e i n
h e ' i h k o o k o k o h ' u u t i i
n i i n e y e i h ' e e n e i ' t o w u u n o u ' u
h o o t n o ' u s e e 3 i '
t o h n o ' o 3 o o '
n i h ' i i n i ' e e n e t i 3 o o 3 i '
n i h w o n n i i n i i s i 3 e i ' i 3 i '
n e i h o o w b e e t o h ' u u s i
n i h c o ' o n h e e n e i ' t o w u u n e i n o '
n i h ' i i n o h k u u s i i i ' o o
n i h k o n o h i i n e ' e t i i n o '
c e ' c e 3 e i ' o o h o k
h e ' e 3 e b e e n e t i 3 e e
h o o w b e n e
t o h n o ' u s e e n e e
n i i n i i s o o t i i t
h e e t c i h ' e e n e e n e t i n
n i h ' i i 3 e i i n o u ' u
n e ' w o n b i i 3 i h i n o o
h o o h o o t i ' i i n i '
h e t t o n o u n e i h i i n o o '
b i i n e e t
n i i b i i n o o 3 i '
h e e b e t e 3 e e n o w o o t
n i i n e h t o n e i h i 3 i '
h e ' n e ' n o ' u s e e t
n i i ' e e n e t i n o o
c i h b i i 3 w o o n i
h e e t n i e ' i n o n e e n
n i i b e e x o ' u u n o n o ' e i t i t
h e ' h i i n o o h o o t
h e ' h i i n o o h o o t
h e e t b i ' c e h ' e 3 t i i n o o
h e ' c e 3 k u h n e e h e k
h e e t n e ' k o o ' o e b i i 3 i h i
h e ' i h ' i i c e b i s e e
n i h ' o o n o o n i b i 3 e c o o t o u ' u
n o x o w u c e b i h i t
n o s o u n i i n o n o ' e i t i n o o
n i ' n o o h o o t o '
n e e t n e i h o o w o o h c i h n o ' u s e e b e
n i h i ' n o t t o n o o n o '
h e e 3 e i ' t o w u u n e i t
h e e t n e ' n o ' o 3 i i t o w u n o '
n i ' i i b i i 3 i h i i n e '
n i h ' e e 3 n e e n i ' i t o o t
h e e 3 e b k o o h u 3 i '
h e e s n e e n o o 3 i
h e ' i n e e ' e i ' k o h ' b i i n e i t
n i h k o o k o h t o w u n i h i i 3 i '
h o o n o b e i h i '
n i h ' i i t o n o u n o u ' u
h e ' i h n e h y i h o o
n e ' n i i ' o o n o o x o h o e n i n i h i i 3 i '
k o o h e c e b e ' e i n i ' i i n e ' e t i i b e
n e i h b i i n e i i t
n i i s c e e c e i ' s o o '
h e ' n e ' i i ' b i i ' i i h o o 3 i '
h e ' i h ' e i ' t o w u u n e i ' i
n i h ' i i t n e e ' e e s o o '
n o o s o u n e e ' e e s o o '
t i h c e e n e n t o o 3 i '
t o h u u n i i s t i i 3 i '
h e e t c e 3 e i ' o o t
h e ' i h ' e ' i y e i n o o 3 i t e e
h e ' i h n o ' u s e e
t o h n i ' i t o o n e e
h e e c i s i i s i i n i n i '
n i h c e e c e i ' s o o '
n i h ' o w o h ' u u n e ' e t i i n o '
h e e t b i i ' i i h o '
h i h b i i n e i n
h i h ' o o w u u 3 o ' e e n e t i 3 e e
h e e s i n o ' u s e e t
h e ' i i k o o h u 3 i
c i h ' e e n e t i 3 e e
t o o n h e e n e i t n i i s i 3 e i ' i 3 i '
h e e t c e ' n o ' u s e e n o '
h e ' i i s i h o o n o o 3 i
n e i h o o w o o h n o o h o w o o
n i i n i ' n o o h o w o u ' u
h e e n e e t i i n o k o t i i n o o 3 i
h e ' i h c i h y i h o o
n i h k o o ' o e n e e n e t i n i '
h i i n o ' u s e e '
n i h b e e x n i h ' o o 3 o u y e i t i t
h e e s i i n e ' e t i i n
h o o t n i i 3 e t i '
h e ' n e ' k o h e i ' i t
n i h i ' e e n e t i n o '
n i i y i h o o n i '
n e ' i c i h n e e n o o h o b e i t
h e i t o u s b i i 3 i h i n e e
t o h n o ' u s e e n e e
h e e t i h c o o t
h e ' i h ' o o 3 i t e e n o '
n i h ' i i t b o o 3 o t i
n e ' n o t t o n o o t
n e e c i s e e h e e 3 e i h o k
t o h ' e n t o o n o o
h e ' i h c e y o t o w o o 3 i t o u h u
n i i h e n i e ' i n o w o o
n e i h o o w o o h n e e ' e e s t o o
n e ' n i h ' i i s i h i i n e ' e t i i e h k o n i '
n i h b e t e e e 3 i '
n o h ' o u b e i t
t o o n c e n i h ' e e n e t i n i 3
k o x u 3 c e n o ' o o
t o o n h i i b e e t o t o o n o o 3 o o
h e ' i h ' i i n i i t o u u h u n o '
h e e b e h n e y e i 3 e i h e e
k o o h e b e e t b e t e e e b e
h e e t i h n e y e i h ' e ' i n o u ' u
h e e t n e ' e h ' e n t o o t
n e i h o o w n i i t o b e e b e
n e ' n e e 3 e b n o ' u s e e t
n i i n e e ' e e n e e s i n i h i i 3 i '
h e e t t o n e n o u ' u
n o e h i t
h e i ' t o w u u n e e t
h e e t n e i ' t o w u u n o '
h e e t i ' i i n e ' e t i i 3 i '
h e e t n e ' c e ' n o ' u x o h e 3 e n
t o o t h i h ' i h o o
n i h i ' i i n o o
t i h ' i i y o h o o t e '
h e ' i h ' i i n o h k u n i i 3 i h i i n e ' e t i i n o '
h e ' n e ' n i h ' i i t o o t i i t
n e i h n i h i i 3 o o
n e e s e i n e b e i i t o n o
n e ' n e y e i 3 e i h o o t
n i h ' i i 3 e e 3 e ' o ' u u n e ' e t i i t
c i i t o n o u n o w u n e h k
h e e t n i ' h e i ' t o w u u n o t i
h e e 3 e b w o n c e 3 e i ' o o t
h i i h o o w k o h t o w u n i h i i
n e ' b e e 3 i i n e ' e t i i t
n i i n o t i i t i i n o o
h e e t n i i i n o ' u s e e t
h e e t n i i t e h e i b e t i i t
k o o t o n o u n o w u u
n e ' c i h c e i ' s o o '
n e e n e y e i 3 e i h e i ' e e 3 i '
h e e t n e ' c e ' w o ' t e n o u ' u
h e i ' b e e 3 e e n e t i 3 i '
h e e t n o s o u n e y e i 3 e i h i 3 i '
n e ' n i i ' c e s i s h e ' i n o w o o
t o h b i i ' i i h o o t
h e e 3 n e e b e e t e ' i n o n
t i h ' e e n e t i 3 e i n o '
n e ' c e ' c e i ' s o o '
t i h ' i 3 o o w u n i i 3 o y e i t e i h i t
h e ' n e ' i y i h o o t
n i h w o ' w u c e n o ' o o 3 i '
h e i b e e x n e y e i t o t o o s h o n o n
n i i n i ' n e y e i 3 e i h e e t
h e e t b e e x o ' u u n o n o ' e i t i n o '
h e n e e 3 n e e c e e c e i ' s o o '
h e e t n o s o u n i ' c e b i s e e t
k o o n e e t n i ' i y i h o o
t i h n o s o u n o o 3 i t e e t
h e n i i x o o h o k
n e ' n i i ' n o o n o o h o w o u ' u
h i i b i i b i 3 e h i '
n i i h e e n e t i 3 o o 3 i '
3 e b t o k o h u n i '
c e ' e s o o '
n e n i i w o u h ' u n o o
n e i h ' o w 3 o ' t o n o u n
h e e t n o h ' o u u w o u ' u
h o t n e i ' t o w u u n e 3 e n
h i i h o o w t o n o u n o w u u
h e ' i h c i i 3 o ' b i i ' i i h e e n o '
h e e t b e e x u c i i s i s e e n o o
n i h y i h o o n i '
h e ' i h ' i i n i ' e e n e t i
k e i b e e t n o t t o n o o
h e e t b i i n e e n
h e e t n e h k o x t e s o ' o n o o n o '
n e e n e b i i t e '
3 o o k u h e i ' e e t
n i i b i ' t o n o u n o w o o
n e ' e h c e ' n o ' u s e e t
n e ' c e i ' s o o n i ' i
t o h ' e i ' t o w u u n o o t
n i i c i i t o n o u n e i h i i n o o
n i h n o h ' n i h i ' k o o h u t
h e ' i h c i i n i i t o b e e n o '
n i h i ' i i n o h k u u n e ' e t i i e h k o n i '
h e ' e 3 e b e e n e t i 3 e e
h e e t n i i t o ' e e n e t i
c e ' c e n o ' o o n i 3
h e e t n e ' i n o n o u ' u
c e 3 e i ' o o n
t o o n n i i t o ' h e n i i s i i t e n o o t
h i n o n o ' e i y e i t i t
h e e 3 e b n o ' u u n e ' e t i i t
h e e t c i h k o h e i ' i t
h e e t i i 3 o '
n i h ' e e 3 n e e n i ' o o '
n e ' k o o k o k o h ' o u h o o t
h o w o u u n o n e i t
h e i b e e t e ' i y o o
t o h u ' n e e ' e e s t o o t
n e ' c e ' c e i ' s o o '
n e n e e t o x u u h e i n o o
h e i ' c e ' n o ' u s e e t
n o ' u s e e h o k
k e i h c i i b e e t b o o b o o 3 e i ' i
h e e t c e i ' s o o '
n e ' k o h ' u s e t i i t
h o o t b i i ' i i h o t
w o n n o t t o n
h i i n e y e i c e h ' e 3 t i i '
h i i c e h ' e 3 t i i
n i i t o k o h o '
h e ' c i ' w o x u ' u u w o
h e i ' e y e i n o ' u s e e t
t o h ' e i ' t o w u u n o o t
k o o h e i h c i h ' e n t o o
c e b t o k o y o n o
n i h c i i n o o 3 i t e e 3 i '
n e e n e e ' e e 3 e ' i n o w o o
n i h n e y e i n e i ' o o h o b e e t
t o h u u c i h n i ' i n i h i i t
h o o n o o k o n o o n i i n e ' e t i i 3 i '
h e n e e 3 n e e c e i ' s o o n i ' i
h e ' i h n i h i ' n e i
h e e t i h b i s i e ' i n o w u n o '
h e e s i i n e ' e t i i n i 3
n i h c i h n e i ' o o h o w o '
h e e t n e y e i h e e n e i ' t o w u u n o o n o '
h e t n e i h o o w u e ' i n o w u u
h e e t c i i t e s o ' o n o o n o '
h e e t c i h n o ' u s e e n e e
h i c i i y o o n i n o o
h e e t i h n o o h o b e i n o n i
n e ' c e ' 3 e e 3 e i i n o w u n i 3
h e e s t o n o u n o '
n i h ' o o t i i 3 i '
h e e t b e e x u n i ' i t o o 3 i '
h e ' i i s t o n o u n o w u n o o 3 i
n i h ' e e n e n t o o 3 i '
t i h ' i i b e t e e n o o '
h e ' i h b e e 3 i h e e
k o o h e i n o t i i t i i
c i h c e n o ' o o t
n i i k o o ' o e b i i 3 i h i 3 i '
h e i ' c e ' k o h e i ' i t
s i i h e n e e 3 n e e c i i n i ' i t o o 3 i '
h e e t i h ' i i n e y e i b i i ' i i h o o 3 i '
b i ' n i h i i
t o o n h e e s i k o c o o ' o 3 i t e n e i n o n i
n e ' c e ' n e y e i n e y e i 3 e i h o o n o '
h e e t n i ' o o 3 i t e e n o o
h e ' n e ' i i ' n o t t o n o o t
h e e c i s i i s i i n i n i ' i
h e e t i h ' o o 3 i t e e t
h e e t i h ' i i b i s n o ' u s e e t
b e n e e c i i n i '
t i h b e t e e e 3 i '
h i 3 h i h ' e ' i n o w u n e h k
n e ' t o y e i n o u s i ' i
h e e c i s i k o o h u 3 i '
h e e t i h n o ' u x o h e i ' e e n
h e t b e e x n i i n i ' i n i h i i t
n i h b i ' n e i ' o o h o w o o t
h e t c e h ' e 3 t i i
n i h ' i i n i h ' o n i i 3 i '
h i h ' o o w n o o h o b e e
n e ' c i h n o ' u s e e n i 3
h e e t n i i 3 o o x u w u t i i
h e ' i h c i h ' e ' i n o n e i ' i
t o h c i i n i ' o o n t o o n e i n o n i
n i i c o ' o n i ' e e n e t i 3 i '
c i i n e ' e h ' e n t o o n
k o o s e i n o o n i n i ' i
h o o w e h n o ' u s e e
h i n i s c i h i n i n o u h u u t o o n i n o o
h e e b e h n o ' u s e e
n e ' b i i n o o 3 i '
n i h ' i t e n o '
b e b i i s n e y e i 3 e i h e i n e e
w o t n i ' o o h o k
c e ' i i n i k o t i i 3 i '
h e ' i h ' e e n e t i
c e e c e b e ' e i h o t i
h e ' i n o n o '
h e e t n i i n i i s i 3 e i ' i n
h e e t c i h n o ' u s e e n e e
h e ' i h ' o o w u n i i h i i k o h e '
h i i h o o w o o h t o n o u n o w u u
h e e t c i h c e ' n o ' u s e e n
h e t n o t i k o n i n o '
h e e t n i i 3 e i ' n e e n i h i ' k o o h u t
h o o w c o ' o k o h u
h e e t o h ' i i n e ' e t i i n o '
k o 3 e i n o o 3 i t o o
t i h ' e i ' t o w u u n
h o o w u ' u n e e n e t i 3 e e n o '
n e i h ' o o w u n i ' n o o n o n i h i '
h e e t i t o o x n i i t o u u h u t
h e e t n e ' c o o x u w u h e e n
n i i n e y e i h i n o n o ' e i t i 3 o u ' u
h e ' i h c e 3 e i ' o o n o '
h e e t w o n e e n e t i
n i h i ' i i n o k o t i i n o '
h e ' i h n e y e i c e 3 e i ' o o
h e i h o o w u n i ' i t o o b e
n i h c o o n i 3 i
c e s i s h e e n e i n e ' e t i i n o '
n e ' n e y e i 3 e i h e i n o o
h e e t i h h i i n e e ' e e s i n i h i i n e e
h e ' i h n e i ' e n o w u u n e e
n o ' u s e e n e e
n e ' b e e t b o o 3 o o t
n i h c o ' o n i n i h i i
t i h w o n y i h o o n o '
h e ' i h b i s s e ' s i n e n i n o
n e ' n o u u c e n o ' o o t
h e e t n e i ' t o w u u n i n
h e e t i h ' i i n i k o t i i n o '
h e e s c e e c e i ' s o o '
n i h c e i ' s o o n i '
h i i b e e t e ' i y o o
h e e t n e ' e h ' e n t o o n
n i h c o ' o n n o o h o o t o w o o
h e e t i h n e y e i 3 e i h o t i
n i h ' e e n e i s n e y e i 3 e i h e i ' e e 3 i '
n i h b o o 3 o o 3 i '
n e ' e e n e n t o o
