i
i
t o ː
s o ː k a ː n ď i t ͡ ʃ a ː t i n
k ə r
i j o n
i j o l t i n
d a ː
o j o d u n
d u ː
h ə
d o ː
i j o l ď i w ə r
f
ə j ə ː r ə
i j o l w o t i n
o t ͡ ʃ ə w
n ə n
o j j o j o j
ə l
i ː d u k
ď u r
s o ː t
r o z a
j a k o v
a p a ť
o r o d i
e ť i
ə j ə ː h i n ď ə ŋ ə ː t
ə j ə ː t t ͡ ʃ ə n
ə t ə t
ə j ə ː h i n ď ə n ə
n ə k ə ď ə m
b a j
ś i t ͡ ʃ a s
n o ː k ə l l u
k o s o l w o
ə ŋ ə ɲ i ː
t u g
n ə ː l k i ː
o d a n k i n
ə l o ː l i ː
ə m ə g ə n i n
ə ː k u ː n m a l
t ə l i n
a r a k u k a ː n
t u g e
ə ŋ ə h i ː ś i
t ə t i γ ə ː l o n
v a a p ʃ ə
l ə ŋ k o l d u k
ə d a
j a k u t s k a
a r a k u ː k a ː n
l o p o k o l
t ə t t ə
m ə t
h ə k u ː h i ː t
ď a n
s o l d a t i l
ʃ t a
l o k o w k i ː
m o ː t ə
u ʒ ə
s o g d o n n o d u ː
n o ː d a m
d a ː
ə ŋ ə h i ː w
t u g ə r i k t a
d ə k t ə n d ə l i n
s a ː r ə n
h ə ŋ k ə t t ͡ ʃ i l d ə
i r ə k ś ə l d u ː
t u k s a n ə n
j a k o w l e w n a
ə m ə g ə n d u ː
t o γ o t i n
ś i n ŋ i ː
o m t i l
o k n ə n
n o k u l d u l o ː
t a r ə
n a k a n n o d u k
o p a t
t o γ o j o j
t o k m a l a ː
h ə k u ː s i j ə
t u g i
t ə t i w d ə ː t i n
t ə t i l w ə
b a b a j i l w a
a n a n
n ə k n i l b i
d o ː r ə n
n o ː d a r a n
t u k u l ď a n
d i k t ə l a
d a k k a n ə m i l ə
ď a w
n a k a n n a l a ː
h a k t i r d u ː
n ə k n i l d u ː w i
l o k o k o n ə m
u ś i t t a m
d u k ə l ə ː
n o ː t t ə n
h ə ː k i ː m n a l ď ə r ə
a d i ː
b a k a ď a ŋ a ː w
b a k a n a m
b a k a m
t o k t o r o
u r u ː n t ͡ ʃ ə ď ə n ə
t o ː l i
t o ː w ə r
o ŋ o k t o l i ː n
d o ː l d i ː r a
d o ː l d i ː s a
b a k a ď a ŋ a s
u ś i t t ͡ ʃ a ː w
b a k a ś i w k a ː n i f k i ː
h ə ː k i ː m n a r a
h ə t u k ə ː t ť ə w k i ː
d u k t ə l k o ː k u ː t t ͡ ʃ o
i k o n ə m
t ə t i w ə l i w k i ː l
d o ː l d i ː l l ə w
d o ː l d i ː r ə w
d o ː w a r a
h ə ː k i ː m n ə h i n ə n
b i o l ə k p a
t ə t i w u l d a n
t ə t i l l ə n
a n t i
t ə t i p t ͡ ʃ o
h ə k ə r g ə ś o
a r k i t t ͡ ʃ i w r a
t ə t i w r ə
e ː k u r w a t i n
e ː k u r a j i
e ː k u r w ə s
d o ː l d i ː d a ː n
t a ŋ t ͡ ʃ a ː w
j u ː r ə w
n o ː r ə w
p l a n
ə ŋ ə h i ː j ə s
ʃ o ː t
a ŋ i t
g o r o j o ː
i s ə f k ə l
ə d i n
p a d r a t
m o n
i ː l a
i ŋ i n
i h ə r i k t ə
p o r o h
a h i ŋ i
m a r i s
ə d i n
ə n i n i n
u s t ə n
d a ʃ a
ď i ː γ i t
i l o ː
ď u g a
ɲ i w o
a l i k
g u n i m
g u n i l i m
b o l o
ď ə w
b ə l i n
g u g d a
ʃ a m a n
t o g o j i
o ː k i ː n
r i ʒ i m
ə t ə j ə ː t m i
b o l ʃ ə
h e ː k t a l
d i ŋ n i ː
t u r ə ː n i n
k i ŋ g i t ŋ i ː
j e ː j e ː
p u t i n
d u n n ə m a
o ː k i r
o j o l g o
o ʃ i
i l a ɲ i
i n m ə
m i r ə
o t ͡ ʃ ə n
ɲ u ŋ ə n
h u l a n
o ː n m ə r
k u l t i r
i ː k ə l
ə t a w a
i ː d u
t ͡ ʃ e m o k o k o ː n
ə l a w ə l
t a d u ː d a ː
m u l i n
ə r t ə k i
a d i ː k u ː r
ď u ː w ə
h a g d i f
g a l a
ʃ k o l a
ď u ː k a ː n m u n
k o r o ː n d u k
h a ː r ə
h a ː s a ː m
a ŋ i k a ː k u ː r ə
i ś ə t k ə l d o
a n d ə
k o m o j ə
a n d r e j
t a ː d u ː k
ə ɲ i n i n
w a r k ə
d o ː ŋ i n
h a ː d u n
n a ː d a n
d a s n a w a n
ď i k t ə k o ː r w ə
h u n d u ː
t u r u d u
t u r u d u ː
s ə f h o s
b i m ɲ i n
k ə ɲ t ͡ ʃ ə
s t ə i ʃ
t ə r a ː m
b i r a j a
ď u ː ś i
b a r ʒ i l
m o ː w a
m o ː l
ə m u g d ə
ď a w r a ː w
o l d o s i ː
b o l i n i ː
u l l ə
h o g d i ŋ o
ə ɲ i ː n m ə w
ɲ i ď e l a
