t r o f i m
g u l u w u n
a ŋ i r a w u n
a ŋ i r a w
a ŋ i l l a w
t u l ə ː t t ͡ ʃ ə m
a ŋ a n i ś i
ď u r d u ː
h a l g a n
ɲ i ː w ə
a r a m a ː
a m i ː ŋ i ː w
t ͡ ʃ i s t ə
ɲ a m i l
t a r k a ː n
ŋ ə n i n
h a ː w a n
h o r i k a ː k u r
o ď a r a
p a l a t k a l d i
a ŋ a ď a k a ː r
t u γ ə ɲ i ː
ʃ a m a ʃ i l
i b ď a r i
t ə r u ː t t a n
a ː f k i ː
d ə r u ː k o n ə m
i ː d u k p ə r
b u ː m ɲ i ː
ď u k t ͡ ʃ a
n a m a ː ď i
t a w ə r
ď ə l ə k i ː l b ə
o n t i k i n
m e t r i l
ə w ə s k i ː
a j a k a ː k u n
a j a t
h ə g d i ŋ o
ə ŋ n ə k o ː r w i
k a l i l
ď u ː d u ː
h ə r ə k ə w a
a k k ə l
k a n i k u l i l d u ː
k o r o ː n d u l a ː n
ď a w a p t u n
h ə r ə k ə l a ː
u l i ː k ə l
m ə ː n i n
i r ə m o ː h i ś o ː n
ə ŋ ə h i ː
a m a r d u n
t u ŋ i w ə
a ŋ ə k a ː k u r
a ŋ a n i s i
t a j m e ɲ
d a g i ː f
o l d o k o r w ə
i n i k i r
z ď ə l a n i
t a l u w a
o ŋ k i ː w u n
i r i k o n ə m
b e g a j a
m ə l e ɲ k ə
t ə ď ə ː n ə
v i r t o l o t
d ə w g ə t t ə
m a j a
o m o w r o w
a h i ː ś i
a h a t k a r
b u ː p k i ː l
ə k u n a
s i ŋ i l g ə n
e ː k u n m ə l
h ə r ə k ə r ə w
g ə r b i ś i
a b e t t u ː
p a t d i ś a t
i ː ŋ k i ː t i n
g o r o k o ː n
ď u r w ə
a j a k a n ď i
b a b a j k ə l
a h i ː n
k i γ l ə ː l ď i
w a r a k m i
a j o ː
ɲ i m ŋ a k a ː r
ś i r u ː w u n
a r u ʒ i j a
a ŋ ŋ a ś i n
h u t ə t ə j
a ŋ n a n i ː d u ː
w i b a r i l
d a r i s k i ː
h u n a ː ď i n
o l e k s a ː
d ə g i n t i
l u d m i l a
ď u k t ͡ ʃ a n
h o k t ə w ə r
a n ŋ a n i ː d u k
h u k t i m ə t
ď ə m ŋ ə n ə n
ɲ i ː ś i ː
a n ŋ a n i ː n
ď a n m ə
e ː k u n g u
t i r ə ː t ͡ ʃ o
g i r k u m a t
w i b o r i l
i ː l a ː w ə l
h u n a t i l
a ː t ͡ ʃ i r
i l l ə n
h a ː r g i
h a ː r g i k a ː k u ː n
h ə r ə k ə t m ə r i j ə
a k i r w i w
ə s i ː p t ͡ ʃ u
h ə g d i d u k
ď a l d u j i ː
j u ː ŋ k i ː n
ś i p k a ː k o ː r
t ə ď ə ː j ə
g e ː t k i ː
u l l ə w ə
t u ŋ a ɲ a m a
a t i r k a ː r
o ː k i r w a l
h ə g d i γ i w
e p i ď e m i j a
h u w u l d u l o ː n
g ə n n o ː f k i ː
ə k o n d a d u k
d a s t ͡ ʃ a n
u ŋ k o n m ə n
t i l i m
p ə k t i r o ː n i m
l u k i ː l i n
t u k s a ː h i n ə m
ď a w r a ː h i n ď ə ŋ a ː t
h u w u l i t i n
t u k s a ː r ə n
h o m o ː t i ː
b a r g i s k i ː
t u k s a ː m i
ś i n ť a b r e
k i l o m e t r
k o r e ː l o ː w u n
a h i ː n u n
a h i ː n ə n
ŋ i ː γ ə
k ə ŋ g i l o ː n m ə
k a j u r d u ː
m o ː l a ː
k ə ŋ g i l o ː r i n
i n ə
p ə k t i r o w u n ə n
i l a n ď i
h a ː r ə
a ŋ i l t i n
b u ː s i l d ə
l u t ͡ ʃ a d i t
a j a w r ə
ə w ə d i w a
a n ŋ u d u ː
a ŋ i ď ə t ͡ ʃ a ː n
b a g d a k ə l
h o ː n a l i
t u n ŋ a w a
b u ː ŋ n ə m
h o g d o ŋ o w i
h a l g a l i ʃ u
g u l u w u n m a
k u s u l ə
a ŋ i k a ː k u ː n
u r a ː m
ď o n i n ŋ a ː m
ʃ t e ː n b e r k
m a l u ː d u ː
a γ i ː l d u ː
ď ə w ď ə r ə n
m u k o ː t o l i ː n
k i ŋ g i t t u ː
ď a w i l a
p ə k t i r o ː n m i ː
ʃ k o l a w a
a g r ə n
t a n ə n
t a j g a d u
ď u k t ͡ ʃ a w ə
i n ď ə r ə p
b a r ʒ a d u k
t o l g o k i ː l
g u l u l d u ː
t r o f i m ŋ i l
o ď a ŋ a ː w
w o w k a n u n
u t ͡ ʃ a m i ŋ a r
a ŋ a k ə l l u
ʃ a r g a ś i n
i s ə t t ə n
g a r p a s o l
t a r g a ś i ː n
k ə ŋ g i l o ː r t i n
h a r u ː k k a r
m i n d u l a ː
p o t a p t u ː
ʃ ə s ď ə ś a t
d a r i ː l i ː
ə ː l a h a w a l
t i l i ŋ n ə m g u
r ə s a m a h ə w ə
a l i k s a n d r
t ə p u ː t t ə
a ː m u t t u ː
d a r j a k a ː n
u ː k o ː ŋ
m i r n i j d u ː
p ə k t i r o ː w u n m ə
t i p a l l a n
m a j g u l
h u k ə t ͡ ʃ i l
v i r t ə l o t i
u ś o b a d u ː
m a n a w u n d u ː n
b ə l ə ŋ k i ː t i n
b u l t a d u ː
ɲ e k ə ŋ d ə d u k
k a r a b i n m a
b a g d a k ə w ə
h ə g d i m ə m ə w ə
a γ i ː t k i
h u l a n n u n
o r ď i n m ə
ŋ ə n ə n d u ː j i
m o n d u k p i
d u n d i l o ː
g e ː t p i
t u γ a ɲ i ː w ə
ŋ ə n ə ď ə m i t
ď a w i t i n
u ŋ t u w u n d u ː
u ŋ t u w u n m ə
m u r u m ə w ə
p ə k t i r o ː t ͡ ʃ o ː n
g i r k u ď a f k i ː l
g i r k u ď a r i ː l
u r i k i ː t t u ː
h ə g d i l d u l o ː t i n
h ə h ə n i ŋ k i ː n
m u ː k o ː n ď i
i ś ə m i
a ŋ a m ə s i ː r
i s ə ś o
i l t ə n i l i m
a ŋ a n d u ː i
t ͡ ʃ a ŋ g a ː d a
p a t ͡ ʃ ť i ʃ t a
m a l e ɲ k o k a n
k ə r g ə n d u ː j i
b u l t a ŋ k i ː t i n
ŋ ə l i ś i w k i ː
m i k t ͡ ʃ a n ə m
p ə k t i r ə ː n ə l i m
u r i ː n ə l l ə w
ď u ː k a k a ː n ď i w ə r
s a f h o s t u ː
a ŋ i l w a
i t ͡ ʃ ə n o ː s t ͡ ʃ o ː w
k i n o w o
n a m a w u n ď i
o l d o ś i ː d u ː
a h i ː n
a m a r i t p i
a ŋ i ď ə r ə n
h a g d i t m ə r
o l o s o
o m o ː n ə w
o m o ː n ə w u n
t u k s a ː n ə n
i v a n o v i t ͡ ʃ
t u k a l a n d u ː
k u k t i m
ď a p ď ə r ə
b o k o n t ͡ ʃ u k ə l
g u l u w u n m i
b a l d i ː ď a m
ď ə p t i l ə t i n
i b ď a r i t k i
h a ː r g i d u ː
a n ŋ i t
b o l ʃ ə w i k i l
h o m o ː t i ː w a
g i r k u ː ď a f k i ː l
t a p ď a n a
ŋ i n a k i n m a
a m u t t u l a ː
t u n ŋ a ď a r d u ː
t ə γ ə k ə l d u
h i g ď ə m
v e r t o l o t i l
h o ː ŋ ə r i k t a t i n
i ś ə ď ə n
i s s a l
ď u ː l i ː w u n
k u p t u r a n
k a r a b i t a j
u ɲ o n ə
e ː k u k a ː n m ə r
m a r i l d u l i ː
u ŋ t u w u n m i
i ː m d ə t i n
n u r g i ď a r a
ď u k t ͡ ʃ a d u ː
i n ď ə k ə l l u
ď ə b d o ː t i n
m o ː l a ː ď ə ŋ k i ː f
ď a w w ə r
ď a w w a r
h ə n u r ə n
a j a m a m a ː t
a ŋ ə r ə
ɲ ə m u l ə m ɲ i h ə l
s a r ś i k a n m ə
o m o l g i ː k o n i n
z a ʃ i ʃ a t i l ď ə m
ď u g u ď ə f k i ː
a ŋ a l ď ə n
ŋ ə p k ə k ə ː d u ː
g a ŋ a p k i ː l
j u k t ə l a ː
a j a l
t i m a ː l t a ː n a
h ə t ə k ə n ə m
ŋ ə ː r i ː ď ə r ə n
t a d u ː
a m a r d u ː n
a m a r d u t i n
i ś ə r ə
k u ŋ a k a r w i
k u ŋ a k a r i w
ə h i k o k o n
ə h i k ə ː k ə ː n
ə h i k ə k o n
v a s i l j ə v i t ͡ ʃ
ɲ e k ə ŋ d ə d u ː
i n ə k t ə ŋ k i ː t i n
b u ː s o
b u ː ś o
i r g i ʃ ə l w ə
v e d ə m ə s t i w ə
h u j u k u ː n d u k p i ː
b i r a j a n
b u ː ď ə m
ŋ ə l i w ś i p t ͡ ʃ u
ə k n i ː l w ə
g o g o ď o r o
o s a ː s
t ə r g ə k s ə l b ə r
t i k t ͡ ʃ a k i w ə
i ŋ ə n i w a
i ŋ ə n i w ə
n a w ə h i l w ə
ď u k t ͡ ʃ a l a ː n
t ə l i ː ŋ i l t i n
p o j ə z d a d u k
z a p a t t i k i ː
m i ɲ a j i ŋ k i ː w u n
o r a w
z i m o w j o l a ː
t ə w ə k ə l l ə
o g r a d a l a ː t i n
ʃ a m a ʃ i l w u
ʒ e r ď i l w ə
ď ə ː j a w i
ə l i w u m
h u t a k a ː n a
u ʃ i p ď a
t a n d ə
o ď ə ŋ k i ː w u n
t i r g a ɲ i ː t i k i n
h u r i ː w o ː n ď ə n ə
t ə γ ə t ͡ ʃ ə l
ɲ a ŋ t a t i ː ď a m
b u l t a ď i f k i ː
a n ŋ i t ť a l
h a w a l i l i m
ď e b ď ə r ə
ŋ ə n ə ď ə n
p ə k t ə r ə w u n i w
i l m a k t a d u ː j i
ŋ ə n ə p ď ə r ə n
b u l t a l w a
d a ː t k i ː w ə r
t o r o d o ː t i n
m i n ŋ i ː
m i n ŋ i ː l
ə n i ŋ ə h ə j i ː
g a n a t m a ː t t ͡ ʃ a
g a n a t m a ː t t ͡ ʃ ə f k i ː l
h a ː l b ə t i n
t a w g a ː t
ə w r ə n
p u r g a l t ͡ ʃ a
ŋ ə n ə w r ə
a l a ː ś i l t ͡ ʃ a l
h u b ď ə n ə
ď ə b d o ː j ə
ď ə b d o ː w i
g u ɲ i l i m
g e ː w u m
g a ŋ a d a w ə r
ď i ʒ u r i ď ə p k i ː l
g i r k u ď a ŋ a ː w
a m t i l n u n m i
a ː s i n m u r ə n
ə k s p ə ď i t s i j ə w ə
t u m ɲ i r ə n
d ə g i l ď ə m
ɲ e k ə ŋ d ə l a ː
ď u k t ͡ ʃ a k a ː n d u l a ː t i n
k a p k a r w ə r
i r g i t ͡ ʃ i l w ə
h ə g d i ŋ ə k o ː k u r ď i
i n ď ə ŋ n ə r ə w u n
i n ď ə ŋ n ə r ə w
a m a ː k a ː t i n
ŋ i n a k i n m u n
b i l u t ə r w ə
ŋ i n a k i n t i n
g i r a n i l ď a m
r a ɲ i k t ə l i
a m a ː k a ː l w i
b a l ď i s a n
o m o l g i ː n u n
o h a l w ə
g i r k u ď a n a
ɲ i m a t i ŋ n a k a l d u
g a ː t t ə
p u ʃ n o m e h o w o j d u ː
o l l a
u l g u t ͡ ʃ o ː n ď ə m l i
i n ď ə ŋ k i ː w u n
u t ͡ ʃ u ď ə ŋ n ə m
d ə g m i
g u n i l t ͡ ʃ o l
g u n i f k i ː l
ś u ː k ə l b a
u l i ː ď ə ŋ k i ː n
h ə g d i h ə ď ə n ə
i s m i ɲ i r ə
t ə γ ə t t ͡ ʃ ə n ə
h u n a ː ď i l w ə
h a ː m
s t a ː d ə l a ː t i n
ʃ o ː m n a ː s t ͡ ʃ ə ː w
t a l u l w a
ə t ə ː r ə n
g i r k i ː t ə ː k t ə
h a ŋ u ː k t a w k i ː l
n u l g i k t ə ď ə ŋ k i ː w u n
m o ː l d u ː t i n
g i r k i ː t ə ː ď ə ś o
h a ː r i l b a
v a j n a ŋ i h i
t a ː n i s i n ə n
ď a w d u l a ː w ə r
t a n t ͡ ʃ ə ď ə m
u m u k i r
g a n a ś i l i m t ͡ ʃ o w
a m i ː n m i ː
a m i ː n m i
b u k t u t t ə
ď o ː ɲ ť a ď a ŋ k i ː n
t a n t ͡ ʃ a ď ə r ə n
i ŋ t u w u n ə n
ŋ ə n ə ŋ n ə r ə w u n
k u ŋ a k a r ď i
s p e t s ʃ k o l a d u ː
ŋ ə n ə m
ś e v ə r g i d a ː t k i ː
k u ŋ a k a r t i n
g o d r o ʒ d ə n i j ə l
ď a w d u l a ː j i
k o h i ď a ŋ k i ː n
d u n n ə l a ː
a ŋ i ś o
a ŋ i s a
a ŋ i r ə
a ŋ i w k i ː
u r i ː h i n n a ː h i n a n
ŋ ə n ə ď ə ŋ n ə r ə w u n
u ď a ś i n ə
m i t p ə
ŋ ə l i ś i ŋ n ə m
b u l t a ŋ k i w u n
t ͡ ʃ o k o k s o ː n m o
i m u ː k s ə l w o n
k o ː l a r ď ə m i
d a w a r s a ď a n a
h u k u l ə ː m
b u s l ə l d ə n
h u k u ʃ i l i ŋ ə r ə
a j a
a j a m a m a l ď i
a j a t
g i r k u ď a ď a ŋ a ː s
u w i ː r i w r ə n
m u r u m n ə k
o f k i ː
o t ͡ ʃ a
i ś i l l ə w
m u r u ː k ə ː ď a f k i ː
i n ď ə ś ə n
ʃ u n d u k
u r k ə w ə t i n
i ː k n ə n i n
h i l b a t t ͡ ʃ a ŋ a ː w
d i n ŋ i ː l ə ː h i n t ͡ ʃ i t ͡ ʃ o
b o k o k o n ə m
a ŋ i l a ː n
a ŋ i l a w ə r
a ŋ i l w a t i n
a ŋ i l i n
a ŋ i d u k
a ŋ i t ͡ ʃ a h i n t ͡ ʃ a
a ŋ i r ə
a ŋ i l b a r
a ŋ i n d u l a
h a ː d o n t ͡ ʃ i n i l
b a h i l a j w ə
t ͡ ʃ i p k a ː r w i
d ə g i l d ə n
i n t i d a ː j i
ď a p ď a n o ː ʃ i ŋ n ə r ə
b a k a r a w
n o n o f
k u ŋ a k a r w o
t u k s a ː h i n ə n
t i j ə w u n ď i t p i
ʃ u r u ŋ n ə r ə w
ʃ u r u ŋ n ə r ə v
s a ŋ a ː r w ə
a r t ͡ ʃ ə r ə w u n
h u w u l b ə t i n
b a l ď i s a ː w
o b l a s ť t u ː
t ͡ ʃ i p k a ː n d u l i ː
a m b a r d u l i ː
ď ə b ď ə r ə k i n
ŋ o ː l i ś i f k i ː l
i s t a n
m i n ď e
ə γ i f k o n ə
a t i r k a ː r d u ː
ʃ k o l a l a j i ː
h i l b a t t ͡ ʃ a
h a ː r i ː r ə w
g i r k u ď a r a n
t a w i n d o ː n
p a n k a g i r s k a j d u k
k ə γ ə n ə l
ď u ː l d u ː t i n
h ə n u d a ː n
g o g o ď o m i
g o g o ď o k o ː n ə m
g o g o ď a m i
u l g u t ͡ ʃ o ː n ə
h ə h ə n ď ə ŋ a
t a ŋ ď a ŋ n a m
g i r a n i l l ə
d o l b o l t o n o l o
g i r k u ː n a l
a ŋ a ď a k a ː r w a
m o ː l a ː f k a ː
a ː h i s a l a n
t u k s a ː h i s a
h u k u l o ː ď ə r ə n
d ə g i l t ͡ ʃ o
t e r a p e f ť ə
t o g o t ͡ ʃ i l a
t u r u ŋ i ː w ə
e ː k t ə l i
l u k t a
p u r a s i n a w
t u l ə r ə w
d ə γ i n m ə k t ə l w ə
m o t o r j a w ə r
e k o l o g i t ͡ ʃ e s k a j i l
a g i f k ə l d u
g i r k u r a
ď ə p t i l ə l ə ː t i n
t ə γ ə ś o
t ə γ ə p k i ː
h a w a l i l t ͡ ʃ a
h a w a l i w k i ː
t o l g o k i ː l w ə t i n
h ə g d i m ə r
ŋ ə n ə ď ə ŋ o ː ː t i n
s a w o ː d a l w ə
b u l t a ď ə ŋ o ː s
p ə ʃ i r g a ď a n
t ə r ə γ ə w k i ː
t ə r g ə k s ə l g i d a d u ː t i n
g a n a ś i l t ͡ ʃ a
ď o r o m i r ə n
d ə g i w u h i n ə
o t k a z i w a t t ə
i t ͡ ʃ ə t ͡ ʃ o ː w
ə r u k t a t ͡ ʃ a ː w
o s a ː n
o ś a ː n
u ː t ͡ ʃ a k k i
i r g i r ə n
h o g d o n d o d u k i n
i s ə t t ͡ ʃ o l
i t ͡ ʃ ə t ͡ ʃ o l
l i b g ə ː r ə n
b ə l ə ď ə t ͡ ʃ a ː w
t o γ o t t ͡ ʃ ə r i ː w ə
b a l d i ː ď a r a k i ː f
h a w a l i t t ͡ ʃ a r a n
m o ː k a ː r b ə
n a p t a r a r a
i ś ə f k o ː ś i l t ͡ ʃ o
ť e h ɲ i k u m m ə
n u l g i l m i
a m t i l n u n m i
d i n ŋ i ː l ə ː t ͡ ʃ o
o l a l a w
z a k o p a ť ť a
i t i γ a ː l t ͡ ʃ a w u n
b u ː ď i ŋ o ː n
i j e l l u k i n
g i r k u r a n
g i r k u t ͡ ʃ a ː n
i t ͡ ʃ ə r ə w u n
g i r k u ď a t ͡ ʃ a ː w u n
i t ͡ ʃ ə t t ͡ ʃ ə ŋ n ə m
i s ť a m
u j u s ə r ə
k a m n i ː k a ː s t ͡ ʃ a
m ə ː r w ə l
t u l ə ś i l i ŋ ə r ə w
ď a w j a w a r
i ś ə r ə n
h ə g d i h ə r ə
b u s l ə l d ə k t i n
i r g i t t ͡ ʃ ə ŋ k i ː t i n
t u r g a l d i t ͡ ʃ o ː w
i t ͡ ʃ ə t t ͡ ʃ ə r ə w
ə r u k t ə r ə
t ə γ ə r ə n
u s t ə n d u ː i
k i l ə b ə ŋ ď ə n ə l
ŋ o ː l ə t t ͡ ʃ ə m i
ŋ ə n ə d a ː n
t ͡ ʃ a j t i r ə w u n
b u l t a r ə n
w a d a i
t a n ď ə ŋ n ə r ə w
u g u w r a
s a r ś i k a n t i k i ː
ə t i r k o ː l ə s o ː n
ə t i r k o ː l ə r ə n
t ə g ə t t ə
ď u ː t a r a w u n
h a ŋ u k t ə ď ə t ͡ ʃ a ː w
i t ͡ ʃ ə t n ə ː h i n ə m
m i n ə f k i ː l
t a b ď ə ŋ n ə r ə w u n
a ː n ŋ ə t t ͡ ʃ ə ː w
h ə h ə n ď ə ŋ o ː w
t u m ɲ i s a
ŋ ə n ə ď ə t ͡ ʃ ə ː n
a m t a t t a n
u l g u t ͡ ʃ o ː n d i m
a t i r k a ː n n u n d u l a ː
a ː ď a k a l
h ə g d i h ə r ə n
a ː ŋ a ď a m i ː ď ə r ə n
ŋ ə n ə w r ə
b ə l ə p k o ː n ď ə ŋ k i ː n
b ə l ə p k o ː n i ŋ k i ː n
p o l i g u s t u l a ː
b o r i ː m a ː t t ͡ ʃ ə n ə l
u l i ː w r ə
t ə γ ə γ o ː t
b ə γ ə ː m
k a r t i ʃ k a h i n i ː ŋ k i ː t i n
g o γ o ď ə k o ː r ə n
t u k s a ː ď a r a n
t i r g a l l a n
d o ː l d i ː t t ͡ ʃ ə l i m
h a w a l i l d ə
a i ː f k a n ə m
d u p k o n ə m
t ə γ ə ď i ŋ o ː t i n
i r g i f ʃ o ː n
s a g d i ŋ i l w u n
i ś ə d o ː h u n
h a w a l i t ͡ ʃ a l a ː w u n
l o k u s a ď a r a
ď ə b ď ə d o ː t i n
d ə g i w d o ː t i n
t i r g a l ď a r a k i n
ŋ ə n ə ď ə ď ə n
o l o w k o ː n i ŋ n ə n d ə
p o r u h w a
g i r k u ŋ n a ď ə r ə
d u l ə ː m ə ː r ə n
t ə γ ə t t ͡ ʃ ə t ͡ ʃ a w ə r
t ə γ ə p k o ː n i m
t ə γ ə p k o ː n d o ː w ə r
t ə γ ə p k ə ː ś ə l
i s ə w k o ː ś i l ď ə n d ə
t i r g a l ď a r a k i n
i s ť ə n ə
z o o w ə t ť e h n i k u m m ə
i r u k t ə f k i ː
r e s p u b l i k a n s k a j d u ː
u l o ː k k i t m i
g a r p a n u s a ː n
i t ͡ ʃ ə t t ͡ ʃ ə l i m
g u l u w u n t i k i ː n
ŋ o ː l ə l t ͡ ʃ ə
t ͡ ʃ a t i p k a ː n ə
ə r g ə ś i ː r
p r o d u k t i l w a w u n
a w i p ď a f k i ː
a ŋ u l d a
j a ŋ g u l d a
ŋ ə n ə ď ə k ə l
m o ː t i ː m i ː ď i t ͡ ʃ o ː w
h a w a l i l d a n
t o l g ə k i l d u ː w ə r
ď ə w a ď ə t ͡ ʃ a ː w u n
h ə g d i h ə s k a ː t t ə k i ː w
d e ɲ g i k a r w o w u n
o ď ə ŋ n ə r ə w u n
b u l t a r ə w
s i l h o z u p r a w l ə n i j ə l a ː
p ə k t i r ə n ə k i n
ď a p k u t a l w a ː γ i n t ͡ ʃ ə
b o k o n t ͡ ʃ u l d ə n
