b o k o n t ͡ ʃ u l d ə n
ď a p k u t a l w a ː γ i n t ͡ ʃ ə
p ə k t i r ə n ə k i n
s i l h o z u p r a w l ə n i j ə l a ː
b u l t a r ə w
o ď ə ŋ n ə r ə w u n
d e ɲ g i k a r w o w u n
h ə g d i h ə s k a ː t t ə k i ː w
ď ə w a ď ə t ͡ ʃ a ː w u n
t o l g ə k i l d u ː w ə r
h a w a l i l d a n
m o ː t i ː m i ː ď i t ͡ ʃ o ː w
ŋ ə n ə ď ə k ə l
j a ŋ g u l d a
a ŋ u l d a
a w i p ď a f k i ː
p r o d u k t i l w a w u n
ə r g ə ś i ː r
t ͡ ʃ a t i p k a ː n ə
ŋ o ː l ə l t ͡ ʃ ə
g u l u w u n t i k i ː n
i t ͡ ʃ ə t t ͡ ʃ ə l i m
g a r p a n u s a ː n
u l o ː k k i t m i
r e s p u b l i k a n s k a j d u ː
i r u k t ə f k i ː
z o o w ə t ť e h n i k u m m ə
i s ť ə n ə
t i r g a l ď a r a k i n
i s ə w k o ː ś i l ď ə n d ə
t ə γ ə t t ͡ ʃ ə t ͡ ʃ a w ə r
t ə γ ə p k ə ː ś ə l
t ə γ ə p k o ː n i m
t ə γ ə p k o ː n d o ː w ə r
d u l ə ː m ə ː r ə n
g i r k u ŋ n a ď ə r ə
p o r u h w a
o l o w k o ː n i ŋ n ə n d ə
ŋ ə n ə ď ə ď ə n
t i r g a l ď a r a k i n
d ə g i w d o ː t i n
ď ə b ď ə d o ː t i n
l o k u s a ď a r a
h a w a l i t ͡ ʃ a l a ː w u n
i ś ə d o ː h u n
s a g d i ŋ i l w u n
i r g i f ʃ o ː n
t ə γ ə ď i ŋ o ː t i n
d u p k o n ə m
a i ː f k a n ə m
h a w a l i l d ə
d o ː l d i ː t t ͡ ʃ ə l i m
t i r g a l l a n
t u k s a ː ď a r a n
g o γ o ď ə k o ː r ə n
k a r t i ʃ k a h i n i ː ŋ k i ː t i n
b ə γ ə ː m
t ə γ ə γ o ː t
u l i ː w r ə
b o r i ː m a ː t t ͡ ʃ ə n ə l
p o l i g u s t u l a ː
b ə l ə p k o ː n ď ə ŋ k i ː n
b ə l ə p k o ː n i ŋ k i ː n
ŋ ə n ə w r ə
a ː ŋ a ď a m i ː ď ə r ə n
h ə g d i h ə r ə n
a ː ď a k a l
a t i r k a ː n n u n d u l a ː
u l g u t ͡ ʃ o ː n d i m
a m t a t t a n
ŋ ə n ə ď ə t ͡ ʃ ə ː n
t u m ɲ i s a
h ə h ə n ď ə ŋ o ː w
a ː n ŋ ə t t ͡ ʃ ə ː w
t a b ď ə ŋ n ə r ə w u n
m i n ə f k i ː l
i t ͡ ʃ ə t n ə ː h i n ə m
h a ŋ u k t ə ď ə t ͡ ʃ a ː w
ď u ː t a r a w u n
t ə g ə t t ə
ə t i r k o ː l ə s o ː n
ə t i r k o ː l ə r ə n
s a r ś i k a n t i k i ː
u g u w r a
t a n ď ə ŋ n ə r ə w
w a d a i
b u l t a r ə n
t ͡ ʃ a j t i r ə w u n
ŋ ə n ə d a ː n
ŋ o ː l ə t t ͡ ʃ ə m i
k i l ə b ə ŋ ď ə n ə l
u s t ə n d u ː i
t ə γ ə r ə n
ə r u k t ə r ə
i t ͡ ʃ ə t t ͡ ʃ ə r ə w
t u r g a l d i t ͡ ʃ o ː w
i r g i t t ͡ ʃ ə ŋ k i ː t i n
b u s l ə l d ə k t i n
h ə g d i h ə r ə
i ś ə r ə n
ď a w j a w a r
t u l ə ś i l i ŋ ə r ə w
m ə ː r w ə l
k a m n i ː k a ː s t ͡ ʃ a
u j u s ə r ə
i s ť a m
i t ͡ ʃ ə t t ͡ ʃ ə ŋ n ə m
g i r k u ď a t ͡ ʃ a ː w u n
i t ͡ ʃ ə r ə w u n
g i r k u r a n
g i r k u t ͡ ʃ a ː n
i j e l l u k i n
b u ː ď i ŋ o ː n
i t i γ a ː l t ͡ ʃ a w u n
z a k o p a ť ť a
o l a l a w
d i n ŋ i ː l ə ː t ͡ ʃ o
a m t i l n u n m i
n u l g i l m i
ť e h ɲ i k u m m ə
i ś ə f k o ː ś i l t ͡ ʃ o
n a p t a r a r a
m o ː k a ː r b ə
h a w a l i t t ͡ ʃ a r a n
b a l d i ː ď a r a k i ː f
t o γ o t t ͡ ʃ ə r i ː w ə
b ə l ə ď ə t ͡ ʃ a ː w
l i b g ə ː r ə n
i t ͡ ʃ ə t ͡ ʃ o l
i s ə t t ͡ ʃ o l
h o g d o n d o d u k i n
i r g i r ə n
u ː t ͡ ʃ a k k i
o ś a ː n
o s a ː n
ə r u k t a t ͡ ʃ a ː w
i t ͡ ʃ ə t ͡ ʃ o ː w
o t k a z i w a t t ə
d ə g i w u h i n ə
ď o r o m i r ə n
g a n a ś i l t ͡ ʃ a
t ə r g ə k s ə l g i d a d u ː t i n
t ə r ə γ ə w k i ː
p ə ʃ i r g a ď a n
b u l t a ď ə ŋ o ː s
s a w o ː d a l w ə
ŋ ə n ə ď ə ŋ o ː ː t i n
h ə g d i m ə r
t o l g o k i ː l w ə t i n
h a w a l i w k i ː
h a w a l i l t ͡ ʃ a
t ə γ ə ś o
t ə γ ə p k i ː
ď ə p t i l ə l ə ː t i n
g i r k u r a
a g i f k ə l d u
e k o l o g i t ͡ ʃ e s k a j i l
m o t o r j a w ə r
d ə γ i n m ə k t ə l w ə
t u l ə r ə w
p u r a s i n a w
l u k t a
e ː k t ə l i
t u r u ŋ i ː w ə
t o g o t ͡ ʃ i l a
t e r a p e f ť ə
d ə g i l t ͡ ʃ o
h u k u l o ː ď ə r ə n
t u k s a ː h i s a
a ː h i s a l a n
m o ː l a ː f k a ː
a ŋ a ď a k a ː r w a
g i r k u ː n a l
d o l b o l t o n o l o
g i r a n i l l ə
t a ŋ ď a ŋ n a m
h ə h ə n ď ə ŋ a
u l g u t ͡ ʃ o ː n ə
g o g o ď o m i
g o g o ď a m i
g o g o ď o k o ː n ə m
h ə n u d a ː n
ď u ː l d u ː t i n
k ə γ ə n ə l
p a n k a g i r s k a j d u k
t a w i n d o ː n
g i r k u ď a r a n
h a ː r i ː r ə w
h i l b a t t ͡ ʃ a
ʃ k o l a l a j i ː
a t i r k a ː r d u ː
ə γ i f k o n ə
m i n ď e
i s t a n
ŋ o ː l i ś i f k i ː l
ď ə b ď ə r ə k i n
a m b a r d u l i ː
t ͡ ʃ i p k a ː n d u l i ː
o b l a s ť t u ː
b a l ď i s a ː w
h u w u l b ə t i n
a r t ͡ ʃ ə r ə w u n
s a ŋ a ː r w ə
ʃ u r u ŋ n ə r ə v
ʃ u r u ŋ n ə r ə w
t i j ə w u n ď i t p i
t u k s a ː h i n ə n
k u ŋ a k a r w o
n o n o f
b a k a r a w
ď a p ď a n o ː ʃ i ŋ n ə r ə
i n t i d a ː j i
d ə g i l d ə n
t ͡ ʃ i p k a ː r w i
b a h i l a j w ə
h a ː d o n t ͡ ʃ i n i l
a ŋ i n d u l a
a ŋ i r ə
a ŋ i l a ː n
a ŋ i d u k
a ŋ i l i n
a ŋ i t ͡ ʃ a h i n t ͡ ʃ a
a ŋ i l b a r
a ŋ i l a w ə r
a ŋ i l w a t i n
b o k o k o n ə m
d i n ŋ i ː l ə ː h i n t ͡ ʃ i t ͡ ʃ o
h i l b a t t ͡ ʃ a ŋ a ː w
i ː k n ə n i n
u r k ə w ə t i n
ʃ u n d u k
i n ď ə ś ə n
m u r u ː k ə ː ď a f k i ː
i ś i l l ə w
o t ͡ ʃ a
o f k i ː
m u r u m n ə k
u w i ː r i w r ə n
g i r k u ď a ď a ŋ a ː s
a j a t
a j a
a j a m a m a l ď i
h u k u ʃ i l i ŋ ə r ə
b u s l ə l d ə n
h u k u l ə ː m
d a w a r s a ď a n a
k o ː l a r ď ə m i
i m u ː k s ə l w o n
t ͡ ʃ o k o k s o ː n m o
b u l t a ŋ k i w u n
