h ə g d i m u k o n
ə t ə j ə ː t n o ː m i
g u n i ŋ k i ː t i n
n ə k ə p k i ː
o ː n
n u l g i ď ə s ə l
t u k s a ː n k ə l
ɲ i m n o ʃ k a t o
k ə γ ə r ə
b o d o l o w ə r
ə b ə k o ː n
a ŋ a n i d u ː
b u ː ŋ k i ː t i n
j u ː l l ə n
ə p t i h i n ə n
t u g a n i ː d u ː
a ː ď a k ə l l ə
a ː w k i ː
w n u k i l w i
h a g d i
u r i n ə r ə n
p r
d ə ŋ k ə ː k o r w ə
ŋ i n a k i n t i n
b o l n i s a l d u ː
g ə n n o ː h i ś o
ď ə w r ə
b r a t i n
p u r a k t a l t ͡ ʃ a
ʃ o ŋ n o ː k t ə l
m i k t ͡ ʃ a n ə n
h ə g d i l o ː t i n
d a ː ː
o m o l g i ː n ə n
ŋ ə ŋ ə r ə
a ː ď a r i ː w a
h u p t i w s a l
t ͡ ʃ t o p
g i r k u n ď a ŋ k i ː n
u ś i ś i l n u n m ə r
w a ď a ŋ k i ː n
i l a n m a
t ə γ ə t t ͡ ʃ ə r ə n
u l i ː r ə n
a r k i t m a t
t a l i ː
m o ː d u
ʃ u r u r ə
ŋ ə n ə ď ə k ə l d u
o t ͡ ʃ a ː n
g e ː w ə
ŋ ə n ə ď ə ŋ n ə w
n ə l g ə l w ə
h u n a ː t p i
ɲ ə ŋ ə ś o
h a k u l r ə
k ə ď ə n n ə
i ː
ď u g u ď i ŋ n ə r ə w u n
u l g u t ͡ ʃ o ː n i m
h ə k ə r g ə k o n ə m
ə ː l a h a
i n ď a f k i ː
t u n ŋ a ď a t ͡ ʃ i d u ː
t a r ə
ď a w i t
a j a m a m a t
i r ə k s ə w ə
ď ə r ʒ i s
i r u w a ː t ť ə d a ː t i n
s i ŋ i l g ə n ď i
ś i p k a ː k a ː r w ə
p o d w o d i ː r ə
ɲ i ŋ t ə l d u k
l u k k a l d u
u m u k i n
w ə t
m u k u r a s a
h a m a ː n i l d a n
t a l u t
m i r ə ś o
a r ə n
ŋ o l i t n ə l
u l l ə k o ː r w ə
t u r o ː
b i r a k a r d u ː
m u n d r u k a n
b ə j ə t k o n
ə r d i n
l u k t ͡ ʃ a
p r ə ʃ o l
o ː k i ː n
g a n a t
ə w ə d i t
a ː ŋ k i ː w u n
d ə r u m
h ə g d i ŋ ə m i
m u t ͡ ʃ u ď ə r a k t i n
u l d i ŋ k i ː n
m u ː d ə ː k o ː r
