t o γ o r ə
ŋ ə l i t n ə
h o g d o ŋ ə w
t u ŋ g u s k a j
a m a r g u ː t
ŋ o ː l ə w k o ː t t ə
u m u k o n d u ː
t ə g ə m i n u n
i ː r ə k i s
i j u ɲ a
ɲ o ɲ o
d i n ŋ i ː l ə ː h i ś o
u l g u t ͡ ʃ o ː n ď ə r ə n
d ə r u ː m
s u n d u ː
o ď a n
k ə r g ə n i n
w o j n a ŋ ə h i ː
ə r u m d a t ͡ ʃ a
ŋ ə n ə ď ə r ə w
m o ː t i ː w o
t ə t i g a ś a n
i t ͡ ʃ ə w u l l ə n
ə m k ə j ə w
g o g o l i ŋ n ə n d ə
t ə s k a ť i ŋ n ə r ə w u n
ď u ː d u k p a l
p a l a t k a d u k
ə b ə k o ː n u n m i
t a w a r
b a ŋ t i k a d u ː
n o r m a
i r g i s o
h o r o k i ː
e ː l ď a ŋ a ː n
d o ː f k i ː
n o ː f k i ː l
t o k t o r ə
h o l b a l
ď a p k u n d u l a ː
d a γ i ː n
w i w i t k i ː
e ː k u r w a l
a w u ŋ k i ː w
a r m i i
i t ͡ ʃ ə t t ͡ ʃ ə f k i ː
m u r d a ː r ə w
t ə γ ə t t ͡ ʃ ə t ͡ ʃ o ː t i n
g i r k u ď a r a
f o d o r
t o g o w u n
t ə r g ə k s ə k ə ː r w ə r
p o d w o ď i r ə
m o ː l ə
k o ŋ n o m o
a ː h i s a
h u k u l ə ː ď ə s a ː n
k ə r ə m i ː ď a m i
o ŋ n o r ə
m u m ŋ ə t
t r o f i m i
u l l ə ŋ i l w ə r
h ə r ə k i t ͡ ʃ o ː w
s p i t ͡ ʃ k a l w a
ə k ə ŋ k i ː f
ə w ə d i
h ə k ə r g ə k ə n ə m i l
t u g ə f k i ː
a j a w u l t ͡ ʃ a
t i ː n t ͡ ʃ o
t i t t ə
g i r k u t t ͡ ʃ a w k i ː
ď a w j a w
t a ː l a ː
d o ŋ o t o n o l
k i l o m ə t r ə
t a ː n i ŋ k i ː n
j u ː f k i ː
m e t r ə
u h o ď a ŋ k i ː t i n
g e ː
b e γ a k a ː k u n
ŋ ə n ə ː t ͡ ʃ ə ː l ə n
v i p a l ɲ a t t ͡ ʃ i ŋ n ə r ə w u n
t ə r g ə k s ə l b ə h u n
ď a w r a ː ď a ś a l
i r i r ə
t a j g a t k i ː
ɲ a ŋ u r a
ŋ ə l i f ś i p t ͡ ʃ u
b u l t a ď ə ŋ k i ː n
k u t u j ə
g a w r i l
ə ŋ ə h i ː n g u
h ə r ə k ə l
t a l a ː
a m b a r d u ː
i n ď i t ͡ ʃ o ː w u n
o b e d a n a f k i ː l
u t ͡ ʃ i ś i l d ə
