ə j i ː r ə
h a r u ː n i l i w k i ː
t i m a t n ə l a ː
o ɲ o ː r ə
t i g ə w ə
h ə t i l ď i
b a k a l d a k t i n
ə j o k i ː k o ː k u ː n
g i r k u w k i ː
a ː ď ə r ə
u γ o t
u ː ď a n
a w a d i
b u ʃ t ͡ ʃ i l i t ͡ ʃ o ː w
l u r g i r ə
i r a
h a w a l i ŋ k i ː t i n
ə t ə j ə t t ͡ ʃ ə k ə l
u t ə l ə
a ː m u l l ə
h a w a l i l ď ə ŋ a ː s
l o k o s o
ə k s ə k t ə d o ː n
t o γ o w
t ə ď o ː
i s ə r ə
a h i ː n u n m i
t a l u d u ː
a i ː w u k i r
i r g i t t a ː j i
a m a r i t p i
g u j a m a t t ͡ ʃ i l i ŋ n ə r ə
u ś i t ť a n
u l d i ŋ n ə m
ď u g a r a k i n
d o ŋ o t o m i
ɲ i ŋ t ə ŋ i l w a t i n
t ə t i ː l w i
o s o ː n
i n ď ə m
ď ə p t i l ə w u n
h u t ə ś i
i ŋ i n d u ː
h ə h ə n t ͡ ʃ a ː n
h o k t ə t
ŋ ə n ə t t ͡ ʃ i ŋ n ə r ə w u n
ɲ e ː l i f s i p k i ː
g i r k u ď a r i ː l d u k
t ə γ ə k ə l
m o ː l ď i
g a r a l a
ʃ k o l a t i n
ə p t i l ə ŋ ə t i l ə w ə r
h ə r i ː w u w r ə
t u k ʃ a ː m i
b u r a n i n
k ə r g ə n t i n
h ə h ə n ə n
i n n o k e n t i j
t a j m e n d u k
u r i n ə r ə w u n
g e ː w a n
ď u l ə γ u n
u ɲ i e ː ď a m
b ə l ə ď a m
ʃ u r u k t ə
ə ť i
a j a m a m a l ə
t o g o t t ͡ ʃ o r i w a
u t ͡ ʃ i l ś a
u ś i t t ͡ ʃ a ː n
s ə r k ə w d u ː
h ə g d i m o m o w ə t i n
h e ː w u n
i t ͡ ʃ ə t t ə
l ə p r o m h o z u
ŋ ə n ə w o ː t
t a l u l d u k t i n
n ə k u m
t u k s a ː s a ː t i n
t u k s a ː h i n ə w
g o l o w o
ď ə n ŋ i ď i t i n
o j o d u ː n
ď u γ a n i ː w a
ɲ i m o k t u l a ː j i
m u ś a n ď i ŋ a ː w
h r i s t o f o r
ď u γ u ː ď ə f k i ː l
o ɲ o t o ː l i s
m o ː t i ː m i ː ď a ŋ k i ː n
h u l u k u k o r
p a w ə l
a m a ː
ɲ e g i
h u l i ŋ
ď u ː l a ː
i ś ə w x o ː n d o ː j i ː
o g d i ŋ o
j ə s l i
