d o ŋ o t o ď o k t i n
ŋ ə n u ś i n ə w
e ː h s a d u k
a ŋ i d u l i ː n
d a g i ː t i n
a k n i l w i
a γ a
n o ŋ ɲ ə n u
e ː d a ː
i n m i
a l t i n ď ə ŋ a t i n
u ː k o ː ŋ m ə
t a w m a l t ͡ ʃ a r a
a ŋ a l d a ː i
t ͡ ʃ i p k a ː r w ə
d u n n ə m a l a ː
t u m ɲ i ś a ː w
d o ŋ o t o ď o m
b u l t a t ͡ ʃ a ː w u n
g ə l ə ː k t ə n o ː k t ə
m o ː l b a
a m a r g i l ď i j i
p o l w a
i r ə k s ə d u k p i
a ŋ i l t ͡ ʃ a
ɲ o ː w u
t i ś a t ͡ ʃ i
ə l b ə s k ə ː t t ͡ ʃ ə ŋ k i ː w u n
k u ŋ a k a r w ə
ə w ə ŋ k i ː l
g i r k u s a ː t i n
h i m u ː r g a k a l
s o ː m a m a t
b u s l ə ď i n ə
k o t ͡ ʃ o
o m ə
a ŋ i l d u ː
d ə r u ː m k i ː t ͡ ʃ ə ď ə n ə
a m a s k i ː j i
ʒ ə
o ː k i ː l i
b u l t a ď a m
t i p a r ə n
i h ə l d u l a ː
m i t t u k
h ə g d i h ə l i m
k e m
h ə g d ə
g o γ o ď o r o n
t a ŋ i m
o ŋ o k t o w o n
b a k a r a
m o ː r t i n
m i k t ͡ ʃ a n ď ə r ə k i n
h ə g d i k o ː r w a
b u ː t ͡ ʃ ə ː w u n
ə r d ə l o n
t u γ ə n i ː d u ː
t ə γ ə t t ͡ ʃ ə r i ː l
ď e b ď e r ə
a ŋ i l i m
i ŋ ď ə r ə w
u l g u t ͡ ʃ o ː n ď ə ŋ k i ː n
d a p d a r ə
u r k ə l ə ː
b i w u k
i l ə d i t
a r a k u ː k a ː n
ď a w r a ː ď a r a k t i n
e ː t p i
u ʃ i p ť ə r ə
t ə
ɲ i ː r ə
b ə j u r
n ə k n i l n u n m i
a k k ə l d u
ŋ ə n ə ď ə t ͡ ʃ a ː w u n
h u k u l ə ː m ɲ i h ə l
o s a l a i
b a l ď i r a n
ə j d ə r ə
a h i ː j a w
o m t ͡ ʃ a
b i r a j a w a
n u ŋ a r d u k t i n
h e ː n m a n
o j o ː n m o ː ś i f k i ː
ə d u ː k
ŋ ə k ə n d ə l a ː
ə n u ː ď ə r ə n
u l g o t ͡ ʃ o ː w a ː t t ͡ ʃ ə ŋ k i ː f
t a k u m
i ː d ə h ə n i ŋ k i ː n
a m t a r a
m i n d u l o ː
h o r o g o d u ː
a ŋ i l w ə
a m a r d u ː n
a s a t k a r
d o ː l d i ː t t ə n
