p e n ś i j ə l a ː
a r k i r a n
n ə k u n i w
m u r u ː k ə ː s i n i m
b ə j ə t k o ː n m ə
k u ŋ a k a r d u ː
ď a w r a ː h i n ə n
ś i p k a ː k a ː r
n a d o j ə l d ə n
r i b ə z a v o t t u ː
i t ͡ ʃ ə w u l l ə
u r a ś ə
o ŋ k i ː t i n
t ə t t ͡ ʃ ə f k i ː
u l i ː l ď ə r ə
t ə γ ə t t ͡ ʃ ə t ͡ ʃ o ː n
a ŋ i
ď u γ a ɲ i ː
ə m ŋ ə ŋ i l t i
b ə j ə t k o ː n n u n
t i p a ď ə ŋ a ː t
k o s o l w ə
b u r a n ď i
b u l d i r ə ː k i n
p e r e i m i n o w a t t ə
l o k o r o n
a m a ː k a ː w u n
i l a l d a w a
j ə n t ͡ ʃ ə m b u l i ː
u l u m i d u ː
h u k u l ə ː s i n ə m
h u k u l ə ː ď i r ə n
g i r k u b ď a ŋ k i ː n
b ə j ď ə n ə l
g i r k u n ə l
t u γ ə ɲ i ː d u ː
ď u ː n
t ə g ə s i ŋ k i ː w u n
ď u k t o n u n
s a j i ŋ ď a f k i ː
ď ə w ď ə r ə
m o n ŋ i
a m a r d u
ʃ k o l a d u ː
h a k t i r a l l ə n
a ŋ i t ͡ ʃ a ː n
g i r k u ď a ŋ n ə m
t i m a l t a n ə
ŋ o ː n i m
ə ŋ ə h i ː ś i t m ə r
p ə k t i r ə ː n ə n
g o t o w i f k i ː l
g o g o l l o n
p ə k t i r ə ː n d o ː w i
g i r k u d a ː n
a l a ː ś i l i w k i ː
j e s o t o
d o ŋ o t o l t ͡ ʃ o l
h i l k i ː ď ə ŋ n ə m
a h i ː w a
t u k s a ː ď a n a
ŋ ə n ə ŋ n ə r ə w
p r o f e s o r
s t a ː d ə d u ː
k ə ď u ː ś i
n o ː d a k ə l d u
v ə r t a l o t
a j a k a ː n ď i
d ə ː
ə w ə n k i l
h u n a ː t p a n
d ə g ď ə r ə n
ď ə w d ə ː s
a n ŋ i ď i t i n
h a w a l i m
i s ə r ə n
ŋ ə n ə w u ŋ k i w u n
a b g a r a ː l d a n
l e s o s i b i r s k ə d u ː
t ͡ ʃ a t t i ː r ə
w o s p i t a ť e l i w
a t i r k a ː n m ə
b ə j ə t k ə r n u n
n o ː d o ː j i
ŋ ə n ə d i r ə
a ː ď ə f k i ː
e ː k u r w a
s t ə p a n i t ͡ ʃ
h a ː r ə w
i n ď ə ś ə l
o ŋ o ŋ g i d a d u n
ə m k ə j ə
h u j u p t ͡ ʃ o
g u g a r ə t t ͡ ʃ ə r ə
d ə g i l i f k i ː l
t u γ a ɲ i ː d u ː
h o r o k i ː l a
u ŋ t u w u n
ď a w d u ː t i n
ə l ə d ə
