a h i ː ŋ i ː
ə w i ː w u r ə t i n
t ə γ ə t ͡ ʃ i l d ə
b u r a n d u ː
d o ː l t ͡ ʃ a ː t t ͡ ʃ a r a n
i n t ͡ ʃ o l
b a j i l
d a w i d o f
ɲ a ŋ t a t i ː ď a r a
ď ə w d o ː n
ŋ i n a k i n m ə
n ə k u n ə w
ď ə n g i l b i
d u n n ə l d u k
i r t i k i ː
i ŋ i ɲ e ː
h u j u w ď ə ŋ o ː n
ď a w r a ː h i n ə w
a m t a t ͡ ʃ a ː n
u s p e t t ə
p a l a t k a l a ː
h ə g d i h ə s k a t t ə k i ː w
i l k ə ː ɲ ď ə k i ś i l t i n
u g r a n
b o l o ď o n ď a k o ː t i n
p ə k t i r o ː n ď a m
ə s i ː
l i ʒ i
i ŋ i ɲ i p t ͡ ʃ u
e ː w a
k a j ď ə n ə l
m o ː m
u ŋ t u w u n i n
b ə
b i k i t t u k t i n
u l l i ː ď ə ŋ k i ː n
m u j ə d u ː n
h o ː k o n
p r o d a w e t s t u ː
o m o l g i ː l
i r i ď ə ŋ o ː n
t ə γ ə t t ͡ ʃ ə n ə
d u k u w u r b a
k a l i
ə j o k i ː k o ː k u n
a n ŋ a ɲ i ː w ə
i n
a b d u n d u l a ː
a h i ŋ i t i n
h a ː r g i l d u l a ː
h ə h ə n t ͡ ʃ a
t i ŋ ə p t u n ə w
t ə p ə r
ŋ ə n ə k t ə ď a m
t u r o ː w k o ː ď ə n ə
a b d u n d u k k i
h o k u ː l g i ː ď a n
i s s t o
b a k a ď a r a
h u l u k o r d u ː
n o ː ď a m
a n ŋ a ɲ i ː l i ː
g i r k u ď a n d ə
a m a ː k a ː j i
t u g ə ď ə ď ə ŋ o ː
t ə γ ə t ͡ ʃ o n
u t ͡ ʃ i t ť a ŋ k i ː f
ś i m j a k a ː n i n
b u ː ŋ k i ː n
b ə l ə ď ə ŋ k i ː f
t ͡ ʃ u r g i ː l d a
p ə h i ś i w ś o
b a l ď i r a k i f
h ə g d i k o ː k u ː n m ə
a ś i r
d ə g r ə
ď u k t ͡ ʃ a l w ə
i r i ŋ n ə ď ə ŋ o ː w
e ː ď ə m l i
g i r k u k t a ŋ k i ː w
t ə r
ə t ə j ə ː p k ə l d u
m i n d u ː j u
n a m a p t ͡ ʃ u l w ə
g e ː d u ː
t u r ə ː t t ͡ ʃ ə n ə
w e ś
b ə j ə t k o ː n d u ː
t a n t ͡ ʃ ə l ď ə m
k r a ś i w a j d u ː
ə m ə g ə n
t o γ o l t i n
o ď a ŋ a ː s
ɲ i ː s o
ŋ o ː l ə l i m
w a t ť i ŋ a ː w
u m a ː n m a n
m u k u r a ː r a n
e ː w u n a
m u k u r a s a ː n
a i ː w r a
o ː k i ː r a ː
ə j ə ː n ə n d u ː j i
g ď e t a
n u l g i ś a ː t i n
l a p t a d u ː
d a γ a m a ː w a t
t ə r
l o k o m i ː l i
w i r t o l o t i t
ď o r o m o n o
r e s k ə
h ə g d i
i s ə t t ͡ ʃ o
b ə l ə ď ə ŋ k i ː t i n
h i g r ə w
o l g o s o w ə
m e ː w u ś i f k i ː l
m i k t ͡ ʃ a n ď ə n ə
b u k t a r a n i m
a ʃ i k t a d u ː
g ə r b i s i
u g i ː g i t
l e k a r s t w a ŋ i l t i n
ŋ ə n ə p k i ː l
a n ŋ a n i ː l w i
ə k u n d u ː
ď a n t a k i l
g ə n n o ː k ə l
p a k a
r i b a t ͡ ʃ i t t ͡ ʃ ə ŋ k i ː t i n
ə p t i w ś o g a ś i n
h ə g d i h ə l t ͡ ʃ o
a ŋ i k a ː k u ː n a
m o n ŋ i ː n
i t ͡ ʃ ə r ə n
t a l u t k i ː
b u ː d ə ː t i n
ə k i ː m
h i l b a ś i l ď a ŋ a ː w
a ŋ i j a
t ə t t ͡ ʃ ə l ə n
o m o t ͡ ʃ o
t u γ a ɲ i ː
t ə γ ə t t ͡ ʃ ə s o ː n
i ď ə n ə
ď u γ a ɲ i ː d u ː
m i n n i
s t a ː d ə t i n
w a s a ː t i n
b a l ď i m
b a r g i ː k l a ː n
u m u ː k i n
ŋ ə n ə ď ə p k i ː
i ː ŋ a n i ː l
t u k s a n ť i s a
d i s k i w u n
h u j u k u ː n d u ː
u ː t ͡ ʃ a k t u ː
f a k t o r i j a d u k
b a l ď i w u ŋ n ə r ə w
p r e z i ď ə n t
h ə l ə k ə t m ə h ə l
j ə g o r
t u r a l a ː
a j a j a
t ə γ ə t t ͡ ʃ ə r ə k i n
a ŋ i l a
j i s ť
o n m ə l
m o ː t i ː t k o ː n m ə
ŋ ə n ə ď ə s o
a ŋ i m
n a ď o ʒ n i k a r ə
a r m i j a m
p ə k t i r ə ː w u n m ə
ə k u n m ə
m u t ͡ ʃ u ː s k a ː t
ə s i l ə
d ə g r ə
h ə ŋ k ə t t ə n
ď a g d a j a
ə r u ː ː p t ͡ ʃ u
k u k t i w k ə ː n ə
i n ď ə s a ː t i n
g i l
t ə p u t t ə
u ː t ͡ ʃ a n a l
ś i s t r a w
ə ː d u ː
n u ŋ a r d u ː t i n
d ə k t ə n d ə l b i
h u w u l d u k t i n
ə b ə k ə f
b a k a d a w i
v a ś m o m
t ə w l ə ː s t o ː j i
m u r d a ː h i n ə w
a l a g u ď a ŋ a ː w
t u γ ə n i ː w ə
u r k ə
d ə g i w ď ə r i ː w o n
t a d u ː w ə r
n ə ː k u
ď u k t ͡ ʃ a l i ː
h ə ŋ k ə t t o j i
i r ə m o ː ď i t ͡ ʃ ə ː w
o ŋ n ə r ə
i s ə t t ͡ ʃ ə r ə n
a i ː w u k i r g a ś i ː r
s a ː r ə
d a m a t ə
o g d i k o n
m o l i ː d a ŋ k i ː n
d a ː g d a ː w
p r a m h o z
i t i γ a ː t ͡ ʃ a w u n
k a p k a n d u ː n
d a g i ː n
b ə j ə t k o ː n
d i g i t
t u k t ͡ ʃ ə n
t u l ə ː ś i k t ə
o d a ː n
ď u ː l a ː t i n
t a r d i n m ə
t a r j a k l a ː
m o ː t i ː l w a
ď a p d a w u n
h a l g a l ə ʃ u
ŋ ə n ə t ͡ ʃ ə
a ŋ i d a n
u l u r ə n
b u ː γ o ː t
a ŋ i t p i
a m i ː m
i r u ː k t ə ď ə t ͡ ʃ ə n
m i n n u n
ɲ i m o k t u ː w ə r
m e ː w u t t ͡ ʃ a n a l
ə t ə j ə t t ͡ ʃ ə
t ͡ ʃ i r i s
a h i ː d u k p i
ə k u n m a
l i z a k a ː n m ə
i h i m
b ə ː γ a d u ː
a ŋ i ď a m
g i r k u f k i ː
a ŋ i ď a m i
t ə g ə ś i l d ə n
e ː ď a r a k i f
h ə g d i l
o n
ʃ u r u m
w i ť a n u n
ə j ə ː t ͡ ʃ ə ː n
i t ͡ ʃ ə t n a ː ď ə r ə w
z d a j t ͡ ʃ a ː w u n
i v a n
t ə t i m
k ə
d ə r u s o
i r ə k s ə d u k
ď a p d u ː
m ə n ŋ i ː w i
t u k
i n ə n
v i r t ə l o t j ə
b ə j ə t i l
d ə r ə t ə ː ď ə r ə n
h i γ r ə
a h i
a ŋ i ď ə r i l w ə
a l e k s a n d r
m ə l t ͡ ʃ o ː t ͡ ʃ ə
t o z ə f k a w i
a ŋ i l b a
d o x t u r i l
k ə
i r ə k ś ə w ə
ʃ o ː m a m a t
o l d o k o ː r w o
a ŋ i ď a s a ː n
h i g r ə w
i d ə h ə ŋ k ə l d u
p a s o l o k t u ː
w a t t ə n
o ː m a k t a w a
n a k a n n o d u ː
i t ͡ ʃ ə r ə n
u ː t ͡ ʃ a k i l w ə
ď a ː l d u l a ː w ə r
i s ə w k i ː
m u n d u k a r
e ː k u n m a l
a ŋ i d u ː j i
h a ː r ə n
d o ː l d i ː m i
k u m t ə w ď ə n
ď u ː l
i t i k i r w i ː
g u l e l d u ː
ď u ː j i
w u s e
j u ː k o ŋ i d u k p i
o m o w r ə w
t o γ o t
u l g u t ͡ ʃ ə ː n ď ə m
o g d o k o ː l o w o r
t ͡ ʃ o k o k s o ː n ə
ŋ ə n ə t ͡ ʃ ə l ə n
k a p k a n d u ː
m o n ŋ i ː w i
i z
a t i r k a ː n
k i l ə m e t r a
h a ː r i ː j
ə j ə ː s k ə l
o r o n i n
ď a ː l w i
t o γ o w u n
n ə k n i l d u w i
b u l t a
ď u k t ͡ ʃ a l a ː w ə r
i l m ə k t a
a ː n ŋ ə t t ͡ ʃ i l l ə w
ŋ o ː l i ś i w k i ː
j u ː d a ː w ə r
ə ŋ n ə k ə ː r
ŋ o ː l ə p k o ː n ə n
i l i ː
a l a ś i l d a
i r i d o ː s
m o ː r s a l d i ď ə r ə n
m a g a z i r d u ː
o t t ͡ ʃ a ŋ k i ː n
a ː h i n ď i w a t i n
i ś ə s o
ď u w u ď ə k t ə
a ŋ i d a ː t i n
h a ŋ u ː k t a ď a m i ː
h ə l i n ś ə l i m
h a ː n d ə
a ŋ i l i ː
a ď i l i l ə
t a t i k a ː n
i h ə l d u ː
t ə t i w ď ə ŋ k i n
u l i ː k o ː n ə m i l
ə l o ː
n a ː r t ə d u ː
p i t ə m ə k
t u n d r ə l a ː
i n ď ə s o ː w u n
t ͡ ʃ a ː γ i t
a ŋ i l w i
a ť e t s
t ͡ ʃ o p u t ͡ ʃ i
o l ď a t ͡ ʃ a ː n
u l i ː ď ə n ə
m a ŋ a l a t i n
k a n
o r a
k i l ə b ə ŋ i l ə t i n
s u n n u n
ŋ ə n i n
a l i k j ə
t ə g ə t t ͡ ʃ i ŋ k i ː w u n
n o ː d a s a
u r k ə w o n
w a d a ː w ə r
b o l g i ś a ď a r a n
h ə g d i g i t i n
w a r ə k i n
d u k t ə n ə
a h i ː s
h u t ə k o n m a
g i r k i ː t ə ː ď ə ŋ ə ː w
ə b ə j k ə ː k u ː n
m o ː l k ə n m ə
m ə n m a k t ə l
o d o ː w ə r
ŋ ə n ə ď ə p k i ː l
o m o l g i ː n
ś i p k a m i n a ː ď ə
s e w e r t i k i ː
h ə r ə k i ŋ k i ː w
h a ː s a
u m u k i r
ď u k t ͡ ʃ a m i k a ː n d u ː w ə r
n u l g i t ͡ ʃ o ː t i n
h e ː ŋ a s a ː n
t ə g ə ś i l d ə
n o ŋ n u r ə n
a n a n
u m u k o ː n m ə n
ʃ k o l a l d u k
ŋ ə n ə ď ə n n ə
m o ː l k ə t ͡ ʃ ə w u m
ə m k ə n
j ə h e
a ŋ ə n a h i n ə ŋ n ə r ə w u n
b u ː k ə l
n ə k ə ď ə r ə
d u k t ə r ə
a j a m a m a t
i t ͡ ʃ ə t t ə n
i ś ə f k ə ː n ə
ŋ o ː l i ś i ŋ n ə m
g i r k u n a
s t a l i n a w ə r
i s m i ɲ i
ə k s p e d i t s i j i l
h a g d i k a r
b a d a r a n n ə t i n
ɲ a m i ś a n ə
i n d u ː i
u ś i t t a
i t ͡ ʃ ə t t ͡ ʃ ə t ͡ ʃ ə ː w u n
i w a n o w i t ͡ ʃ
k e ː
p a d a ː r ə k j ə w i
h o m o ː t i ː ŋ i t i n
t u k s a ː ď ə r ə n
i t ͡ ʃ ə t t ͡ ʃ i l l ə
w e ː s p a n
ɲ a m a p t ͡ ʃ u j ə
t o γ o ŋ n ə r ə v
b a l ď i m i l
g i r k u k i t t u ː n
ď u w u r ə w
j i ʃ o
g o ː k t ͡ ʃ a n ə h i n ə
a m i ː n m i
h u k u l o ː ś o
k a p k a n m ə
ŋ ə l i f ś i
a m a k a g i ś i n m i
p ə ď ə ś a t
t u r u m n ə ː ŋ k i ː w u n
ŋ ə n ə r ə k i w
t o l g o k i ː l i n
h i l b a ś i l ď a ŋ a ː f
d u k t ə l t ͡ ʃ o
h a m a
ŋ ə ː r i ː l d ə k i n
t o l i ː
m o ː γ a d u ː
d ə g i l d ə
k u ŋ a k a r d u ː w u n
h a ː l ď a k a n ə m i l
k a z a k
p o t a p t u k
d o ː l d i ː t t ͡ ʃ ə r ə
g a k s a ː ŋ i l t i n
ŋ o ː l ə l t ͡ ʃ o
ď ə w ď ə ŋ n ə s
g u r u h i ː ď ə ŋ k i ː t i n
b a g d a k ə l w ə
m u d a k a n i n
i j o l i n
p ə k t i r ə ː w u n m i
h o ː ŋ ə t i n
a ŋ i k a ː k u r
i l ə n
h u w u l i n
a ŋ i ŋ k i ː n
u t ͡ ʃ i t n a ː h i t ͡ ʃ o ː w
ə r d ə l o n
o ď a r a k i n
g ə n n o h i n ə w
g i r a n i l i m
k ə ʃ ə ː
ŋ ə n ə m i
b o r i ː m a ː ś i w k i ː l
i ː l t ͡ ʃ ə
p ə k t i r o ː n ď ə m l i
t u r o ː t t ə
h i m a ː n
ɲ i ď e l u
k a k
a m i ː w ə
i t ͡ ʃ ə t t ͡ ʃ ə n ə l
h i r a ː n i p k i ː l
d ə r i n ə ď ə r ə
ś u ː k ə l w a
g o γ o l d ə
ś i j ə
i s t ͡ ʃ a
ə w g i s k i
m a r i l
i n ŋ ə k t ə ś i
a ŋ a ś i l ď ə n
d ə g i w u f k o ː n ď ə ś o
o j o l o ː n
h u ŋ t a
i ː k o n ə m i l
i ś ə ď ə m i ː
a ŋ i ď ə t ͡ ʃ a ː w
