t i ŋ ə p t u n m ə
t i γ i ː ś ə
a ŋ t i
o l o m
a ŋ ə ď ə t ͡ ʃ a ː n
o g d o k o ː s o k o ː n w i
a r t i s t
a ː s i n ə m
t ə r g ə k s ə l w a t i n
a j a l a
o ː ŋ k a ː ʃ i l l a n
t u l ə s ə
g o g o ď a r a n
a ː h i n i w k i ː
b a k a ď a r a
s ə k t ə k ə r w ə
ʃ a m a n n u n
w e ś ə t p i
b a k a m t i m i l
t ə ď ə ː d o ː w i
b a k a n d ə
a w a d i j a
l u k t a w u n
n u l g i t t ͡ ʃ o l
j u ː p t ͡ ʃ o ː t i n
ʒ i s ɲ
u m u k o ː n
ď u γ a ɲ i ː w a
m a j g u
h a g d i l
b u l t a m n i ː
e ː k u
h i t ə ː n m ə
h u w u l w o n
s a ː t i r ə w ə
i t ͡ ʃ ə k ə j ə m
g u l u w u n d u l a ː
m a l a ď i j i
o l g o t
t o γ o l r ə
d o
t u γ a
i r g i n
d ə γ i l m a k t a l w ə
p u r a k t ə m a ː t t ͡ ʃ ə r ə
k a b u t t a
h a g d i h ə l i m
t ə t i w ď ə f k i ː
a ː h i n a
o g d i
ŋ i n a k i n m ə r
u ś i t ť a s a ː w
d o ː g i d a l i ː n
t r ə f i m
b a k a ď a ŋ a ː t
i k o n ə m i l
l u s a d i t n ə l
h a ː r g i t k i ː
ď a w i t
w s p o m o g a t e l n a j d u ː
p l a n
t u r a t t ͡ ʃ ə m
g ə l ə ː k t ə n a ː ď ə k ə l
h ə l i n t ͡ ʃ ə ď ə m
h a ŋ u ː k t a l t ͡ ʃ a
a n ŋ a ː t
i h i t ͡ ʃ a
d i ː γ i n ď a n
p ə k t i r o ː r ə n
k a g d a
ď u ː l a ː j i
g i r k u t ͡ ʃ a
u k u ś o l
s i r ď a ŋ n a m
k o m o j ə m i k a ː k u n
a t u w k i ː
m i r ə n ď ə ŋ k i ː t i n
i ś ə t ť ə s o
t o g o k l o ː
g u r u h i l b ə
o j o k o ː k u r w o t i n
ď o r o m o m
d i l g a n
a l a g u d a j ə
i t ͡ ʃ ə t n o ː m
p r o d i k t i l a t i n
m a g a z i n d u ː
t a l u l
o k i n
u ː t ͡ ʃ a k i l i n
a ː ď ə r i w ə
i ś ə h i ś o l
n o ː k i d u ː
i ś ə w k ə ː ś o
o l o ŋ i ː l w a t i n
l o ɲ a
o k ť a b r d u ː
i ď ə ŋ o ː w
ə h i ː k o n
t ə w u l a
b ə l ə ď i ŋ n ə r ə w u n
n u l g i k o n ə m i l ə
b ə j u n ə
t a r g a ś i ː r
k ə l a ʃ d u ː
a ŋ i l d a p
l e n i n g r a t t i k i
a ː s t ͡ ʃ a
e ː w a w ə l
h a ː l w a t i n
o t p u s k a t ť ə n ə
h e ː k t a k a ː n d u k
d i n ŋ i ː l ə ː γ i t ͡ ʃ o
g a ː ś a l
d i k t ə j ə
h a k t i r a d u ː
n u r g i r a n
h ə g d i ŋ o l
ď u k t ͡ ʃ a l d u l a ː
n u l g i s k o ː t
b a k a d a ː t i n
m o ː h a l a ː
h ə g d i k o ː k u ː n
ď a w r a ː ď a f k i ː l
b u ː ŋ n ə r ə w
ɲ i r u ś a r w ə
t u k s a n ť ə s a
h o m o ː t i ː w ə
h a g d a k
n u
t ə t i w r ə n
o ɲ o ː k o f
ŋ ə n
t i r g a k a k i n
i s t ͡ ʃ ə n d ə
ə r ə
k a p k a n d u k p i
d u k t ə l t ͡ ʃ a
ď a w w ə w u n
ɲ ə ŋ ɲ ə
n o ː d a r ə n
a h o t i t t ͡ ʃ ə ŋ k i ː t i n
t a n ď a m i ː
d ə g i l t ͡ ʃ a
t o γ o d u ː j i
ɲ i ː l w ə
h u t ə k ə ː n
ə r ə k o ː n d u ː
s o ː l i l t ͡ ʃ a
k a ŋ a l l a n
a d i w a l
u r k ə d u ː
g i r a m d a m i ː l a
ŋ ə n ə s o ː w u n
ď a p k u ś i w ə l
m i n ŋ i ː w ə
a n ŋ a ɲ i ː d u ː
i r g i t ͡ ʃ i l n u n
a ŋ i l w a r
h i ː w u w k i ː l
a ː m k i r d u ː
a n ŋ a ɲ i ː l
d e p t i l ə l w ə
m i g d i l l ə
b o d o
i ː d u t o n u
h u w u l b o n
a k t ͡ ʃ a
ŋ ə ŋ ə
d ə g i l i f k i ː
i s ə t t ə
ə b ə k ə j ə
t ə γ ə ś i m
i r u k t ə d a ŋ k i ː t i n
g i r k i ː t ə ː ď ə m i
o ď a ŋ k i ː n
ď o ː n i m
a n t i l n u n m i
ə b ə k o ː j i
t ə γ ə t t ͡ ʃ ə t ͡ ʃ ə ː n
b o d o r o
o t ͡ ʃ e ɲ
i ː f ś o w o
d a γ i ť
t ə γ ə t t ͡ ʃ ə t ͡ ʃ ə
h a w a l k i r a ː
u r u p t ͡ ʃ ə
n o ː m i ː
i r i s o
a m a s k i ː
l u k i ː l w ə n
a ː ď a n ə l
ď ə ː n n o
d ə g d ə r a
ŋ ə n ə w u m d ə k
u t o ː l ə p t i
m o n d u ː i
p u t o r a n d u ː
m o ː l i ː ŋ n ə m
d i n i ː l ə h i ś a m a
m ə n ŋ i ː w ə r
a ː m k i r d u k
a m ŋ a n
s o l i ː l o ː
b ə l ə ď ə m
g a ː t ͡ ʃ a ː w u n
t o γ o j i
b u l t a h i t
i t ͡ ʃ ə t t ͡ ʃ ə r ə w
m u l d i k a r
b u l t a l ə
a h a t k a ː n m ə
a ʃ i k t a
u t ͡ ʃ i t t ͡ ʃ ə t ͡ ʃ a ː t i n
h i l b a k a l
h i l a t n a
ɲ a r a l a ď a k a ː k u ː ś i f k i ː l
u m n o
ɲ i k o l a j ə v i t ͡ ʃ
ś a s
t ə γ ə t ť ə ś o
t a n t ͡ ʃ a r a n
a l o ʃ ə j
t a d u k ə
e t i t ə
g a n n a r ə w
t a w a r
b u r g u m o m o j o
s e r w i
i j o t p i
s w a j o
ŋ ə l i t ť ə n ə
ŋ ə n ə k o n ə m
a r m i j a l a ː
ś i p k a ː k a ː n g ə
h a ː r g i l w a
i ː n
t u t u k t a ď a ŋ k i ː w
a ŋ i w k i ː l
b e r e s t e n
ŋ o ː l i ś i l ď ə ŋ o ː n
i t ͡ ʃ ə t ͡ ʃ ə p k i ː l
k ə ŋ g i l ə r
t ə γ ə t t ͡ ʃ ə k o n ə m
u γ u s a k i t
a ŋ i ď a p k i ː
a i ː f s a
t u k k o r
d o ː l d i ː m
t ͡ ʃ a j t i t ͡ ʃ a l a i
ŋ ə l i ś i ŋ n ə m
m i t p ə
u ď a ś i n ə
ŋ ə n ə ď ə ŋ n ə r ə w u n
u r i ː h i n n a ː h i n a n
a ŋ i w k i ː
a ŋ i s a
a ŋ i r ə
a ŋ i ś o
d u n n ə l a ː
k o h i ď a ŋ k i ː n
ď a w d u l a ː j i
g o d r o ʒ d ə n i j ə l
k u ŋ a k a r t i n
ś e v ə r g i d a ː t k i ː
ŋ ə n ə m
s p e t s ʃ k o l a d u ː
k u ŋ a k a r ď i
ŋ ə n ə ŋ n ə r ə w u n
i ŋ t u w u n ə n
t a n t ͡ ʃ a ď ə r ə n
ď o ː ɲ ť a ď a ŋ k i ː n
b u k t u t t ə
a m i ː n m i
a m i ː n m i ː
g a n a ś i l i m t ͡ ʃ o w
u m u k i r
t a n t ͡ ʃ ə ď ə m
ď a w d u l a ː w ə r
t a ː n i s i n ə n
v a j n a ŋ i h i
h a ː r i l b a
g i r k i ː t ə ː ď ə ś o
m o ː l d u ː t i n
n u l g i k t ə ď ə ŋ k i ː w u n
h a ŋ u ː k t a w k i ː l
g i r k i ː t ə ː k t ə
ə t ə ː r ə n
t a l u l w a
ʃ o ː m n a ː s t ͡ ʃ ə ː w
s t a ː d ə l a ː t i n
h a ː m
h u n a ː ď i l w ə
t ə γ ə t t ͡ ʃ ə n ə
i s m i ɲ i r ə
h ə g d i h ə ď ə n ə
u l i ː ď ə ŋ k i ː n
ś u ː k ə l b a
g u n i f k i ː l
g u n i l t ͡ ʃ o l
d ə g m i
u t ͡ ʃ u ď ə ŋ n ə m
i n ď ə ŋ k i ː w u n
u l g u t ͡ ʃ o ː n ď ə m l i
o l l a
p u ʃ n o m e h o w o j d u ː
g a ː t t ə
ɲ i m a t i ŋ n a k a l d u
g i r k u ď a n a
o h a l w ə
o m o l g i ː n u n
b a l ď i s a n
a m a ː k a ː l w i
r a ɲ i k t ə l i
g i r a n i l ď a m
ŋ i n a k i n t i n
b i l u t ə r w ə
ŋ i n a k i n m u n
a m a ː k a ː t i n
i n ď ə ŋ n ə r ə w
i n ď ə ŋ n ə r ə w u n
h ə g d i ŋ ə k o ː k u r ď i
i r g i t ͡ ʃ i l w ə
k a p k a r w ə r
ď u k t ͡ ʃ a k a ː n d u l a ː t i n
ɲ e k ə ŋ d ə l a ː
d ə g i l ď ə m
t u m ɲ i r ə n
ə k s p ə ď i t s i j ə w ə
a ː s i n m u r ə n
a m t i l n u n m i
g i r k u ď a ŋ a ː w
ď i ʒ u r i ď ə p k i ː l
g a ŋ a d a w ə r
g e ː w u m
g u ɲ i l i m
ď ə b d o ː j ə
ď ə b d o ː w i
h u b ď ə n ə
a l a ː ś i l t ͡ ʃ a l
ŋ ə n ə w r ə
p u r g a l t ͡ ʃ a
ə w r ə n
t a w g a ː t
h a ː l b ə t i n
g a n a t m a ː t t ͡ ʃ a
g a n a t m a ː t t ͡ ʃ ə f k i ː l
ə n i ŋ ə h ə j i ː
m i n ŋ i ː
m i n ŋ i ː l
t o r o d o ː t i n
d a ː t k i ː w ə r
b u l t a l w a
ŋ ə n ə p ď ə r ə n
i l m a k t a d u ː j i
p ə k t ə r ə w u n i w
ŋ ə n ə ď ə n
ď e b ď ə r ə
h a w a l i l i m
a n ŋ i t ť a l
b u l t a ď i f k i ː
ɲ a ŋ t a t i ː ď a m
t ə γ ə t ͡ ʃ ə l
h u r i ː w o ː n ď ə n ə
t i r g a ɲ i ː t i k i n
o ď ə ŋ k i ː w u n
t a n d ə
u ʃ i p ď a
h u t a k a ː n a
ə l i w u m
ď ə ː j a w i
ʒ e r ď i l w ə
ʃ a m a ʃ i l w u
o g r a d a l a ː t i n
t ə w ə k ə l l ə
z i m o w j o l a ː
o r a w
m i ɲ a j i ŋ k i ː w u n
z a p a t t i k i ː
p o j ə z d a d u k
t ə l i ː ŋ i l t i n
ď u k t ͡ ʃ a l a ː n
n a w ə h i l w ə
i ŋ ə n i w a
i ŋ ə n i w ə
t i k t ͡ ʃ a k i w ə
t ə r g ə k s ə l b ə r
o s a ː s
g o g o ď o r o
ə k n i ː l w ə
ŋ ə l i w ś i p t ͡ ʃ u
b u ː ď ə m
b i r a j a n
h u j u k u ː n d u k p i ː
v e d ə m ə s t i w ə
i r g i ʃ ə l w ə
b u ː ś o
b u ː s o
i n ə k t ə ŋ k i ː t i n
ɲ e k ə ŋ d ə d u ː
v a s i l j ə v i t ͡ ʃ
ə h i k o k o n
ə h i k ə ː k ə ː n
ə h i k ə k o n
k u ŋ a k a r i w
k u ŋ a k a r w i
i ś ə r ə
a m a r d u t i n
a m a r d u ː n
t a d u ː
ŋ ə ː r i ː ď ə r ə n
h ə t ə k ə n ə m
t i m a ː l t a ː n a
a j a l
j u k t ə l a ː
g a ŋ a p k i ː l
ŋ ə p k ə k ə ː d u ː
a ŋ a l ď ə n
ď u g u ď ə f k i ː
z a ʃ i ʃ a t i l ď ə m
o m o l g i ː k o n i n
s a r ś i k a n m ə
ɲ ə m u l ə m ɲ i h ə l
a ŋ ə r ə
a j a m a m a ː t
h ə n u r ə n
ď a w w a r
ď a w w ə r
m o ː l a ː ď ə ŋ k i ː f
ď ə b d o ː t i n
i n ď ə k ə l l u
ď u k t ͡ ʃ a d u ː
n u r g i ď a r a
i ː m d ə t i n
u ŋ t u w u n m i
m a r i l d u l i ː
e ː k u k a ː n m ə r
u ɲ o n ə
k a r a b i t a j
k u p t u r a n
ď u ː l i ː w u n
i s s a l
i ś ə ď ə n
h o ː ŋ ə r i k t a t i n
v e r t o l o t i l
h i g ď ə m
t ə γ ə k ə l d u
t u n ŋ a ď a r d u ː
a m u t t u l a ː
ŋ i n a k i n m a
t a p ď a n a
g i r k u ː ď a f k i ː l
h o m o ː t i ː w a
b o l ʃ ə w i k i l
a n ŋ i t
h a ː r g i d u ː
i b ď a r i t k i
ď ə p t i l ə t i n
b a l d i ː ď a m
g u l u w u n m i
b o k o n t ͡ ʃ u k ə l
ď a p ď ə r ə
k u k t i m
t u k a l a n d u ː
i v a n o v i t ͡ ʃ
t u k s a ː n ə n
o m o ː n ə w
o m o ː n ə w u n
o l o s o
h a g d i t m ə r
a ŋ i ď ə r ə n
a m a r i t p i
a h i ː n
o l d o ś i ː d u ː
n a m a w u n ď i
k i n o w o
i t ͡ ʃ ə n o ː s t ͡ ʃ o ː w
a ŋ i l w a
s a f h o s t u ː
ď u ː k a k a ː n ď i w ə r
u r i ː n ə l l ə w
p ə k t i r ə ː n ə l i m
m i k t ͡ ʃ a n ə m
ŋ ə l i ś i w k i ː
b u l t a ŋ k i ː t i n
k ə r g ə n d u ː j i
m a l e ɲ k o k a n
p a t ͡ ʃ ť i ʃ t a
t ͡ ʃ a ŋ g a ː d a
a ŋ a n d u ː i
i l t ə n i l i m
i s ə ś o
a ŋ a m ə s i ː r
i ś ə m i
m u ː k o ː n ď i
h ə h ə n i ŋ k i ː n
h ə g d i l d u l o ː t i n
u r i k i ː t t u ː
g i r k u ď a r i ː l
g i r k u ď a f k i ː l
p ə k t i r o ː t ͡ ʃ o ː n
m u r u m ə w ə
u ŋ t u w u n m ə
u ŋ t u w u n d u ː
ď a w i t i n
ŋ ə n ə ď ə m i t
t u γ a ɲ i ː w ə
g e ː t p i
d u n d i l o ː
m o n d u k p i
ŋ ə n ə n d u ː j i
o r ď i n m ə
h u l a n n u n
a γ i ː t k i
h ə g d i m ə m ə w ə
b a g d a k ə w ə
k a r a b i n m a
ɲ e k ə ŋ d ə d u k
b u l t a d u ː
b ə l ə ŋ k i ː t i n
m a n a w u n d u ː n
u ś o b a d u ː
v i r t ə l o t i
h u k ə t ͡ ʃ i l
m a j g u l
t i p a l l a n
p ə k t i r o ː w u n m ə
m i r n i j d u ː
u ː k o ː ŋ
d a r j a k a ː n
a ː m u t t u ː
t ə p u ː t t ə
a l i k s a n d r
r ə s a m a h ə w ə
t i l i ŋ n ə m g u
ə ː l a h a w a l
d a r i ː l i ː
ʃ ə s ď ə ś a t
p o t a p t u ː
m i n d u l a ː
h a r u ː k k a r
k ə ŋ g i l o ː r t i n
t a r g a ś i ː n
g a r p a s o l
i s ə t t ə n
ʃ a r g a ś i n
a ŋ a k ə l l u
u t ͡ ʃ a m i ŋ a r
w o w k a n u n
o ď a ŋ a ː w
t r o f i m ŋ i l
g u l u l d u ː
t o l g o k i ː l
b a r ʒ a d u k
i n ď ə r ə p
ď u k t ͡ ʃ a w ə
t a j g a d u
t a n ə n
a g r ə n
ʃ k o l a w a
p ə k t i r o ː n m i ː
ď a w i l a
k i ŋ g i t t u ː
m u k o ː t o l i ː n
ď ə w ď ə r ə n
a γ i ː l d u ː
m a l u ː d u ː
ʃ t e ː n b e r k
ď o n i n ŋ a ː m
u r a ː m
a ŋ i k a ː k u ː n
k u s u l ə
g u l u w u n m a
h a l g a l i ʃ u
h o g d o ŋ o w i
b u ː ŋ n ə m
t u n ŋ a w a
h o ː n a l i
b a g d a k ə l
a ŋ i ď ə t ͡ ʃ a ː n
a n ŋ u d u ː
ə w ə d i w a
a j a w r ə
l u t ͡ ʃ a d i t
b u ː s i l d ə
a ŋ i l t i n
h a ː r ə
i l a n ď i
p ə k t i r o w u n ə n
i n ə
k ə ŋ g i l o ː r i n
m o ː l a ː
k a j u r d u ː
k ə ŋ g i l o ː n m ə
ŋ i ː γ ə
a h i ː n ə n
a h i ː n u n
k o r e ː l o ː w u n
k i l o m e t r
ś i n ť a b r e
t u k s a ː m i
b a r g i s k i ː
h o m o ː t i ː
t u k s a ː r ə n
h u w u l i t i n
ď a w r a ː h i n ď ə ŋ a ː t
t u k s a ː h i n ə m
l u k i ː l i n
p ə k t i r o ː n i m
t i l i m
u ŋ k o n m ə n
d a s t ͡ ʃ a n
ə k o n d a d u k
g ə n n o ː f k i ː
h u w u l d u l o ː n
e p i ď e m i j a
h ə g d i γ i w
o ː k i r w a l
a t i r k a ː r
t u ŋ a ɲ a m a
u l l ə w ə
g e ː t k i ː
t ə ď ə ː j ə
ś i p k a ː k o ː r
j u ː ŋ k i ː n
ď a l d u j i ː
h ə g d i d u k
ə s i ː p t ͡ ʃ u
a k i r w i w
h ə r ə k ə t m ə r i j ə
h a ː r g i k a ː k u ː n
h a ː r g i
i l l ə n
a ː t ͡ ʃ i r
h u n a t i l
i ː l a ː w ə l
w i b o r i l
g i r k u m a t
t i r ə ː t ͡ ʃ o
e ː k u n g u
ď a n m ə
a n ŋ a n i ː n
ɲ i ː ś i ː
ď ə m ŋ ə n ə n
h u k t i m ə t
a n ŋ a n i ː d u k
h o k t ə w ə r
ď u k t ͡ ʃ a n
l u d m i l a
d ə g i n t i
o l e k s a ː
h u n a ː ď i n
d a r i s k i ː
w i b a r i l
a ŋ n a n i ː d u ː
h u t ə t ə j
a ŋ ŋ a ś i n
a r u ʒ i j a
ś i r u ː w u n
ɲ i m ŋ a k a ː r
a j o ː
w a r a k m i
k i γ l ə ː l ď i
a h i ː n
b a b a j k ə l
a j a k a n ď i
ď u r w ə
g o r o k o ː n
i ː ŋ k i ː t i n
p a t d i ś a t
a b e t t u ː
g ə r b i ś i
h ə r ə k ə r ə w
e ː k u n m ə l
s i ŋ i l g ə n
ə k u n a
b u ː p k i ː l
a h a t k a r
a h i ː ś i
o m o w r o w
m a j a
d ə w g ə t t ə
v i r t o l o t
t ə ď ə ː n ə
m ə l e ɲ k ə
b e g a j a
i r i k o n ə m
o ŋ k i ː w u n
t a l u w a
z ď ə l a n i
i n i k i r
o l d o k o r w ə
d a g i ː f
t a j m e ɲ
a ŋ a n i s i
a ŋ ə k a ː k u r
t u ŋ i w ə
a m a r d u n
ə ŋ ə h i ː
i r ə m o ː h i ś o ː n
m ə ː n i n
u l i ː k ə l
h ə r ə k ə l a ː
ď a w a p t u n
k o r o ː n d u l a ː n
k a n i k u l i l d u ː
a k k ə l
h ə r ə k ə w a
ď u ː d u ː
k a l i l
ə ŋ n ə k o ː r w i
h ə g d i ŋ o
a j a k a ː k u n
a j a t
ə w ə s k i ː
m e t r i l
o n t i k i n
ď ə l ə k i ː l b ə
t a w ə r
n a m a ː ď i
ď u k t ͡ ʃ a
b u ː m ɲ i ː
i ː d u k p ə r
d ə r u ː k o n ə m
a ː f k i ː
t ə r u ː t t a n
i b ď a r i
ʃ a m a ʃ i l
t u γ ə ɲ i ː
a ŋ a ď a k a ː r
p a l a t k a l d i
o ď a r a
h o r i k a ː k u r
h a ː w a n
ŋ ə n i n
t a r k a ː n
ɲ a m i l
t ͡ ʃ i s t ə
a m i ː ŋ i ː w
a r a m a ː
ɲ i ː w ə
h a l g a n
ď u r d u ː
a ŋ a n i ś i
t u l ə ː t t ͡ ʃ ə m
a ŋ i l l a w
a ŋ i r a w
a ŋ i r a w u n
g u l u w u n
t r o f i m
ɲ i ď e l a
ə ɲ i ː n m ə w
h o g d i ŋ o
u l l ə
b o l i n i ː
o l d o s i ː
ď a w r a ː w
ə m u g d ə
m o ː l
m o ː w a
b a r ʒ i l
ď u ː ś i
b i r a j a
t ə r a ː m
s t ə i ʃ
k ə ɲ t ͡ ʃ ə
b i m ɲ i n
s ə f h o s
t u r u d u ː
t u r u d u
h u n d u ː
ď i k t ə k o ː r w ə
d a s n a w a n
n a ː d a n
h a ː d u n
d o ː ŋ i n
w a r k ə
ə ɲ i n i n
t a ː d u ː k
a n d r e j
k o m o j ə
a n d ə
i ś ə t k ə l d o
a ŋ i k a ː k u ː r ə
h a ː s a ː m
h a ː r ə
k o r o ː n d u k
ď u ː k a ː n m u n
ʃ k o l a
g a l a
h a g d i f
ď u ː w ə
a d i ː k u ː r
ə r t ə k i
m u l i n
t a d u ː d a ː
ə l a w ə l
t ͡ ʃ e m o k o k o ː n
i ː d u
ə t a w a
i ː k ə l
k u l t i r
o ː n m ə r
h u l a n
ɲ u ŋ ə n
o t ͡ ʃ ə n
m i r ə
i n m ə
i l a ɲ i
o ʃ i
o j o l g o
o ː k i r
d u n n ə m a
p u t i n
j e ː j e ː
k i ŋ g i t ŋ i ː
t u r ə ː n i n
d i ŋ n i ː
h e ː k t a l
b o l ʃ ə
ə t ə j ə ː t m i
r i ʒ i m
o ː k i ː n
t o g o j i
ʃ a m a n
g u g d a
b ə l i n
ď ə w
b o l o
g u n i m
g u n i l i m
a l i k
ɲ i w o
ď u g a
i l o ː
ď i ː γ i t
d a ʃ a
u s t ə n
ə n i n i n
ə d i n
m a r i s
a h i ŋ i
p o r o h
i h ə r i k t ə
i ŋ i n
i ː l a
m o n
p a d r a t
ə d i n
i s ə f k ə l
g o r o j o ː
a ŋ i t
ʃ o ː t
ə ŋ ə h i ː j ə s
p l a n
n o ː r ə w
j u ː r ə w
t a ŋ t ͡ ʃ a ː w
d o ː l d i ː d a ː n
e ː k u r w ə s
e ː k u r w a t i n
e ː k u r a j i
t ə t i w r ə
a r k i t t ͡ ʃ i w r a
h ə k ə r g ə ś o
t ə t i p t ͡ ʃ o
a n t i
t ə t i l l ə n
t ə t i w u l d a n
b i o l ə k p a
h ə ː k i ː m n ə h i n ə n
d o ː w a r a
d o ː l d i ː l l ə w
d o ː l d i ː r ə w
t ə t i w ə l i w k i ː l
i k o n ə m
d u k t ə l k o ː k u ː t t ͡ ʃ o
h ə t u k ə ː t ť ə w k i ː
h ə ː k i ː m n a r a
b a k a ś i w k a ː n i f k i ː
u ś i t t ͡ ʃ a ː w
b a k a ď a ŋ a s
d o ː l d i ː s a
d o ː l d i ː r a
o ŋ o k t o l i ː n
t o ː w ə r
t o ː l i
u r u ː n t ͡ ʃ ə ď ə n ə
t o k t o r o
b a k a m
b a k a n a m
b a k a ď a ŋ a ː w
a d i ː
h ə ː k i ː m n a l ď ə r ə
n o ː t t ə n
d u k ə l ə ː
u ś i t t a m
l o k o k o n ə m
n ə k n i l d u ː w i
h a k t i r d u ː
n a k a n n a l a ː
ď a w
d a k k a n ə m i l ə
d i k t ə l a
t u k u l ď a n
n o ː d a r a n
d o ː r ə n
n ə k n i l b i
a n a n
b a b a j i l w a
t ə t i l w ə
t ə t i w d ə ː t i n
t u g i
h ə k u ː s i j ə
t o k m a l a ː
t o γ o j o j
o p a t
n a k a n n o d u k
t a r ə
n o k u l d u l o ː
o k n ə n
o m t i l
ś i n ŋ i ː
t o γ o t i n
ə m ə g ə n d u ː
j a k o w l e w n a
t u k s a n ə n
i r ə k ś ə l d u ː
h ə ŋ k ə t t ͡ ʃ i l d ə
s a ː r ə n
d ə k t ə n d ə l i n
t u g ə r i k t a
ə ŋ ə h i ː w
d a ː
n o ː d a m
s o g d o n n o d u ː
u ʒ ə
m o ː t ə
l o k o w k i ː
ʃ t a
s o l d a t i l
ď a n
h ə k u ː h i ː t
m ə t
t ə t t ə
l o p o k o l
a r a k u ː k a ː n
j a k u t s k a
ə d a
l ə ŋ k o l d u k
v a a p ʃ ə
t ə t i γ ə ː l o n
ə ŋ ə h i ː ś i
t u g e
a r a k u k a ː n
t ə l i n
ə ː k u ː n m a l
ə m ə g ə n i n
ə l o ː l i ː
o d a n k i n
n ə ː l k i ː
t u g
ə ŋ ə ɲ i ː
k o s o l w o
n o ː k ə l l u
ś i t ͡ ʃ a s
b a j
n ə k ə ď ə m
ə j ə ː h i n ď ə n ə
ə t ə t
ə j ə ː t t ͡ ʃ ə n
ə j ə ː h i n ď ə ŋ ə ː t
e ť i
o r o d i
a p a ť
j a k o v
r o z a
s o ː t
ď u r
i ː d u k
ə l
o j j o j o j
n ə n
o t ͡ ʃ ə w
i j o l w o t i n
ə j ə ː r ə
f
i j o l ď i w ə r
d o ː
h ə
d u ː
o j o d u n
d a ː
i j o l t i n
i j o n
k ə r
s o ː k a ː n ď i t ͡ ʃ a ː t i n
t o ː
i
i
