د ز د ی   ک ر د ه   ب ا ش ه
د ا ش ت ی   م ی ت ر ک ی د ی
ا ف س و س   م ی خ و ر ی ن
ر ژ ی م   گ ر ف ت ه   ب ا ش ی
ر ژ ی م   گ ر ف ت ه   ب ا ش م
د ا ر ی ن   گ ز ا ف   م ی گ ی ن
ت ر ج م ه   ک ر د ه   ب ا ش ه
ت ر ج م ه   ک ر د ه   ب و د ن
د ا ر ه   ش ک ل   م ی گ ی ر ه
ت ح ص ی ل   ک ر د ه   ا س ت
م و ن ت ا ژ   خ و ا ه ی م   ک ر د
پ ا ک   ک ر د ه   ب و د ی ن
ش ک ا ی ت   ک ر د ه   ب و د م
ت ح ص ی ل   ک ر د ه ا ی د
د ا ش ت ی   م ی خ ا س ت ی
د ا ش ت م   م ی خ ا س ت م
ب ل ن د   ک ر د ه   ب و د ی
ش ک ا ی ت   ک ر د ه   ب ا ش م
ر ا س ت   گ ف ت ه   ب ا ش ه
د ا ش ت ن   م ی خ ا س ت ن
د ا ر ن د   م ی ن و ا ز ن د
ش ک ا ی ت   م ی ک ر د ی د
س ر ف ه   ک ر د ه   ب و د ی
م و ن ت ا ژ   م ی ک ر د ی
س ر ف ه   ک ر د ه   ب ا ش د
س ر ف ه   ک ر د ه   ب ا ش ی
س ر ف ه   ک ر د ه   ب و د ن
ا ز د و ا ج   م ی ک ن ی م
گ ز ا ف   گ ف ت ه   ب ا ش م
گ ز ا ف   گ ف ت ه   ب و د ن
ن م ا ز   خ و ا ه ی د   خ و ا ن د
م ر ط و ب   م ی ک ر د ی م
ا ف س و س   م ی خ و ر د م
ا ف س و س   خ و ر د ه   ب و د ی
د ا ش ت ی   م ی ن و ا خ ت ی
ن م ا ز   م ی خ و ن ی م
د ا ر ی م   م ی خ ی ز ی م
م و ن ت ا ژ   م ی ک ر د ن
ن م ا ز   م ی خ و ا ن ی م
ر ژ ی م   گ ر ف ت ه   ب ا ش ن
م و ن ت ا ژ   ک ر د ه ا ی
ر ا س ت   گ ف ت ه   ب و د م
ت ر ج م ه   خ و ا ه د   ک ر د
ا م ض ا ء   ک ر د ه ا ی م
ا ز د و ا ج   م ی ک ر د ن
ش ک ل   گ ر ف ت ه   ب و د ی
س ر ف ه   خ و ا ه م   ک ر د
ن م ا ز   م ی خ و ن د ی ن
م ر ط و ب   م ی ک ر د ی ن
د ا ش ت   پ ا ک   م ی ک ر د
ن ف س   ک ش ی د ه   ب و د م
د ل   ب ه   د ر ی ا   ز ن ن د ه
ا ش ت ب ا ه   م ی ک ر د م
ن م ا ز   م ی خ و ن د ی م
د ا ش ت   م ی ا ی س ت ا د
ا ش ت ب ا ه   م ی ک ر د ی
ن ف س   ک ش ی د ه   ب ا ش ن
م ر ح م ت   ک ر د ه ا ی د
د ا ر ی ن   م ی ب خ ش ی ن
ا ف س و س   م ی خ و ر ی د
ر ا س ت   م ی گ ف ت ن د
ا ز د و ا ج   ک ر د ه ا ی
د ا ش ت   ن ف س   م ی ک ش ی د
م ر ح م ت   ک ر د ه ا ی م
ا ز د و ا ج   ک ر د ه ا م
ق م پ ز   د ر   ک ر د ی ن
ن ف س   ک ش ی د ه   ب و د ی
د ا ر ی   ش ک ل   م ی گ ی ر ی
ا س ت ف ا د ه   ب ک ن ی م
ن م ا ز   خ و ا ه م   خ و ا ن د
د ا ر م   پ ا ک   م ی ک ن م
د ا ش ت ی د   م ی چ ی د ی د
خ ن ث ی   خ و ا ه ن د   ک ر د
م ن ت ش ر   م ی ک ر د ن د
م ن ت ش ر   ک ر د ه ا ی م
م ن ت ش ر   ک ر د ه   ب و د
ا ی س ت ا د ه   ب ا ش ی د
ب ه   ی ا د   آ و ر د ی د
ت ح ص ی ل   خ و ا ه ی م   ک ر د
ر ژ ی م   م ی گ ر ف ت ن د
ب ل ن د   خ و ا ه م   ک ر د
ب ه   ی ا د   م ی آ و ر ی م
ر ا س ت   م ی گ ف ت ی م
ب ل ن د   م ی ک ر د ن د
د ل   ب ه   د ر ی ا   م ی ز ن ه
د ا ر ی ن   م ی ک ش ی ن
د ز د ی   ک ر د ه   ب و د
ا ف س و س   خ و ر د ی م
م ر ط و ب   ک ر د ه ا ن د
ا س ت ف ا د ه   ب ک ن ی ن
ر ژ ی م   گ ر ف ت ه ا ی م
د ا ر ی   پ ا ک   م ی ک ن ی
ق م پ ز   د ر   م ی ک ن م
ب خ ش ی د ه   ب و د ی د
ت ح ص ی ل   م ی ک ن ی م
ا ی س ت ا د ه   ب و د ی م
ب ه   ی ا د   ب ی ا و ر ی م
خ ن ث ی   ک ر د ه   ا س ت
ر ژ ی م   م ی گ ی ر ی ن
ر ا س ت   گ ف ت ه ا ی ن
پ ا ک   ک ر د ه   ب ا ش ی
ت ح ص ی ل   ک ر د ه ا م
ب ل ن د   ک ر د ه   ب و د
د ل   ب ه   د ر ی ا   ز د ی د
ب ه   ی ا د   آ و ر د ن د
ا س ت ف ا د ه   م ی ک ن د
ت ر ج م ه   م ی ک ر د ی م
س ر ف ه   ک ر د ه   ب و د
م ر ح م ت   م ی ک ر د م
ا س ت ف ا د ه   ک ر د ی ن
ت ح ص ی ل   م ی ک ر د م
د ز د ی   ک ر د ه ا ن د
ت م ا ش ا   م ی ک ر د م
ن و ا خ ت ه   ب ا ش ی د
د ا ر د   پ ا ک   م ی ک ن د
ش ک ا ی ت   ک ر د ه ا ی م
د ا ش ت ی   م ی ص ب ر ی
ب ل ن د   ک ر د ه   ا س ت
ش ک ل   گ ر ف ت ه   ب ا ش م
ش ک ل   گ ر ف ت ه   ب ا ش م
ر ژ ی م   گ ر ف ت ه ا ی د
ا م ض ا ء   م ی ک ر د م
ت ر ج م ه   ک ر د ه ا ن د
م و ن ت ا ژ   ک ر د ی م
ب ل ن د   ک ر د ه ا ی م
ر ا س ت   گ ف ت ه   ب و د
ر ا س ت   گ ف ت ه   ب و د
س ر ف ه   ک ر د ه ا ی د
ت م ا ش ا   ک ر د ه ا ن
ا م ض ا ء   خ و ا ه ی   ک ر د
ا س ت ف ا د ه   ب ک ن ه
م ر ح م ت   خ و ا ه ی   ک ر د
ت م ا ش ا   ک ر د ه ا ی
ت م ا ش ا   ک ر د ه ا م
د ا ر ی ن   م ی چ ی ن ی ن
ت م ا ش ا   م ی ک ن ی م
ا ش ت ب ا ه   م ی ک ر د
ت ح ص ی ل   م ی ک ن م
ق م پ ز   د ر   ک ر د ن
ن و ا خ ت ه   ب و د ی د
ا ز د و ا ج   ب ک ن ی د
ن م ا ز   خ و ن د ه ا ن
ن ف س   م ی ک ش ی د ی ن
ا ف س و س   خ و ر د ه   ب ا ش ی
م و ن ت ا ژ   م ی ک ن ن د
م ر ح م ت   م ی ک ن ن د
ا ف س و س   خ و ر د ه ا ی
ش ک ل   گ ر ف ت ه   ب ا ش د
د ا ش ت ن   م ی چ ی ن د ن
ن ف س   م ی ک ش ی د ی م
م ر ط و ب   م ی ک ر د ی
ا ف س و س   ب خ و ر ی ن
م ن ت ش ر   م ی ک ر د ی
د ل   ب ه   د ر ی ا   ب ز ن ه
م ر ح م ت   م ی ک ن ی م
م ر ح م ت   م ی ک ن ی م
د ا ر ی   م ی ا ی س ت ی
م ر ح م ت   ک ر د ه ا ن
گ ز ا ف   م ی گ ف ت ن
ب ه   ی ا د   آ و ر ن د ه
گ ز ا ف   م ی گ ف ت م
گ ز ا ف   م ی گ ف ت م
ا ش ت ب ا ه   ب ک ن ی م
ا ز د و ا ج   ب ک ن ی د
گ ز ا ف   م ی گ و ی ی م
ش ک ل   م ی گ ی ر ی م
ا ش ت ب ا ه   ب ک ن ی د
ق م پ ز   د ر   ک ر د ی
م ر ط و ب   م ی ک ن م
ب ه   ی ا د   ب ی ا ر ی ن
ت ح ص ی ل   م ی ک ر د
م ر ط و ب   م ی ک ن ن د
ق م پ ز   د ر   ب ک ن ی
ن ف س   م ی ک ش ی د ی م
م ن ت ش ر   ک ر د ه ا م
م ن ت ش ر   ک ر د ه ا ی
ب خ ش ی د ه   ب و د م
م ر ط و ب   م ی ک ن ی
س ر ف ه   م ی ک ن ی ن
ر ا س ت   م ی گ ف ت ن
ا ش ت ب ا ه   ب ک ن ی ن
ا ش ت ب ا ه   ب ک ن ی م
ش ک ل   م ی گ ر ف ت ی د
ر ا س ت   م ی گ ف ت ی
د ل   ب ه   د ر ی ا   ز د ی م
ا ف س و س   خ و ر ی ن
د ا ر ن   م ی ب خ ش ن
د ل   ب ه   د ر ی ا   م ی ز د
د ا ر ه   م ی ت ر ک ه
م ر ح م ت   م ی ک ن د
ت ر ج م ه   م ی ک ر د ن
ر ژ ی م   گ ر ف ت ه ا ی
ر ژ ی م   م ی گ ر ف ت م
ا ز د و ا ج   م ی ک ن ن
ا ی س ت ا د ه   ب و د ی
ق م پ ز   د ر   ک ر د ه
ر ژ ی م   م ی گ ی ر م
ا ش ت ب ا ه   م ی ک ن ه
د ا ش ت ی   خ ط   م ی ز د ی
ر ژ ی م   خ و ا ه م   گ ر ف ت
ا ش ت ب ا ه   م ی ک ن م
ب ه   ی ا د   آ و ر د ی
پ ا ک   ک ر د ه ا ی م
ب ه   ی ا د   آ و ر د م
م و ن ت ا ژ   ک ن ی د
ا ز د و ا ج   ک ن ی ن
ا م ض ا   م ی ک ر د ن
ا ش ت ب ا ه   ک ر د ه ا ی
ب ه   ی ا د   آ و ر د ن
ت م ا ش ا   ک ر د ی ن
د ا ش ت   م ی ن و ا خ ت
ب ل ن د   م ی ک ر د ی
ا س ت ف ا د ه   ک ن ی م
ا س ت ف ا د ه   ک ن ی م
ت ر ج م ه   م ی ک ر د م
خ ن ث ی   ک ر د ه ا ی
ر ا س ت   ب گ و ی ی د
خ ا س ت ه   ب و د ی م
ش ک ا ی ت   م ی ک ر د ی
ب ل ن د   م ی ک ر د ن
ا س ت ف ا د ه   ک ر د ن
ف ش ر د ه   ب ا ش ی م
س ر ف ه   م ی ک ن ی م
ا م ض ا ء   م ی ک ر د
ن ف س   خ و ا ه ی م   ک ش ی د
م و ن ت ا ژ   ب ک ن ن د
ت ح ص ی ل   ک ن ن د ه
ق م پ ز   د ر   ب ک ن ی
ا ز د و ا ج   ب ک ن ن د
ش ک ل   م ی گ ی ر ی د
ا م ض ا   ک ر د ه ا م
خ و ا ه ی   ن و ا خ ت
د ز د ی   م ی ک ن ی د
د ز د ی   ک ر د ه ا ی
ت ح ص ی ل   م ی ک ن ی
خ و ا ه ن د   ب خ ش ی د
ا ی س ت ا د ه   ب و د ن
پ ا ک   ک ر د ه ا ی ن
ب ه   ی ا د   ب ی ا و ر د
خ و ا ه ی د   ب خ ش ی د
ا ف س و س   خ و ر د ی
ا ش ت ب ا ه   ک ن ن د ه
م و ن ت ا ژ   ک ر د ن
پ ا ک   ک ر د ه   ب و د
ش ک ا ی ت   م ی ک ن ی م
پ ر ی د ه   ب ا ش ن د
پ ر ی د ه   ب و د ی م
ب ه   ی ا د   م ی آ و ر د
ش ک ا ی ت   م ی ک ن ی د
پ ر ی د ه   ب و د ی د
پ ر ی د ه   ب ا ش ی م
د ا ش ت ی   م ی چ ی د ی
د ا ر د   م ی ن و ا ز د
ب ل ن د   م ی ک ر د م
ر ا س ت   م ی گ ی م
د ز د ی   م ی ک ر د ی
د ا ر ی د   خ ط   م ی ز ن ی د
خ و ا ه ی م   ن و ا خ ت
د ز د ی   م ی ک ر د ی
س ر ف ه   م ی ک ن ن د
گ ز ا ف   گ و ی ن د ه
ا ش ت ب ا ه   ک ر د ی
ب ه   ی ا د   م ی آ و ر د
م ر ط و ب   م ی ک ن ی
ن م ا ز   م ی خ و ن د
م ر ط و ب   ب ک ن ن د
د ل   ب ه   د ر ی ا   ز ن ی
چ ی ن د ه   ب و د ن د
خ و ا ه د   ب خ ش ی د
خ ن ث ی   خ و ا ه د   ک ر د
ر ژ ی م   م ی گ ی ر م
ت م ا ش ا   ب ک ن ی م
ا ف س و س   ب خ و ر د
گ ز ا ف   م ی گ و ی م
د ا ر ی د   م ی پ ر ی د
د ا ر م   خ ط   م ی ز ن م
ت ر ک ی د ه   ب ا ش م
خ ا س ت ه   ب ا ش ن د
م ر ط و ب   ک ر د ی ن
ا س ت ف ا د ه   ب ک ن
ا ز د و ا ج   ب ک ن د
چ ی د ه   ب و د ن د
ا ش ت ب ا ه   ک ر د ن
ص ب ر ه   ب و د ی م
د ا ر ی   گ ز ا ف   م ی گ و ی ی
د ا ش ت   م ی ت ر ک ی د
ق م پ ز   د ر   ک ر د
د ا ش ت   م ی ت ر ک ی د
د ا ش ت   م ی ص ب ر
د ا ش ت   م ی چ ی ن د
خ ط   ز د ه   ب ا ش ی ن
م ن ت ش ر   ک ر د ی د
د ل   ب ه   د ر ی ا   ز د ن
ر ا س ت   ب گ و ی ن د
ک ش ی د ه   ب و د ن د
ن ف س   م ی ک ش ی د م
م ن ت ش ر   م ی ک ن ی
ن ف س   م ی ک ش ی د ن
م ر ط و ب   ک ن ن د ه
د ا ر ی   گ ز ا ف   م ی گ ی
ا م ض ا ء   ک ن ی م
خ ن ث ی   ک ر د ی م
ا ش ت ب ا ه   ب ک ن ه
ر ا س ت   گ و ی ن د ه
ش ک ل   م ی گ ی ر ن
ت ح ص ی ل   ک ن ی د
ب ه   ی ا د   ب ی ا ر ی
ا ش ت ب ا ه   ب ک ن د
ب خ ش ی د ه ا ی م
ب ه   ی ا د   م ی آ ر ن
د ل   ب ه   د ر ی ا   ز ن ی
خ ا س ت ه   ب و د م
ر ا س ت   م ی گ ف ت
ر ژ ی م   گ ر ف ت ی م
ر ژ ی م   م ی گ ر ف ت
م ر ط و ب   ب ک ن م
م ر ح م ت   ک ن ی م
د ز د ی   ب ک ن ی م
ت ر ج م ه   ب ک ن ی ن
د ا ر ی   م ی ت ر ک ی
چ ی ن د ه   ب ا ش ن د
ت ر ج م ه   م ی ک ن م
خ و ا ه ی د   ص ب ر
ت ر ج م ه   ب ک ن ی د
ت م ا ش ا   م ی ک ن ن
ت ر ک ی د ه ا ی ن
خ ط   خ و ا ه ی د   ز د
ق م پ ز   د ر   م ی ک ن ی د
ر ژ ی م   م ی گ ی ر ی
ا ف س و س   ب خ و ر م
ش ک ل   خ و ا ه م   گ ر ف ت
ت م ا ش ا   ک ن ن د ه
ا ف س و س   ب خ و ر ی
پ ر ی د ه   ب ا ش ن
خ ن ث ی   م ی ک ن ن د
م ر ح م ت   ک ر د ه
ب ه   ی ا د   آ و ر د
د ا ش ت ی   م ی ف ش ر د ی
م و ن ت ا ژ   ک ن ی م
ب خ ش ی د ه   ب و د ی م
ت م ا ش ا   ک ر د ن
س ر ف ه   ک ر د ی م
خ و ا ه ی م   ا ی س ت ا د
ت ر ک ی د ه   ب و د ی
گ ز ا ف   ب گ و ی ن د
ا ز د و ا ج   ک ن م
ن ف س   ک ش ی د ه ا ی
ا س ت ف ا د ه   ب ک ن
ا ف س و س   خ و ر م
د ز د ی   ک ر د ی د
ا س ت ف ا د ه   ک ن م
ن و ا خ ت ه ا ی م
ق م پ ز   د ر   م ی ک ن م
ا س ت ف ا د ه   ک ر د
ن و ا خ ت ه ا ی م
س ر ف ه   م ی ک ن د
ش ک ل   خ و ا ه ن د   گ ر ف ت
م ر ط و ب   ک ر د ه
ت م ا ش ا   ک ر د ی
خ ن ث ی   م ی ک ن م
ر ا س ت   م ی گ ف ت
خ ط   ز د ه   ب ا ش د
ا ز د و ا ج   ک ن ی
ا ی س ت ا د ه ا ی م
د ز د ی   م ی ک ر د
د ا ش ت   گ ز ا ف   م ی گ ف ت
ب خ ش ی د ه   ب و د
خ ط   ز د ه   ب و د م
گ ز ا ف   م ی گ و ی ن د
ق م پ ز   د ر   ب ک ن
ن و ا خ ت ه   ا س ت
م و ن ت ا ژ   ک ر د
ش ک ا ی ت   م ی ک ن ه
پ ر ی د ه   ب ا ش ی
م ر ح م ت   ک ر د ه
م ر ط و ب   ک ر د م
م ر ط و ب   ک ر د ی
خ و ا ه ن د   ت ر ک ی د
ا ز د و ا ج   ک ن ه
ت م ا ش ا   ک ر د ن
ت ح ص ی ل   ک ن ن د
خ و ا ه ی م   ص ب ر
ا ز د و ا ج   ب ک ن
د ا ر ه   م ی ک ش ه
ا ز د و ا ج   ب ک ن
ش ک ا ی ت   ک ن ن د ه
ن م ا ز   خ و ن د ن
ب ه   ی ا د   آ و ر د ه
خ ط   ز د ه   ب و د ی
ش ک ا ی ت   م ی ک ن ی
ن م ا ز   ب خ و ا ن د
ت م ا ش ا   ب ک ن م
ش ک ا ی ت   م ی ک ن ی
د ز د ی   ک ن ن د ه
م و ن ت ا ژ   ک ر د
م ی ب خ ش ی د ی م
م ی ب خ ش ی د ن د
م ی ب خ ش ی د ی م
م ی چ ی ن د ن د
پ ا ک   م ی ک ن ی م
چ ی ن د ه   ب ا ش ه
م ر ح م ت   ک ر د ی
م و ن ت ا ژ   ک ن ه
ت م ا ش ا   ب ک ن د
م ر ط و ب   ک ر د ن
د ز د ی   م ی ک ن ی
خ ط   م ی ز د ی ن
ن م ا ز   ب خ و ا ن ی
خ ط   ز د ه ا ی د
م ی ا ی س ت ا د م
ش ک ل   ب گ ی ر ی د
ش ک ل   ب گ ی ر ی م
ش ک ل   ب گ ی ر ی ن
ب ه   ی ا د   آ و ر د
ش ک ا ی ت   م ی ک ر د م
خ ن ث ی   م ی ک ن د
ص ب ر ه   ب ا ش د
م ی ت ر ک ی د ی د
م ن ت ش ر   ک ر د م
م ن ت ش ر   ک ر د ی
ب ه   ی ا د   ب ی ا و ر
م ن ت ش ر   ک ن ی م
خ و ا ه ن د   ا ی س ت ا د
م ن ت ش ر   ک ن ی م
م ن ت ش ر   ک ن ی د
ا ف س و س   ب خ و ر
ش ک ل   م ی گ ی ر م
ا م ض ا   ک ن ی م
ا م ض ا   ب ک ن ن
خ ا س ت ه ا ی ن
ش ک ل   خ و ا ه ی   گ ر ف ت
خ ن ث ی   ک ن ی ن
خ ن ث ی   ک ر د ی
خ ط   ز د ه ا ی ن
ش ک ل   م ی گ ر ف ت
ب خ ش ی د ه ا ن
ت ح ص ی ل   ب ک ن م
م ر ح م ت   ک ن م
م ر ط و ب   ک ن م
ت ر ک ی د ه ا ی م
ر ژ ی م   گ ی ر م
ش ک ل   گ ر ف ت ی م
د ز د ی   ک ن ی د
ر ژ ی م   گ ی ر م
خ و ا ه د   ک ش ی د
ک ش ی د ه   ب و د ن
م ی خ ا س ت ن د
ص ب ر ه   ب و د ی
چ ی د ه   ب ا ش م
خ و ا ه م   ک ش ی د
ب خ ش ی د ه ا ی
ت ر ج م ه   ب ک ن ه
د ا ر ه   م ی پ ر ه
خ و ا ه ی   ص ب ر
چ ی د ه   ب و د م
ش ک ل   خ و ا ه د   گ ر ف ت
خ و ا ه ن د   ص ب ر
ف ش ر د ه   ب و د ی ن
ب ل ن د   ب ک ن م
ف ش ر د ه ا ی ن
ش ک ا ی ت   ب ک ن ن
ا م ض ا ء   م ی ک ن م
ر ا س ت   گ ف ت ه
ش ک ا ی ت   ک ر د ه
ش ک ا ی ت   ک ر د ه
ت ر ک ی د ه   ب و د
م و ن ت ا ژ   ک ن م
ت ر ک ی د ه   ب و د
س ر ف ه   ک ر د ی
ب ل ن د   ک ن ی م
م ی ف ش ر د ی م
س ر ف ه   ب ک ن د
خ ن ث ی   ک ر د ن
م ر ح م ت   م ی ک ر د
ن ف س   م ی ک ش م
ت ر ج م ه   ک ر د ن
ب ل ن د   ب ک ن ه
ن و ا خ ت ه ا ی
چ ی د ه   ب ا ش ن
خ ط   ز د ه   ب و د
ش ک ا ی ت   ک ن ن د
د ا ر ی   م ی پ ر ی
ن م ا ز   خ و ا ن د
چ ی ن د ه   ب و د ی م
ش ک ا ی ت   ک ر د ن
ت ر ج م ه   ک ر د ه
ت ر ج م ه   ک ر د ی
ت ر ک ی د ه ا ن
ت ر ج م ه   ک ر د ه
ش ک ا ی ت   ک ن ی د
ر ا س ت   گ ف ت م
ش ک ا ی ت   ب ک ن ی
پ ا ک   ب ک ن م
س ر ف ه   ک ر د ه
ت م ا ش ا   ک ر د
د ز د ی   ک ر د ن
ر ا س ت   گ و ی ی
ر ا س ت   م ی گ ی
ت ر ج م ه   ک ن ی ن
گ ز ا ف   ب گ ی م
م ر ط و ب   ب ک ن م
ت ر ج م ه   ک ن ی م
خ ط   م ی ز ن ی د
ش ک ل   م ی گ ی ر ه
د ز د ی   ک ن م
ا ی س ت ا د ی ن
ا م ض ا ء   م ی ک ن ی
خ ن ث ی   ب ک ن ی
ت ح ص ی ل   ک ن ن
خ و ا ه م   ت ر ک ی د
د ز د ی   ب ک ن ی
ت م ا ش ا   ک ن ی
د ز د ی   ب ک ن ی
م ر ح م ت   ک ن ی
خ ن ث ی   ک ن ی م
گ ز ا ف   ب گ ی ن
گ ز ا ف   ب گ ی ن
ا م ض ا   م ی ک ن ه
ن ف س   ب ک ش ی د
خ و ا ه ی   ت ر ک ی د
خ و ا ه د   ا ی س ت ا د
ا ی س ت ا د ی م
ر ژ ی م   گ ر ف ت ن
ر ژ ی م   گ ر ف ت ن
م ی ب خ ش ی د م
ت م ا ش ا   ک ن ه
م ی ف ش ا ر ی د
ا م ض ا   م ی ک ن ن
خ ط   م ی ز ن ی م
م ی ا ی س ت ی ن
د ز د ی   ب ک ن ه
ن و ا خ ت ی م
ف ش ر د ه ا م
ا ی س ت ا د ن د
ش ک ل   گ ر ف ت ه
ف ش ر د ه   ا س ت
م ی ف ش ر د ی
ش ک ل   گ ر ف ت ه
ک ش ی د ه   ب و د
م ی ت ر ک ی د م
خ ن ث ی   ک ن ه
خ ن ث ی   م ی ک ن ی م
چ ی د ه   ب ا ش ه
ن م ا ز   خ و ن ی
م ی ک ش ی د ی ن
ص ب ر ه ا ی م
ص ب ر ه ا ن د
س ر ف ه   ک ر د
م ی پ ر ی د ی م
ر ا س ت   گ ی ن
خ ا س ت ه ا ی
ش ک ا ی ت   ک ن م
م ی ف ش ر د ی
ت ر ج م ه   ب ک ن
چ ی د ه   ب و د ی م
ش ک ل   گ ی ر ی
ن و ا خ ت ن د
م ی ت ر ک ی م
خ و ا ه ن د   چ ی ن د
ر ژ ی م   ب گ ی ر
م ی ن و ا ز م
ص ب ر ه   ب ا ش ی ن
ر ا س ت   گ و ی د
ب ل ن د   ک ر د
پ ر ی د ه ا ی
ش ک ا ی ت   ب ک ن
د ا ر م   م ی چ ی ن م
ش ک ا ی ت   ک ن ی
ب ل ن د   ک ن ه
ا م ض ا   ک ن ن
ف ش ر د ه ا م
م ی ص ب ر ن د
ش ک ل   گ ی ر م
د ا ر م   م ی م
ن ف س   ک ش ی د ن
گ ز ا ف   گ ه
ش ک ا ی ت   ک ن د
ب ف ش ا ر ی ن
ب ف ش ا ر ی ن
ن ف س   ک ش ی ن
ا ی س ت ا د ی
پ ا ک   ک ر د ن
ب خ ی ز ی م
ش ک ل   گ ی ر د
خ ا س ت ی م
خ ن ث ی   م ی ک ر د ی
ن و ا ز ن د ه
ا ی س ت ا د م
د ا ر د   م ی چ ی ن د
م ی ف ش ا ر ه
ن و ا ز ی د
م ی ت ر ک م
خ ن ث ی   ک ن ی
خ و ا ه د   ف ش ر د
پ ا ک   ک ن ی د
ن ف س   ک ش د
ب ن و ا ز ی م
گ ز ا ف   گ م
خ ط   ز ن ن د ه
ب خ ش ی د ن
ب خ ش ی د ن
ک ش ی د ه ا ی
ک ش ی د ه ا م
ب خ ی ز ی د
ا ی س ت ا د ه
گ ز ا ف   ب گ و
ب ت ر ک ی د
م ی چ ی ن ی ن
م ی چ ی د ن د
ا ی س ت ی م
پ ر ی د ی ن
ص ب ر ه ا م
پ ا ک   ک ر د
م ی پ ر ی د ی
چ ی ن د ن د
م ی پ ر ی د م
ش ک ل   گ ی ر ی
م ی ف ش ر د
ب ک ش ی م
خ ط   ز د ی د
خ و ا ه م   چ ی د
ن و ا ز م
گ ز ا ف   گ ی
ب ن و ا ز م
خ و ا ه د   چ ی د
ش ک ل   گ ی ر ه
ب خ ی ز م
پ ر ی د ی م
م ی پ ر ی م
ر ا س ت   ب گ و
ب ت ر ک ی ن
م ی ک ش ی د
م ی چ ی ن د م
م ی چ ی ن د ن
م ی ب خ ش م
ب ف ش ا ر ی
م ی ص ب ر ی ن
ن و ا ز ه
پ ا ک   ک ن ن
خ ط   ب ز ن ی
ب ا ی س ت م
ب ن و ا ز ه
م ی چ ی ن ی د
م ی ب خ ش ی
م ی چ ی ن ی د
خ ط   ز ن ی د
ب چ ی ن ی م
ب ک ش ی م
م ی ن و ا ز ی
چ ی د ی م
پ ا ک   ک ن ی
ب ت ر ک د
ا ی س ت ا د
خ ط   م ی ز ن د
ب ف ش ا ر د
ب خ ی ز م
ب چ ی ن ی م
م ی پ ر ن د
م ی ت ر ک ه
چ ی ن ی م
چ ی ن د ه ا ی
ب ب خ ش ی م
چ ی ن ی ن
چ ی ن د ه ا ی
م ی ک ش م
ب خ ی ز ن
ب ب خ ش ی م
ب خ ش ی ن
ب خ ش ی م
ف ش ر د ن
ب خ ش ن د
چ ی د ن د
ک ش ی د ی ن
م ی چ ی ن ی
د ا ر د   م ی د
ف ش ر د ه
خ ط   ز د ن
ب خ ش ن د ه
ا ی س ت ی ن
خ ط   ز ن م
ب ب خ ش ی ن
ص ب ر ی ن
م ی پ ر ی
خ ط   م ی ز د
پ ر ن د ه
خ ط   م ی ز د
م ی پ ر د
ت ر ک ی د ی
ت ر ک ی د ن
خ ا س ت ن
ت ر ک ی د ن
خ و ا ه ی   چ ی ن د
ب پ ر ن د
خ ی ز م
خ ط   ز د ی
خ ط   ز ن د
ب خ ش ی د
ف ش ا ر ن د
م ی چ ی ن ی
م ی ن و ا ز ی
ب ت ر ک ه
ب پ ر ی ن
ن و ا خ ت
خ ط   ز د ه
م ی چ ی ن د
ب چ ی ن م
خ ی ز ی ن
خ ی ز ن
چ ی د ی م
ب چ ی ن ی
چ ی ن د ه
ب ک ش م
ب خ ی ز د
چ ی ن ن
ک ش ی م
ب خ ش ن
ب پ ر ی م
ت ر ک ی د
ک ش ی د ه
ب چ ی ن د
ب پ ر ن
ک ش ی د
خ ی ز د
ب ک ش د
ب ا ی س ت
ب پ ر ی
خ ن ث ی   ک ر د
ب پ ر م
د ا ر ی   م ی ی
ک ش ن
ک ش ه
ک ش د
ب ک ش
خ و ا ه ی   چ ی د
پ ر م
پ ر د
ص ب ر
ک ش ی
ب ب خ ش
پ ر ی
پ ر ی
م ی م
ب ن
ب ی
ب ی د
د
ی م
م ی ی
م ی ی
ب
