د ا ش ت ن د   ق م پ ز   د ر   م ی ک ر د ن د
د ا ش ت ن د   ا س ت ف ا د ه   م ی ک ر د ن د
د ا ش ت ی د   ا ف س و س   م ی خ و ر د ی د
د ا ش ت ی م   ق م پ ز   د ر   م ی ک ر د ی م
د ا ش ت ی م   ا ز د و ا ج   م ی ک ر د ی م
د ا ش ت ی م   د ل   ب ه   د ر ی ا   م ی ز د ی م
د ا ش ت ی م   ب ه   ی ا د   م ی آ و ر د ی م
د ا ش ت ی م   ت ح ص ی ل   م ی ک ر د ی م
د ا ش ت ی م   م ر ح م ت   م ی ک ر د ی م
د ا ش ت ی ن   ت م ا ش ا   م ی ک ر د ی ن
د ا ش ت ی م   م ر ح م ت   م ی ک ر د ی م
د ا ش ت ن د   ت ح ص ی ل   م ی ک ر د ن د
د ا ش ت ی م   ت م ا ش ا   م ی ک ر د ی م
د ا ش ت ن د   ا م ض ا ء   م ی ک ر د ن د
د ا ش ت ی م   ت م ا ش ا   م ی ک ر د ی م
د ا ش ت ی ن   ر ژ ی م   م ی گ ر ف ت ی ن
د ا ش ت ی م   گ ز ا ف   م ی گ ف ت ی م
د ا ش ت ی ن   گ ز ا ف   م ی گ ف ت ی ن
د ا ش ت ن د   ش ک ا ی ت   م ی ک ر د ن د
د ا ش ت ی ن   ش ک ا ی ت   م ی ک ر د ی ن
د ا ر ی م   ا ف س و س   م ی خ و ر ی م
د ا ش ت ی ن   ا م ض ا   م ی ک ر د ی ن
د ا ش ت ی ن   د ز د ی   م ی ک ر د ی ن
د ا ش ت ی ن   خ ن ث ی   م ی ک ر د ی ن
د ا ش ت ی م   ش ک ل   م ی گ ر ف ت ی م
د ا ش ت ن د   ش ک ل   م ی گ ر ف ت ن د
د ا ر ی د   ق م پ ز   د ر   م ی ک ن ی د
د ا ش ت م   ق م پ ز   د ر   م ی ک ر د م
د ا ش ت ن   م و ن ت ا ژ   م ی ک ر د ن
د ا ش ت م   ا ز د و ا ج   م ی ک ر د م
د ا ش ت ی د   ن ف س   م ی ک ش ی د ی د
د ا ش ت ی ن   ن ف س   م ی ک ش ی د ی ن
د ا ش ت ی   ق م پ ز   د ر   م ی ک ر د ی
د ا ش ت ی م   ن ف س   م ی ک ش ی د ی م
د ا ش ت ی م   ن ف س   م ی ک ش ی د ی م
د ا ش ت ی   ب ه   ی ا د   م ی آ و ر د ی
د ا ش ت م   ت م ا ش ا   م ی ک ر د م
د ا ش ت ن   ب ه   ی ا د   م ی آ و ر د ن
د ا ش ت ن   د ل   ب ه   د ر ی ا   م ی ز د ن
د ا ش ت ی   ا ز د و ا ج   م ی ک ر د ی
د ا ر ی م   ا ش ت ب ا ه   م ی ک ن ی م
د ا ش ت ی   ب ه   ی ا د   م ی آ و ر د ی
د ا ش ت ی م   م ی ا ی س ت ا د ی م
د ا ش ت م   م ر ح م ت   م ی ک ر د م
د ا ش ت ی   ن م ا ز   م ی خ و ن د ی
د ا ر ی م   ب ه   ی ا د   م ی آ و ر ی م
د ا ش ت ی   ا ف س و س   م ی خ و ر د ی
د ا ش ت ی م   پ ا ک   م ی ک ر د ی م
د ا ش ت ی ن   پ ا ک   م ی ک ر د ی ن
د ا ر ن د   ت م ا ش ا   م ی ک ن ن د
د ا ر ی م   ا م ض ا ء   م ی ک ن ی م
د ا ش ت ی   ت ح ص ی ل   م ی ک ر د ی
ق م پ ز   د ر   خ و ا ه ن د   ک ر د
د ا ر ی د   م ر ط و ب   م ی ک ن ی د
د ا ش ت ی   ا م ض ا   م ی ک ر د ی
د ا ش ت م   ش ک ا ی ت   م ی ک ر د م
د ا ر ی م   ر ژ ی م   م ی گ ی ر ی م
د ا ش ت ی   ش ک ا ی ت   م ی ک ر د ی
د ا ش ت ی   م ن ت ش ر   م ی ک ر د ی
د ا ش ت م   ن م ا ز   م ی خ و ن د م
د ا ر ن   ا س ت ف ا د ه   م ی ک ن ن
ا س ت ف ا د ه   ک ر د ه   ب ا ش ی د
د ا ش ت ی   ر ژ ی م   م ی گ ر ف ت ی
د ا ر ی ن   ب ه   ی ا د   م ی آ ر ی ن
د ا ر م   ا س ت ف ا د ه   م ی ک ن م
د ا ر ن د   س ر ف ه   م ی ک ن ن د
د ا ر ی ن   ش ک ا ی ت   م ی ک ن ی ن
د ا ر ی ن   ر ژ ی م   م ی گ ی ر ی ن
ب ه   ی ا د   آ و ر د ه   ب ا ش ی ن
ب ه   ی ا د   آ و ر د ه   ب ا ش ی م
ا س ت ف ا د ه   خ و ا ه ی د   ک ر د
د ا ر ی   ا س ت ف ا د ه   م ی ک ن ی
د ا ر ی   ا ف س و س   م ی خ و ر ی
د ل   ب ه   د ر ی ا   ز د ه   ب و د ن د
د ا ش ت ی   ر ا س ت   م ی گ ف ت ی
د ا ش ت م   گ ز ا ف   م ی گ ف ت م
د ا ش ت م   ش ک ا ی ت   م ی ک ر د م
ق م پ ز   د ر   ک ر د ه   ب و د ی م
م و ن ت ا ژ   ک ر د ه   ب ا ش ی ن
د ا ش ت ی   ب ل ن د   م ی ک ر د ی
ا س ت ف ا د ه   ک ر د ه   ب ا ش ی م
د ا ش ت م   گ ز ا ف   م ی گ ف ت م
د ا ر ن د   ش ک ا ی ت   م ی ک ن ن د
د ا ش ت ن   ش ک ل   م ی گ ر ف ت ن
د ا ر ی   م و ن ت ا ژ   م ی ک ن ی
ا ف س و س   خ و ر د ه   ب و د ی د
د ا ر ی   م و ن ت ا ژ   م ی ک ن ی
د ا ر ن د   ب ل ن د   م ی ک ن ن د
ا ز د و ا ج   ک ر د ه   ب و د ی ن
د ا ر ی م   خ ن ث ی   م ی ک ن ی م
د ا ر ن   م و ن ت ا ژ   م ی ک ن ن
د ا ر ی   ا ز د و ا ج   م ی ک ن ی
ن م ا ز   خ و ا ن د ه   ب و د ی د
د ا ر ی م   م ر ح م ت   م ی ک ن ی م
ن م ا ز   خ و ن د ه   ب ا ش ی م
د ا ر ی د   ب ل ن د   م ی ک ن ی د
د ا ش ت ی ن   م ی ب خ ش ی د ی ن
د ا ر ن   ن م ا ز   م ی خ و ن ن
ا ز د و ا ج   ک ر د ه   ب و د ی د
د ا ر ی   ن م ا ز   م ی خ و ن ی
د ا ر ن د   د ز د ی   م ی ک ن ن د
ق م پ ز   د ر   ک ر د ه   ب ا ش م
ب ه   ی ا د   خ و ا ه م   آ و ر د
د ا ر ی م   ت ر ج م ه   م ی ک ن ی م
د ا ر ن   ا ز د و ا ج   م ی ک ن ن
ب ه   ی ا د   آ و ر د ه   ب ا ش ن
ق م پ ز   د ر   ک ر د ه   ب و د م
ب ه   ی ا د   آ و ر د ه   ب ا ش د
ب ه   ی ا د   آ و ر د ه   ب و د ن
ا س ت ف ا د ه   ک ر د ه   ب و د م
د ا ر ی   ا م ض ا   م ی ک ن ی
د ا ر ی   ا ش ت ب ا ه   م ی ک ن ی
ا ز د و ا ج   ک ر د ه   ب ا ش ی م
ن م ا ز   خ و ا ن د ه   ب ا ش ی م
د ا ش ت ی د   م ی ف ش ر د ی د
م و ن ت ا ژ   ک ر د ه   ب و د م
د ا ش ت   م ر ح م ت   م ی ک ر د
م و ن ت ا ژ   ک ر د ه   ب ا ش م
د ا ر م   ا ش ت ب ا ه   م ی ک ن م
ا م ض ا ء   ک ر د ه   ب ا ش ی د
ت ح ص ی ل   ک ر د ه   ب ا ش ی م
ت م ا ش ا   ک ر د ه   ب و د ن د
د ا ش ت   ت م ا ش ا   م ی ک ر د
د ا ر ی   م ر ط و ب   م ی ک ن ی
ش ک ا ی ت   ک ر د ه   ب ا ش ن د
ت ح ص ی ل   ک ر د ه   ب ا ش ی م
م ر ط و ب   ک ر د ه   ب ا ش ن د
د ا ش ت   ب ه   ی ا د   م ی آ و ر د
د ا ش ت   ب ه   ی ا د   م ی آ و ر د
د ا ر م   م ر ح م ت   م ی ک ن م
ا ف س و س   خ و ر د ه   ب و د ن
د ا ر د   ن م ا ز   م ی خ و ا ن د
د ا ر د   ب ه   ی ا د   م ی آ و ر د
د ل   ب ه   د ر ی ا   ز د ه   ب ا ش د
د ل   ب ه   د ر ی ا   ز د ه   ب ا ش م
د ل   ب ه   د ر ی ا   ز د ه   ب ا ش ه
د ا ش ت   ت ح ص ی ل   م ی ک ر د
ا ش ت ب ا ه   ک ر د ه   ب و د ی
م ر ح م ت   ک ر د ه   ب و د ن د
د ا ش ت   ش ک ا ی ت   م ی ک ر د
ن م ا ز   خ و ا ن د ه   ب ا ش م
د ا ش ت   ش ک ا ی ت   م ی ک ر د
د ا ش ت ی   م ی ا ی س ت ا د ی
م ر ح م ت   ک ر د ه   ب ا ش ن د
د ا ش ت ن   ن ف س   م ی ک ش ی د ن
د ا ش ت ی م   خ ن ث ی   م ی ک ر د ی م
د ا ر ی   م ن ت ش ر   م ی ک ن ی
م ن ت ش ر   ک ر د ه   ب ا ش ی ن
د ا ر ه   م ن ت ش ر   م ی ک ن ه
د ا ر م   م ن ت ش ر   م ی ک ن م
م و ن ت ا ژ   خ و ا ه ی   ک ر د
م ر ط و ب   ک ر د ه   ب ا ش ی م
د ا ش ت   ت ر ج م ه   م ی ک ر د
د ا ش ت   ت ر ج م ه   م ی ک ر د
ا ش ت ب ا ه   ک ر د ه   ب ا ش ه
ق م پ ز   د ر   م ی ک ر د ی م
ق م پ ز   د ر   ک ر د ه ا ی م
م ن ت ش ر   خ و ا ه ی م   ک ر د
م ن ت ش ر   ک ر د ه   ب ا ش ی م
د ا ش ت م   م ی ا ی س ت ا د م
م ن ت ش ر   ک ر د ه   ب ا ش ن د
م ر ط و ب   ک ر د ه   ب ا ش ی ن
د ا ش ت ن   م ی ا ی س ت ا د ن
د ا ش ت ی م   م ی پ ر ی د ی م
ا م ض ا   ک ر د ه   ب ا ش ی م
د ا ر د   ت ح ص ی ل   م ی ک ن د
ب ه   ی ا د   آ و ر د ه ا ی م
د ا ر م   ر ا س ت   م ی گ و ی م
ا ف س و س   خ و ر د ه   ب ا ش ه
ا ش ت ب ا ه   خ و ا ه ی   ک ر د
ا ز د و ا ج   ک ر د ه   ب ا ش ن
س ر ف ه   ک ر د ه   ب ا ش ی م
د ز د ی   ک ر د ه   ب و د ی د
ا ز د و ا ج   ک ر د ه   ب ا ش ی
م ر ح م ت   ک ر د ه   ب ا ش ی م
م ر ط و ب   ک ر د ه   ب و د ی
د ا ش ت   ا م ض ا   م ی ک ر د
د ا ش ت ی د   م ی پ ر ی د ی د
د ا ر د   م ر ح م ت   م ی ک ن د
ش ک ا ی ت   ک ر د ه   ب و د ی م
ر ا س ت   گ ف ت ه   ب ا ش ن د
ب ل ن د   ک ر د ه   ب و د ی م
ت ح ص ی ل   ک ر د ه   ب و د ن
ق م پ ز   د ر   ک ر د ه   ب ا ش ی
د ل   ب ه   د ر ی ا   م ی ز د ن د
د ز د ی   ک ر د ه   ب و د ی ن
ن م ا ز   خ و ن د ه   ب ا ش م
د ل   ب ه   د ر ی ا   م ی ز ن ی م
ا ف س و س   خ و ر د ه   ب و د ی ن
ت م ا ش ا   ک ر د ه   ب و د ی
س ر ف ه   ک ر د ه   ب و د ن د
م ر ح م ت   ک ر د ه   ب ا ش م
م ر ط و ب   ک ر د ه   ب و د ن
ا ف س و س   خ و ر د ه   ب و د ی م
ت م ا ش ا   ک ر د ه   ب ا ش م
د ا ش ت ی ن   م ی ص ب ر ی ن
م ر ح م ت   ک ر د ه   ب و د ی
د ا ش ت ی م   م ی ک ش ی د ی م
د ل   ب ه   د ر ی ا   م ی ز ن ن د
د ا ر م   د ز د ی   م ی ک ن م
م و ن ت ا ژ   ک ر د ه   ا س ت
ا ز د و ا ج   ک ر د ه   ا س ت
ا ف س و س   م ی خ و ر د ی ن
ا ز د و ا ج   ک ر د ه ا ی ن
ر ژ ی م   گ ر ف ت ه   ب ا ش ی ن
د ا ش ت   ش ک ل   م ی گ ر ف ت
م و ن ت ا ژ   ک ر د ه ا ی م
م و ن ت ا ژ   ک ر د ه   ب و د
ب ل ن د   ک ر د ه   ب ا ش ی ن
ر ا س ت   گ ف ت ه   ب ا ش ی م
ا ش ت ب ا ه   م ی ک ر د ی ن
د ا ر ی ن   م ی ا ی س ت ی ن
ا ز د و ا ج   م ی ک ر د ن د
س ر ف ه   خ و ا ه ی د   ک ر د
ا م ض ا ء   خ و ا ه ن د   ک ر د
ا م ض ا ء   خ و ا ه ی د   ک ر د
ا ش ت ب ا ه   م ی ک ر د ن د
ق م پ ز   د ر   ک ر د ه   ب و د
ن ف س   ک ش ی د ه   ب و د ی م
د ا ش ت ن   م ی ب خ ش ی د ن
د ا ر ی   ب ه   ی ا د   م ی آ و ر ی
د ا ر ی   ر ا س ت   م ی گ ی
ا س ت ف ا د ه   م ی ک ر د م
ا ز د و ا ج   ک ر د ه ا ن د
ت ح ص ی ل   م ی ک ر د ی م
ر ا س ت   خ و ا ه ی   گ ف ت
ر ژ ی م   گ ر ف ت ه   ب و د ن
ن م ا ز   خ و ن د ه ا ی ن
د ا ش ت ی   م ی ت ر ک ی د ی
ق م پ ز   د ر   م ی ک ر د ی
د ا ر م   ب ل ن د   م ی ک ن م
م ن ت ش ر   ک ر د ه   ب ا ش ی
م ن ت ش ر   ک ر د ه   ب ا ش ی
ب ه   ی ا د   م ی آ و ر د ی ن
م ن ت ش ر   ک ر د ه   ب و د ی
د ا ش ت ی د   م ی چ ی ن د ی د
د ا ش ت ن   م ی ن و ا خ ت ن
د ل   ب ه   د ر ی ا   ز د ه   ا س ت
س ر ف ه   ک ر د ه   ب ا ش ن
د ا ر ی م   م ی ا ی س ت ی م
خ ن ث ی   ک ر د ه   ب ا ش ن
د ا ش ت ی ن   م ی چ ی د ی ن
خ ن ث ی   ک ر د ه   ب و د ی
ن م ا ز   خ و ن د ه   ب و د ی ن
خ ن ث ی   ک ر د ه   ب و د م
خ ن ث ی   ک ر د ه   ب ا ش م
د ا ش ت م   م ی ف ش ر د م
خ ن ث ی   ک ر د ه   ب ا ش ی
د ل   ب ه   د ر ی ا   م ی ز ن ی م
ق م پ ز   د ر   ک ر د ه ا ن
