ب
م ی ی
م ی ی
ی م
د
ب ی د
ب ی
ب ن
م ی م
پ ر ی
پ ر ی
ب ب خ ش
ک ش ی
ص ب ر
پ ر د
پ ر م
خ و ا ه ی   چ ی د
ب ک ش
ک ش د
ک ش ه
ک ش ن
د ا ر ی   م ی ی
ب پ ر م
خ ن ث ی   ک ر د
ب پ ر ی
ب ا ی س ت
ب ک ش د
خ ی ز د
ک ش ی د
ب پ ر ن
ب چ ی ن د
ک ش ی د ه
ت ر ک ی د
ب پ ر ی م
ب خ ش ن
ک ش ی م
چ ی ن ن
ب خ ی ز د
ب ک ش م
چ ی ن د ه
ب چ ی ن ی
چ ی د ی م
خ ی ز ن
خ ی ز ی ن
ب چ ی ن م
م ی چ ی ن د
خ ط   ز د ه
ن و ا خ ت
ب پ ر ی ن
ب ت ر ک ه
م ی ن و ا ز ی
م ی چ ی ن ی
ف ش ا ر ن د
ب خ ش ی د
خ ط   ز ن د
خ ط   ز د ی
خ ی ز م
ب پ ر ن د
خ و ا ه ی   چ ی ن د
ت ر ک ی د ن
خ ا س ت ن
ت ر ک ی د ن
ت ر ک ی د ی
م ی پ ر د
خ ط   م ی ز د
پ ر ن د ه
خ ط   م ی ز د
م ی پ ر ی
ص ب ر ی ن
ب ب خ ش ی ن
خ ط   ز ن م
ا ی س ت ی ن
ب خ ش ن د ه
خ ط   ز د ن
ف ش ر د ه
د ا ر د   م ی د
م ی چ ی ن ی
ک ش ی د ی ن
چ ی د ن د
ب خ ش ن د
ف ش ر د ن
ب خ ش ی م
ب خ ش ی ن
ب ب خ ش ی م
ب خ ی ز ن
م ی ک ش م
چ ی ن د ه ا ی
چ ی ن ی ن
ب ب خ ش ی م
چ ی ن د ه ا ی
چ ی ن ی م
م ی ت ر ک ه
م ی پ ر ن د
ب چ ی ن ی م
ب خ ی ز م
ب ف ش ا ر د
خ ط   م ی ز ن د
ا ی س ت ا د
ب ت ر ک د
پ ا ک   ک ن ی
چ ی د ی م
م ی ن و ا ز ی
ب ک ش ی م
ب چ ی ن ی م
خ ط   ز ن ی د
م ی چ ی ن ی د
م ی ب خ ش ی
م ی چ ی ن ی د
ب ن و ا ز ه
ب ا ی س ت م
خ ط   ب ز ن ی
پ ا ک   ک ن ن
ن و ا ز ه
م ی ص ب ر ی ن
ب ف ش ا ر ی
م ی ب خ ش م
م ی چ ی ن د ن
م ی چ ی ن د م
م ی ک ش ی د
ب ت ر ک ی ن
ر ا س ت   ب گ و
م ی پ ر ی م
پ ر ی د ی م
ب خ ی ز م
ش ک ل   گ ی ر ه
خ و ا ه د   چ ی د
ب ن و ا ز م
گ ز ا ف   گ ی
ن و ا ز م
خ و ا ه م   چ ی د
خ ط   ز د ی د
ب ک ش ی م
م ی ف ش ر د
ش ک ل   گ ی ر ی
م ی پ ر ی د م
چ ی ن د ن د
م ی پ ر ی د ی
پ ا ک   ک ر د
ص ب ر ه ا م
پ ر ی د ی ن
ا ی س ت ی م
م ی چ ی د ن د
م ی چ ی ن ی ن
ب ت ر ک ی د
گ ز ا ف   ب گ و
ا ی س ت ا د ه
ب خ ی ز ی د
ک ش ی د ه ا م
ک ش ی د ه ا ی
ب خ ش ی د ن
ب خ ش ی د ن
خ ط   ز ن ن د ه
گ ز ا ف   گ م
ب ن و ا ز ی م
ن ف س   ک ش د
پ ا ک   ک ن ی د
خ و ا ه د   ف ش ر د
خ ن ث ی   ک ن ی
م ی ت ر ک م
ن و ا ز ی د
م ی ف ش ا ر ه
د ا ر د   م ی چ ی ن د
ا ی س ت ا د م
ن و ا ز ن د ه
خ ن ث ی   م ی ک ر د ی
خ ا س ت ی م
ش ک ل   گ ی ر د
ب خ ی ز ی م
پ ا ک   ک ر د ن
ا ی س ت ا د ی
ن ف س   ک ش ی ن
ب ف ش ا ر ی ن
ب ف ش ا ر ی ن
ش ک ا ی ت   ک ن د
گ ز ا ف   گ ه
ن ف س   ک ش ی د ن
د ا ر م   م ی م
ش ک ل   گ ی ر م
م ی ص ب ر ن د
ف ش ر د ه ا م
ا م ض ا   ک ن ن
ب ل ن د   ک ن ه
ش ک ا ی ت   ک ن ی
د ا ر م   م ی چ ی ن م
ش ک ا ی ت   ب ک ن
پ ر ی د ه ا ی
ب ل ن د   ک ر د
ر ا س ت   گ و ی د
ص ب ر ه   ب ا ش ی ن
م ی ن و ا ز م
ر ژ ی م   ب گ ی ر
خ و ا ه ن د   چ ی ن د
م ی ت ر ک ی م
ن و ا خ ت ن د
ش ک ل   گ ی ر ی
چ ی د ه   ب و د ی م
ت ر ج م ه   ب ک ن
م ی ف ش ر د ی
ش ک ا ی ت   ک ن م
خ ا س ت ه ا ی
ر ا س ت   گ ی ن
م ی پ ر ی د ی م
س ر ف ه   ک ر د
ص ب ر ه ا ن د
ص ب ر ه ا ی م
م ی ک ش ی د ی ن
ن م ا ز   خ و ن ی
چ ی د ه   ب ا ش ه
خ ن ث ی   م ی ک ن ی م
خ ن ث ی   ک ن ه
م ی ت ر ک ی د م
ک ش ی د ه   ب و د
ش ک ل   گ ر ف ت ه
م ی ف ش ر د ی
ف ش ر د ه   ا س ت
ش ک ل   گ ر ف ت ه
ا ی س ت ا د ن د
ف ش ر د ه ا م
ن و ا خ ت ی م
د ز د ی   ب ک ن ه
م ی ا ی س ت ی ن
خ ط   م ی ز ن ی م
ا م ض ا   م ی ک ن ن
م ی ف ش ا ر ی د
ت م ا ش ا   ک ن ه
م ی ب خ ش ی د م
ر ژ ی م   گ ر ف ت ن
ر ژ ی م   گ ر ف ت ن
ا ی س ت ا د ی م
خ و ا ه د   ا ی س ت ا د
خ و ا ه ی   ت ر ک ی د
ن ف س   ب ک ش ی د
ا م ض ا   م ی ک ن ه
گ ز ا ف   ب گ ی ن
گ ز ا ف   ب گ ی ن
خ ن ث ی   ک ن ی م
م ر ح م ت   ک ن ی
د ز د ی   ب ک ن ی
ت م ا ش ا   ک ن ی
د ز د ی   ب ک ن ی
خ و ا ه م   ت ر ک ی د
ت ح ص ی ل   ک ن ن
خ ن ث ی   ب ک ن ی
ا م ض ا ء   م ی ک ن ی
ا ی س ت ا د ی ن
د ز د ی   ک ن م
ش ک ل   م ی گ ی ر ه
خ ط   م ی ز ن ی د
ت ر ج م ه   ک ن ی م
م ر ط و ب   ب ک ن م
