م ی چ ی ن د ی د
ب ل ن د   ک ر د ه ا ی د
ا ش ت ب ا ه   ک ر د ه   ب ا ش ی
م ن ت ش ر   ک ر د ه
د ل   ب ه   د ر ی ا   ز د ه   ب ا ش ی م
ش ک ل   م ی گ ی ر ی
ن و ا خ ت ه   ب و د ی ن
ت ح ص ی ل   ک ن م
ا م ض ا ء   ک ر د ه   ب ا ش د
ا ف س و س   خ و ر د م
م ی چ ی ن ی م
ن ف س   م ی ک ش ن د
ن ف س   ک ش ی د ه   ب ا ش م
ت م ا ش ا   ک ر د ه
ا س ت ف ا د ه   ک ر د ه ا ی د
ن م ا ز   م ی خ و ا ن د
چ ی د ه ا ی ن
ر ژ ی م   گ ر ف ت ه ا ی
چ ی ن ه
ا ف س و س   ب خ و ر ن د
ا ش ت ب ا ه   ک ر د ه   ب ا ش ی د
ت ح ص ی ل   م ی ک ر د ی ن
د ا ش ت ی د   ن م ا ز   م ی خ و ا ن د ی د
ق م پ ز   د ر   م ی ک ر د ی م
د ا ش ت م   ت ر ج م ه   م ی ک ر د م
ب خ ش ی د ه ا م
م ی ت ر ک ی د ی ن
ت م ا ش ا   ک ر د ه   ب و د ی ن
ر ا س ت   م ی گ م
د ا ر ی م   ش ک ا ی ت   م ی ک ن ی م
ت ر ک ی د
ا ش ت ب ا ه   ک ر د ه   ب ا ش ن د
س ر ف ه   ک ر د ه   ب و د ی ن
س ر ف ه   ک ن م
ر ژ ی م   گ ر ف ت ه
د ا ر ی ن   م ر ط و ب   م ی ک ن ی ن
م ی چ ی ن ن د
م ی پ ر ی د
گ ز ا ف   گ ف ت ی د
ک ش ی د ه   ب ا ش ی م
ا ش ت ب ا ه   ک ر د ن د
ا س ت ف ا د ه   ک ر د ه   ب ا ش م
م ر ط و ب   ک ر د ه   ب ا ش م
ب چ ی ن ه
د ز د ی   ک ر د ه   ب و د
پ ا ک   ک ر د ی
ن ف س   ک ش ی د ه   ب و د ی م
گ ز ا ف   گ ف ت ه ا ی د
ش ک ا ی ت   ب ک ن م
د ا ش ت ی م   م ی پ ر ی د ی م
ر ژ ی م   م ی گ ی ر ی د
ا س ت ف ا د ه   م ی ک ر د
د ا ش ت ن د   م ر ط و ب   م ی ک ر د ن د
ا م ض ا ء   ک ن ن د
س ر ف ه   ک ر د ه ا ی ن
د ا ر م   ش ک ل   م ی گ ی ر م
ب ل ن د   م ی ک ر د ی ن
ت ح ص ی ل   ک ن ی م
ا س ت ف ا د ه   ک ر د ه   ب و د
د ا ر ی م   ا ز د و ا ج   م ی ک ن ی م
م ر ط و ب   ک ر د ه   ب و د
ش ک ا ی ت   ک ر د ه   ب و د ی د
ا م ض ا   م ی ک ر د
ن م ا ز   خ و ا ن ن د ه
م ر ط و ب   ک ر د ی م
د ا ش ت   پ ا ک   م ی ک ر د
ف ش ر د ه   ب و د ی
ب ه   ی ا د   آ و ر ی د
م و ن ت ا ژ   ک ر د ه   ب ا ش ی
گ ز ا ف   گ ف ت ی
م ی ن و ا ز ی م
ا ی س ت ا د ه ا م
خ ا س ت ه   ا س ت
د ا ر ی د   س ر ف ه   م ی ک ن ی د
ر ژ ی م   گ ر ف ت ه   ب و د م
ب خ ش ی د ی د
م ر ح م ت   م ی ک ر د ن
ا م ض ا ء   ک ن د
گ ز ا ف   م ی گ ف ت ی د
د ا ش ت ی د   م ی ک ش ی د ی د
ا ف س و س   خ و ر د ه
خ ط   ز د ه   ب ا ش ن د
ن ف س   ک ش ی د ن
ب ن و ا ز ی ن
د ا ش ت ی   ن م ا ز   م ی خ و ا ن د ی
ب چ ی ن
ر ا س ت   گ ف ت ی د
م ی خ ی ز ی ن
ش ک ا ی ت   ک ر د ی
ا ف س و س   خ و ا ه م   خ و ر د
ت م ا ش ا   م ی ک ر د م
د ا ر ی م   ق م پ ز   د ر   م ی ک ن ی م
ش ک ا ی ت   ک ن ی ن
خ ط   ز د ه   ب ا ش م
د ا ر ی م   م ی ی م
ا س ت ف ا د ه   م ی ک ن ن
م ی ک ش ی د م
پ ر ی د ه   ب ا ش ه
ش ک ل   ب گ ی ر ی م
خ ط   ب ز ن ی ن
