چ ی ن د ی
ش ک ل   ب گ ی ر م
د ا ر م   ب ه   ی ا د   م ی آ و ر م
ن و ا ز ن
د ا ر ی ن   م ی ن و ا ز ی ن
ق م پ ز   د ر   خ و ا ه ی   ک ر د
ت ح ص ی ل   ک ر د ه ا ی
ا ش ت ب ا ه   ک ر د ه   ب ا ش ی م
س ر ف ه   م ی ک ر د ن د
م ر ح م ت   م ی ک ن ه
ا س ت ف ا د ه   ک ر د ه   ب و د ن
ق م پ ز   د ر   ب ک ن د
م ر ط و ب   ک ن ن د
ت ر ک ی د ه   ب و د ی م
ت م ا ش ا   ک ر د ه   ب ا ش ه
ب ل ن د   خ و ا ه ی م   ک ر د
م ر ط و ب   ک ر د ی د
ب ک ش ی د
م ی ت ر ک م
ش ک ل   م ی گ ر ف ت ی
م ر ح م ت   ک ر د
ب خ ش ی د ن د
ب ل ن د   ب ک ن ی د
پ ا ک   ک ن ه
م ی ن و ا خ ت
د ا ر د   خ ط   م ی ز ن د
گ ز ا ف   گ ف ت ه
ا م ض ا   ک ر د ه ا ی م
ب ت ر ک ی م
ن و ا خ ت ه   ب و د ن
ا م ض ا ء   ک ر د ه   ب ا ش ی م
ا ف س و س   خ و ا ه د   خ و ر د
د ا ر د   س ر ف ه   م ی ک ن د
خ و ا ه م   ن و ا خ ت
ا ز د و ا ج   ک ر د ه   ب و د ن
ت ح ص ی ل   ب ک ن ی د
ب خ ش د
ب ن و ا ز م
خ ن ث ی   ب ک ن ی م
ا س ت ف ا د ه   م ی ک ر د ن د
ق م پ ز   د ر   ب ک ن ی د
م ر ح م ت   ک ر د ه   ب و د
پ ا ک   ک ر د ه
ر ژ ی م   گ ر ف ت ه   ب ا ش ن د
ب ن و ا ز ن د
ا ف س و س   م ی خ و ر د
خ ی ز ن د ه
م ر ح م ت   خ و ا ه ن د   ک ر د
ب ه   ی ا د   آ و ر د ه   ب و د ن د
خ ا س ت ه   ب و د ی
د ل   ب ه   د ر ی ا   م ی ز د ی م
ن م ا ز   ب خ و ن ی م
د ا ش ت ن   م ی ت ر ک ی د ن
چ ی ن د ه ا م
ن و ا خ ت ه ا ی ن
ا ز د و ا ج   ب ک ن ن
د ا ش ت   س ر ف ه   م ی ک ر د
م ی ت ر ک ی د ن د
د ا ش ت م   ا ز د و ا ج   م ی ک ر د م
خ ط   خ و ا ه ی   ز د
م و ن ت ا ژ   م ی ک ن م
ن م ا ز   م ی خ و ن د م
ص ب ر ه
م ر ح م ت   ب ک ن ی ن
پ ا ک   ب ک ن ن
خ ن ث ی   ب ک ن ه
خ ا س ت ه ا ی
ش ک ا ی ت   ب ک ن ی ن
د ا ش ت م   م ی خ ا س ت م
م ر ط و ب   ب ک ن ی م
د ل   ب ه   د ر ی ا   ز د ی م
ا ی س ت ا د ه   ب ا ش ن
ف ش ر د ی ن
م و ن ت ا ژ   ک ن ی
ش ک ل   گ ر ف ت ه   ب و د
ن ف س   ب ک ش ی م
م ی پ ر ی د ن د
د ا ش ت م   ب ل ن د   م ی ک ر د م
م ی ا ی س ت ا د ی ن
ن و ا خ ت ه   ب ا ش ه
ت ر ج م ه   ک ر د ی
س ر ف ه   ک ن ن د
ت م ا ش ا   ک ر د ه   ب ا ش ی د
ق م پ ز   د ر   ک ر د ه   ب و د ی
ش ک ل   م ی گ ی ر م
د ا ر ی   س ر ف ه   م ی ک ن ی
پ ر ی د م
ص ب ر ه   ب و د
خ ن ث ی   ب ک ن ی د
ف ش ر د ه   ب و د
م ن ت ش ر   ک ر د ه ا ن
ت ح ص ی ل   ک ر د ه   ب و د م
ا س ت ف ا د ه   ب ک ن م
د ا ر د   ا ف س و س   م ی خ و ر د
ن م ا ز   ب خ و ن
ا ی س ت ا د ی د
س ر ف ه   م ی ک ن ی
م ی چ ی ن د ی م
ر ژ ی م   گ ر ف ت ن د
خ ط   ز د م
