ب ا ی س ت ی م
ر ژ ی م   گ ر ف ت ه   ب و د
ت م ا ش ا   خ و ا ه م   ک ر د
ب چ ی ن ن
ر ا س ت   گ ف ت ه ا ی
د ا ش ت   ا م ض ا ء   م ی ک ر د
چ ی ن د ه   ب و د
پ ا ک   خ و ا ه ی د   ک ر د
ب ف ش ا ر ی د
ب خ ش ی د م
د ا ش ت ی د   ا ش ت ب ا ه   م ی ک ر د ی د
خ ن ث ی   م ی ک ر د ی د
ب ت ر ک
د ا ر ه   پ ا ک   م ی ک ن ه
خ ط   ز د ی م
خ ی ز ی م
م ن ت ش ر   ب ک ن ی د
د ا ر ی ن   ش ک ل   م ی گ ی ر ی ن
ر ا س ت   خ و ا ه م   گ ف ت
ق م پ ز   د ر   ک ن ن
ک ش ی د ه
ن ف س   ک ش ی د ی م
د ا ش ت ی م   م ی ب خ ش ی د ی م
ا م ض ا   م ی ک ن ی م
ن و ا خ ت ه   ب و د م
ا ز د و ا ج   ک ن ی
د ا ش ت ی   س ر ف ه   م ی ک ر د ی
د ا ش ت ن د   ا ز د و ا ج   م ی ک ر د ن د
د ل   ب ه   د ر ی ا   م ی ز ن ی ن
ا س ت ف ا د ه   ک ر د ه   ب ا ش ی ن
ن و ا خ ت ه   ب ا ش د
د ا ش ت ن   گ ز ا ف   م ی گ ف ت ن
ر ا س ت   ب گ م
د ا ر ن   ق م پ ز   د ر   م ی ک ن ن
ت ح ص ی ل   ب ک ن ه
د ا ر د   خ ن ث ی   م ی ک ن د
د ل   ب ه   د ر ی ا   ز ن ی د
ب خ ش ی د ه   ب و د ی
ر ژ ی م   گ ی ر ن د
د ا ر ی د   م و ن ت ا ژ   م ی ک ن ی د
ب خ ش ی
د ا ر م   م ن ت ش ر   م ی ک ن م
س ر ف ه   ک ر د ه   ب ا ش م
خ ط   م ی ز ن ی
ت ح ص ی ل   ک ر د
ت ح ص ی ل   ک ر د ه ا ی م
س ر ف ه   ک ن ن
ب ه   ی ا د   آ ر م
م ی پ ر م
ب ه   ی ا د   م ی آ ر ی ن
د ل   ب ه   د ر ی ا   ب ز ن ی م
م و ن ت ا ژ   ک ر د ه   ب ا ش ی م
گ ز ا ف   خ و ا ه ی   گ ف ت
د ل   ب ه   د ر ی ا   ز ن د
د ا ر ی د   م ی ب خ ش ی د
د ا ر ی ن   ن ف س   م ی ک ش ی ن
ش ک ل   گ ر ف ت ی د
د ا ر ی م   م ی پ ر ی م
پ ر ی د ه   ب و د ن د
د ا ر ی   م ی چ ی ن ی
گ ز ا ف   گ ف ت ه   ب و د م
د ا ش ت ن د   ا ف س و س   م ی خ و ر د ن د
گ ز ا ف   گ ف ت ه   ا س ت
د ا ش ت ی د   ر ژ ی م   م ی گ ر ف ت ی د
د ل   ب ه   د ر ی ا   ز د ه ا ن
م ی د
م ن ت ش ر   ک ر د ه   ب و د ن
ا م ض ا ء   ک ر د ه
م ر ط و ب   ب ک ن ی
چ ی د ه   ب و د م
ا ف س و س   خ و ر ی م
خ ن ث ی   ک ر د ه   ب و د ی م
ا ش ت ب ا ه   ب ک ن ی
د ا ش ت   م ن ت ش ر   م ی ک ر د
ب خ ش ه
م ی ت ر ک ی د ی
ا ف س و س   خ و ر د ه
ا ش ت ب ا ه   م ی ک ر د ی
ش ک ل   گ ر ف ت ه   ب ا ش ی
پ ا ک   ک ر د ه ا ی د
ن م ا ز   خ و ن د ه   ب ا ش ی
ت م ا ش ا   ک ر د ه   ب و د
د ا ر ن   م ی ن
ب خ ش ی د ه
م ی چ ی ن ه
ب پ ر ه
ق م پ ز   د ر   م ی ک ن ی م
ب د
ا ی س ت ا د ه ا ی
ا م ض ا ء   م ی ک ن ی م
ب ف ش ا ر ن
م ن ت ش ر   م ی ک ن ن د
د ا ش ت ی د   د ز د ی   م ی ک ر د ی د
ت ر ک ن د ه
ن و ا خ ت ه   ب ا ش ی
د ا ش ت م   ر ژ ی م   م ی گ ر ف ت م
س ر ف ه   م ی ک ر د ی
س ر ف ه   ک ن د
د ا ر ی م   م و ن ت ا ژ   م ی ک ن ی م
خ ا س ت ن
