ت ح ص ی ل   ک ن ن د ه
م ر ط و ب   ک ر د ه ا م
ق م پ ز   د ر   ک ر د ی
ب ب خ ش ن د
د ا ش ت ی م   ب ل ن د   م ی ک ر د ی م
ا ی س ت م
د ا ش ت ن د   م ر ح م ت   م ی ک ر د ن د
ت ح ص ی ل   ک ر د ه   ب و د ی
م ر ح م ت   ک ر د ه   ب ا ش ه
ن م ا ز   خ و ا ن د ه ا ی د
ر ا س ت   گ ف ت ه   ب ا ش ی
س ر ف ه   ب ک ن ی ن
ب خ ش ی د ه   ب و د ی
م ی ت ر ک ی
ف ش ا ر د
ب خ ش ی د ه   ب ا ش ن
د ا ش ت م   د ز د ی   م ی ک ر د م
ی ن
ت ر ک ی د ه   ب ا ش ن د
ن و ا خ ت ه   ب و د
د ا ر ن   م ی ا ی س ت ن
ت م ا ش ا   ب ک ن
م ر ط و ب   ک ن ی م
ب ل ن د   م ی ک ن ن
ا ف س و س   خ و ر د ه ا ن د
ت ح ص ی ل   ک ر د ی م
د ا ر م   م ی م
ب ل ن د   خ و ا ه ی د   ک ر د
م ن ت ش ر   ک ر د ه   ب و د ی د
پ ر ی د ه   ب و د م
د ا ر ی د   م ی ا ی س ت ی د
خ ن ث ی   ک ر د ه   ب و د ن
د ا ش ت ن   م ن ت ش ر   م ی ک ر د ن
ا م ض ا ء   ک ر د ه ا ی
ا ف س و س   خ و ر د
ف ش ر د ه   ب و د ی د
ت م ا ش ا   م ی ک ن ه
د ا ر ی   ا م ض ا ء   م ی ک ن ی
د ز د ی   ک ر د ه   ب و د ی م
د ز د ی   ک ر د ه ا م
ا ف س و س   م ی خ و ر ی
ا م ض ا   ک ر د ه
د ا ش ت ن   م ی ک ش ی د ن
د ا ر ی   د ز د ی   م ی ک ن ی
د ا ر ی د   ت م ا ش ا   م ی ک ن ی د
د ا ش ت ی م   م و ن ت ا ژ   م ی ک ر د ی م
ا ی س ت ا د ه   ب ا ش م
ا م ض ا   م ی ک ن م
د ز د ی   ک ر د ه   ب ا ش ی
ک ش ی د ه   ب و د ی ن
ا ز د و ا ج   ک ر د ه   ب ا ش ی
د ا ش ت ن   س ر ف ه   م ی ک ر د ن
خ ن ث ی   ب ک ن
ب ه   ی ا د   م ی آ و ر ی د
ر ژ ی م   گ ر ف ت ی م
ب ل ن د   م ی ک ن ی
د ل   ب ه   د ر ی ا   م ی ز ن م
م ر ط و ب   م ی ک ر د
گ ز ا ف   گ ف ت م
ا م ض ا   ب ک ن
ا س ت ف ا د ه   ب ک ن م
د ا ش ت ی م   ب ه   ی ا د   م ی آ و ر د ی م
چ ی د ه   ب و د ی م
خ ن ث ی   خ و ا ه ی د   ک ر د
م ی ب خ ش ی د ی
ا ف س و س   م ی خ و ر ی م
د ا ش ت ی م   د ل   ب ه   د ر ی ا   م ی ز د ی م
ت ر ج م ه   م ی ک ن ن
ت ح ص ی ل   ک ر د ه   ب و د م
د ا ش ت   م ی چ ی د
ا م ض ا ء   م ی ک ن ن د
د ا ش ت م   م ر ح م ت   م ی ک ر د م
ا ش ت ب ا ه   ک ر د
ت ر ج م ه   ک ر د ه ا ی
د ا ر ی   م ی ن و ا ز ی
ت ر ک ی د
ف ش ر د ه   ب و د ی م
خ ن ث ی   ک ر د ه   ب و د
م ر ط و ب   ک ر د ه ا ن
م ی چ ی ن م
م ی پ ر م
د ا ر م   ت ر ج م ه   م ی ک ن م
د ا ش ت ی د   ق م پ ز   د ر   م ی ک ر د ی د
ب ه   ی ا د   آ ر ی
م ن ت ش ر   ک ر د ه   ب و د ی م
خ ن ث ی   ب ک ن ی م
د ا ر ی د   ا ش ت ب ا ه   م ی ک ن ی د
ن م ا ز   خ و ن ی م
پ ا ک   ک ن ن د ه
د ا ر ی ن   پ ا ک   م ی ک ن ی ن
ر ژ ی م   ب گ ی ر د
ر ا س ت   گ ف ت
ت ر ک ی د م
د ا ش ت ی م   م ی چ ی د ی م
د ا ر م   ت م ا ش ا   م ی ک ن م
م ی چ ی ن م
م ی ک ش ی د ی م
ت ح ص ی ل   خ و ا ه ی   ک ر د
گ ز ا ف   م ی گ ف ت ن د
م و ن ت ا ژ   م ی ک ن ی م
