ش ک ل   گ ر ف ت ی ن
ن و ا خ ت ه
ب ت ر ک ن د
ب ک ش ن
د ل   ب ه   د ر ی ا   ز د م
ا س ت ف ا د ه   ک ن ن د ه
د ل   ب ه   د ر ی ا   خ و ا ه ی   ز د
ت م ا ش ا   ک ر د
خ ن ث ی   ک ر د ه ا ن
ب خ ش ی د ه   ب ا ش ی
ک ش ی د م
ص ب ر ه   ب ا ش ی م
پ ر ی د ه ا م
م ر ط و ب   ک ن ی م
پ ا ک   ک ر د ه ا ی
خ ا س ت
م ر ط و ب   ک ر د ه   ب و د ن د
س ر ف ه   ک ر د ه   ب و د ی د
د ا ر د   م ی ب خ ش د
د ا ر ی د   م ن ت ش ر   م ی ک ن ی د
م و ن ت ا ژ   ک ر د ه ا ی ن
ر ژ ی م   خ و ا ه ی   گ ر ف ت
د ا ر ی م   ا ش ت ب ا ه   م ی ک ن ی م
ت ر ک ی د ه   ب و د ن
د ا ر م   ا ف س و س   م ی خ و ر م
ت ح ص ی ل   م ی ک ر د م
ن م ا ز   خ و ا ن د ه ا ی
م ی خ ی ز ن د
ن ف س   ب ک ش ی ن
م ی چ ی ن ن د
م ی چ ی د ی م
م ی ن و ا ز ن د
م ی ت ر ک ی م
م و ن ت ا ژ   خ و ا ه ی د   ک ر د
خ ا س ت ه   ب ا ش م
د ا ش ت ی   م ی چ ی ن د ی
ا ف س و س   خ و ر د ن د
چ ی ن د ه   ب و د م
م ر ط و ب   ک ر د ه   ب ا ش ی د
ب چ ی ن ی
چ ی ن د ه ا ی م
ب ا ی س ت ی م
ن ف س   ب ک ش ی
پ ا ک   م ی ک ر د ی د
ش ک ل   گ ر ف ت ی
د ا ر ه   د ل   ب ه   د ر ی ا   م ی ز ن ه
م ر ط و ب   ک ر د ن د
ن ف س   م ی ک ش ی د
پ ر ن د
د ل   ب ه   د ر ی ا   ز د ن
س ر ف ه   ک ن ی
ص ب ر ن د
ش ک ل   گ ر ف ت ه   ب و د ی
د ا ر د   ر ژ ی م   م ی گ ی ر د
ب ب خ ش د
ق م پ ز   د ر   ک ر د ن د
م
ا ف س و س   خ و ر د ه   ب و د ی
د ل   ب ه   د ر ی ا   خ و ا ه د   ز د
م ی ا ی س ت ا د ی
ت ح ص ی ل   خ و ا ه م   ک ر د
ش ک ا ی ت   ک ر د ه ا م
د ا ر ن   م ی ک ش ن
ش ک ا ی ت   م ی ک ر د ی ن
ن ف س   ک ش ی د ه ا ن
ق م پ ز   د ر   ک ر د ه   ب و د ی م
س ر ف ه   ک ر د ه   ب ا ش ن د
ت م ا ش ا   ک ن ی م
م ن ت ش ر   م ی ک ر د ی م
ن ف س   ک ش ی د ه   ب و د ی د
م ی ب خ ش ن
ک ش ی د ه   ب ا ش م
د ا ش ت ی   م ی ص ب ر ی
ت ح ص ی ل   ک ر د ی
ش ک ا ی ت   ک ن ن د ه
پ ر ی ن
م ی ا ی س ت ا د
ت ر ک ی د ه   ب و د م
ن ف س   ک ش ی د ه   ب ا ش ی
ب ه   ی ا د   م ی آ ر م
ش ک ل   گ ی ر ن د ه
گ ز ا ف   گ ف ت ه
ش ک ا ی ت   ب ک ن ه
ا م ض ا   ک ر د ن
ا س ت ف ا د ه   ک ن ی د
د ا ش ت م   ر ژ ی م   م ی گ ر ف ت م
خ ن ث ی   ک ر د ی د
ک ش ی د ه   ب ا ش ی م
ا ش ت ب ا ه   ک ر د ی م
م ن ت ش ر   م ی ک ر د ی م
خ ط   ز د ه   ب و د ی ن
پ ر ی د ه   ب ا ش ی ن
ب ل ن د   ب ک ن ی د
چ ی ن د ه   ب و د ی
چ ی ن ی
د ل   ب ه   د ر ی ا   ب ز ن
خ ن ث ی   ک ر د ه ا ی
ب خ ش ی د ه
م و ن ت ا ژ   م ی ک ن ن
پ ا ک   ک ن ن د ه
