ت م ا ش ا   ب ک ن ی ن
د ا ش ت   ن ف س   م ی ک ش ی د
ا ز د و ا ج   ک ن ن د ه
م و ن ت ا ژ   ک ر د ه
م ی خ ا س ت ی
د ل   ب ه   د ر ی ا   ز د ه
د ا ر ی م   ا س ت ف ا د ه   م ی ک ن ی م
ب ل ن د   ک ر د ه
س ر ف ه   ک ر د ه ا ی
د ل   ب ه   د ر ی ا   ب ز ن م
م و ن ت ا ژ   ک ر د ی
ن و ا خ ت ن
م ی ن و ا خ ت
ا ف س و س   خ و ر ه
م ر ح م ت   ک ر د ه   ب ا ش ن
ق م پ ز   د ر   ک ر د ه ا ی
د ا ر ی   ا س ت ف ا د ه   م ی ک ن ی
ن ف س   ک ش ی د ه   ب و د م
گ ز ا ف   گ و ی د
د ا ر ی   ر ژ ی م   م ی گ ی ر ی
ت ح ص ی ل   ک ر د ن د
ر ا س ت   گ ف ت ه
ن ف س   م ی ک ش ی د ی
د ا ر ی د   ر ا س ت   م ی گ و ی ی د
م ی ب خ ش ی د
پ ر ی د ه   ب ا ش ی
ف ش ر د ه ا ی
ت ر ک ی م
ص ب ر ه   ب ا ش ن د
د ا ش ت ن   ق م پ ز   د ر   م ی ک ر د ن
م و ن ت ا ژ   ک ر د ه   ب و د م
ا ش ت ب ا ه   م ی ک ر د ی د
ت ح ص ی ل   ک ر د ه ا ن
د ا ر م   خ ن ث ی   م ی ک ن م
د ا ش ت ی ن   خ ط   م ی ز د ی ن
پ ر ی د ه   ب ا ش ی د
ا ز د و ا ج   ک ر د ه   ب و د ی
ب ت ر ک ی د
چ ی ن د ه   ب و د ی ن
ب پ ر
د ا ش ت ن د   ر ژ ی م   م ی گ ر ف ت ن د
ا س ت ف ا د ه   ک ر د ن
ش ک ل   ب گ ی ر ی
م ن ت ش ر   ک ر د ه   ب و د ن د
ت ر ج م ه   ک ن ی م
س ر ف ه   ک ن ی د
د ا ر ه   م ی چ ی ن ه
د ا ر ن   ر ا س ت   م ی گ ن
چ ی ن م
م و ن ت ا ژ   ک ر د ن د
ب ن و ا ز ن
ا ش ت ب ا ه   م ی ک ن ن د
د ا ر ی ن   خ ن ث ی   م ی ک ن ی ن
ق م پ ز   د ر   ک ن ن د ه
ب ل ن د   ک ن ی ن
ش ک ا ی ت   م ی ک ر د ی
د ا ر م   م ی چ ی ن م
ص ب ر
ن ف س   م ی ک ش د
د ل   ب ه   د ر ی ا   ز د ه ا ن د
د ا ش ت ی   م ی ب خ ش ی د ی
ب ا ی س ت ی د
خ ط   خ و ا ه م   ز د
م ی ن و ا ز ن
د ز د ی   م ی ک ر د ی د
ت ر ج م ه   ک ر د ه   ب و د ی م
ن ف س   ک ش ی د ه   ب ا ش ی م
ب ل ن د   ک ر د ه   ب و د م
ب ف ش ا ر م
د ا ش ت ی   ا ش ت ب ا ه   م ی ک ر د ی
چ ی د ه   ب و د
د ا ر ی م   گ ز ا ف   م ی گ و ی ی م
ش ک ا ی ت   ک ر د ی م
ا م ض ا ء   ک ر د ه   ب و د م
ا م ض ا ء   ب ک ن ن د
م ر ح م ت   ب ک ن ی
ب ه   ی ا د   خ و ا ه ی م   آ و ر د
م ر ح م ت   ب ک ن م
م ن ت ش ر   ک ر د ه ا ی ن
ب ه   ی ا د   م ی آ و ر د ی م
خ و ا ه ن د   ن و ا خ ت
ت ر ک ی د ی م
ت ر ج م ه   ب ک ن ی م
د ا ر ی م   ر ا س ت   م ی گ ی م
ب ه   ی ا د   آ و ر د ه
د ل   ب ه   د ر ی ا   ز د ه   ب و د ی د
د ا ر ن د   م ی ت ر ک ن د
م ی ف ش ا ر ن د
د ا ر ی د   خ ن ث ی   م ی ک ن ی د
م و ن ت ا ژ   م ی ک ر د ی
م و ن ت ا ژ   ب ک ن ی
د ا ش ت ی ن   ب ل ن د   م ی ک ر د ی ن
ا س ت ف ا د ه   م ی ک ر د ی م
د ا ش ت ی م   ت ر ج م ه   م ی ک ر د ی م
چ ی د ی
ب ه   ی ا د   آ ر ن
ت م ا ش ا   ک ر د ن د
ب پ ر
د ا ر ه   ا ز د و ا ج   م ی ک ن ه
ا ش ت ب ا ه   م ی ک ن ی م
ش ک ا ی ت   ک ر د ه   ب و د ی
ا ی س ت م
ش ک ل   م ی گ ر ف ت م
ت ر ک ی د ه   ب ا ش ی م
د ا ش ت م   م و ن ت ا ژ   م ی ک ر د م
م ر ط و ب   ب ک ن ی ن
گ ز ا ف   گ ف ت ه   ب و د م
پ ا ک   ب ک ن ی
م و ن ت ا ژ   ک ر د ی م
م ی خ ا س ت
د ا ر ی م   م ی ن و ا ز ی م
م ی ا ی س ت ن
ا م ض ا ء   ک ر د ه ا ی د
د ا ش ت م   ا س ت ف ا د ه   م ی ک ر د م
خ ط   ب ز ن ی م
د ز د ی   ک ر د ه ا ی
ن م ا ز   خ و ا ه ی م   خ و ا ن د
ص ب ر ه   ب ا ش م
ا س ت ف ا د ه   م ی ک ن ن د
م ی ک ش ی د ی م
ش ک ل   خ و ا ه ی د   گ ر ف ت
ق م پ ز   د ر   ک ر د ه   ب ا ش ه
ب خ ش ی د ه   ب ا ش م
ب ک ش
د ا ر ی   ر ژ ی م   م ی گ ی ر ی
د ا ر ی   ت ر ج م ه   م ی ک ن ی
س ر ف ه   ک ر د ی م
خ ط   ز د ی م
د ا ر ی م   خ ط   م ی ز ن ی م
ش ک ل   گ ر ف ت ه   ب ا ش ی م
ر ا س ت   گ ف ت ه   ا س ت
ب ه   ی ا د   آ و ر د ه   ب و د ی ن
س ر ف ه   ک ر د م
ب ا ی س ت ن د
م ر ط و ب   خ و ا ه م   ک ر د
د ا ر ی م   ا ف س و س   م ی خ و ر ی م
د ا ر ه   س ر ف ه   م ی ک ن ه
م ر ح م ت   م ی ک ر د
م و ن ت ا ژ   ک ر د ه   ب و د ی ن
د ا ر م   ق م پ ز   د ر   م ی ک ن م
ت ر ج م ه   ب ک ن ی ن
ک ش ی د ه   ب ا ش ه
ا ش ت ب ا ه   ب ک ن ی
چ ی د ه   ب و د ن
ب چ ی ن ی م
ر ژ ی م   گ ر ف ت ه   ب و د ی م
ق م پ ز   د ر   م ی ک ن ه
ن م ا ز   م ی خ و ن ن
ق م پ ز   د ر   ک ر د ه   ب ا ش ن
د ا ر ی ن   م ی ت ر ک ی ن
ب ف ش ا ر
م ی ی ن
م ی ن و ا ز ه
پ ر ی د ه
م ر ط و ب   ک ن ی
د ا ر ی م   د ز د ی   م ی ک ن ی م
چ ی د
م ر ح م ت   ک ن ی ن
گ ز ا ف   گ ف ت ه ا ی م
م ن ت ش ر   ک ن ی
ب خ ش ی د ه ا ی م
س ر ف ه   ب ک ن م
ن ف س   ک ش ی د ی د
د ا ر ی م   ت ح ص ی ل   م ی ک ن ی م
م ی چ ی ن د م
ت ر ج م ه   ک ر د ه ا ی
ا ش ت ب ا ه   ک ر د ه ا م
ت ر ج م ه   ب ک ن ی
پ ا ک   م ی ک ن ن
م ر ط و ب   م ی ک ن ه
ا ز د و ا ج   خ و ا ه ن د   ک ر د
ب خ ش ی
د ل   ب ه   د ر ی ا   ب ز ن ن د
ا ز د و ا ج   م ی ک ن م
ش ک ل   گ ی ر ی م
ک ش ی د ه ا م
ف ش ر د ه ا ن
ن ف س   ک ش ن د ه
د ا ش ت ی   ر ا س ت   م ی گ ف ت ی
ر ژ ی م   گ ر ف ت ی
ا س ت ف ا د ه   م ی ک ر د ی م
ب م
خ ن ث ی   م ی ک ر د م
پ ا ک   ک ر د ه   ب ا ش ه
ا م ض ا   م ی ک ر د ی
د ا ش ت ی   م ی ن و ا خ ت ی
ب ه   ی ا د   آ و ر د ه ا م
د ز د ی   م ی ک ن د
ا س ت ف ا د ه   ک ر د م
د ل   ب ه   د ر ی ا   ز د ی
د ا ش ت ن   ب ل ن د   م ی ک ر د ن
ر ژ ی م   ب گ ی ر ی
د ا ر ی   ب ه   ی ا د   م ی آ ر ی
چ ی د ی
ش ک ل   ب گ ی ر ی د
خ ا س ت ه ا ی م
ت ح ص ی ل   خ و ا ه ن د   ک ر د
ب ل ن د   ک ر د ی ن
د ا ر م   خ ن ث ی   م ی ک ن م
ا ی س ت ا د ه   ب ا ش ی م
ب ه   ی ا د   آ ر ی م
ت م ا ش ا   م ی ک ر د ی
ر ا س ت   گ ف ت ه ا ی م
ت ح ص ی ل   م ی ک ر د ی م
ن ف س   ب ک ش م
د ا ر ن د   م و ن ت ا ژ   م ی ک ن ن د
ر ا س ت   ب گ و ی د
م و ن ت ا ژ   م ی ک ر د ی م
ر ژ ی م   م ی گ ی ر د
ب ل ن د   م ی ک ر د
ت ر ج م ه   ک ر د ی م
ک ش ی د ه   ب ا ش ی د
ب ل ن د   ک ر د ن
پ ر ی د ه   ا س ت
ش ک ا ی ت   ک ر د ه
چ ی ن د ه   ب ا ش ی
م ی خ ا س ت م
گ ز ا ف   م ی گ ف ت
ن ف س   ک ش ی د ه ا ی م
د ز د ی   ب ک ن ی م
ق م پ ز   د ر   م ی ک ن ن د
م ی چ ی ن م
د ز د ی   ک ر د ه   ب ا ش ی م
د ا ر ی م   پ ا ک   م ی ک ن ی م
ا س ت ف ا د ه   م ی ک ن م
د ا ر م   م ی ا ی س ت م
د ا ش ت   ا ز د و ا ج   م ی ک ر د
ب ه   ی ا د   م ی آ و ر م
ش ک ل   گ ر ف ت ه ا ی م
ک ش ن د
ا م ض ا   ک ر د ه   ب و د ی ن
ا س ت ف ا د ه   ک ر د ه
ت م ا ش ا   م ی ک ن د
ب خ ش ی د ه   ب ا ش ی ن
م ر ح م ت   ک ر د ی د
ت م ا ش ا   ک ن م
م ی ک ش ی
ا ز د و ا ج   م ی ک ر د ی م
د ا ر ی ن   ر ا س ت   م ی گ ی ن
ن و ا خ ت ه   ب و د ی
ا ی س ت ا د ن
م و ن ت ا ژ   ک ر د ه   ب و د ی م
ت م ا ش ا   ک ر د ه ا ی ن
ب ک ش ی
د ل   ب ه   د ر ی ا   ب ز ن ی ن
ا ز د و ا ج   ک ر د ه ا ی
د ا ش ت ن د   م و ن ت ا ژ   م ی ک ر د ن د
ت ح ص ی ل   ب ک ن ی
ر ا س ت   ب گ و ی ی د
خ ن ث ی   ک ر د ه ا ی ن
گ ز ا ف   ب گ ی م
ت ر ج م ه   ک ن ی ن
ر ا س ت   م ی گ ی
ر ا س ت   گ و ی ی
د ز د ی   ک ر د ن
ت م ا ش ا   ک ر د
س ر ف ه   ک ر د ه
پ ا ک   ب ک ن م
ش ک ا ی ت   ب ک ن ی
ر ا س ت   گ ف ت م
ش ک ا ی ت   ک ن ی د
ت ر ج م ه   ک ر د ه
ت ر ک ی د ه ا ن
ت ر ج م ه   ک ر د ی
ت ر ج م ه   ک ر د ه
ش ک ا ی ت   ک ر د ن
چ ی ن د ه   ب و د ی م
ن م ا ز   خ و ا ن د
د ا ر ی   م ی پ ر ی
ش ک ا ی ت   ک ن ن د
خ ط   ز د ه   ب و د
چ ی د ه   ب ا ش ن
ن و ا خ ت ه ا ی
ب ل ن د   ب ک ن ه
ت ر ج م ه   ک ر د ن
ن ف س   م ی ک ش م
م ر ح م ت   م ی ک ر د
خ ن ث ی   ک ر د ن
س ر ف ه   ب ک ن د
م ی ف ش ر د ی م
ب ل ن د   ک ن ی م
س ر ف ه   ک ر د ی
ت ر ک ی د ه   ب و د
م و ن ت ا ژ   ک ن م
ت ر ک ی د ه   ب و د
ش ک ا ی ت   ک ر د ه
ش ک ا ی ت   ک ر د ه
ر ا س ت   گ ف ت ه
ا م ض ا ء   م ی ک ن م
ش ک ا ی ت   ب ک ن ن
ف ش ر د ه ا ی ن
ب ل ن د   ب ک ن م
ف ش ر د ه   ب و د ی ن
خ و ا ه ن د   ص ب ر
ش ک ل   خ و ا ه د   گ ر ف ت
چ ی د ه   ب و د م
خ و ا ه ی   ص ب ر
د ا ر ه   م ی پ ر ه
ت ر ج م ه   ب ک ن ه
ب خ ش ی د ه ا ی
خ و ا ه م   ک ش ی د
چ ی د ه   ب ا ش م
ص ب ر ه   ب و د ی
م ی خ ا س ت ن د
ک ش ی د ه   ب و د ن
خ و ا ه د   ک ش ی د
ر ژ ی م   گ ی ر م
د ز د ی   ک ن ی د
ش ک ل   گ ر ف ت ی م
ر ژ ی م   گ ی ر م
ت ر ک ی د ه ا ی م
م ر ط و ب   ک ن م
م ر ح م ت   ک ن م
ت ح ص ی ل   ب ک ن م
ب خ ش ی د ه ا ن
ش ک ل   م ی گ ر ف ت
خ ط   ز د ه ا ی ن
خ ن ث ی   ک ر د ی
خ ن ث ی   ک ن ی ن
ش ک ل   خ و ا ه ی   گ ر ف ت
خ ا س ت ه ا ی ن
ا م ض ا   ب ک ن ن
ا م ض ا   ک ن ی م
ش ک ل   م ی گ ی ر م
ا ف س و س   ب خ و ر
م ن ت ش ر   ک ن ی د
م ن ت ش ر   ک ن ی م
خ و ا ه ن د   ا ی س ت ا د
م ن ت ش ر   ک ن ی م
ب ه   ی ا د   ب ی ا و ر
م ن ت ش ر   ک ر د ی
م ن ت ش ر   ک ر د م
م ی ت ر ک ی د ی د
ص ب ر ه   ب ا ش د
خ ن ث ی   م ی ک ن د
ش ک ا ی ت   م ی ک ر د م
ب ه   ی ا د   آ و ر د
ش ک ل   ب گ ی ر ی ن
ش ک ل   ب گ ی ر ی م
ش ک ل   ب گ ی ر ی د
م ی ا ی س ت ا د م
خ ط   ز د ه ا ی د
ن م ا ز   ب خ و ا ن ی
خ ط   م ی ز د ی ن
د ز د ی   م ی ک ن ی
م ر ط و ب   ک ر د ن
ت م ا ش ا   ب ک ن د
م و ن ت ا ژ   ک ن ه
م ر ح م ت   ک ر د ی
چ ی ن د ه   ب ا ش ه
پ ا ک   م ی ک ن ی م
م ی چ ی ن د ن د
م ی ب خ ش ی د ی م
م ی ب خ ش ی د ن د
م ی ب خ ش ی د ی م
م و ن ت ا ژ   ک ر د
د ز د ی   ک ن ن د ه
ش ک ا ی ت   م ی ک ن ی
ت م ا ش ا   ب ک ن م
ن م ا ز   ب خ و ا ن د
ش ک ا ی ت   م ی ک ن ی
خ ط   ز د ه   ب و د ی
ب ه   ی ا د   آ و ر د ه
ن م ا ز   خ و ن د ن
ش ک ا ی ت   ک ن ن د ه
ا ز د و ا ج   ب ک ن
د ا ر ه   م ی ک ش ه
ا ز د و ا ج   ب ک ن
خ و ا ه ی م   ص ب ر
ت ح ص ی ل   ک ن ن د
ت م ا ش ا   ک ر د ن
ا ز د و ا ج   ک ن ه
خ و ا ه ن د   ت ر ک ی د
م ر ط و ب   ک ر د ی
م ر ط و ب   ک ر د م
م ر ح م ت   ک ر د ه
پ ر ی د ه   ب ا ش ی
ش ک ا ی ت   م ی ک ن ه
م و ن ت ا ژ   ک ر د
ن و ا خ ت ه   ا س ت
ق م پ ز   د ر   ب ک ن
گ ز ا ف   م ی گ و ی ن د
خ ط   ز د ه   ب و د م
ب خ ش ی د ه   ب و د
د ا ش ت   گ ز ا ف   م ی گ ف ت
د ز د ی   م ی ک ر د
ا ی س ت ا د ه ا ی م
ا ز د و ا ج   ک ن ی
خ ط   ز د ه   ب ا ش د
ر ا س ت   م ی گ ف ت
خ ن ث ی   م ی ک ن م
ت م ا ش ا   ک ر د ی
م ر ط و ب   ک ر د ه
ش ک ل   خ و ا ه ن د   گ ر ف ت
س ر ف ه   م ی ک ن د
ن و ا خ ت ه ا ی م
ا س ت ف ا د ه   ک ر د
ق م پ ز   د ر   م ی ک ن م
ن و ا خ ت ه ا ی م
ا س ت ف ا د ه   ک ن م
د ز د ی   ک ر د ی د
ا ف س و س   خ و ر م
ا س ت ف ا د ه   ب ک ن
ن ف س   ک ش ی د ه ا ی
ا ز د و ا ج   ک ن م
گ ز ا ف   ب گ و ی ن د
ت ر ک ی د ه   ب و د ی
خ و ا ه ی م   ا ی س ت ا د
س ر ف ه   ک ر د ی م
ت م ا ش ا   ک ر د ن
ب خ ش ی د ه   ب و د ی م
م و ن ت ا ژ   ک ن ی م
د ا ش ت ی   م ی ف ش ر د ی
ب ه   ی ا د   آ و ر د
م ر ح م ت   ک ر د ه
خ ن ث ی   م ی ک ن ن د
پ ر ی د ه   ب ا ش ن
ا ف س و س   ب خ و ر ی
ت م ا ش ا   ک ن ن د ه
ش ک ل   خ و ا ه م   گ ر ف ت
ا ف س و س   ب خ و ر م
ر ژ ی م   م ی گ ی ر ی
ق م پ ز   د ر   م ی ک ن ی د
خ ط   خ و ا ه ی د   ز د
ت ر ک ی د ه ا ی ن
ت م ا ش ا   م ی ک ن ن
ت ر ج م ه   ب ک ن ی د
خ و ا ه ی د   ص ب ر
ت ر ج م ه   م ی ک ن م
چ ی ن د ه   ب ا ش ن د
د ا ر ی   م ی ت ر ک ی
ت ر ج م ه   ب ک ن ی ن
د ز د ی   ب ک ن ی م
م ر ح م ت   ک ن ی م
م ر ط و ب   ب ک ن م
ر ژ ی م   م ی گ ر ف ت
ر ژ ی م   گ ر ف ت ی م
ر ا س ت   م ی گ ف ت
خ ا س ت ه   ب و د م
د ل   ب ه   د ر ی ا   ز ن ی
ب ه   ی ا د   م ی آ ر ن
ب خ ش ی د ه ا ی م
ا ش ت ب ا ه   ب ک ن د
ب ه   ی ا د   ب ی ا ر ی
ت ح ص ی ل   ک ن ی د
ش ک ل   م ی گ ی ر ن
ر ا س ت   گ و ی ن د ه
ا ش ت ب ا ه   ب ک ن ه
خ ن ث ی   ک ر د ی م
ا م ض ا ء   ک ن ی م
د ا ر ی   گ ز ا ف   م ی گ ی
م ر ط و ب   ک ن ن د ه
ن ف س   م ی ک ش ی د ن
م ن ت ش ر   م ی ک ن ی
ن ف س   م ی ک ش ی د م
ک ش ی د ه   ب و د ن د
ر ا س ت   ب گ و ی ن د
د ل   ب ه   د ر ی ا   ز د ن
م ن ت ش ر   ک ر د ی د
خ ط   ز د ه   ب ا ش ی ن
د ا ش ت   م ی چ ی ن د
د ا ش ت   م ی ص ب ر
د ا ش ت   م ی ت ر ک ی د
ق م پ ز   د ر   ک ر د
د ا ش ت   م ی ت ر ک ی د
د ا ر ی   گ ز ا ف   م ی گ و ی ی
ص ب ر ه   ب و د ی م
ا ش ت ب ا ه   ک ر د ن
چ ی د ه   ب و د ن د
ا ز د و ا ج   ب ک ن د
ا س ت ف ا د ه   ب ک ن
م ر ط و ب   ک ر د ی ن
خ ا س ت ه   ب ا ش ن د
ت ر ک ی د ه   ب ا ش م
د ا ر م   خ ط   م ی ز ن م
د ا ر ی د   م ی پ ر ی د
گ ز ا ف   م ی گ و ی م
ا ف س و س   ب خ و ر د
ت م ا ش ا   ب ک ن ی م
ر ژ ی م   م ی گ ی ر م
خ ن ث ی   خ و ا ه د   ک ر د
خ و ا ه د   ب خ ش ی د
چ ی ن د ه   ب و د ن د
د ل   ب ه   د ر ی ا   ز ن ی
م ر ط و ب   ب ک ن ن د
ن م ا ز   م ی خ و ن د
م ر ط و ب   م ی ک ن ی
ب ه   ی ا د   م ی آ و ر د
ا ش ت ب ا ه   ک ر د ی
گ ز ا ف   گ و ی ن د ه
س ر ف ه   م ی ک ن ن د
د ز د ی   م ی ک ر د ی
خ و ا ه ی م   ن و ا خ ت
د ا ر ی د   خ ط   م ی ز ن ی د
د ز د ی   م ی ک ر د ی
ر ا س ت   م ی گ ی م
ب ل ن د   م ی ک ر د م
د ا ر د   م ی ن و ا ز د
د ا ش ت ی   م ی چ ی د ی
پ ر ی د ه   ب ا ش ی م
پ ر ی د ه   ب و د ی د
ش ک ا ی ت   م ی ک ن ی د
ب ه   ی ا د   م ی آ و ر د
پ ر ی د ه   ب و د ی م
پ ر ی د ه   ب ا ش ن د
ش ک ا ی ت   م ی ک ن ی م
پ ا ک   ک ر د ه   ب و د
م و ن ت ا ژ   ک ر د ن
ا ش ت ب ا ه   ک ن ن د ه
ا ف س و س   خ و ر د ی
خ و ا ه ی د   ب خ ش ی د
ب ه   ی ا د   ب ی ا و ر د
پ ا ک   ک ر د ه ا ی ن
ا ی س ت ا د ه   ب و د ن
خ و ا ه ن د   ب خ ش ی د
ت ح ص ی ل   م ی ک ن ی
د ز د ی   ک ر د ه ا ی
د ز د ی   م ی ک ن ی د
خ و ا ه ی   ن و ا خ ت
ا م ض ا   ک ر د ه ا م
ش ک ل   م ی گ ی ر ی د
ا ز د و ا ج   ب ک ن ن د
ق م پ ز   د ر   ب ک ن ی
ت ح ص ی ل   ک ن ن د ه
م و ن ت ا ژ   ب ک ن ن د
ن ف س   خ و ا ه ی م   ک ش ی د
ا م ض ا ء   م ی ک ر د
س ر ف ه   م ی ک ن ی م
ف ش ر د ه   ب ا ش ی م
ا س ت ف ا د ه   ک ر د ن
ب ل ن د   م ی ک ر د ن
ش ک ا ی ت   م ی ک ر د ی
خ ا س ت ه   ب و د ی م
ر ا س ت   ب گ و ی ی د
خ ن ث ی   ک ر د ه ا ی
ت ر ج م ه   م ی ک ر د م
ا س ت ف ا د ه   ک ن ی م
ا س ت ف ا د ه   ک ن ی م
ب ل ن د   م ی ک ر د ی
د ا ش ت   م ی ن و ا خ ت
ت م ا ش ا   ک ر د ی ن
ب ه   ی ا د   آ و ر د ن
ا ش ت ب ا ه   ک ر د ه ا ی
ا م ض ا   م ی ک ر د ن
ا ز د و ا ج   ک ن ی ن
م و ن ت ا ژ   ک ن ی د
ب ه   ی ا د   آ و ر د م
پ ا ک   ک ر د ه ا ی م
ب ه   ی ا د   آ و ر د ی
ا ش ت ب ا ه   م ی ک ن م
ر ژ ی م   خ و ا ه م   گ ر ف ت
د ا ش ت ی   خ ط   م ی ز د ی
ا ش ت ب ا ه   م ی ک ن ه
ر ژ ی م   م ی گ ی ر م
ق م پ ز   د ر   ک ر د ه
ا ی س ت ا د ه   ب و د ی
ا ز د و ا ج   م ی ک ن ن
ر ژ ی م   م ی گ ر ف ت م
ر ژ ی م   گ ر ف ت ه ا ی
ت ر ج م ه   م ی ک ر د ن
م ر ح م ت   م ی ک ن د
د ا ر ه   م ی ت ر ک ه
د ل   ب ه   د ر ی ا   م ی ز د
د ا ر ن   م ی ب خ ش ن
ا ف س و س   خ و ر ی ن
د ل   ب ه   د ر ی ا   ز د ی م
ر ا س ت   م ی گ ف ت ی
ش ک ل   م ی گ ر ف ت ی د
ا ش ت ب ا ه   ب ک ن ی م
ا ش ت ب ا ه   ب ک ن ی ن
ر ا س ت   م ی گ ف ت ن
س ر ف ه   م ی ک ن ی ن
م ر ط و ب   م ی ک ن ی
ب خ ش ی د ه   ب و د م
م ن ت ش ر   ک ر د ه ا ی
م ن ت ش ر   ک ر د ه ا م
ن ف س   م ی ک ش ی د ی م
ق م پ ز   د ر   ب ک ن ی
م ر ط و ب   م ی ک ن ن د
ت ح ص ی ل   م ی ک ر د
ب ه   ی ا د   ب ی ا ر ی ن
م ر ط و ب   م ی ک ن م
ق م پ ز   د ر   ک ر د ی
ا ش ت ب ا ه   ب ک ن ی د
ش ک ل   م ی گ ی ر ی م
گ ز ا ف   م ی گ و ی ی م
ا ز د و ا ج   ب ک ن ی د
ا ش ت ب ا ه   ب ک ن ی م
گ ز ا ف   م ی گ ف ت م
گ ز ا ف   م ی گ ف ت م
ب ه   ی ا د   آ و ر ن د ه
گ ز ا ف   م ی گ ف ت ن
م ر ح م ت   ک ر د ه ا ن
د ا ر ی   م ی ا ی س ت ی
م ر ح م ت   م ی ک ن ی م
م ر ح م ت   م ی ک ن ی م
د ل   ب ه   د ر ی ا   ب ز ن ه
م ن ت ش ر   م ی ک ر د ی
ا ف س و س   ب خ و ر ی ن
م ر ط و ب   م ی ک ر د ی
ن ف س   م ی ک ش ی د ی م
د ا ش ت ن   م ی چ ی ن د ن
ش ک ل   گ ر ف ت ه   ب ا ش د
ا ف س و س   خ و ر د ه ا ی
م ر ح م ت   م ی ک ن ن د
م و ن ت ا ژ   م ی ک ن ن د
ا ف س و س   خ و ر د ه   ب ا ش ی
ن ف س   م ی ک ش ی د ی ن
ن م ا ز   خ و ن د ه ا ن
ا ز د و ا ج   ب ک ن ی د
ن و ا خ ت ه   ب و د ی د
ق م پ ز   د ر   ک ر د ن
ت ح ص ی ل   م ی ک ن م
ا ش ت ب ا ه   م ی ک ر د
ت م ا ش ا   م ی ک ن ی م
د ا ر ی ن   م ی چ ی ن ی ن
ت م ا ش ا   ک ر د ه ا م
ت م ا ش ا   ک ر د ه ا ی
م ر ح م ت   خ و ا ه ی   ک ر د
ا س ت ف ا د ه   ب ک ن ه
ا م ض ا ء   خ و ا ه ی   ک ر د
ت م ا ش ا   ک ر د ه ا ن
س ر ف ه   ک ر د ه ا ی د
ر ا س ت   گ ف ت ه   ب و د
ر ا س ت   گ ف ت ه   ب و د
ب ل ن د   ک ر د ه ا ی م
م و ن ت ا ژ   ک ر د ی م
ت ر ج م ه   ک ر د ه ا ن د
ا م ض ا ء   م ی ک ر د م
ر ژ ی م   گ ر ف ت ه ا ی د
ش ک ل   گ ر ف ت ه   ب ا ش م
ش ک ل   گ ر ف ت ه   ب ا ش م
ب ل ن د   ک ر د ه   ا س ت
د ا ش ت ی   م ی ص ب ر ی
ش ک ا ی ت   ک ر د ه ا ی م
د ا ر د   پ ا ک   م ی ک ن د
ن و ا خ ت ه   ب ا ش ی د
ت م ا ش ا   م ی ک ر د م
د ز د ی   ک ر د ه ا ن د
ت ح ص ی ل   م ی ک ر د م
ا س ت ف ا د ه   ک ر د ی ن
م ر ح م ت   م ی ک ر د م
س ر ف ه   ک ر د ه   ب و د
ت ر ج م ه   م ی ک ر د ی م
ا س ت ف ا د ه   م ی ک ن د
ب ه   ی ا د   آ و ر د ن د
د ل   ب ه   د ر ی ا   ز د ی د
ب ل ن د   ک ر د ه   ب و د
ت ح ص ی ل   ک ر د ه ا م
پ ا ک   ک ر د ه   ب ا ش ی
ر ا س ت   گ ف ت ه ا ی ن
ر ژ ی م   م ی گ ی ر ی ن
خ ن ث ی   ک ر د ه   ا س ت
ب ه   ی ا د   ب ی ا و ر ی م
ا ی س ت ا د ه   ب و د ی م
ت ح ص ی ل   م ی ک ن ی م
ب خ ش ی د ه   ب و د ی د
ق م پ ز   د ر   م ی ک ن م
د ا ر ی   پ ا ک   م ی ک ن ی
ر ژ ی م   گ ر ف ت ه ا ی م
ا س ت ف ا د ه   ب ک ن ی ن
م ر ط و ب   ک ر د ه ا ن د
ا ف س و س   خ و ر د ی م
د ز د ی   ک ر د ه   ب و د
د ا ر ی ن   م ی ک ش ی ن
د ل   ب ه   د ر ی ا   م ی ز ن ه
ب ل ن د   م ی ک ر د ن د
ر ا س ت   م ی گ ف ت ی م
ب ه   ی ا د   م ی آ و ر ی م
ب ل ن د   خ و ا ه م   ک ر د
ر ژ ی م   م ی گ ر ف ت ن د
ت ح ص ی ل   خ و ا ه ی م   ک ر د
ب ه   ی ا د   آ و ر د ی د
ا ی س ت ا د ه   ب ا ش ی د
م ن ت ش ر   ک ر د ه   ب و د
م ن ت ش ر   ک ر د ه ا ی م
م ن ت ش ر   م ی ک ر د ن د
خ ن ث ی   خ و ا ه ن د   ک ر د
د ا ش ت ی د   م ی چ ی د ی د
د ا ر م   پ ا ک   م ی ک ن م
ن م ا ز   خ و ا ه م   خ و ا ن د
ا س ت ف ا د ه   ب ک ن ی م
د ا ر ی   ش ک ل   م ی گ ی ر ی
ن ف س   ک ش ی د ه   ب و د ی
ق م پ ز   د ر   ک ر د ی ن
ا ز د و ا ج   ک ر د ه ا م
م ر ح م ت   ک ر د ه ا ی م
د ا ش ت   ن ف س   م ی ک ش ی د
ا ز د و ا ج   ک ر د ه ا ی
ر ا س ت   م ی گ ف ت ن د
ا ف س و س   م ی خ و ر ی د
د ا ر ی ن   م ی ب خ ش ی ن
م ر ح م ت   ک ر د ه ا ی د
ن ف س   ک ش ی د ه   ب ا ش ن
ا ش ت ب ا ه   م ی ک ر د ی
د ا ش ت   م ی ا ی س ت ا د
ن م ا ز   م ی خ و ن د ی م
ا ش ت ب ا ه   م ی ک ر د م
د ل   ب ه   د ر ی ا   ز ن ن د ه
ن ف س   ک ش ی د ه   ب و د م
د ا ش ت   پ ا ک   م ی ک ر د
م ر ط و ب   م ی ک ر د ی ن
ن م ا ز   م ی خ و ن د ی ن
س ر ف ه   خ و ا ه م   ک ر د
ش ک ل   گ ر ف ت ه   ب و د ی
ا ز د و ا ج   م ی ک ر د ن
ا م ض ا ء   ک ر د ه ا ی م
ت ر ج م ه   خ و ا ه د   ک ر د
ر ا س ت   گ ف ت ه   ب و د م
م و ن ت ا ژ   ک ر د ه ا ی
ر ژ ی م   گ ر ف ت ه   ب ا ش ن
ن م ا ز   م ی خ و ا ن ی م
م و ن ت ا ژ   م ی ک ر د ن
د ا ر ی م   م ی خ ی ز ی م
ن م ا ز   م ی خ و ن ی م
د ا ش ت ی   م ی ن و ا خ ت ی
ا ف س و س   خ و ر د ه   ب و د ی
ا ف س و س   م ی خ و ر د م
م ر ط و ب   م ی ک ر د ی م
ن م ا ز   خ و ا ه ی د   خ و ا ن د
گ ز ا ف   گ ف ت ه   ب و د ن
گ ز ا ف   گ ف ت ه   ب ا ش م
ا ز د و ا ج   م ی ک ن ی م
س ر ف ه   ک ر د ه   ب و د ن
س ر ف ه   ک ر د ه   ب ا ش ی
س ر ف ه   ک ر د ه   ب ا ش د
م و ن ت ا ژ   م ی ک ر د ی
س ر ف ه   ک ر د ه   ب و د ی
ش ک ا ی ت   م ی ک ر د ی د
د ا ر ن د   م ی ن و ا ز ن د
د ا ش ت ن   م ی خ ا س ت ن
ر ا س ت   گ ف ت ه   ب ا ش ه
ش ک ا ی ت   ک ر د ه   ب ا ش م
ب ل ن د   ک ر د ه   ب و د ی
د ا ش ت م   م ی خ ا س ت م
د ا ش ت ی   م ی خ ا س ت ی
ت ح ص ی ل   ک ر د ه ا ی د
ش ک ا ی ت   ک ر د ه   ب و د م
پ ا ک   ک ر د ه   ب و د ی ن
م و ن ت ا ژ   خ و ا ه ی م   ک ر د
ت ح ص ی ل   ک ر د ه   ا س ت
د ا ر ه   ش ک ل   م ی گ ی ر ه
ت ر ج م ه   ک ر د ه   ب و د ن
ت ر ج م ه   ک ر د ه   ب ا ش ه
د ا ر ی ن   گ ز ا ف   م ی گ ی ن
ر ژ ی م   گ ر ف ت ه   ب ا ش م
ر ژ ی م   گ ر ف ت ه   ب ا ش ی
ا ف س و س   م ی خ و ر ی ن
د ا ش ت ی   م ی ت ر ک ی د ی
د ز د ی   ک ر د ه   ب ا ش ه
ق م پ ز   د ر   ک ر د ه ا ن
د ل   ب ه   د ر ی ا   م ی ز ن ی م
خ ن ث ی   ک ر د ه   ب ا ش ی
د ا ش ت م   م ی ف ش ر د م
خ ن ث ی   ک ر د ه   ب ا ش م
خ ن ث ی   ک ر د ه   ب و د م
ن م ا ز   خ و ن د ه   ب و د ی ن
خ ن ث ی   ک ر د ه   ب و د ی
د ا ش ت ی ن   م ی چ ی د ی ن
خ ن ث ی   ک ر د ه   ب ا ش ن
د ا ر ی م   م ی ا ی س ت ی م
س ر ف ه   ک ر د ه   ب ا ش ن
د ل   ب ه   د ر ی ا   ز د ه   ا س ت
د ا ش ت ن   م ی ن و ا خ ت ن
د ا ش ت ی د   م ی چ ی ن د ی د
م ن ت ش ر   ک ر د ه   ب و د ی
ب ه   ی ا د   م ی آ و ر د ی ن
م ن ت ش ر   ک ر د ه   ب ا ش ی
م ن ت ش ر   ک ر د ه   ب ا ش ی
د ا ر م   ب ل ن د   م ی ک ن م
ق م پ ز   د ر   م ی ک ر د ی
د ا ش ت ی   م ی ت ر ک ی د ی
ن م ا ز   خ و ن د ه ا ی ن
ر ژ ی م   گ ر ف ت ه   ب و د ن
ر ا س ت   خ و ا ه ی   گ ف ت
ت ح ص ی ل   م ی ک ر د ی م
ا ز د و ا ج   ک ر د ه ا ن د
ا س ت ف ا د ه   م ی ک ر د م
د ا ر ی   ر ا س ت   م ی گ ی
د ا ر ی   ب ه   ی ا د   م ی آ و ر ی
د ا ش ت ن   م ی ب خ ش ی د ن
ن ف س   ک ش ی د ه   ب و د ی م
ق م پ ز   د ر   ک ر د ه   ب و د
ا ش ت ب ا ه   م ی ک ر د ن د
ا م ض ا ء   خ و ا ه ی د   ک ر د
ا م ض ا ء   خ و ا ه ن د   ک ر د
س ر ف ه   خ و ا ه ی د   ک ر د
ا ز د و ا ج   م ی ک ر د ن د
د ا ر ی ن   م ی ا ی س ت ی ن
ا ش ت ب ا ه   م ی ک ر د ی ن
ر ا س ت   گ ف ت ه   ب ا ش ی م
ب ل ن د   ک ر د ه   ب ا ش ی ن
م و ن ت ا ژ   ک ر د ه   ب و د
م و ن ت ا ژ   ک ر د ه ا ی م
د ا ش ت   ش ک ل   م ی گ ر ف ت
ر ژ ی م   گ ر ف ت ه   ب ا ش ی ن
ا ز د و ا ج   ک ر د ه ا ی ن
ا ف س و س   م ی خ و ر د ی ن
ا ز د و ا ج   ک ر د ه   ا س ت
م و ن ت ا ژ   ک ر د ه   ا س ت
د ا ر م   د ز د ی   م ی ک ن م
د ل   ب ه   د ر ی ا   م ی ز ن ن د
د ا ش ت ی م   م ی ک ش ی د ی م
م ر ح م ت   ک ر د ه   ب و د ی
د ا ش ت ی ن   م ی ص ب ر ی ن
ت م ا ش ا   ک ر د ه   ب ا ش م
ا ف س و س   خ و ر د ه   ب و د ی م
م ر ط و ب   ک ر د ه   ب و د ن
م ر ح م ت   ک ر د ه   ب ا ش م
س ر ف ه   ک ر د ه   ب و د ن د
ت م ا ش ا   ک ر د ه   ب و د ی
ا ف س و س   خ و ر د ه   ب و د ی ن
د ل   ب ه   د ر ی ا   م ی ز ن ی م
ن م ا ز   خ و ن د ه   ب ا ش م
د ز د ی   ک ر د ه   ب و د ی ن
د ل   ب ه   د ر ی ا   م ی ز د ن د
ق م پ ز   د ر   ک ر د ه   ب ا ش ی
ت ح ص ی ل   ک ر د ه   ب و د ن
ب ل ن د   ک ر د ه   ب و د ی م
ر ا س ت   گ ف ت ه   ب ا ش ن د
ش ک ا ی ت   ک ر د ه   ب و د ی م
د ا ر د   م ر ح م ت   م ی ک ن د
د ا ش ت ی د   م ی پ ر ی د ی د
د ا ش ت   ا م ض ا   م ی ک ر د
م ر ط و ب   ک ر د ه   ب و د ی
م ر ح م ت   ک ر د ه   ب ا ش ی م
ا ز د و ا ج   ک ر د ه   ب ا ش ی
د ز د ی   ک ر د ه   ب و د ی د
س ر ف ه   ک ر د ه   ب ا ش ی م
ا ز د و ا ج   ک ر د ه   ب ا ش ن
ا ش ت ب ا ه   خ و ا ه ی   ک ر د
ا ف س و س   خ و ر د ه   ب ا ش ه
د ا ر م   ر ا س ت   م ی گ و ی م
ب ه   ی ا د   آ و ر د ه ا ی م
د ا ر د   ت ح ص ی ل   م ی ک ن د
ا م ض ا   ک ر د ه   ب ا ش ی م
د ا ش ت ی م   م ی پ ر ی د ی م
د ا ش ت ن   م ی ا ی س ت ا د ن
م ر ط و ب   ک ر د ه   ب ا ش ی ن
م ن ت ش ر   ک ر د ه   ب ا ش ن د
د ا ش ت م   م ی ا ی س ت ا د م
م ن ت ش ر   ک ر د ه   ب ا ش ی م
م ن ت ش ر   خ و ا ه ی م   ک ر د
ق م پ ز   د ر   ک ر د ه ا ی م
ق م پ ز   د ر   م ی ک ر د ی م
ا ش ت ب ا ه   ک ر د ه   ب ا ش ه
د ا ش ت   ت ر ج م ه   م ی ک ر د
د ا ش ت   ت ر ج م ه   م ی ک ر د
م ر ط و ب   ک ر د ه   ب ا ش ی م
م و ن ت ا ژ   خ و ا ه ی   ک ر د
د ا ر م   م ن ت ش ر   م ی ک ن م
د ا ر ه   م ن ت ش ر   م ی ک ن ه
م ن ت ش ر   ک ر د ه   ب ا ش ی ن
د ا ر ی   م ن ت ش ر   م ی ک ن ی
د ا ش ت ی م   خ ن ث ی   م ی ک ر د ی م
د ا ش ت ن   ن ف س   م ی ک ش ی د ن
م ر ح م ت   ک ر د ه   ب ا ش ن د
د ا ش ت ی   م ی ا ی س ت ا د ی
د ا ش ت   ش ک ا ی ت   م ی ک ر د
ن م ا ز   خ و ا ن د ه   ب ا ش م
د ا ش ت   ش ک ا ی ت   م ی ک ر د
م ر ح م ت   ک ر د ه   ب و د ن د
ا ش ت ب ا ه   ک ر د ه   ب و د ی
د ا ش ت   ت ح ص ی ل   م ی ک ر د
د ل   ب ه   د ر ی ا   ز د ه   ب ا ش ه
د ل   ب ه   د ر ی ا   ز د ه   ب ا ش م
د ل   ب ه   د ر ی ا   ز د ه   ب ا ش د
د ا ر د   ب ه   ی ا د   م ی آ و ر د
د ا ر د   ن م ا ز   م ی خ و ا ن د
ا ف س و س   خ و ر د ه   ب و د ن
د ا ر م   م ر ح م ت   م ی ک ن م
د ا ش ت   ب ه   ی ا د   م ی آ و ر د
د ا ش ت   ب ه   ی ا د   م ی آ و ر د
م ر ط و ب   ک ر د ه   ب ا ش ن د
ت ح ص ی ل   ک ر د ه   ب ا ش ی م
ش ک ا ی ت   ک ر د ه   ب ا ش ن د
د ا ر ی   م ر ط و ب   م ی ک ن ی
د ا ش ت   ت م ا ش ا   م ی ک ر د
ت م ا ش ا   ک ر د ه   ب و د ن د
ت ح ص ی ل   ک ر د ه   ب ا ش ی م
ا م ض ا ء   ک ر د ه   ب ا ش ی د
د ا ر م   ا ش ت ب ا ه   م ی ک ن م
م و ن ت ا ژ   ک ر د ه   ب ا ش م
د ا ش ت   م ر ح م ت   م ی ک ر د
م و ن ت ا ژ   ک ر د ه   ب و د م
د ا ش ت ی د   م ی ف ش ر د ی د
ن م ا ز   خ و ا ن د ه   ب ا ش ی م
ا ز د و ا ج   ک ر د ه   ب ا ش ی م
د ا ر ی   ا ش ت ب ا ه   م ی ک ن ی
د ا ر ی   ا م ض ا   م ی ک ن ی
ا س ت ف ا د ه   ک ر د ه   ب و د م
ب ه   ی ا د   آ و ر د ه   ب و د ن
ب ه   ی ا د   آ و ر د ه   ب ا ش د
ق م پ ز   د ر   ک ر د ه   ب و د م
ب ه   ی ا د   آ و ر د ه   ب ا ش ن
د ا ر ن   ا ز د و ا ج   م ی ک ن ن
د ا ر ی م   ت ر ج م ه   م ی ک ن ی م
ب ه   ی ا د   خ و ا ه م   آ و ر د
ق م پ ز   د ر   ک ر د ه   ب ا ش م
د ا ر ن د   د ز د ی   م ی ک ن ن د
د ا ر ی   ن م ا ز   م ی خ و ن ی
ا ز د و ا ج   ک ر د ه   ب و د ی د
د ا ر ن   ن م ا ز   م ی خ و ن ن
د ا ش ت ی ن   م ی ب خ ش ی د ی ن
د ا ر ی د   ب ل ن د   م ی ک ن ی د
ن م ا ز   خ و ن د ه   ب ا ش ی م
د ا ر ی م   م ر ح م ت   م ی ک ن ی م
ن م ا ز   خ و ا ن د ه   ب و د ی د
د ا ر ی   ا ز د و ا ج   م ی ک ن ی
د ا ر ن   م و ن ت ا ژ   م ی ک ن ن
د ا ر ی م   خ ن ث ی   م ی ک ن ی م
ا ز د و ا ج   ک ر د ه   ب و د ی ن
د ا ر ن د   ب ل ن د   م ی ک ن ن د
د ا ر ی   م و ن ت ا ژ   م ی ک ن ی
ا ف س و س   خ و ر د ه   ب و د ی د
د ا ر ی   م و ن ت ا ژ   م ی ک ن ی
د ا ش ت ن   ش ک ل   م ی گ ر ف ت ن
د ا ر ن د   ش ک ا ی ت   م ی ک ن ن د
د ا ش ت م   گ ز ا ف   م ی گ ف ت م
ا س ت ف ا د ه   ک ر د ه   ب ا ش ی م
د ا ش ت ی   ب ل ن د   م ی ک ر د ی
م و ن ت ا ژ   ک ر د ه   ب ا ش ی ن
ق م پ ز   د ر   ک ر د ه   ب و د ی م
د ا ش ت م   ش ک ا ی ت   م ی ک ر د م
د ا ش ت م   گ ز ا ف   م ی گ ف ت م
د ا ش ت ی   ر ا س ت   م ی گ ف ت ی
د ل   ب ه   د ر ی ا   ز د ه   ب و د ن د
د ا ر ی   ا ف س و س   م ی خ و ر ی
د ا ر ی   ا س ت ف ا د ه   م ی ک ن ی
ا س ت ف ا د ه   خ و ا ه ی د   ک ر د
ب ه   ی ا د   آ و ر د ه   ب ا ش ی م
ب ه   ی ا د   آ و ر د ه   ب ا ش ی ن
د ا ر ی ن   ر ژ ی م   م ی گ ی ر ی ن
د ا ر ی ن   ش ک ا ی ت   م ی ک ن ی ن
د ا ر ن د   س ر ف ه   م ی ک ن ن د
د ا ر م   ا س ت ف ا د ه   م ی ک ن م
د ا ر ی ن   ب ه   ی ا د   م ی آ ر ی ن
د ا ش ت ی   ر ژ ی م   م ی گ ر ف ت ی
ا س ت ف ا د ه   ک ر د ه   ب ا ش ی د
د ا ر ن   ا س ت ف ا د ه   م ی ک ن ن
د ا ش ت م   ن م ا ز   م ی خ و ن د م
د ا ش ت ی   م ن ت ش ر   م ی ک ر د ی
د ا ش ت ی   ش ک ا ی ت   م ی ک ر د ی
د ا ر ی م   ر ژ ی م   م ی گ ی ر ی م
د ا ش ت م   ش ک ا ی ت   م ی ک ر د م
د ا ش ت ی   ا م ض ا   م ی ک ر د ی
د ا ر ی د   م ر ط و ب   م ی ک ن ی د
ق م پ ز   د ر   خ و ا ه ن د   ک ر د
د ا ش ت ی   ت ح ص ی ل   م ی ک ر د ی
د ا ر ی م   ا م ض ا ء   م ی ک ن ی م
د ا ر ن د   ت م ا ش ا   م ی ک ن ن د
د ا ش ت ی ن   پ ا ک   م ی ک ر د ی ن
د ا ش ت ی م   پ ا ک   م ی ک ر د ی م
د ا ش ت ی   ا ف س و س   م ی خ و ر د ی
د ا ر ی م   ب ه   ی ا د   م ی آ و ر ی م
د ا ش ت ی   ن م ا ز   م ی خ و ن د ی
د ا ش ت م   م ر ح م ت   م ی ک ر د م
د ا ش ت ی م   م ی ا ی س ت ا د ی م
د ا ش ت ی   ب ه   ی ا د   م ی آ و ر د ی
د ا ر ی م   ا ش ت ب ا ه   م ی ک ن ی م
د ا ش ت ی   ا ز د و ا ج   م ی ک ر د ی
د ا ش ت ن   د ل   ب ه   د ر ی ا   م ی ز د ن
د ا ش ت ن   ب ه   ی ا د   م ی آ و ر د ن
د ا ش ت م   ت م ا ش ا   م ی ک ر د م
د ا ش ت ی   ب ه   ی ا د   م ی آ و ر د ی
د ا ش ت ی م   ن ف س   م ی ک ش ی د ی م
د ا ش ت ی م   ن ف س   م ی ک ش ی د ی م
د ا ش ت ی   ق م پ ز   د ر   م ی ک ر د ی
د ا ش ت ی ن   ن ف س   م ی ک ش ی د ی ن
د ا ش ت ی د   ن ف س   م ی ک ش ی د ی د
د ا ش ت م   ا ز د و ا ج   م ی ک ر د م
د ا ش ت ن   م و ن ت ا ژ   م ی ک ر د ن
د ا ش ت م   ق م پ ز   د ر   م ی ک ر د م
د ا ر ی د   ق م پ ز   د ر   م ی ک ن ی د
د ا ش ت ن د   ش ک ل   م ی گ ر ف ت ن د
د ا ش ت ی م   ش ک ل   م ی گ ر ف ت ی م
د ا ش ت ی ن   خ ن ث ی   م ی ک ر د ی ن
د ا ش ت ی ن   د ز د ی   م ی ک ر د ی ن
د ا ش ت ی ن   ا م ض ا   م ی ک ر د ی ن
د ا ر ی م   ا ف س و س   م ی خ و ر ی م
د ا ش ت ی ن   ش ک ا ی ت   م ی ک ر د ی ن
د ا ش ت ن د   ش ک ا ی ت   م ی ک ر د ن د
د ا ش ت ی ن   گ ز ا ف   م ی گ ف ت ی ن
د ا ش ت ی م   گ ز ا ف   م ی گ ف ت ی م
د ا ش ت ی ن   ر ژ ی م   م ی گ ر ف ت ی ن
د ا ش ت ی م   ت م ا ش ا   م ی ک ر د ی م
د ا ش ت ن د   ا م ض ا ء   م ی ک ر د ن د
د ا ش ت ی م   ت م ا ش ا   م ی ک ر د ی م
د ا ش ت ن د   ت ح ص ی ل   م ی ک ر د ن د
د ا ش ت ی م   م ر ح م ت   م ی ک ر د ی م
د ا ش ت ی ن   ت م ا ش ا   م ی ک ر د ی ن
د ا ش ت ی م   م ر ح م ت   م ی ک ر د ی م
د ا ش ت ی م   ت ح ص ی ل   م ی ک ر د ی م
د ا ش ت ی م   ب ه   ی ا د   م ی آ و ر د ی م
د ا ش ت ی م   د ل   ب ه   د ر ی ا   م ی ز د ی م
د ا ش ت ی م   ا ز د و ا ج   م ی ک ر د ی م
د ا ش ت ی م   ق م پ ز   د ر   م ی ک ر د ی م
د ا ش ت ی د   ا ف س و س   م ی خ و ر د ی د
د ا ش ت ن د   ا س ت ف ا د ه   م ی ک ر د ن د
د ا ش ت ن د   ق م پ ز   د ر   م ی ک ر د ن د
