ا م ض ا   ک ن ی ن
گ ز ا ف   گ ف ت ه ا ی ن
ب ل ن د   م ی ک ن ن د
خ و ا ه د   چ ی ن د
د ا ر د   م ن ت ش ر   م ی ک ن د
چ ی ن ی
د ا ش ت ی   ت ح ص ی ل   م ی ک ر د ی
م ر ح م ت   خ و ا ه ی م   ک ر د
ن ف س   ب ک ش ن
ق م پ ز   د ر   ک ر د ی م
ن م ا ز   خ و ن د
ا ش ت ب ا ه   ک ر د ه   ب ا ش ی
د ا ش ت ی م   گ ز ا ف   م ی گ ف ت ی م
ش ک ل   گ ر ف ت ه   ب و د م
د ا ر ی د   م ر ح م ت   م ی ک ن ی د
س ر ف ه   ک ر د ه ا ن
م ی ف ش ا ر ی
س ر ف ه   ب ک ن ی
م و ن ت ا ژ   ک ن ی ن
د ا ش ت ی   م ی ف ش ر د ی
ا ش ت ب ا ه   ک ر د ه   ب ا ش ی ن
ت ح ص ی ل   ک ن ی ن
گ ز ا ف   گ ی ن
ن ف س   ک ش ی د ی
ت ر ج م ه   ک ر د م
م ی پ ر ی د ن
د ا ش ت ن د   ب ل ن د   م ی ک ر د ن د
ن ف س   ک ش ی د ه   ب و د ی
س ر ف ه   م ی ک ر د ی ن
خ ط   ب ز ن
د ا ر ه   ا م ض ا   م ی ک ن ه
م ر ط و ب   خ و ا ه ی د   ک ر د
د ز د ی   ک ن ه
خ ط   ب ز ن ن د
م و ن ت ا ژ   ک ر د ه ا ن د
خ ن ث ی   ک ن ی
ا م ض ا ء   خ و ا ه م   ک ر د
ب ه   ی ا د   آ و ر د ن
م ی خ ا س ت ی ن
د ا ش ت ن   خ ط   م ی ز د ن
ق م پ ز   د ر   ک ر د ه   ب و د ی د
د ا ر ن د   م ی ن د
م ر ح م ت   ک ر د ه   ب و د ی م
پ ر ی د ن
س ر ف ه   ک ر د ه ا ن د
س ر ف ه   خ و ا ه ن د   ک ر د
ص ب ر ه ا ی د
ش ک ا ی ت   ک ر د ه   ب و د ی
د ز د ی   ک ر د ه   ب و د ن د
ن ف س   ک ش ی د ه ا ی
ب ل ن د   ک ر د ی م
ا ش ت ب ا ه   ک ن ن د ه
م ر ح م ت   ک ر د ه   ب و د ی
ف ش ا ر م
ش ک ا ی ت   م ی ک ر د ی م
د ل   ب ه   د ر ی ا   ز د ه
خ ط   ز د ه   ب و د ی
ش ک ا ی ت   ک ر د ه ا ی د
د ا ر ی   م ی چ ی ن ی
ب ل ن د   ک ر د ه   ب و د ی م
ا ز د و ا ج   ک ر د ن د
م ن ت ش ر   ک ر د ه
چ ی ن د
ر ا س ت   گ ف ت ه   ب ا ش م
ن م ا ز   خ و ا ن د ن د
م ر ح م ت   ک ر د ه   ب و د ی ن
خ ی ز ه
ن ف س   ک ش ن د
د ا ش ت م   م ی چ ی ن د م
ش ک ل   گ ر ف ت ه   ب ا ش ه
د ز د ی   ب ک ن م
د ا ش ت ی م   م ی ف ش ر د ی م
ا ی س ت ا د ه   ب و د م
خ ط   ب ز ن د
ش ک ا ی ت   ک ن م
گ ز ا ف   م ی گ و ی د
ت ر ک ی د ه   ب ا ش ن
د ز د ی   ک ر د ه ا ی ن
ب ی ن
ت ر ج م ه   ک ر د ن
ر ا س ت   گ ف ت ه   ب ا ش ی ن
ن ف س   ک ش ی د ه ا ن د
م ر ح م ت   ک ر د ه   ب و د ی د
خ ط   ز د ن
س ر ف ه   ک ر د ه   ب و د م
ا ش ت ب ا ه   ک ر د ی ن
گ ز ا ف   گ ف ت ه   ب ا ش ی
ا ف س و س   ب خ و ر ی د
ش ک ا ی ت   ب ک ن ی د
د ا ر ن د   ن م ا ز   م ی خ و ا ن ن د
ر ا س ت   ب گ ن
د ا ر م   گ ز ا ف   م ی گ و ی م
ا س ت ف ا د ه   ک ر د ه ا م
د ا ر م   م و ن ت ا ژ   م ی ک ن م
ن ف س   ب ک ش ه
ب ل ن د   ک ر د ه   ب و د ن
ن و ا ز ن د ه
ر ا س ت   گ ف ت ه ا ی
ر ژ ی م   گ ر ف ت ه   ب و د
ر ژ ی م   گ ر ف ت ه   ب و د ن د
م ر ح م ت   ک ر د ن د
خ ط   ب ز ن ی ن
م و ن ت ا ژ   ک ر د ه
ب ه   ی ا د   ب ی ا ر ی م
د ا ش ت   گ ز ا ف   م ی گ ف ت
م و ن ت ا ژ   ب ک ن ی ن
خ ط   ب ز ن ی م
د ا ر ن د   پ ا ک   م ی ک ن ن د
ا س ت ف ا د ه   ک ر د ه   ب ا ش م
چ ی ن د ه   ب ا ش ی م
م ی ت ر ک ی د ن
خ و ا ه م   خ ا س ت
د ز د ی   ک ر د ه   ب ا ش ی ن
ب ه   ی ا د   آ و ر د ه   ب و د ی م
ت ر ج م ه   ک ر د ه ا ی م
ب ل ن د   ک ر د ه   ب ا ش ن د
د ز د ی   ک ر د ه   ب ا ش م
ش ک ل   گ ر ف ت ه   ب و د ی م
د ا ش ت ن   ت ر ج م ه   م ی ک ر د ن
ا س ت ف ا د ه   ک ر د ه   ب و د ی م
خ ا س ت ی د
ی م
م ر ح م ت   ک ر د م
د ا ر م   ق م پ ز   د ر   م ی ک ن م
د ا ر ن د   م ر ط و ب   م ی ک ن ن د
خ ا س ت ه   ب و د ی م
خ ن ث ی   ک ر د ه   ب ا ش م
ن م ا ز   خ و ا ن د ن
د ا ش ت ن   ا س ت ف ا د ه   م ی ک ر د ن
ش ک ل   م ی گ ی ر ی ن
ا ف س و س   خ و ر د ه   ب ا ش م
ق م پ ز   د ر   ک ر د ی م
ر ژ ی م   م ی گ ی ر ی م
ت ح ص ی ل   م ی ک ر د ن د
م ر ح م ت   ب ک ن ه
ا م ض ا ء   ب ک ن
ب ل ن د   ک ن ی
د ز د ی   ک ر د ه   ب ا ش ن د
د ز د ی   م ی ک ن ی ن
د ا ر ی ن   ت ح ص ی ل   م ی ک ن ی ن
د ا ر ی م   م و ن ت ا ژ   م ی ک ن ی م
ت ر ج م ه   م ی ک ن ی ن
ت ح ص ی ل   خ و ا ه ی د   ک ر د
ق م پ ز   د ر   ک ر د ه   ب و د م
ق م پ ز   د ر   ک ر د ه ا ی م
ر ا س ت   ب گ و ی ی م
ب ن و ا ز ی د
د ل   ب ه   د ر ی ا   م ی ز د م
خ ن ث ی   ک ن ن د ه
د ا ش ت م   ب ل ن د   م ی ک ر د م
ش ک ل   ب گ ی ر
ت ر ج م ه   ک ر د ه
ر ژ ی م   م ی گ ی ر ی م
ب ه   ی ا د   آ و ر د ه   ب و د ی م
ف ش ا ر ن د ه
د ا ش ت ن د   ب ه   ی ا د   م ی آ و ر د ن د
د ا ر ن   ت ر ج م ه   م ی ک ن ن
ا س ت ف ا د ه   خ و ا ه ن د   ک ر د
د ا ر ی م   م ر ط و ب   م ی ک ن ی م
ق م پ ز   د ر   ک ر د ه   ب ا ش ی ن
پ ا ک   ک ر د ه   ب و د م
د ا ش ت م   م ی چ ی د م
ش ک ا ی ت   م ی ک ن ی م
ر ا س ت   گ م
ا ش ت ب ا ه   م ی ک ن ی
پ ا ک   ک ر د ه ا م
پ ا ک   ک ن ی م
د ا ر د   ت ر ج م ه   م ی ک ن د
ر ژ ی م   ب گ ی ر ی
د ا ش ت ن د   م ی ا ی س ت ا د ن د
ب ل ن د   ب ک ن ن
د ا ر ی   ت م ا ش ا   م ی ک ن ی
ن م ا ز   خ و ا ن د ه ا ی م
د ا ر م   ت ح ص ی ل   م ی ک ن م
م ر ط و ب   م ی ک ر د ی م
ا ف س و س   ب خ و ر ی ن
ر ژ ی م   گ ر ف ت ه   ا س ت
د ا ش ت ی م   ن م ا ز   م ی خ و ا ن د ی م
د ا ر ی م   خ ن ث ی   م ی ک ن ی م
ا ز د و ا ج   م ی ک ن ن د
ب ه   ی ا د   م ی آ و ر د م
م ر ح م ت   ک ر د ه   ا س ت
د ا ر ی م   م ی چ ی ن ی م
ق م پ ز   د ر   م ی ک ن ی ن
ب ل ن د   ب ک ن ی ن
ش ک ا ی ت   ک ر د م
پ ا ک   م ی ک ر د م
گ ز ا ف   گ و ی ی
د ا ش ت ن   ت ح ص ی ل   م ی ک ر د ن
پ ا ک   ک ر د ی م
ا ش ت ب ا ه   ک ر د
ر ا س ت   ب گ ی ن
گ ز ا ف   گ و ی م
م و ن ت ا ژ   ب ک ن م
د ز د ی   خ و ا ه ی م   ک ر د
ب خ ش ن د ه
م ی ب خ ش ی د ی د
د ا ش ت ن   ش ک ا ی ت   م ی ک ر د ن
پ ا ک   ب ک ن ی ن
ص ب ر ه   ب ا ش ی م
ش ک ل   م ی گ ر ف ت م
ر ا س ت   م ی گ ه
ا ف س و س   م ی خ و ر د ی
ن م ا ز   خ و ا ن ی
ت ر ک م
خ ا س ت ه   ب و د
پ ا ک   ک ر د ه   ب ا ش م
د ا ر م   ر ژ ی م   م ی گ ی ر م
د ا ر ی   م ر ح م ت   م ی ک ن ی
د ا ر م   م ی ن و ا ز م
خ ط   م ی ز د ن
د ا ر م   م ی ن و ا ز م
م ر ط و ب   ک ر د ه   ب ا ش م
ک ش ی
د ز د ی   م ی ک ن ن
م ر ط و ب   ب ک ن ی م
ف ش ر د ه
ر ژ ی م   گ ی ر ی
ت ح ص ی ل   ک ن ه
ر ژ ی م   ب گ ی ر ی ن
ر ژ ی م   گ ر ف ت ه
م ی ص ب ر م
ا ی س ت ا د ه ا ی ن
ش ک ا ی ت   م ی ک ن م
ف ش ر د ه   ب و د م
د ا ر م   م ی پ ر م
ر ا س ت   ب گ و ی ی
خ ط   ز د ه ا ی م
ب خ ی ز ی
ت ر ک د
م ر ط و ب   ب ک ن ن
چ ی د ه   ب و د ی
ا س ت ف ا د ه   ک ر د ه ا ی ن
ش ک ل   گ ر ف ت ه   ب و د ی د
ش ک ا ی ت   م ی ک ن م
گ ز ا ف   خ و ا ه ی م   گ ف ت
ا ف س و س   خ و ر د ه   ب ا ش ن
ن ف س   خ و ا ه ن د   ک ش ی د
د ا ر ه   م و ن ت ا ژ   م ی ک ن ه
ش ک ل   ب گ ی ر
ف ش ر د ه   ب ا ش ه
د ل   ب ه   د ر ی ا   ب ز ن ی د
م و ن ت ا ژ   ک ر د ه ا م
د ز د ی   ک ر د م
پ ا ک   م ی ک ن ن د
ا ی س ت ا د ه   ب ا ش م
ا س ت ف ا د ه   م ی ک ر د ی
ن م ا ز   خ و ن ی ن
پ ا ک   م ی ک ن ی د
ب خ ش ی د ی م
ن و ا خ ت ه   ب ا ش ی م
خ ط   م ی ز ن ن د
د ا ش ت   خ ن ث ی   م ی ک ر د
ب ل ن د   ب ک ن م
د ا ش ت   م ی خ ا س ت
ت ح ص ی ل   ک ر د ه
چ ی ن ی م
د ا ر ی د   م ی ی د
د ز د ی   ک ر د ه   ب و د ن
ب ل ن د   ک ر د ه   ب ا ش د
ن م ا ز   خ و ا ن د ی م
د ا ر ی م   ر ژ ی م   م ی گ ی ر ی م
د ا ش ت   ب ل ن د   م ی ک ر د
ص ب ر ن
د ا ش ت   د ل   ب ه   د ر ی ا   م ی ز د
م ن ت ش ر   خ و ا ه د   ک ر د
م ی چ ی د م
د ا ر ن   ا م ض ا   م ی ک ن ن
د ا ر ی د   ا م ض ا ء   م ی ک ن ی د
ا ف س و س   خ و ر د ه   ب و د ن د
ر ژ ی م   گ ر ف ت ی
د ا ش ت ی م   م ن ت ش ر   م ی ک ر د ی م
ن م ا ز   خ و ن ن د ه
م ر ط و ب   ک ر د ه   ب و د ی م
ر ژ ی م   گ ی ر ی د
د ل   ب ه   د ر ی ا   ب ز ن د
خ ط   م ی ز ن ه
د ل   ب ه   د ر ی ا   ز د ه ا ی
ت ح ص ی ل   ک ر د ه   ب و د ی م
ا ف س و س   خ و ر د ی
د ا ش ت ی   خ ط   م ی ز د ی
ا ز د و ا ج   ک ر د ه ا م
م ر ط و ب   ب ک ن ی
ت م ا ش ا   ک ن ن
خ ن ث ی   م ی ک ن ه
پ ر ی د ه ا ی
ن ف س   ک ش ی د ه   ب ا ش ی ن
ا س ت ف ا د ه   ک ر د ه ا م
د ا ر ه   ا س ت ف ا د ه   م ی ک ن ه
د ز د ی   ک ر د ه ا ی م
پ ا ک   ک ر د ه   ب ا ش ی م
د ا ش ت ی ن   م ر ط و ب   م ی ک ر د ی ن
د ل   ب ه   د ر ی ا   م ی ز ن ی
ت ح ص ی ل   ب ک ن ی م
ا ز د و ا ج   خ و ا ه ی   ک ر د
م و ن ت ا ژ   ک ر د ه   ب و د ی د
ش ک ا ی ت   ک ن ه
ت م ا ش ا   م ی ک ن ی
د ا ش ت ی م   ا ش ت ب ا ه   م ی ک ر د ی م
د ا ش ت ی م   د ز د ی   م ی ک ر د ی م
پ ا ک   م ی ک ن ی ن
چ ی د ه   ب ا ش ی ن
د ا ر ن   م ی پ ر ن
ا ش ت ب ا ه   م ی ک ر د م
ب ه   ی ا د   آ و ر د ه   ب ا ش م
ش ک ا ی ت   م ی ک ر د م
د ا ر ن   ا ف س و س   م ی خ و ر ن
خ و ا ه د   ن و ا خ ت
ف ش ر د ه ا ی د
د ل   ب ه   د ر ی ا   ز د ه   ب ا ش ن د
ش ک ا ی ت   ک ر د ه   ب ا ش ی ن
خ ی ز ن د ه
ا س ت ف ا د ه   ک ن م
ب ه   ی ا د   ب ی ا و ر ی د
ک ش ی د ه ا ی
خ ط   ز د ه   ب ا ش ی م
ن ف س   ک ش ی د ه   ب ا ش د
ق م پ ز   د ر   ک ر د ه ا م
ب ل ن د   ک ر د ه   ب و د
ب ل ن د   ک ر د
گ ز ا ف   گ ن
د ا ش ت   م و ن ت ا ژ   م ی ک ر د
ن و ا خ ت ه   ب و د ی م
گ ز ا ف   م ی گ و ی ی د
ب ل ن د   م ی ک ن م
ا س ت ف ا د ه   ب ک ن د
ت ر ج م ه   م ی ک ر د ن د
م ر ط و ب   م ی ک ر د ن د
د ا ر ن   د ل   ب ه   د ر ی ا   م ی ز ن ن
ن ف س   ب ک ش ن د
ا س ت ف ا د ه   م ی ک ن ی م
ت م ا ش ا   م ی ک ر د ی م
ب ه   ی ا د   م ی آ و ر د ی
ف ش ر د ه   ب ا ش ی
ت م ا ش ا   ک ر د ه   ب ا ش ی
پ ر ی د
د ا ر م   ب ل ن د   م ی ک ن م
د ا ش ت ی ن   ر ا س ت   م ی گ ف ت ی ن
د ا ر ه   ش ک ا ی ت   م ی ک ن ه
ر ا س ت   گ ف ت ه ا م
ا س ت ف ا د ه   ب ک ن ی د
م ن ت ش ر   ک ر د ه ا م
ق م پ ز   د ر   ک ر د ه   ب و د ن د
ا ز د و ا ج   م ی ک ن ی
د ل   ب ه   د ر ی ا   م ی ز د ی ن
م ن ت ش ر   م ی ک ر د م
د ا ر م   د ل   ب ه   د ر ی ا   م ی ز ن م
م ی ب خ ش ی ن
ا ش ت ب ا ه   ک ر د ه ا ی
گ ز ا ف   م ی گ ف ت
ر ژ ی م   گ ر ف ت ن
چ ی د ه   ب ا ش ی
م ر ط و ب   ک ر د ه ا ی د
م ر ح م ت   ب ک ن ی م
د ل   ب ه   د ر ی ا   ز د ه   ب و د
د ا ر ن د   م ی ک ش ن د
چ ی ن د م
ا ش ت ب ا ه   ب ک ن م
م ی چ ی ن ی ن
ا س ت ف ا د ه   ک ر د ه ا ن
پ ا ک   ب ک ن ی م
د ز د ی   ک ر د ه   ا س ت
م ی خ ا س ت ی د
ا ز د و ا ج   ب ک ن ی ن
ر ا س ت   گ و ی ی د
د ا ش ت   م ی خ ا س ت
چ ی ن د ه   ب و د ن
د ا ر ن   ن ف س   م ی ک ش ن
س ر ف ه   ب ک ن ی د
ب ه   ی ا د   م ی آ و ر د ن د
ت ح ص ی ل   ک ن ی
د ا ش ت   م ر ط و ب   م ی ک ر د
خ ن ث ی   م ی ک ن ی د
م ن ت ش ر   ک ر د ی ن
م ی ف ش ر د
ا ز د و ا ج   ک ر د ه
گ ز ا ف   م ی گ ف ت ی
پ ا ک   ک ر د ه   ب و د
ش ک ل   گ ی ر ی د
م ی پ ر ه
ب ب خ ش ه
خ ط   م ی ز ن م
ب ل ن د   خ و ا ه ی   ک ر د
س ر ف ه   خ و ا ه ی م   ک ر د
د ا ش ت ی د   م ی خ ا س ت ی د
ا ف س و س   خ و ر ن د ه
ک ش ی د ه   ب و د م
د ز د ی   ک ر د ه   ب و د ی م
د ز د ی   ب ک ن
ب چ ی ن ن د
ر ا س ت   م ی گ و ی ی م
د ا ش ت ی ن   س ر ف ه   م ی ک ر د ی ن
د ا ش ت ی م   ا م ض ا   م ی ک ر د ی م
س ر ف ه   م ی ک ر د ن
م ن ت ش ر   ک ر د ه ا ی م
ا ش ت ب ا ه   ک ر د ه   ب و د
ن ف س   م ی ک ش ی م
د ز د ی   ک ن د
ت م ا ش ا   ب ک ن ی
خ ن ث ی   ب ک ن ن
م ن ت ش ر   م ی ک ر د ی ن
پ ر ه
ر ا س ت   گ ف ت ه ا ی د
د ا ر م   م ی ت ر ک م
د ا ر د   م ی ا ی س ت د
د ا ر ن د   ر ا س ت   م ی گ و ی ن د
م و ن ت ا ژ   م ی ک ر د م
د ا ش ت م   ن ف س   م ی ک ش ی د م
ت م ا ش ا   ک ن د
ر ژ ی م   گ ر ف ت
د ا ش ت ی م   م ی ن و ا خ ت ی م
چ ی د ه
ا س ت ف ا د ه   ک ر د ه   ب ا ش ه
گ ز ا ف   ب گ م
ص ب ر ی
ف ش ر د ه   ب و د
ق م پ ز   د ر   ک ن ی م
م ر ح م ت   م ی ک ر د م
د ا ر ی ن   م ی چ ی ن ی ن
م ر ح م ت   م ی ک ر د ی م
د ا ر ی   م ی پ ر ی
م ن ت ش ر   ک ر د ه   ب ا ش ی م
م ن ت ش ر   ک ر د
د ا ش ت م   خ ن ث ی   م ی ک ر د م
ت ح ص ی ل   ب ک ن م
ص ب ر ه   ب و د ن
ن ف س   ک ش ی د ه   ب ا ش م
خ ط   ز د م
س ر ف ه   ک ر د ه
ر ژ ی م   ب گ ی ر م
ا م ض ا ء   ک ر د ه   ا س ت
م ر ط و ب   ک ن ه
ا م ض ا   ک ر د ه ا ی
ب خ ش ی د ی م
ف ش ر د ه   ب و د ن
ا ف س و س   م ی خ و ر ی م
م ی ص ب ر
م ی چ ی ن ی م
ف ش ر د ه   ب و د م
ت ر ج م ه   م ی ک ر د ی د
گ ز ا ف   گ ف ت ه ا م
ت ر ک ی د ه   ب ا ش ی د
د ا ر ی م   ب ه   ی ا د   م ی آ ر ی م
پ ا ک   ک ر د ه   ب و د م
ق م پ ز   د ر   ک ر د ه   ب ا ش ی م
ب ف ش ا ر ی د
م ر ط و ب   م ی ک ن د
ت ر ک ی د ه   ب و د ی
ن ف س   ک ش ن
ت ح ص ی ل   ک ر د ه   ب و د ن د
ا م ض ا   ب ک ن م
د ا ر ن د   م ی چ ی ن ن د
د ل   ب ه   د ر ی ا   ز ن ی ن
ب چ ی ن ی ن
ق م پ ز   د ر   ب ک ن ی د
ا س ت ف ا د ه   م ی ک ر د ی د
گ ز ا ف   خ و ا ه د   گ ف ت
ا ف س و س   خ و ر د
ش ک ل   گ ر ف ت ه
ن م ا ز   خ و ا ه ن د   خ و ا ن د
ش ک ا ی ت   ک ر د ه ا ی ن
د ا ر ی د   ر ژ ی م   م ی گ ی ر ی د
م و ن ت ا ژ   م ی ک ن ی د
م ی ص ب ر م
م ر ط و ب   ک ن ن
ت ر ک ی د ه ا م
د ا ش ت ی د   ر ا س ت   م ی گ ف ت ی د
ا ز د و ا ج   خ و ا ه ی د   ک ر د
ت م ا ش ا   ک ر د ه ا ی م
ب ا ی س ت ی د
م و ن ت ا ژ   ک ر د ه
د ا ر ی   ت ر ج م ه   م ی ک ن ی
ت م ا ش ا   ک ر د ه   ب و د ی م
خ ن ث ی   ک ر د ی ن
ب ن و ا ز ی ن
ا ش ت ب ا ه   ک ر د ی د
ت ر ج م ه   ک ن م
ت م ا ش ا   ب ک ن ی
ا ف س و س   خ و ا ه ی م   خ و ر د
ر ا س ت   گ ف ت ه   ب و د ی
د ا ش ت   م ی ف ش ر د
م ی ب خ ش ی
ا س ت ف ا د ه   ک ر د ه   ب و د
د ا ر ی م   ن ف س   م ی ک ش ی م
ر ژ ی م   خ و ا ه ی د   گ ر ف ت
ک ش ی د ه   ا س ت
ا ز د و ا ج   ک ر د ه   ب و د م
د ز د ی   ب ک ن ی ن
د ا ش ت ی   م ی چ ی د ی
خ ن ث ی   ک ر د ه   ب و د ی
ب خ ش م
ا ز د و ا ج   ک ر د ی
ف ش ر د ه   ب ا ش ی د
س ر ف ه   ک ن ی
ت م ا ش ا   ک ر د ه ا ی م
ب ی م
د ا ش ت ی   خ ن ث ی   م ی ک ر د ی
ب م
پ ر ی د ه   ب و د ی ن
د ز د ی   ب ک ن
