l ä s i
a v a r u u s m i e h i n ä
a v a r u u s m i e h e l t ä
k y l k i
k e t o t
p e l k ä ä
p e l ä t ä
k y l j e t
k y l j e n
s e i j a s
n a p u t a
p l u t o n i
k y l j e k s i
e e b e n i n
p e l k ä ä n
s e i j a i n
a i k o m u s
e t   p e l k ä ä
s e i j a a n
j u l i s t e
p r e n i k a t
l ä s e i k s i
e i   p e l k ä ä
o n k a l o o n
k y l k e n ä
n a p u t a t
k e t o i l l a
n i t r o i n
k e t t o i n a
k y l j i t t ä
l ä s e i l l e
l i t t e i n ä
ä l ä   p e l k ä ä
k e t o i t t a
i s k e l m ä t
u u d e n n a n
o d o t u t t i
k i h e r r ä n
d i a k o n i a
k i h e r r ä t
e n   p e l k ä ä
j a l o h o m e
b a p t i s m i
l i t t e ä l t ä
h y r ä h t ä ä
l i t t e i d e n
e t   t a h m a a
a i v a s t u s
i s k e l m ä k s i
k y l j i s s ä
p e r i n t ä ä
o d o t u t a n
h a r h a t o n
t a h m a a m a n
e e b e n i t t ä
l ä s e i n e e n
e t   k i h e r r ä
l i t t e ä t t ä
e e b e n i k s i
ä k s y y n t y ä
j u l i s t e e t
e i   p e l ä t t y
e e b e n e i n ä
s a a t e l k a a
i s k e l m i e n
t a h m a n n e t
i s k e l m i ä
n a p u t i t t e
o n k a l o t t a
l i t t e i s t ä
r a o t t e l e t
n a p u t t a e n
r a o t e l l e t
t a h m a n n e n
ä l ä   t a h m a a
n a p u t t a m a
p r e n i k a l l e
n a p u t a t t e
s e i j a i n e
r a o t t e l i n
p l u t o n i n a
i s k e l m ä n ä
s a a t e l l e t
j u n a v a u n u
t a h m a i s i t
m a a l i t y k i t
m a a l i t y k k i
l a m a u t u v a
e i   h y r ä h d ä
p e r i n n ö i n
p e t o l l i s i n
s e i j a i s s a
o n k a l o i t t a
o s t e l u j e n
o s t e l u i s t a
e t   t a h m a i s i
n a p u t t a v a t
s e i j a i s t a
e n   ä k s y y n n y
r i s a k k a i n a
e e b e n i i n
t a h m a a m a l l a
p e t o l l i s e t
t a h m a t k o o t
k e t t o i n e e n
e i   u u d e n n a
e n   s a a t t e l e
j u l i s t e i d e n
p r e n i k o i k s i
p l u t o n i t t a
r a o t t e l e e
l i i t u k i v e n
k i h e r r e t t y
s a a t t e l i s i
t a h m a s i t t e
u u d e n n e t t u
r a o t t e l e v a
i s k e l m i l l e
k a l v e n t a e n
s a a t e l t i i n
p e l k ä ä m ä s t ä
e n   v i e r o i t a
e n   k a l v e n n a
p l u t o n i e n
j a k a m i s i i n
o s t e l u i l l e
r i s a k k a a n a
j u n a v a u n u t
l i l l i p u t i t
k a l v e n t a m a
k i h e r t ä m ä
p o s a h t i v a t
l a m a u t u n e e
p e l k ä i s i m m e
s a a t e l k o o n
h y r ä h d i m m e
k i h e r t ä n e e
p e l k ä ä m ä t t ä
v i e r o i t i t t e
r a o t e l l e s s a
d i a k o n i s t a
p e l k ä i s i t t e
u u d e n t a m a a n
e e b e n e i s t ä
p r e n i k a l t a
k a l v e n t a v a t
s a a t t e l e e
l a m a u t u v a t
s i s e n n y k s e t
b a p t i s m i e n
e n   n a p u t t a n e
e e b e n e i l l ä
o l i s i   n a p u t t a n u t
ä k s y y n n y m m e
p o s a h d i m m e
p r e n i k o i l l a
ä l ä   ä k s y y n n y
j ä r v i s i e n i
p e l k ä ä m i s t ä
p e l k ä ä m i n e n
j u l i s t e i k s i
r i s a k k a i l l e
e i   t a h m a n n u t
ä k s y y n t y v ä t
p r e n i k k a n a
j u l i s t e e t t a
h a r h a t t o m a n
k i h e r t ä i s i
j u l i s t e i l t a
o h j e p a k e t t i
m i t ä t ö n t y v ä
l a m a u t u k o o t
e n   t a h m a n n u t
ä l ä   p o s a h d a
S c h e n g e n i n
r i s a k k a i l t a
p o s a h t a m a n
ä k s y y n n y t t e
k y l k e e n
k a l v e n n e t t u
r i s a k k a a l l e
l a m a u t u i v a t
l o o g i l l i s t a
t a h m a n n e t t e
r a o t t e l i s i n
l i l l i p u t i k s i
ä k s y y n t y i s i
p e s s i m i s t i t
n a p u t e t a a n
r i s k i t t ö m i n
t a h m a n n e m m e
e t t e   u u d e n n a
r a o t t e l e v a t
ä l ä   r a o t t e l e
l a m a u t u n e t
v i e r o i t t a m a
p o s a h t a k o o n
n a u t i t t a v i a
h u o n e t o v e r i
p e r i n n ö i k s i
r a a k a s o k e r i
r a a k a s o k e r i
k a t t o p i i r u n
s a a t e l l a a n
r a o t e l l e v a t
s i s e n n y k s i ä
ä l ä   m i t ä t ö n n y
m i t ä t ö n n y t t e
j a k a m i s t e n
n a p u t t a n e v a t
p r e n i k k o i n a
e i   p o s a h t a n e
h a i h d u t t a m o
p r e n i k o i s t a
t a h m a i s i t t e
j a l o h o m e i n a
h a r h a t t o m a t
k i h e r t ä n e t
j u l i s t e e s s a
k o n s u l a a t i t
m i t ä t ö n t y k ä ä
e m m e   h y r ä h d ä
s a l a i s i m m a n
e t   k i h e r t ä n e
e i   ä k s y y n n y t ä
l o o g i l l i s i n a
e t t e   k i h e r r ä
j u l i s t e i l l e
e e b e n e i n e e n
j a k a m i s e k s i
a i v a s t u k s e n
d i a k o n e i s t a
e i   o d o t u t e t a
s a l a i s i m m i n
m a a l i t y k i l l ä
b a p t i s m i k s i
o n k a l o i s s a
j a l o h o m e e n a
l a m a u t u i s i n
e n   h y r ä h t ä n e
o l e   s a a t e l l u t
e i   h y r ä h t ä n e
h y r ä h t ä k ö ö t
e i   h y r ä h d e t ä
e i   p e l ä t t ä i s i
o l i   s a a t e l l u t
ä k s y y n t y ä k s e e n
p o s a h d e t t i i n
e t   l a m a u t u n e
m i t ä t ö n t y n y t
