ä l k ä ä m m e   o l k o   p o s a h t a n e e t
e i v ä t   o l e   v i e r o i t t a n e e t
s p r a y m a a l a t t a k o o n
o l i s i v a t   u u d e n t a n e e t
a l a k u o l o k o h t i i n
e i v ä t   o l e   u u d e n t a n e e t
o d o t u t t a k a a m m e
t a h m a t t a e s s a
e m m e   l i e n e   u u d e n t a n e e t
ä l k ö ö n   n y k y a i k a i s t u t t a k o
ä l k ä ä m m e   o l k o   s p r a y m a a l a n n e e t
k a l v e n t a k a a m m e
e m m e   o l l e e t   s p r a y m a a l a n n e e t
ä l k ä ä   o l k o   s p r a y m a a l a n n e e t
e t t e   o l i s i   n y k y a i k a i s t u n e e t
e m m e   o l i s i   s p r a y m a a l a n n e e t
e m m e   o l l e e t   g r a a v a a n t u n e e t
t a h m a t t a k o o n
e m m e   o l l e e t   p r o g r e d i o i n e e t
e i v ä t   l i e n e   s p r a y m a a l a n n e e t
l i e n e t t e   n y k y a i k a i s t u n e e t
ä l k ä ä m m e   o l k o   m i t ä t ö n t y n e e t
e i v ä t   o l i s i   r y h m i t t ä y t y n e e t
e i v ä t   o l e   r y h m i t t ä y t y n e e t
o l i s i m m e   r y h m i t t ä y t y n e e t
e i   o l l u t   r y h m i t t ä y d y t t y
l i e n e m m e   r y h m i t t ä y t y n e e t
e t t e   o l l e e t   u u d e n t a n e e t
o l i s i v a t   r y h m i t t ä y t y n e e t
e t t e   o l e   n y k y a i k a i s t u n e e t
l i e n e v ä t   p r o g r e d i o i n e e t
l i e n e t t e   r y h m i t t ä y t y n e e t
ä l k ä ä   o l k o   p r o g r e d i o i n e e t
e i v ä t   o l e   p r o g r e d i o i n e e t
ä l k ö ö t   o l k o   u u d e n t a n e e t
e t t e   o l l e e t   l a m a u t u n e e t
r a k e t t i p o l t t o a i n e e s s a
e t t e   o l e   r y h m i t t ä y t y n e e t
e i v ä t   o l e   g r a a v a a n t u n e e t
o l k o o t   n y k y a i k a i s t u n e e t
b r a s i l i a n s u o m a l a i s i i n
e m m e   o l i s i   r y h m i t t ä y t y n e e t
e m m e   o l l e e t   ä k s y y n t y n e e t
o l i s i m m e   p r o g r e d i o i n e e t
o l i m m e   n y k y a i k a i s t u n e e t
l i e n e m m e   g r a a v a a n t u n e e t
l i e n e v ä t   g r a a v a a n t u n e e t
e i v ä t   o l l e e t   k i h e r t ä n e e t
o l k a a m m e   p r o g r e d i o i n e e t
ä ä r i m m ä i s y y s m i e h i n e e n
o l i m m e   s p r a y m a a l a n n e e t
ä l k ö ö t   o l k o   ä k s y y n t y n e e t
e i   l i e n e   n y k y a i k a i s t u t t u
e t t e   o l l e e t   p o s a h t a n e e t
o l k o o t   r y h m i t t ä y t y n e e t
o l e m m e   r y h m i t t ä y t y n e e t
l i e n e v ä t   m i t ä t ö n t y n e e t
n y k y a i k a i s t u m a i s i l l a a n
ä k s y y n t y k ä ä m m e
e t t e   o l l e e t   h y r ä h t ä n e e t
ä l k ö ö t   o l k o   o d o t u t t a n e e t
e n   o l l u t   s p r a y m a a l a n n u t
ä l k ö ö n   o l k o   o d o t u t e t t u
e i v ä t   l i e n e   l a m a u t u n e e t
ä l k ä ä   o l k o   ä k s y y n t y n e e t
r a k e t t i p o l t t o a i n e i t t a
e i v ä t   o l l e e t   s a a t e l l e e t
r a k e t t i p o l t t o a i n e i n e e n
b r a s i l i a n s u o m a l a i s i n a
e t t e   l i e n e   v i e r o i t t a n e e t
b r a s i l i a n s u o m a l a i s e l l e
e t   o l i s i   n y k y a i k a i s t u n u t
ä ä r i m m ä i s y y s m i e h e l l ä
ä l k ö ö n   o l k o   p o s a h d e t t u
o l i v a t   r y h m i t t ä y t y n e e t
e m m e   l i e n e   ä k s y y n t y n e e t
o l i s i t   s p r a y m a a l a n n u t
ä ä r i m m ä i s y y s m i e h e t t ä
e i   o l i s i   r y h m i t t ä y d y t t y
e i v ä t   o l i s i   p o s a h t a n e e t
ä l k ö ö n   o l k o   v i e r o i t t a n u t
e n   o l i s i   p r o g r e d i o i n u t
ä l k ö ö n   o l k o   s a a t e l l u t
e t   l i e n e   p r o g r e d i o i n u t
ä ä r i m m ä i s y y s m i e h i i n
e n   l i e n e   p r o g r e d i o i n u t
e t t e   o l i s i   k a l v e n t a n e e t
e i   l i e n e   s p r a y m a a l a t t u
ä l k ä ä   o l k o   o d o t u t t a n e e t
r y h m i t t ä y t y m ä i s i l l ä ä n
l i e n e v ä t   v i e r o i t t a n e e t
o r i g i n a l i t e e t t e i n e e n
e i   o l i s i   g r a a v a a n t u n u t
l i e n e t   n y k y a i k a i s t u n u t
e t t e   o l e   v i e r o i t t a n e e t
ä ä r i m m ä i s y y s m i e h i l l ä
ä ä r i m m ä i s y y s m i e h e k s i
o l e t t e   g r a a v a a n t u n e e t
e n   o l e   n y k y a i k a i s t u n u t
a s e t o n i p e r o k s i d e i s s a
ä l ä   o l e   r y h m i t t ä y t y n y t
o l e m m e   g r a a v a a n t u n e e t
e i v ä t   o l i s i   r a o t e l l e e t
e t t e   o l i s i   h y r ä h t ä n e e t
o l i m m e   g r a a v a a n t u n e e t
b r a s i l i a n s u o m a l a i s e t
b r a s i l i a n s u o m a l a i s i n
l i e n e m m e   v i e r o i t t a n e e t
e t   o l l u t   p r o g r e d i o i n u t
ä ä r i m m ä i s y y s m i e h e s t ä
l i e n e t   r y h m i t t ä y t y n y t
e i v ä t   o l i s i   s a a t e l l e e t
ä l k ä ä   o l k o   k i h e r t ä n e e t
e n   o l l u t   v i e r o i t t a n u t
a s e t o n i p e r o k s i d e i l l a
o l i t t e   v i e r o i t t a n e e t
l i e n e t t e   k a l v e n t a n e e t
e t   o l i s i   v i e r o i t t a n u t
a s e t o n i p e r o k s i d e i l t a
e t t e   l i e n e   r a o t e l l e e t
l i e n e m m e   k a l v e n t a n e e t
o l i s i v a t   k i h e r t ä n e e t
e i v ä t   o l e   k a l v e n t a n e e t
o l i s i t t e   l a m a u t u n e e t
d i p l o m a a t t i s u u k s i l t a
o l i s i v a t   o d o t u t t a n e e t
e m m e   o l i s i   s a a t e l l e e t
e i   o l e   p r o g r e d i o i n u t
e t   o l e   p r o g r e d i o i n u t
l i e n e t   g r a a v a a n t u n u t
e m m e   n y k y a i k a i s t u i s i
e t t e   p r o g r e d i o i n e e t
o l i s i m m e   k i h e r t ä n e e t
o l k a a m m e   l a m a u t u n e e t
g r a a v a a n n u t t a i s i i n
o l k a a m m e   o d o t u t t a n e e t
o l i s i m m e   p o s a h t a n e e t
l i e n e t t e   k i h e r t ä n e e t
l i e n e v ä t   h y r ä h t ä n e e t
ä l k ö ö n   m i t ä t ö n n y t t ä k ö
r u s o k ä r p ä s s i e n t e n
a s e t o n i p e r o k s i d i s t a
a s e t o n i p e r o k s i d i k s i
l i e n e e   g r a a v a a n t u n u t
o l k o o n   v i e r o i t t a n u t
e t   o l l u t   m i t ä t ö n t y n y t
ä l k ö ö t   p r o g r e d i o i k o
e t   l i e n e   m i t ä t ö n t y n y t
e i   l i e n e   p r o g r e d i o i n u t
o l i m m e   v i e r o i t t a n e e t
e m m e   o l e   k a l v e n t a n e e t
j ä r v i s i m p u k k a a n
o l k o o n   p r o g r e d i o i t u
ä ä r i m m ä i s y y s m i e h i ä
k i h e r t ä m ä i s i l l ä ä n
o v a t   p r o g r e d i o i n e e t
l i e n e v ä t   n a p u t t a n e e t
o l i s i   r y h m i t t ä y d y t t y
d i p l o m a a t t i s u u t t a
k a l v e n t a m a i s i l l a a n
e m m e   o l e   h y r ä h t ä n e e t
n y k y a i k a i s t u i s i m m e
e i   o l e   g r a a v a a n t u n u t
e m m e   g r a a v a a n t u n e e t
e n   o l e   g r a a v a a n t u n u t
o l i s i n   v i e r o i t t a n u t
o l k a a m m e   r a o t e l l e e t
l i e n e t t e   r a o t e l l e e t
l i e n e n   v i e r o i t t a n u t
e i   o l i s i   k a l v e n t a n u t
ä l k ö ö n   p o s a h d e t t a k o
o l k a a   m i t ä t ö n t y n e e t
p r o g r e d i o i t a i s i i n
e i   o l i s i   v i e r o i t e t t u
o l i s i v a t   s a a t e l l e e t
o l i v a t   o d o t u t t a n e e t
a s e t o n i p e r o k s i d e i n
f i n a a l i j o u k k u e i l t a
r u s o k ä r p ä s s i e n i l l e
e i   o l i s i   l a m a u d u t t u
e t   l i e n e   o d o t u t t a n u t
o l i v a t   u u d e n t a n e e t
e t   o l i s i   ä k s y y n t y n y t
e i v ä t   o l e   s a a t e l l e e t
o l i n   r y h m i t t ä y t y n y t
o l e n   r y h m i t t ä y t y n y t
r u s o k ä r p ä s s i e n i l t ä
e n   l i e n e   k i h e r t ä n y t
e i   l i e n e   v i e r o i t e t t u
e i   o l i s i   k a l v e n n e t t u
r u s o k ä r p ä s s i e n e t t ä
f i n a a l i j o u k k u e i l l e
o l i t   r y h m i t t ä y t y n y t
e t   o l e   v i e r o i t t a n u t
r u s o k ä r p ä s s i e n e l l e
o l e t t e   k a l v e n t a n e e t
e i   l i e n e   ä k s y y n t y n y t
o l e t t e   l a m a u t u n e e t
o l e t t e   o d o t u t t a n e e t
e i   l i e n e   k a l v e n n e t t u
ä l k ä ä   r y h m i t t ä y t y k ö
e m m e   r y h m i t t ä y t y i s i
r u s o k ä r p ä s s i e n i s t ä
e i   o l e   m i t ä t ö n t y n y t
e t   l i e n e   p o s a h t a n u t
s p r a y m a a l a t a k s e e n
n y k y a i k a i s t u m a s t a
l i e n e e   s p r a y m a a l a t t u
o l i s i n   o d o t u t t a n u t
r u s o k ä r p ä s s i e n e l t ä
e i   l i e n e   l a m a u t u n u t
e t t e   o l i s i   p e l ä n n e e t
e i   r y h m i t t ä y d y t t ä n e
v i e r o i t e t t a i s i i n
r u s o k ä r p ä s s i e n e s t ä
e i   o l l u t   o d o t u t e t t u
ä l k ö ö n   s p r a y m a a l a t k o
e i   s p r a y m a a l a t t a n e
e n   o l e   v i e r o i t t a n u t
e i   u u d e n n e t t a i s i
j ä r v i s i m p u k a k s i
p r o g r e d i o i k a a m m e
e t t e   p r o g r e d i o i s i
e i v ä t   n y k y a i k a i s t u
e t   n y k y a i k a i s t u n u t
m e n s t r u a a t i o i n e e n
e t   n y k y a i k a i s t u i s i
n y k y a i k a i s t u t t i i n
p o i n t i l l i s t e i n e e n
e n   l i e n e   h y r ä h t ä n y t
e t   o l i s i   u u d e n t a n u t
ä l k ä ä m m e   h y r ä h t ä k ö
l i e n e n   o d o t u t t a n u t
ä l ä   o l e   k a l v e n t a n u t
o l i s i t   o d o t u t t a n u t
i t s e h a l l i n t o i n e e n
l i e n e n   k a l v e n t a n u t
o l e t   g r a a v a a n t u n u t
l i e n e e   k i h e r t ä n y t
e i   o l i s i   k i h e r r e t t y
e i   o l l u t   h y r ä h t ä n y t
a s e t o n i p e r o k s i d i n
r i i p p u v a i s u u k s i s s a
r a o t t e l e m a i s i l l a a n
l i e n e e   v i e r o i t e t t u
k o r v a k u u l o k k e e l l e
r i i p p u v a i s u u d e s s a
s p r a y m a a l a a m m e
o l i n   v i e r o i t t a n u t
e i   o l i s i   h y r ä h t ä n y t
