e t t e   l a m a u t u i s i
j u n a v a u n u s t a
k a l v e n t a m a a n
ä ä r i m m ä i s y y s m i e s t e n
S c h e n g e n i n ä
ä l k ö ö n   m i t ä t ö n t y k ö
o l i t   h y r ä h t ä n y t
k e t o i k s i
e t   l a m a u t u i s i
m i t ä t ö n t y i s i t t e
l i l l i p u t i n
ä ä r i m m ä i s y y s m i e h i n
n a p u t e t t a m a n
k i h e r t ä m ä i s i l l ä ä n
n y k y a i k a i s t u m i s t a
r i s a k a s
e i v ä t   o l i s i   t a h m a n n e e t
a i k o m u k s e l l a
k i h e r t ä n e n
e i v ä t   o l i s i   p r o g r e d i o i n e e t
k a r b o n a a t e i n
a i k o m u k s e s s a
o l i m m e   s a a t e l l e e t
k a t t o p i i r u i k s i
p e l ä n n e v ä t
e i   v i e r o i t t a i s i
l i t t e ä n
r u s o k ä r p ä s s i e n i n
j ä r v i s i e n i n e e n
p e l ä t ä ä n
e t   v i e r o i t a
f r i i s i l ä i s e n ä
i n v a l i d i t e e t i s s a
f i n a a l i j o u k k u e e l l e
p e l k ä ä m m e
j a l o h o m e i l l e
s i s e n n y k s i n e e n
a l a k u o l o k o h t a a
l ä s i t t ä
l i e n e e   t a h m a t t u
m a a l i t y k e i l l ä
e n   s p r a y m a a l a n n u t
a s e t o n i p e r o k s i d i l l a
r i s a k k a a t
p e l k ä s i n
e n   s a a t e l l u t
e i   o l l u t   n y k y a i k a i s t u t t u
r a k e t t i p o l t t o a i n e e n a
p e t o l l i s e n a
e m m e   o l l e e t   t a h m a n n e e t
j a l o h o m e i t a
d i a k o n e i l l a
h a i h d u t t a m o
e i   o l e   k i h e r t ä n y t
h a i h d u t t a m o o n
l ä h e s t y t t ä v i s t ä
r y h m i t t ä y t y i
ä l k ä ä   n a p u t t a k o
p r o g r e d i o i v a
e t   r y h m i t t ä y d y
o l i s i t   u u d e n t a n u t
n a u t i t t a v a s t a
e e b e n i l t ä
e n   n y k y a i k a i s t u n e
m i t ä t ö n t y n e n
e n d o k r i i n i s e t
o l k a a   t a h m a n n e e t
o n   v i e r o i t e t t u
p o i n t i l l i s t e i n
o l i s i n   k a l v e n t a n u t
e n   o l i s i   r a o t e l l u t
e i   p r o g r e d i o i t a n e
e t   o l i s i   p e l ä n n y t
e m m e   r y h m i t t ä y t y n e
o n   n y k y a i k a i s t u t t u
k e s k i t t y m i s i i n
j u l i s t e i n a
p e l k ä s i t t e
l ä s e i l l ä
v i e r o i t t a n e v a t
e n d o k r i i n i s t ä
i m p e r f e k t i
l i e n e v ä t   k i h e r t ä n e e t
r a k e t t i p o l t t o a i n e i d e n
e t t e   l i e n e   h y r ä h t ä n e e t
h a i h d u t t a m o i n e e n
o l i s i t   t a h m a n n u t
o l i v a t   s p r a y m a a l a n n e e t
k a l v e n t a k o o n
j ä r v i s i m p u k o i t t a
f r i i s i l ä i s e s t ä
n a p u t t a m a t o n
e n   o l i s i   o d o t u t t a n u t
v i e r o i t t a m a t t a
e t   l i e n e   k i h e r t ä n y t
r a k e t t i p o l t t o a i n e e t t a
a i k o m u k s i l t a
e t t e   h y r ä h t ä i s i
ä k s y y n t y k ö ö n
e i   o l l u t   p o s a h d e t t u
