l i e n e e   r y h m i t t ä y d y t t y
a i k o m u k s i k s i
o l i   t a h m a t t u
h e i t t o l i i k k e i l t ä
b r a s i l i a n s u o m a l a i s i l t a
l i e n e e   k i h e r r e t t y
n i v e l a k s e l i l l a
o l e m m e   t a h m a n n e e t
k a r b o n a a t t i n a
o v a t   o d o t u t t a n e e t
e m m e   s p r a y m a a l a n n e e t
p e t o l l i s e t t a
h e i t t o l i i k k e e t t ä
k i h e r s i t
l i e n e n   n y k y a i k a i s t u n u t
s a l a i s i m m a s s a
l i e n e m m e   p r o g r e d i o i n e e t
o l i v a t   s a a t e l l e e t
p r o g r e d i o i k a a
n y k y a i k a i s t u
k a l v e n s i t t e
r y h m i t t ä y d y t t ä m ä n
o n   ä k s y y n t y n y t
e t   l i e n e   k a l v e n t a n u t
e n   o l i s i   p e l ä n n y t
e n d o k r i i n i n e n
p e l ä t ä k s e e n
ä l k ö ö n   g r a a v a a n n u t t a k o
o l e n   s p r a y m a a l a n n u t
e i   s a a t t e l e
ä l k ä ä m m e   o l k o   u u d e n t a n e e t
u u d e n t a m a i s i l l a a n
ä l k ä ä   o l k o   n y k y a i k a i s t u n e e t
e i   l i e n e   s p r a y m a a l a n n u t
p u s s i p e d o k s i
s a a t t e l i s i t
s e i j a a l l e
l i e n e t t e   o d o t u t t a n e e t
o l i v a t   r a o t e l l e e t
s i n n i k k ä ä m m i k s i
l a m a u d u t a a n
k a l v e n t a n e t t e
o v a t   k i h e r t ä n e e t
e t t e   o l e   k i h e r t ä n e e t
a v a r u u s m i e s
o n   m i t ä t ö n t y n y t
r y h m i t t ä y d y t t ä k ö ö n
s a l a i s i m m a l l e
g r a a v a a n n u t a a n
l i e n e m m e   s p r a y m a a l a n n e e t
o l i   k a l v e n n e t t u
s e i j a a s e e n
ä l k ö ö n   o l k o   l a m a u t u n u t
n a p u t t i
o n   l a m a u d u t t u
j ä l k i m m ä i s i k s i
ä l k ä ä m m e   o d o t u t t a k o
l i e n e n   n a p u t t a n u t
e i   r a o t e l l u t
o h j e p a k e t e i l l a
r a a k a s o k e r e i h i n
s a a t t e l e t t e
o s t e l u i n e e n
s e i j a s t a
k a l v e n n e t t a m a n
o l e n   p r o g r e d i o i n u t
ä l k ö ö t   h y r ä h t ä k ö
e i   o l l u t   s p r a y m a a l a t t u
n a p u t t a i s i m m e
e n   u u d e n n a
e n   r y h m i t t ä y d y
p e l k ä ä
s i n n i k k ä ä m m ä n
e i   o l e   p o s a h t a n u t
ä l k ö ö n   o l k o   s p r a y m a a l a t t u
l i l l i p u t e i l l a
h y r ä h t ä n e t
e i   l i e n e   l a m a u d u t t u
k a l v e n n e t t a e s s a
e m m e   o l e   r y h m i t t ä y t y n e e t
p r o g r e d i o i t
k a r b o n a a t i t
r i s k i t t ö m ä s t ä
k a l v e n t a i s i t
e i   k i h e r t ä i s i
ä k s y y n t y m ä n
e i v ä t   o l e   s p r a y m a a l a n n e e t
a v a r u u s m i e h i n
d i p l o m a a t t i s u u s
g r a a v a a n t u m a s s a
o l i   s p r a y m a a l a n n u t
o d o t u t t a i s i t
p e l k ä i s i n
e t t e   o l i s i   l a m a u t u n e e t
l i e n e e   t a h m a n n u t
p e s s i m i s t i
e n   o l l u t   o d o t u t t a n u t
n i v e l a k s e l e i s t a
h a j a n a i s i n t a
o l i s i   ä k s y y n n y t t y
