s p r a y m a a l a a m i n e n
e i   l i e n e   r a o t e l l u t
e i   l i e n e   s a a t e l l u t
p o i n t i l l i s t i t t a
k e t o i s s a
a s e t o n i p e r o k s i d e i k s i
l i e n e m m e   m i t ä t ö n t y n e e t
ä l k ä ä m m e   k a l v e n t a k o
d i a k o n i t
k e t t o
e n   l i e n e   s p r a y m a a l a n n u t
k i h e r t ä k ä ä
e t t e   o l i s i   k i h e r t ä n e e t
l i e n e t t e   n a p u t t a n e e t
p e r i n t ä ä n
e n d o k r i i n i s i l l e
n a u t i t t a v a l t a
s a a t t e l e n
e i   o l l u t   h y r ä h d e t t y
h a j a n a i s i m m i k s i
e i v ä t   o l l e e t   o d o t u t t a n e e t
o s t e l u i n
i n v a l i d i t e e t t i a
b a p t i s m e i h i n
g r a a v a a n n u t t a e s s a
o l e n   r a o t e l l u t
a i k o m u s
o l e m m e   s p r a y m a a l a n n e e t
h u o n e t o v e r e i n
n o k k a v a r p u s e e n
e i   t a h m a t t a i s i
u u d e n n a
s i s e n n y k s e l l ä
m e n s t r u a a t i o t t a
e t   o l l u t   ä k s y y n t y n y t
p a i n o s t u s
r a o t t e l e m a s t a
ä l k ö ö n   n a p u t t a k o
e m m e   m i t ä t ö n t y i s i
e m m e   l i e n e   p r o g r e d i o i n e e t
e e b e n e i t t ä
h y r ä h d e t t y
o h j e p a k e t t e j a
i s k e l m i l l ä
h y r ä h t ä k ä ä m m e
o l k o o t   l a m a u t u n e e t
e i   p e l ä t ä
e m m e   o l e   l a m a u t u n e e t
e i   o l l u t   k i h e r r e t t y
v i e r o i t t a m i s t a
r y h m i t t ä y d y n
e t t e   l i e n e   p o s a h t a n e e t
l i e n e v ä t   r y h m i t t ä y t y n e e t
e n   n y k y a i k a i s t u n u t
o l k o o t   m i t ä t ö n t y n e e t
o n   r y h m i t t ä y t y n y t
ä l k ö ö n   s a a t e l k o
p a i n o s t u k s i t t a
d i p l o m a a t t i s u u k s i s s a
k e s k i t t y m i s t e n
e i   l a m a u t u n e
p e s s i m i s t e i n ä
k e s k i t t y m i s i k s i
l a m a u t u i s i v a t
s a a t t e l e m m e
s i n n i k k ä ä m m ä k s i
e i v ä t   t a h m a a
p u s s i p e d o l l e
e t   g r a a v a a n n u
f r i i s i l ä i s e l l e
i m p e r f e k t i k s i
n i m i k i r j a i m i t t a
i t s e h a l l i n t o j a
S c h e n g e n i l l e
k i h e r t ä k ö ö t
r a o t t e l e t t e
p o s a h t a n e m m e
v i e r o i t t a i s i t
l i e n e t   m i t ä t ö n t y n y t
o l k o o t   p r o g r e d i o i n e e t
l ä h e s t y t t ä v i i n
k o r v a k u u l o k k e i t a
l o o g i l l i s i a
m a k s a l a a t i k o i s s a
n i v e l a k s e l i t
e i   o l l u t   ä k s y y n t y n y t
o n k a l o a
e n   l i e n e   n a p u t t a n u t
j u n a v a u n u i n a
v i e r o i t e t t i i n
o l i   u u d e n n e t t u
e i v ä t   o l i s i   g r a a v a a n t u n e e t
j a k a m i s e l l e
m a k s a l a a t i k o i n
e i v ä t   l i e n e   g r a a v a a n t u n e e t
t a h m a s i v a t
t a h m a a m a i s i l l a a n
j ä r v i s i e n i ä
r u s o k ä r p ä s s i e n i
e i v ä t   k i h e r t ä i s i
