p i k k u s i k a r e i t a
i s k e l m ä n
e i v ä t   u u d e n t a n e e t
l i e n e n   g r a a v a a n t u n u t
k o n s u l a a t i n
m a n i p u l a a t i o n
b a p t i s m e i n a
r u s o k ä r p ä s s i e n e e n
j u n a v a u n u i k s i
h a r h a t t o m a l l a
n y k y a i k a i s t u t t a m a n
d i p l o m a a t t i s u u d e l l e
l i e n e e   n a p u t e t t u
e i   t a h m a i s i
ä l k ö ö n   o l k o   u u d e n t a n u t
o l i n   ä k s y y n t y n y t
o h j e p a k e t e i l t a
e t   o l e   r a o t e l l u t
d i p l o m a a t t i s u u k s i k s i
l ä h e s t y t t ä v i l l e
r i i p p u v a i s u u d e t t a
s a a t e l t u
n a u t i t t a v i s t a
n i v e l a k s e l e i t t a
g r a a v a a n n u t t u
l o o g i l l i s i n
a l a k u o l o k o h d a n
e n   l a m a u t u n u t
p e r i n n ä l t ä
i n v a l i d i t e e t e i t t a
a l a k u o l o k o h t a a n
p e l k ä i s i
o l i t t e   n y k y a i k a i s t u n e e t
m i t ä t ö n n y t t y
ä k s y y n t y e n
ä k s y y n t y m i s t ä
e n   r a o t t e l i s i
k a t t o p i i r u i l t a
e t t e   s a a t t e l e
p a i n o s t u k s i k s i
a v a r u u s m i e s t e n
v i e r o i t t a e n
t a h m a s i
i m p e r f e k t i t
i n v a l i d i t e e t e i l t a
ä l k ö ö t   o l k o   t a h m a n n e e t
m i t ä t ö n t y m i s t ä
ä l ä   n a p u t a
i t s e h a l l i n t o a
a i v a s t u k s e l t a
o l i s i v a t   p r o g r e d i o i n e e t
k i h e r t ä m ä s t ä
i t s e h a l l i n n o i l t a
m e n s t r u a a t i o t
r i i p p u v a i s u u k s i n
e i v ä t   o l i s i   l a m a u t u n e e t
a i k o m u k s i n a
d i a k o n e i n a
m a k s a l a a t i k k o o n
v i e r o i t t a i s i t t e
e n d o k r i i n i s e n
p r o g r e d i o i s i t t e
o l i s i   s p r a y m a a l a n n u t
m i t ä t ö n n y t t ä m ä n
e t   o l e   p o s a h t a n u t
o l i t   m i t ä t ö n t y n y t
l i i t u k i v i l l e
e i v ä t   s a a t t e l e
n a p u t t a m i n e n
p e l ä t k ä ä
s p r a y m a a l a s i m m e
o l i m m e   l a m a u t u n e e t
ä l k ö ö n   o l k o   h y r ä h d e t t y
p e l k ä ä m ä s s ä
e t   p r o g r e d i o i n u t
p e s s i m i s t i k s i
g r a a v a a n n u t
e i   h y r ä h d e t t ä n e
p e l ä t t ä n e e n
f r i i s i l ä i s e l l ä
j u l i s t e i s i i n
l i e n e n   l a m a u t u n u t
p u s s i p e t o a
e m m e   p r o g r e d i o i
k a r b o n a a t i l l a
o d o t u t a m m e
r a o t t e l i
i m p e r f e k t i n
n y k y a i k a i s t u e s s a
e i   s a a t e l t a n e
h a r h a t t o m i n
ä l k ä ä   o l k o   r y h m i t t ä y t y n e e t
p r o g r e d i o i s i v a t
j ä r v i s i m p u k k a
e i   o l e   p o s a h d e t t u
r y h m i t t ä y t y m ä n
r a o t t e l i s i t
n o k k a v a r p u n e n
e i v ä t   o l l e e t   r a o t e l l e e t
j a l o h o m e e t
