o s t e l u i l t a
p e s s i m i s t e i s s ä
e i   s p r a y m a a l a t t a i s i
h a i h d u t t a m o i h i n
e i   s a a t t e l i s i
n a p u t t a i s i t
n i m i k i r j a i m i n e e n
l ä s i t
i n v a l i d i t e e t t i n a
j a k a m i s e t
e t   g r a a v a a n t u n e
f i n a a l i j o u k k u e e n a
o d o t u t t a n e t t e
ä l k ö ö n   o l k o   t a h m a t t u
o n k a l o s s a
p r e n i k k a
o v a t   m i t ä t ö n t y n e e t
k o r v a k u u l o k k e i d e n
o l i n   o d o t u t t a n u t
p u s s i p e t o j e n
s p r a y m a a l a t t a m a n
s e i j a i n a
p r o g r e d i o i s i m m e
o l i s i t t e   r a o t e l l e e t
o v a t   g r a a v a a n t u n e e t
e i v ä t   m i t ä t ö n t y n e
b o l s e v i s t i s e s s a
b o l s e v i s t i s i l l e
k e t t o j e n
l i e n e t   p r o g r e d i o i n u t
e m m e   p e l k ä ä
e m m e   o l e   p r o g r e d i o i n e e t
j ä l k i m m ä i s i n e
t a h m a s i t
i s k e l m i i n
l i e n e e   m i t ä t ö n t y n y t
g r a a v a a n t u i s i n
o l i   k a l v e n t a n u t
u u d e n t a n e e
e i v ä t   o l l e e t   r y h m i t t ä y t y n e e t
o l i   r a o t e l l u t
ä l k ö ö n   n a p u t e t t a k o
p e t o l l i s i t t a
u u d e n n a m m e
o l i s i   t a h m a t t u
e i   r a o t e l l e
k y l j i s t ä
d i a k o n e i l l e
ä k s y y n n y t ä ä n
l i e n e n   ä k s y y n t y n y t
o l k a a m m e   p o s a h t a n e e t
p o s a h t a i s i
s i n n i k k ä ä m p i e n
j ä r v i s i m p u k o i t a
u u d e n t a m a s t a
r u s o k ä r p ä s s i e n e l l ä
o n   h y r ä h d e t t y
e i   s a a t e l l e
ä l k ö ö n   h y r ä h t ä k ö
n a p u t t a v a
r u s o k ä r p ä s s i e n i i n
b r a s i l i a n s u o m a l a i n e n
f r i i s i l ä i s e s s ä
p o s a h t a e s s a
e t   n a p u t a
e m m e   r a o t e l l e e t
e n   o l e   p o s a h t a n u t
j a l o h o m e
p i k k u s i k a r i t
p o s a h t a a k s e e n
e t t e   g r a a v a a n n u
o d o t u t a t
s i n n i k k ä ä m m i s s ä
r a o t e l k o o n
p o i n t i l l i s t i
n i v e l a k s e l e i s s a
r y h m i t t ä y t y ä k s e e n
e n d o k r i i n i s e t
ä l k ä ä   o l k o   s a a t e l l e e t
e m m e   o l i s i   v i e r o i t t a n e e t
ä k s y y n t y m ä
l ä h e s t y t t ä v ä t
h a j a n a i s i m m a l l a
e t   l i e n e   t a h m a n n u t
k o n s u l a a t i l t a
p r e n i k a s s a
n y k y a i k a i s t u u
e i v ä t   o l e   h y r ä h t ä n e e t
e m m e   o l i s i   r a o t e l l e e t
s p r a y m a a l a i s i
l i t t e i n
r y h m i t t ä y t y k ö ö t
h a i h d u t t a m o l t a
l o o g i l l i s e t t a
p u s s i p e d o s t a
k e s k i t t y m i s i l l ä
a l a k u o l o k o h t a
o l i s i   p e l ä t t y
s a l a i s i n t a
p l u t o n i i n
