e i v ä t   o l l e e t   s p r a y m a a l a n n e e t
o d o t u t e t t a i s i i n
l i e n e e   s p r a y m a a l a n n u t
k a l v e n t a n u t
r y h m i t t ä y d y i t
r i s a k a s
e t t e   o d o t u t a
e m m e   l i e n e   l a m a u t u n e e t
n i t r o s t a
e i   o l i s i   n a p u t e t t u
s a l a i s i m m i t t a
h a i h d u t t a m o i l l e
i t s e h a l l i n t o o n
g r a a v a a n t u n e t
e i v ä t   l i e n e   n y k y a i k a i s t u n e e t
e i   o l e   s a a t e l l u t
r y h m i t t ä y t y v ä
n a u t i t t a v i i n
ä l k ä ä m m e   o l k o   n y k y a i k a i s t u n e e t
e m m e   o l i s i   k i h e r t ä n e e t
p i k k u s i k a r e i l l a
e m m e   o l e   g r a a v a a n t u n e e t
r a o t t e l e m i s t a
l i t t e i t t ä
p r e n i k o i l t a
e t   h y r ä h d ä
e i   o l l u t   v i e r o i t t a n u t
k a l v e n n e t t a k o o n
ä l k ö ö t   r y h m i t t ä y t y k ö
f i n a a l i j o u k k u e i n e e n
n a u t i t t a v a t
e n   o l e   k i h e r t ä n y t
e t t e   v i e r o i t a
l i e n e e   u u d e n n e t t u
ä l k ä ä   s p r a y m a a l a t k o
o l i s i v a t   p e l ä n n e e t
e m m e   o l e   r a o t e l l e e t
n y k y a i k a i s t u e n
o l i n   s p r a y m a a l a n n u t
o l i s i   s p r a y m a a l a t t u
p e r i n n ö i t t ä
e i v ä t   ä k s y y n n y
o l e t t e   h y r ä h t ä n e e t
n a p u t t a m i n e n
p o i n t i l l i s t i s s a
j a k a m i s i n a
k a r b o n a a t t e i n e e n
e n   o l i s i   n y k y a i k a i s t u n u t
g r a a v a a n n u t t e
ä l ä   o l e   p r o g r e d i o i n u t
p e l k ä ä m i n e n
d i a k o n i t
e m m e   n a p u t t a i s i
e e b e n i s t ä
t a h m a a m a i s i l l a a n
a i v a s t u k s i s s a
p u s s i p e d o i l l a
e t t e   o l i s i   s a a t e l l e e t
l a m a u d u i t t e
o l i s i t   ä k s y y n t y n y t
s i s e n n y k s i l t ä
e n   r y h m i t t ä y t y i s i
u u d e n t a n e t
i s k e l m i t t ä
e e b e n e i t ä
s i s e n n y s t e n
e i   o l i s i   r y h m i t t ä y t y n y t
e i   n a p u t e t t a i s i
o l i s i n   r a o t e l l u t
l ä h e s t y t t ä v i t t ä
e n d o k r i i n i s e e n
o l k a a m m e   n a p u t t a n e e t
t a h m a t t a v a
k o n s u l a a t i t
o l k o o n   p r o g r e d i o i n u t
r i s a k k a i s t a
m i t ä t ö n t y ä k s e e n
j ä r v i s i m p u k k o i n a
r a o t e l k o o t
o d o t u t a
ä l k ö ö n   o l k o   k i h e r r e t t y
e t t e   s a a t e l l e
i s k e l m ä l l e
e n   o l l u t   m i t ä t ö n t y n y t
ä l k ä ä   o l k o   m i t ä t ö n t y n e e t
n o k k a v a r p u s e k s i
o l i t t e   p o s a h t a n e e t
p e l ä n n e t t e
e n   n a p u t t a n u t
o l i t t e   o d o t u t t a n e e t
p e r i n n ä s s ä
b a p t i s m e i n
s p r a y m a a l a i s i t
ä l ä   o l e   s p r a y m a a l a n n u t
o r i g i n a l i t e e t e i k s i
r y h m i t t ä y d y t
o l i s i   n y k y a i k a i s t u t t u
j ä r v i s i e n i n ä
d i a k o n e i t t a
ä l k ö ö n   o l k o   l a m a u d u t t u
r a k e t t i p o l t t o a i n e i n a
a s e t o n i p e r o k s i d i s s a
n i m i k i r j a i m i l l a
l i e n e t   s p r a y m a a l a n n u t
e m m e   o l l e e t   r a o t e l l e e t
e n d o k r i i n i s e s s ä
e t t e   t a h m a n n e
ä k s y y n t y y
e i v ä t   o l i s i   k a l v e n t a n e e t
n i t r o t
h e i t t o l i i k k e e t
f r i i s i l ä i s i k s i
o l i n   n a p u t t a n u t
ä l k ä ä m m e   o l k o   r a o t e l l e e t
e m m e   o l l e e t   p o s a h t a n e e t
ä l k ä ä   o l k o   u u d e n t a n e e t
e i   o l e   r y h m i t t ä y d y t t y
ä l k ä ä m m e   r a o t e l k o
l i e n e t t e   g r a a v a a n t u n e e t
r i s a k k a i s i i n
e t   l i e n e   u u d e n t a n u t
j a k a m i s i k s i
s p r a y m a a l a a t t e
e t t e   o l e   g r a a v a a n t u n e e t
p l u t o n i s s a
o n k a l o l t a
s p r a y m a a l a i s i t t e
e m m e   h y r ä h t ä n e
k a l v e n s i
o l i s i t   r y h m i t t ä y t y n y t
ä l k ä ä m m e   v i e r o i t t a k o
p o s a h d i n
p a i n o s t u k s i l t a
e m m e   o l i s i   o d o t u t t a n e e t
ä l k ä ä m m e   l a m a u t u k o
e m m e   l i e n e   k a l v e n t a n e e t
n i t r o i n a
p l u t o n i k s i
l a m a u d u t t a i s i i n
e i   n y k y a i k a i s t u t t a n e
p u s s i p e t o j a
e i   o l l u t   g r a a v a a n n u t t u
ä l k ä ä   v i e r o i t t a k o
o l e n   k a l v e n t a n u t
m i t ä t ö n t y k ö ö n
e i   o l i s i   p o s a h t a n u t
p r o g r e d i o i
v i e r o i t i n
a l a k u o l o k o h d i s t a
j u l i s t e i n
e t   o l l u t   k a l v e n t a n u t
k e t o t
l i e n e t t e   t a h m a n n e e t
n a p u t t a m i s t a
r i s a k k a a l l a
p r o g r e d i o i k o o n
e n   p o s a h t a i s i
j ä l k i m m ä i s e l l e
h y r ä h t ä i s i t
j u n a v a u n u k s i
p e t o l l i s i s s a
j ä r v i s i e n i s t ä
s i n n i k k ä ä m m ä s t ä
p e l k ä ä m i s t ä
r i i p p u v a i s u u d e l t a
m i t ä t ö n t y m ä s s ä
f r i i s i l ä i s e l t ä
ä l ä   k a l v e n n a
e i   o l e   o d o t u t e t t u
s i n n i k k ä ä m m i n
l i t t e ä t
ä l k ö ö n   o l k o   u u d e n n e t t u
b a p t i s m i a
d i a k o n e i h i n
l ä h e s t y t t ä v i e n
o v a t   h y r ä h t ä n e e t
o r i g i n a l i t e e t e i l l a
e n   l i e n e   o d o t u t t a n u t
n i v e l a k s e l i
e i   r y h m i t t ä y d y
m i t ä t ö n t y i
o d o t u t e t t i i n
u u d e n t a m a n
h e i t t o l i i k k e i n e e n
o l k o o t   u u d e n t a n e e t
e t   n a p u t t a n u t
e i v ä t   l i e n e   t a h m a n n e e t
p a i n o s t u k s i n a
ä k s y y n t y e s s ä
b a p t i s m i
p o s a h t a i s i t t e
h a r h a t t o m a s t a
l i e n e t   r a o t e l l u t
o r i g i n a l i t e e t t i
r a o t e l l e e
o l k o o t   g r a a v a a n t u n e e t
k e s k i t t y m i s e t t ä
o l i s i t t e   g r a a v a a n t u n e e t
l i t t e i l l ä
g r a a v a a n t u i
e t t e   o l l e e t   r y h m i t t ä y t y n e e t
h e i t t o l i i k k e i t t ä
e i v ä t   k i h e r t ä n e
e i   p o s a h t a i s i
n y k y a i k a i s t u i t t e
b r a s i l i a n s u o m a l a i s e n
p i k k u s i k a r i e n
o l i s i   g r a a v a a n n u t t u
g r a a v a a n t u m i s t a
d i a k o n e i t a
p o s a h d i t
m i t ä t ö n n y t t ä k ö ö n
l i l l i p u t i s s a
u u d e n n a t
h y r ä h t ä i s i
e i   o l l u t   k a l v e n n e t t u
o l i   o d o t u t e t t u
e t t e   n a p u t a
l o o g i l l i s i i n
p u s s i p e d o i n
e t   u u d e n n a
b o l s e v i s t i n e n
e t t e   k a l v e n t a n e
h y r ä h t ä n e t t e
d i p l o m a a t t i s u u d e t t a
m i t ä t ö n t y m i n e n
u u d e n n e t a a n
o l i s i   k i h e r t ä n y t
j ä l k i m m ä i s i l t ä
k o n s u l a a t e i n
l i e n e m m e   t a h m a n n e e t
k a t t o p i i r u k s i
r u s o k ä r p ä s s i e n e k s i
k e t t o o n
l i e n e v ä t   u u d e n t a n e e t
o r i g i n a l i t e e t i t t a
e t   ä k s y y n n y
e i   o l i s i   o d o t u t t a n u t
s e i j a a k s i
p l u t o n e i k s i
e m m e   o l e   s p r a y m a a l a n n e e t
l i e n e n   k i h e r t ä n y t
u u d e n t a m i s t a
o l e   m i t ä t ö n t y n y t
l o o g i l l i n e n
a v a r u u s m i e h e l l ä
p o s a h t a m a t o n
a v a r u u s m i e h e k s i
b r a s i l i a n s u o m a l a i s t a
k y l k i n ä
n y k y a i k a i s t u n
s a a t t e l i s i n
p l u t o n i l l a
n i t r o
o s t e l u a
a l a k u o l o k o h d a k s i
p r o g r e d i o i s i
n y k y a i k a i s t u a
n i t r o t t a
o l i s i   l a m a u d u t t u
n i t r o a
i m p e r f e k t i i n
n i v e l a k s e l i n a
o l i v a t   k i h e r t ä n e e t
e t t e   s p r a y m a a l a i s i
e m m e   v i e r o i t t a n e e t
p e s s i m i s t e i l l e
t a h m a a v a
f i n a a l i j o u k k u e e t t a
e m m e   p e l ä n n e
l i e n e t   k a l v e n t a n u t
p e s s i m i s t e i t t ä
k e s k i t t y m i s i ä
p e l k ä ä m ä ä n
p i k k u s i k a r i t
e i   o l i s i   p r o g r e d i o i t u
p r o g r e d i o i v a t
r a k e t t i p o l t t o a i n e
k a t t o p i i r u i h i n
o l k o o n   ä k s y y n t y n y t
i s k e l m ä l t ä
p e l ä t t i i n
l i i t u k i v i t t ä
v i e r o i t i t
e i   n a p u t t a i s i
e e b e n i l l ä
m e n s t r u a a t i o i d e n
e t   k a l v e n n a
v i e r o i t t a a
o l k a a m m e   n y k y a i k a i s t u n e e t
k i h e r t ä i s i t
k a l v e n n e t t a n e e n
h a i h d u t t a m o t t a
a i v a s t u k s e t
e m m e   k a l v e n t a n e
e t t e   o l i s i   v i e r o i t t a n e e t
h a j a n a i s i m m a n
o h j e p a k e t e i l l e
p e t o l l i s i n e
o l i s i m m e   m i t ä t ö n t y n e e t
j u n a v a u n u i s s a
e m m e   k a l v e n t a n e e t
o l i t t e   r y h m i t t ä y t y n e e t
s p r a y m a a l a i s i n
k a l v e n t a m a n
o d o t u t t a n e t
r y h m i t t ä y t y m i n e n
n a u t i t t a v i e n
j ä r v i s i e n i
e t t e   l a m a u t u n e
ä l k ö ö n   o l k o   m i t ä t ö n t y n y t
m a n i p u l a a t i o n a
o l k o o n   o d o t u t e t t u
k a t t o p i i r u s s a
j a k a m i s i l l e
e t   h y r ä h t ä n e
r y h m i t t ä y t y k ä ä m m e
e t   o l l u t   t a h m a n n u t
d i p l o m a a t t i s u u d e s s a
m e n s t r u a a t i o o n
e t   v i e r o i t t a n u t
e i v ä t   s a a t e l l e e t
e m m e   ä k s y y n t y n e
o d o t u t e t a a n
n o k k a v a r p u s i n e e n
h y r ä h t ä n e e
l i i t u k i v e l l ä
e n   t a h m a a
o n   n a p u t e t t u
s p r a y m a a l a n n e t t e
ä l k ö ö n   k a l v e n n e t t a k o
e t   p o s a h d a
o l e   r y h m i t t ä y t y n y t
r a k e t t i p o l t t o a i n e e l t a
n y k y a i k a i s t u m a s s a
o l i s i t t e   s p r a y m a a l a n n e e t
j ä l k i m m ä i s i n
i s k e l m ä s s ä
n o k k a v a r p u s i l l e
o s t e l u l t a
p i k k u s i k a r e i s s a
o l e t   u u d e n t a n u t
m e n s t r u a a t i o n a
a s e t o n i p e r o k s i d e i n e e n
e n d o k r i i n i s i n e
ä l k ö ö t   o l k o   p o s a h t a n e e t
j a k a m i s i s t a
e i v ä t   l i e n e   r a o t e l l e e t
j u n a v a u n u j e n
b r a s i l i a n s u o m a l a i s e t
e m m e   o l e   s a a t e l l e e t
r a o t t e l i s i v a t
p e l k ä ä t
k o r v a k u u l o k k e i l l a
o l i s i m m e   s p r a y m a a l a n n e e t
n i t r o i l t a
a s e t o n i p e r o k s i d e i s t a
r a k e t t i p o l t t o a i n e i t a
o l i n   l a m a u t u n u t
a s e t o n i p e r o k s i d i l l e
p a i n o s t u k s e s t a
r y h m i t t ä y t y v ä t
a v a r u u s m i e h i t t ä
p l u t o n e i n
o l i v a t   g r a a v a a n t u n e e t
e t   o l l u t   r a o t e l l u t
k i h e r t ä i s i m m e
r i s a k k a a s t a
d i a k o n e i l t a
n a p u t t a m a s t a
l i i t u k i v i l l ä
e m m e   o l i s i   t a h m a n n e e t
p u s s i p e t o
h u o n e t o v e r i n a
e m m e   o l e   ä k s y y n t y n e e t
e m m e   o l l e e t   o d o t u t t a n e e t
j ä r v i s i m p u k a t
e t t e   o l l e e t   k a l v e n t a n e e t
s p r a y m a a l a a m a s t a
k i h e r t ä n e m m e
j ä l k i m m ä i s e s s ä
o l k a a m m e   h y r ä h t ä n e e t
s a a t t e l i v a t
s i n n i k k ä ä m m i s t ä
u u d e n s i v a t
s a l a i s i m p a a n
o l i t t e   k i h e r t ä n e e t
r a k e t t i p o l t t o a i n e i l t a
o l i s i t t e   r y h m i t t ä y t y n e e t
k i h e r t ä m ä t ö n
ä l k ä ä   o l k o   l a m a u t u n e e t
r a o t e l l e n
e t t e   o l e   ä k s y y n t y n e e t
p i k k u s i k a r i s t a
j ä l k i m m ä i s t ä
n y k y a i k a i s t u i v a t
e i v ä t   l i e n e   h y r ä h t ä n e e t
o l e t t e   v i e r o i t t a n e e t
ä l k ö ö n   g r a a v a a n t u k o
s a a t e l l e m m e
e i   o l i s i   u u d e n t a n u t
e t   p e l ä n n e
o n   m i t ä t ö n n y t t y
k y l j e l t ä
b a p t i s m e i t t a
h a i h d u t t a m o t
j ä r v i s i e n i k s i
o l k a a   u u d e n t a n e e t
o l k a a m m e   v i e r o i t t a n e e t
l a m a u d u m m e
o s t e l u
o h j e p a k e t i l t a
n i v e l a k s e l e i n
e i   o l l u t   n a p u t t a n u t
h a j a n a i s i m m a k s i
m a k s a l a a t i k o t
j u n a v a u n u i t t a
j u n a v a u n u t t a
n i v e l a k s e l i l l e
m a k s a l a a t i k o k s i
n y k y a i k a i s t u a k s e e n
e t   o l l u t   g r a a v a a n t u n u t
k o r v a k u u l o k k e i s s a
e i   n a p u t e t t a n e
n a p u t t a n e t
s p r a y m a a l a a t
e t t e   h y r ä h t ä n e e t
e t   l i e n e   s p r a y m a a l a n n u t
e i   r a o t e l t u
m i t ä t ö n t y m ä l l ä
p r e n i k k a
e t   t a h m a n n u t
r y h m i t t ä y t y i s i n
k a l v e n t a k a a
e n   o l l u t   k i h e r t ä n y t
v i e r o i t a n
o d o t u t t a i s i t t e
e i   o l l u t   k i h e r t ä n y t
o n   p o s a h t a n u t
e n   o l e   o d o t u t t a n u t
t a h m a t t a m a n
l i i t u k i v e ä
e n   o d o t u t t a n u t
r y h m i t t ä y t y m i n e n
m i t ä t ö n t y ä k s e e n
e n   o l l u t   p o s a h t a n u t
l i i t u k i v i
s e i j a i l l e
a i k o m u k s i i n
f r i i s i l ä i s e e n
k a r b o n a a t e i l l a
p r o g r e d i o i t u
o l i   p o s a h d e t t u
e n   n y k y a i k a i s t u i s i
g r a a v a a n t u i s i v a t
e n   p r o g r e d i o i n e
r a o t t e l i s i m m e
n y k y a i k a i s t u m a n
h u o n e t o v e r i e n
m a n i p u l a a t i o l l a
e m m e   o l i s i   m i t ä t ö n t y n e e t
u u d e n t a i s i t
e t t e   p e l k ä ä
o l k o o n   h y r ä h t ä n y t
e n   o l l u t   p r o g r e d i o i n u t
s i s e n n y k s i n
n y k y a i k a i s t u k a a
o l e m m e   u u d e n t a n e e t
e i   n y k y a i k a i s t u i s i
s p r a y m a a l a s i t t e
n i t r o
j a k a m i s e s s a
j ä r v i s i e n i i n
i t s e h a l l i n n o t
l ä s e i s t ä
e i   o l i s i   g r a a v a a n n u t t u
l i e n e e   p o s a h t a n u t
e m m e   p e l k ä i s i
s i n n i k k ä ä m m i l l e
j ä l k i m m ä i s i l l e
e m m e   o l e   o d o t u t t a n e e t
n i m i k i r j a i m i k s i
e n   o l i s i   l a m a u t u n u t
g r a a v a a n t u m i s t a
e n   p o s a h d a
l i e n e v ä t   s p r a y m a a l a n n e e t
t a h m a t t i i n
o l k a a m m e   r y h m i t t ä y t y n e e t
j ä r v i s i m p u k a n
s a l a i s i m p i i n
i n v a l i d i t e e t e i l l e
p l u t o n e i h i n
n a u t i t t a v a l l a
k a r b o n a a t e i s s a
j a l o h o m e i l l a
e t   o l e   k i h e r t ä n y t
e i   l a m a u d u t a
r u s o k ä r p ä s s i e n i
r a o t e l k a a
p o i n t i l l i s t i l t a
