ä l k ö ö n   o l k o   g r a a v a a n t u n u t
r y h m i t t ä y d y i m m e
e t t e   o l l e e t   p r o g r e d i o i n e e t
e n   t a h m a n n e
ä l k ä ä m m e   r y h m i t t ä y t y k ö
n a p u t t a e s s a
e t t e   o l l e e t   n y k y a i k a i s t u n e e t
k e s k i t t y m i n e n
e t   o l i s i   p r o g r e d i o i n u t
r a a k a s o k e r e i l l e
p o s a h d a n
e t   o l l u t   n y k y a i k a i s t u n u t
p o s a h t a a
e m m e   o d o t u t t a n e e t
p i k k u s i k a r i i n
e e b e n e i h i n
o l k a a   g r a a v a a n t u n e e t
l i e n e t   u u d e n t a n u t
l i i t u k i v e t t ä
e i v ä t   o l e   p o s a h t a n e e t
e n d o k r i i n i n e n
l ä s e i h i n
o l i m m e   o d o t u t t a n e e t
v i e r o i t t a i s i m m e
k i h e r r e t t ä n e e n
r a o t e l l e m m e
e i v ä t   r y h m i t t ä y d y
o l i s i m m e   t a h m a n n e e t
o l e t   t a h m a n n u t
p o s a h t a i s i m m e
ä l k ö ö n   o l k o   s a a t e l t u
e i v ä t   o l i s i   m i t ä t ö n t y n e e t
n y k y a i k a i s t u i s i v a t
ä ä r i m m ä i s y y s m i e h e s s ä
n a u t i t t a v a t
j ä r v i s i e n e s s ä
n a p u t t a n u t
ä k s y y n t y m ä s s ä
o l k o o n   ä k s y y n n y t t y
v i e r o i t t a n u t
r i s a k k a i l l a
r y h m i t t ä y t y ä
a i k o m u k s e n
b a p t i s m e i l t a
d i p l o m a a t t i s u u d e l l a
r i i p p u v a i s u u s
j u l i s t e e n
l i e n e v ä t   l a m a u t u n e e t
p e t o l l i s e n
o l i s i n   s p r a y m a a l a n n u t
p e s s i m i s t i s s ä
t a h m a a m i s t a
e i   l i e n e   g r a a v a a n n u t t u
b o l s e v i s t i s e t t a
l i e n e e   h y r ä h d e t t y
l i e n e m m e   u u d e n t a n e e t
k i h e r t ä i s i v ä t
k a l v e n n e t t a v a
j ä r v i s i m p u k k a a
ä k s y y n t y k ö ö t
ä l k ö ö n   o l k o   n a p u t t a n u t
p l u t o n e i s t a
ä l k ä ä   h y r ä h t ä k ö
p e l k ä ä m ä n
m e n s t r u a a t i o s s a
p e r i n t ä
e t   o l e   s p r a y m a a l a n n u t
s a l a i s i m m a l l a
t a h m a t t a n e e n
o l k o o n   r y h m i t t ä y t y n y t
a s e t o n i p e r o k s i d i
o l i s i   p r o g r e d i o i n u t
v i e r o i t t a m i n e n
e t   o l l u t   v i e r o i t t a n u t
e t t e   o l e   p o s a h t a n e e t
o l k a a   p o s a h t a n e e t
l i e n e e   p r o g r e d i o i t u
e i   g r a a v a a n n u t a
o l i s i t   v i e r o i t t a n u t
l i e n e n   t a h m a n n u t
e n   m i t ä t ö n n y
ä ä r i m m ä i s y y s m i e h i t t ä
e t t e   l i e n e   n a p u t t a n e e t
u u d e n t a i s i
s a a t t e l i m m e
m e n s t r u a a t i o k s i
o l k a a   o d o t u t t a n e e t
e e b e n e i l t ä
l i t t e ä ä n
b r a s i l i a n s u o m a l a i s e s s a
j ä r v i s i e n e k s i
b a p t i s m i l l a
e i v ä t   p e l k ä i s i
r a a k a s o k e r e i k s i
a i v a s t u k s i l l e
i n v a l i d i t e e t i t t a
p r e n i k a t
h a r h a t t o m i t t a
o l k o o n   t a h m a t t u
n y k y a i k a i s t u m i s t a
p e r i n n ö i s t ä
e i v ä t   o l l e e t   n a p u t t a n e e t
e i v ä t   o l l e e t   n y k y a i k a i s t u n e e t
e i   o l e   t a h m a n n u t
m i t ä t ö n t y ä
p r o g r e d i o i n u t
e t t e   ä k s y y n t y n e
d i a k o n i
e m m e   k a l v e n t a i s i
k a t t o p i i r u i s t a
o l k a a m m e   m i t ä t ö n t y n e e t
e t   k i h e r t ä i s i
p o s a h t a i s i v a t
e i   p o s a h d e t t a i s i
o l e t   p r o g r e d i o i n u t
l i l l i p u t t e j a
e t   ä k s y y n t y n e
r i s k i t t ö m ä t t ä
ä l k ä ä   o l k o   n a p u t t a n e e t
j u n a v a u n u n a
b o l s e v i s t i s e n
o l e   n y k y a i k a i s t u n u t
b o l s e v i s t i s e t
p l u t o n i
o l e m m e   l a m a u t u n e e t
e t   s a a t t e l e
e i v ä t   p o s a h d a
e i v ä t   s p r a y m a a l a i s i
o l k a a m m e   s p r a y m a a l a n n e e t
r i s a k k a a l t a
h y r ä h t ä n y t
e t   o l i s i   p o s a h t a n u t
n i m i k i r j a i m i i n
j ä r v i s i m p u k k a
r a o t e l l a k s e e n
e t t e   o l i s i   p o s a h t a n e e t
l i e n e e   s a a t e l t u
s e i j a a s t a
n a p u t e t t a v a
s a l a i s i m m i l l e
h a r h a t t o m i l l a
e m m e   s p r a y m a a l a i s i
e i   k a l v e n n e t t a n e
t a h m a a m a s t a
ä l ä   o d o t u t a
a v a r u u s m i e h i l t ä
p o i n t i l l i s t e i s s a
f r i i s i l ä i s i l l ä
o n   s a a t e l l u t
j ä r v i s i e n i t t ä
s p r a y m a a l a a
e i   k a l v e n n e t t a i s i
ä l k ä ä m m e   o l k o   p e l ä n n e e t
ä ä r i m m ä i s y y s m i e h i s t ä
r y h m i t t ä y t y m ä t ö n
ä ä r i m m ä i s y y s m i e h e n
e n   h y r ä h t ä i s i
n o k k a v a r p u s e n a
m e n s t r u a a t i o i n a
k o r v a k u u l o k k e e n
g r a a v a a n t u m a a n
e n   o l e   r y h m i t t ä y t y n y t
d i a k o n e i k s i
ä l k ö ö t   o l k o   p e l ä n n e e t
l i t t e ä k s i
e t t e   l i e n e   t a h m a n n e e t
e m m e   o l i s i   p e l ä n n e e t
g r a a v a a n t u i s i t t e
s a l a i s i m m a t
ä ä r i m m ä i s y y s m i e h i k s i
p o i n t i l l i s t e i l l e
p e t o l l i s i i n
k e t o i s t a
k a t t o p i i r u t
ä l k ö ö n   l a m a u d u t t a k o
e t   v i e r o i t t a n e
e m m e   p r o g r e d i o i s i
p r o g r e d i o i t t e
u u d e n t a i s i t t e
r a o t t e l e m a n
n i t r o n
n y k y a i k a i s t u n e t
e t   p r o g r e d i o i s i
ä l k ö ö n   t a h m a t k o
p r e n i k o i n
e i v ä t   h y r ä h t ä n e
e t t e   o l l e e t   s a a t e l l e e t
v i e r o i t t a m a a n
h a j a n a i s i m p i a
ä l k ö ö t   o l k o   n a p u t t a n e e t
e i   m i t ä t ö n t y n y t
e i   o l i s i   s p r a y m a a l a n n u t
e e b e n i n ä
e i   t a h m a t a
e t   p e l ä n n y t
n a p u t a m m e
ä l k ä ä   o l k o   k a l v e n t a n e e t
e i   p e l ä t t ä n e
l i e n e e   n y k y a i k a i s t u t t u
p r e n i k a k s i
p e t o l l i s e k s i
n i v e l a k s e l e i h i n
s p r a y m a a l a t a k s e e n
r i s k i t ö n
e i v ä t   l i e n e   v i e r o i t t a n e e t
ä l ä   o l e   n y k y a i k a i s t u n u t
e i   s p r a y m a a l a a
e i   o l e   h y r ä h d e t t y
o l k o o n   n a p u t e t t u
o s t e l u
o r i g i n a l i t e e t t i i n
e i   o l l u t   r y h m i t t ä y t y n y t
n i t r o i n e e n
r a o t e l l e t t e
s a a t e l l a
s p r a y m a a l a t t i i n
o n k a l o i s t a
j a k a m i s e t t a
p e r i n t ä n ä
e n   o l i s i   v i e r o i t t a n u t
h e i t t o l i i k k e e s e e n
ä ä r i m m ä i s y y s m i e h e l l e
e i   s a a t e l l a
a s e t o n i p e r o k s i d i i n
o l i n   t a h m a n n u t
p e s s i m i s t e i l t ä
o l i s i   v i e r o i t t a n u t
k y l j e l l e
o l e t   k a l v e n t a n u t
i t s e h a l l i n t o i h i n
o l e t t e   ä k s y y n t y n e e t
e n d o k r i i n i s e n ä
ä l k ö ö n   o l k o   n y k y a i k a i s t u t t u
o l e t   o d o t u t t a n u t
s p r a y m a a l a s i t
n i t r o l l e
n a p u t e t t a e s s a
o l i v a t   ä k s y y n t y n e e t
n i t r o l t a
s i s e n n y s
e i v ä t   l a m a u t u n e
p e l ä n n e t
o l e n   k i h e r t ä n y t
p r o g r e d i o i n
h e i t t o l i i k k e e l l ä
l i e n e m m e   s a a t e l l e e t
m a n i p u l a a t i o i l t a
l i l l i p u t i t t a
i t s e h a l l i n t o
p l u t o n e i l t a
e n   o l i s i   h y r ä h t ä n y t
o l k o o n   k a l v e n t a n u t
e i   l i e n e   k i h e r r e t t y
o l i m m e   p o s a h t a n e e t
e i   g r a a v a a n n u t t a n e
r i i p p u v a i s u u k s i k s i
o l i s i m m e   p e l ä n n e e t
l i e n e e   o d o t u t t a n u t
m a k s a l a a t i k k o i h i n
o l i t t e   t a h m a n n e e t
o l k o o n   o d o t u t t a n u t
k o r v a k u u l o k k e e s s a
e i   o l e   s p r a y m a a l a t t u
o l i s i   m i t ä t ö n t y n y t
o l k o o n   u u d e n t a n u t
e i   o l l u t   n a p u t e t t u
r u s o k ä r p ä s s i e n i n ä
l i e n e e   l a m a u t u n u t
r u s o k ä r p ä s s i e n i ä
r i i p p u v a i s u u d e k s i
j ä r v i s i m p u k o i l l a
l i e n e n   u u d e n t a n u t
e n   o l e   s p r a y m a a l a n n u t
s p r a y m a a l a a m a t o n
s p r a y m a a l a i s i m m e
e t   n y k y a i k a i s t u n e
n y k y a i k a i s t u m a l l a
e i   n y k y a i k a i s t u n e
k o r v a k u u l o k k e i k s i
m i t ä t ö n n y t t ä e s s ä
e i   v i e r o i t e t t a i s i
e i   o l e   k a l v e n t a n u t
i n v a l i d i t e e t t i e n
m a k s a l a a t i k o i s t a
e i   u u d e n n e t t a n e
r i s a k k a i d e n
h e i t t o l i i k k e e s s ä
e i v ä t   k i h e r t ä n e e t
o l k o o t   s a a t e l l e e t
o l k o o n   l a m a u d u t t u
i t s e h a l l i n n o i s s a
i n v a l i d i t e e t i s t a
r y h m i t t ä y d y t t ä v ä
i n v a l i d i t e e t i l t a
e t   l i e n e   s a a t e l l u t
a l a k u o l o k o h d a t t a
e t t e   s p r a y m a a l a n n e
ä l ä   o l e   h y r ä h t ä n y t
s p r a y m a a l a a m a l l a
o l i m m e   r a o t e l l e e t
r a a k a s o k e r e i n e e n
o l i s i n   h y r ä h t ä n y t
e i v ä t   m i t ä t ö n t y n e e t
r u s o k ä r p ä s s i e n e t
ä l k ö ö t   v i e r o i t t a k o
o l i s i t   n a p u t t a n u t
r y h m i t t ä y t y n e m m e
e n   o l e   k a l v e n t a n u t
ä l k ö ö t   k a l v e n t a k o
e n   p r o g r e d i o i n u t
r y h m i t t ä y t y n e v ä t
e i   p r o g r e d i o i n u t
o l e t   r y h m i t t ä y t y n y t
o l i t   u u d e n t a n u t
o l i t t e   r a o t e l l e e t
o l i t   k i h e r t ä n y t
h e i t t o l i i k k e i s t ä
e n   l i e n e   s a a t e l l u t
s p r a y m a a l a t k o o t
r y h m i t t ä y t y m i s t ä
o l i s i t   r a o t e l l u t
h e i t t o l i i k k e i l l ä
ä l k ö ö n   ä k s y y n t y k ö
r i i p p u v a i s u u k s i e n
e n   s p r a y m a a l a i s i
ä l k ö ö t   l a m a u t u k o
r i i p p u v a i s u u k s i a
o l k o o n   n a p u t t a n u t
r y h m i t t ä y d y t t i i n
r u s o k ä r p ä s s i e n e n
e i   s p r a y m a a l a i s i
e t   g r a a v a a n t u n u t
e n   o l l u t   s a a t e l l u t
l i e n e e   n a p u t t a n u t
p o i n t i l l i s t e i l l a
o l e t t e   r a o t e l l e e t
e m m e   ä k s y y n t y n e e t
o l i s i   ä k s y y n t y n y t
e i   o l e   ä k s y y n t y n y t
e t   o l e   h y r ä h t ä n y t
r u s o k ä r p ä s s i e n e t
n i m i k i r j a i m i l l e
n i m i k i r j a i m i s s a
m a n i p u l a a t i o l t a
a l a k u o l o k o h d a l l e
e m m e   p o s a h t a n e e t
m a k s a l a a t i k k o n a
m e n s t r u a a t i o i k s i
a l a k u o l o k o h d i t t a
o l i s i   l a m a u t u n u t
e t   s p r a y m a a l a n n e
v i e r o i t e t t a n e e n
e n   s p r a y m a a l a n n e
e t t e   o l e   p e l ä n n e e t
h u o n e t o v e r e i l l a
o l i s i   p o s a h t a n u t
e i v ä t   h y r ä h t ä i s i
h u o n e t o v e r e i s t a
p r o g r e d i o i n e t t e
s p r a y m a a l a t e s s a
o l k a a   r a o t e l l e e t
r a a k a s o k e r e i l l a
l i e n e e   r a o t e l l u t
b o l s e v i s t i s i l l a
m a a l i t y k e i s s ä
k e s k i t t y m i s e s s ä
m a n i p u l a a t i o l l e
e i   o l l u t   s a a t e l t u
g r a a v a a n n u t t a v a
o v a t   p o s a h t a n e e t
p o s a h d e t t a i s i i n
e n   o l e   u u d e n t a n u t
o l i   m i t ä t ö n n y t t y
k e s k i t t y m i s i n e e n
n i v e l a k s e l e i t a
e m m e   s a a t t e l i s i
j ä r v i s i m p u k o i k s i
b o l s e v i s t i s e l t a
e i v ä t   o d o t u t t a n e
r i i p p u v a i s u u d e n
s p r a y m a a l a a v a t
r y h m i t t ä y t y ä k s e e n
h a j a n a i s i m m a l t a
m a k s a l a a t i k o l t a
g r a a v a a n t u u
e t t e   u u d e n t a i s i
k a t t o p i i r u i n e e n
h a j a n a i s i m m i t t a
s p r a y m a a l a n n e t
e n   o l l u t   p e l ä n n y t
n i v e l a k s e l e i l t a
s i n n i k k ä ä m m ä l l e
n y k y a i k a i s t u t t e
o l i t   o d o t u t t a n u t
ä l k ö ö n   r a o t e l k o
e t   p r o g r e d i o i n e
p i k k u s i k a r e i t t a
o r i g i n a l i t e e t i t
n o k k a v a r p u s i l t a
ä l k ö ö t   o d o t u t t a k o
n i v e l a k s e l e i l l e
l ä h e s t y t t ä v ä l t ä
b o l s e v i s t i s e l l a
p o i n t i l l i s t i l l a
o v a t   n a p u t t a n e e t
e t t e   n a p u t t a n e e t
h y r ä h d e t t ä i s i i n
o l e t   l a m a u t u n u t
e i v ä t   s p r a y m a a l a a
k i h e r r e t t ä e s s ä
n o k k a v a r p u s i i n
n i m i k i r j a i m i n a
r y h m i t t ä y t y i v ä t
b o l s e v i s t i s e l l e
e n d o k r i i n i s e l l ä
e m m e   ä k s y y n t y i s i
h a i h d u t t a m o i t t a
i t s e h a l l i n n o l l e
n o k k a v a r p u s e t t a
k o r v a k u u l o k e t t a
h y r ä h d e t t ä k ö ö n
p o i n t i l l i s t i s t a
e n d o k r i i n i s i l t ä
o n   p r o g r e d i o i t u
e i   g r a a v a a n t u n e
k o r v a k u u l o k k e e t
k e s k i t t y m i s i l l e
k e s k i t t y m i s i t t ä
p i k k u s i k a r e i l l e
e n d o k r i i n i s i t t ä
o l k o o t   p e l ä n n e e t
o h j e p a k e t e i s t a
m a n i p u l a a t i o t a
k e s k i t t y m i s e s t ä
s p r a y m a a l a t k a a
e t t e   k i h e r t ä i s i
o l e t   p o s a h t a n u t
e t   n y k y a i k a i s t u
ä l k ä ä   l a m a u t u k o
e n   n y k y a i k a i s t u
n y k y a i k a i s t u m a
s i n n i k k ä ä m m ä t t ä
e m m e   l a m a u t u i s i
o l k o o n   t a h m a n n u t
e n d o k r i i n i s e l l e
e t t e   o d o t u t t a n e
o l i v a t   p e l ä n n e e t
e n   o l e   t a h m a n n u t
k a r b o n a a t e i l t a
s p r a y m a a l a n n e n
h a i h d u t t a m o l l a
s i n n i k k ä ä m m i t t ä
k e s k i t t y m i s e e n
e i v ä t   p o s a h t a n e
h a i h d u t t a m o k s i
f r i i s i l ä i s i l t ä
h a i h d u t t a m o s t a
f r i i s i l ä i s e k s i
e t t e   s a a t t e l i s i
ä l k ö ö t   s a a t e l k o
f r i i s i l ä i s i s t ä
e i   p o s a h d e t t a n e
o l e m m e   p e l ä n n e e t
j ä l k i m m ä i s e k s i
o l i   v i e r o i t e t t u
o v a t   r a o t e l l e e t
p o s a h d e t t a k o o n
o d o t u t t a i s i v a t
p r o g r e d i o i k o o t
o l e   k a l v e n t a n u t
i t s e h a l l i n t o n a
o l k o o n   r a o t e l t u
e n   v i e r o i t t a n u t
e m m e   u u d e n t a i s i
e n d o k r i i n i s t e n
b o l s e v i s t i s e n a
p e s s i m i s t e i l l ä
k a t t o p i i r u i l l a
a l a k u o l o k o h d a t
l i e n e n   p e l ä n n y t
p r e n i k k a a n
e i   o d o t u t e t t a n e
f r i i s i l ä i s i l l e
e m m e   p o s a h t a i s i
p i k k u s i k a r e i n a
r y h m i t t ä y t y n y t
b o l s e v i s t i s i n e
ä l k ä ä   p o s a h t a k o
j ä r v i s i e n i s s ä
o l e t   n a p u t t a n u t
h a j a n a i s i m p a a n
o l i   u u d e n t a n u t
o l i s i   s a a t e l l u t
i n v a l i d i t e e t i n
h e i t t o l i i k k e i n
n y k y a i k a i s t u a
k a t t o p i i r u i l l e
e t   o l e   t a h m a n n u t
v i e r o i t t a m a l l a
j ä r v i s i e n t e n
n o k k a v a r p u s i n a
j ä l k i m m ä i s e l l ä
k a t t o p i i r u i t t a
e m m e   s a a t e l l e e t
p r o g r e d i o i n e n
j u n a v a u n u a
e t t e   u u d e n t a n e
o d o t u t t a i s i m m e
u u d e n n e t t a k o o n
r a o t t e l e m a t o n
i n v a l i d i t e e t t i
e t   r y h m i t t ä y t y n e
e n   o l e   r a o t e l l u t
l ä h e s t y t t ä v i k s i
e t t e   s a a t e l l e e t
r i s k i t t ö m ä s s ä
n i m i k i r j a i m i n
n i m i k i r j a i m e t
o l e   u u d e n t a n u t
l i l l i p u t t e i h i n
h e i t t o l i i k k e e t
e t t e   h y r ä h t ä n e
o l e n   n a p u t t a n u t
p r o g r e d i o i t a v a
f r i i s i l ä i s e e n
ä k s y y n t y i s i t t e
p i k k u s i k a r e i n
e i   u u d e n t a i s i
l ä h e s t y t t ä v ä k s i
o h j e p a k e t i s s a
r a a k a s o k e r i n a
l a m a u t u i s i m m e
ä l k ä ä   t a h m a t k o
a i v a s t u k s i l t a
s i s e n n y k s e s s ä
s a l a i s i m m i l t a
o l i t   r a o t e l l u t
e n   m i t ä t ö n t y n y t
p e s s i m i s t e i s t ä
e i   m i t ä t ö n t y i s i
h a r h a t t o m i s s a
a i v a s t u k s i s t a
ä k s y y n n y t t ä m ä n
e t   k a l v e n t a n u t
k a l v e n t a m a t o n
o l e   l a m a u t u n u t
e i v ä t   t a h m a i s i
t a h m a t t a i s i i n
i m p e r f e k t e i h i n
i m p e r f e k t e i l t ä
m i t ä t ö n n y t t i i n
o l i   k i h e r r e t t y
s a l a i s i m m i k s i
g r a a v a a n t u i s i
g r a a v a a n t u v a t
o l i n   s a a t e l l u t
e t   u u d e n t a n e
o h j e p a k e t i s t a
r a o t t e l e m i s t a
e t t e   p o s a h t a n e
f r i i s i l ä i s t e n
o h j e p a k e t i k s i
m i t ä t ö n t y m ä t t ä
e t   k a l v e n t a i s i
h a i h d u t t a m o n a
k i h e r t ä ä k s e e n
j u n a v a u n u i s t a
r a a k a s o k e r e i n
n a p u t e t t a n e e n
j ä r v i s i e n i l l ä
f r i i s i l ä i s i n e
f r i i s i l ä i s i i n
j ä l k i m m ä i s i n ä
e i   m i t ä t ö n n y t t y
f r i i s i l ä i s i n ä
l ä h e s t y t t ä v ä t
o l e   ä k s y y n t y n y t
u u d e n t a i s i m m e
k a t t o p i i r u s t a
k a l v e n t a m i s t a
p r o g r e d i o i t t e
h a j a n a i s i m m a t
n y k y a i k a i s t u i
e t   v i e r o i t t a i s i
n a u t i t t a v i l t a
k a t t o p i i r u j a
n a u t i t t a v i k s i
p e r i n t ö i n e e n
j a l o h o m e e s e e n
ä k s y y n t y m ä s t ä
s a l a i s i m m a k s i
b o l s e v i s t i s i a
b o l s e v i s t i s i n
l i l l i p u t e i l l e
k o n s u l a a t t i i n
u u d e n n e t t a m a n
e i   u u d e n t a n u t
n a u t i t t a v a l l e
k o n s u l a a t i l l a
p e s s i m i s t i l t ä
e i v ä t   k a l v e n n a
e i   p r o g r e d i o i
e n d o k r i i n i s i n
k a r b o n a a t i l l e
m a a l i t y k e i t t ä
a i v a s t u k s i t t a
o l i s i   s a a t e l t u
e i   l i e n e   n a p u t t a n u t
p o i n t i l l i s t i n
p u s s i p e d o i l l e
n o k k a v a r p u s t a
m i t ä t ö n n y i t t e
n o k k a v a r p u s e t
k a t t o p i i r u l l e
j ä r v i s i e n e l l e
S c h e n g e n i k s i
k i h e r r e t t ä m ä n
e i   o l i s i   n a p u t t a n u t
p u s s i p e d o i k s i
n a u t i t t a v i l l e
r i s k i t t ö m ä l l ä
e n   o l i s i   n a p u t t a n u t
l o o g i l l i s e l t a
s i s e n n y k s e t t ä
p o s a h t a m a l l a
e i v ä t   o d o t u t a
m i t ä t ö n t y m i n e n
p e s s i m i s t i l l ä
r i s k i t t ö m i s t ä
r a o t t e l i s i t t e
r i s k i t t ö m i l t ä
h y r ä h t ä i s i v ä t
p o i n t i l l i s t i t
e n   u u d e n t a n u t
h a r h a t t o m a t t a
e n   s a a t t e l i s i
ä k s y y n t y m ä t t ä
e i   h y r ä h t ä i s i
e i   h y r ä h t ä n y t
j ä l k i m m ä i s i ä
l o o g i l l i s e l l a
k a r b o n a a t t i i n
n a p u t t a a k s e e n
s i s e n n y k s i s t ä
e i   u u d e n n e t a
s a l a i s i m p a n a
s a a t e l t a k o o n
j a l o h o m e e l l e
j a l o h o m e e l t a
p o s a h t a m i n e n
v i e r o i t t a n e t
e t   p o s a h t a i s i
s i s e n n y k s e k s i
p o s a h t a m a s t a
k e s k i t t y m i s e t
j ä r v i s i e n e n ä
k i h e r t ä m i n e n
m a a l i t y k e i l t ä
r i s k i t t ö m i l l ä
e t t e   r a o t t e l e
h u o n e t o v e r i n
f r i i s i l ä i s t ä
e t   r a o t t e l i s i
s i s e n n y k s i t t ä
g r a a v a a n n u i n
i m p e r f e k t e i n ä
j u l i s t e e s e e n
n a p u t t a i s i v a t
p u s s i p e d o s s a
l i l l i p u t i s t a
j a k a m i s i n e e n
p e t o l l i s i s t a
h u o n e t o v e r i t
u u d e n t a m i n e n
l o o g i l l i s i t t a
m a n i p u l a a t i o
p r e n i k o i s s a
o h j e p a k e t e i n
e t   p o s a h t a n u t
e n   p o s a h t a n u t
i s k e l m ä l l ä
e n   u u d e n t a n e
h a i h d u t t a m o t
p o s a h t a m i s t a
p o s a h t a m i s t a
f r i i s i l ä i s e t
e m m e   r a o t t e l e
j ä r v i s i e n t ä
f r i i s i l ä i s i n
e i   k a l v e n t a n e
e n   k i h e r t ä n y t
j ä l k i m m ä i s e t
j ä l k i m m ä i s e n
o d o t u t t a i s i n
i m p e r f e k t i s t ä
l a m a u t u k a a m m e
r a o t e l t a e s s a
e m m e   k a l v e n n a
k a t t o p i i r u i n
p o s a h t a n e v a t
u u d e n t a m i s t a
k a t t o p i i r u n a
g r a a v a a n t u v a
r a o t e l t a n e e n
k a l v e n n a m m e
f r i i s i l ä i n e n
f r i i s i l ä i s t ä
r a o t t e l e m a a n
h y r ä h d e t t ä v ä
e i   ä k s y y n t y i s i
l i l l i p u t t i e n
e i   g r a a v a a n n u
l i i t u k i v i s t ä
a i k o m u k s i l l e
e i v ä t   k i h e r r ä
f r i i s i l ä i n e n
s p r a y m a a l a a n
m e n s t r u a a t i o
n i v e l a k s e l i n
p e t o l l i s e l t a
e m m e   t a h m a n n e
k i h e r t ä m ä t t ä
o l i   t a h m a n n u t
o n   o d o t u t e t t u
m i t ä t ö n n y m m e
e t t e   p e l ä n n e
o d o t u t e t t a v a
p r o g r e d i o i n
u u d e n t a n e m m e
p e t o l l i s i k s i
p u s s i p e d o t t a
h y r ä h d ä m m e
o l e m m e   n a p u t t a n e e t
l a m a u t u n e v a t
j a l o h o m e i n e e n
r a o t t e l e m i n e n
r i s k i t t ö m i n ä
h a r h a t t o m a a n
a i k o m u k s i l l a
a i v a s t u k s e e n
a i k o m u k s e l l e
u u d e n n e t t i i n
l i i t u k i v i e n
n a u t i t t a v i n e
n a p u t t a n e m m e
k o n s u l a a t t i a
j a k a m i s i l t a
e n   l a m a u t u n e
n i v e l a k s e l i a
e m m e   ä k s y y n n y
m i t ä t ö n t y n y t
e t   l a m a u t u n e
p o s a h d e t t i i n
ä k s y y n t y ä k s e e n
o l i   s a a t e l l u t
e i   p e l ä t t ä i s i
e i   h y r ä h d e t ä
h y r ä h t ä k ö ö t
e i   h y r ä h t ä n e
o l e   s a a t e l l u t
e n   h y r ä h t ä n e
l a m a u t u i s i n
j a l o h o m e e n a
o n k a l o i s s a
b a p t i s m i k s i
m a a l i t y k i l l ä
s a l a i s i m m i n
e i   o d o t u t e t a
d i a k o n e i s t a
a i v a s t u k s e n
j a k a m i s e k s i
e e b e n e i n e e n
j u l i s t e i l l e
e t t e   k i h e r r ä
l o o g i l l i s i n a
e i   ä k s y y n n y t ä
e t   k i h e r t ä n e
s a l a i s i m m a n
e m m e   h y r ä h d ä
m i t ä t ö n t y k ä ä
k o n s u l a a t i t
j u l i s t e e s s a
k i h e r t ä n e t
h a r h a t t o m a t
j a l o h o m e i n a
t a h m a i s i t t e
p r e n i k o i s t a
h a i h d u t t a m o
e i   p o s a h t a n e
p r e n i k k o i n a
n a p u t t a n e v a t
j a k a m i s t e n
m i t ä t ö n n y t t e
ä l ä   m i t ä t ö n n y
s i s e n n y k s i ä
r a o t e l l e v a t
s a a t e l l a a n
k a t t o p i i r u n
r a a k a s o k e r i
r a a k a s o k e r i
p e r i n n ö i k s i
h u o n e t o v e r i
n a u t i t t a v i a
p o s a h t a k o o n
v i e r o i t t a m a
l a m a u t u n e t
ä l ä   r a o t t e l e
r a o t t e l e v a t
e t t e   u u d e n n a
t a h m a n n e m m e
r i s k i t t ö m i n
n a p u t e t a a n
p e s s i m i s t i t
ä k s y y n t y i s i
l i l l i p u t i k s i
r a o t t e l i s i n
t a h m a n n e t t e
l o o g i l l i s t a
l a m a u t u i v a t
r i s a k k a a l l e
k a l v e n n e t t u
k y l k e e n
ä k s y y n n y t t e
p o s a h t a m a n
r i s a k k a i l t a
S c h e n g e n i n
ä l ä   p o s a h d a
e n   t a h m a n n u t
l a m a u t u k o o t
m i t ä t ö n t y v ä
o h j e p a k e t t i
j u l i s t e i l t a
k i h e r t ä i s i
h a r h a t t o m a n
j u l i s t e e t t a
p r e n i k k a n a
ä k s y y n t y v ä t
e i   t a h m a n n u t
r i s a k k a i l l e
j u l i s t e i k s i
p e l k ä ä m i n e n
p e l k ä ä m i s t ä
j ä r v i s i e n i
ä l ä   ä k s y y n n y
p r e n i k o i l l a
p o s a h d i m m e
ä k s y y n n y m m e
o l i s i   n a p u t t a n u t
e e b e n e i l l ä
e n   n a p u t t a n e
b a p t i s m i e n
s i s e n n y k s e t
l a m a u t u v a t
s a a t t e l e e
k a l v e n t a v a t
p r e n i k a l t a
e e b e n e i s t ä
u u d e n t a m a a n
p e l k ä i s i t t e
d i a k o n i s t a
r a o t e l l e s s a
v i e r o i t i t t e
p e l k ä ä m ä t t ä
k i h e r t ä n e e
h y r ä h d i m m e
s a a t e l k o o n
p e l k ä i s i m m e
l a m a u t u n e e
p o s a h t i v a t
k i h e r t ä m ä
k a l v e n t a m a
l i l l i p u t i t
j u n a v a u n u t
r i s a k k a a n a
o s t e l u i l l e
j a k a m i s i i n
p l u t o n i e n
e n   k a l v e n n a
e n   v i e r o i t a
p e l k ä ä m ä s t ä
s a a t e l t i i n
k a l v e n t a e n
i s k e l m i l l e
r a o t t e l e v a
u u d e n n e t t u
t a h m a s i t t e
s a a t t e l i s i
k i h e r r e t t y
l i i t u k i v e n
r a o t t e l e e
p l u t o n i t t a
p r e n i k o i k s i
j u l i s t e i d e n
e n   s a a t t e l e
e i   u u d e n n a
k e t t o i n e e n
t a h m a t k o o t
p e t o l l i s e t
t a h m a a m a l l a
e e b e n i i n
r i s a k k a i n a
e n   ä k s y y n n y
s e i j a i s t a
n a p u t t a v a t
e t   t a h m a i s i
o s t e l u i s t a
o s t e l u j e n
o n k a l o i t t a
s e i j a i s s a
p e t o l l i s i n
p e r i n n ö i n
e i   h y r ä h d ä
l a m a u t u v a
m a a l i t y k k i
m a a l i t y k i t
t a h m a i s i t
j u n a v a u n u
s a a t e l l e t
i s k e l m ä n ä
p l u t o n i n a
r a o t t e l i n
s e i j a i n e
n a p u t a t t e
p r e n i k a l l e
n a p u t t a m a
ä l ä   t a h m a a
t a h m a n n e n
r a o t e l l e t
n a p u t t a e n
r a o t t e l e t
l i t t e i s t ä
o n k a l o t t a
n a p u t i t t e
i s k e l m i ä
t a h m a n n e t
i s k e l m i e n
s a a t e l k a a
e e b e n e i n ä
e i   p e l ä t t y
j u l i s t e e t
ä k s y y n t y ä
e e b e n i k s i
l i t t e ä t t ä
e t   k i h e r r ä
l ä s e i n e e n
e e b e n i t t ä
t a h m a a m a n
h a r h a t o n
o d o t u t a n
p e r i n t ä ä
k y l j i s s ä
i s k e l m ä k s i
a i v a s t u s
e t   t a h m a a
l i t t e i d e n
h y r ä h t ä ä
l i t t e ä l t ä
b a p t i s m i
j a l o h o m e
e n   p e l k ä ä
k i h e r r ä t
d i a k o n i a
k i h e r r ä n
o d o t u t t i
u u d e n n a n
i s k e l m ä t
k e t o i t t a
ä l ä   p e l k ä ä
l i t t e i n ä
l ä s e i l l e
k y l j i t t ä
k e t t o i n a
n i t r o i n
k e t o i l l a
n a p u t a t
k y l k e n ä
o n k a l o o n
e i   p e l k ä ä
l ä s e i k s i
p r e n i k a t
j u l i s t e
s e i j a a n
e t   p e l k ä ä
a i k o m u s
s e i j a i n
p e l k ä ä n
e e b e n i n
k y l j e k s i
p l u t o n i
n a p u t a
s e i j a s
k y l j e n
k y l j e t
p e l ä t ä
p e l k ä ä
k e t o t
k y l k i
a v a r u u s m i e h e l t ä
a v a r u u s m i e h i n ä
l ä s i
